plots/plot.py:973: SyntaxWarning: name 'counter' is used prior to global declaration
  global counter
Plotting start time: 2022-11-09 17:53:45.853919
Cut name =  AH1mWR
MC Selection Cuts =  njets >= 3 && nbjets == 0 && nVetoElectrons == 0 && nTightMuons == 1 && nLooseMuons == 1 && METcorrected_pt >= 250 && M_T <= 140 && Flag_goodVertices && Flag_globalSuperTightHalo2016Filter && Flag_HBHENoiseFilter && Flag_HBHENoiseIsoFilter && Flag_EcalDeadCellTriggerPrimitiveFilter && Flag_BadPFMuonFilter && Flag_ecalBadCalibFilterV2 && (HLT_IsoMu27) && PV_npvsGood > 0 && PV_ndof > 4 && abs(PV_z) < 24 && sqrt(pow(PV_x,2)+pow(PV_y,2)) < 2
Data Selection Cuts =  njets >= 3 && nbjets == 0 && nVetoElectrons == 0 && nTightMuons == 1 && nLooseMuons == 1 && METcorrected_pt >= 250 && M_T <= 140 && Flag_goodVertices && Flag_globalSuperTightHalo2016Filter && Flag_HBHENoiseFilter && Flag_HBHENoiseIsoFilter && Flag_EcalDeadCellTriggerPrimitiveFilter && Flag_BadPFMuonFilter && Flag_ecalBadCalibFilterV2 && (HLT_IsoMu27) && PV_npvsGood > 0 && PV_ndof > 4 && abs(PV_z) < 24 && sqrt(pow(PV_x,2)+pow(PV_y,2)) < 2 && Flag_eeBadScFilter
var =  METcorrected_pt
year =  2017
lumi =  41.53
saveDirectory =  plots/systematics/CMS_eff_m/
date =  11_09_2022
applying HEM fix for 2018...
Creating histograms..
Histogram options: 
    nbins =  15
    xmin =  250
    xmax =  550
    auto_y =  True
    doLogPlot =  True
    drawData =  False
    mediatorType =  scalar
    mchi =  1
    mphi =  100
    normalizePlots =  False
    useCentralSamples =  True
    doBinned =  False
    savePlots =  True
    combineEleMu =  False
    doSys =  False
    doSysFirstHalf =  False
    doSysSecondHalf =  False
    drawOverflow =  True
    drawUnderflow =  False
    plotSys =  True
    plotSysVar =  CMS_eff_m
    plotSysSignal =  False
Adding background up/down variation histograms...
    QCD_sysUp histogram made
    QCD_sysDown histogram made
    ZTo2L_sysUp histogram made
    ZTo2L_sysDown histogram made
    VV_sysUp histogram made
    VV_sysDown histogram made
    singleTop_sysUp histogram made
    singleTop_sysDown histogram made
    WPlusJets_sysUp histogram made
    WPlusJets_sysDown histogram made
    TTV_sysUp histogram made
    TTV_sysDown histogram made
    TTTo2L2Nu_sysUp histogram made
    TTTo2L2Nu_sysDown histogram made
    TTToSemiLepton_sysUp histogram made
    TTToSemiLepton_sysDown histogram made
    ZTo2Nu_sysUp histogram made
    ZTo2Nu_sysDown histogram made
    bkgSum_sysUp histogram made
    bkgSum_sysDown histogram made
    ttbar scalar_sysUp histogram made
    ttbar scalar_sysDown histogram made
    tbar scalar_sysUp histogram made
    tbar scalar_sysDown histogram made
Selected SingleMuon dataset
Loading data sample root files and event trees...
    ----Loading /hdfs/store/user/vshang/SingleMuon_Run2017B/SingleMuon/ModuleCommonSkim_09242022/tree_all.root
    nevents in filepath = /hdfs/store/user/vshang/SingleMuon_Run2017B/SingleMuon/ModuleCommonSkim_09242022/tree_all.root: 24667
    ----Loading /hdfs/store/user/vshang/SingleMuon_Run2017C/SingleMuon/ModuleCommonSkim_09242022/tree_all.root
    nevents in filepath = /hdfs/store/user/vshang/SingleMuon_Run2017C/SingleMuon/ModuleCommonSkim_09242022/tree_all.root: 58799
    ----Loading /hdfs/store/user/vshang/SingleMuon_Run2017D/SingleMuon/ModuleCommonSkim_09242022/tree_all.root
    nevents in filepath = /hdfs/store/user/vshang/SingleMuon_Run2017D/SingleMuon/ModuleCommonSkim_09242022/tree_all.root: 26091
    ----Loading /hdfs/store/user/vshang/SingleMuon_Run2017E/SingleMuon/ModuleCommonSkim_09242022/tree_all.root
    nevents in filepath = /hdfs/store/user/vshang/SingleMuon_Run2017E/SingleMuon/ModuleCommonSkim_09242022/tree_all.root: 62107
    ----Loading /hdfs/store/user/vshang/SingleMuon_Run2017F/SingleMuon/ModuleCommonSkim_09242022/tree_all.root
    nevents in filepath = /hdfs/store/user/vshang/SingleMuon_Run2017F/SingleMuon/ModuleCommonSkim_09242022/tree_all.root: 94529
    total nevents in  SingleMuon :  266193
Got data sample root files and event trees
Loading MC sample root files and event trees...
    ----Loading HT600To800
    nevents in  ZTo2Nu   HT600To800 :  5649241
    ----Loading HT1200To2500
    nevents in  ZTo2Nu   HT1200To2500 :  340873
    ----Loading HT100To200
    nevents in  ZTo2Nu   HT100To200 :  22737266
    ----Loading HT2500ToInf
    nevents in  ZTo2Nu   HT2500ToInf :  6734
    ----Loading HT800To1200
    nevents in  ZTo2Nu   HT800To1200 :  2058077
    ----Loading HT200To400
    nevents in  ZTo2Nu   HT200To400 :  21446397
    ----Loading HT400To600
    nevents in  ZTo2Nu   HT400To600 :  9542035
    ----Loading tWChan_MChi1_MPhi100_scalar
    nevents in  tbar scalar   tWChan_MChi1_MPhi100_scalar :  250000
    ----Loading tChan_MChi1_MPhi100_scalar
    nevents in  tbar scalar   tChan_MChi1_MPhi100_scalar :  400000
    ----Loading WWTo1L1Nu2Q
    nevents in  WW   WWTo1L1Nu2Q :  5054286
    ----Loading WWTo4Q
    nevents in  WW   WWTo4Q :  2000000
    ----Loading WWTo2L2Nu
    nevents in  WW   WWTo2L2Nu :  2000000
    ----Loading TTToSemiLepton
    nevents in  ttbarPlusJets   TTToSemiLepton :  241119449
    ----Loading TTTo2L2Nu
    nevents in  ttbarPlusJets   TTTo2L2Nu :  9000000
    ----Loading ttDM_MChi1_MPhi100_scalar
    nevents in  ttbar scalar   ttDM_MChi1_MPhi100_scalar :  1542620
    ----Loading ZZTo2Q2Nu
    nevents in  ZZ   ZZTo2Q2Nu :  62115355
    ----Loading ZZTo4L
    nevents in  ZZ   ZZTo4L :  6964071
    ----Loading ZZTo2L2Q
    nevents in  ZZ   ZZTo2L2Q :  27441872
    ----Loading ZZTo2L2Nu
    nevents in  ZZ   ZZTo2L2Nu :  8744768
    ----Loading Pt50to80
    nevents in  QCD   Pt50to80 :  38179535
    ----Loading Pt2400to3200
    nevents in  QCD   Pt2400to3200 :  1910526
    ----Loading Pt30to50
    nevents in  QCD   Pt30to50 :  35500760
    ----Loading Pt470to600
    nevents in  QCD   Pt470to600 :  55331892
    ----Loading Pt300to470
    nevents in  QCD   Pt300to470 :  110887780
    ----Loading Pt170to300
    nevents in  QCD   Pt170to300 :  56298920
    ----Loading Pt800to1000
    nevents in  QCD   Pt800to1000 :  77660008
    ----Loading Pt600to800
    nevents in  QCD   Pt600to800 :  128548964
    ----Loading Pt120to170
    nevents in  QCD   Pt120to170 :  29854280
    ----Loading Pt1000to1400
    nevents in  QCD   Pt1000to1400 :  35706078
    ----Loading Pt1400to1800
    nevents in  QCD   Pt1400to1800 :  11353270
    ----Loading Pt15to30
    nevents in  QCD   Pt15to30 :  19169000
    ----Loading Pt3200toInf
    nevents in  QCD   Pt3200toInf :  757837
    ----Loading Pt80to120
    nevents in  QCD   Pt80to120 :  56387936
    ----Loading Pt1800to2400
    nevents in  QCD   Pt1800to2400 :  2923941
    ----Loading WZTo2Q2Nu
    nevents in  WZ   WZTo2Q2Nu :  30748033
    ----Loading WZTo2L2Q
    nevents in  WZ   WZTo2L2Q :  27582164
    ----Loading WZTo3LNu
    nevents in  WZ   WZTo3LNu :  10987679
    ----Loading WZTo1L3Nu
    nevents in  WZ   WZTo1L3Nu :  4994395
    ----Loading WZTo1L1Nu2Q
    nevents in  WZ   WZTo1L1Nu2Q :  19086373
    ----Loading TTZToQQ
    nevents in  TTV   TTZToQQ :  9690000
    ----Loading TTWJetsToLNu
    nevents in  TTV   TTWJetsToLNu :  9920372
    ----Loading TTWJetsToQQ
    nevents in  TTV   TTWJetsToQQ :  811306
    ----Loading TTZToLLNuNu
    nevents in  TTV   TTZToLLNuNu :  15496140
    ----Loading HT600To800
    nevents in  ZTo2L   HT600To800 :  8743640
    ----Loading HT1200To2500
    nevents in  ZTo2L   HT1200To2500 :  625517
    ----Loading HT100To200
    nevents in  ZTo2L   HT100To200 :  15147827
    ----Loading HT2500ToInf
    nevents in  ZTo2L   HT2500ToInf :  419308
    ----Loading HT800To1200
    nevents in  ZTo2L   HT800To1200 :  3114980
    ----Loading HT200To400
    nevents in  ZTo2L   HT200To400 :  11929310
    ----Loading HT400To600
    nevents in  ZTo2L   HT400To600 :  11343818
    ----Loading ST_s-channel
    nevents in  singleTop   ST_s-channel :  9883805
    ----Loading ST_t-channel_antitop
    nevents in  singleTop   ST_t-channel_antitop :  3675910
    ----Loading ST_tW_top
    nevents in  singleTop   ST_tW_top :  7794186
    ----Loading ST_t-channel_top
    nevents in  singleTop   ST_t-channel_top :  5982064
    ----Loading ST_tW_antitop
    nevents in  singleTop   ST_tW_antitop :  7977430
    ----Loading HT200To400
    nevents in  WPlusJets  Info in <TCanvas::MakeDefCanvas>:  created default TCanvas with name c1
TFile::Append:0: RuntimeWarning: Replacing existing TH1: hist (Potential memory leak).
TFile::Append:0: RuntimeWarning: Replacing existing TH1: hist (Potential memory leak).
TFile::Append:0: RuntimeWarning: Replacing existing TH1: hist (Potential memory leak).
TFile::Append:0: RuntimeWarning: Replacing existing TH1: hist (Potential memory leak).
TFile::Append:0: RuntimeWarning: Replacing existing TH1: hist (Potential memory leak).
TFile::Append:0: RuntimeWarning: Replacing existing TH1: hist (Potential memory leak).
TFile::Append:0: RuntimeWarning: Replacing existing TH1: hist (Potential memory leak).
 HT200To400 :  21250517
    ----Loading HT70To100
    nevents in  WPlusJets   HT70To100 :  22226705
    ----Loading HT600To800
    nevents in  WPlusJets   HT600To800 :  21709087
    ----Loading HT1200To2500
    nevents in  WPlusJets   HT1200To2500 :  20258624
    ----Loading HT100To200
    nevents in  WPlusJets   HT100To200 :  35862893
    ----Loading HT400To600
    nevents in  WPlusJets   HT400To600 :  14313274
    ----Loading HT2500ToInf
    nevents in  WPlusJets   HT2500ToInf :  21495421
    ----Loading HT800To1200
    nevents in  WPlusJets   HT800To1200 :  20432728
Got MC sample root files and event trees
Filling data histograms...
Filling MC histograms...
  Process =  ZTo2Nu
      Dataset =  HT600To800  ||   nEvents =  5649241
Applied ZTo2Nu qcd/ewk Weights correctly
          hist weight =  0.0239436076457*leptonWeight*bjetWeight*puWeight*muonTriggerWeight*EE_L1_prefire_Weight*electronTriggerWeight*qcdZTo2NuWeight*ewkZWeight
          hist nEntries =  6.0
          hist integral =  0.173183418345
          Adding up/down varations for systematic given by plotSysVar to MC background histograms...
      Dataset =  HT1200To2500  ||   nEvents =  340873
Applied ZTo2Nu qcd/ewk Weights correctly
          hist weight =  0.0416551237558*leptonWeight*bjetWeight*puWeight*muonTriggerWeight*EE_L1_prefire_Weight*electronTriggerWeight*qcdZTo2NuWeight*ewkZWeight
          hist nEntries =  0.0
          hist integral =  0.0
          Adding up/down varations for systematic given by plotSysVar to MC background histograms...
      Dataset =  HT100To200  ||   nEvents =  22737266
Applied ZTo2Nu qcd/ewk Weights correctly
          hist weight =  0.553069309212*leptonWeight*bjetWeight*puWeight*muonTriggerWeight*EE_L1_prefire_Weight*electronTriggerWeight*qcdZTo2NuWeight*ewkZWeight
          hist nEntries =  0.0
          hist integral =  0.0
          Adding up/down varations for systematic given by plotSysVar to MC background histograms...
      Dataset =  HT2500ToInf  ||   nEvents =  6734
Applied ZTo2Nu qcd/ewk Weights correctly
          hist weight =  0.0317364686665*leptonWeight*bjetWeight*puWeight*muonTriggerWeight*EE_L1_prefire_Weight*electronTriggerWeight*qcdZTo2NuWeight*ewkZWeight
          hist nEntries =  0.0
          hist integral =  0.0
          Adding up/down varations for systematic given by plotSysVar to MC background histograms...
      Dataset =  HT800To1200  ||   nEvents =  2058077
Applied ZTo2Nu qcd/ewk Weights correctly
          hist weight =  0.0300667564916*leptonWeight*bjetWeight*puWeight*muonTriggerWeight*EE_L1_prefire_Weight*electronTriggerWeight*qcdZTo2NuWeight*ewkZWeight
          hist nEntries =  5.0
          hist integral =  0.143090363592
          Adding up/down varations for systematic given by plotSysVar to MC background histograms...
      Dataset =  HT200To400  ||   nEvents =  21446397
Applied ZTo2Nu qcd/ewk Weights correctly
          hist weight =  0.179296443127*leptonWeight*bjetWeight*puWeight*muonTriggerWeight*EE_L1_prefire_Weight*electronTriggerWeight*qcdZTo2NuWeight*ewkZWeight
          hist nEntries =  0.0
          hist integral =  0.0
          Adding up/down varations for systematic given by plotSysVar to MC background histograms...
      Dataset =  HT400To600  ||   nEvents =  9542035
Applied ZTo2Nu qcd/ewk Weights correctly
          hist weight =  0.0573635917286*leptonWeight*bjetWeight*puWeight*muonTriggerWeight*EE_L1_prefire_Weight*electronTriggerWeight*qcdZTo2NuWeight*ewkZWeight
          hist nEntries =  4.0
          hist integral =  0.221968639642
          Adding up/down varations for systematic given by plotSysVar to MC background histograms...
  Process =  tbar scalar
      Dataset =  tWChan_MChi1_MPhi100_scalar  ||   nEvents =  250000
          hist weight =  0.0091266328*leptonWeight*bjetWeight*puWeight*muonTriggerWeight*EE_L1_prefire_Weight*electronTriggerWeight
          hist nEntries =  272.0
          hist integral =  2.77061609179
          Adding up/down varations for systematic given by plotSysVar to MC background histograms...
      Dataset =  tChan_MChi1_MPhi100_scaTFile::Append:0: RuntimeWarning: Replacing existing TH1: hist (Potential memory leak).
TFile::Append:0: RuntimeWarning: Replacing existing TH1: hist (Potential memory leak).
TFile::Append:0: RuntimeWarning: Replacing existing TH1: hist (Potential memory leak).
TFile::Append:0: RuntimeWarning: Replacing existing TH1: hist (Potential memory leak).
TFile::Append:0: RuntimeWarning: Replacing existing TH1: hist (Potential memory leak).
TFile::Append:0: RuntimeWarning: Replacing existing TH1: hist (Potential memory leak).
TFile::Append:0: RuntimeWarning: Replacing existing TH1: hist (Potential memory leak).
TFile::Append:0: RuntimeWarning: Replacing existing TH1: hist (Potential memory leak).
TFile::Append:0: RuntimeWarning: Replacing existing TH1: hist (Potential memory leak).
TFile::Append:0: RuntimeWarning: Replacing existing TH1: hist (Potential memory leak).
TFile::Append:0: RuntimeWarning: Replacing existing TH1: hist (Potential memory leak).
lar  ||   nEvents =  400000
          hist weight =  0.02956936*leptonWeight*bjetWeight*puWeight*muonTriggerWeight*EE_L1_prefire_Weight*electronTriggerWeight
          hist nEntries =  27.0
          hist integral =  0.916364135686
          Adding up/down varations for systematic given by plotSysVar to MC background histograms...
  Process =  WW
      Dataset =  WWTo1L1Nu2Q  ||   nEvents =  5054286
          hist weight =  0.663423518178*leptonWeight*bjetWeight*puWeight*muonTriggerWeight*EE_L1_prefire_Weight*electronTriggerWeight
          hist nEntries =  1506.0
          hist integral =  910.206463814
          Adding up/down varations for systematic given by plotSysVar to MC background histograms...
      Dataset =  WWTo4Q  ||   nEvents =  2000000
          hist weight =  0.99111345*leptonWeight*bjetWeight*puWeight*muonTriggerWeight*EE_L1_prefire_Weight*electronTriggerWeight
          hist nEntries =  0.0
          hist integral =  0.0
          Adding up/down varations for systematic given by plotSysVar to MC background histograms...
      Dataset =  WWTo2L2Nu  ||   nEvents =  2000000
          hist weight =  0.2300762*leptonWeight*bjetWeight*puWeight*muonTriggerWeight*EE_L1_prefire_Weight*electronTriggerWeight
          hist nEntries =  295.0
          hist integral =  64.2525735497
          Adding up/down varations for systematic given by plotSysVar to MC background histograms...
  Process =  ttbarPlusJets
      Dataset =  TTToSemiLepton  ||   nEvents =  241119449
          hist weight =  0.0627550185717*leptonWeight*bjetWeight*puWeight*muonTriggerWeight*EE_L1_prefire_Weight*electronTriggerWeight
          hist nEntries =  42466.0
          hist integral =  2885.53919125
          Adding up/down varations for systematic given by plotSysVar to MC background histograms...
      Dataset =  TTTo2L2Nu  ||   nEvents =  9000000
          hist weight =  0.402887144444*leptonWeight*bjetWeight*puWeight*muonTriggerWeight*EE_L1_prefire_Weight*electronTriggerWeight
          hist nEntries =  861.0
          hist integral =  375.670676231
          Adding up/down varations for systematic given by plotSysVar to MC background histograms...
  Process =  ttbar scalar
      Dataset =  ttDM_MChi1_MPhi100_scalar  ||   nEvents =  1542620
          hist weight =  0.0194555270255*leptonWeight*bjetWeight*puWeight*muonTriggerWeight*EE_L1_prefire_Weight*electronTriggerWeight*GenModel__TTbarDMJets_Inclusive_scalar_LO_Mchi_1_Mphi_100_TuneCP5_13TeV_madgraph_mcatnlo_pythia8
          hist nEntries =  723.0
          hist integral =  15.7698715925
          Adding up/down varations for systematic given by plotSysVar to MC background histograms...
  Process =  ZZ
      Dataset =  ZZTo2Q2Nu  ||   nEvents =  62115355
          hist weight =  0.00305146642082*leptonWeight*bjetWeight*puWeight*muonTriggerWeight*EE_L1_prefire_Weight*electronTriggerWeight
          hist nEntries =  7.0
          hist integral =  0.0221256456862
          Adding up/down varations for systematic given by plotSysVar to MC background histograms...
      Dataset =  ZZTo4L  ||   nEvents =  6964071
          hist weight =  0.00790159233012*leptonWeight*bjetWeight*puWeight*muonTriggerWeight*EE_L1_prefire_Weight*electronTriggerWeight
          hist nEntries =  15.0
          hist integral =  0.121629249305
          Adding up/down varations for systematic given by plotSysVar to MC background histograms...
      Dataset =  ZZTo2L2Q  ||   nEvents =  27441872
          hist weight =  0.00558134809462*leptonWeight*bjetWeight*puWeight*muonTriggerWeight*EE_L1_prefire_Weight*electronTriggerWeight
          hist nEntries =  1043.0
          hist integral =  5.4085138049
          Adding up/down varations for systematic given by plotSysVar to MC background histograms...
      Dataset =  ZZTo2L2Nu  ||   nEvents =  8744768
          hist weight =  0.002680406387*leptonWeight*bjetWeight*puWeight*muonTriggerWeight*EE_L1_prefire_Weight*electronTriggerWeight
          hist nEntries =  300.0
          hist integral =  0.733760613017
          Adding up/down varations for systematic given by plTFile::Append:0: RuntimeWarning: Replacing existing TH1: hist (Potential memory leak).
TFile::Append:0: RuntimeWarning: Replacing existing TH1: hist (Potential memory leak).
TFile::Append:0: RuntimeWarning: Replacing existing TH1: hist (Potential memory leak).
TFile::Append:0: RuntimeWarning: Replacing existing TH1: hist (Potential memory leak).
TFile::Append:0: RuntimeWarning: Replacing existing TH1: hist (Potential memory leak).
TFile::Append:0: RuntimeWarning: Replacing existing TH1: hist (Potential memory leak).
TFile::Append:0: RuntimeWarning: Replacing existing TH1: hist (Potential memory leak).
TFile::Append:0: RuntimeWarning: Replacing existing TH1: hist (Potential memory leak).
TFile::Append:0: RuntimeWarning: Replacing existing TH1: hist (Potential memory leak).
TFile::Append:0: RuntimeWarning: Replacing existing TH1: hist (Potential memory leak).
TFile::Append:0: RuntimeWarning: Replacing existing TH1: hist (Potential memory leak).
TFile::Append:0: RuntimeWarning: Replacing existing TH1: hist (Potential memory leak).
otSysVar to MC background histograms...
  Process =  QCD
      Dataset =  Pt50to80  ||   nEvents =  38179535
          hist weight =  17088.6392409*leptonWeight*bjetWeight*puWeight*muonTriggerWeight*EE_L1_prefire_Weight*electronTriggerWeight
          hist nEntries =  0.0
          hist integral =  0.0
          Adding up/down varations for systematic given by plotSysVar to MC background histograms...
      Dataset =  Pt2400to3200  ||   nEvents =  1910526
          hist weight =  0.00011381738851*leptonWeight*bjetWeight*puWeight*muonTriggerWeight*EE_L1_prefire_Weight*electronTriggerWeight
          hist nEntries =  35.0
          hist integral =  0.00431600745742
          Adding up/down varations for systematic given by plotSysVar to MC background histograms...
      Dataset =  Pt30to50  ||   nEvents =  35500760
          hist weight =  125055.266422*leptonWeight*bjetWeight*puWeight*muonTriggerWeight*EE_L1_prefire_Weight*electronTriggerWeight
          hist nEntries =  0.0
          hist integral =  0.0
          Adding up/down varations for systematic given by plotSysVar to MC background histograms...
      Dataset =  Pt470to600  ||   nEvents =  55331892
          hist weight =  0.414385125309*leptonWeight*bjetWeight*puWeight*muonTriggerWeight*EE_L1_prefire_Weight*electronTriggerWeight
          hist nEntries =  94.0
          hist integral =  36.144668445
          Adding up/down varations for systematic given by plotSysVar to MC background histograms...
      Dataset =  Pt300to470  ||   nEvents =  110887780
          hist weight =  2.55799060997*leptonWeight*bjetWeight*puWeight*muonTriggerWeight*EE_L1_prefire_Weight*electronTriggerWeight
          hist nEntries =  46.0
          hist integral =  112.650607467
          Adding up/down varations for systematic given by plotSysVar to MC background histograms...
      Dataset =  Pt170to300  ||   nEvents =  56298920
          hist weight =  76.3488002967*leptonWeight*bjetWeight*puWeight*muonTriggerWeight*EE_L1_prefire_Weight*electronTriggerWeight
          hist nEntries =  1.0
          hist integral =  76.0691680908
          Adding up/down varations for systematic given by plotSysVar to MC background histograms...
      Dataset =  Pt800to1000  ||   nEvents =  77660008
          hist weight =  0.0140536735458*leptonWeight*bjetWeight*puWeight*muonTriggerWeight*EE_L1_prefire_Weight*electronTriggerWeight
          hist nEntries =  555.0
          hist integral =  7.36359673738
          Adding up/down varations for systematic given by plotSysVar to MC background histograms...
      Dataset =  Pt600to800  ||   nEvents =  128548964
          hist weight =  0.0505600729695*leptonWeight*bjetWeight*puWeight*muonTriggerWeight*EE_L1_prefire_Weight*electronTriggerWeight
          hist nEntries =  526.0
          hist integral =  25.5239935517
          Adding up/down varations for systematic given by plotSysVar to MC background histograms...
      Dataset =  Pt120to170  ||   nEvents =  29854280
          hist weight =  566.591088447*leptonWeight*bjetWeight*puWeight*muonTriggerWeight*EE_L1_prefire_Weight*electronTriggerWeight
          hist nEntries =  0.0
          hist integral =  0.0
          Adding up/down varations for systematic given by plotSysVar to MC background histograms...
      Dataset =  Pt1000to1400  ||   nEvents =  35706078
          hist weight =  0.00868841153599*leptonWeight*bjetWeight*puWeight*muonTriggerWeight*EE_L1_prefire_Weight*electronTriggerWeight
          hist nEntries =  367.0
          hist integral =  3.18668363988
          Adding up/down varations for systematic given by plotSysVar to MC background histograms...
      Dataset =  Pt1400to1800  ||   nEvents =  11353270
          hist weight =  0.00237183225626*leptonWeight*bjetWeight*puWeight*muonTriggerWeight*EE_L1_prefire_Weight*electronTriggerWeight
          hist nEntries =  148.0
          hist integral =  0.348781275097
          Adding up/down varations for systematic given by plotSysVar to MC background histograms...
      Dataset =  Pt15to30  ||   nEvents =  19169000
          hist weight =  TFile::Append:0: RuntimeWarning: Replacing existing TH1: hist (Potential memory leak).
TFile::Append:0: RuntimeWarning: Replacing existing TH1: hist (Potential memory leak).
TFile::Append:0: RuntimeWarning: Replacing existing TH1: hist (Potential memory leak).
TFile::Append:0: RuntimeWarning: Replacing existing TH1: hist (Potential memory leak).
TFile::Append:0: RuntimeWarning: Replacing existing TH1: hist (Potential memory leak).
TFile::Append:0: RuntimeWarning: Replacing existing TH1: hist (Potential memory leak).
TFile::Append:0: RuntimeWarning: Replacing existing TH1: hist (Potential memory leak).
TFile::Append:0: RuntimeWarning: Replacing existing TH1: hist (Potential memory leak).
TFile::Append:0: RuntimeWarning: Replacing existing TH1: hist (Potential memory leak).
TFile::Append:0: RuntimeWarning: Replacing existing TH1: hist (Potential memory leak).
TFile::Append:0: RuntimeWarning: Replacing existing TH1: hist (Potential memory leak).
2699482.49778*leptonWeight*bjetWeight*puWeight*muonTriggerWeight*EE_L1_prefire_Weight*electronTriggerWeight
          hist nEntries =  0.0
          hist integral =  0.0
          Adding up/down varations for systematic given by plotSysVar to MC background histograms...
      Dataset =  Pt3200toInf  ||   nEvents =  757837
          hist weight =  7.43645533274e-06*leptonWeight*bjetWeight*puWeight*muonTriggerWeight*EE_L1_prefire_Weight*electronTriggerWeight
          hist nEntries =  11.0
          hist integral =  5.70933912059e-05
          Adding up/down varations for systematic given by plotSysVar to MC background histograms...
      Dataset =  Pt80to120  ||   nEvents =  56387936
          hist weight =  1720.47581241*leptonWeight*bjetWeight*puWeight*muonTriggerWeight*EE_L1_prefire_Weight*electronTriggerWeight
          hist nEntries =  0.0
          hist integral =  0.0
          Adding up/down varations for systematic given by plotSysVar to MC background histograms...
      Dataset =  Pt1800to2400  ||   nEvents =  2923941
          hist weight =  0.00124180614452*leptonWeight*bjetWeight*puWeight*muonTriggerWeight*EE_L1_prefire_Weight*electronTriggerWeight
          hist nEntries =  31.0
          hist integral =  0.0377900509629
          Adding up/down varations for systematic given by plotSysVar to MC background histograms...
  Process =  WZ
      Dataset =  WZTo2Q2Nu  ||   nEvents =  30748033
          hist weight =  0.00926279544451*leptonWeight*bjetWeight*puWeight*muonTriggerWeight*EE_L1_prefire_Weight*electronTriggerWeight
          hist nEntries =  5.0
          hist integral =  0.0490124463104
          Adding up/down varations for systematic given by plotSysVar to MC background histograms...
      Dataset =  WZTo2L2Q  ||   nEvents =  27582164
          hist weight =  0.00953248012012*leptonWeight*bjetWeight*puWeight*muonTriggerWeight*EE_L1_prefire_Weight*electronTriggerWeight
          hist nEntries =  1646.0
          hist integral =  14.4014157876
          Adding up/down varations for systematic given by plotSysVar to MC background histograms...
      Dataset =  WZTo3LNu  ||   nEvents =  10987679
          hist weight =  0.0190949844822*leptonWeight*bjetWeight*puWeight*muonTriggerWeight*EE_L1_prefire_Weight*electronTriggerWeight
          hist nEntries =  916.0
          hist integral =  16.1519155726
          Adding up/down varations for systematic given by plotSysVar to MC background histograms...
      Dataset =  WZTo1L3Nu  ||   nEvents =  4994395
          hist weight =  0.0277898043707*leptonWeight*bjetWeight*puWeight*muonTriggerWeight*EE_L1_prefire_Weight*electronTriggerWeight
          hist nEntries =  2500.0
          hist integral =  65.4094361067
          Adding up/down varations for systematic given by plotSysVar to MC background histograms...
      Dataset =  WZTo1L1Nu2Q  ||   nEvents =  19086373
          hist weight =  0.0253709701681*leptonWeight*bjetWeight*puWeight*muonTriggerWeight*EE_L1_prefire_Weight*electronTriggerWeight
          hist nEntries =  11246.0
          hist integral =  271.68088603
          Adding up/down varations for systematic given by plotSysVar to MC background histograms...
  Process =  TTV
      Dataset =  TTZToQQ  ||   nEvents =  9690000
          hist weight =  0.00218750381837*leptonWeight*bjetWeight*puWeight*muonTriggerWeight*EE_L1_prefire_Weight*electronTriggerWeight
          hist nEntries =  3147.0
          hist integral =  7.54423225299
          Adding up/down varations for systematic given by plotSysVar to MC background histograms...
      Dataset =  TTWJetsToLNu  ||   nEvents =  9920372
          hist weight =  0.000899643380309*leptonWeight*bjetWeight*puWeight*muonTriggerWeight*EE_L1_prefire_Weight*electronTriggerWeight
          hist nEntries =  7338.0
          hist integral =  7.36527626216
          Adding up/down varations for systematic given by plotSysVar to MC background histograms...
      Dataset =  TTWJetsToQQ  ||   nEvents =  811306
          hist weight =  0.0220932028113*leptonWeight*bjetWeight*puWeight*muonTriggerWeight*EE_L1_prefire_TFile::Append:0: RuntimeWarning: Replacing existing TH1: hist (Potential memory leak).
TFile::Append:0: RuntimeWarning: Replacing existing TH1: hist (Potential memory leak).
TFile::Append:0: RuntimeWarning: Replacing existing TH1: hist (Potential memory leak).
TFile::Append:0: RuntimeWarning: Replacing existing TH1: hist (Potential memory leak).
TFile::Append:0: RuntimeWarning: Replacing existing TH1: hist (Potential memory leak).
TFile::Append:0: RuntimeWarning: Replacing existing TH1: hist (Potential memory leak).
TFile::Append:0: RuntimeWarning: Replacing existing TH1: hist (Potential memory leak).
TFile::Append:0: RuntimeWarning: Replacing existing TH1: hist (Potential memory leak).
TFile::Append:0: RuntimeWarning: Replacing existing TH1: hist (Potential memory leak).
TFile::Append:0: RuntimeWarning: Replacing existing TH1: hist (Potential memory leak).
Weight*electronTriggerWeight
          hist nEntries =  380.0
          hist integral =  8.9421576187
          Adding up/down varations for systematic given by plotSysVar to MC background histograms...
      Dataset =  TTZToLLNuNu  ||   nEvents =  15496140
          hist weight =  0.000651781411371*leptonWeight*bjetWeight*puWeight*muonTriggerWeight*EE_L1_prefire_Weight*electronTriggerWeight
          hist nEntries =  6989.0
          hist integral =  4.99904800579
          Adding up/down varations for systematic given by plotSysVar to MC background histograms...
  Process =  ZTo2L
      Dataset =  HT600To800  ||   nEvents =  8743640
Applied ZTo2L qcd/ewk Weights correctly
          hist weight =  0.00827879350019*leptonWeight*bjetWeight*puWeight*muonTriggerWeight*EE_L1_prefire_Weight*electronTriggerWeight*qcdZTo2LWeight*ewkZWeight
          hist nEntries =  11793.0
          hist integral =  81.4396333694
          Adding up/down varations for systematic given by plotSysVar to MC background histograms...
      Dataset =  HT1200To2500  ||   nEvents =  625517
Applied ZTo2L qcd/ewk Weights correctly
          hist weight =  0.0128337822953*leptonWeight*bjetWeight*puWeight*muonTriggerWeight*EE_L1_prefire_Weight*electronTriggerWeight*qcdZTo2LWeight*ewkZWeight
          hist nEntries =  1367.0
          hist integral =  13.8485872149
          Adding up/down varations for systematic given by plotSysVar to MC background histograms...
      Dataset =  HT100To200  ||   nEvents =  15147827
Applied ZTo2L qcd/ewk Weights correctly
          hist weight =  0.441679390714*leptonWeight*bjetWeight*puWeight*muonTriggerWeight*EE_L1_prefire_Weight*electronTriggerWeight*qcdZTo2LWeight*ewkZWeight
          hist nEntries =  2.0
          hist integral =  0.513742455747
          Adding up/down varations for systematic given by plotSysVar to MC background histograms...
      Dataset =  HT2500ToInf  ||   nEvents =  419308
Applied ZTo2L qcd/ewk Weights correctly
          hist weight =  0.00034348507541*leptonWeight*bjetWeight*puWeight*muonTriggerWeight*EE_L1_prefire_Weight*electronTriggerWeight*qcdZTo2LWeight*ewkZWeight
          hist nEntries =  1446.0
          hist integral =  0.483244886622
          Adding up/down varations for systematic given by plotSysVar to MC background histograms...
      Dataset =  HT800To1200  ||   nEvents =  3114980
Applied ZTo2L qcd/ewk Weights correctly
          hist weight =  0.0107352072887*leptonWeight*bjetWeight*puWeight*muonTriggerWeight*EE_L1_prefire_Weight*electronTriggerWeight*qcdZTo2LWeight*ewkZWeight
          hist nEntries =  5232.0
          hist integral =  45.1999202967
          Adding up/down varations for systematic given by plotSysVar to MC background histograms...
      Dataset =  HT200To400  ||   nEvents =  11929310
Applied ZTo2L qcd/ewk Weights correctly
          hist weight =  0.169402069357*leptonWeight*bjetWeight*puWeight*muonTriggerWeight*EE_L1_prefire_Weight*electronTriggerWeight*qcdZTo2LWeight*ewkZWeight
          hist nEntries =  319.0
          hist integral =  51.6720583588
          Adding up/down varations for systematic given by plotSysVar to MC background histograms...
      Dataset =  HT400To600  ||   nEvents =  11343818
Applied ZTo2L qcd/ewk Weights correctly
          hist weight =  0.0255100214055*leptonWeight*bjetWeight*puWeight*muonTriggerWeight*EE_L1_prefire_Weight*electronTriggerWeight*qcdZTo2LWeight*ewkZWeight
          hist nEntries =  7251.0
          hist integral =  166.202549847
          Adding up/down varations for systematic given by plotSysVar to MC background histograms...
  Process =  singleTop
      Dataset =  ST_s-channel  ||   nEvents =  9883805
          hist weight =  0.0157148183316*leptonWeight*bjetWeight*puWeight*muonTriggerWeight*EE_L1_prefire_Weight*electronTriggerWeight
          hist nEntries =  458.0
          hist integral =  8.4158299081
          Adding up/down varations for systematic given by plotSysVar to MC background histograms...
      Dataset =  ST_t-channel_antitop  ||   nEvents =  3675910
          hist weight =  0.767239214235*leTFile::Append:0: RuntimeWarning: Replacing existing TH1: hist (Potential memory leak).
TFile::Append:0: RuntimeWarning: Replacing existing TH1: hist (Potential memory leak).
TFile::Append:0: RuntimeWarning: Replacing existing TH1: hist (Potential memory leak).
TFile::Append:0: RuntimeWarning: Replacing existing TH1: hist (Potential memory leak).
TFile::Append:0: RuntimeWarning: Replacing existing TH1: hist (Potential memory leak).
ptonWeight*bjetWeight*puWeight*muonTriggerWeight*EE_L1_prefire_Weight*electronTriggerWeight
          hist nEntries =  24.0
          hist integral =  21.0126618147
          Adding up/down varations for systematic given by plotSysVar to MC background histograms...
      Dataset =  ST_tW_top  ||   nEvents =  7794186
          hist weight =  0.186012022295*leptonWeight*bjetWeight*puWeight*muonTriggerWeight*EE_L1_prefire_Weight*electronTriggerWeight
          hist nEntries =  1127.0
          hist integral =  224.154044986
          Adding up/down varations for systematic given by plotSysVar to MC background histograms...
      Dataset =  ST_t-channel_top  ||   nEvents =  5982064
          hist weight =  0.786576171703*leptonWeight*bjetWeight*puWeight*muonTriggerWeight*EE_L1_prefire_Weight*electronTriggerWeight
          hist nEntries =  57.0
          hist integral =  48.2780832965
          Adding up/down varations for systematic given by plotSysVar to MC background histograms...
      Dataset =  ST_tW_antitop  ||   nEvents =  7977430
          hist weight =  0.182051625649*leptonWeight*bjetWeight*puWeight*muonTriggerWeight*EE_L1_prefire_Weight*electronTriggerWeight
          hist nEntries =  1129.0
          hist integral =  222.20534122
          Adding up/down varations for systematic given by plotSysVar to MC background histograms...
  Process =  WPlusJets
      Dataset =  HT200To400  ||   nEvents =  21250517
Applied WPlusJets qcd/ewk Weights correctly
          hist weight =  0.797161170244*leptonWeight*bjetWeight*puWeight*muonTriggerWeight*EE_L1_prefire_Weight*electronTriggerWeight*qcdWWeight*ewkWWeight
          hist nEntries =  3462.0
          hist integral =  2600.52323467
          Adding up/down varations for systematic given by plotSysVar to MC background histograms...
DEBUG OUTPUT HERE: 
weightedcut =  0.797161170244*leptonWeight*bjetWeight*puWeight*muonTriggerWeight*EE_L1_prefire_Weight*electronTriggerWeight*qcdWWeight*ewkWWeight*(njets >= 3 && nbjets == 0 && nVetoElectrons == 0 && nTightMuons == 1 && nLooseMuons == 1 && METcorrected_pt >= 250 && M_T <= 140 && Flag_goodVertices && Flag_globalSuperTightHalo2016Filter && Flag_HBHENoiseFilter && Flag_HBHENoiseIsoFilter && Flag_EcalDeadCellTriggerPrimitiveFilter && Flag_BadPFMuonFilter && Flag_ecalBadCalibFilterV2 && (HLT_IsoMu27) && PV_npvsGood > 0 && PV_ndof > 4 && abs(PV_z) < 24 && sqrt(pow(PV_x,2)+pow(PV_y,2)) < 2)
weightedcutUp =  0.797161170244*leptonWeightUp*bjetWeight*puWeight*muonTriggerWeight*EE_L1_prefire_Weight*electronTriggerWeight*qcdWWeight*ewkWWeight*(njets >= 3 && nbjets == 0 && nVetoElectrons == 0 && nTightMuons == 1 && nLooseMuons == 1 && METcorrected_pt >= 250 && M_T <= 140 && Flag_goodVertices && Flag_globalSuperTightHalo2016Filter && Flag_HBHENoiseFilter && Flag_HBHENoiseIsoFilter && Flag_EcalDeadCellTriggerPrimitiveFilter && Flag_BadPFMuonFilter && Flag_ecalBadCalibFilterV2 && (HLT_IsoMu27) && PV_npvsGood > 0 && PV_ndof > 4 && abs(PV_z) < 24 && sqrt(pow(PV_x,2)+pow(PV_y,2)) < 2)
weightedcutDown =  0.797161170244*leptonWeightDown*bjetWeight*puWeight*muonTriggerWeight*EE_L1_prefire_Weight*electronTriggerWeight*qcdWWeight*ewkWWeight*(njets >= 3 && nbjets == 0 && nVetoElectrons == 0 && nTightMuons == 1 && nLooseMuons == 1 && METcorrected_pt >= 250 && M_T <= 140 && Flag_goodVertices && Flag_globalSuperTightHalo2016Filter && Flag_HBHENoiseFilter && Flag_HBHENoiseIsoFilter && Flag_EcalDeadCellTriggerPrimitiveFilter && Flag_BadPFMuonFilter && Flag_ecalBadCalibFilterV2 && (HLT_IsoMu27) && PV_npvsGood > 0 && PV_ndof > 4 && abs(PV_z) < 24 && sqrt(pow(PV_x,2)+pow(PV_y,2)) < 2)
var =  METcorrected_pt
varUp =  METcorrected_pt
varDown =  METcorrected_pt
      Dataset =  HT70To100  ||   nEvents =  22226705
Applied WPlusJets qcd/ewk Weights correctly
          hist weight =  2.41406722229*leptonWeight*bjetWeight*puWeight*muonTriggerWeight*EE_L1_prefire_Weight*electronTriggerWeight*qcdWWeight*ewkWWeight
          hist nEntries =  0.0
          hist integral =  0.0
          Adding up/down varations for systematic given by plotSysVar to MC background histoTFile::Append:0: RuntimeWarning: Replacing existing TH1: hist (Potential memory leak).
TFile::Append:0: RuntimeWarning: Replacing existing TH1: hist (Potential memory leak).
TFile::Append:0: RuntimeWarning: Replacing existing TH1: hist (Potential memory leak).
TFile::Append:0: RuntimeWarning: Replacing existing TH1: hist (Potential memory leak).
TFile::Append:0: RuntimeWarning: Replacing existing TH1: hist (Potential memory leak).
TFile::Append:0: RuntimeWarning: Replacing existing TH1: hist (Potential memory leak).
