Plotting start time: 2021-06-10 01:00:35.367041
Cut name =  AH
MC Selection Cuts =  (nVetoElectrons + nLooseMuons) == 0 && njets >= 3 && nbjets >= 1 && METcorrected_pt >= 250 && ntaus == 0 && Flag_goodVertices && Flag_globalSuperTightHalo2016Filter && Flag_HBHENoiseFilter && Flag_HBHENoiseIsoFilter && Flag_EcalDeadCellTriggerPrimitiveFilter && Flag_BadPFMuonFilter && Flag_ecalBadCalibFilterV2 && (HLT_PFMETNoMu120_PFMHTNoMu120_IDTight || HLT_PFMETNoMu120_PFMHTNoMu120_IDTight_PFHT60)
Data Selection Cuts =  (nVetoElectrons + nLooseMuons) == 0 && njets >= 3 && nbjets >= 1 && METcorrected_pt >= 250 && ntaus == 0 && Flag_goodVertices && Flag_globalSuperTightHalo2016Filter && Flag_HBHENoiseFilter && Flag_HBHENoiseIsoFilter && Flag_EcalDeadCellTriggerPrimitiveFilter && Flag_BadPFMuonFilter && Flag_ecalBadCalibFilterV2 && (HLT_PFMETNoMu120_PFMHTNoMu120_IDTight || HLT_PFMETNoMu120_PFMHTNoMu120_IDTight_PFHT60) && Flag_eeBadScFilter
var =  minDeltaPhi12
year =  2018
lumi =  38.75
saveDirectory =  plots/2018_QCDCR_debugging/minDeltaPhi12/
date =  06_09_2021
Creating histograms..
Finished making systematic histogram dictionary
Drawing data and ratio plot...
Selected MET dataset
Loading data sample root files and event trees...
    nevents in filepath = /hdfs/store/user/vshang/MET_Run2018A/MET/ModuleCommonSkim_03182021/tree_all.root: 4338130
    nevents in filepath = /hdfs/store/user/vshang/MET_Run2018B/MET/ModuleCommonSkim_03182021/tree_all.root: 2300909
    nevents in filepath = /hdfs/store/user/vshang/MET_Run2018C/MET/ModuleCommonSkim_03182021/tree_all.root: 3614913
    nevents in filepath = /hdfs/store/user/vshang/MET_Run2018D/MET/ModuleCommonSkim_03182021/tree_all.root: 19758039
    total nevents in  MET :  30011991
Got data sample root files and event trees
Loading MC sample root files and event trees...
    nevents in  ZTo2Nu   HT600To800 :  5748975
    nevents in  ZTo2Nu   HT1200To2500 :  343198
    nevents in  ZTo2Nu   HT100To200 :  23702894
    nevents in  ZTo2Nu   HT2500ToInf :  359639
    nevents in  ZTo2Nu   HT800To1200 :  2066798
    nevents in  ZTo2Nu   HT200To400 :  23276346
    nevents in  ZTo2Nu   HT400To600 :  9511100
    nevents in  WW   WWTo1L1Nu2Q :  4683136
    nevents in  WW   WWTo4Q :  3790800
    nevents in  WW   WWTo2L2Nu :  7758900
    nevents in  ttbarPlusJets   TTToSemiLepton :  300619998
    nevents in  ttbarPlusJets   TTTo2L2Nu :  64310000
    nevents in  ttbar scalar   ttDM_MChi1_MPhi100_scalar :  1842523
    nevents in  ZZ   ZZTo2Q2Nu :  57633049
    nevents in  ZZ   ZZTo4L :  124649500
    nevents in  ZZ   ZZTo2L2Q :  27900469
    nevents in  ZZ   ZZTo2L2Nu :  56428600
    nevents in  QCD   HT700To1000 :  48158738
    nevents in  QCD   HT500To700 :  55152960
    nevents in  QCD   HT2000ToInf :  5475677
    nevents in  QCD   HT1000To1500 :  15466225
    nevents in  QCD   HT1500To2000 :  10955087
    nevents in  QCD   HT100To200 :  93972378
    nevents in  QCD   HT300To500 :  54661579
    nevents in  QCD   HT200To300 :  54289442
    nevents in  WZ   WZTo2Q2Nu :  30887331
    nevents in  WZ   WZTo2L2Q :  28193648
    nevents in  WZ   WZTo3LNu :  11248318
    nevents in  WZ   WZTo1L3Nu :  1690064
    nevents in  WZ   WZTo1L1Nu2Q :  18273533
    nevents in  ttbar pseudoscalar   ttDM_MChi1_MPhi100_pseudo :  1607992
    nevents in  TTV   TTZToQQ :  9572000
    nevents in  TTV   TTWJetsToLNu :  4911941
    nevents in  TTV   TTWJetsToQQ :  835296
    nevents in  TTV   TTZToLLNuNu :  13280000
    nevents in  ZTo2L   HT600To800 :  8862104
    nevents in  ZTo2L   HT1200To2500 :  536416
    nevents in  ZTo2L   HT100To200 :  11530510
    nevents in  ZTo2L   HT2500ToInf :  427051
    nevents in  ZTo2L   HT800To1200 :  3138129
    nevents in  ZTo2L   HT200To400 :  10860690
    nevents in  ZTo2L   HT400To600 :  46161988
    nevents in  singleTop   ST_s-channel :  19890000
    nevents in  singleTop   ST_t-channel_antitop :  79090800
    nevents in  singleTop   ST_tW_top :  9598000
    nevents in  singleTop   ST_t-channel_top :  154307600
    nevents in  singleTop   ST_tW_antitop :  7527000
    nevents in  WPlusJets   HInfo in <TCanvas::MakeDefCanvas>:  created default TCanvas with name c1
TFile::Append:0: RuntimeWarning: Replacing existing TH1: hist (Potential memory leak).
TFile::Append:0: RuntimeWarning: Replacing existing TH1: hist (Potential memory leak).
TFile::Append:0: RuntimeWarning: Replacing existing TH1: hist (Potential memory leak).
TFile::Append:0: RuntimeWarning: Replacing existing TH1: hist (Potential memory leak).
TFile::Append:0: RuntimeWarning: Replacing existing TH1: hist (Potential memory leak).
TFile::Append:0: RuntimeWarning: Replacing existing TH1: hist (Potential memory leak).
TFile::Append:0: RuntimeWarning: Replacing existing TH1: hist (Potential memory leak).
TFile::Append:0: RuntimeWarning: Replacing existing TH1: hist (Potential memory leak).
TFile::Append:0: RuntimeWarning: Replacing existing TH1: hist (Potential memory leak).
TFile::Append:0: RuntimeWarning: Replacing existing TH1: hist (Potential memory leak).
TFile::Append:0: RuntimeWarning: Replacing existing TH1: hist (Potential memory leak).
TFile::Append:0: RuntimeWarning: Replacing existing TH1: hist (Potential memory leak).
TFile::Append:0: RuntimeWarning: Replacing existing TH1: hist (Potential memory leak).
TFile::Append:0: RuntimeWarning: Replacing existing TH1: hist (Potential memory leak).
TFile::Append:0: RuntimeWarning: Replacing existing TH1: hist (Potential memory leak).
TFile::Append:0: RuntimeWarning: Replacing existing TH1: hist (Potential memory leak).
TFile::Append:0: RuntimeWarning: Replacing existing TH1: hist (Potential memory leak).
TFile::Append:0: RuntimeWarning: Replacing existing TH1: hist (Potential memory leak).
TFile::Append:0: RuntimeWarning: Replacing existing TH1: hist (Potential memory leak).
TFile::Append:0: RuntimeWarning: Replacing existing TH1: hist (Potential memory leak).
TFile::Append:0: RuntimeWarning: Replacing existing TH1: hist (Potential memory leak).
TFile::Append:0: RuntimeWarning: Replacing existing TH1: hist (Potential memory leak).
TFile::Append:0: RuntimeWarning: Replacing existing TH1: hist (Potential memory leak).
TFile::Append:0: RuntimeWarning: Replacing existing TH1: hist (Potential memory leak).
T200To400 :  25468933
    nevents in  WPlusJets   HT70To100 :  28084244
    nevents in  WPlusJets   HT600To800 :  19771294
    nevents in  WPlusJets   HT1200To2500 :  7633949
    nevents in  WPlusJets   HT100To200 :  29425374
    nevents in  WPlusJets   HT400To600 :  5932701
    nevents in  WPlusJets   HT2500ToInf :  3273980
    nevents in  WPlusJets   HT800To1200 :  8402687
Got MC sample root files and event trees
Filling histograms...
  Dataset =  MET  ||   nEvents =  30011991
    hist nEntries =  0.0
    hist integral =  0.0
    hist_data nEntries =  0.0
    hist_data integral =  0.0
    hist nEntries =  102.0
    hist integral =  102.0
    hist_data nEntries =  102.0
    hist_data integral =  102.0
    hist nEntries =  33716.0
    hist integral =  33716.0
    hist_data nEntries =  33818.0
    hist_data integral =  33818.0
    hist nEntries =  158792.0
    hist integral =  158792.0
    hist_data nEntries =  192610.0
    hist_data integral =  192610.0
  Process =  ZTo2Nu
      Dataset =  HT600To800  ||   nEvents =  5748975
Applied ZTo2Nu qcd/ewk Weights correctly
          hist nEntries =  108833.0
          hist integral =  2617.01766205
      Dataset =  HT1200To2500  ||   nEvents =  343198
Applied ZTo2Nu qcd/ewk Weights correctly
          hist nEntries =  11263.0
          hist integral =  448.343981862
      Dataset =  HT100To200  ||   nEvents =  23702894
Applied ZTo2Nu qcd/ewk Weights correctly
          hist nEntries =  18.0
          hist integral =  9.71564243734
      Dataset =  HT2500ToInf  ||   nEvents =  359639
Applied ZTo2Nu qcd/ewk Weights correctly
          hist nEntries =  11562.0
          hist integral =  7.06573483022
      Dataset =  HT800To1200  ||   nEvents =  2066798
Applied ZTo2Nu qcd/ewk Weights correctly
          hist nEntries =  54019.0
          hist integral =  1588.40138149
      Dataset =  HT200To400  ||   nEvents =  23276346
Applied ZTo2Nu qcd/ewk Weights correctly
          hist nEntries =  21391.0
          hist integral =  4158.96728134
      Dataset =  HT400To600  ||   nEvents =  9511100
Applied ZTo2Nu qcd/ewk Weights correctly
          hist nEntries =  93545.0
          hist integral =  5844.68058777
  Process =  WW
      Dataset =  WWTo1L1Nu2Q  ||   nEvents =  4683136
          hist nEntries =  777.0
          hist integral =  585.140190125
      Dataset =  WWTo4Q  ||   nEvents =  3790800
          hist nEntries =  3.0
          hist integral =  1.62774157524
      Dataset =  WWTo2L2Nu  ||   nEvents =  7758900
          hist nEntries =  392.0
          hist integral =  26.1540962458
  Process =  ttbarPlusJets
      Dataset =  TTToSemiLepton  ||   nEvents =  300619998
          hist nEntries =  802239.0
          hist integral =  37116.0482178
      Dataset =  TTTo2L2Nu  ||   nEvents =  64310000
          hist nEntries =  65788.0
          hist integral =  3424.37932587
  Process =  ttbar scalar
      Dataset =  ttDM_MChi1_MPhi100_scalar  ||   nEvents =  1842523
          hist nEntries =  60871.0
          hist integral =  912.358671188
  Process =  ZZ
      Dataset =  ZZTo2Q2Nu  ||   nEvents =  57633049
          hist nEntries =  107623.0
          hist integral =  334.040082455
      Dataset =  ZZTo4L  ||   nEvents =  124649500
          hist nEntries =  248.0
          hist integral =  0.135305972362
      Dataset =  ZZTo2L2Q  ||   nEvents =  27900469
          hist nEntries =  1545.0
          hist integral =  9.16899464279
      Dataset =  ZZTo2L2Nu  ||   nEvents =  56428600
          hist nEntries =  4512.0
          hist integral =  2.1797051914
  Process =  QCD
      Dataset =  HT700To1000  ||   nEvents =  48158738
          hist nEntries =  1926.0
          hist integral =  9627.88410187
      Dataset =  HT500To700  ||   nEvents =  55152960
          hist nEntries =  79.0
          hist integral =  1540.50613976
      Dataset =  HT2000ToInf  ||   nEvents =  5475677
          hist nEntries =  19389.0
          hist integral =  2809.56305885
      Dataset =  HT1000To1500  ||   nEvents =  15466225
          hist nEntries =  6542.0
          hist integral =  17665.1467018
  TFile::Append:0: RuntimeWarning: Replacing existing TH1: hist (Potential memory leak).
TFile::Append:0: RuntimeWarning: Replacing existing TH1: hist (Potential memory leak).
TFile::Append:0: RuntimeWarning: Replacing existing TH1: hist (Potential memory leak).
TFile::Append:0: RuntimeWarning: Replacing existing TH1: hist (Potential memory leak).
TFile::Append:0: RuntimeWarning: Replacing existing TH1: hist (Potential memory leak).
TFile::Append:0: RuntimeWarning: Replacing existing TH1: hist (Potential memory leak).
TFile::Append:0: RuntimeWarning: Replacing existing TH1: hist (Potential memory leak).
TFile::Append:0: RuntimeWarning: Replacing existing TH1: hist (Potential memory leak).
TFile::Append:0: RuntimeWarning: Replacing existing TH1: hist (Potential memory leak).
TFile::Append:0: RuntimeWarning: Replacing existing TH1: hist (Potential memory leak).
TFile::Append:0: RuntimeWarning: Replacing existing TH1: hist (Potential memory leak).
TFile::Append:0: RuntimeWarning: Replacing existing TH1: hist (Potential memory leak).
TFile::Append:0: RuntimeWarning: Replacing existing TH1: hist (Potential memory leak).
TFile::Append:0: RuntimeWarning: Replacing existing TH1: hist (Potential memory leak).
TFile::Append:0: RuntimeWarning: Replacing existing TH1: hist (Potential memory leak).
TFile::Append:0: RuntimeWarning: Replacing existing TH1: hist (Potential memory leak).
TFile::Append:0: RuntimeWarning: Replacing existing TH1: hist (Potential memory leak).
TFile::Append:0: RuntimeWarning: Replacing existing TH1: hist (Potential memory leak).
TFile::Append:0: RuntimeWarning: Replacing existing TH1: hist (Potential memory leak).
TFile::Append:0: RuntimeWarning: Replacing existing TH1: hist (Potential memory leak).
TFile::Append:0: RuntimeWarning: Replacing existing TH1: hist (Potential memory leak).
TFile::Append:0: RuntimeWarning: Replacing existing TH1: hist (Potential memory leak).
TFile::Append:0: RuntimeWarning: Replacing existing TH1: hist (Potential memory leak).
TFile::Append:0: RuntimeWarning: Replacing existing TH1: hist (Potential memory leak).
TFile::Append:0: RuntimeWarning: Replacing existing TH1: hist (Potential memory leak).
TFile::Append:0: RuntimeWarning: Replacing existing TH1: hist (Potential memory leak).
TFile::Append:0: RuntimeWarning: Replacing existing TH1: hist (Potential memory leak).
TFile::Append:0: RuntimeWarning: Replacing existing TH1: hist (Potential memory leak).
    Dataset =  HT1500To2000  ||   nEvents =  10955087
          hist nEntries =  18630.0
          hist integral =  6474.10832882
      Dataset =  HT100To200  ||   nEvents =  93972378
          hist nEntries =  0.0
          hist integral =  0.0
      Dataset =  HT300To500  ||   nEvents =  54661579
          hist nEntries =  3.0
          hist integral =  367.799499512
      Dataset =  HT200To300  ||   nEvents =  54289442
          hist nEntries =  0.0
          hist integral =  0.0
  Process =  WZ
      Dataset =  WZTo2Q2Nu  ||   nEvents =  30887331
          hist nEntries =  52118.0
          hist integral =  469.417124748
      Dataset =  WZTo2L2Q  ||   nEvents =  28193648
          hist nEntries =  1740.0
          hist integral =  18.6731727719
      Dataset =  WZTo3LNu  ||   nEvents =  11248318
          hist nEntries =  397.0
          hist integral =  8.83440028131
      Dataset =  WZTo1L3Nu  ||   nEvents =  1690064
          hist nEntries =  581.0
          hist integral =  51.6008533239
      Dataset =  WZTo1L1Nu2Q  ||   nEvents =  18273533
          hist nEntries =  12031.0
          hist integral =  312.148833752
  Process =  ttbar pseudoscalar
      Dataset =  ttDM_MChi1_MPhi100_pseudo  ||   nEvents =  1607992
          hist nEntries =  136676.0
          hist integral =  632.392807007
  Process =  TTV
      Dataset =  TTZToQQ  ||   nEvents =  9572000
          hist nEntries =  54040.0
          hist integral =  111.340344787
      Dataset =  TTWJetsToLNu  ||   nEvents =  4911941
          hist nEntries =  45521.0
          hist integral =  77.2462317944
      Dataset =  TTWJetsToQQ  ||   nEvents =  835296
          hist nEntries =  5652.0
          hist integral =  114.613477826
      Dataset =  TTZToLLNuNu  ||   nEvents =  13280000
          hist nEntries =  528727.0
          hist integral =  371.814695835
  Process =  ZTo2L
      Dataset =  HT600To800  ||   nEvents =  8862104
Applied ZTo2L qcd/ewk Weights correctly
          hist nEntries =  14831.0
          hist integral =  117.977492511
      Dataset =  HT1200To2500  ||   nEvents =  536416
Applied ZTo2L qcd/ewk Weights correctly
          hist nEntries =  2630.0
          hist integral =  32.5865252167
      Dataset =  HT100To200  ||   nEvents =  11530510
Applied ZTo2L qcd/ewk Weights correctly
          hist nEntries =  2.0
          hist integral =  0.921482026577
      Dataset =  HT2500ToInf  ||   nEvents =  427051
Applied ZTo2L qcd/ewk Weights correctly
          hist nEntries =  2603.0
          hist integral =  0.832219419593
      Dataset =  HT800To1200  ||   nEvents =  3138129
Applied ZTo2L qcd/ewk Weights correctly
          hist nEntries =  10566.0
          hist integral =  96.1384301782
      Dataset =  HT200To400  ||   nEvents =  10860690
Applied ZTo2L qcd/ewk Weights correctly
          hist nEntries =  237.0
          hist integral =  52.9964453876
      Dataset =  HT400To600  ||   nEvents =  46161988
Applied ZTo2L qcd/ewk Weights correctly
          hist nEntries =  19682.0
          hist integral =  138.543527603
  Process =  singleTop
      Dataset =  ST_s-channel  ||   nEvents =  19890000
          hist nEntries =  18534.0
          hist integral =  133.42026782
      Dataset =  ST_t-channel_antitop  ||   nEvents =  79090800
          hist nEntries =  9855.0
          hist integral =  324.364539623
      Dataset =  ST_tW_top  ||   nEvents =  9598000
          hist nEntries =  10104.0
          hist integral =  1416.02300262
      Dataset =  ST_t-channel_top  ||   nEvents =  154307600
          hist nEntries =  28121.0
          hist integral =  790.89335537
      Dataset =  ST_tW_antitop  ||   nEvents =  7527000
          hist nEntries =  8104.0
          hist integral =  1450.56983185
  Process =  WPlusJets
      Dataset =  HT200To400  ||   nEvents =  25468933
Applied WPlusJets qcd/ewk Weights correctly
          hist nEntries =  3474.0
          hist integral =  2601.3691597
      Dataset =  HT70To100  ||   nEvents =  28084244
Applied WPlusJets qcd/ewk Weights correctly
          hist nEntries =  2.0
          hist integral =  7.1TFile::Append:0: RuntimeWarning: Replacing existing TH1: hist (Potential memory leak).
TFile::Append:0: RuntimeWarning: Replacing existing TH1: hist (Potential memory leak).
TFile::Append:0: RuntimeWarning: Replacing existing TH1: hist (Potential memory leak).
TFile::Append:0: RuntimeWarning: Replacing existing TH1: hist (Potential memory leak).
TFile::Append:0: RuntimeWarning: Replacing existing TH1: hist (Potential memory leak).
TFile::Append:0: RuntimeWarning: Replacing existing TH1: hist (Potential memory leak).
Info in <TCanvas::Print>: png file plots/2018_QCDCR_debugging/minDeltaPhi12/06_09_2021/AH2018_minDeltaPhi12_06_09_2021_postHEM.png has been created
6990828514
      Dataset =  HT600To800  ||   nEvents =  19771294
Applied WPlusJets qcd/ewk Weights correctly
          hist nEntries =  77172.0
          hist integral =  2047.99212456
      Dataset =  HT1200To2500  ||   nEvents =  7633949
Applied WPlusJets qcd/ewk Weights correctly
          hist nEntries =  72384.0
          hist integral =  392.475821793
      Dataset =  HT100To200  ||   nEvents =  29425374
Applied WPlusJets qcd/ewk Weights correctly
          hist nEntries =  7.0
          hist integral =  11.5147153139
      Dataset =  HT400To600  ||   nEvents =  5932701
Applied WPlusJets qcd/ewk Weights correctly
          hist nEntries =  10297.0
          hist integral =  4349.20365906
      Dataset =  HT2500ToInf  ||   nEvents =  3273980
Applied WPlusJets qcd/ewk Weights correctly
          hist nEntries =  40990.0
          hist integral =  4.06591499969
      Dataset =  HT800To1200  ||   nEvents =  8402687
Applied WPlusJets qcd/ewk Weights correctly
          hist nEntries =  50775.0
          hist integral =  1267.3701129
-----------------------------
Total data background nEvents =  192610.0
Total data background integral =  192610.0
-----------------------------
Total MC background nEvents =  2411504.0
Total MC background integral =  111430.193726
-----------------------------
Total tt+DM signal nEvents =  60871.0
Total tt+DM signal integral =  912.358671188
-----------------------------
-----------------------------
FOM for tt+DM signal =  2.73315436785
-----------------------------
Data bin errors:
    bin 0: 0.0
    bin 1: 282.630500831
    bin 2: 130.169120762
    bin 3: 91.5478017213
    bin 4: 75.6967634711
    bin 5: 63.5295206971
    bin 6: 57.9309934318
    bin 7: 56.9649014745
    bin 8: 60.4814021001
    bin 9: 64.8305483549
    bin 10: 72.7873615403
    bin 11: 80.777472107
    bin 12: 92.7954740276
    bin 13: 107.717222393
    bin 14: 122.641754717
    bin 15: 113.393121485
-----------------------------
MC background bin errors:
    bin 0: 0.0
    bin 1: 418.538403054
    bin 2: 105.991635373
    bin 3: 54.6321680891
    bin 4: 30.7626741782
    bin 5: 30.7985041839
    bin 6: 26.2937892721
    bin 7: 28.8442671645
    bin 8: 29.3058423817
    bin 9: 35.6306603968
    bin 10: 67.4353001295
    bin 11: 45.6794349921
    bin 12: 68.1323701249
    bin 13: 72.9146675287
    bin 14: 74.8223178367
    bin 15: 84.5810921486
-----------------------------
tt+DM bin errors:
    bin 0: 0.0
    bin 1: 0.929937836437
    bin 2: 0.897566292933
    bin 3: 0.84884688387
    bin 4: 0.81604756113
    bin 5: 0.769385294148
    bin 6: 0.794037127812
    bin 7: 0.82544830086
    bin 8: 0.863501295699
    bin 9: 0.933969813236
    bin 10: 1.00798272507
    bin 11: 1.0600594765
    bin 12: 1.15851310888
    bin 13: 1.31438353516
    bin 14: 1.42373563417
    bin 15: 1.2125770289
-----------------------------
-----------------------------
ttbar pseudoscalar hist info:
    nEvents =  136676.0
    integral =  632.392807007
ZTo2Nu hist info:
    nEvents =  300631.0
    integral =  14674.1921997
TTTo2L2Nu hist info:
    nEvents =  65788.0
    integral =  3424.37932587
singleTop hist info:
    nEvents =  74718.0
    integral =  4115.27106476
TTV hist info:
    nEvents =  633940.0
    integral =  675.014749527
bkgSum hist info:
    nEvents =  2411504.0
    integral =  111430.193726
ttbar scalar hist info:
    nEvents =  60871.0
    integral =  912.358671188
VV hist info:
    nEvents =  181967.0
    integral =  1819.1205101
QCD hist info:
    nEvents =  46569.0
    integral =  38485.008667
ZTo2L hist info:
    nEvents =  50551.0
    integral =  439.996120453
data hist info:
    nEvents =  192610.0
    integral =  192610.0
WPlusJets hist info:
    nEvents =  255101.0
    integral =  10681.1612396
TTToSemiLepton hist info:
    nEvents =  802239.0
    integral =  37116.0482178
Finished filling histograms
Creating stacked MC background histogram...
Finished stacking MC background histograms.
Drawing histograms...
Finished drawing histograms
Drawing ratio plot...
Finished drawing ratio plot
Plotting end time: 2021-06-10 01:20:07.670184
