Plotting start time: 2021-09-15 07:55:17.558685
Cut name =  AH0lQR
MC Selection Cuts =  (nVetoElectrons + nLooseMuons) == 0 && njets >= 3 && nbjets >= 1 && METcorrected_pt >= 250 && ntaus == 0 && minDeltaPhi12 <= 0.8 && Flag_goodVertices && Flag_globalSuperTightHalo2016Filter && Flag_HBHENoiseFilter && Flag_HBHENoiseIsoFilter && Flag_EcalDeadCellTriggerPrimitiveFilter && Flag_BadPFMuonFilter && (HLT_PFMETNoMu120_PFMHTNoMu120_IDTight) && PV_npvsGood > 0 && PV_ndof > 4 && abs(PV_z) < 24 && sqrt(pow(PV_x,2)+pow(PV_y,2)) < 2 && nfjets >= 1 && Jet_pt[index_forwardJets[0]] < Jet_pt[index_centralJets[0]]
Data Selection Cuts =  (nVetoElectrons + nLooseMuons) == 0 && njets >= 3 && nbjets >= 1 && METcorrected_pt >= 250 && ntaus == 0 && minDeltaPhi12 <= 0.8 && Flag_goodVertices && Flag_globalSuperTightHalo2016Filter && Flag_HBHENoiseFilter && Flag_HBHENoiseIsoFilter && Flag_EcalDeadCellTriggerPrimitiveFilter && Flag_BadPFMuonFilter && (HLT_PFMETNoMu120_PFMHTNoMu120_IDTight) && PV_npvsGood > 0 && PV_ndof > 4 && abs(PV_z) < 24 && sqrt(pow(PV_x,2)+pow(PV_y,2)) < 2 && nfjets >= 1 && Jet_pt[index_forwardJets[0]] < Jet_pt[index_centralJets[0]] && Flag_eeBadScFilter
var =  Jet_pt[index_centralJets[1]]
year =  2016
lumi =  35.92
saveDirectory =  plots/2018_QCDCR_debugging/RunII_plots/Jet_pt/
date =  09_14_2021
Creating histograms..
Finished making systematic histogram dictionary
Drawing data and ratio plot...
Selected MET dataset
Loading data sample root files and event trees...
    nevents in filepath = /hdfs/store/user/vshang/MET_Run2016B/MET/ModuleCommonSkim_09072021/tree_all.root: 182912
    nevents in filepath = /hdfs/store/user/vshang/MET_Run2016C/MET/ModuleCommonSkim_09072021/tree_all.root: 80259
    nevents in filepath = /hdfs/store/user/vshang/MET_Run2016D/MET/ModuleCommonSkim_09072021/tree_all.root: 131680
    nevents in filepath = /hdfs/store/user/vshang/MET_Run2016E/MET/ModuleCommonSkim_09072021/tree_all.root: 127112
    nevents in filepath = /hdfs/store/user/vshang/MET_Run2016F/MET/ModuleCommonSkim_09072021/tree_all.root: 100492
    nevents in filepath = /hdfs/store/user/vshang/MET_Run2016G/MET/ModuleCommonSkim_09072021/tree_all.root: 234544
    nevents in filepath = /hdfs/store/user/vshang/MET_Run2016H/MET/ModuleCommonSkim_09072021/tree_all.root: 262704
    total nevents in  MET :  1119703
Got data sample root files and event trees
Loading MC sample root files and event trees...
    nevents in  ZTo2Nu   HT600To800 :  5693589
    nevents in  ZTo2Nu   HT1200To2500 :  513471
    nevents in  ZTo2Nu   HT100To200 :  24272858
    nevents in  ZTo2Nu   HT2500ToInf :  405030
    nevents in  ZTo2Nu   HT800To1200 :  2170137
    nevents in  ZTo2Nu   HT200To400 :  24761211
    nevents in  ZTo2Nu   HT400To600 :  9862869
    nevents in  tbar scalar   tWChan_Mchi1Mphi100 :  200000
    nevents in  tbar scalar   tChan_Mchi1Mphi100 :  500000
    nevents in  WW   WWTo1L1Nu2Q :  5246469
    nevents in  WW   WWTo4Q :  30324343
    nevents in  WW   WWTo2L2Nu :  1999000
    nevents in  ttbarPlusJets   TTToSemiLepton :  152669800
    nevents in  ttbarPlusJets   TTTo2L2Nu :  79140880
    nevents in  ttbar scalar   ttDM_MChi1_MPhi100_scalar :  2625075
    nevents in  ZZ   ZZTo2Q2Nu :  52855410
    nevents in  ZZ   ZZTo4L :  103121112
    nevents in  ZZ   ZZTo2L2Q :  15462693
    nevents in  ZZ   ZZTo2L2Nu :  52855410
    nevents in  ZZ   ZZTo4Q :  30636849
    nevents in  QCD   HT700To1000 :  37233786
    nevents in  QCD   HT500To700 :  62622029
    nevents in  QCD   HT2000ToInf :  5804179
    nevents in  QCD   HT1000To1500 :  15210939
    nevents in  QCD   HT1500To2000 :  11839357
    nevents in  QCD   HT100To200 :  82293477
    nevents in  QCD   HT300To500 :  54552852
    nevents in  QCD   HT200To300 :  57580393
    nevents in  WZ   WZTo2Q2Nu :  17725159
    nevents in  WZ   WZTo2L2Q :  26445785
    nevents in  WZ   WZTo3LNu :  19993200
    nevents in  WZ   WZTo1L3Nu :  1703772
    nevents in  WZ   WZTo1L1Nu2Q :  24311445
    nevents in  TTV   TTZToQQ :  749400
    nevents in  TTV   TTWJetsToLNu :  5280565
    nevents in  TTV   TTWJetsToQQ :  833298
 Info in <TCanvas::MakeDefCanvas>:  created default TCanvas with name c1
TFile::Append:0: RuntimeWarning: Replacing existing TH1: hist (Potential memory leak).
TFile::Append:0: RuntimeWarning: Replacing existing TH1: hist (Potential memory leak).
TFile::Append:0: RuntimeWarning: Replacing existing TH1: hist (Potential memory leak).
TFile::Append:0: RuntimeWarning: Replacing existing TH1: hist (Potential memory leak).
TFile::Append:0: RuntimeWarning: Replacing existing TH1: hist (Potential memory leak).
TFile::Append:0: RuntimeWarning: Replacing existing TH1: hist (Potential memory leak).
TFile::Append:0: RuntimeWarning: Replacing existing TH1: hist (Potential memory leak).
TFile::Append:0: RuntimeWarning: Replacing existing TH1: hist (Potential memory leak).
TFile::Append:0: RuntimeWarning: Replacing existing TH1: hist (Potential memory leak).
TFile::Append:0: RuntimeWarning: Replacing existing TH1: hist (Potential memory leak).
TFile::Append:0: RuntimeWarning: Replacing existing TH1: hist (Potential memory leak).
TFile::Append:0: RuntimeWarning: Replacing existing TH1: hist (Potential memory leak).
TFile::Append:0: RuntimeWarning: Replacing existing TH1: hist (Potential memory leak).
TFile::Append:0: RuntimeWarning: Replacing existing TH1: hist (Potential memory leak).
TFile::Append:0: RuntimeWarning: Replacing existing TH1: hist (Potential memory leak).
TFile::Append:0: RuntimeWarning: Replacing existing TH1: hist (Potential memory leak).
TFile::Append:0: RuntimeWarning: Replacing existing TH1: hist (Potential memory leak).
TFile::Append:0: RuntimeWarning: Replacing existing TH1: hist (Potential memory leak).
TFile::Append:0: RuntimeWarning: Replacing existing TH1: hist (Potential memory leak).
   nevents in  TTV   TTZToLLNuNu :  13692628
    nevents in  ZTo2L   HT600To800 :  8292957
    nevents in  ZTo2L   HT1200To2500 :  596079
    nevents in  ZTo2L   HT100To200 :  11017086
    nevents in  ZTo2L   HT2500ToInf :  399492
    nevents in  ZTo2L   HT800To1200 :  2673066
    nevents in  ZTo2L   HT200To400 :  9609137
    nevents in  ZTo2L   HT400To600 :  9725661
    nevents in  singleTop   ST_s-channel :  1000000
    nevents in  singleTop   ST_t-channel_antitop :  38811017
    nevents in  singleTop   ST_tW_top :  6952830
    nevents in  singleTop   ST_t-channel_top :  58403420
    nevents in  singleTop   ST_tW_antitop :  6933094
    nevents in  WPlusJets   HT200To400 :  38984322
    nevents in  WPlusJets   HT70To100 :  10020533
    nevents in  WPlusJets   HT600To800 :  18687480
    nevents in  WPlusJets   HT1200To2500 :  6872441
    nevents in  WPlusJets   HT100To200 :  78043017
    nevents in  WPlusJets   HT400To600 :  7687800
    nevents in  WPlusJets   HT2500ToInf :  2637821
    nevents in  WPlusJets   HT800To1200 :  7830536
Got MC sample root files and event trees
Filling histograms...
  Dataset =  MET  ||   nEvents =  1119703
    hist nEntries =  1922.0
    hist integral =  1922.0
    hist_data nEntries =  1922.0
    hist_data integral =  1922.0
    hist nEntries =  904.0
    hist integral =  904.0
    hist_data nEntries =  2826.0
    hist_data integral =  2826.0
    hist nEntries =  1407.0
    hist integral =  1407.0
    hist_data nEntries =  4233.0
    hist_data integral =  4233.0
    hist nEntries =  1274.0
    hist integral =  1274.0
    hist_data nEntries =  5507.0
    hist_data integral =  5507.0
    hist nEntries =  1058.0
    hist integral =  1058.0
    hist_data nEntries =  6565.0
    hist_data integral =  6565.0
    hist nEntries =  2260.0
    hist integral =  2260.0
    hist_data nEntries =  8825.0
    hist_data integral =  8825.0
    hist nEntries =  2433.0
    hist integral =  2433.0
    hist_data nEntries =  11258.0
    hist_data integral =  11258.0
  Process =  ZTo2Nu
      Dataset =  HT600To800  ||   nEvents =  5693589
Applied ZTo2Nu qcd/ewk Weights correctly
          hist nEntries =  5807.0
          hist integral =  119.385543775
      Dataset =  HT1200To2500  ||   nEvents =  513471
Applied ZTo2Nu qcd/ewk Weights correctly
          hist nEntries =  2312.0
          hist integral =  58.3275636546
      Dataset =  HT100To200  ||   nEvents =  24272858
Applied ZTo2Nu qcd/ewk Weights correctly
          hist nEntries =  0.0
          hist integral =  0.0
      Dataset =  HT2500ToInf  ||   nEvents =  405030
Applied ZTo2Nu qcd/ewk Weights correctly
          hist nEntries =  1732.0
          hist integral =  1.46532603077
      Dataset =  HT800To1200  ||   nEvents =  2170137
Applied ZTo2Nu qcd/ewk Weights correctly
          hist nEntries =  5132.0
          hist integral =  124.068651205
      Dataset =  HT200To400  ||   nEvents =  24761211
Applied ZTo2Nu qcd/ewk Weights correctly
          hist nEntries =  149.0
          hist integral =  22.3905588388
      Dataset =  HT400To600  ||   nEvents =  9862869
Applied ZTo2Nu qcd/ewk Weights correctly
          hist nEntries =  2311.0
          hist integral =  118.226467106
  Process =  tbar scalar
      Dataset =  tWChan_Mchi1Mphi100  ||   nEvents =  200000
          hist nEntries =  605.0
          hist integral =  5.70503008598
      Dataset =  tChan_Mchi1Mphi100  ||   nEvents =  500000
          hist nEntries =  809.0
          hist integral =  15.0841436712
  Process =  WW
      Dataset =  WWTo1L1Nu2Q  ||   nEvents =  5246469
          hist nEntries =  84.0
          hist integral =  28.8366773129
      Dataset =  WWTo4Q  ||   nEvents =  30324343
          hist nEntries =  16.0
          hist integral =  0.798291699335
      Dataset =  WWTo2L2Nu  ||   nEvents =  1999000
          hist nEntries =  11.0
          hist integral =  2.46478839079
  Process =  ttbarPlusJets
      Dataset =  TTToSemiLepton  ||   nEvents =  152669800
          hist nEntries =  35411.0
          hist integral =  2903.8677969
      Dataset =  TTTo2L2Nu  ||   nEvents =  7914TFile::Append:0: RuntimeWarning: Replacing existing TH1: hist (Potential memory leak).
TFile::Append:0: RuntimeWarning: Replacing existing TH1: hist (Potential memory leak).
TFile::Append:0: RuntimeWarning: Replacing existing TH1: hist (Potential memory leak).
TFile::Append:0: RuntimeWarning: Replacing existing TH1: hist (Potential memory leak).
TFile::Append:0: RuntimeWarning: Replacing existing TH1: hist (Potential memory leak).
TFile::Append:0: RuntimeWarning: Replacing existing TH1: hist (Potential memory leak).
TFile::Append:0: RuntimeWarning: Replacing existing TH1: hist (Potential memory leak).
TFile::Append:0: RuntimeWarning: Replacing existing TH1: hist (Potential memory leak).
TFile::Append:0: RuntimeWarning: Replacing existing TH1: hist (Potential memory leak).
TFile::Append:0: RuntimeWarning: Replacing existing TH1: hist (Potential memory leak).
TFile::Append:0: RuntimeWarning: Replacing existing TH1: hist (Potential memory leak).
TFile::Append:0: RuntimeWarning: Replacing existing TH1: hist (Potential memory leak).
TFile::Append:0: RuntimeWarning: Replacing existing TH1: hist (Potential memory leak).
TFile::Append:0: RuntimeWarning: Replacing existing TH1: hist (Potential memory leak).
TFile::Append:0: RuntimeWarning: Replacing existing TH1: hist (Potential memory leak).
TFile::Append:0: RuntimeWarning: Replacing existing TH1: hist (Potential memory leak).
TFile::Append:0: RuntimeWarning: Replacing existing TH1: hist (Potential memory leak).
TFile::Append:0: RuntimeWarning: Replacing existing TH1: hist (Potential memory leak).
TFile::Append:0: RuntimeWarning: Replacing existing TH1: hist (Potential memory leak).
TFile::Append:0: RuntimeWarning: Replacing existing TH1: hist (Potential memory leak).
TFile::Append:0: RuntimeWarning: Replacing existing TH1: hist (Potential memory leak).
TFile::Append:0: RuntimeWarning: Replacing existing TH1: hist (Potential memory leak).
TFile::Append:0: RuntimeWarning: Replacing existing TH1: hist (Potential memory leak).
TFile::Append:0: RuntimeWarning: Replacing existing TH1: hist (Potential memory leak).
TFile::Append:0: RuntimeWarning: Replacing existing TH1: hist (Potential memory leak).
TFile::Append:0: RuntimeWarning: Replacing existing TH1: hist (Potential memory leak).
TFile::Append:0: RuntimeWarning: Replacing existing TH1: hist (Potential memory leak).
TFile::Append:0: RuntimeWarning: Replacing existing TH1: hist (Potential memory leak).
TFile::Append:0: RuntimeWarning: Replacing existing TH1: hist (Potential memory leak).
TFile::Append:0: RuntimeWarning: Replacing existing TH1: hist (Potential memory leak).
0880
          hist nEntries =  9035.0
          hist integral =  339.995600939
  Process =  ttbar scalar
      Dataset =  ttDM_MChi1_MPhi100_scalar  ||   nEvents =  2625075
          hist nEntries =  4351.0
          hist integral =  41.088720487
  Process =  ZZ
      Dataset =  ZZTo2Q2Nu  ||   nEvents =  52855410
          hist nEntries =  184.0
          hist integral =  0.528064603452
      Dataset =  ZZTo4L  ||   nEvents =  103121112
          hist nEntries =  43.0
          hist integral =  0.0195791938459
      Dataset =  ZZTo2L2Q  ||   nEvents =  15462693
          hist nEntries =  106.0
          hist integral =  0.842112752143
      Dataset =  ZZTo2L2Nu  ||   nEvents =  52855410
          hist nEntries =  184.0
          hist integral =  0.0737199090654
      Dataset =  ZZTo4Q  ||   nEvents =  30636849
          hist nEntries =  90.0
          hist integral =  0.68968857592
  Process =  QCD
      Dataset =  HT700To1000  ||   nEvents =  37233786
          hist nEntries =  199.0
          hist integral =  1223.58197021
      Dataset =  HT500To700  ||   nEvents =  62622029
          hist nEntries =  13.0
          hist integral =  153.438371181
      Dataset =  HT2000ToInf  ||   nEvents =  5804179
          hist nEntries =  3633.0
          hist integral =  582.501195714
      Dataset =  HT1000To1500  ||   nEvents =  15210939
          hist nEntries =  1047.0
          hist integral =  2872.09105003
      Dataset =  HT1500To2000  ||   nEvents =  11839357
          hist nEntries =  3627.0
          hist integral =  1258.72944786
      Dataset =  HT100To200  ||   nEvents =  82293477
          hist nEntries =  0.0
          hist integral =  0.0
      Dataset =  HT300To500  ||   nEvents =  54552852
          hist nEntries =  0.0
          hist integral =  0.0
      Dataset =  HT200To300  ||   nEvents =  57580393
          hist nEntries =  0.0
          hist integral =  0.0
  Process =  WZ
      Dataset =  WZTo2Q2Nu  ||   nEvents =  17725159
          hist nEntries =  1410.0
          hist integral =  18.3128082501
      Dataset =  WZTo2L2Q  ||   nEvents =  26445785
          hist nEntries =  306.0
          hist integral =  2.47780797724
      Dataset =  WZTo3LNu  ||   nEvents =  19993200
          hist nEntries =  74.0
          hist integral =  0.629463044927
      Dataset =  WZTo1L3Nu  ||   nEvents =  1703772
          hist nEntries =  35.0
          hist integral =  2.26035218686
      Dataset =  WZTo1L1Nu2Q  ||   nEvents =  24311445
          hist nEntries =  1151.0
          hist integral =  17.6382231181
  Process =  TTV
      Dataset =  TTZToQQ  ||   nEvents =  749400
          hist nEntries =  525.0
          hist integral =  12.8330238489
      Dataset =  TTWJetsToLNu  ||   nEvents =  5280565
          hist nEntries =  4374.0
          hist integral =  5.84469182813
      Dataset =  TTWJetsToQQ  ||   nEvents =  833298
          hist nEntries =  924.0
          hist integral =  15.5205708276
      Dataset =  TTZToLLNuNu  ||   nEvents =  13692628
          hist nEntries =  23695.0
          hist integral =  14.9957054779
  Process =  ZTo2L
      Dataset =  HT600To800  ||   nEvents =  8292957
Applied ZTo2L qcd/ewk Weights correctly
          hist nEntries =  1614.0
          hist integral =  11.1632956685
      Dataset =  HT1200To2500  ||   nEvents =  596079
Applied ZTo2L qcd/ewk Weights correctly
          hist nEntries =  454.0
          hist integral =  4.68109364808
      Dataset =  HT100To200  ||   nEvents =  11017086
Applied ZTo2L qcd/ewk Weights correctly
          hist nEntries =  0.0
          hist integral =  0.0
      Dataset =  HT2500ToInf  ||   nEvents =  399492
Applied ZTo2L qcd/ewk Weights correctly
          hist nEntries =  322.0
          hist integral =  0.138683952828
      Dataset =  HT800To1200  ||   nEvents =  2673066
Applied ZTo2L qcd/ewk Weights correctly
          hist nEntries =  1217.0
          hist integral =  11.2948728018
      Dataset =  HT200To400  ||   nEvents =  9609137
Applied ZTo2L qcd/ewk Weights correctly
          hist nEntries =  6.0
          hist integral =  1.2892152TFile::Append:0: RuntimeWarning: Replacing existing TH1: hist (Potential memory leak).
TFile::Append:0: RuntimeWarning: Replacing existing TH1: hist (Potential memory leak).
TFile::Append:0: RuntimeWarning: Replacing existing TH1: hist (Potential memory leak).
TFile::Append:0: RuntimeWarning: Replacing existing TH1: hist (Potential memory leak).
TFile::Append:0: RuntimeWarning: Replacing existing TH1: hist (Potential memory leak).
TFile::Append:0: RuntimeWarning: Replacing existing TH1: hist (Potential memory leak).
TFile::Append:0: RuntimeWarning: Replacing existing TH1: hist (Potential memory leak).
TFile::Append:0: RuntimeWarning: Replacing existing TH1: hist (Potential memory leak).
TFile::Append:0: RuntimeWarning: Replacing existing TH1: hist (Potential memory leak).
TFile::Append:0: RuntimeWarning: Replacing existing TH1: hist (Potential memory leak).
TFile::Append:0: RuntimeWarning: Replacing existing TH1: hist (Potential memory leak).
TFile::Append:0: RuntimeWarning: Replacing existing TH1: hist (Potential memory leak).
TFile::Append:0: RuntimeWarning: Replacing existing TH1: hist (Potential memory leak).
TFile::Append:0: RuntimeWarning: Replacing existing TH1: hist (Potential memory leak).
22
      Dataset =  HT400To600  ||   nEvents =  9725661
Applied ZTo2L qcd/ewk Weights correctly
          hist nEntries =  337.0
          hist integral =  8.92361374944
  Process =  singleTop
      Dataset =  ST_s-channel  ||   nEvents =  1000000
          hist nEntries =  107.0
          hist integral =  12.8680830598
      Dataset =  ST_t-channel_antitop  ||   nEvents =  38811017
          hist nEntries =  719.0
          hist integral =  51.3366165012
      Dataset =  ST_tW_top  ||   nEvents =  6952830
          hist nEntries =  711.0
          hist integral =  127.161422849
      Dataset =  ST_t-channel_top  ||   nEvents =  58403420
          hist nEntries =  1711.0
          hist integral =  137.498253018
      Dataset =  ST_tW_antitop  ||   nEvents =  6933094
          hist nEntries =  682.0
          hist integral =  123.567022577
  Process =  WPlusJets
      Dataset =  HT200To400  ||   nEvents =  38984322
Applied WPlusJets qcd/ewk Weights correctly
          hist nEntries =  93.0
          hist integral =  37.3680353761
      Dataset =  HT70To100  ||   nEvents =  10020533
Applied WPlusJets qcd/ewk Weights correctly
          hist nEntries =  0.0
          hist integral =  0.0
      Dataset =  HT600To800  ||   nEvents =  18687480
Applied WPlusJets qcd/ewk Weights correctly
          hist nEntries =  5600.0
          hist integral =  143.281333063
      Dataset =  HT1200To2500  ||   nEvents =  6872441
Applied WPlusJets qcd/ewk Weights correctly
          hist nEntries =  9521.0
          hist integral =  300.512762599
      Dataset =  HT100To200  ||   nEvents =  78043017
Applied WPlusJets qcd/ewk Weights correctly
          hist nEntries =  0.0
          hist integral =  0.0
      Dataset =  HT400To600  ||   nEvents =  7687800
Applied WPlusJets qcd/ewk Weights correctly
          hist nEntries =  633.0
          hist integral =  171.639204815
      Dataset =  HT2500ToInf  ||   nEvents =  2637821
Applied WPlusJets qcd/ewk Weights correctly
          hist nEntries =  4152.0
          hist integral =  2.24088693224
      Dataset =  HT800To1200  ||   nEvents =  7830536
Applied WPlusJets qcd/ewk Weights correctly
          hist nEntries =  5276.0
          hist integral =  34.9720110957
-----------------------------
Total data background nEvents =  11258.0
Total data background integral =  11258.0
-----------------------------
Total MC background nEvents =  136775.0
Total MC background integral =  11082.7714144
-----------------------------
Total tt+DM signal nEvents =  4351.0
Total tt+DM signal integral =  41.088720487
-----------------------------
Total t+DM signal nEvents =  1414.0
Total t+DM signal integral =  20.7891737688
-----------------------------
FOM for tt+DM signal =  0.390299890555
FOM for t+DM signal =  0.197475417841
-----------------------------
Data bin errors:
    bin 0: 0.0
    bin 1: 0.0
    bin 2: 13.7113092008
    bin 3: 24.8797106092
    bin 4: 29.6647939484
    bin 5: 32.0624390838
    bin 6: 33.8673884438
    bin 7: 32.4807635378
    bin 8: 32.0936130718
    bin 9: 29.5127091267
    bin 10: 27.276363394
    bin 11: 24.7588368063
    bin 12: 23.1948270095
    bin 13: 21.2602916255
    bin 14: 18.6547581062
    bin 15: 17.691806013
    bin 16: 16.6132477258
    bin 17: 14.0712472795
    bin 18: 12.409673646
    bin 19: 11.7046999107
    bin 20: 10.295630141
    bin 21: 9.53939201417
    bin 22: 7.68114574787
    bin 23: 7.68114574787
    bin 24: 6.92820323028
    bin 25: 6.40312423743
    bin 26: 5.9160797831
    bin 27: 5.0
    bin 28: 5.9160797831
    bin 29: 4.89897948557
    bin 30: 3.87298334621
-----------------------------
MC background bin errors:
    bin 0: 0.0
    bin 1: 0.00108586362946
    bin 2: 11.7586045981
    bin 3: 30.5878175423
    bin 4: 46.8881522674
    bin 5: 50.7385981208
    bin 6: 48.9652761393
    bin 7: 49.3526438759
    bin 8: 45.3298733044
    bin 9: 48.9804018789
    bin 10: 41.6386631688
    bin 11: 31.8828713377
    bin 12: 31.7233554872
    bin 13: 24.821094348
    bin 14: 21.5017521475
    bin 15: 16.8273434302
    bin 16: 13.2581115946
    bin 17: 8.9255268803Info in <TCanvas::Print>: png file plots/2018_QCDCR_debugging/RunII_plots/Jet_pt/09_14_2021/AH0lQR2016_Jet_pt[index_centralJets[1]]_09_14_2021_noleadingfjet.png has been created
4
    bin 18: 8.48958999679
    bin 19: 7.40998716734
    bin 20: 7.12435198074
    bin 21: 5.69602519757
    bin 22: 4.20167434192
    bin 23: 3.90372293762
    bin 24: 3.72761694627
    bin 25: 3.12261002296
    bin 26: 2.74339754737
    bin 27: 2.71245780597
    bin 28: 2.44344486437
    bin 29: 2.31387318646
    bin 30: 2.09190673303
-----------------------------
tt+DM bin errors:
    bin 0: 0.0
    bin 1: 0.0
    bin 2: 0.0872329850547
    bin 3: 0.190854440691
    bin 4: 0.264072231357
    bin 5: 0.259473720835
    bin 6: 0.24583066366
    bin 7: 0.222959355078
    bin 8: 0.201170625943
    bin 9: 0.159571761784
    bin 10: 0.127708377228
    bin 11: 0.0982458863336
    bin 12: 0.0809983933861
    bin 13: 0.0841997428344
    bin 14: 0.0791759278583
    bin 15: 0.0731506152609
    bin 16: 0.0535560441499
    bin 17: 0.0457797932735
    bin 18: 0.0472435562731
    bin 19: 0.0337556461842
    bin 20: 0.0309311238835
    bin 21: 0.0304352386205
    bin 22: 0.0303365356704
    bin 23: 0.0188803226402
    bin 24: 0.019026563034
    bin 25: 0.0387114864447
    bin 26: 0.0176722370119
    bin 27: 0.0399905064566
    bin 28: 0.00467692448874
    bin 29: 0.00587600202849
    bin 30: 0.0115945555187
-----------------------------
t+DM bin errors:
    bin 0: 0.0
    bin 1: 0.0
    bin 2: 0.167679570142
    bin 3: 0.270856005201
    bin 4: 0.262688979074
    bin 5: 0.244344656292
    bin 6: 0.190371291192
    bin 7: 0.16563376031
    bin 8: 0.139979158913
    bin 9: 0.106871253381
    bin 10: 0.091621104235
    bin 11: 0.0942341329999
    bin 12: 0.06905327676
    bin 13: 0.0655690875471
    bin 14: 0.0342253181385
    bin 15: 0.0416996971757
    bin 16: 0.0377523987584
    bin 17: 0.034199426374
    bin 18: 0.0569819012801
    bin 19: 0.0304495486122
    bin 20: 0.0142239761587
    bin 21: 0.0189301107244
    bin 22: 0.0215417738949
    bin 23: 0.0
    bin 24: 0.0439481509171
    bin 25: 0.0231510893996
    bin 26: 0.0437806736141
    bin 27: 0.0
    bin 28: 0.0131725019589
    bin 29: 0.0
    bin 30: 0.0
-----------------------------
ZTo2Nu hist info:
    nEvents =  17443.0
    integral =  443.864111781
tbar scalar hist info:
    nEvents =  1414.0
    integral =  20.7891737688
TTTo2L2Nu hist info:
    nEvents =  9035.0
    integral =  339.995600939
singleTop hist info:
    nEvents =  3930.0
    integral =  452.431405723
TTV hist info:
    nEvents =  29518.0
    integral =  49.1939921763
bkgSum hist info:
    nEvents =  136775.0
    integral =  11082.7714144
ttbar scalar hist info:
    nEvents =  4351.0
    integral =  41.088720487
VV hist info:
    nEvents =  3694.0
    integral =  75.5715764984
QCD hist info:
    nEvents =  8519.0
    integral =  6090.34212303
ZTo2L hist info:
    nEvents =  3950.0
    integral =  37.4907750823
data hist info:
    nEvents =  11258.0
    integral =  11258.0
WPlusJets hist info:
    nEvents =  25275.0
    integral =  690.014235854
TTToSemiLepton hist info:
    nEvents =  35411.0
    integral =  2903.8677969
Finished filling histograms
Creating stacked MC background histogram...
Finished stacking MC background histograms.
Drawing histograms...
Finished drawing histograms
Drawing ratio plot...
Finished drawing ratio plot
Plotting end time: 2021-09-15 07:58:22.892951
