Plotting start time: 2021-06-09 17:53:24.488652
Cut name =  AH0lQR
MC Selection Cuts =  (nVetoElectrons + nLooseMuons) == 0 && njets >= 3 && nbjets >= 1 && METcorrected_pt >= 250 && ntaus == 0 && Flag_goodVertices && Flag_globalSuperTightHalo2016Filter && Flag_HBHENoiseFilter && Flag_HBHENoiseIsoFilter && Flag_EcalDeadCellTriggerPrimitiveFilter && Flag_BadPFMuonFilter && Flag_ecalBadCalibFilterV2 && (HLT_PFMETNoMu120_PFMHTNoMu120_IDTight || HLT_PFMETNoMu120_PFMHTNoMu120_IDTight_PFHT60) && minDeltaPhi12 <= 0.8
Data Selection Cuts =  (nVetoElectrons + nLooseMuons) == 0 && njets >= 3 && nbjets >= 1 && METcorrected_pt >= 250 && ntaus == 0 && Flag_goodVertices && Flag_globalSuperTightHalo2016Filter && Flag_HBHENoiseFilter && Flag_HBHENoiseIsoFilter && Flag_EcalDeadCellTriggerPrimitiveFilter && Flag_BadPFMuonFilter && Flag_ecalBadCalibFilterV2 && (HLT_PFMETNoMu120_PFMHTNoMu120_IDTight || HLT_PFMETNoMu120_PFMHTNoMu120_IDTight_PFHT60) && minDeltaPhi12 <= 0.8 && Flag_eeBadScFilter
var =  METcorrected_pt
year =  2018
lumi =  38.75
saveDirectory =  plots/CR_2018/METcorrected_pt/
date =  06_03_2021
Creating histograms..
Finished making systematic histogram dictionary
Drawing data and ratio plot...
Selected MET dataset
Loading data sample root files and event trees...
    nevents in filepath = /hdfs/store/user/vshang/MET_Run2018A/MET/ModuleCommonSkim_03182021/tree_all.root: 4338130
    nevents in filepath = /hdfs/store/user/vshang/MET_Run2018B/MET/ModuleCommonSkim_03182021/tree_all.root: 2300909
    nevents in filepath = /hdfs/store/user/vshang/MET_Run2018C/MET/ModuleCommonSkim_03182021/tree_all.root: 3614913
    nevents in filepath = /hdfs/store/user/vshang/MET_Run2018D/MET/ModuleCommonSkim_03182021/tree_all.root: 19758039
    total nevents in  MET :  30011991
Got data sample root files and event trees
Loading MC sample root files and event trees...
    nevents in  ZTo2Nu   HT600To800 :  5748975
    nevents in  ZTo2Nu   HT1200To2500 :  343198
    nevents in  ZTo2Nu   HT100To200 :  23702894
    nevents in  ZTo2Nu   HT2500ToInf :  359639
    nevents in  ZTo2Nu   HT800To1200 :  2066798
    nevents in  ZTo2Nu   HT200To400 :  23276346
    nevents in  ZTo2Nu   HT400To600 :  9511100
    nevents in  WW   WWTo1L1Nu2Q :  4683136
    nevents in  WW   WWTo4Q :  3790800
    nevents in  WW   WWTo2L2Nu :  7758900
    nevents in  ttbarPlusJets   TTToSemiLepton :  300619998
    nevents in  ttbarPlusJets   TTTo2L2Nu :  64310000
    nevents in  ttbar scalar   ttDM_MChi1_MPhi100_scalar :  1842523
    nevents in  ZZ   ZZTo2Q2Nu :  57633049
    nevents in  ZZ   ZZTo4L :  124649500
    nevents in  ZZ   ZZTo2L2Q :  27900469
    nevents in  ZZ   ZZTo2L2Nu :  56428600
    nevents in  QCD   HT700To1000 :  48158738
    nevents in  QCD   HT500To700 :  55152960
    nevents in  QCD   HT2000ToInf :  5475677
    nevents in  QCD   HT1000To1500 :  15466225
    nevents in  QCD   HT1500To2000 :  10955087
    nevents in  QCD   HT100To200 :  93972378
    nevents in  QCD   HT300To500 :  54661579
    nevents in  QCD   HT200To300 :  54289442
    nevents in  WZ   WZTo2Q2Nu :  30887331
    nevents in  WZ   WZTo2L2Q :  28193648
    nevents in  WZ   WZTo3LNu :  11248318
    nevents in  WZ   WZTo1L3Nu :  1690064
    nevents in  WZ   WZTo1L1Nu2Q :  18273533
    nevents in  ttbar pseudoscalar   ttDM_MChi1_MPhi100_pseudo :  1607992
    nevents in  TTV   TTZToQQ :  9572000
    nevents in  TTV   TTWJetsToLNu :  4911941
    nevents in  TTV   TTWJetsToQQ :  835296
    nevents in  TTV   TTZToLLNuNu :  13280000
    nevents in  ZTo2L   HT600To800 :  8862104
    nevents in  ZTo2L   HT1200To2500 :  536416
    nevents in  ZTo2L   HT100To200 :  11530510
    nevents in  ZTo2L   HT2500ToInf :  427051
    nevents in  ZTo2L   HT800To1200 :  3138129
    nevents in  ZTo2L   HT200To400 :  10860690
    nevents in  ZTo2L   HT400To600 :  46161988
    nevents in  singleTop   ST_s-channel :  19890000
    nevents in  singleTop   ST_t-channel_antitop :  79090800
    nevents in  singleTop   ST_tW_top :  9598000
    nevents in  singleTop   ST_t-channel_top :  154307600
    nevents in  singleTop   ST_tW_antitInfo in <TCanvas::MakeDefCanvas>:  created default TCanvas with name c1
TFile::Append:0: RuntimeWarning: Replacing existing TH1: hist (Potential memory leak).
TFile::Append:0: RuntimeWarning: Replacing existing TH1: hist (Potential memory leak).
TFile::Append:0: RuntimeWarning: Replacing existing TH1: hist (Potential memory leak).
TFile::Append:0: RuntimeWarning: Replacing existing TH1: hist (Potential memory leak).
TFile::Append:0: RuntimeWarning: Replacing existing TH1: hist (Potential memory leak).
TFile::Append:0: RuntimeWarning: Replacing existing TH1: hist (Potential memory leak).
TFile::Append:0: RuntimeWarning: Replacing existing TH1: hist (Potential memory leak).
TFile::Append:0: RuntimeWarning: Replacing existing TH1: hist (Potential memory leak).
TFile::Append:0: RuntimeWarning: Replacing existing TH1: hist (Potential memory leak).
TFile::Append:0: RuntimeWarning: Replacing existing TH1: hist (Potential memory leak).
TFile::Append:0: RuntimeWarning: Replacing existing TH1: hist (Potential memory leak).
TFile::Append:0: RuntimeWarning: Replacing existing TH1: hist (Potential memory leak).
TFile::Append:0: RuntimeWarning: Replacing existing TH1: hist (Potential memory leak).
TFile::Append:0: RuntimeWarning: Replacing existing TH1: hist (Potential memory leak).
TFile::Append:0: RuntimeWarning: Replacing existing TH1: hist (Potential memory leak).
TFile::Append:0: RuntimeWarning: Replacing existing TH1: hist (Potential memory leak).
TFile::Append:0: RuntimeWarning: Replacing existing TH1: hist (Potential memory leak).
TFile::Append:0: RuntimeWarning: Replacing existing TH1: hist (Potential memory leak).
TFile::Append:0: RuntimeWarning: Replacing existing TH1: hist (Potential memory leak).
TFile::Append:0: RuntimeWarning: Replacing existing TH1: hist (Potential memory leak).
TFile::Append:0: RuntimeWarning: Replacing existing TH1: hist (Potential memory leak).
TFile::Append:0: RuntimeWarning: Replacing existing TH1: hist (Potential memory leak).
TFile::Append:0: RuntimeWarning: Replacing existing TH1: hist (Potential memory leak).
TFile::Append:0: RuntimeWarning: Replacing existing TH1: hist (Potential memory leak).
op :  7527000
    nevents in  WPlusJets   HT200To400 :  25468933
    nevents in  WPlusJets   HT70To100 :  28084244
    nevents in  WPlusJets   HT600To800 :  19771294
    nevents in  WPlusJets   HT1200To2500 :  7633949
    nevents in  WPlusJets   HT100To200 :  29425374
    nevents in  WPlusJets   HT400To600 :  5932701
    nevents in  WPlusJets   HT2500ToInf :  3273980
    nevents in  WPlusJets   HT800To1200 :  8402687
Got MC sample root files and event trees
Filling histograms...
  Dataset =  MET  ||   nEvents =  30011991
    hist nEntries =  0.0
    hist integral =  0.0
    hist_data nEntries =  0.0
    hist_data integral =  0.0
    hist nEntries =  51.0
    hist integral =  51.0
    hist_data nEntries =  51.0
    hist_data integral =  51.0
    hist nEntries =  18857.0
    hist integral =  18857.0
    hist_data nEntries =  18908.0
    hist_data integral =  18908.0
    hist nEntries =  92027.0
    hist integral =  92027.0
    hist_data nEntries =  110935.0
    hist_data integral =  110935.0
  Process =  ZTo2Nu
      Dataset =  HT600To800  ||   nEvents =  5748975
Applied ZTo2Nu qcd/ewk Weights correctly
          hist nEntries =  27825.0
          hist integral =  719.772230148
      Dataset =  HT1200To2500  ||   nEvents =  343198
Applied ZTo2Nu qcd/ewk Weights correctly
          hist nEntries =  5687.0
          hist integral =  241.797040701
      Dataset =  HT100To200  ||   nEvents =  23702894
Applied ZTo2Nu qcd/ewk Weights correctly
          hist nEntries =  2.0
          hist integral =  0.708847619593
      Dataset =  HT2500ToInf  ||   nEvents =  359639
Applied ZTo2Nu qcd/ewk Weights correctly
          hist nEntries =  7639.0
          hist integral =  4.83832488954
      Dataset =  HT800To1200  ||   nEvents =  2066798
Applied ZTo2Nu qcd/ewk Weights correctly
          hist nEntries =  20302.0
          hist integral =  641.05780983
      Dataset =  HT200To400  ||   nEvents =  23276346
Applied ZTo2Nu qcd/ewk Weights correctly
          hist nEntries =  743.0
          hist integral =  151.88908802
      Dataset =  HT400To600  ||   nEvents =  9511100
Applied ZTo2Nu qcd/ewk Weights correctly
          hist nEntries =  12417.0
          hist integral =  817.592879638
  Process =  WW
      Dataset =  WWTo1L1Nu2Q  ||   nEvents =  4683136
          hist nEntries =  202.0
          hist integral =  155.632136434
      Dataset =  WWTo4Q  ||   nEvents =  3790800
          hist nEntries =  3.0
          hist integral =  1.62774157524
      Dataset =  WWTo2L2Nu  ||   nEvents =  7758900
          hist nEntries =  110.0
          hist integral =  7.55154364556
  Process =  ttbarPlusJets
      Dataset =  TTToSemiLepton  ||   nEvents =  300619998
          hist nEntries =  274367.0
          hist integral =  12762.0262833
      Dataset =  TTTo2L2Nu  ||   nEvents =  64310000
          hist nEntries =  27375.0
          hist integral =  1430.77457714
  Process =  ttbar scalar
      Dataset =  ttDM_MChi1_MPhi100_scalar  ||   nEvents =  1842523
          hist nEntries =  11600.0
          hist integral =  175.395346761
  Process =  ZZ
      Dataset =  ZZTo2Q2Nu  ||   nEvents =  57633049
          hist nEntries =  10041.0
          hist integral =  30.9699846208
      Dataset =  ZZTo4L  ||   nEvents =  124649500
          hist nEntries =  147.0
          hist integral =  0.0809899306623
      Dataset =  ZZTo2L2Q  ||   nEvents =  27900469
          hist nEntries =  793.0
          hist integral =  4.90474929474
      Dataset =  ZZTo2L2Nu  ||   nEvents =  56428600
          hist nEntries =  752.0
          hist integral =  0.353152273223
  Process =  QCD
      Dataset =  HT700To1000  ||   nEvents =  48158738
          hist nEntries =  1575.0
          hist integral =  7822.71017742
      Dataset =  HT500To700  ||   nEvents =  55152960
          hist nEntries =  59.0
          hist integral =  1108.44207573
      Dataset =  HT2000ToInf  ||   nEvents =  5475677
          hist nEntries =  17979.0
          hist integral =  2608.13302231
      Dataset =  HT1000To1500  ||   nEvents =  15466225
          hist nEntries =  5806.0
          hisTFile::Append:0: RuntimeWarning: Replacing existing TH1: hist (Potential memory leak).
TFile::Append:0: RuntimeWarning: Replacing existing TH1: hist (Potential memory leak).
TFile::Append:0: RuntimeWarning: Replacing existing TH1: hist (Potential memory leak).
TFile::Append:0: RuntimeWarning: Replacing existing TH1: hist (Potential memory leak).
TFile::Append:0: RuntimeWarning: Replacing existing TH1: hist (Potential memory leak).
TFile::Append:0: RuntimeWarning: Replacing existing TH1: hist (Potential memory leak).
TFile::Append:0: RuntimeWarning: Replacing existing TH1: hist (Potential memory leak).
TFile::Append:0: RuntimeWarning: Replacing existing TH1: hist (Potential memory leak).
TFile::Append:0: RuntimeWarning: Replacing existing TH1: hist (Potential memory leak).
TFile::Append:0: RuntimeWarning: Replacing existing TH1: hist (Potential memory leak).
TFile::Append:0: RuntimeWarning: Replacing existing TH1: hist (Potential memory leak).
TFile::Append:0: RuntimeWarning: Replacing existing TH1: hist (Potential memory leak).
TFile::Append:0: RuntimeWarning: Replacing existing TH1: hist (Potential memory leak).
TFile::Append:0: RuntimeWarning: Replacing existing TH1: hist (Potential memory leak).
TFile::Append:0: RuntimeWarning: Replacing existing TH1: hist (Potential memory leak).
TFile::Append:0: RuntimeWarning: Replacing existing TH1: hist (Potential memory leak).
TFile::Append:0: RuntimeWarning: Replacing existing TH1: hist (Potential memory leak).
TFile::Append:0: RuntimeWarning: Replacing existing TH1: hist (Potential memory leak).
TFile::Append:0: RuntimeWarning: Replacing existing TH1: hist (Potential memory leak).
TFile::Append:0: RuntimeWarning: Replacing existing TH1: hist (Potential memory leak).
TFile::Append:0: RuntimeWarning: Replacing existing TH1: hist (Potential memory leak).
TFile::Append:0: RuntimeWarning: Replacing existing TH1: hist (Potential memory leak).
TFile::Append:0: RuntimeWarning: Replacing existing TH1: hist (Potential memory leak).
TFile::Append:0: RuntimeWarning: Replacing existing TH1: hist (Potential memory leak).
TFile::Append:0: RuntimeWarning: Replacing existing TH1: hist (Potential memory leak).
TFile::Append:0: RuntimeWarning: Replacing existing TH1: hist (Potential memory leak).
TFile::Append:0: RuntimeWarning: Replacing existing TH1: hist (Potential memory leak).
TFile::Append:0: RuntimeWarning: Replacing existing TH1: hist (Potential memory leak).
t integral =  15643.4755268
      Dataset =  HT1500To2000  ||   nEvents =  10955087
          hist nEntries =  17158.0
          hist integral =  5958.78933334
      Dataset =  HT100To200  ||   nEvents =  93972378
          hist nEntries =  0.0
          hist integral =  0.0
      Dataset =  HT300To500  ||   nEvents =  54661579
          hist nEntries =  3.0
          hist integral =  367.799499512
      Dataset =  HT200To300  ||   nEvents =  54289442
          hist nEntries =  0.0
          hist integral =  0.0
  Process =  WZ
      Dataset =  WZTo2Q2Nu  ||   nEvents =  30887331
          hist nEntries =  8360.0
          hist integral =  74.8905659318
      Dataset =  WZTo2L2Q  ||   nEvents =  28193648
          hist nEntries =  1027.0
          hist integral =  11.267850019
      Dataset =  WZTo3LNu  ||   nEvents =  11248318
          hist nEntries =  161.0
          hist integral =  3.7335190475
      Dataset =  WZTo1L3Nu  ||   nEvents =  1690064
          hist nEntries =  98.0
          hist integral =  8.58062843978
      Dataset =  WZTo1L1Nu2Q  ||   nEvents =  18273533
          hist nEntries =  3271.0
          hist integral =  86.3418200016
  Process =  ttbar pseudoscalar
      Dataset =  ttDM_MChi1_MPhi100_pseudo  ||   nEvents =  1607992
          hist nEntries =  12920.0
          hist integral =  59.9286139011
  Process =  TTV
      Dataset =  TTZToQQ  ||   nEvents =  9572000
          hist nEntries =  21469.0
          hist integral =  44.3698787689
      Dataset =  TTWJetsToLNu  ||   nEvents =  4911941
          hist nEntries =  12934.0
          hist integral =  22.177981928
      Dataset =  TTWJetsToQQ  ||   nEvents =  835296
          hist nEntries =  2698.0
          hist integral =  54.3501853049
      Dataset =  TTZToLLNuNu  ||   nEvents =  13280000
          hist nEntries =  68126.0
          hist integral =  48.2340531647
  Process =  ZTo2L
      Dataset =  HT600To800  ||   nEvents =  8862104
Applied ZTo2L qcd/ewk Weights correctly
          hist nEntries =  10947.0
          hist integral =  84.6056857109
      Dataset =  HT1200To2500  ||   nEvents =  536416
Applied ZTo2L qcd/ewk Weights correctly
          hist nEntries =  1924.0
          hist integral =  23.4065715671
      Dataset =  HT100To200  ||   nEvents =  11530510
Applied ZTo2L qcd/ewk Weights correctly
          hist nEntries =  0.0
          hist integral =  0.0
      Dataset =  HT2500ToInf  ||   nEvents =  427051
Applied ZTo2L qcd/ewk Weights correctly
          hist nEntries =  1854.0
          hist integral =  0.619944716804
      Dataset =  HT800To1200  ||   nEvents =  3138129
Applied ZTo2L qcd/ewk Weights correctly
          hist nEntries =  8245.0
          hist integral =  72.3914259672
      Dataset =  HT200To400  ||   nEvents =  10860690
Applied ZTo2L qcd/ewk Weights correctly
          hist nEntries =  59.0
          hist integral =  15.4227350056
      Dataset =  HT400To600  ||   nEvents =  46161988
Applied ZTo2L qcd/ewk Weights correctly
          hist nEntries =  10914.0
          hist integral =  76.1826133523
  Process =  singleTop
      Dataset =  ST_s-channel  ||   nEvents =  19890000
          hist nEntries =  10209.0
          hist integral =  73.931055367
      Dataset =  ST_t-channel_antitop  ||   nEvents =  79090800
          hist nEntries =  4802.0
          hist integral =  158.678130239
      Dataset =  ST_tW_top  ||   nEvents =  9598000
          hist nEntries =  3263.0
          hist integral =  461.306910515
      Dataset =  ST_t-channel_top  ||   nEvents =  154307600
          hist nEntries =  15057.0
          hist integral =  425.404531717
      Dataset =  ST_tW_antitop  ||   nEvents =  7527000
          hist nEntries =  2726.0
          hist integral =  493.197214127
  Process =  WPlusJets
      Dataset =  HT200To400  ||   nEvents =  25468933
Applied WPlusJets qcd/ewk Weights correctly
          hist nEntries =  466.0
          hist integral =  374.830213979
      Dataset =  HT70To100  ||   nEvents =  28084244
Applied WPlusJets qcd/ewk Weights correctly
          hist nEntries =  1.0
          hist integrTFile::Append:0: RuntimeWarning: Replacing existing TH1: hist (Potential memory leak).
TFile::Append:0: RuntimeWarning: Replacing existing TH1: hist (Potential memory leak).
TFile::Append:0: RuntimeWarning: Replacing existing TH1: hist (Potential memory leak).
TFile::Append:0: RuntimeWarning: Replacing existing TH1: hist (Potential memory leak).
TFile::Append:0: RuntimeWarning: Replacing existing TH1: hist (Potential memory leak).
TFile::Append:0: RuntimeWarning: Replacing existing TH1: hist (Potential memory leak).
Info in <TCanvas::Print>: png file AH0lQR2018_METcorrected_pt_06_03_2021_postHEM.png has been created
al =  3.5687057972
      Dataset =  HT600To800  ||   nEvents =  19771294
Applied WPlusJets qcd/ewk Weights correctly
          hist nEntries =  30974.0
          hist integral =  834.524132252
      Dataset =  HT1200To2500  ||   nEvents =  7633949
Applied WPlusJets qcd/ewk Weights correctly
          hist nEntries =  45821.0
          hist integral =  253.206563711
      Dataset =  HT100To200  ||   nEvents =  29425374
Applied WPlusJets qcd/ewk Weights correctly
          hist nEntries =  0.0
          hist integral =  0.0
      Dataset =  HT400To600  ||   nEvents =  5932701
Applied WPlusJets qcd/ewk Weights correctly
          hist nEntries =  2897.0
          hist integral =  1264.72925735
      Dataset =  HT2500ToInf  ||   nEvents =  3273980
Applied WPlusJets qcd/ewk Weights correctly
          hist nEntries =  30461.0
          hist integral =  3.07804531977
      Dataset =  HT800To1200  ||   nEvents =  8402687
Applied WPlusJets qcd/ewk Weights correctly
          hist nEntries =  25801.0
          hist integral =  653.675669193
-----------------------------
Total data background nEvents =  110935.0
Total data background integral =  110935.0
-----------------------------
Total MC background nEvents =  755550.0
Total MC background integral =  56107.63237
-----------------------------
Total tt+DM signal nEvents =  11600.0
Total tt+DM signal integral =  175.395346761
-----------------------------
-----------------------------
FOM for tt+DM signal =  0.740469365959
-----------------------------
Data bin errors:
    bin 0: 0.0
    bin 1: 192.205619065
    bin 2: 154.107105612
    bin 3: 123.975804091
    bin 4: 100.930669274
    bin 5: 83.1384387633
    bin 6: 70.1712191714
    bin 7: 57.7840808528
    bin 8: 50.0099990002
    bin 9: 41.3642357599
    bin 10: 36.0277670693
    bin 11: 29.8663690461
    bin 12: 26.6458251889
    bin 13: 22.9782505862
    bin 14: 20.3715487875
    bin 15: 18.0277563773
-----------------------------
MC background bin errors:
    bin 0: 0.0
    bin 1: 351.468492252
    bin 2: 169.110846339
    bin 3: 120.752148749
    bin 4: 101.345222907
    bin 5: 75.8296807822
    bin 6: 57.2165617229
    bin 7: 42.2234324089
    bin 8: 29.9360573457
    bin 9: 25.3485700683
    bin 10: 18.0019213181
    bin 11: 13.7971502504
    bin 12: 13.4889161183
    bin 13: 9.18734376164
    bin 14: 7.64761587312
    bin 15: 7.76463557633
-----------------------------
tt+DM bin errors:
    bin 0: 0.0
    bin 1: 0.812295188041
    bin 2: 0.712592857162
    bin 3: 0.607864473441
    bin 4: 0.540352814173
    bin 5: 0.473438502971
    bin 6: 0.440695486729
    bin 7: 0.40874865446
    bin 8: 0.34635716278
    bin 9: 0.297928443739
    bin 10: 0.274893716273
    bin 11: 0.232792466589
    bin 12: 0.19408582876
    bin 13: 0.185014330737
    bin 14: 0.191703329968
    bin 15: 0.177295575137
-----------------------------
-----------------------------
ttbar pseudoscalar hist info:
    nEvents =  12920.0
    integral =  59.9286139011
ZTo2Nu hist info:
    nEvents =  74615.0
    integral =  2577.65626049
TTTo2L2Nu hist info:
    nEvents =  27375.0
    integral =  1430.77457714
singleTop hist info:
    nEvents =  36057.0
    integral =  1612.51782036
TTV hist info:
    nEvents =  105227.0
    integral =  169.132101178
bkgSum hist info:
    nEvents =  755550.0
    integral =  56107.63237
ttbar scalar hist info:
    nEvents =  11600.0
    integral =  175.395346761
VV hist info:
    nEvents =  24965.0
    integral =  385.934681892
QCD hist info:
    nEvents =  42580.0
    integral =  33509.3513374
ZTo2L hist info:
    nEvents =  33943.0
    integral =  272.628978252
data hist info:
    nEvents =  110935.0
    integral =  110935.0
WPlusJets hist info:
    nEvents =  136421.0
    integral =  3387.61259079
TTToSemiLepton hist info:
    nEvents =  274367.0
    integral =  12762.0262833
Finished filling histograms
Creating stacked MC background histogram...
Finished stacking MC background histograms.
Drawing histograms...
Finished drawing histograms
Drawing ratio plot...
Finished drawing ratio plot
Plotting end time: 2021-06-09 18:16:02.497569
