plots/plot.py:942: SyntaxWarning: name 'counter' is used prior to global declaration
  global counter
Plotting start time: 2023-07-27 07:39:40.084564
Cut name =  AH2lZR
MC Selection Cuts =  (njets >= 3 && nbjets == 0 && nTightElectrons == 2 && nVetoElectrons == 2 && nLooseMuons == 0 && m_ll >= 60 && m_ll <= 120 && recoilPtMiss >= 250 && lepton1_charge == -lepton2_charge && Flag_goodVertices && Flag_globalSuperTightHalo2016Filter && Flag_HBHENoiseFilter && Flag_HBHENoiseIsoFilter && Flag_EcalDeadCellTriggerPrimitiveFilter && Flag_BadPFMuonFilter && Flag_ecalBadCalibFilterV2 && ((HLT_Ele32_WPTight_Gsf) || (HLT_Ele115_CaloIdVT_GsfTrkIdT || HLT_Photon200)) && PV_npvsGood > 0 && PV_ndof > 4 && abs(PV_z) < 24 && sqrt(pow(PV_x,2)+pow(PV_y,2)) < 2 && ((METcorrected_phi <= -1.62) || (METcorrected_phi >= -0.82))) || (njets >= 3 && nbjets == 0 && nVetoElectrons == 0 && nTightMuons == 2 && nLooseMuons == 2 && m_ll >= 60 && m_ll <= 120 && recoilPtMiss >= 250 && lepton1_charge == -lepton2_charge && Flag_goodVertices && Flag_globalSuperTightHalo2016Filter && Flag_HBHENoiseFilter && Flag_HBHENoiseIsoFilter && Flag_EcalDeadCellTriggerPrimitiveFilter && Flag_BadPFMuonFilter && Flag_ecalBadCalibFilterV2 && (HLT_IsoMu24) && PV_npvsGood > 0 && PV_ndof > 4 && abs(PV_z) < 24 && sqrt(pow(PV_x,2)+pow(PV_y,2)) < 2 && ((METcorrected_phi <= -1.62) || (METcorrected_phi >= -0.82)))
Data Selection Cuts =  (njets >= 3 && nbjets == 0 && nTightElectrons == 2 && nVetoElectrons == 2 && nLooseMuons == 0 && m_ll >= 60 && m_ll <= 120 && recoilPtMiss >= 250 && lepton1_charge == -lepton2_charge && Flag_goodVertices && Flag_globalSuperTightHalo2016Filter && Flag_HBHENoiseFilter && Flag_HBHENoiseIsoFilter && Flag_EcalDeadCellTriggerPrimitiveFilter && Flag_BadPFMuonFilter && Flag_ecalBadCalibFilterV2 && ((HLT_Ele32_WPTight_Gsf) || (HLT_Ele115_CaloIdVT_GsfTrkIdT || HLT_Photon200)) && PV_npvsGood > 0 && PV_ndof > 4 && abs(PV_z) < 24 && sqrt(pow(PV_x,2)+pow(PV_y,2)) < 2 && ((METcorrected_phi <= -1.62) || (METcorrected_phi >= -0.82))) || (njets >= 3 && nbjets == 0 && nVetoElectrons == 0 && nTightMuons == 2 && nLooseMuons == 2 && m_ll >= 60 && m_ll <= 120 && recoilPtMiss >= 250 && lepton1_charge == -lepton2_charge && Flag_goodVertices && Flag_globalSuperTightHalo2016Filter && Flag_HBHENoiseFilter && Flag_HBHENoiseIsoFilter && Flag_EcalDeadCellTriggerPrimitiveFilter && Flag_BadPFMuonFilter && Flag_ecalBadCalibFilterV2 && (HLT_IsoMu24) && PV_npvsGood > 0 && PV_ndof > 4 && abs(PV_z) < 24 && sqrt(pow(PV_x,2)+pow(PV_y,2)) < 2 && ((METcorrected_phi <= -1.62) || (METcorrected_phi >= -0.82))) && Flag_eeBadScFilter
var =  recoilPtMiss
year =  2018
lumi =  59.74
saveDirectory =  plots/CR_2018/METcorrected_pt/
date =  07_27_2023
applying HEM fix for 2018...
Creating histograms..
Histogram options: 
    nbins =  15
    xmin =  250
    xmax =  550
    auto_y =  True
    doLogPlot =  True
    drawData =  True
    mediatorType =  scalar
    mchi =  1
    mphi =  100
    normalizePlots =  False
    doBinned =  False
    savePlots =  True
    combineEleMu =  True
    doSys =  False
    doSysFirstHalf =  False
    doSysSecondHalf =  False
    drawOverflow =  True
    drawUnderflow =  False
    plotSys =  False
    plotSysVar =  CMS_eff_b_light_2018
    plotSysSignal =  False
Drawing data and ratio plot...
Selected both SingleMuon and SingleElectron dataset
Loading data sample root files and event trees...
    ----Loading /hdfs/store/user/vshang/SingleElectron_Run2018A/EGamma/ModuleCommonSkim_12242022/tree_all.root
    ----Loading /hdfs/store/user/vshang/SingleElectron_Run2018B/EGamma/ModuleCommonSkim_12242022/tree_all.root
    ----Loading /hdfs/store/user/vshang/SingleElectron_Run2018C/EGamma/ModuleCommonSkim_12242022/tree_all.root
    ----Loading /hdfs/store/user/vshang/SingleElectron_Run2018D/EGamma/ModuleCommonSkim_12242022/tree_all.root
    total nevents in  SingleElectron :  591701
    ----Loading /hdfs/store/user/vshang/SingleMuon_Run2018A/SingleMuon/ModuleCommonSkim_12242022/tree_all.root
    ----Loading /hdfs/store/user/vshang/SingleMuon_Run2018B/SingleMuon/ModuleCommonSkim_12242022/tree_all.root
    ----Loading /hdfs/store/user/vshang/SingleMuon_Run2018C/SingleMuon/ModuleCommonSkim_12242022/tree_all.root
    ----Loading /hdfs/store/user/vshang/SingleMuon_Run2018D/SingleMuon/ModuleCommonSkim_12242022/tree_all.root
    total nevents in  SingleMuon :  625222
Got data sample root files and event trees
Loading MC sample root files and event trees...
Loading process:  ZTo2Nu
    ----Loading HT600To800
    nevents in  ZTo2Nu   HT600To800 :  5728007
    ----Loading HT1200To2500
    nevents in  ZTo2Nu   HT1200To2500 :  340302
    ----Loading HT100To200
    nevents in  ZTo2Nu   HT100To200 :  23678788
    ----Loading HT2500ToInf
    nevents in  ZTo2Nu   HT2500ToInf :  350333
    ----Loading HT400To600
    nevents in  ZTo2Nu   HT400To600 :  9485400
    ----Loading HT200To400
    nevents in  ZTo2Nu   HT200To400 :  23236674
    ----Loading HT800To1200
    nevents in  ZTo2Nu   HT800To1200 :  2056362
Loading process:  tbar scalar
    ----Loading tChan_MChi1_MPhi100_scalar
    nevents in  tbar scalar   tChan_MChi1_MPhi100_scalar :  310000
    ----Loading tWChan_MChi1_MPhi100_scalar
    nevents in  tbar scalar   tWChan_MChi1_MPhi100_scalar :  143000
Loading process:  TTV
    ----Loading TTZToQQ
    nevents in  TTV   TTZToQQ :  4543958
    ----Loading TTWJetsToLNu
    nevents in  TTV   TTWJetsToLNu :  2686095
    ----Loading TTWJetsToQQ
    nevents in  TTV   TTWJetsToQQ :  458226
    ----Loading TTZToLLNuNu
    nevents in  TTV   TTZToLLNuNu :  6274046
Loading process:  WW
    ----Loading WWTo1L1Nu2Q
    nevents in  WW   WWTo1L1Nu2Q :  2941220
    ----Loading WWTo4Q
    nevents in  WW   WWTo4Q :  3776486
    ----Loading WWTo2L2Nu
    nevents in  WW   WWTo2L2Nu :  7729266
Loading process:  ttbarPlusJets
    ----Loading TTToSemiLepton
    nevents in  ttbarPlusJets   TTToSemiLepton :  298193168
    ----Loading TTTo2L2Nu
    nevents in  ttbarPlusJets   TTTo2L2Nu :  63791484
Loading process:  Other
    ----Loading ZH_HToBB_ZToNuNu
    nevents in  Other   ZH_HToBB_ZToNuNu :  4300242
    ----Loading tZq
    nevents in  Other   tZq :  3587790
    ----Loading WplusH_HToBB_WToLNu
    nevents in  Other   WplusH_HToBB_WToLNu :  3407646
    ----Loading GluGluHToZZTo4L
    nevents in  Other   GluGluHToZZTo4L :  948128
    ----Loading ttHTobb
    nevents in  Other   ttHTobb :  20876837
    ----Loading ZZZ
    nevents in  Other   ZZZ :  214282
    ----Loading TTGJets
    nevents in  Other   TTGJets :  1842387
    ----Loading WplusH_HToBB_WToQQ
    nevents in  Other   WplusH_HToBB_WToQQ :  704737
    ----Loading WminusH_HToBB_WToLNu
    nevents in  Other   WminusH_HToBB_WToLNu :  3443140
    ----Loading WWW
    nevents in  Other   WWW :  210100
    ----Loading ttHToNonbb
    nevents in  Other   ttHToNonbb :  7368333
    ----Loading WWZ
    nevents in  Other   WWZ :  219910
    ----Loading WZZ
    nevents in  Other   WZZ :  219250
    ----Loading WWG
    nevents in  Other   WWG :  951542
    ----Loading TTTT
    nevents in  Other   TTTT :  4456558
    ----Loading WminusH_HToBB_WToQQ
    nevents in  Other   WminusH_HToBB_WToQQ :  737723
    ----Loading WZG
    nevents in  Other   WZG :  1647844
    ----Loading VHToNonbb
    nevents in  Other   VHToNonbb :  543616
Loading process:  ttbar scalar
    ----Loading ttDM_MChi1_MPhi100_scalar
    nevents in  ttbar scalar   ttDM_MChi1_MPhi100_scalar :  1839899
Loading process:  ZZ
    ----Loading ZZTo2Q2Nu
    nevents in  ZZ   ZZTo2Q2Nu :  36391519
    ----Loading ZZTo4L
    nevents in  ZZ   ZZTo4L :  123387004
    ----Loading ZZTo2L2Q
    nevents in  ZZ   ZZTo2L2Q :  17815223
    ----Loading ZZTo2L2Nu
    nevents in  ZZ   ZZTo2L2Nu :  56356048
Loading process:  QCD
    ----Loading Pt170to300
    nevents in  QCD   Pt170to300 :  29710000
    ----Loading Pt15to30
    nevents in  QCD   Pt15to30 :  19451000
    ----Loading Pt800to1000
    nevents in  QCD   Pt800to1000 :  36062000
    ----Loading Pt600to800
    nevents in  QCD   Pt600to800 :  64061000
    ----Loading Pt120to170
    nevents in  QCD   Pt120to170 :  25255000
    ----Loading Pt1000to1400
    nevents in  QCD   Pt1000to1400 :  18485000
    ----Loading Pt1400to1800
    nevents in  QCD   Pt1400to1800 :  6928000
    ----Loading Pt50to80
Info in <TCanvas::MakeDefCanvas>:  created default TCanvas with name c1
TFile::Append:0: RuntimeWarning: Replacing existing TH1: hist (Potential memory leak).
    nevents in  QCD   Pt50to80 :  25580000
    ----Loading Pt1800to2400
    nevents in  QCD   Pt1800to2400 :  4017800
    ----Loading Pt3200toInf
    nevents in  QCD   Pt3200toInf :  925000
    ----Loading Pt2400to3200
    nevents in  QCD   Pt2400to3200 :  2394000
    ----Loading Pt80to120
    nevents in  QCD   Pt80to120 :  29535000
    ----Loading Pt30to50
    nevents in  QCD   Pt30to50 :  18488000
    ----Loading Pt470to600
    nevents in  QCD   Pt470to600 :  42459973
    ----Loading Pt300to470
    nevents in  QCD   Pt300to470 :  41744000
Loading process:  ZTo2L
    ----Loading HT600To800
    nevents in  ZTo2L   HT600To800 :  8828622
    ----Loading HT1200To2500
    nevents in  ZTo2L   HT1200To2500 :  531762
    ----Loading HT100To200
    nevents in  ZTo2L   HT100To200 :  11518130
    ----Loading HT2500ToInf
    nevents in  ZTo2L   HT2500ToInf :  415713
    ----Loading HT400To600
    nevents in  ZTo2L   HT400To600 :  46037912
    ----Loading HT200To400
    nevents in  ZTo2L   HT200To400 :  10841886
    ----Loading HT800To1200
    nevents in  ZTo2L   HT800To1200 :  3121975
Loading process:  singleTop
    ----Loading ST_s-channel
    nevents in  singleTop   ST_s-channel :  12403008
    ----Loading ST_t-channel_antitop
    nevents in  singleTop   ST_t-channel_antitop :  74227130
    ----Loading ST_t-channel_top
    nevents in  singleTop   ST_t-channel_top :  144094782
    ----Loading ST_tW_top
    nevents in  singleTop   ST_tW_top :  9553912
    ----Loading ST_tW_antitop
    nevents in  singleTop   ST_tW_antitop :  7492620
Loading process:  WZ
    ----Loading WZTo2Q2Nu
    nevents in  WZ   WZTo2Q2Nu :  18549507
    ----Loading WZTo3LNu
    nevents in  WZ   WZTo3LNu :  7049958
    ----Loading WZTo1L1Nu2Q
    nevents in  WZ   WZTo1L1Nu2Q :  10874643
    ----Loading WZTo1L3Nu
    nevents in  WZ   WZTo1L3Nu :  920352
    ----Loading WZTo2L2Q
    nevents in  WZ   WZTo2L2Q :  17048434
Loading process:  WPlusJets
    ----Loading HT600To800
    nevents in  WPlusJets   HT600To800 :  19699782
    ----Loading HT1200To2500
    nevents in  WPlusJets   HT1200To2500 :  7571583
    ----Loading HT100To200
    nevents in  WPlusJets   HT100To200 :  29392626
    ----Loading HT2500ToInf
    nevents in  WPlusJets   HT2500ToInf :  3191612
    ----Loading HT400To600
    nevents in  WPlusJets   HT400To600 :  5915969
    ----Loading HT200To400
    nevents in  WPlusJets   HT200To400 :  25423155
    ----Loading HT800To1200
    nevents in  WPlusJets   HT800To1200 :  8362227
Got MC sample root files and event trees
Filling data histograms...
  Dataset =  SingleElectron  ||   nEvents =  591701
  Using cut =  njets >= 3 && nbjets == 0 && nTightElectrons == 2 && nVetoElectrons == 2 && nLooseMuons == 0 && m_ll >= 60 && m_ll <= 120 && recoilPtMiss >= 250 && lepton1_charge == -lepton2_charge && Flag_goodVertices && Flag_globalSuperTightHalo2016Filter && Flag_HBHENoiseFilter && Flag_HBHENoiseIsoFilter && Flag_EcalDeadCellTriggerPrimitiveFilter && Flag_BadPFMuonFilter && Flag_ecalBadCalibFilterV2 && ((HLT_Ele32_WPTight_Gsf) || (HLT_Ele115_CaloIdVT_GsfTrkIdT || HLT_Photon200)) && PV_npvsGood > 0 && PV_ndof > 4 && abs(PV_z) < 24 && sqrt(pow(PV_x,2)+pow(PV_y,2)) < 2 && ((METcorrected_phi <= -1.62) || (METcorrected_phi >= -0.82)) && Flag_eeBadScFilter
    hist nEntries =  1212.0
    hist integral =  1212.0
    hist_data nEntries =  1212.0
    hist_data integral =  1212.0
  Using cut =  njets >= 3 && nbjets == 0 && nTightElectrons == 2 && nVetoElectrons == 2 && nLooseMuons == 0 && m_ll >= 60 && m_ll <= 120 && recoilPtMiss >= 250 && lepton1_charge == -lepton2_charge && Flag_goodVertices && Flag_globalSuperTightHalo2016Filter && Flag_HBHENoiseFilter && Flag_HBHENoiseIsoFilter && Flag_EcalDeadCellTriggerPrimitiveFilter && Flag_BadPFMuonFilter && Flag_ecalBadCalibFilterV2 && ((HLT_Ele32_WPTight_Gsf) || (HLT_Ele115_CaloIdVT_GsfTrkIdT || HLT_Photon200)) && PV_npvsGood > 0 && PV_ndof > 4 && abs(PV_z) < 24 && sqrt(pow(PV_x,2)+pow(PV_y,2)) < 2 && ((METcorrected_phi <= -1.62) || (METcorrected_phi >= -0.82)) && Flag_eeBadScFilter
    hist nEntries =  661.0
    hist integral TFile::Append:0: RuntimeWarning: Replacing existing TH1: hist (Potential memory leak).
TFile::Append:0: RuntimeWarning: Replacing existing TH1: hist (Potential memory leak).
TFile::Append:0: RuntimeWarning: Replacing existing TH1: hist (Potential memory leak).
TFile::Append:0: RuntimeWarning: Replacing existing TH1: hist (Potential memory leak).
TFile::Append:0: RuntimeWarning: Replacing existing TH1: hist (Potential memory leak).
TFile::Append:0: RuntimeWarning: Replacing existing TH1: hist (Potential memory leak).
=  661.0
    hist_data nEntries =  1873.0
    hist_data integral =  1873.0
  Using cut =  njets >= 3 && nbjets == 0 && nTightElectrons == 2 && nVetoElectrons == 2 && nLooseMuons == 0 && m_ll >= 60 && m_ll <= 120 && recoilPtMiss >= 250 && lepton1_charge == -lepton2_charge && Flag_goodVertices && Flag_globalSuperTightHalo2016Filter && Flag_HBHENoiseFilter && Flag_HBHENoiseIsoFilter && Flag_EcalDeadCellTriggerPrimitiveFilter && Flag_BadPFMuonFilter && Flag_ecalBadCalibFilterV2 && ((HLT_Ele32_WPTight_Gsf) || (HLT_Ele115_CaloIdVT_GsfTrkIdT || HLT_Photon200)) && PV_npvsGood > 0 && PV_ndof > 4 && abs(PV_z) < 24 && sqrt(pow(PV_x,2)+pow(PV_y,2)) < 2 && ((METcorrected_phi <= -1.62) || (METcorrected_phi >= -0.82)) && Flag_eeBadScFilter
    hist nEntries =  579.0
    hist integral =  579.0
    hist_data nEntries =  2452.0
    hist_data integral =  2452.0
  Using cut =  njets >= 3 && nbjets == 0 && nTightElectrons == 2 && nVetoElectrons == 2 && nLooseMuons == 0 && m_ll >= 60 && m_ll <= 120 && recoilPtMiss >= 250 && lepton1_charge == -lepton2_charge && Flag_goodVertices && Flag_globalSuperTightHalo2016Filter && Flag_HBHENoiseFilter && Flag_HBHENoiseIsoFilter && Flag_EcalDeadCellTriggerPrimitiveFilter && Flag_BadPFMuonFilter && Flag_ecalBadCalibFilterV2 && ((HLT_Ele32_WPTight_Gsf) || (HLT_Ele115_CaloIdVT_GsfTrkIdT || HLT_Photon200)) && PV_npvsGood > 0 && PV_ndof > 4 && abs(PV_z) < 24 && sqrt(pow(PV_x,2)+pow(PV_y,2)) < 2 && ((METcorrected_phi <= -1.62) || (METcorrected_phi >= -0.82)) && Flag_eeBadScFilter
    hist nEntries =  2838.0
    hist integral =  2838.0
    hist_data nEntries =  5290.0
    hist_data integral =  5290.0
  Dataset =  SingleMuon  ||   nEvents =  625222
  Using cut =  njets >= 3 && nbjets == 0 && nVetoElectrons == 0 && nTightMuons == 2 && nLooseMuons == 2 && m_ll >= 60 && m_ll <= 120 && recoilPtMiss >= 250 && lepton1_charge == -lepton2_charge && Flag_goodVertices && Flag_globalSuperTightHalo2016Filter && Flag_HBHENoiseFilter && Flag_HBHENoiseIsoFilter && Flag_EcalDeadCellTriggerPrimitiveFilter && Flag_BadPFMuonFilter && Flag_ecalBadCalibFilterV2 && (HLT_IsoMu24) && PV_npvsGood > 0 && PV_ndof > 4 && abs(PV_z) < 24 && sqrt(pow(PV_x,2)+pow(PV_y,2)) < 2 && ((METcorrected_phi <= -1.62) || (METcorrected_phi >= -0.82)) && Flag_eeBadScFilter
    hist nEntries =  2212.0
    hist integral =  2212.0
    hist_data nEntries =  7502.0
    hist_data integral =  7502.0
  Using cut =  njets >= 3 && nbjets == 0 && nVetoElectrons == 0 && nTightMuons == 2 && nLooseMuons == 2 && m_ll >= 60 && m_ll <= 120 && recoilPtMiss >= 250 && lepton1_charge == -lepton2_charge && Flag_goodVertices && Flag_globalSuperTightHalo2016Filter && Flag_HBHENoiseFilter && Flag_HBHENoiseIsoFilter && Flag_EcalDeadCellTriggerPrimitiveFilter && Flag_BadPFMuonFilter && Flag_ecalBadCalibFilterV2 && (HLT_IsoMu24) && PV_npvsGood > 0 && PV_ndof > 4 && abs(PV_z) < 24 && sqrt(pow(PV_x,2)+pow(PV_y,2)) < 2 && ((METcorrected_phi <= -1.62) || (METcorrected_phi >= -0.82)) && Flag_eeBadScFilter
    hist nEntries =  1116.0
    hist integral =  1116.0
    hist_data nEntries =  8618.0
    hist_data integral =  8618.0
  Using cut =  njets >= 3 && nbjets == 0 && nVetoElectrons == 0 && nTightMuons == 2 && nLooseMuons == 2 && m_ll >= 60 && m_ll <= 120 && recoilPtMiss >= 250 && lepton1_charge == -lepton2_charge && Flag_goodVertices && Flag_globalSuperTightHalo2016Filter && Flag_HBHENoiseFilter && Flag_HBHENoiseIsoFilter && Flag_EcalDeadCellTriggerPrimitiveFilter && Flag_BadPFMuonFilter && Flag_ecalBadCalibFilterV2 && (HLT_IsoMu24) && PV_npvsGood > 0 && PV_ndof > 4 && abs(PV_z) < 24 && sqrt(pow(PV_x,2)+pow(PV_y,2)) < 2 && ((METcorrected_phi <= -1.62) || (METcorrected_phi >= -0.82)) && Flag_eeBadScFilter
    hist nEntries =  1132.0
    hist integral =  1132.0
    hist_data nEntries =  9750.0
    hist_data integral =  9750.0
  Using cut =  njets >= 3 && nbjets == 0 && nVetoElectrons == 0 && nTightMuons == 2 && nLooseMuons == 2 && m_ll >= 60 && m_ll <= 120 && recoilPtMiss >= 250 && lepton1_charge == -lepton2_charge && Flag_goodVertices && Flag_globalSuperTightHalo2016Filter && Flag_HBHENoisTFile::Append:0: RuntimeWarning: Replacing existing TH1: hist (Potential memory leak).
TFile::Append:0: RuntimeWarning: Replacing existing TH1: hist (Potential memory leak).
TFile::Append:0: RuntimeWarning: Replacing existing TH1: hist (Potential memory leak).
TFile::Append:0: RuntimeWarning: Replacing existing TH1: hist (Potential memory leak).
TFile::Append:0: RuntimeWarning: Replacing existing TH1: hist (Potential memory leak).
TFile::Append:0: RuntimeWarning: Replacing existing TH1: hist (Potential memory leak).
TFile::Append:0: RuntimeWarning: Replacing existing TH1: hist (Potential memory leak).
TFile::Append:0: RuntimeWarning: Replacing existing TH1: hist (Potential memory leak).
TFile::Append:0: RuntimeWarning: Replacing existing TH1: hist (Potential memory leak).
TFile::Append:0: RuntimeWarning: Replacing existing TH1: hist (Potential memory leak).
TFile::Append:0: RuntimeWarning: Replacing existing TH1: hist (Potential memory leak).
eFilter && Flag_HBHENoiseIsoFilter && Flag_EcalDeadCellTriggerPrimitiveFilter && Flag_BadPFMuonFilter && Flag_ecalBadCalibFilterV2 && (HLT_IsoMu24) && PV_npvsGood > 0 && PV_ndof > 4 && abs(PV_z) < 24 && sqrt(pow(PV_x,2)+pow(PV_y,2)) < 2 && ((METcorrected_phi <= -1.62) || (METcorrected_phi >= -0.82)) && Flag_eeBadScFilter
    hist nEntries =  5198.0
    hist integral =  5198.0
    hist_data nEntries =  14948.0
    hist_data integral =  14948.0
Filling MC histograms...
  Process =  ZTo2Nu
      Dataset =  HT600To800  ||   nEvents =  5728007
Applied ZTo2Nu ewk Weights correctly
          hist weight =  0.0331195214147*leptonWeight*bjetWeight*puWeight*muonTriggerWeight*EE_L1_prefire_Weight*electronTriggerWeight*genWeightSign*qcdZTo2NuWeight*ewkZWeight*0.934*(nbjets == 0 ? 0.812 : 1.)
          hist nEntries =  0.0
          hist integral =  0.0
      Dataset =  HT1200To2500  ||   nEvents =  340302
Applied ZTo2Nu ewk Weights correctly
          hist weight =  0.0528180653655*leptonWeight*bjetWeight*puWeight*muonTriggerWeight*EE_L1_prefire_Weight*electronTriggerWeight*genWeightSign*qcdZTo2NuWeight*ewkZWeight*0.934*(nbjets == 0 ? 0.812 : 1.)
          hist nEntries =  0.0
          hist integral =  0.0
      Dataset =  HT100To200  ||   nEvents =  23678788
Applied ZTo2Nu ewk Weights correctly
          hist weight =  0.75936050308*leptonWeight*bjetWeight*puWeight*muonTriggerWeight*EE_L1_prefire_Weight*electronTriggerWeight*genWeightSign*qcdZTo2NuWeight*ewkZWeight*0.934*(nbjets == 0 ? 0.812 : 1.)
          hist nEntries =  0.0
          hist integral =  0.0
      Dataset =  HT2500ToInf  ||   nEvents =  350333
Applied ZTo2Nu ewk Weights correctly
          hist weight =  0.00111970760117*leptonWeight*bjetWeight*puWeight*muonTriggerWeight*EE_L1_prefire_Weight*electronTriggerWeight*genWeightSign*qcdZTo2NuWeight*ewkZWeight*0.934*(nbjets == 0 ? 0.812 : 1.)
          hist nEntries =  0.0
          hist integral =  0.0
      Dataset =  HT400To600  ||   nEvents =  9485400
Applied ZTo2Nu ewk Weights correctly
          hist weight =  0.0810997550341*leptonWeight*bjetWeight*puWeight*muonTriggerWeight*EE_L1_prefire_Weight*electronTriggerWeight*genWeightSign*qcdZTo2NuWeight*ewkZWeight*0.934*(nbjets == 0 ? 0.812 : 1.)
          hist nEntries =  0.0
          hist integral =  0.0
      Dataset =  HT200To400  ||   nEvents =  23236674
Applied ZTo2Nu ewk Weights correctly
          hist weight =  0.233520141247*leptonWeight*bjetWeight*puWeight*muonTriggerWeight*EE_L1_prefire_Weight*electronTriggerWeight*genWeightSign*qcdZTo2NuWeight*ewkZWeight*0.934*(nbjets == 0 ? 0.812 : 1.)
          hist nEntries =  0.0
          hist integral =  0.0
      Dataset =  HT800To1200  ||   nEvents =  2056362
Applied ZTo2Nu ewk Weights correctly
          hist weight =  0.0396503833469*leptonWeight*bjetWeight*puWeight*muonTriggerWeight*EE_L1_prefire_Weight*electronTriggerWeight*genWeightSign*qcdZTo2NuWeight*ewkZWeight*0.934*(nbjets == 0 ? 0.812 : 1.)
          hist nEntries =  0.0
          hist integral =  0.0
  Process =  tbar scalar
      Dataset =  tChan_MChi1_MPhi100_scalar  ||   nEvents =  310000
          hist weight =  0.054883716129*leptonWeight*bjetWeight*puWeight*muonTriggerWeight*EE_L1_prefire_Weight*electronTriggerWeight*genWeightSign
          hist nEntries =  0.0
          hist integral =  0.0
      Dataset =  tWChan_MChi1_MPhi100_scalar  ||   nEvents =  143000
          hist weight =  0.0229518573427*leptonWeight*bjetWeight*puWeight*muonTriggerWeight*EE_L1_prefire_Weight*electronTriggerWeight*genWeightSign
          hist nEntries =  5.0
          hist integral =  0.098426179029
  Process =  TTV
      Dataset =  TTZToQQ  ||   nEvents =  4543958
          hist weight =  0.00671029441733*leptonWeight*bjetWeight*puWeight*muonTriggerWeight*EE_L1_prefire_Weight*electronTriggerWeight*genWeightSign
          hist nEntries =  219.0
          hist integral =  0.458615705837
      Dataset =  TTWJetsToLNu  ||   nEvents =  2686095
          hist weight =  0.00477947578176*leptonWeight*bjetWeight*puWeight*muonTriggerWeight*EE_L1_prefire_Weight*electronTriggerWeighTFile::Append:0: RuntimeWarning: Replacing existing TH1: hist (Potential memory leak).
TFile::Append:0: RuntimeWarning: Replacing existing TH1: hist (Potential memory leak).
TFile::Append:0: RuntimeWarning: Replacing existing TH1: hist (Potential memory leak).
TFile::Append:0: RuntimeWarning: Replacing existing TH1: hist (Potential memory leak).
TFile::Append:0: RuntimeWarning: Replacing existing TH1: hist (Potential memory leak).
TFile::Append:0: RuntimeWarning: Replacing existing TH1: hist (Potential memory leak).
TFile::Append:0: RuntimeWarning: Replacing existing TH1: hist (Potential memory leak).
TFile::Append:0: RuntimeWarning: Replacing existing TH1: hist (Potential memory leak).
TFile::Append:0: RuntimeWarning: Replacing existing TH1: hist (Potential memory leak).
TFile::Append:0: RuntimeWarning: Replacing existing TH1: hist (Potential memory leak).
TFile::Append:0: RuntimeWarning: Replacing existing TH1: hist (Potential memory leak).
TFile::Append:0: RuntimeWarning: Replacing existing TH1: hist (Potential memory leak).
TFile::Append:0: RuntimeWarning: Replacing existing TH1: hist (Potential memory leak).
TFile::Append:0: RuntimeWarning: Replacing existing TH1: hist (Potential memory leak).
TFile::Append:0: RuntimeWarning: Replacing existing TH1: hist (Potential memory leak).
t*genWeightSign
          hist nEntries =  322.0
          hist integral =  0.823307065759
      Dataset =  TTWJetsToQQ  ||   nEvents =  458226
          hist weight =  0.0562687058351*leptonWeight*bjetWeight*puWeight*muonTriggerWeight*EE_L1_prefire_Weight*electronTriggerWeight*genWeightSign
          hist nEntries =  29.0
          hist integral =  0.967171945609
      Dataset =  TTZToLLNuNu  ||   nEvents =  6274046
          hist weight =  0.00231569357317*leptonWeight*bjetWeight*puWeight*muonTriggerWeight*EE_L1_prefire_Weight*electronTriggerWeight*genWeightSign
          hist nEntries =  16602.0
          hist integral =  17.2434054017
  Process =  WW
      Dataset =  WWTo1L1Nu2Q  ||   nEvents =  2941220
          hist weight =  1.63993431297*leptonWeight*bjetWeight*puWeight*muonTriggerWeight*EE_L1_prefire_Weight*electronTriggerWeight*genWeightSign
          hist nEntries =  95.0
          hist integral =  88.8451654911
      Dataset =  WWTo4Q  ||   nEvents =  3776486
          hist weight =  0.755037937384*leptonWeight*bjetWeight*puWeight*muonTriggerWeight*EE_L1_prefire_Weight*electronTriggerWeight*genWeightSign
          hist nEntries =  0.0
          hist integral =  0.0
      Dataset =  WWTo2L2Nu  ||   nEvents =  7729266
          hist weight =  0.0856380411801*leptonWeight*bjetWeight*puWeight*muonTriggerWeight*EE_L1_prefire_Weight*electronTriggerWeight*genWeightSign
          hist nEntries =  453.0
          hist integral =  35.7912544012
  Process =  ttbarPlusJets
      Dataset =  TTToSemiLepton  ||   nEvents =  298193168
          hist weight =  0.0729938554461*leptonWeight*bjetWeight*puWeight*muonTriggerWeight*EE_L1_prefire_Weight*electronTriggerWeight*genWeightSign
          hist nEntries =  298.0
          hist integral =  20.431965027
      Dataset =  TTTo2L2Nu  ||   nEvents =  63791484
          hist weight =  0.0817648230287*leptonWeight*bjetWeight*puWeight*muonTriggerWeight*EE_L1_prefire_Weight*electronTriggerWeight*genWeightSign
          hist nEntries =  2664.0
          hist integral =  226.011620402
  Process =  Other
      Dataset =  ZH_HToBB_ZToNuNu  ||   nEvents =  4300242
          hist weight =  0.00143090086558*leptonWeight*bjetWeight*puWeight*muonTriggerWeight*EE_L1_prefire_Weight*electronTriggerWeight*genWeightSign
          hist nEntries =  0.0
          hist integral =  0.0
      Dataset =  tZq  ||   nEvents =  3587790
          hist weight =  0.00126213964585*leptonWeight*bjetWeight*puWeight*muonTriggerWeight*EE_L1_prefire_Weight*electronTriggerWeight*genWeightSign
          hist nEntries =  17598.0
          hist integral =  6.02793413028
      Dataset =  WplusH_HToBB_WToLNu  ||   nEvents =  3407646
          hist weight =  0.00279446750044*leptonWeight*bjetWeight*puWeight*muonTriggerWeight*EE_L1_prefire_Weight*electronTriggerWeight*genWeightSign
          hist nEntries =  0.0
          hist integral =  0.0
      Dataset =  GluGluHToZZTo4L  ||   nEvents =  948128
          hist weight =  0.000756100442134*leptonWeight*bjetWeight*puWeight*muonTriggerWeight*EE_L1_prefire_Weight*electronTriggerWeight*genWeightSign
          hist nEntries =  67.0
          hist integral =  0.0445740512077
      Dataset =  ttHTobb  ||   nEvents =  20876837
          hist weight =  0.000437816322463*leptonWeight*bjetWeight*puWeight*muonTriggerWeight*EE_L1_prefire_Weight*electronTriggerWeight*genWeightSign
          hist nEntries =  78.0
          hist integral =  0.0386780550471
      Dataset =  ZZZ  ||   nEvents =  214282
          hist weight =  0.00390308098674*leptonWeight*bjetWeight*puWeight*muonTriggerWeight*EE_L1_prefire_Weight*electronTriggerWeight*genWeightSign
          hist nEntries =  346.0
          hist integral =  1.03941382654
      Dataset =  TTGJets  ||   nEvents =  1842387
          hist weight =  0.119876432042*leptonWeight*bjetWeight*puWeight*muonTriggerWeight*EE_L1_prefire_Weight*electronTriggerWeight*genWeightSign
          hist nEntries =  55.0
          hist integral =  3.23977416754
      Dataset =  WplusH_HToBB_WToQQ  ||   nEvents =  704737
          hist weight =  0.027956886044*leptTFile::Append:0: RuntimeWarning: Replacing existing TH1: hist (Potential memory leak).
TFile::Append:0: RuntimeWarning: Replacing existing TH1: hist (Potential memory leak).
TFile::Append:0: RuntimeWarning: Replacing existing TH1: hist (Potential memory leak).
TFile::Append:0: RuntimeWarning: Replacing existing TH1: hist (Potential memory leak).
TFile::Append:0: RuntimeWarning: Replacing existing TH1: hist (Potential memory leak).
TFile::Append:0: RuntimeWarning: Replacing existing TH1: hist (Potential memory leak).
TFile::Append:0: RuntimeWarning: Replacing existing TH1: hist (Potential memory leak).
TFile::Append:0: RuntimeWarning: Replacing existing TH1: hist (Potential memory leak).
TFile::Append:0: RuntimeWarning: Replacing existing TH1: hist (Potential memory leak).
TFile::Append:0: RuntimeWarning: Replacing existing TH1: hist (Potential memory leak).
TFile::Append:0: RuntimeWarning: Replacing existing TH1: hist (Potential memory leak).
TFile::Append:0: RuntimeWarning: Replacing existing TH1: hist (Potential memory leak).
TFile::Append:0: RuntimeWarning: Replacing existing TH1: hist (Potential memory leak).
TFile::Append:0: RuntimeWarning: Replacing existing TH1: hist (Potential memory leak).
onWeight*bjetWeight*puWeight*muonTriggerWeight*EE_L1_prefire_Weight*electronTriggerWeight*genWeightSign
          hist nEntries =  0.0
          hist integral =  0.0
      Dataset =  WminusH_HToBB_WToLNu  ||   nEvents =  3443140
          hist weight =  0.00175412966072*leptonWeight*bjetWeight*puWeight*muonTriggerWeight*EE_L1_prefire_Weight*electronTriggerWeight*genWeightSign
          hist nEntries =  0.0
          hist integral =  0.0
      Dataset =  WWW  ||   nEvents =  210100
          hist weight =  0.0593134888149*leptonWeight*bjetWeight*puWeight*muonTriggerWeight*EE_L1_prefire_Weight*electronTriggerWeight*genWeightSign
          hist nEntries =  24.0
          hist integral =  1.08040543646
      Dataset =  ttHToNonbb  ||   nEvents =  7368333
          hist weight =  0.00174314868777*leptonWeight*bjetWeight*puWeight*muonTriggerWeight*EE_L1_prefire_Weight*electronTriggerWeight*genWeightSign
          hist nEntries =  292.0
          hist integral =  0.523073163349
      Dataset =  WWZ  ||   nEvents =  219910
          hist weight =  0.0448233368196*leptonWeight*bjetWeight*puWeight*muonTriggerWeight*EE_L1_prefire_Weight*electronTriggerWeight*genWeightSign
          hist nEntries =  302.0
          hist integral =  11.1102545559
      Dataset =  WZZ  ||   nEvents =  219250
          hist weight =  0.0152585632839*leptonWeight*bjetWeight*puWeight*muonTriggerWeight*EE_L1_prefire_Weight*electronTriggerWeight*genWeightSign
          hist nEntries =  460.0
          hist integral =  5.60667637736
      Dataset =  WWG  ||   nEvents =  951542
          hist weight =  0.013479360869*leptonWeight*bjetWeight*puWeight*muonTriggerWeight*EE_L1_prefire_Weight*electronTriggerWeight*genWeightSign
          hist nEntries =  5.0
          hist integral =  0.0705468775705
      Dataset =  TTTT  ||   nEvents =  4456558
          hist weight =  0.000120644676901*leptonWeight*bjetWeight*puWeight*muonTriggerWeight*EE_L1_prefire_Weight*electronTriggerWeight*genWeightSign
          hist nEntries =  454.0
          hist integral =  0.017319874547
      Dataset =  WminusH_HToBB_WToQQ  ||   nEvents =  737723
          hist weight =  0.0169407867181*leptonWeight*bjetWeight*puWeight*muonTriggerWeight*EE_L1_prefire_Weight*electronTriggerWeight*genWeightSign
          hist nEntries =  0.0
          hist integral =  0.0
      Dataset =  WZG  ||   nEvents =  1647844
          hist weight =  0.00149472899134*leptonWeight*bjetWeight*puWeight*muonTriggerWeight*EE_L1_prefire_Weight*electronTriggerWeight*genWeightSign
          hist nEntries =  21.0
          hist integral =  0.0264466740191
      Dataset =  VHToNonbb  ||   nEvents =  543616
          hist weight =  0.104618848599*leptonWeight*bjetWeight*puWeight*muonTriggerWeight*EE_L1_prefire_Weight*electronTriggerWeight*genWeightSign
          hist nEntries =  118.0
          hist integral =  3.4630744271
  Process =  ttbar scalar
      Dataset =  ttDM_MChi1_MPhi100_scalar  ||   nEvents =  1839899
          hist weight =  0.0234644976708*leptonWeight*bjetWeight*puWeight*muonTriggerWeight*EE_L1_prefire_Weight*electronTriggerWeight*genWeightSign*GenModel__TTbarDMJets_Inclusive_scalar_LO_Mchi_1_Mphi_100_TuneCP5_13TeV_madgraph_mcatnlo_pythia8
          hist nEntries =  26.0
          hist integral =  0.749103830196
  Process =  ZZ
      Dataset =  ZZTo2Q2Nu  ||   nEvents =  36391519
          hist weight =  0.00749222256977*leptonWeight*bjetWeight*puWeight*muonTriggerWeight*EE_L1_prefire_Weight*electronTriggerWeight*genWeightSign
          hist nEntries =  0.0
          hist integral =  0.0
      Dataset =  ZZTo4L  ||   nEvents =  123387004
          hist weight =  0.000641522181704*leptonWeight*bjetWeight*puWeight*muonTriggerWeight*EE_L1_prefire_Weight*electronTriggerWeight*genWeightSign
          hist nEntries =  5729.0
          hist integral =  3.30939482898
      Dataset =  ZZTo2L2Q  ||   nEvents =  17815223
          hist weight =  0.0123670144348*leptonWeight*bjetWeight*puWeight*muonTriggerWeight*EE_L1_prefire_Weight*electronTriggerWeight*genWeightSign
          hist nEntries =  28583.0
          hTFile::Append:0: RuntimeWarning: Replacing existing TH1: hist (Potential memory leak).
TFile::Append:0: RuntimeWarning: Replacing existing TH1: hist (Potential memory leak).
TFile::Append:0: RuntimeWarning: Replacing existing TH1: hist (Potential memory leak).
TFile::Append:0: RuntimeWarning: Replacing existing TH1: hist (Potential memory leak).
TFile::Append:0: RuntimeWarning: Replacing existing TH1: hist (Potential memory leak).
TFile::Append:0: RuntimeWarning: Replacing existing TH1: hist (Potential memory leak).
TFile::Append:0: RuntimeWarning: Replacing existing TH1: hist (Potential memory leak).
TFile::Append:0: RuntimeWarning: Replacing existing TH1: hist (Potential memory leak).
TFile::Append:0: RuntimeWarning: Replacing existing TH1: hist (Potential memory leak).
TFile::Append:0: RuntimeWarning: Replacing existing TH1: hist (Potential memory leak).
TFile::Append:0: RuntimeWarning: Replacing existing TH1: hist (Potential memory leak).
TFile::Append:0: RuntimeWarning: Replacing existing TH1: hist (Potential memory leak).
TFile::Append:0: RuntimeWarning: Replacing existing TH1: hist (Potential memory leak).
TFile::Append:0: RuntimeWarning: Replacing existing TH1: hist (Potential memory leak).
TFile::Append:0: RuntimeWarning: Replacing existing TH1: hist (Potential memory leak).
TFile::Append:0: RuntimeWarning: Replacing existing TH1: hist (Potential memory leak).
ist integral =  138.694540501
      Dataset =  ZZTo2L2Nu  ||   nEvents =  56356048
          hist weight =  0.000598289929769*leptonWeight*bjetWeight*puWeight*muonTriggerWeight*EE_L1_prefire_Weight*electronTriggerWeight*genWeightSign
          hist nEntries =  16821.0
          hist integral =  9.12313139439
  Process =  QCD
      Dataset =  Pt170to300  ||   nEvents =  29710000
          hist weight =  207.712622013*leptonWeight*bjetWeight*puWeight*muonTriggerWeight*EE_L1_prefire_Weight*electronTriggerWeight*genWeightSign
          hist nEntries =  0.0
          hist integral =  0.0
      Dataset =  Pt15to30  ||   nEvents =  19451000
          hist weight =  3832991.61997*leptonWeight*bjetWeight*puWeight*muonTriggerWeight*EE_L1_prefire_Weight*electronTriggerWeight*genWeightSign
          hist nEntries =  0.0
          hist integral =  0.0
      Dataset =  Pt800to1000  ||   nEvents =  36062000
          hist weight =  0.0436014863291*leptonWeight*bjetWeight*puWeight*muonTriggerWeight*EE_L1_prefire_Weight*electronTriggerWeight*genWeightSign
          hist nEntries =  0.0
          hist integral =  0.0
      Dataset =  Pt600to800  ||   nEvents =  64061000
          hist weight =  0.146037120869*leptonWeight*bjetWeight*puWeight*muonTriggerWeight*EE_L1_prefire_Weight*electronTriggerWeight*genWeightSign
          hist nEntries =  0.0
          hist integral =  0.0
      Dataset =  Pt120to170  ||   nEvents =  25255000
          hist weight =  962.27408434*leptonWeight*bjetWeight*puWeight*muonTriggerWeight*EE_L1_prefire_Weight*electronTriggerWeight*genWeightSign
          hist nEntries =  0.0
          hist integral =  0.0
      Dataset =  Pt1000to1400  ||   nEvents =  18485000
          hist weight =  0.024238571815*leptonWeight*bjetWeight*puWeight*muonTriggerWeight*EE_L1_prefire_Weight*electronTriggerWeight*genWeightSign
          hist nEntries =  0.0
          hist integral =  0.0
      Dataset =  Pt1400to1800  ||   nEvents =  6928000
          hist weight =  0.00558682823326*leptonWeight*bjetWeight*puWeight*muonTriggerWeight*EE_L1_prefire_Weight*electronTriggerWeight*genWeightSign
          hist nEntries =  0.0
          hist integral =  0.0
      Dataset =  Pt50to80  ||   nEvents =  25580000
          hist weight =  36619.3588741*leptonWeight*bjetWeight*puWeight*muonTriggerWeight*EE_L1_prefire_Weight*electronTriggerWeight*genWeightSign
          hist nEntries =  0.0
          hist integral =  0.0
      Dataset =  Pt1800to2400  ||   nEvents =  4017800
          hist weight =  0.00129581885609*leptonWeight*bjetWeight*puWeight*muonTriggerWeight*EE_L1_prefire_Weight*electronTriggerWeight*genWeightSign
          hist nEntries =  0.0
          hist integral =  0.0
      Dataset =  Pt3200toInf  ||   nEvents =  925000
          hist weight =  8.71235243243e-06*leptonWeight*bjetWeight*puWeight*muonTriggerWeight*EE_L1_prefire_Weight*electronTriggerWeight*genWeightSign
          hist nEntries =  0.0
          hist integral =  0.0
      Dataset =  Pt2400to3200  ||   nEvents =  2394000
          hist weight =  0.000130809139515*leptonWeight*bjetWeight*puWeight*muonTriggerWeight*EE_L1_prefire_Weight*electronTriggerWeight*genWeightSign
          hist nEntries =  0.0
          hist integral =  0.0
      Dataset =  Pt80to120  ||   nEvents =  29535000
          hist weight =  4724.99204334*leptonWeight*bjetWeight*puWeight*muonTriggerWeight*EE_L1_prefire_Weight*electronTriggerWeight*genWeightSign
          hist nEntries =  0.0
          hist integral =  0.0
      Dataset =  Pt30to50  ||   nEvents =  18488000
          hist weight =  344454.997836*leptonWeight*bjetWeight*puWeight*muonTriggerWeight*EE_L1_prefire_Weight*electronTriggerWeight*genWeightSign
          hist nEntries =  0.0
          hist integral =  0.0
      Dataset =  Pt470to600  ||   nEvents =  42459973
          hist weight =  0.777492816588*leptonWeight*bjetWeight*puWeight*muonTriggerWeight*EE_L1_prefire_Weight*electronTriggerWeight*genWeightSign
          hist nEntries =  0.0
          hist integral =  0.0
      Dataset =  Pt300to470  ||   nEvents =  41744000
          hist weTFile::Append:0: RuntimeWarning: Replacing existing TH1: hist (Potential memory leak).
TFile::Append:0: RuntimeWarning: Replacing existing TH1: hist (Potential memory leak).
TFile::Append:0: RuntimeWarning: Replacing existing TH1: hist (Potential memory leak).
TFile::Append:0: RuntimeWarning: Replacing existing TH1: hist (Potential memory leak).
TFile::Append:0: RuntimeWarning: Replacing existing TH1: hist (Potential memory leak).
TFile::Append:0: RuntimeWarning: Replacing existing TH1: hist (Potential memory leak).
TFile::Append:0: RuntimeWarning: Replacing existing TH1: hist (Potential memory leak).
TFile::Append:0: RuntimeWarning: Replacing existing TH1: hist (Potential memory leak).
TFile::Append:0: RuntimeWarning: Replacing existing TH1: hist (Potential memory leak).
TFile::Append:0: RuntimeWarning: Replacing existing TH1: hist (Potential memory leak).
TFile::Append:0: RuntimeWarning: Replacing existing TH1: hist (Potential memory leak).
TFile::Append:0: RuntimeWarning: Replacing existing TH1: hist (Potential memory leak).
ight =  9.76871502491*leptonWeight*bjetWeight*puWeight*muonTriggerWeight*EE_L1_prefire_Weight*electronTriggerWeight*genWeightSign
          hist nEntries =  0.0
          hist integral =  0.0
  Process =  ZTo2L
      Dataset =  HT600To800  ||   nEvents =  8828622
Applied ZTo2L ewk Weights correctly
          hist weight =  0.0114993766298*leptonWeight*bjetWeight*puWeight*muonTriggerWeight*EE_L1_prefire_Weight*electronTriggerWeight*genWeightSign*qcdZTo2LWeight*ewkZWeight*0.934*(nbjets == 0 ? 0.812 : 1.)
          hist nEntries =  244596.0
          hist integral =  2561.40223694
      Dataset =  HT1200To2500  ||   nEvents =  531762
Applied ZTo2L ewk Weights correctly
          hist weight =  0.0180894255061*leptonWeight*bjetWeight*puWeight*muonTriggerWeight*EE_L1_prefire_Weight*electronTriggerWeight*genWeightSign*qcdZTo2LWeight*ewkZWeight*0.934*(nbjets == 0 ? 0.812 : 1.)
          hist nEntries =  21764.0
          hist integral =  340.568834782
      Dataset =  HT100To200  ||   nEvents =  11518130
Applied ZTo2L ewk Weights correctly
          hist weight =  0.835562196294*leptonWeight*bjetWeight*puWeight*muonTriggerWeight*EE_L1_prefire_Weight*electronTriggerWeight*genWeightSign*qcdZTo2LWeight*ewkZWeight*0.934*(nbjets == 0 ? 0.812 : 1.)
          hist nEntries =  19.0
          hist integral =  13.0937390327
      Dataset =  HT2500ToInf  ||   nEvents =  415713
Applied ZTo2L ewk Weights correctly
          hist weight =  0.000505844163642*leptonWeight*bjetWeight*puWeight*muonTriggerWeight*EE_L1_prefire_Weight*electronTriggerWeight*genWeightSign*qcdZTo2LWeight*ewkZWeight*0.934*(nbjets == 0 ? 0.812 : 1.)
          hist nEntries =  20803.0
          hist integral =  9.22730770707
      Dataset =  HT400To600  ||   nEvents =  46037912
Applied ZTo2L ewk Weights correctly
          hist weight =  0.00895144064744*leptonWeight*bjetWeight*puWeight*muonTriggerWeight*EE_L1_prefire_Weight*electronTriggerWeight*genWeightSign*qcdZTo2LWeight*ewkZWeight*0.934*(nbjets == 0 ? 0.812 : 1.)
          hist nEntries =  713722.0
          hist integral =  6073.53696442
      Dataset =  HT200To400  ||   nEvents =  10841886
Applied ZTo2L ewk Weights correctly
          hist weight =  0.26785390029*leptonWeight*bjetWeight*puWeight*muonTriggerWeight*EE_L1_prefire_Weight*electronTriggerWeight*genWeightSign*qcdZTo2LWeight*ewkZWeight*0.934*(nbjets == 0 ? 0.812 : 1.)
          hist nEntries =  17348.0
          hist integral =  4603.8445951
      Dataset =  HT800To1200  ||   nEvents =  3121975
Applied ZTo2L ewk Weights correctly
          hist weight =  0.0139748402008*leptonWeight*bjetWeight*puWeight*muonTriggerWeight*EE_L1_prefire_Weight*electronTriggerWeight*genWeightSign*qcdZTo2LWeight*ewkZWeight*0.934*(nbjets == 0 ? 0.812 : 1.)
          hist nEntries =  106927.0
          hist integral =  1313.65517807
  Process =  singleTop
      Dataset =  ST_s-channel  ||   nEvents =  12403008
          hist weight =  0.0160873555834*leptonWeight*bjetWeight*puWeight*muonTriggerWeight*EE_L1_prefire_Weight*electronTriggerWeight*genWeightSign
          hist nEntries =  6.0
          hist integral =  0.0501816058531
      Dataset =  ST_t-channel_antitop  ||   nEvents =  74227130
          hist weight =  0.0651507474423*leptonWeight*bjetWeight*puWeight*muonTriggerWeight*EE_L1_prefire_Weight*electronTriggerWeight*genWeightSign
          hist nEntries =  4.0
          hist integral =  0.219193994999
      Dataset =  ST_t-channel_top  ||   nEvents =  144094782
          hist weight =  0.0563922904578*leptonWeight*bjetWeight*puWeight*muonTriggerWeight*EE_L1_prefire_Weight*electronTriggerWeight*genWeightSign
          hist nEntries =  7.0
          hist integral =  0.060316639021
      Dataset =  ST_tW_top  ||   nEvents =  9553912
          hist weight =  0.224167754528*leptonWeight*bjetWeight*puWeight*muonTriggerWeight*EE_L1_prefire_Weight*electronTriggerWeight*genWeightSign
          hist nEntries =  46.0
          hist integral =  11.0910801515
      Dataset =  ST_tW_antitop  ||   nEvents =  7492620
          hist weight =  0.28583846505*leptonWeight*bjetWeight*puWeighTFile::Append:0: RuntimeWarning: Replacing existing TH1: hist (Potential memory leak).
TFile::Append:0: RuntimeWarning: Replacing existing TH1: hist (Potential memory leak).
TFile::Append:0: RuntimeWarning: Replacing existing TH1: hist (Potential memory leak).
TFile::Append:0: RuntimeWarning: Replacing existing TH1: hist (Potential memory leak).
TFile::Append:0: RuntimeWarning: Replacing existing TH1: hist (Potential memory leak).
TFile::Append:0: RuntimeWarning: Replacing existing TH1: hist (Potential memory leak).
TFile::Append:0: RuntimeWarning: Replacing existing TH1: hist (Potential memory leak).
TFile::Append:0: RuntimeWarning: Replacing existing TH1: hist (Potential memory leak).
TFile::Append:0: RuntimeWarning: Replacing existing TH1: hist (Potential memory leak).
TFile::Append:0: RuntimeWarning: Replacing existing TH1: hist (Potential memory leak).
TFile::Append:0: RuntimeWarning: Replacing existing TH1: hist (Potential memory leak).
TFile::Append:0: RuntimeWarning: Replacing existing TH1: hist (Potential memory leak).
t*muonTriggerWeight*EE_L1_prefire_Weight*electronTriggerWeight*genWeightSign
          hist nEntries =  24.0
          hist integral =  7.67951515317
  Process =  WZ
      Dataset =  WZTo2Q2Nu  ||   nEvents =  18549507
          hist weight =  0.0220866743251*leptonWeight*bjetWeight*puWeight*muonTriggerWeight*EE_L1_prefire_Weight*electronTriggerWeight*genWeightSign
          hist nEntries =  0.0
          hist integral =  0.0
      Dataset =  WZTo3LNu  ||   nEvents =  7049958
          hist weight =  0.0428096848237*leptonWeight*bjetWeight*puWeight*muonTriggerWeight*EE_L1_prefire_Weight*electronTriggerWeight*genWeightSign
          hist nEntries =  2988.0
          hist integral =  60.6299902797
      Dataset =  WZTo1L1Nu2Q  ||   nEvents =  10874643
          hist weight =  0.064054369417*leptonWeight*bjetWeight*puWeight*muonTriggerWeight*EE_L1_prefire_Weight*electronTriggerWeight*genWeightSign
          hist nEntries =  2.0
          hist integral =  -0.0127486884594
      Dataset =  WZTo1L3Nu  ||   nEvents =  920352
          hist weight =  0.216929044539*leptonWeight*bjetWeight*puWeight*muonTriggerWeight*EE_L1_prefire_Weight*electronTriggerWeight*genWeightSign
          hist nEntries =  0.0
          hist integral =  0.0
      Dataset =  WZTo2L2Q  ||   nEvents =  17048434
          hist weight =  0.0221846733841*leptonWeight*bjetWeight*puWeight*muonTriggerWeight*EE_L1_prefire_Weight*electronTriggerWeight*genWeightSign
          hist nEntries =  48111.0
          hist integral =  482.057145119
  Process =  WPlusJets
      Dataset =  HT600To800  ||   nEvents =  19699782
Applied WPlusJets ewk Weights correctly
          hist weight =  0.0437119687923*leptonWeight*bjetWeight*puWeight*muonTriggerWeight*EE_L1_prefire_Weight*electronTriggerWeight*genWeightSign*qcdWWeight*ewkWWeight*0.9135*(nbjets == 0 ? 0.854 : 1.)
          hist nEntries =  16.0
          hist integral =  0.683248786256
      Dataset =  HT1200To2500  ||   nEvents =  7571583
Applied WPlusJets ewk Weights correctly
          hist weight =  0.0112872212218*leptonWeight*bjetWeight*puWeight*muonTriggerWeight*EE_L1_prefire_Weight*electronTriggerWeight*genWeightSign*qcdWWeight*ewkWWeight*0.9135*(nbjets == 0 ? 0.854 : 1.)
          hist nEntries =  13.0
          hist integral =  0.129106388427
      Dataset =  HT100To200  ||   nEvents =  29392626
Applied WPlusJets ewk Weights correctly
          hist weight =  2.81546599137*leptonWeight*bjetWeight*puWeight*muonTriggerWeight*EE_L1_prefire_Weight*electronTriggerWeight*genWeightSign*qcdWWeight*ewkWWeight*0.9135*(nbjets == 0 ? 0.854 : 1.)
          hist nEntries =  0.0
          hist integral =  0.0
      Dataset =  HT2500ToInf  ||   nEvents =  3191612
Applied WPlusJets ewk Weights correctly
          hist weight =  0.000628997167576*leptonWeight*bjetWeight*puWeight*muonTriggerWeight*EE_L1_prefire_Weight*electronTriggerWeight*genWeightSign*qcdWWeight*ewkWWeight*0.9135*(nbjets == 0 ? 0.854 : 1.)
          hist nEntries =  5.0
          hist integral =  0.00268137015519
      Dataset =  HT400To600  ||   nEvents =  5915969
Applied WPlusJets ewk Weights correctly
          hist weight =  0.585662280651*leptonWeight*bjetWeight*puWeight*muonTriggerWeight*EE_L1_prefire_Weight*electronTriggerWeight*genWeightSign*qcdWWeight*ewkWWeight*0.9135*(nbjets == 0 ? 0.854 : 1.)
          hist nEntries =  1.0
          hist integral =  0.552076160908
      Dataset =  HT200To400  ||   nEvents =  25423155
Applied WPlusJets ewk Weights correctly
          hist weight =  0.960411164232*leptonWeight*bjetWeight*puWeight*muonTriggerWeight*EE_L1_prefire_Weight*electronTriggerWeight*genWeightSign*qcdWWeight*ewkWWeight*0.9135*(nbjets == 0 ? 0.854 : 1.)
          hist nEntries =  1.0
          hist integral =  1.11367022991
      Dataset =  HT800To1200  ||   nEvents =  8362227
Applied WPlusJets ewk Weights correctly
          hist weight =  0.046078507278*leptonWeight*bjetWeight*puWeight*muonTriggerWeight*EE_L1_prefire_Weight*electronTriggerWeight*genWeightSign*qcdWWeight*ewkWWeight*0.9135*(nbjets == 0 ? 0.854 : 1.)
          hist nEntries =  6.0
          hist integral =  0.212943478022
-----------------------------
Total data background nEvents =  14948.0
Total data background integral =  14948.0
-----------------------------
Total MC background nEvents =  1268044.0
Total MC background integral =  16053.7849579
-----------------------------
Total tt+DM signal nEvents =  26.0
Total tt+DM signal integral =  0.749103830196
Total t+DM signal nEvents =  5.0
Total t+DM signal integral =  0.098426179029
-----------------------------
FOM for tt+DM signal =  0.0058775075681
FOM for t+DM signal =  0.000776219710142
-----------------------------
Data bin content:
    bin 0: 0.0
    bin 1: 3202.0
    bin 2: 2422.0
    bin 3: 1948.0
    bin 4: 1440.0
    bin 5: 1205.0
    bin 6: 933.0
    bin 7: 679.0
    bin 8: 565.0
    bin 9: 455.0
    bin 10: 412.0
    bin 11: 281.0
    bin 12: 262.0
    bin 13: 177.0
    bin 14: 151.0
    bin 15: 125.0
    bin 16: 691.0
-----------------------------
MC background bin content:
    bin 0: 0.0
    bin 1: 3276.10498047
    bin 2: 2550.16137695
    bin 3: 2005.98193359
    bin 4: 1558.38842773
    bin 5: 1255.04626465
    bin 6: 991.119567871
    bin 7: 813.778320312
    bin 8: 650.042358398
    bin 9: 521.890930176
    bin 10: 420.086303711
    bin 11: 343.606048584
    bin 12: 281.020050049
    bin 13: 230.861785889
    bin 14: 186.940887451
    bin 15: 158.610214233
    bin 16: 810.145507812
-----------------------------
tt+DM bin content:
    bin 0: 0.0
    bin 1: 0.13857845962
    bin 2: 0.159889265895
    bin 3: 0.0309188514948
    bin 4: 0.076255902648
    bin 5: 0.159734904766
    bin 6: 0.0494612529874
    bin 7: 0.0331170670688
    bin 8: 0.00745910499245
    bin 9: 0.0
    bin 10: 0.0
    bin 11: 0.0493090450764
    bin 12: 0.0
    bin 13: 0.0
    bin 14: 0.0
    bin 15: 0.0
    bin 16: 0.0443799756467
-----------------------------
t+DM bin content:
    bin 0: 0.0
    bin 1: 0.0360481590033
    bin 2: 0.0
    bin 3: 0.0231411121786
    bin 4: 0.0
    bin 5: 0.0
    bin 6: 0.0
    bin 7: 0.0
    bin 8: 0.0246885288507
    bin 9: 0.0
    bin 10: 0.0
    bin 11: 0.0
    bin 12: 0.0
    bin 13: 0.0
    bin 14: 0.0
    bin 15: 0.0
    bin 16: 0.0145483789966
-----------------------------
Data bin errors:
    bin 0: 0.0
    bin 1: 56.5862174032
    bin 2: 49.2138191975
    bin 3: 44.1361529814
    bin 4: 37.947331922
    bin 5: 34.7131099154
    bin 6: 30.5450486986
    bin 7: 26.0576284416
    bin 8: 23.769728648
    bin 9: 21.3307290077
    bin 10: 20.2977831302
    bin 11: 16.7630546142
    bin 12: 16.1864140562
    bin 13: 13.3041346957
    bin 14: 12.2882057274
    bin 15: 11.1803398875
    bin 16: 26.2868788562
-----------------------------
MC background bin errors:
    bin 0: 0.0
    bin 1: 24.1230681666
    bin 2: 19.6457055478
    bin 3: 16.5907127067
    bin 4: 13.4196238427
    bin 5: 10.9335730501
    bin 6: 9.03073714849
    bin 7: 7.49646722349
    bin 8: 5.69459025948
    bin 9: 4.76656878707
    bin 10: 3.51078346502
    bin 11: 3.76368071032
    bin 12: 2.41982846133
    bin 13: 1.85847523494
    bin 14: 2.26152313611
    bin 15: 1.97007528795
    bin 16: 5.55692657381
-----------------------------
tt+DM bin errors:
    bin 0: 0.0
    bin 1: 0.0717583349736
    bin 2: 0.0676986010615
    bin 3: 0.024674607614
    bin 4: 0.0572906908434
    bin 5: 0.0724471738052
    bin 6: 0.0349945855259
    bin 7: 0.0331170661624
    bin 8: 0.00745910498837
    bin 9: 0.0
    bin 10: 0.0
    bin 11: 0.0348687965146
    bin 12: 0.0
    bin 13: 0.0
    bin 14: 0.0
    bin 15: 0.0
    bin 16: 0.044379976725
-----------------------------
t+DM bin errors:
    bin 0: 0.0
    bin 1: 0.0296192646032
    bin 2: 0.0
    bin 3: 0.0231411123858
    bin 4: 0.0
    bin 5: 0.0
    bin 6: 0.0
    bin 7: 0.0
    bin 8: 0.0246885283118
    bin 9: 0.0
    bin 10: 0.0
    bin 11: 0.0
    bin 12: 0.0
    bin 13: 0.0
    bin 14: 0.0
    bin 15: 0.0
    bin 16: 0.0145483792303
-----------------------------
ZTo2Nu hist info:
    nEvents =  0.0
    integral =  0.0
    bin 1 integral =  0.0
tbar scalar hist info:
    nEvents =  5.0
    integral =  0.0984261790Info in <TCanvas::Print>: png file AH2lZR2018_recoilPtMiss_07_27_2023_withHEMfix_HTcorrectionsAndNbjetSFs.png has been created
29
    bin 1 integral =  0.0360481590033
TTTo2L2Nu hist info:
    nEvents =  2664.0
    integral =  226.011620402
    bin 1 integral =  86.9290008545
singleTop hist info:
    nEvents =  87.0
    integral =  19.1002874598
    bin 1 integral =  7.21512556076
TTV hist info:
    nEvents =  17172.0
    integral =  19.4924997389
    bin 1 integral =  6.46581339836
bkgSum hist info:
    nEvents =  1268044.0
    integral =  16053.7849579
    bin 1 integral =  5826.26635742
Other hist info:
    nEvents =  19820.0
    integral =  32.2881728113
    bin 1 integral =  10.345035553
ttbar scalar hist info:
    nEvents =  26.0
    integral =  0.749103830196
    bin 1 integral =  0.298467725515
VV hist info:
    nEvents =  102782.0
    integral =  818.437869072
    bin 1 integral =  252.676574707
QCD hist info:
    nEvents =  0.0
    integral =  0.0
    bin 1 integral =  0.0
ZTo2L hist info:
    nEvents =  1125179.0
    integral =  14915.3287659
    bin 1 integral =  5453.64086914
data hist info:
    nEvents =  14948.0
    integral =  14948.0
    bin 1 integral =  5624.0
WPlusJets hist info:
    nEvents =  42.0
    integral =  2.69372638408
    bin 1 integral =  1.3461112529
TTToSemiLepton hist info:
    nEvents =  298.0
    integral =  20.431965027
    bin 1 integral =  7.64781022072
Finished filling histograms
Creating stacked MC background histogram...
Finished stacking MC background histograms.
Drawing histograms...
Finished drawing histograms
Drawing ratio plot...
Plotting end time: 2023-07-27 07:51:36.687931
