plots/plot.py:982: SyntaxWarning: name 'counter' is used prior to global declaration
  global counter
Cut name =  AH0l0fSR
MC Selection Cuts =  (nVetoElectrons + nLooseMuons) == 0 && njets >= 3 && nbjets == 1 && METcorrected_pt >= 250 && ntaus == 0 && minDeltaPhi > 0.4 && Flag_goodVertices && Flag_globalSuperTightHalo2016Filter && Flag_HBHENoiseFilter && Flag_HBHENoiseIsoFilter && Flag_EcalDeadCellTriggerPrimitiveFilter && Flag_BadPFMuonFilter && (HLT_PFMETNoMu120_PFMHTNoMu120_IDTight) && PV_npvsGood > 0 && PV_ndof > 4 && abs(PV_z) < 24 && sqrt(pow(PV_x,2)+pow(PV_y,2)) < 2 && nfjets == 0 && minDeltaPhi12 >= 0.8 && M_Tb >= 140
Data Selection Cuts =  (nVetoElectrons + nLooseMuons) == 0 && njets >= 3 && nbjets == 1 && METcorrected_pt >= 250 && ntaus == 0 && minDeltaPhi > 0.4 && Flag_goodVertices && Flag_globalSuperTightHalo2016Filter && Flag_HBHENoiseFilter && Flag_HBHENoiseIsoFilter && Flag_EcalDeadCellTriggerPrimitiveFilter && Flag_BadPFMuonFilter && (HLT_PFMETNoMu120_PFMHTNoMu120_IDTight) && PV_npvsGood > 0 && PV_ndof > 4 && abs(PV_z) < 24 && sqrt(pow(PV_x,2)+pow(PV_y,2)) < 2 && nfjets == 0 && minDeltaPhi12 >= 0.8 && M_Tb >= 140 && Flag_eeBadScFilter
var =  METcorrected_pt
year =  2016
lumi =  36.31
saveDirectory =  plots/SR_2016/METcorrected_pt/
date =  07_01_2024
applying HEM fix for 2018...
Creating histograms..
Histogram options: 
    nbins =  15
    xmin =  250
    xmax =  550
    auto_y =  True
    doLogPlot =  True
    drawData =  True
    mediatorType =  pseudoscalar
    mchi =  1
    mphi =  10
    normalizePlots =  False
    doBinned =  False
    savePlots =  True
    combineEleMu =  True
    doSys =  False
    doSysFirstHalf =  False
    doSysSecondHalf =  False
    drawOverflow =  True
    drawUnderflow =  False
    plotSys =  False
    plotSysVar =  CMS_scaleRelativeSample_j
    plotSysSignal =  False
Drawing data and ratio plot...
Selected MET dataset
Loading data sample root files and event trees...
    ----Loading /hdfs/store/user/vshang/MET_Run2016B/MET/ModuleCommonSkim_12242022/tree_all.root
    ----Loading /hdfs/store/user/vshang/MET_Run2016C/MET/ModuleCommonSkim_12242022/tree_all.root
    ----Loading /hdfs/store/user/vshang/MET_Run2016D/MET/ModuleCommonSkim_12242022/tree_all.root
    ----Loading /hdfs/store/user/vshang/MET_Run2016E/MET/ModuleCommonSkim_12242022/tree_all.root
    ----Loading /hdfs/store/user/vshang/MET_Run2016F/MET/ModuleCommonSkim_12242022/tree_all.root
    ----Loading /hdfs/store/user/vshang/MET_Run2016G/MET/ModuleCommonSkim_12242022/tree_all.root
    ----Loading /hdfs/store/user/vshang/MET_Run2016H/MET/ModuleCommonSkim_12242022/tree_all.root
    total nevents in  MET :  1348249
Got data sample root files and event trees
Loading MC sample root files and event trees...
Loading process:  ttbar pseudoscalar
    ----Loading ttDM_MChi1_MPhi10_pseudo
    nevents in  ttbar pseudoscalar   ttDM_MChi1_MPhi10_pseudo :  112660
Loading process:  ZTo2Nu
    ----Loading HT600To800
    nevents in  ZTo2Nu   HT600To800 :  5693589
    ----Loading HT1200To2500
    nevents in  ZTo2Nu   HT1200To2500 :  513471
    ----Loading HT100To200
    nevents in  ZTo2Nu   HT100To200 :  24272858
    ----Loading HT2500ToInf
    nevents in  ZTo2Nu   HT2500ToInf :  405030
    ----Loading HT400To600
    nevents in  ZTo2Nu   HT400To600 :  9862869
    ----Loading HT200To400
    nevents in  ZTo2Nu   HT200To400 :  24761211
    ----Loading HT800To1200
    nevents in  ZTo2Nu   HT800To1200 :  2170137
Loading process:  tbar pseudoscalar
    ----Loading tWChan_MChi1_MPhi10_pseudo
    nevents in  tbar pseudoscalar   tWChan_MChi1_MPhi10_pseudo :  217000
    ----Loading tChan_MChi1_MPhi10_pseudo
    nevents in  tbar pseudoscalar   tChan_MChi1_MPhi10_pseudo :  379000
Loading process:  TTV
    ----Loading TTZToQQ
    nevents in  TTV   TTZToQQ :  351164
    ----Loading TTWJetsToLNu
    nevents in  TTV   TTWJetsToLNu :  2716249
    ----Loading TTWJetsToQQ
    nevents in  TTV   TTWJetsToQQ :  430310
    ----Loading TTZToLLNuNu
    nevents in  TTV   TTZToLLNuNu :  6387280
Loading process:  WW
    ----Loading WWTo1L1Nu2Q
    nevents in  WW   WWTo1L1Nu2Q :  3267135
    ----Loading WWTo4Q
    nevents in  WW   WWTo4Q :  19083133
    ----Loading WWTo2L2Nu
    nevents in  WW   WWTo2L2Nu :  1999000
Loading process:  ttbarPlusJets
    ----Loading TTToSemiLepton
    nevents in  ttbarPlusJets   TTToSemiLepton :  152669800
    ----Loading TTTo2L2Nu
    nevents in  ttbarPlusJets   TTTo2L2Nu :  79140880
Loading process:  Other
    ----Loading ZH_HToBB_ZToNuNu
    nevents in  Other   ZH_HToBB_ZToNuNu :  1242519
    ----Loading tZq
    nevents in  Other   tZq :  3618998
    ----Loading WplusH_HToBB_WToLNu
    nevents in  Other   WplusH_HToBB_WToLNu :  2322111
    ----Loading GluGluHToZZTo4L
    nevents in  Other   GluGluHToZZTo4L :  999800
    ----Loading ttHTobb
    nevents in  Other   ttHTobb :  3799066
    ----Loading ZZZ
    nevents in  Other   ZZZ :  213197
    ----Loading TTGJets
    nevents in  Other   TTGJets :  4774447
    ----Loading WplusH_HToBB_WToQQ
    nevents in  Other   WplusH_HToBB_WToQQ :  469869
    ----Loading WminusH_HToBB_WToLNu
    nevents in  Other   WminusH_HToBB_WToLNu :  2293443
    ----Loading WWW
    nevents in  Other   WWW :  210538
    ----Loading ttHToNonbb
    nevents in  Other   ttHToNonbb :  3905798
    ----Loading WWZ
    nevents in  Other   WWZ :  221468
    ----Loading WZZ
    nevents in  Other   WZZ :  216366
    ----Loading WWG
    nevents in  Other   WWG :  827630
    ----Loading TTTT
    nevents in  Other   TTTT :  104640
    ----Loading WminusH_HToBB_WToQQ
    nevents in  Other   WminusH_HToBB_WToQQ :  471984
    ----Loading WZG
    nevents in  Other   WZG :  844854
    ----Loading VHToNonbb
    nevents in  Other   VHToNonbb :  461452
Loading process:  ZZ
    ----Loading ZZTo2Q2Nu
    nevents in  ZZ   ZZTo2Q2Nu :  18722534
    ----Loading ZZTo4L
    nevents in  ZZ   ZZTo4L :  103121112
    ----Loading ZZTo2L2Q
    nevents in  ZZ   ZZTo2L2Q :  9762305
    ----Loading ZZTo2L2Nu
    nevents in  ZZ   ZZTo2L2Nu :  52855410
    ----Loading ZZTo4Q
    nevents in  ZZ   ZZTo4Q :  18954431
Loading process:  QCD
    ----Loading HT700To1000
    nevents in  QCD   HT700To1000 :  37233786
    ----Loading HT500To700
    nevents in  QCD   HT500To700 :  62622029
    ----Loading HT100To200
    nevents in  QCD   HT100To200 :  82293477
    ----Loading HT300To500
    nevents in  QCD   HT300To500 :  54552852
    ----Loading HT200To300
    nevents in  QCD   HT200To300 :  57580393
    ----Loading HT2000ToInf
    nevents in  QCD   HT2000ToInf :  5804179
    ----Loading HT1000To1500
    nevents in  QCD   HT1000To1500 :  15210939
    ----Loading HT1500To2000
    nevents in  QCD   HT1500To2000 :  11839357
Loading process:  ZTo2L
    ----Loading HT600To800
    nevents in  ZTo2L   HT600To800 :  8292957
    ----Loading HT1200To2500
    nevents in  ZTo2L   HT1200To2500 :  596079
    ----Loading HT100To200
    nevents in  ZTo2L   HT100To200 :  11017086
    ----Loading HT2500ToInf
    nevents in  ZTo2L   HT2500ToInf :  399492
    ----Loading HT400To600
    nevents in  ZTo2L   HT400To600 :  9725661
    ----Loading HT200To400
    nevents in  ZTo2L   HT200To400 :  9609137
    ----Loading HT800To1200
    nevents in  ZTo2L   HT800To1200 :  2673066
Loading process:  singleTop
    ----Loading ST_s-channel
    nevents in  singleTop   ST_s-channel :  622990
    ----Loading ST_t-channel_antitop
    nevents in  singleTop   ST_t-channel_antitop :  38811017
    ----Loading ST_t-channel_top
    nevents in  singleTop   ST_t-channel_top :  58403420
    ----Loading ST_tW_top
    nevents in  singleTop   ST_tW_top :  6952830
    ----Loading ST_tW_antitop
    nevents in  singleTop   ST_tW_antitop :  6933094
Loading process:  WZ
    ----Loading WZTo2Q2Nu
    nevents in  WZ   WZTo2Q2Nu :  10330111
    ----Loading WZTo3LNu
    nevents in  WZ   WZTo3LNu :  19993200
    ----Loading WZTo1L1Nu2Q
    nevents in  WZ   WZTo1L1Nu2Q :  14109151
    ----Loading WZTo1L3Nu
    nevents in  WZ   WZTo1L3Nu :  942046
    ----Loading WZTo2L2Q
    nevents in  WZ   WZTo2L2Q :  15836703
Loading process:  WPlusJets
    ----Loading HT600To800
    nevents in  WPlusJets   HT600To800 :  18687480
    ----Loading HT70To100
    nevents in  WPlusJets   HT70To100 :  10020533
    ----Loading HT1200To2500
    neventInfo in <TCanvas::MakeDefCanvas>:  created default TCanvas with name c1
TFile::Append:0: RuntimeWarning: Replacing existing TH1: hist (Potential memory leak).
TFile::Append:0: RuntimeWarning: Replacing existing TH1: hist (Potential memory leak).
TFile::Append:0: RuntimeWarning: Replacing existing TH1: hist (Potential memory leak).
TFile::Append:0: RuntimeWarning: Replacing existing TH1: hist (Potential memory leak).
TFile::Append:0: RuntimeWarning: Replacing existing TH1: hist (Potential memory leak).
TFile::Append:0: RuntimeWarning: Replacing existing TH1: hist (Potential memory leak).
TFile::Append:0: RuntimeWarning: Replacing existing TH1: hist (Potential memory leak).
TFile::Append:0: RuntimeWarning: Replacing existing TH1: hist (Potential memory leak).
TFile::Append:0: RuntimeWarning: Replacing existing TH1: hist (Potential memory leak).
TFile::Append:0: RuntimeWarning: Replacing existing TH1: hist (Potential memory leak).
TFile::Append:0: RuntimeWarning: Replacing existing TH1: hist (Potential memory leak).
TFile::Append:0: RuntimeWarning: Replacing existing TH1: hist (Potential memory leak).
TFile::Append:0: RuntimeWarning: Replacing existing TH1: hist (Potential memory leak).
TFile::Append:0: RuntimeWarning: Replacing existing TH1: hist (Potential memory leak).
s in  WPlusJets   HT1200To2500 :  6872441
    ----Loading HT100To200
    nevents in  WPlusJets   HT100To200 :  78043017
    ----Loading HT2500ToInf
    nevents in  WPlusJets   HT2500ToInf :  2637821
    ----Loading HT800To1200
    nevents in  WPlusJets   HT800To1200 :  7830536
    ----Loading HT200To400
    nevents in  WPlusJets   HT200To400 :  38984322
    ----Loading HT400To600
    nevents in  WPlusJets   HT400To600 :  7687800
Got MC sample root files and event trees
Filling data histograms...
  Dataset =  MET  ||   nEvents =  1348249
    hist nEntries =  2933.0
    hist integral =  2933.0
    hist_data nEntries =  2933.0
    hist_data integral =  2933.0
    hist nEntries =  1332.0
    hist integral =  1332.0
    hist_data nEntries =  4265.0
    hist_data integral =  4265.0
    hist nEntries =  1974.0
    hist integral =  1974.0
    hist_data nEntries =  6239.0
    hist_data integral =  6239.0
    hist nEntries =  2016.0
    hist integral =  2016.0
    hist_data nEntries =  8255.0
    hist_data integral =  8255.0
    hist nEntries =  1646.0
    hist integral =  1646.0
    hist_data nEntries =  9901.0
    hist_data integral =  9901.0
    hist nEntries =  3525.0
    hist integral =  3525.0
    hist_data nEntries =  13426.0
    hist_data integral =  13426.0
    hist nEntries =  4194.0
    hist integral =  4194.0
    hist_data nEntries =  17620.0
    hist_data integral =  17620.0
Filling MC histograms...
  Process =  ttbar pseudoscalar
      Dataset =  ttDM_MChi1_MPhi10_pseudo  ||   nEvents =  112660
          hist weight =  0.143905689686*leptonWeight*bjetWeight*puWeight*muonTriggerWeight*EE_L1_prefire_Weight*electronTriggerWeight*genWeightSign*METTriggerWeight
          hist nEntries =  1440.0
          hist integral =  203.434720039
  Process =  ZTo2Nu
      Dataset =  HT600To800  ||   nEvents =  5693589
Applied ZTo2Nu qcd/ewk Weights correctly
          hist weight =  0.0163196342412*leptonWeight*bjetWeight*puWeight*muonTriggerWeight*EE_L1_prefire_Weight*electronTriggerWeight*genWeightSign*METTriggerWeight*qcdZTo2NuWeight*ewkZWeight
          hist nEntries =  46283.0
          hist integral =  900.634119034
      Dataset =  HT1200To2500  ||   nEvents =  513471
Applied ZTo2Nu qcd/ewk Weights correctly
          hist weight =  0.0203891988058*leptonWeight*bjetWeight*puWeight*muonTriggerWeight*EE_L1_prefire_Weight*electronTriggerWeight*genWeightSign*METTriggerWeight*qcdZTo2NuWeight*ewkZWeight
          hist nEntries =  6190.0
          hist integral =  146.920341492
      Dataset =  HT100To200  ||   nEvents =  24272858
Applied ZTo2Nu qcd/ewk Weights correctly
          hist weight =  0.419378241326*leptonWeight*bjetWeight*puWeight*muonTriggerWeight*EE_L1_prefire_Weight*electronTriggerWeight*genWeightSign*METTriggerWeight*qcdZTo2NuWeight*ewkZWeight
          hist nEntries =  35.0
          hist integral =  15.080417335
      Dataset =  HT2500ToInf  ||   nEvents =  405030
Applied ZTo2Nu qcd/ewk Weights correctly
          hist weight =  0.000622603140508*leptonWeight*bjetWeight*puWeight*muonTriggerWeight*EE_L1_prefire_Weight*electronTriggerWeight*genWeightSign*METTriggerWeight*qcdZTo2NuWeight*ewkZWeight
          hist nEntries =  2818.0
          hist integral =  2.28486140445
      Dataset =  HT400To600  ||   nEvents =  9862869
Applied ZTo2Nu qcd/ewk Weights correctly
          hist weight =  0.0395023293932*leptonWeight*bjetWeight*puWeight*muonTriggerWeight*EE_L1_prefire_Weight*electronTriggerWeight*genWeightSign*METTriggerWeight*qcdZTo2NuWeight*ewkZWeight
          hist nEntries =  48590.0
          hist integral =  2399.39780807
      Dataset =  HT200To400  ||   nEvents =  24761211
Applied ZTo2Nu qcd/ewk Weights correctly
          hist weight =  0.113895790476*leptonWeight*bjetWeight*puWeight*muonTriggerWeight*EE_L1_prefire_Weight*electronTriggerWeight*genWeightSign*METTriggerWeight*qcdZTo2NuWeight*ewkZWeight
          hist nEntries =  15935.0
          hist integral =  2367.50275216
      Dataset =  HT800To1200  ||   nEvents =  2170137
Applied ZTo2Nu qcd/ewk Weights correctly
          hist weight =  0.0197366691596*lTFile::Append:0: RuntimeWarning: Replacing existing TH1: hist (Potential memory leak).
TFile::Append:0: RuntimeWarning: Replacing existing TH1: hist (Potential memory leak).
TFile::Append:0: RuntimeWarning: Replacing existing TH1: hist (Potential memory leak).
TFile::Append:0: RuntimeWarning: Replacing existing TH1: hist (Potential memory leak).
TFile::Append:0: RuntimeWarning: Replacing existing TH1: hist (Potential memory leak).
TFile::Append:0: RuntimeWarning: Replacing existing TH1: hist (Potential memory leak).
TFile::Append:0: RuntimeWarning: Replacing existing TH1: hist (Potential memory leak).
TFile::Append:0: RuntimeWarning: Replacing existing TH1: hist (Potential memory leak).
TFile::Append:0: RuntimeWarning: Replacing existing TH1: hist (Potential memory leak).
TFile::Append:0: RuntimeWarning: Replacing existing TH1: hist (Potential memory leak).
TFile::Append:0: RuntimeWarning: Replacing existing TH1: hist (Potential memory leak).
TFile::Append:0: RuntimeWarning: Replacing existing TH1: hist (Potential memory leak).
TFile::Append:0: RuntimeWarning: Replacing existing TH1: hist (Potential memory leak).
eptonWeight*bjetWeight*puWeight*muonTriggerWeight*EE_L1_prefire_Weight*electronTriggerWeight*genWeightSign*METTriggerWeight*qcdZTo2NuWeight*ewkZWeight
          hist nEntries =  22171.0
          hist integral =  508.1795187
  Process =  tbar pseudoscalar
      Dataset =  tWChan_MChi1_MPhi10_pseudo  ||   nEvents =  217000
          hist weight =  0.0109917230415*leptonWeight*bjetWeight*puWeight*muonTriggerWeight*EE_L1_prefire_Weight*electronTriggerWeight*genWeightSign*METTriggerWeight
          hist nEntries =  4949.0
          hist integral =  53.209923923
      Dataset =  tChan_MChi1_MPhi10_pseudo  ||   nEvents =  379000
          hist weight =  0.0155682717678*leptonWeight*bjetWeight*puWeight*muonTriggerWeight*EE_L1_prefire_Weight*electronTriggerWeight*genWeightSign*METTriggerWeight
          hist nEntries =  5002.0
          hist integral =  75.7023416162
  Process =  TTV
      Dataset =  TTZToQQ  ||   nEvents =  351164
          hist weight =  0.0547704405919*leptonWeight*bjetWeight*puWeight*muonTriggerWeight*EE_L1_prefire_Weight*electronTriggerWeight*genWeightSign*METTriggerWeight
          hist nEntries =  355.0
          hist integral =  8.97023906186
      Dataset =  TTWJetsToLNu  ||   nEvents =  2716249
          hist weight =  0.00273102097783*leptonWeight*bjetWeight*puWeight*muonTriggerWeight*EE_L1_prefire_Weight*electronTriggerWeight*genWeightSign*METTriggerWeight
          hist nEntries =  9143.0
          hist integral =  12.5258427635
      Dataset =  TTWJetsToQQ  ||   nEvents =  430310
          hist weight =  0.0342755734238*leptonWeight*bjetWeight*puWeight*muonTriggerWeight*EE_L1_prefire_Weight*electronTriggerWeight*genWeightSign*METTriggerWeight
          hist nEntries =  438.0
          hist integral =  8.10846290179
      Dataset =  TTZToLLNuNu  ||   nEvents =  6387280
          hist weight =  0.0014376697123*leptonWeight*bjetWeight*puWeight*muonTriggerWeight*EE_L1_prefire_Weight*electronTriggerWeight*genWeightSign*METTriggerWeight
          hist nEntries =  134665.0
          hist integral =  86.1874989867
  Process =  WW
      Dataset =  WWTo1L1Nu2Q  ||   nEvents =  3267135
          hist weight =  0.555652297808*leptonWeight*bjetWeight*puWeight*muonTriggerWeight*EE_L1_prefire_Weight*electronTriggerWeight*genWeightSign*METTriggerWeight
          hist nEntries =  484.0
          hist integral =  109.384588778
      Dataset =  WWTo4Q  ||   nEvents =  19083133
          hist weight =  0.0984147692101*leptonWeight*bjetWeight*puWeight*muonTriggerWeight*EE_L1_prefire_Weight*electronTriggerWeight*genWeightSign*METTriggerWeight
          hist nEntries =  0.0
          hist integral =  0.0
      Dataset =  WWTo2L2Nu  ||   nEvents =  1999000
          hist weight =  0.221202191096*leptonWeight*bjetWeight*puWeight*muonTriggerWeight*EE_L1_prefire_Weight*electronTriggerWeight*genWeightSign*METTriggerWeight
          hist nEntries =  35.0
          hist integral =  7.26835778356
  Process =  ttbarPlusJets
      Dataset =  TTToSemiLepton  ||   nEvents =  152669800
          hist weight =  0.0866546527211*leptonWeight*bjetWeight*puWeight*muonTriggerWeight*EE_L1_prefire_Weight*electronTriggerWeight*genWeightSign*METTriggerWeight
          hist nEntries =  69103.0
          hist integral =  5852.39566612
      Dataset =  TTTo2L2Nu  ||   nEvents =  79140880
          hist weight =  0.0400580092109*leptonWeight*bjetWeight*puWeight*muonTriggerWeight*EE_L1_prefire_Weight*electronTriggerWeight*genWeightSign*METTriggerWeight
          hist nEntries =  11538.0
          hist integral =  447.393796682
  Process =  Other
      Dataset =  ZH_HToBB_ZToNuNu  ||   nEvents =  1242519
          hist weight =  0.00300995799662*leptonWeight*bjetWeight*puWeight*muonTriggerWeight*EE_L1_prefire_Weight*electronTriggerWeight*genWeightSign*METTriggerWeight
          hist nEntries =  10807.0
          hist integral =  12.3919425607
      Dataset =  tZq  ||   nEvents =  3618998
          hist weight =  0.000760513821782*leptonWeight*bjetWeight*puWeight*muonTriggerWeight*EE_L1_prefire_Weight*electronTriggerWeight*genWeightSign*METTriggerWeiTFile::Append:0: RuntimeWarning: Replacing existing TH1: hist (Potential memory leak).
TFile::Append:0: RuntimeWarning: Replacing existing TH1: hist (Potential memory leak).
TFile::Append:0: RuntimeWarning: Replacing existing TH1: hist (Potential memory leak).
TFile::Append:0: RuntimeWarning: Replacing existing TH1: hist (Potential memory leak).
TFile::Append:0: RuntimeWarning: Replacing existing TH1: hist (Potential memory leak).
TFile::Append:0: RuntimeWarning: Replacing existing TH1: hist (Potential memory leak).
TFile::Append:0: RuntimeWarning: Replacing existing TH1: hist (Potential memory leak).
TFile::Append:0: RuntimeWarning: Replacing existing TH1: hist (Potential memory leak).
TFile::Append:0: RuntimeWarning: Replacing existing TH1: hist (Potential memory leak).
TFile::Append:0: RuntimeWarning: Replacing existing TH1: hist (Potential memory leak).
TFile::Append:0: RuntimeWarning: Replacing existing TH1: hist (Potential memory leak).
TFile::Append:0: RuntimeWarning: Replacing existing TH1: hist (Potential memory leak).
TFile::Append:0: RuntimeWarning: Replacing existing TH1: hist (Potential memory leak).
TFile::Append:0: RuntimeWarning: Replacing existing TH1: hist (Potential memory leak).
ght
          hist nEntries =  745.0
          hist integral =  0.120914459287
      Dataset =  WplusH_HToBB_WToLNu  ||   nEvents =  2322111
          hist weight =  0.00249247947234*leptonWeight*bjetWeight*puWeight*muonTriggerWeight*EE_L1_prefire_Weight*electronTriggerWeight*genWeightSign*METTriggerWeight
          hist nEntries =  597.0
          hist integral =  1.42806258611
      Dataset =  GluGluHToZZTo4L  ||   nEvents =  999800
          hist weight =  0.000435807161432*leptonWeight*bjetWeight*puWeight*muonTriggerWeight*EE_L1_prefire_Weight*electronTriggerWeight*genWeightSign*METTriggerWeight
          hist nEntries =  0.0
          hist integral =  0.0
      Dataset =  ttHTobb  ||   nEvents =  3799066
          hist weight =  0.00146231468471*leptonWeight*bjetWeight*puWeight*muonTriggerWeight*EE_L1_prefire_Weight*electronTriggerWeight*genWeightSign*METTriggerWeight
          hist nEntries =  1115.0
          hist integral =  1.50534956087
      Dataset =  ZZZ  ||   nEvents =  213197
          hist weight =  0.00238436750986*leptonWeight*bjetWeight*puWeight*muonTriggerWeight*EE_L1_prefire_Weight*electronTriggerWeight*genWeightSign*METTriggerWeight
          hist nEntries =  558.0
          hist integral =  1.11004735623
      Dataset =  TTGJets  ||   nEvents =  4774447
          hist weight =  0.0281159409666*leptonWeight*bjetWeight*puWeight*muonTriggerWeight*EE_L1_prefire_Weight*electronTriggerWeight*genWeightSign*METTriggerWeight
          hist nEntries =  6136.0
          hist integral =  54.1017816141
      Dataset =  WplusH_HToBB_WToQQ  ||   nEvents =  469869
          hist weight =  0.0254859077743*leptonWeight*bjetWeight*puWeight*muonTriggerWeight*EE_L1_prefire_Weight*electronTriggerWeight*genWeightSign*METTriggerWeight
          hist nEntries =  0.0
          hist integral =  0.0
      Dataset =  WminusH_HToBB_WToLNu  ||   nEvents =  2293443
          hist weight =  0.00160062447595*leptonWeight*bjetWeight*puWeight*muonTriggerWeight*EE_L1_prefire_Weight*electronTriggerWeight*genWeightSign*METTriggerWeight
          hist nEntries =  502.0
          hist integral =  0.775845649769
      Dataset =  WWW  ||   nEvents =  210538
          hist weight =  0.0359757668449*leptonWeight*bjetWeight*puWeight*muonTriggerWeight*EE_L1_prefire_Weight*electronTriggerWeight*genWeightSign*METTriggerWeight
          hist nEntries =  48.0
          hist integral =  1.49313757269
      Dataset =  ttHToNonbb  ||   nEvents =  3905798
          hist weight =  0.00199873367747*leptonWeight*bjetWeight*puWeight*muonTriggerWeight*EE_L1_prefire_Weight*electronTriggerWeight*genWeightSign*METTriggerWeight
          hist nEntries =  2090.0
          hist integral =  3.86526284274
      Dataset =  WWZ  ||   nEvents =  221468
          hist weight =  0.0270519894522*leptonWeight*bjetWeight*puWeight*muonTriggerWeight*EE_L1_prefire_Weight*electronTriggerWeight*genWeightSign*METTriggerWeight
          hist nEntries =  281.0
          hist integral =  6.67988172919
      Dataset =  WZZ  ||   nEvents =  216366
          hist weight =  0.00939777968812*leptonWeight*bjetWeight*puWeight*muonTriggerWeight*EE_L1_prefire_Weight*electronTriggerWeight*genWeightSign*METTriggerWeight
          hist nEntries =  481.0
          hist integral =  3.71249135584
      Dataset =  WWG  ||   nEvents =  827630
          hist weight =  0.00941937459976*leptonWeight*bjetWeight*puWeight*muonTriggerWeight*EE_L1_prefire_Weight*electronTriggerWeight*genWeightSign*METTriggerWeight
          hist nEntries =  132.0
          hist integral =  1.12529180152
      Dataset =  TTTT  ||   nEvents =  104640
          hist weight =  0.00312299311927*leptonWeight*bjetWeight*puWeight*muonTriggerWeight*EE_L1_prefire_Weight*electronTriggerWeight*genWeightSign*METTriggerWeight
          hist nEntries =  86.0
          hist integral =  0.120854801964
      Dataset =  WminusH_HToBB_WToQQ  ||   nEvents =  471984
          hist weight =  0.0160938760636*leptonWeight*bjetWeight*puWeight*muonTriggerWeight*EE_L1_prefire_Weight*electronTriggerWeight*genWeightSign*METTriggerWeight
          hist TFile::Append:0: RuntimeWarning: Replacing existing TH1: hist (Potential memory leak).
TFile::Append:0: RuntimeWarning: Replacing existing TH1: hist (Potential memory leak).
TFile::Append:0: RuntimeWarning: Replacing existing TH1: hist (Potential memory leak).
TFile::Append:0: RuntimeWarning: Replacing existing TH1: hist (Potential memory leak).
TFile::Append:0: RuntimeWarning: Replacing existing TH1: hist (Potential memory leak).
TFile::Append:0: RuntimeWarning: Replacing existing TH1: hist (Potential memory leak).
TFile::Append:0: RuntimeWarning: Replacing existing TH1: hist (Potential memory leak).
TFile::Append:0: RuntimeWarning: Replacing existing TH1: hist (Potential memory leak).
TFile::Append:0: RuntimeWarning: Replacing existing TH1: hist (Potential memory leak).
TFile::Append:0: RuntimeWarning: Replacing existing TH1: hist (Potential memory leak).
TFile::Append:0: RuntimeWarning: Replacing existing TH1: hist (Potential memory leak).
TFile::Append:0: RuntimeWarning: Replacing existing TH1: hist (Potential memory leak).
TFile::Append:0: RuntimeWarning: Replacing existing TH1: hist (Potential memory leak).
TFile::Append:0: RuntimeWarning: Replacing existing TH1: hist (Potential memory leak).
nEntries =  0.0
          hist integral =  0.0
      Dataset =  WZG  ||   nEvents =  844854
          hist weight =  0.00177197634147*leptonWeight*bjetWeight*puWeight*muonTriggerWeight*EE_L1_prefire_Weight*electronTriggerWeight*genWeightSign*METTriggerWeight
          hist nEntries =  151.0
          hist integral =  0.23635162483
      Dataset =  VHToNonbb  ||   nEvents =  461452
          hist weight =  0.0749094597055*leptonWeight*bjetWeight*puWeight*muonTriggerWeight*EE_L1_prefire_Weight*electronTriggerWeight*genWeightSign*METTriggerWeight
          hist nEntries =  109.0
          hist integral =  3.08169540763
  Process =  ZZ
      Dataset =  ZZTo2Q2Nu  ||   nEvents =  18722534
          hist weight =  0.00783507189785*leptonWeight*bjetWeight*puWeight*muonTriggerWeight*EE_L1_prefire_Weight*electronTriggerWeight*genWeightSign*METTriggerWeight
          hist nEntries =  36592.0
          hist integral =  115.803879857
      Dataset =  ZZTo4L  ||   nEvents =  103121112
          hist weight =  0.000426757616811*leptonWeight*bjetWeight*puWeight*muonTriggerWeight*EE_L1_prefire_Weight*electronTriggerWeight*genWeightSign*METTriggerWeight
          hist nEntries =  12.0
          hist integral =  0.00393799284939
      Dataset =  ZZTo2L2Q  ||   nEvents =  9762305
          hist weight =  0.0119764953052*leptonWeight*bjetWeight*puWeight*muonTriggerWeight*EE_L1_prefire_Weight*electronTriggerWeight*genWeightSign*METTriggerWeight
          hist nEntries =  145.0
          hist integral =  0.622929133999
      Dataset =  ZZTo2L2Nu  ||   nEvents =  52855410
          hist weight =  0.000387450215598*leptonWeight*bjetWeight*puWeight*muonTriggerWeight*EE_L1_prefire_Weight*electronTriggerWeight*genWeightSign*METTriggerWeight
          hist nEntries =  2478.0
          hist integral =  0.952331780456
      Dataset =  ZZTo4Q  ||   nEvents =  18954431
          hist weight =  0.0131068571776*leptonWeight*bjetWeight*puWeight*muonTriggerWeight*EE_L1_prefire_Weight*electronTriggerWeight*genWeightSign*METTriggerWeight
          hist nEntries =  0.0
          hist integral =  0.0
  Process =  QCD
      Dataset =  HT700To1000  ||   nEvents =  37233786
          hist weight =  6.66151999692*leptonWeight*bjetWeight*puWeight*muonTriggerWeight*EE_L1_prefire_Weight*electronTriggerWeight*genWeightSign*METTriggerWeight
          hist nEntries =  1.0
          hist integral =  8.26252746582
      Dataset =  HT500To700  ||   nEvents =  62622029
          hist weight =  18.612475811*leptonWeight*bjetWeight*puWeight*muonTriggerWeight*EE_L1_prefire_Weight*electronTriggerWeight*genWeightSign*METTriggerWeight
          hist nEntries =  1.0
          hist integral =  19.3253498077
      Dataset =  HT100To200  ||   nEvents =  82293477
          hist weight =  12349.9083652*leptonWeight*bjetWeight*puWeight*muonTriggerWeight*EE_L1_prefire_Weight*electronTriggerWeight*genWeightSign*METTriggerWeight
          hist nEntries =  0.0
          hist integral =  0.0
      Dataset =  HT300To500  ||   nEvents =  54552852
          hist weight =  231.42670891*leptonWeight*bjetWeight*puWeight*muonTriggerWeight*EE_L1_prefire_Weight*electronTriggerWeight*genWeightSign*METTriggerWeight*(event!=159953384)
          hist nEntries =  0.0
          hist integral =  0.0
      Dataset =  HT200To300  ||   nEvents =  57580393
          hist weight =  1079.58137764*leptonWeight*bjetWeight*puWeight*muonTriggerWeight*EE_L1_prefire_Weight*electronTriggerWeight*genWeightSign*METTriggerWeight
          hist nEntries =  0.0
          hist integral =  0.0
      Dataset =  HT2000ToInf  ||   nEvents =  5804179
          hist weight =  0.157897335696*leptonWeight*bjetWeight*puWeight*muonTriggerWeight*EE_L1_prefire_Weight*electronTriggerWeight*genWeightSign*METTriggerWeight
          hist nEntries =  47.0
          hist integral =  7.93721759319
      Dataset =  HT1000To1500  ||   nEvents =  15210939
          hist weight =  2.88122712214*leptonWeight*bjetWeight*puWeight*muonTriggerWeight*EE_L1_prefire_Weight*electronTriggerWeight*genWeightSign*METTriggerWeight
          hist nEntries =  6.0
TFile::Append:0: RuntimeWarning: Replacing existing TH1: hist (Potential memory leak).
TFile::Append:0: RuntimeWarning: Replacing existing TH1: hist (Potential memory leak).
TFile::Append:0: RuntimeWarning: Replacing existing TH1: hist (Potential memory leak).
TFile::Append:0: RuntimeWarning: Replacing existing TH1: hist (Potential memory leak).
TFile::Append:0: RuntimeWarning: Replacing existing TH1: hist (Potential memory leak).
TFile::Append:0: RuntimeWarning: Replacing existing TH1: hist (Potential memory leak).
TFile::Append:0: RuntimeWarning: Replacing existing TH1: hist (Potential memory leak).
TFile::Append:0: RuntimeWarning: Replacing existing TH1: hist (Potential memory leak).
TFile::Append:0: RuntimeWarning: Replacing existing TH1: hist (Potential memory leak).
TFile::Append:0: RuntimeWarning: Replacing existing TH1: hist (Potential memory leak).
TFile::Append:0: RuntimeWarning: Replacing existing TH1: hist (Potential memory leak).
TFile::Append:0: RuntimeWarning: Replacing existing TH1: hist (Potential memory leak).
          hist integral =  15.3682327271
      Dataset =  HT1500To2000  ||   nEvents =  11839357
          hist weight =  0.367720054391*leptonWeight*bjetWeight*puWeight*muonTriggerWeight*EE_L1_prefire_Weight*electronTriggerWeight*genWeightSign*METTriggerWeight
          hist nEntries =  18.0
          hist integral =  6.59183931351
  Process =  ZTo2L
      Dataset =  HT600To800  ||   nEvents =  8292957
Applied ZTo2L qcd/ewk Weights correctly
          hist weight =  0.00598529209786*leptonWeight*bjetWeight*puWeight*muonTriggerWeight*EE_L1_prefire_Weight*electronTriggerWeight*genWeightSign*METTriggerWeight*qcdZTo2LWeight*ewkZWeight
          hist nEntries =  659.0
          hist integral =  4.77429436892
      Dataset =  HT1200To2500  ||   nEvents =  596079
Applied ZTo2L qcd/ewk Weights correctly
          hist weight =  0.00922249232065*leptonWeight*bjetWeight*puWeight*muonTriggerWeight*EE_L1_prefire_Weight*electronTriggerWeight*genWeightSign*METTriggerWeight*qcdZTo2LWeight*ewkZWeight
          hist nEntries =  67.0
          hist integral =  0.662378618377
      Dataset =  HT100To200  ||   nEvents =  11017086
Applied ZTo2L qcd/ewk Weights correctly
          hist weight =  0.485799421008*leptonWeight*bjetWeight*puWeight*muonTriggerWeight*EE_L1_prefire_Weight*electronTriggerWeight*genWeightSign*METTriggerWeight*qcdZTo2LWeight*ewkZWeight
          hist nEntries =  2.0
          hist integral =  0.349111765623
      Dataset =  HT2500ToInf  ||   nEvents =  399492
Applied ZTo2L qcd/ewk Weights correctly
          hist weight =  0.00032402438597*leptonWeight*bjetWeight*puWeight*muonTriggerWeight*EE_L1_prefire_Weight*electronTriggerWeight*genWeightSign*METTriggerWeight*qcdZTo2LWeight*ewkZWeight
          hist nEntries =  54.0
          hist integral =  0.0216108926652
      Dataset =  HT400To600  ||   nEvents =  9725661
Applied ZTo2L qcd/ewk Weights correctly
          hist weight =  0.0211983720181*leptonWeight*bjetWeight*puWeight*muonTriggerWeight*EE_L1_prefire_Weight*electronTriggerWeight*genWeightSign*METTriggerWeight*qcdZTo2LWeight*ewkZWeight
          hist nEntries =  594.0
          hist integral =  15.2097170737
      Dataset =  HT200To400  ||   nEvents =  9609137
Applied ZTo2L qcd/ewk Weights correctly
          hist weight =  0.154888716854*leptonWeight*bjetWeight*puWeight*muonTriggerWeight*EE_L1_prefire_Weight*electronTriggerWeight*genWeightSign*METTriggerWeight*qcdZTo2LWeight*ewkZWeight
          hist nEntries =  69.0
          hist integral =  14.1153573543
      Dataset =  HT800To1200  ||   nEvents =  2673066
Applied ZTo2L qcd/ewk Weights correctly
          hist weight =  0.0085631346177*leptonWeight*bjetWeight*puWeight*muonTriggerWeight*EE_L1_prefire_Weight*electronTriggerWeight*genWeightSign*METTriggerWeight*qcdZTo2LWeight*ewkZWeight
          hist nEntries =  244.0
          hist integral =  2.52888612915
  Process =  singleTop
      Dataset =  ST_s-channel  ||   nEvents =  622990
          hist weight =  0.19583235686*leptonWeight*bjetWeight*puWeight*muonTriggerWeight*EE_L1_prefire_Weight*electronTriggerWeight*genWeightSign*METTriggerWeight
          hist nEntries =  106.0
          hist integral =  13.6730476404
      Dataset =  ST_t-channel_antitop  ||   nEvents =  38811017
          hist weight =  0.0757522200462*leptonWeight*bjetWeight*puWeight*muonTriggerWeight*EE_L1_prefire_Weight*electronTriggerWeight*genWeightSign*METTriggerWeight
          hist nEntries =  535.0
          hist integral =  39.000153102
      Dataset =  ST_t-channel_top  ||   nEvents =  58403420
          hist weight =  0.0845650169117*leptonWeight*bjetWeight*puWeight*muonTriggerWeight*EE_L1_prefire_Weight*electronTriggerWeight*genWeightSign*METTriggerWeight
          hist nEntries =  960.0
          hist integral =  77.309658659
      Dataset =  ST_tW_top  ||   nEvents =  6952830
          hist weight =  0.187220671295*leptonWeight*bjetWeight*puWeight*muonTriggerWeight*EE_L1_prefire_Weight*electronTriggerWeight*genWeightSign*METTriggerWeight
          hist nEntries =  1526.0
          hist integral =  280.441949278
      Dataset =  TFile::Append:0: RuntimeWarning: Replacing existing TH1: hist (Potential memory leak).
TFile::Append:0: RuntimeWarning: Replacing existing TH1: hist (Potential memory leak).
TFile::Append:0: RuntimeWarning: Replacing existing TH1: hist (Potential memory leak).
TFile::Append:0: RuntimeWarning: Replacing existing TH1: hist (Potential memory leak).
TFile::Append:0: RuntimeWarning: Replacing existing TH1: hist (Potential memory leak).
TFile::Append:0: RuntimeWarning: Replacing existing TH1: hist (Potential memory leak).
TFile::Append:0: RuntimeWarning: Replacing existing TH1: hist (Potential memory leak).
TFile::Append:0: RuntimeWarning: Replacing existing TH1: hist (Potential memory leak).
TFile::Append:0: RuntimeWarning: Replacing existing TH1: hist (Potential memory leak).
TFile::Append:0: RuntimeWarning: Replacing existing TH1: hist (Potential memory leak).
TFile::Append:0: RuntimeWarning: Replacing existing TH1: hist (Potential memory leak).
TFile::Append:0: RuntimeWarning: Replacing existing TH1: hist (Potential memory leak).
TFile::Append:0: RuntimeWarning: Replacing existing TH1: hist (Potential memory leak).
ST_tW_antitop  ||   nEvents =  6933094
          hist weight =  0.187753620534*leptonWeight*bjetWeight*puWeight*muonTriggerWeight*EE_L1_prefire_Weight*electronTriggerWeight*genWeightSign*METTriggerWeight
          hist nEntries =  1510.0
          hist integral =  272.047104001
  Process =  WZ
      Dataset =  WZTo2Q2Nu  ||   nEvents =  10330111
          hist weight =  0.0228051063536*leptonWeight*bjetWeight*puWeight*muonTriggerWeight*EE_L1_prefire_Weight*electronTriggerWeight*genWeightSign*METTriggerWeight
          hist nEntries =  18589.0
          hist integral =  193.247041225
      Dataset =  WZTo3LNu  ||   nEvents =  19993200
          hist weight =  0.00804476479503*leptonWeight*bjetWeight*puWeight*muonTriggerWeight*EE_L1_prefire_Weight*electronTriggerWeight*genWeightSign*METTriggerWeight
          hist nEntries =  121.0
          hist integral =  0.932605778798
      Dataset =  WZTo1L1Nu2Q  ||   nEvents =  14109151
          hist weight =  0.0275622608334*leptonWeight*bjetWeight*puWeight*muonTriggerWeight*EE_L1_prefire_Weight*electronTriggerWeight*genWeightSign*METTriggerWeight
          hist nEntries =  5367.0
          hist integral =  65.0871035755
      Dataset =  WZTo1L3Nu  ||   nEvents =  942046
          hist weight =  0.116903240394*leptonWeight*bjetWeight*puWeight*muonTriggerWeight*EE_L1_prefire_Weight*electronTriggerWeight*genWeightSign*METTriggerWeight
          hist nEntries =  400.0
          hist integral =  25.8904840648
      Dataset =  WZTo2L2Q  ||   nEvents =  15836703
          hist weight =  0.0128280772835*leptonWeight*bjetWeight*puWeight*muonTriggerWeight*EE_L1_prefire_Weight*electronTriggerWeight*genWeightSign*METTriggerWeight
          hist nEntries =  197.0
          hist integral =  1.21683321707
  Process =  WPlusJets
      Dataset =  HT600To800  ||   nEvents =  18687480
Applied WPlusJets qcd/ewk Weights correctly
          hist weight =  0.0234132959607*leptonWeight*bjetWeight*puWeight*muonTriggerWeight*EE_L1_prefire_Weight*electronTriggerWeight*genWeightSign*METTriggerWeight*qcdWWeight*ewkWWeight
          hist nEntries =  17567.0
          hist integral =  446.431658268
      Dataset =  HT70To100  ||   nEvents =  10020533
Applied WPlusJets qcd/ewk Weights correctly
          hist weight =  4.97152396983*leptonWeight*bjetWeight*puWeight*muonTriggerWeight*EE_L1_prefire_Weight*electronTriggerWeight*genWeightSign*METTriggerWeight*qcdWWeight*ewkWWeight
          hist nEntries =  1.0
          hist integral =  7.41636276245
      Dataset =  HT1200To2500  ||   nEvents =  6872441
Applied WPlusJets qcd/ewk Weights correctly
          hist weight =  0.00702166668292*leptonWeight*bjetWeight*puWeight*muonTriggerWeight*EE_L1_prefire_Weight*electronTriggerWeight*genWeightSign*METTriggerWeight*qcdWWeight*ewkWWeight
          hist nEntries =  9727.0
          hist integral =  74.8196477294
      Dataset =  HT100To200  ||   nEvents =  78043017
Applied WPlusJets qcd/ewk Weights correctly
          hist weight =  0.625769631638*leptonWeight*bjetWeight*puWeight*muonTriggerWeight*EE_L1_prefire_Weight*electronTriggerWeight*genWeightSign*METTriggerWeight*qcdWWeight*ewkWWeight
          hist nEntries =  20.0
          hist integral =  14.3308011889
      Dataset =  HT2500ToInf  ||   nEvents =  2637821
Applied WPlusJets qcd/ewk Weights correctly
          hist weight =  0.000442687202809*leptonWeight*bjetWeight*puWeight*muonTriggerWeight*EE_L1_prefire_Weight*electronTriggerWeight*genWeightSign*METTriggerWeight*qcdWWeight*ewkWWeight
          hist nEntries =  2208.0
          hist integral =  1.21197505109
      Dataset =  HT800To1200  ||   nEvents =  7830536
Applied WPlusJets qcd/ewk Weights correctly
          hist weight =  0.0255079997078*leptonWeight*bjetWeight*puWeight*muonTriggerWeight*EE_L1_prefire_Weight*electronTriggerWeight*genWeightSign*METTriggerWeight*qcdWWeight*ewkWWeight
          hist nEntries =  9442.0
          hist integral =  258.52731204
      Dataset =  HT200To400  ||   nEvents =  38984322
Applied WPlusJets qcd/ewk Weights correctly
          hist weight =  0.335024602967*leptonWeightTFile::Append:0: RuntimeWarning: Replacing existing TH1: hist (Potential memory leak).
*bjetWeight*puWeight*muonTriggerWeight*EE_L1_prefire_Weight*electronTriggerWeight*genWeightSign*METTriggerWeight*qcdWWeight*ewkWWeight
          hist nEntries =  2989.0
          hist integral =  1210.68408024
      Dataset =  HT400To600  ||   nEvents =  7687800
Applied WPlusJets qcd/ewk Weights correctly
          hist weight =  0.231005242072*leptonWeight*bjetWeight*puWeight*muonTriggerWeight*EE_L1_prefire_Weight*electronTriggerWeight*genWeightSign*METTriggerWeight*qcdWWeight*ewkWWeight
          hist nEntries =  4553.0
          hist integral =  1195.34177876
-----------------------------
Total data background nEvents =  17620.0
Total data background integral =  17620.0
-----------------------------
Total MC background nEvents =  508428.0
Total MC background integral =  17354.1226196
-----------------------------
Total tt+DM signal nEvents =  14.4
Total tt+DM signal integral =  203.434718323
Total t+DM signal nEvents =  99.51
Total t+DM signal integral =  128.912264404
-----------------------------
FOM for tt+DM signal =  0.606960231333
FOM for t+DM signal =  0.49458505322
-----------------------------
Data bin content:
    bin 0: 0.0
    bin 1: 4820.0
    bin 2: 3454.0
    bin 3: 2396.0
    bin 4: 1753.0
    bin 5: 1224.0
    bin 6: 867.0
    bin 7: 689.0
    bin 8: 530.0
    bin 9: 393.0
    bin 10: 308.0
    bin 11: 198.0
    bin 12: 181.0
    bin 13: 158.0
    bin 14: 108.0
    bin 15: 97.0
    bin 16: 444.0
-----------------------------
MC background bin content:
    bin 0: 0.0
    bin 1: 4777.796875
    bin 2: 3367.44995117
    bin 3: 2374.22460938
    bin 4: 1684.44519043
    bin 5: 1222.11547852
    bin 6: 902.186157227
    bin 7: 666.520935059
    bin 8: 504.307037354
    bin 9: 371.252990723
    bin 10: 299.211303711
    bin 11: 228.372329712
    bin 12: 177.494171143
    bin 13: 140.82359314
    bin 14: 114.119522095
    bin 15: 93.2995452881
    bin 16: 430.502929688
-----------------------------
tt+DM bin content:
    bin 0: 0.0
    bin 1: 3843.48071289
    bin 2: 3261.33496094
    bin 3: 2522.17822266
    bin 4: 1942.55957031
    bin 5: 1684.24890137
    bin 6: 1277.06408691
    bin 7: 1263.37353516
    bin 8: 1012.58795166
    bin 9: 671.219360352
    bin 10: 386.386291504
    bin 11: 541.219665527
    bin 12: 325.743011475
    bin 13: 313.998626709
    bin 14: 201.680999756
    bin 15: 221.039367676
    bin 16: 875.356567383
-----------------------------
t+DM bin content:
    bin 0: 0.0
    bin 1: 2068.38085938
    bin 2: 1681.97973633
    bin 3: 1387.37329102
    bin 4: 1228.75683594
    bin 5: 1010.25756836
    bin 6: 859.655273438
    bin 7: 671.26940918
    bin 8: 626.691650391
    bin 9: 488.630767822
    bin 10: 405.544342041
    bin 11: 378.552215576
    bin 12: 290.67855835
    bin 13: 273.212127686
    bin 14: 218.770568848
    bin 15: 221.962982178
    bin 16: 1079.51025391
-----------------------------
Data bin errors:
    bin 0: 0.0
    bin 1: 69.4262198308
    bin 2: 58.7707410197
    bin 3: 48.9489530021
    bin 4: 41.8688428309
    bin 5: 34.9857113691
    bin 6: 29.4448637287
    bin 7: 26.2488094968
    bin 8: 23.0217288664
    bin 9: 19.8242276016
    bin 10: 17.5499287748
    bin 11: 14.0712472795
    bin 12: 13.4536240471
    bin 13: 12.56980509
    bin 14: 10.3923048454
    bin 15: 9.8488578018
    bin 16: 21.0713075057
-----------------------------
MC background bin errors:
    bin 0: 0.0
    bin 1: 28.5422312134
    bin 2: 30.9472555681
    bin 3: 18.6333235319
    bin 4: 15.2970987578
    bin 5: 12.7024694557
    bin 6: 10.5006306101
    bin 7: 8.71300378234
    bin 8: 7.35431634851
    bin 9: 5.90860145488
    bin 10: 5.17866390309
    bin 11: 4.43528776148
    bin 12: 3.71469383035
    bin 13: 3.21050286127
    bin 14: 2.76868736256
    bin 15: 2.27249847558
    bin 16: 4.25899650383
-----------------------------
tt+DM bin errors:
    bin 0: 0.0
    bin 1: 241.185976946
    bin 2: 223.275838548
    bin 3: 196.171835867
    bin 4: 174.217423451
    bin 5: 159.365544653
    bin 6: 139.665006021
    bin 7: 138.132676548
    bin 8: 124.731284132
    bin 9: 101.656822439
    bin 10Info in <TCanvas::Print>: png file AH0l0fSR2016_METcorrected_pt_07_01_2024_new.png has been created
: 77.1329186753
    bin 11: 89.5025388668
    bin 12: 68.771282688
    bin 13: 67.9797331805
    bin 14: 54.5395142515
    bin 15: 59.300996883
    bin 16: 114.376324895
-----------------------------
t+DM bin errors:
    bin 0: 0.0
    bin 1: 55.0064303429
    bin 2: 49.3986453265
    bin 3: 44.8904883259
    bin 4: 42.2001990938
    bin 5: 38.1593355009
    bin 6: 35.0120372954
    bin 7: 30.9915817214
    bin 8: 29.7923771278
    bin 9: 26.2009891438
    bin 10: 24.0921662101
    bin 11: 22.9396807469
    bin 12: 20.3255102745
    bin 13: 19.6598127155
    bin 14: 17.2421449143
    bin 15: 17.8116076464
    bin 16: 38.4823734778
-----------------------------
ttbar pseudoscalar hist info:
    nEvents =  14.4
    integral =  203.434718323
    bin 1 integral =  71.0481567383
ZTo2Nu hist info:
    nEvents =  142022.0
    integral =  6339.99975204
    bin 1 integral =  2449.51733398
tbar pseudoscalar hist info:
    nEvents =  99.51
    integral =  128.912264404
    bin 1 integral =  37.503605957
TTTo2L2Nu hist info:
    nEvents =  11538.0
    integral =  447.393796682
    bin 1 integral =  245.600860596
singleTop hist info:
    nEvents =  4637.0
    integral =  682.471911311
    bin 1 integral =  338.269256592
TTV hist info:
    nEvents =  144601.0
    integral =  115.792042136
    bin 1 integral =  40.9123249054
bkgSum hist info:
    nEvents =  508428.0
    integral =  17354.1226196
    bin 1 integral =  8145.24682617
Other hist info:
    nEvents =  23838.0
    integral =  91.7489075065
    bin 1 integral =  39.3124637604
TTToSemiLepton hist info:
    nEvents =  69103.0
    integral =  5852.39566612
    bin 1 integral =  3280.59606934
VV hist info:
    nEvents =  64420.0
    integral =  520.410113811
    bin 1 integral =  198.989578247
QCD hist info:
    nEvents =  73.0
    integral =  57.4851639271
    bin 1 integral =  48.1492977142
ZTo2L hist info:
    nEvents =  1689.0
    integral =  37.661357373
    bin 1 integral =  19.3927907944
data hist info:
    nEvents =  17620.0
    integral =  17620.0
    bin 1 integral =  8274.0
WPlusJets hist info:
    nEvents =  46507.0
    integral =  3208.76369667
    bin 1 integral =  1484.50653076
Finished filling histograms
Creating stacked MC background histogram...
Finished stacking MC background histograms.
Drawing histograms...
Finished drawing histograms
Drawing ratio plot...
Plotting end time: 2024-07-02 00:18:20.798595
