plots/plot.py:973: SyntaxWarning: name 'counter' is used prior to global declaration
  global counter
Plotting start time: 2022-12-20 13:42:25.812848
Cut name =  AH1lWR
MC Selection Cuts =  (njets >= 3 && nbjets == 0 && nTightElectrons == 1 && nVetoElectrons == 1 && nLooseMuons == 0 && METcorrected_pt >= 250 && M_T <= 140 && Flag_goodVertices && Flag_globalSuperTightHalo2016Filter && Flag_HBHENoiseFilter && Flag_HBHENoiseIsoFilter && Flag_EcalDeadCellTriggerPrimitiveFilter && Flag_BadPFMuonFilter && Flag_ecalBadCalibFilterV2 && ((HLT_Ele32_WPTight_Gsf) || (HLT_Ele115_CaloIdVT_GsfTrkIdT || HLT_Photon200)) && PV_npvsGood > 0 && PV_ndof > 4 && abs(PV_z) < 24 && sqrt(pow(PV_x,2)+pow(PV_y,2)) < 2 && ((METcorrected_phi <= -1.62) || (METcorrected_phi >= -0.82))) || (njets >= 3 && nbjets == 0 && nVetoElectrons == 0 && nTightMuons == 1 && nLooseMuons == 1 && METcorrected_pt >= 250 && M_T <= 140 && Flag_goodVertices && Flag_globalSuperTightHalo2016Filter && Flag_HBHENoiseFilter && Flag_HBHENoiseIsoFilter && Flag_EcalDeadCellTriggerPrimitiveFilter && Flag_BadPFMuonFilter && Flag_ecalBadCalibFilterV2 && (HLT_IsoMu24) && PV_npvsGood > 0 && PV_ndof > 4 && abs(PV_z) < 24 && sqrt(pow(PV_x,2)+pow(PV_y,2)) < 2 && ((METcorrected_phi <= -1.62) || (METcorrected_phi >= -0.82)))
Data Selection Cuts =  (njets >= 3 && nbjets == 0 && nTightElectrons == 1 && nVetoElectrons == 1 && nLooseMuons == 0 && METcorrected_pt >= 250 && M_T <= 140 && Flag_goodVertices && Flag_globalSuperTightHalo2016Filter && Flag_HBHENoiseFilter && Flag_HBHENoiseIsoFilter && Flag_EcalDeadCellTriggerPrimitiveFilter && Flag_BadPFMuonFilter && Flag_ecalBadCalibFilterV2 && ((HLT_Ele32_WPTight_Gsf) || (HLT_Ele115_CaloIdVT_GsfTrkIdT || HLT_Photon200)) && PV_npvsGood > 0 && PV_ndof > 4 && abs(PV_z) < 24 && sqrt(pow(PV_x,2)+pow(PV_y,2)) < 2 && ((METcorrected_phi <= -1.62) || (METcorrected_phi >= -0.82))) || (njets >= 3 && nbjets == 0 && nVetoElectrons == 0 && nTightMuons == 1 && nLooseMuons == 1 && METcorrected_pt >= 250 && M_T <= 140 && Flag_goodVertices && Flag_globalSuperTightHalo2016Filter && Flag_HBHENoiseFilter && Flag_HBHENoiseIsoFilter && Flag_EcalDeadCellTriggerPrimitiveFilter && Flag_BadPFMuonFilter && Flag_ecalBadCalibFilterV2 && (HLT_IsoMu24) && PV_npvsGood > 0 && PV_ndof > 4 && abs(PV_z) < 24 && sqrt(pow(PV_x,2)+pow(PV_y,2)) < 2 && ((METcorrected_phi <= -1.62) || (METcorrected_phi >= -0.82))) && Flag_eeBadScFilter
var =  METcorrected_pt
year =  2018
lumi =  59.74
saveDirectory =  plots/CR_2018/METcorrected_pt/
date =  12_15_2022
applying HEM fix for 2018...
Creating histograms..
Histogram options: 
    nbins =  15
    xmin =  250
    xmax =  550
    auto_y =  True
    doLogPlot =  True
    drawData =  True
    mediatorType =  scalar
    mchi =  1
    mphi =  100
    normalizePlots =  False
    useCentralSamples =  True
    doBinned =  False
    savePlots =  True
    combineEleMu =  True
    doSys =  False
    doSysFirstHalf =  False
    doSysSecondHalf =  False
    drawOverflow =  True
    drawUnderflow =  False
    plotSys =  False
    plotSysVar =  CMS_trig_m
    plotSysSignal =  False
Drawing data and ratio plot...
Selected both SingleMuon and SingleElectron dataset
Loading data sample root files and event trees...
    ----Loading /hdfs/store/user/vshang/SingleElectron_Run2018A/EGamma/ModuleCommonSkim_11102022/tree_all.root
    nevents in filepath = /hdfs/store/user/vshang/SingleElectron_Run2018A/EGamma/ModuleCommonSkim_11102022/tree_all.root: 86080
    ----Loading /hdfs/store/user/vshang/SingleElectron_Run2018B/EGamma/ModuleCommonSkim_11102022/tree_all.root
    nevents in filepath = /hdfs/store/user/vshang/SingleElectron_Run2018B/EGamma/ModuleCommonSkim_11102022/tree_all.root: 45467
    ----Loading /hdfs/store/user/vshang/SingleElectron_Run2018C/EGamma/ModuleCommonSkim_11102022/tree_all.root
    nevents in filepath = /hdfs/store/user/vshang/SingleElectron_Run2018C/EGamma/ModuleCommonSkim_11102022/tree_all.root: 75543
    ----Loading /hdfs/store/user/vshang/SingleElectron_Run2018D/EGamma/ModuleCommonSkim_11102022/tree_all.root
    nevents in filepath = /hdfs/store/user/vshang/SingleElectron_Run2018D/EGamma/ModuleCommonSkim_11102022/tree_all.root: 384611
    total nevents in  SingleElectron :  591701
    ----Loading /hdfs/store/user/vshang/SingleMuon_Run2018A/SingleMuon/ModuleCommonSkim_11102022/tree_all.root
    nevents in filepath = /hdfs/store/user/vshang/SingleMuon_Run2018A/SingleMuon/ModuleCommonSkim_11102022/tree_all.root: 120583
    ----Loading /hdfs/store/user/vshang/SingleMuon_Run2018B/SingleMuon/ModuleCommonSkim_11102022/tree_all.root
    nevents in filepath = /hdfs/store/user/vshang/SingleMuon_Run2018B/SingleMuon/ModuleCommonSkim_11102022/tree_all.root: 67623
    ----Loading /hdfs/store/user/vshang/SingleMuon_Run2018C/SingleMuon/ModuleCommonSkim_11102022/tree_all.root
    nevents in filepath = /hdfs/store/user/vshang/SingleMuon_Run2018C/SingleMuon/ModuleCommonSkim_11102022/tree_all.root: 76657
    ----Loading /hdfs/store/user/vshang/SingleMuon_Run2018D/SingleMuon/ModuleCommonSkim_11102022/tree_all.root
    nevents in filepath = /hdfs/store/user/vshang/SingleMuon_Run2018D/SingleMuon/ModuleCommonSkim_11102022/tree_all.root: 360359
    total nevents in  SingleMuon :  625222
Got data sample root files and event trees
Loading MC sample root files and event trees...
    ----Loading 1LHEZpT400-inf
    nevents in  ZTo2Nu   1LHEZpT400-inf :  2683437
    ----Loading 2LHEZpT50-150
    nevents in  ZTo2Nu   2LHEZpT50-150 :  20556369
    ----Loading 2LHEZpT400-inf
    nevents in  ZTo2Nu   2LHEZpT400-inf :  20578721
    ----Loading 1LHEZpT250-400
    nevents in  ZTo2Nu   1LHEZpT250-400 :  17767562
    ----Loading 2LHEZpT250-400
    nevents in  ZTo2Nu   2LHEZpT250-400 :  1205964
    ----Loading 1LHEZpT150-250
    nevents in  ZTo2Nu   1LHEZpT150-250 :  45730459
    ----Loading 2LHEZpT150-250
    nevents in  ZTo2Nu   2LHEZpT150-250 :  126692753
    ----Loading 1LHEZpT50-150
    nevents in  ZTo2Nu   1LHEZpT50-150 :  12899643
    ----Loading tWChan_MChi1_MPhi100_scalar
    nevents in  tbar scalar   tWChan_MChi1_MPhi100_scalar :  153000
    ----Loading tChan_MChi1_MPhi100_scalar
    nevents in  tbar scalar   tChan_MChi1_MPhi100_scalar :  307000
    ----Loading WWTo1L1Nu2Q
    nevents in  WW   WWTo1L1Nu2Q :  4683136
    ----Loading WWTo4Q
    nevents in  WW   WWTo4Q :  3790800
    ----Loading WWTo2L2Nu
    nevents in  WW   WWTo2L2Nu :  7758900
    ----Loading TTToSemiLepton
    nevents in  ttbarPlusJets   TTToSemiLepton :  300619998
    ----Loading TTTo2L2Nu
    nevents in  ttbarPlusJets   TTTo2L2Nu :  64310000
    ----Loading ttDM_MChi1_MPhi100_scalar
    nevents in  ttbar scalar   ttDM_MChi1_MPhi100_scalar :  1842523
    ----Loading ZZTo2Q2Nu
    nevents in  ZZ   ZZTo2Q2Nu :  57633049
    ----Loading ZZTo4L
    nevents in  ZZ   ZZTo4L :  124649500
    ----Loading ZZTo2L2Q
    nevents in  ZZ   ZZTo2L2Q :  27900469
    ----Loading ZZTo2L2Nu
    nevents in  ZZ   ZZTo2L2Nu :  56428600
    ----Loading Pt50to80
    nevents in  QCD   Pt50to80 :  25580000
    ----Loading Pt2400to3200
    nevents in  QCD   Pt2400to3200 :  2394000
    ----Loading Pt30to50
    nevents in  QCD   Pt30to50 :  18488000
    ----Loading Pt470to600
    nevents in  QCD   Pt470to600 :  42459973
    ----Loading Pt300to470
    nevents in  QCD   Pt300to470 :  41744000
    ----Loading Pt170to300
    nevents in  QCD   Pt170to300 :  29710000
    ----Loading Pt800to1000
    nevents in  QCD   Pt800to1000 :  36062000
    ----Loading Pt600to800
    nevents in  QCD   Pt600to800 :  64061000
    ----Loading Pt120to170
    nevents in  QCD   Pt120to170 :  25255000
    ----Loading Pt1000to1400
    nevents in  QCD   Pt1000to1400 :  18485000
    ----Loading Pt1400to1800
    nevents in  QCD   Pt1400to1800 :  6928000
    ----Loading Pt15to30
    nevents in  QCD   Pt15to30 :  19451000
    ----Loading Pt3200toInf
    nevents in  QCD   Pt3200toInf :  925000
    ----Loading Pt80to120
    nevents in  QCD   Pt80to120 :  29535000
    ----Loading Pt1800to2400
    nevents in  QCD   Pt1800to2400 :  4017800
    ----Loading WZTo2Q2Nu
    nevents in  WZ   WZTo2Q2Nu :  30887331
    ----Loading WZTo2L2Q
    nevents in  WZ   WZTo2L2Q :  28193648
    ----Loading WZTo3LNu
    nevents in  WZ   WZTo3LNu :  11248318
    ----Loading WZTo1L3Nu
    nevents in  WZ   WZTo1Info in <TCanvas::MakeDefCanvas>:  created default TCanvas with name c1
TFile::Append:0: RuntimeWarning: Replacing existing TH1: hist (Potential memory leak).
TFile::Append:0: RuntimeWarning: Replacing existing TH1: hist (Potential memory leak).
L3Nu :  1690064
    ----Loading WZTo1L1Nu2Q
    nevents in  WZ   WZTo1L1Nu2Q :  18273533
    ----Loading TTZToQQ
    nevents in  TTV   TTZToQQ :  9572000
    ----Loading TTWJetsToLNu
    nevents in  TTV   TTWJetsToLNu :  4911941
    ----Loading TTWJetsToQQ
    nevents in  TTV   TTWJetsToQQ :  835296
    ----Loading TTZToLLNuNu
    nevents in  TTV   TTZToLLNuNu :  13280000
    ----Loading 1LHEZpT400-inf
    nevents in  ZTo2L   1LHEZpT400-inf :  1245138
    ----Loading 2LHEZpT50-150
    nevents in  ZTo2L   2LHEZpT50-150 :  24201409
    ----Loading 2LHEZpT400-inf
    nevents in  ZTo2L   2LHEZpT400-inf :  2829789
    ----Loading 1LHEZpT250-400
    nevents in  ZTo2L   1LHEZpT250-400 :  7531281
    ----Loading 2LHEZpT250-400
    nevents in  ZTo2L   2LHEZpT250-400 :  16704440
    ----Loading 1LHEZpT150-250
    nevents in  ZTo2L   1LHEZpT150-250 :  14009712
    ----Loading 2LHEZpT150-250
    nevents in  ZTo2L   2LHEZpT150-250 :  42787613
    ----Loading 1LHEZpT50-150
    nevents in  ZTo2L   1LHEZpT50-150 :  10968454
    ----Loading ST_s-channel
    nevents in  singleTop   ST_s-channel :  19890000
    ----Loading ST_t-channel_antitop
    nevents in  singleTop   ST_t-channel_antitop :  79090800
    ----Loading ST_tW_top
    nevents in  singleTop   ST_tW_top :  9598000
    ----Loading ST_t-channel_top
    nevents in  singleTop   ST_t-channel_top :  154307600
    ----Loading ST_tW_antitop
    nevents in  singleTop   ST_tW_antitop :  7527000
    ----Loading Pt50To100
    nevents in  WPlusJets   Pt50To100 :  19671032
    ----Loading Pt600ToInf
    nevents in  WPlusJets   Pt600ToInf :  3898092
    ----Loading Pt250To400
    nevents in  WPlusJets   Pt250To400 :  801885
    ----Loading Pt100To250
    nevents in  WPlusJets   Pt100To250 :  503721922
    ----Loading Pt400To600
    nevents in  WPlusJets   Pt400To600 :  12004784
Got MC sample root files and event trees
Filling data histograms...
  Dataset =  SingleElectron  ||   nEvents =  591701
  Using cut =  njets >= 3 && nbjets == 0 && nTightElectrons == 1 && nVetoElectrons == 1 && nLooseMuons == 0 && METcorrected_pt >= 250 && M_T <= 140 && Flag_goodVertices && Flag_globalSuperTightHalo2016Filter && Flag_HBHENoiseFilter && Flag_HBHENoiseIsoFilter && Flag_EcalDeadCellTriggerPrimitiveFilter && Flag_BadPFMuonFilter && Flag_ecalBadCalibFilterV2 && ((HLT_Ele32_WPTight_Gsf) || (HLT_Ele115_CaloIdVT_GsfTrkIdT || HLT_Photon200)) && PV_npvsGood > 0 && PV_ndof > 4 && abs(PV_z) < 24 && sqrt(pow(PV_x,2)+pow(PV_y,2)) < 2 && ((METcorrected_phi <= -1.62) || (METcorrected_phi >= -0.82)) && Flag_eeBadScFilter
    hist nEntries =  3761.0
    hist integral =  3761.0
    hist_data nEntries =  3761.0
    hist_data integral =  3761.0
  Using cut =  njets >= 3 && nbjets == 0 && nTightElectrons == 1 && nVetoElectrons == 1 && nLooseMuons == 0 && METcorrected_pt >= 250 && M_T <= 140 && Flag_goodVertices && Flag_globalSuperTightHalo2016Filter && Flag_HBHENoiseFilter && Flag_HBHENoiseIsoFilter && Flag_EcalDeadCellTriggerPrimitiveFilter && Flag_BadPFMuonFilter && Flag_ecalBadCalibFilterV2 && ((HLT_Ele32_WPTight_Gsf) || (HLT_Ele115_CaloIdVT_GsfTrkIdT || HLT_Photon200)) && PV_npvsGood > 0 && PV_ndof > 4 && abs(PV_z) < 24 && sqrt(pow(PV_x,2)+pow(PV_y,2)) < 2 && ((METcorrected_phi <= -1.62) || (METcorrected_phi >= -0.82)) && Flag_eeBadScFilter
    hist nEntries =  1974.0
    hist integral =  1974.0
    hist_data nEntries =  5735.0
    hist_data integral =  5735.0
  Using cut =  njets >= 3 && nbjets == 0 && nTightElectrons == 1 && nVetoElectrons == 1 && nLooseMuons == 0 && METcorrected_pt >= 250 && M_T <= 140 && Flag_goodVertices && Flag_globalSuperTightHalo2016Filter && Flag_HBHENoiseFilter && Flag_HBHENoiseIsoFilter && Flag_EcalDeadCellTriggerPrimitiveFilter && Flag_BadPFMuonFilter && Flag_ecalBadCalibFilterV2 && ((HLT_Ele32_WPTight_Gsf) || (HLT_Ele115_CaloIdVT_GsfTrkIdT || HLT_Photon200)) && PV_npvsGood > 0 && PV_ndof > 4 && abs(PV_z) < 24 && sqrt(pow(PV_x,2)+pow(PV_y,2)) < 2 && ((METcorrected_phi <= -1.62) || (METcorrected_phi >= -0.82)) && Flag_eeBadScFilter
    hist nEntries =  1839.0
    hist integral =  1839.0
    TFile::Append:0: RuntimeWarning: Replacing existing TH1: hist (Potential memory leak).
TFile::Append:0: RuntimeWarning: Replacing existing TH1: hist (Potential memory leak).
TFile::Append:0: RuntimeWarning: Replacing existing TH1: hist (Potential memory leak).
TFile::Append:0: RuntimeWarning: Replacing existing TH1: hist (Potential memory leak).
TFile::Append:0: RuntimeWarning: Replacing existing TH1: hist (Potential memory leak).
TFile::Append:0: RuntimeWarning: Replacing existing TH1: hist (Potential memory leak).
TFile::Append:0: RuntimeWarning: Replacing existing TH1: hist (Potential memory leak).
hist_data nEntries =  7574.0
    hist_data integral =  7574.0
  Using cut =  njets >= 3 && nbjets == 0 && nTightElectrons == 1 && nVetoElectrons == 1 && nLooseMuons == 0 && METcorrected_pt >= 250 && M_T <= 140 && Flag_goodVertices && Flag_globalSuperTightHalo2016Filter && Flag_HBHENoiseFilter && Flag_HBHENoiseIsoFilter && Flag_EcalDeadCellTriggerPrimitiveFilter && Flag_BadPFMuonFilter && Flag_ecalBadCalibFilterV2 && ((HLT_Ele32_WPTight_Gsf) || (HLT_Ele115_CaloIdVT_GsfTrkIdT || HLT_Photon200)) && PV_npvsGood > 0 && PV_ndof > 4 && abs(PV_z) < 24 && sqrt(pow(PV_x,2)+pow(PV_y,2)) < 2 && ((METcorrected_phi <= -1.62) || (METcorrected_phi >= -0.82)) && Flag_eeBadScFilter
    hist nEntries =  8732.0
    hist integral =  8732.0
    hist_data nEntries =  16306.0
    hist_data integral =  16306.0
  Dataset =  SingleMuon  ||   nEvents =  625222
  Using cut =  njets >= 3 && nbjets == 0 && nVetoElectrons == 0 && nTightMuons == 1 && nLooseMuons == 1 && METcorrected_pt >= 250 && M_T <= 140 && Flag_goodVertices && Flag_globalSuperTightHalo2016Filter && Flag_HBHENoiseFilter && Flag_HBHENoiseIsoFilter && Flag_EcalDeadCellTriggerPrimitiveFilter && Flag_BadPFMuonFilter && Flag_ecalBadCalibFilterV2 && (HLT_IsoMu24) && PV_npvsGood > 0 && PV_ndof > 4 && abs(PV_z) < 24 && sqrt(pow(PV_x,2)+pow(PV_y,2)) < 2 && ((METcorrected_phi <= -1.62) || (METcorrected_phi >= -0.82)) && Flag_eeBadScFilter
    hist nEntries =  5756.0
    hist integral =  5756.0
    hist_data nEntries =  22062.0
    hist_data integral =  22062.0
  Using cut =  njets >= 3 && nbjets == 0 && nVetoElectrons == 0 && nTightMuons == 1 && nLooseMuons == 1 && METcorrected_pt >= 250 && M_T <= 140 && Flag_goodVertices && Flag_globalSuperTightHalo2016Filter && Flag_HBHENoiseFilter && Flag_HBHENoiseIsoFilter && Flag_EcalDeadCellTriggerPrimitiveFilter && Flag_BadPFMuonFilter && Flag_ecalBadCalibFilterV2 && (HLT_IsoMu24) && PV_npvsGood > 0 && PV_ndof > 4 && abs(PV_z) < 24 && sqrt(pow(PV_x,2)+pow(PV_y,2)) < 2 && ((METcorrected_phi <= -1.62) || (METcorrected_phi >= -0.82)) && Flag_eeBadScFilter
    hist nEntries =  2951.0
    hist integral =  2951.0
    hist_data nEntries =  25013.0
    hist_data integral =  25013.0
  Using cut =  njets >= 3 && nbjets == 0 && nVetoElectrons == 0 && nTightMuons == 1 && nLooseMuons == 1 && METcorrected_pt >= 250 && M_T <= 140 && Flag_goodVertices && Flag_globalSuperTightHalo2016Filter && Flag_HBHENoiseFilter && Flag_HBHENoiseIsoFilter && Flag_EcalDeadCellTriggerPrimitiveFilter && Flag_BadPFMuonFilter && Flag_ecalBadCalibFilterV2 && (HLT_IsoMu24) && PV_npvsGood > 0 && PV_ndof > 4 && abs(PV_z) < 24 && sqrt(pow(PV_x,2)+pow(PV_y,2)) < 2 && ((METcorrected_phi <= -1.62) || (METcorrected_phi >= -0.82)) && Flag_eeBadScFilter
    hist nEntries =  2935.0
    hist integral =  2935.0
    hist_data nEntries =  27948.0
    hist_data integral =  27948.0
  Using cut =  njets >= 3 && nbjets == 0 && nVetoElectrons == 0 && nTightMuons == 1 && nLooseMuons == 1 && METcorrected_pt >= 250 && M_T <= 140 && Flag_goodVertices && Flag_globalSuperTightHalo2016Filter && Flag_HBHENoiseFilter && Flag_HBHENoiseIsoFilter && Flag_EcalDeadCellTriggerPrimitiveFilter && Flag_BadPFMuonFilter && Flag_ecalBadCalibFilterV2 && (HLT_IsoMu24) && PV_npvsGood > 0 && PV_ndof > 4 && abs(PV_z) < 24 && sqrt(pow(PV_x,2)+pow(PV_y,2)) < 2 && ((METcorrected_phi <= -1.62) || (METcorrected_phi >= -0.82)) && Flag_eeBadScFilter
    hist nEntries =  13542.0
    hist integral =  13542.0
    hist_data nEntries =  41490.0
    hist_data integral =  41490.0
Filling MC histograms...
  Process =  ZTo2Nu
      Dataset =  1LHEZpT400-inf  ||   nEvents =  2683437
          hist weight =  0.00501128739002*leptonWeight*bjetWeight*puWeight*muonTriggerWeight*EE_L1_prefire_Weight*electronTriggerWeight
          hist nEntries =  0.0
          hist integral =  0.0
      Dataset =  2LHEZpT50-150  ||   nEvents =  20556369
          hist weight =  0.948278462991*leptonWeight*bjetWeight*puWeight*muonTriggerWeight*EE_L1_prefire_Weight*electronTriggerWeight
          hist nEntries =  0.0
          hist integral =  0.0
      Dataset =  2LHEZpT400-TFile::Append:0: RuntimeWarning: Replacing existing TH1: hist (Potential memory leak).
TFile::Append:0: RuntimeWarning: Replacing existing TH1: hist (Potential memory leak).
TFile::Append:0: RuntimeWarning: Replacing existing TH1: hist (Potential memory leak).
TFile::Append:0: RuntimeWarning: Replacing existing TH1: hist (Potential memory leak).
TFile::Append:0: RuntimeWarning: Replacing existing TH1: hist (Potential memory leak).
TFile::Append:0: RuntimeWarning: Replacing existing TH1: hist (Potential memory leak).
TFile::Append:0: RuntimeWarning: Replacing existing TH1: hist (Potential memory leak).
TFile::Append:0: RuntimeWarning: Replacing existing TH1: hist (Potential memory leak).
TFile::Append:0: RuntimeWarning: Replacing existing TH1: hist (Potential memory leak).
TFile::Append:0: RuntimeWarning: Replacing existing TH1: hist (Potential memory leak).
TFile::Append:0: RuntimeWarning: Replacing existing TH1: hist (Potential memory leak).
TFile::Append:0: RuntimeWarning: Replacing existing TH1: hist (Potential memory leak).
TFile::Append:0: RuntimeWarning: Replacing existing TH1: hist (Potential memory leak).
TFile::Append:0: RuntimeWarning: Replacing existing TH1: hist (Potential memory leak).
TFile::Append:0: RuntimeWarning: Replacing existing TH1: hist (Potential memory leak).
inf  ||   nEvents =  20578721
          hist weight =  0.00245942048585*leptonWeight*bjetWeight*puWeight*muonTriggerWeight*EE_L1_prefire_Weight*electronTriggerWeight
          hist nEntries =  82.0
          hist integral =  0.191535251215
      Dataset =  1LHEZpT250-400  ||   nEvents =  17767562
          hist weight =  0.006896091878*leptonWeight*bjetWeight*puWeight*muonTriggerWeight*EE_L1_prefire_Weight*electronTriggerWeight
          hist nEntries =  1.0
          hist integral =  0.00363054987974
      Dataset =  2LHEZpT250-400  ||   nEvents =  1205964
          hist weight =  0.25630513017*leptonWeight*bjetWeight*puWeight*muonTriggerWeight*EE_L1_prefire_Weight*electronTriggerWeight
          hist nEntries =  0.0
          hist integral =  0.0
      Dataset =  1LHEZpT150-250  ||   nEvents =  45730459
          hist weight =  0.0235665598721*leptonWeight*bjetWeight*puWeight*muonTriggerWeight*EE_L1_prefire_Weight*electronTriggerWeight
          hist nEntries =  0.0
          hist integral =  0.0
      Dataset =  2LHEZpT150-250  ||   nEvents =  126692753
          hist weight =  0.0139574202796*leptonWeight*bjetWeight*puWeight*muonTriggerWeight*EE_L1_prefire_Weight*electronTriggerWeight
          hist nEntries =  29.0
          hist integral =  0.368084290618
      Dataset =  1LHEZpT50-150  ||   nEvents =  12899643
          hist weight =  2.77358730005*leptonWeight*bjetWeight*puWeight*muonTriggerWeight*EE_L1_prefire_Weight*electronTriggerWeight
          hist nEntries =  0.0
          hist integral =  0.0
  Process =  tbar scalar
      Dataset =  tWChan_MChi1_MPhi100_scalar  ||   nEvents =  153000
          hist weight =  0.0214517359477*leptonWeight*bjetWeight*puWeight*muonTriggerWeight*EE_L1_prefire_Weight*electronTriggerWeight
          hist nEntries =  250.0
          hist integral =  5.82369156554
      Dataset =  tChan_MChi1_MPhi100_scalar  ||   nEvents =  307000
          hist weight =  0.0554200390879*leptonWeight*bjetWeight*puWeight*muonTriggerWeight*EE_L1_prefire_Weight*electronTriggerWeight
          hist nEntries =  25.0
          hist integral =  1.5212891344
  Process =  WW
      Dataset =  WWTo1L1Nu2Q  ||   nEvents =  4683136
          hist weight =  1.02995249337*leptonWeight*bjetWeight*puWeight*muonTriggerWeight*EE_L1_prefire_Weight*electronTriggerWeight
          hist nEntries =  2166.0
          hist integral =  2133.19501686
      Dataset =  WWTo4Q  ||   nEvents =  3790800
          hist weight =  0.752186926242*leptonWeight*bjetWeight*puWeight*muonTriggerWeight*EE_L1_prefire_Weight*electronTriggerWeight
          hist nEntries =  0.0
          hist integral =  0.0
      Dataset =  WWTo2L2Nu  ||   nEvents =  7758900
          hist weight =  0.0853109590277*leptonWeight*bjetWeight*puWeight*muonTriggerWeight*EE_L1_prefire_Weight*electronTriggerWeight
          hist nEntries =  1656.0
          hist integral =  134.057487726
  Process =  ttbarPlusJets
      Dataset =  TTToSemiLepton  ||   nEvents =  300619998
          hist weight =  0.0724045943211*leptonWeight*bjetWeight*puWeight*muonTriggerWeight*EE_L1_prefire_Weight*electronTriggerWeight
          hist nEntries =  70808.0
          hist integral =  5791.13406563
      Dataset =  TTTo2L2Nu  ||   nEvents =  64310000
          hist weight =  0.0811055730058*leptonWeight*bjetWeight*puWeight*muonTriggerWeight*EE_L1_prefire_Weight*electronTriggerWeight
          hist nEntries =  8222.0
          hist integral =  744.99165082
  Process =  ttbar scalar
      Dataset =  ttDM_MChi1_MPhi100_scalar  ||   nEvents =  1842523
          hist weight =  0.0234310810774*leptonWeight*bjetWeight*puWeight*muonTriggerWeight*EE_L1_prefire_Weight*electronTriggerWeight*GenModel__TTbarDMJets_Inclusive_scalar_LO_Mchi_1_Mphi_100_TuneCP5_13TeV_madgraph_mcatnlo_pythia8
          hist nEntries =  1161.0
          hist integral =  31.5408279896
  Process =  ZZ
      Dataset =  ZZTo2Q2Nu  ||   nEvents =  57633049
          hist weight =  0.00473085086996*leptonWeight*bjetWeight*puWeight*muonTriggerWeight*EE_L1_prefire_Weight*electronTriggerWeight
          hist nEntries =  7.0
   TFile::Append:0: RuntimeWarning: Replacing existing TH1: hist (Potential memory leak).
TFile::Append:0: RuntimeWarning: Replacing existing TH1: hist (Potential memory leak).
TFile::Append:0: RuntimeWarning: Replacing existing TH1: hist (Potential memory leak).
TFile::Append:0: RuntimeWarning: Replacing existing TH1: hist (Potential memory leak).
TFile::Append:0: RuntimeWarning: Replacing existing TH1: hist (Potential memory leak).
TFile::Append:0: RuntimeWarning: Replacing existing TH1: hist (Potential memory leak).
TFile::Append:0: RuntimeWarning: Replacing existing TH1: hist (Potential memory leak).
TFile::Append:0: RuntimeWarning: Replacing existing TH1: hist (Potential memory leak).
TFile::Append:0: RuntimeWarning: Replacing existing TH1: hist (Potential memory leak).
TFile::Append:0: RuntimeWarning: Replacing existing TH1: hist (Potential memory leak).
TFile::Append:0: RuntimeWarning: Replacing existing TH1: hist (Potential memory leak).
TFile::Append:0: RuntimeWarning: Replacing existing TH1: hist (Potential memory leak).
TFile::Append:0: RuntimeWarning: Replacing existing TH1: hist (Potential memory leak).
TFile::Append:0: RuntimeWarning: Replacing existing TH1: hist (Potential memory leak).
TFile::Append:0: RuntimeWarning: Replacing existing TH1: hist (Potential memory leak).
TFile::Append:0: RuntimeWarning: Replacing existing TH1: hist (Potential memory leak).
       hist integral =  0.0332199083641
      Dataset =  ZZTo4L  ||   nEvents =  124649500
          hist weight =  0.000635024609004*leptonWeight*bjetWeight*puWeight*muonTriggerWeight*EE_L1_prefire_Weight*electronTriggerWeight
          hist nEntries =  373.0
          hist integral =  0.219161159126
      Dataset =  ZZTo2L2Q  ||   nEvents =  27900469
          hist weight =  0.00789668159342*leptonWeight*bjetWeight*puWeight*muonTriggerWeight*EE_L1_prefire_Weight*electronTriggerWeight
          hist nEntries =  1405.0
          hist integral =  10.6102866977
      Dataset =  ZZTo2L2Nu  ||   nEvents =  56428600
          hist weight =  0.000597520689863*leptonWeight*bjetWeight*puWeight*muonTriggerWeight*EE_L1_prefire_Weight*electronTriggerWeight
          hist nEntries =  2787.0
          hist integral =  1.54396708868
  Process =  QCD
      Dataset =  Pt50to80  ||   nEvents =  25580000
          hist weight =  36619.3588741*leptonWeight*bjetWeight*puWeight*muonTriggerWeight*EE_L1_prefire_Weight*electronTriggerWeight
          hist nEntries =  0.0
          hist integral =  0.0
      Dataset =  Pt2400to3200  ||   nEvents =  2394000
          hist weight =  0.000130809139515*leptonWeight*bjetWeight*puWeight*muonTriggerWeight*EE_L1_prefire_Weight*electronTriggerWeight
          hist nEntries =  49.0
          hist integral =  0.0065448465466
      Dataset =  Pt30to50  ||   nEvents =  18488000
          hist weight =  344454.997836*leptonWeight*bjetWeight*puWeight*muonTriggerWeight*EE_L1_prefire_Weight*electronTriggerWeight
          hist nEntries =  0.0
          hist integral =  0.0
      Dataset =  Pt470to600  ||   nEvents =  42459973
          hist weight =  0.777492816588*leptonWeight*bjetWeight*puWeight*muonTriggerWeight*EE_L1_prefire_Weight*electronTriggerWeight
          hist nEntries =  74.0
          hist integral =  56.2169653773
      Dataset =  Pt300to470  ||   nEvents =  41744000
          hist weight =  9.76871502491*leptonWeight*bjetWeight*puWeight*muonTriggerWeight*EE_L1_prefire_Weight*electronTriggerWeight
          hist nEntries =  11.0
          hist integral =  90.5904550552
      Dataset =  Pt170to300  ||   nEvents =  29710000
          hist weight =  207.712622013*leptonWeight*bjetWeight*puWeight*muonTriggerWeight*EE_L1_prefire_Weight*electronTriggerWeight
          hist nEntries =  0.0
          hist integral =  0.0
      Dataset =  Pt800to1000  ||   nEvents =  36062000
          hist weight =  0.0436014863291*leptonWeight*bjetWeight*puWeight*muonTriggerWeight*EE_L1_prefire_Weight*electronTriggerWeight
          hist nEntries =  244.0
          hist integral =  10.0060763657
      Dataset =  Pt600to800  ||   nEvents =  64061000
          hist weight =  0.146037120869*leptonWeight*bjetWeight*puWeight*muonTriggerWeight*EE_L1_prefire_Weight*electronTriggerWeight
          hist nEntries =  235.0
          hist integral =  33.6380105987
      Dataset =  Pt120to170  ||   nEvents =  25255000
          hist weight =  962.27408434*leptonWeight*bjetWeight*puWeight*muonTriggerWeight*EE_L1_prefire_Weight*electronTriggerWeight
          hist nEntries =  0.0
          hist integral =  0.0
      Dataset =  Pt1000to1400  ||   nEvents =  18485000
          hist weight =  0.024238571815*leptonWeight*bjetWeight*puWeight*muonTriggerWeight*EE_L1_prefire_Weight*electronTriggerWeight
          hist nEntries =  150.0
          hist integral =  3.56286964566
      Dataset =  Pt1400to1800  ||   nEvents =  6928000
          hist weight =  0.00558682823326*leptonWeight*bjetWeight*puWeight*muonTriggerWeight*EE_L1_prefire_Weight*electronTriggerWeight
          hist nEntries =  78.0
          hist integral =  0.457655430771
      Dataset =  Pt15to30  ||   nEvents =  19451000
          hist weight =  3832991.61997*leptonWeight*bjetWeight*puWeight*muonTriggerWeight*EE_L1_prefire_Weight*electronTriggerWeight
          hist nEntries =  0.0
          hist integral =  0.0
      Dataset =  Pt3200toInf  ||   nEvents =  925000
          hist weight =  8.71235243243e-06*leptonWeight*bjetWeight*puWeight*muonTriggerWeight*EE_L1_prefire_WeightTFile::Append:0: RuntimeWarning: Replacing existing TH1: hist (Potential memory leak).
TFile::Append:0: RuntimeWarning: Replacing existing TH1: hist (Potential memory leak).
TFile::Append:0: RuntimeWarning: Replacing existing TH1: hist (Potential memory leak).
TFile::Append:0: RuntimeWarning: Replacing existing TH1: hist (Potential memory leak).
TFile::Append:0: RuntimeWarning: Replacing existing TH1: hist (Potential memory leak).
TFile::Append:0: RuntimeWarning: Replacing existing TH1: hist (Potential memory leak).
TFile::Append:0: RuntimeWarning: Replacing existing TH1: hist (Potential memory leak).
TFile::Append:0: RuntimeWarning: Replacing existing TH1: hist (Potential memory leak).
TFile::Append:0: RuntimeWarning: Replacing existing TH1: hist (Potential memory leak).
TFile::Append:0: RuntimeWarning: Replacing existing TH1: hist (Potential memory leak).
TFile::Append:0: RuntimeWarning: Replacing existing TH1: hist (Potential memory leak).
TFile::Append:0: RuntimeWarning: Replacing existing TH1: hist (Potential memory leak).
TFile::Append:0: RuntimeWarning: Replacing existing TH1: hist (Potential memory leak).
TFile::Append:0: RuntimeWarning: Replacing existing TH1: hist (Potential memory leak).
TFile::Append:0: RuntimeWarning: Replacing existing TH1: hist (Potential memory leak).
*electronTriggerWeight
          hist nEntries =  19.0
          hist integral =  0.000169445092524
      Dataset =  Pt80to120  ||   nEvents =  29535000
          hist weight =  4724.99204334*leptonWeight*bjetWeight*puWeight*muonTriggerWeight*EE_L1_prefire_Weight*electronTriggerWeight
          hist nEntries =  0.0
          hist integral =  0.0
      Dataset =  Pt1800to2400  ||   nEvents =  4017800
          hist weight =  0.00129581885609*leptonWeight*bjetWeight*puWeight*muonTriggerWeight*EE_L1_prefire_Weight*electronTriggerWeight
          hist nEntries =  57.0
          hist integral =  0.0719917728566
  Process =  WZ
      Dataset =  WZTo2Q2Nu  ||   nEvents =  30887331
          hist weight =  0.0132642383377*leptonWeight*bjetWeight*puWeight*muonTriggerWeight*EE_L1_prefire_Weight*electronTriggerWeight
          hist nEntries =  12.0
          hist integral =  0.166271536611
      Dataset =  WZTo2L2Q  ||   nEvents =  28193648
          hist weight =  0.0134148635182*leptonWeight*bjetWeight*puWeight*muonTriggerWeight*EE_L1_prefire_Weight*electronTriggerWeight
          hist nEntries =  2314.0
          hist integral =  29.2199398279
      Dataset =  WZTo3LNu  ||   nEvents =  11248318
          hist weight =  0.0268312542373*leptonWeight*bjetWeight*puWeight*muonTriggerWeight*EE_L1_prefire_Weight*electronTriggerWeight
          hist nEntries =  1359.0
          hist integral =  34.4152364433
      Dataset =  WZTo1L3Nu  ||   nEvents =  1690064
          hist weight =  0.11813226008*leptonWeight*bjetWeight*puWeight*muonTriggerWeight*EE_L1_prefire_Weight*electronTriggerWeight
          hist nEntries =  1123.0
          hist integral =  125.894284964
      Dataset =  WZTo1L1Nu2Q  ||   nEvents =  18273533
          hist weight =  0.0381189778682*leptonWeight*bjetWeight*puWeight*muonTriggerWeight*EE_L1_prefire_Weight*electronTriggerWeight
          hist nEntries =  15563.0
          hist integral =  568.58039093
  Process =  TTV
      Dataset =  TTZToQQ  ||   nEvents =  9572000
          hist weight =  0.00318546761387*leptonWeight*bjetWeight*puWeight*muonTriggerWeight*EE_L1_prefire_Weight*electronTriggerWeight
          hist nEntries =  4426.0
          hist integral =  15.9215647727
      Dataset =  TTWJetsToLNu  ||   nEvents =  4911941
          hist weight =  0.00261365639367*leptonWeight*bjetWeight*puWeight*muonTriggerWeight*EE_L1_prefire_Weight*electronTriggerWeight
          hist nEntries =  5248.0
          hist integral =  16.0475694537
      Dataset =  TTWJetsToQQ  ||   nEvents =  835296
          hist weight =  0.0308678408612*leptonWeight*bjetWeight*puWeight*muonTriggerWeight*EE_L1_prefire_Weight*electronTriggerWeight
          hist nEntries =  577.0
          hist integral =  20.6601874977
      Dataset =  TTZToLLNuNu  ||   nEvents =  13280000
          hist weight =  0.00109403373494*leptonWeight*bjetWeight*puWeight*muonTriggerWeight*EE_L1_prefire_Weight*electronTriggerWeight
          hist nEntries =  8102.0
          hist integral =  10.2144185901
  Process =  ZTo2L
      Dataset =  1LHEZpT400-inf  ||   nEvents =  1245138
          hist weight =  0.00579101914808*leptonWeight*bjetWeight*puWeight*muonTriggerWeight*EE_L1_prefire_Weight*electronTriggerWeight
          hist nEntries =  771.0
          hist integral =  4.21593017504
      Dataset =  2LHEZpT50-150  ||   nEvents =  24201409
          hist weight =  0.417168273136*leptonWeight*bjetWeight*puWeight*muonTriggerWeight*EE_L1_prefire_Weight*electronTriggerWeight
          hist nEntries =  4.0
          hist integral =  1.45478904247
      Dataset =  2LHEZpT400-inf  ||   nEvents =  2829789
          hist weight =  0.00948311269851*leptonWeight*bjetWeight*puWeight*muonTriggerWeight*EE_L1_prefire_Weight*electronTriggerWeight
          hist nEntries =  33951.0
          hist integral =  306.427170038
      Dataset =  1LHEZpT250-400  ||   nEvents =  7531281
          hist weight =  0.00870167770928*leptonWeight*bjetWeight*puWeight*muonTriggerWeight*EE_L1_prefire_Weight*electronTriggerWeight
          hist nEntries =  562.0
          hist integral =  4.4906107578TFile::Append:0: RuntimeWarning: Replacing existing TH1: hist (Potential memory leak).
TFile::Append:0: RuntimeWarning: Replacing existing TH1: hist (Potential memory leak).
TFile::Append:0: RuntimeWarning: Replacing existing TH1: hist (Potential memory leak).
TFile::Append:0: RuntimeWarning: Replacing existing TH1: hist (Potential memory leak).
TFile::Append:0: RuntimeWarning: Replacing existing TH1: hist (Potential memory leak).
TFile::Append:0: RuntimeWarning: Replacing existing TH1: hist (Potential memory leak).
TFile::Append:0: RuntimeWarning: Replacing existing TH1: hist (Potential memory leak).
TFile::Append:0: RuntimeWarning: Replacing existing TH1: hist (Potential memory leak).
TFile::Append:0: RuntimeWarning: Replacing existing TH1: hist (Potential memory leak).
TFile::Append:0: RuntimeWarning: Replacing existing TH1: hist (Potential memory leak).
TFile::Append:0: RuntimeWarning: Replacing existing TH1: hist (Potential memory leak).
TFile::Append:0: RuntimeWarning: Replacing existing TH1: hist (Potential memory leak).
TFile::Append:0: RuntimeWarning: Replacing existing TH1: hist (Potential memory leak).
TFile::Append:0: RuntimeWarning: Replacing existing TH1: hist (Potential memory leak).
4
      Dataset =  2LHEZpT250-400  ||   nEvents =  16704440
          hist weight =  0.00979904743888*leptonWeight*bjetWeight*puWeight*muonTriggerWeight*EE_L1_prefire_Weight*electronTriggerWeight
          hist nEntries =  33005.0
          hist integral =  304.684572201
      Dataset =  1LHEZpT150-250  ||   nEvents =  14009712
          hist weight =  0.0405097549471*leptonWeight*bjetWeight*puWeight*muonTriggerWeight*EE_L1_prefire_Weight*electronTriggerWeight
          hist nEntries =  8.0
          hist integral =  0.327158890665
      Dataset =  2LHEZpT150-250  ||   nEvents =  42787613
          hist weight =  0.0219622020046*leptonWeight*bjetWeight*puWeight*muonTriggerWeight*EE_L1_prefire_Weight*electronTriggerWeight
          hist nEntries =  961.0
          hist integral =  18.8337120749
      Dataset =  1LHEZpT50-150  ||   nEvents =  10968454
          hist weight =  1.71620120757*leptonWeight*bjetWeight*puWeight*muonTriggerWeight*EE_L1_prefire_Weight*electronTriggerWeight
          hist nEntries =  1.0
          hist integral =  1.5251326561
  Process =  singleTop
      Dataset =  ST_s-channel  ||   nEvents =  19890000
          hist weight =  0.0112331623932*leptonWeight*bjetWeight*puWeight*muonTriggerWeight*EE_L1_prefire_Weight*electronTriggerWeight
          hist nEntries =  1162.0
          hist integral =  16.5005369782
      Dataset =  ST_t-channel_antitop  ||   nEvents =  79090800
          hist weight =  0.0512947574181*leptonWeight*bjetWeight*puWeight*muonTriggerWeight*EE_L1_prefire_Weight*electronTriggerWeight
          hist nEntries =  699.0
          hist integral =  40.1616352201
      Dataset =  ST_tW_top  ||   nEvents =  9598000
          hist weight =  0.217287289019*leptonWeight*bjetWeight*puWeight*muonTriggerWeight*EE_L1_prefire_Weight*electronTriggerWeight
          hist nEntries =  1993.0
          hist integral =  491.630953312
      Dataset =  ST_t-channel_top  ||   nEvents =  154307600
          hist weight =  0.043863957446*leptonWeight*bjetWeight*puWeight*muonTriggerWeight*EE_L1_prefire_Weight*electronTriggerWeight
          hist nEntries =  2219.0
          hist integral =  110.372305781
      Dataset =  ST_tW_antitop  ||   nEvents =  7527000
          hist weight =  0.277548531952*leptonWeight*bjetWeight*puWeight*muonTriggerWeight*EE_L1_prefire_Weight*electronTriggerWeight
          hist nEntries =  1549.0
          hist integral =  484.201005459
  Process =  WPlusJets
      Dataset =  Pt50To100  ||   nEvents =  19671032
          hist weight =  10.8388853213*leptonWeight*bjetWeight*puWeight*muonTriggerWeight*EE_L1_prefire_Weight*electronTriggerWeight
          hist nEntries =  1.0
          hist integral =  11.9304580688
      Dataset =  Pt600ToInf  ||   nEvents =  3898092
          hist weight =  0.00841367007244*leptonWeight*bjetWeight*puWeight*muonTriggerWeight*EE_L1_prefire_Weight*electronTriggerWeight
          hist nEntries =  451818.0
          hist integral =  3650.23957825
      Dataset =  Pt250To400  ||   nEvents =  801885
          hist weight =  2.05767510304*leptonWeight*bjetWeight*puWeight*muonTriggerWeight*EE_L1_prefire_Weight*electronTriggerWeight
          hist nEntries =  9318.0
          hist integral =  18171.1754599
      Dataset =  Pt100To250  ||   nEvents =  503721922
          hist weight =  0.0912961099994*leptonWeight*bjetWeight*puWeight*muonTriggerWeight*EE_L1_prefire_Weight*electronTriggerWeight
          hist nEntries =  18416.0
          hist integral =  1491.36202204
      Dataset =  Pt400To600  ||   nEvents =  12004784
          hist weight =  0.0178700707984*leptonWeight*bjetWeight*puWeight*muonTriggerWeight*EE_L1_prefire_Weight*electronTriggerWeight
          hist nEntries =  726806.0
          hist integral =  12434.5606308
-----------------------------
Total data background nEvents =  41490.0
Total data background integral =  41490.0
-----------------------------
Total MC background nEvents =  1410421.0
Total MC background integral =  47376.111908
-----------------------------
Total tt+DM signal nEvents =  1161.0
Total tt+DM signal integral =  31.5408279896
Total t+DM signal nEvents =  275.0
Total t+DM signal integral =  7.34498060495
-----------------------------
FOM for tt+DM signal =  0.126567634379
FOM for t+DM signal =  0.0326435568896
-----------------------------
Data bin content:
    bin 0: 0.0
    bin 1: 10085.0
    bin 2: 7366.0
    bin 3: 5400.0
    bin 4: 4094.0
    bin 5: 3030.0
    bin 6: 2367.0
    bin 7: 1817.0
    bin 8: 1389.0
    bin 9: 1133.0
    bin 10: 900.0
    bin 11: 705.0
    bin 12: 565.0
    bin 13: 442.0
    bin 14: 345.0
    bin 15: 291.0
    bin 16: 1561.0
-----------------------------
MC background bin content:
    bin 0: 0.0
    bin 1: 11365.7412109
    bin 2: 8180.14990234
    bin 3: 6054.64257812
    bin 4: 4578.29150391
    bin 5: 3532.95581055
    bin 6: 2697.84960938
    bin 7: 2170.49438477
    bin 8: 1651.67285156
    bin 9: 1305.17736816
    bin 10: 1028.11791992
    bin 11: 837.786437988
    bin 12: 670.736999512
    bin 13: 551.241210938
    bin 14: 457.305480957
    bin 15: 363.315948486
    bin 16: 1930.63269043
-----------------------------
tt+DM bin content:
    bin 0: 0.0
    bin 1: 7.14533424377
    bin 2: 5.06162118912
    bin 3: 4.26332235336
    bin 4: 3.18063521385
    bin 5: 2.49678945541
    bin 6: 1.62023639679
    bin 7: 1.49787247181
    bin 8: 1.11999070644
    bin 9: 1.15249681473
    bin 10: 0.58242803812
    bin 11: 0.825057685375
    bin 12: 0.510079801083
    bin 13: 0.338866919279
    bin 14: 0.15320199728
    bin 15: 0.152105242014
    bin 16: 1.44078946114
-----------------------------
t+DM bin content:
    bin 0: 0.0
    bin 1: 1.07679367065
    bin 2: 1.17997598648
    bin 3: 0.70334649086
    bin 4: 0.7093552351
    bin 5: 0.804101407528
    bin 6: 0.417671024799
    bin 7: 0.34571993351
    bin 8: 0.294335514307
    bin 9: 0.339854896069
    bin 10: 0.226427718997
    bin 11: 0.158312961459
    bin 12: 0.075910449028
    bin 13: 0.129236266017
    bin 14: 0.145259395242
    bin 15: 0.0995286777616
    bin 16: 0.639150977135
-----------------------------
Data bin errors:
    bin 0: 0.0
    bin 1: 100.424100693
    bin 2: 85.8254041645
    bin 3: 73.4846922835
    bin 4: 63.9843730922
    bin 5: 55.0454357781
    bin 6: 48.6518242207
    bin 7: 42.6262829719
    bin 8: 37.2692903072
    bin 9: 33.6600653594
    bin 10: 30.0
    bin 11: 26.5518360947
    bin 12: 23.769728648
    bin 13: 21.0237960416
    bin 14: 18.574175621
    bin 15: 17.0587221092
    bin 16: 39.5094925303
-----------------------------
MC background bin errors:
    bin 0: 0.0
    bin 1: 120.617375422
    bin 2: 101.480289073
    bin 3: 84.9445995664
    bin 4: 69.0504568222
    bin 5: 55.7580014796
    bin 6: 41.8388440498
    bin 7: 33.5217532578
    bin 8: 23.071385293
    bin 9: 16.0644567077
    bin 10: 11.4393055123
    bin 11: 10.7323733308
    bin 12: 7.3981297899
    bin 13: 7.22011449338
    bin 14: 6.35528004776
    bin 15: 4.75486407999
    bin 16: 12.1567372954
-----------------------------
tt+DM bin errors:
    bin 0: 0.0
    bin 1: 0.466377524041
    bin 2: 0.391840310423
    bin 3: 0.356842544084
    bin 4: 0.315218459701
    bin 5: 0.287871161936
    bin 6: 0.219209044651
    bin 7: 0.218397588607
    bin 8: 0.187360699665
    bin 9: 0.186626676565
    bin 10: 0.131806813173
    bin 11: 0.158330369428
    bin 12: 0.122812886428
    bin 13: 0.105090815198
    bin 14: 0.0688642884229
    bin 15: 0.0708643300618
    bin 16: 0.211190789095
-----------------------------
t+DM bin errors:
    bin 0: 0.0
    bin 1: 0.192140253241
    bin 2: 0.221731777612
    bin 3: 0.164096586972
    bin 4: 0.170700280686
    bin 5: 0.183646532672
    bin 6: 0.127649903151
    bin 7: 0.104373178884
    bin 8: 0.0903009647982
    bin 9: 0.0953020890731
    bin 10: 0.0767212719197
    bin 11: 0.0653155499906
    bin 12: 0.0445056915725
    bin 13: 0.0795372501027
    bin 14: 0.0754990902169
    bin 15: 0.0507611999142
    bin 16: 0.137833288045
-----------------------------
ZTo2Nu hist info:
    nEvents =  112.0
    integral =  0.563250090927
tbar scalar hist info:
    nEvents =  275.0
    integral =  7.34498060495
TTTo2L2Nu hist info:
   Info in <TCanvas::Print>: png file AH1lWR2018_METcorrected_pt_12_15_2022_withHEMfix_NLOVjets.png has been created
 nEvents =  8222.0
    integral =  744.99165082
singleTop hist info:
    nEvents =  7622.0
    integral =  1142.86645508
TTV hist info:
    nEvents =  18353.0
    integral =  62.8437404037
bkgSum hist info:
    nEvents =  1410421.0
    integral =  47376.111908
ttbar scalar hist info:
    nEvents =  1161.0
    integral =  31.5408279896
VV hist info:
    nEvents =  28765.0
    integral =  3037.93525696
QCD hist info:
    nEvents =  917.0
    integral =  194.55073154
ZTo2L hist info:
    nEvents =  69263.0
    integral =  641.959078312
data hist info:
    nEvents =  41490.0
    integral =  41490.0
WPlusJets hist info:
    nEvents =  1206359.0
    integral =  35759.2681885
TTToSemiLepton hist info:
    nEvents =  70808.0
    integral =  5791.13406563
Finished filling histograms
Creating stacked MC background histogram...
Finished stacking MC background histograms.
Drawing histograms...
Finished drawing histograms
Drawing ratio plot...
Plotting end time: 2022-12-20 13:55:54.958639
