plots/plot.py:973: SyntaxWarning: name 'counter' is used prior to global declaration
  global counter
Plotting start time: 2022-12-20 17:12:09.081442
Cut name =  SL1l2bT1SR
MC Selection Cuts =  (nTightElectrons == 1 && nVetoElectrons == 1 && nLooseMuons == 0 && njets >= 2 && nbjets >= 1 && METcorrected_pt >= 180 && Flag_goodVertices && Flag_globalSuperTightHalo2016Filter && Flag_HBHENoiseFilter && Flag_HBHENoiseIsoFilter && Flag_EcalDeadCellTriggerPrimitiveFilter && Flag_BadPFMuonFilter && Flag_ecalBadCalibFilterV2 && ((passEle32WPTightGsf2017) || (HLT_Ele115_CaloIdVT_GsfTrkIdT || HLT_Photon200)) && PV_npvsGood > 0 && PV_ndof > 4 && abs(PV_z) < 24 && sqrt(pow(PV_x,2)+pow(PV_y,2)) < 2 && nbjets >= 2 && M_T >= 140 && M_T2W >= 180 && minDeltaPhi12 >= 0.8 && M_Tb >= 140 && modified_topness <= 0) || (nTightMuons == 1 && nLooseMuons == 1 && nVetoElectrons == 0 && njets >= 2 && nbjets >= 1 && METcorrected_pt >= 180 && Flag_goodVertices && Flag_globalSuperTightHalo2016Filter && Flag_HBHENoiseFilter && Flag_HBHENoiseIsoFilter && Flag_EcalDeadCellTriggerPrimitiveFilter && Flag_BadPFMuonFilter && Flag_ecalBadCalibFilterV2 && (HLT_IsoMu27) && PV_npvsGood > 0 && PV_ndof > 4 && abs(PV_z) < 24 && sqrt(pow(PV_x,2)+pow(PV_y,2)) < 2 && nbjets >= 2 && M_T >= 140 && M_T2W >= 180 && minDeltaPhi12 >= 0.8 && M_Tb >= 140 && modified_topness <= 0)
Data Selection Cuts =  (nTightElectrons == 1 && nVetoElectrons == 1 && nLooseMuons == 0 && njets >= 2 && nbjets >= 1 && METcorrected_pt >= 180 && Flag_goodVertices && Flag_globalSuperTightHalo2016Filter && Flag_HBHENoiseFilter && Flag_HBHENoiseIsoFilter && Flag_EcalDeadCellTriggerPrimitiveFilter && Flag_BadPFMuonFilter && Flag_ecalBadCalibFilterV2 && ((passEle32WPTightGsf2017) || (HLT_Ele115_CaloIdVT_GsfTrkIdT || HLT_Photon200)) && PV_npvsGood > 0 && PV_ndof > 4 && abs(PV_z) < 24 && sqrt(pow(PV_x,2)+pow(PV_y,2)) < 2 && nbjets >= 2 && M_T >= 140 && M_T2W >= 180 && minDeltaPhi12 >= 0.8 && M_Tb >= 140 && modified_topness <= 0) || (nTightMuons == 1 && nLooseMuons == 1 && nVetoElectrons == 0 && njets >= 2 && nbjets >= 1 && METcorrected_pt >= 180 && Flag_goodVertices && Flag_globalSuperTightHalo2016Filter && Flag_HBHENoiseFilter && Flag_HBHENoiseIsoFilter && Flag_EcalDeadCellTriggerPrimitiveFilter && Flag_BadPFMuonFilter && Flag_ecalBadCalibFilterV2 && (HLT_IsoMu27) && PV_npvsGood > 0 && PV_ndof > 4 && abs(PV_z) < 24 && sqrt(pow(PV_x,2)+pow(PV_y,2)) < 2 && nbjets >= 2 && M_T >= 140 && M_T2W >= 180 && minDeltaPhi12 >= 0.8 && M_Tb >= 140 && modified_topness <= 0) && Flag_eeBadScFilter
var =  METcorrected_pt
year =  2017
lumi =  41.53
saveDirectory =  plots/SR_2017/METcorrected_pt/
date =  12_15_2022
applying HEM fix for 2018...
Creating histograms..
Histogram options: 
    nbins =  5
    xmin =  250
    xmax =  400
    auto_y =  True
    doLogPlot =  False
    drawData =  True
    mediatorType =  scalar
    mchi =  1
    mphi =  100
    normalizePlots =  False
    useCentralSamples =  True
    doBinned =  False
    savePlots =  True
    combineEleMu =  True
    doSys =  False
    doSysFirstHalf =  False
    doSysSecondHalf =  False
    drawOverflow =  True
    drawUnderflow =  False
    plotSys =  False
    plotSysVar =  CMS_trig_m
    plotSysSignal =  False
Drawing data and ratio plot...
Selected SingleMuon, SingleElectron, and SinglePhoton dataset
Loading data sample root files and event trees...
    ----Loading /hdfs/store/user/vshang/SingleElectron_Run2017B/SingleElectron/ModuleCommonSkim_11102022/tree_all.root
    nevents in filepath = /hdfs/store/user/vshang/SingleElectron_Run2017B/SingleElectron/ModuleCommonSkim_11102022/tree_all.root: 11831
    ----Loading /hdfs/store/user/vshang/SingleElectron_Run2017C/SingleElectron/ModuleCommonSkim_11102022/tree_all.root
    nevents in filepath = /hdfs/store/user/vshang/SingleElectron_Run2017C/SingleElectron/ModuleCommonSkim_11102022/tree_all.root: 34692
    ----Loading /hdfs/store/user/vshang/SingleElectron_Run2017D/SingleElectron/ModuleCommonSkim_11102022/tree_all.root
    nevents in filepath = /hdfs/store/user/vshang/SingleElectron_Run2017D/SingleElectron/ModuleCommonSkim_11102022/tree_all.root: 15080
    ----Loading /hdfs/store/user/vshang/SingleElectron_Run2017E/SingleElectron/ModuleCommonSkim_11102022/tree_all.root
    nevents in filepath = /hdfs/store/user/vshang/SingleElectron_Run2017E/SingleElectron/ModuleCommonSkim_11102022/tree_all.root: 33346
    ----Loading /hdfs/store/user/vshang/SingleElectron_Run2017F/SingleElectron/ModuleCommonSkim_11102022/tree_all.root
    nevents in filepath = /hdfs/store/user/vshang/SingleElectron_Run2017F/SingleElectron/ModuleCommonSkim_11102022/tree_all.root: 45433
    total nevents in  SingleElectron :  140382
    ----Loading /hdfs/store/user/vshang/SinglePhoton_Run2017B/SinglePhoton/ModuleCommonSkim_11102022/tree_all.root
    nevents in filepath = /hdfs/store/user/vshang/SinglePhoton_Run2017B/SinglePhoton/ModuleCommonSkim_11102022/tree_all.root: 17133
    ----Loading /hdfs/store/user/vshang/SinglePhoton_Run2017C/SinglePhoton/ModuleCommonSkim_11102022/tree_all.root
    nevents in filepath = /hdfs/store/user/vshang/SinglePhoton_Run2017C/SinglePhoton/ModuleCommonSkim_11102022/tree_all.root: 34807
    ----Loading /hdfs/store/user/vshang/SinglePhoton_Run2017D/SinglePhoton/ModuleCommonSkim_11102022/tree_all.root
    nevents in filepath = /hdfs/store/user/vshang/SinglePhoton_Run2017D/SinglePhoton/ModuleCommonSkim_11102022/tree_all.root: 15216
    ----Loading /hdfs/store/user/vshang/SinglePhoton_Run2017E/SinglePhoton/ModuleCommonSkim_11102022/tree_all.root
    nevents in filepath = /hdfs/store/user/vshang/SinglePhoton_Run2017E/SinglePhoton/ModuleCommonSkim_11102022/tree_all.root: 33604
    ----Loading /hdfs/store/user/vshang/SinglePhoton_Run2017F/SinglePhoton/ModuleCommonSkim_11102022/tree_all.root
    nevents in filepath = /hdfs/store/user/vshang/SinglePhoton_Run2017F/SinglePhoton/ModuleCommonSkim_11102022/tree_all.root: 54735
    total nevents in  SinglePhoton :  155495
    ----Loading /hdfs/store/user/vshang/SingleMuon_Run2017B/SingleMuon/ModuleCommonSkim_11102022/tree_all.root
    nevents in filepath = /hdfs/store/user/vshang/SingleMuon_Run2017B/SingleMuon/ModuleCommonSkim_11102022/tree_all.root: 24667
    ----Loading /hdfs/store/user/vshang/SingleMuon_Run2017C/SingleMuon/ModuleCommonSkim_11102022/tree_all.root
    nevents in filepath = /hdfs/store/user/vshang/SingleMuon_Run2017C/SingleMuon/ModuleCommonSkim_11102022/tree_all.root: 58799
    ----Loading /hdfs/store/user/vshang/SingleMuon_Run2017D/SingleMuon/ModuleCommonSkim_11102022/tree_all.root
    nevents in filepath = /hdfs/store/user/vshang/SingleMuon_Run2017D/SingleMuon/ModuleCommonSkim_11102022/tree_all.root: 26091
    ----Loading /hdfs/store/user/vshang/SingleMuon_Run2017E/SingleMuon/ModuleCommonSkim_11102022/tree_all.root
    nevents in filepath = /hdfs/store/user/vshang/SingleMuon_Run2017E/SingleMuon/ModuleCommonSkim_11102022/tree_all.root: 62107
    ----Loading /hdfs/store/user/vshang/SingleMuon_Run2017F/SingleMuon/ModuleCommonSkim_11102022/tree_all.root
    nevents in filepath = /hdfs/store/user/vshang/SingleMuon_Run2017F/SingleMuon/ModuleCommonSkim_11102022/tree_all.root: 94529
    total nevents in  SingleMuon :  266193
Got data sample root files and event trees
Loading MC sample root files and event trees...
    ----Loading 1LHEZpT400-inf
    nevents in  ZTo2Nu   1LHEZpT400-inf :  2369427
    ----Loading 2LHEZpT50-150
    nevents in  ZTo2Nu   2LHEZpT50-150 :  19503409
    ----Loading 2LHEZpT400-inf
    nevents in  ZTo2Nu   2LHEZpT400-inf :  17735498
    ----Loading 1LHEZpT250-400
    nevents in  ZTo2Nu   1LHEZpT250-400 :  19134102
    ----Loading 2LHEZpT250-400
    nevents in  ZTo2Nu   2LHEZpT250-400 :  2631388
    ----Loading 1LHEZpT150-250
    nevents in  ZTo2Nu   1LHEZpT150-250 :  43778523
    ----Loading 2LHEZpT150-250
    nevents in  ZTo2Nu   2LHEZpT150-250 :  126271498
    ----Loading 1LHEZpT50-150
    nevents in  ZTo2Nu   1LHEZpT50-150 :  11967370
    ----Loading tWChan_MChi1_MPhi100_scalar
    nevents in  tbar scalar   tWChan_MChi1_MPhi100_scalar :  194000
    ----Loading tChan_MChi1_MPhi100_scalar
    nevents in  tbar scalar   tChan_MChi1_MPhi100_scalar :  278000
    ----Loading WWTo1L1Nu2Q
    nevents in  WW   WWTo1L1Nu2Q :  5054286
    ----Loading WWTo4Q
    nevents in  WW   WWTo4Q :  2000000
    ----Loading WWTo2L2Nu
    nevents in  WW   WWTo2L2Nu :  2000000
    ----Loading TTToSemiLepton
    nevents in  ttbarPlusJets   TTToSemiLepton :  241119449
    ----Loading TTTo2L2Nu
    nevents in  ttbarPlusJets   TTTo2L2Nu :  9000000
    ----Loading ttDM_MChi1_MPhi100_scalar
    nevents in  ttbar scalar   ttDM_MChi1_MPhi100_scalar :  1542620
    ----Loading ZZTo2Q2Nu
    nevents in  ZZ   ZZTo2Q2Nu :  62115355
    ----Loading ZZTo4L
    nevents in  ZZ   ZZTo4L :  6964071
    ----Loading ZZTo2L2Q
    nevents in  ZZ   ZZTo2L2Q :  27441872
    ----Loading ZZTo2L2Nu
    nevents in  ZZ   ZZTo2L2Nu :  8744768
    ----Loading Pt50to80
    nevents in  QCD   Pt50to80 :  38179535
    ----Loading Pt2400to3200
    nevents in  QCD   Pt2400to3200 :  1910526
    ----Loading Pt30to50
    nevents in  QCD   Pt30to50 :  35500760
    ----Loading Pt470to600
    nevents in  QCD   Pt470to600 :  55331892
    ----Loading Pt300to470
    nevents in  QCD   Pt300to470 :  110887780
    ----Loading Pt170to300
    nevents in  QCD   Pt170to300 :  56298920
    ----Loading Pt800to1000
    nevents in  QCD   Pt800to1000 :  77660008
    ----Loading Pt600to800
    nevents in  QCD   Pt600to800 :  128548964
    ----Loading Pt120to170
    nevents in  QCD   Pt120to170 :  29854280
    ----Loading Pt1000to1400
    nevents in  QCD   Pt1000to1400 :  35706078
    ----Loading Pt1400to1800
    nevents in  QCD   Pt1400to1800 :  11353270
    ----Loading Pt15to30
    nevents in  QCD   Pt15to30 :  19169000
    ----Loading Pt3200toInf
    nevents in  QCD   Pt3200toInf :  757837
    ----Loading Pt80to120
    nevents in  QCD   Pt80to120 :  56387936
    ----Loading Pt1800to2400
    nevents in  QCD   Pt1800to2400 :  2923941
    ----Loading WZTo2Q2Nu
    nevents in  WZ   WZTo2Q2Nu :  30748033
    ----Loading WZTo2L2Q
    nevents in  WZ   WZTo2L2Q :  27582164
    ----Loading WZTo3LNu
    nevents in  WZ   WZTo3LNu :  10987679
    ----Loading WZTo1L3Nu
    nevents in  WZ   WZTo1L3Nu :  4994395
    ----Loading WZTo1L1Nu2Q
    nevents in  WZ   WZTo1L1Nu2Q :  19086373
    ----Loading TTZToQQ
    nevents in  TTV   TTZToQQ :  9690000
    ----Loading TTWJetsToLNu
    nevents in  TTV   TTWJetsToLNu :  9920372
    ----Loading TTWJetsToQQ
    nevents in  TTV   TTWJetsToQQ :  811306
    ----Loading TTZToLLNuNu
    nevents in  TTV   TTZToLLNuNu :  15496140
    ----Loading 1LHEZpT400-inf
    nevents in  ZTo2L   1LHEZpT400-inf :  1943444
    ----Loading 2LHEZpT50-150
    nevents in  ZTo2L   2LHEZpT50-150 :  66975401
    ----Loading 2LHEZpT400-inf
    nevents in  ZTo2L   2LHEZpT400-inf :  11447163
    ----Loading 1LHEZpT250-400
    nevents in  ZTo2L   1LHEZpT250-400 :  9933135
    ----Loading 2LHEZpT250-400
    nevents in  ZTo2L   2LHEZpT250-400 :  57476360
    ----Loading 1LHEZpT150-250
    nevents in  ZTo2L   1LHEZpT150-250 :  20467149
    ----Loading 2LHEZpT150-250
    nevents in  ZTo2L   2LHEZpT150-250 :  25655949
    ----Loading 1LHEZpT50-150
    nevents in  ZTo2L   1LHEZpT50-150 :  30672664
    ----Loading ST_s-channel
    nevents in  singleTop   ST_s-channel :  9883805
    ----Loading ST_t-channel_antitop
    nevents in  singleTop   ST_t-channel_antitop :  3675910
    ----Loading ST_tW_top
    nevents in  singleTop   ST_tW_top :  7794186
    ----Loading ST_t-channel_top
    nevents in  singleTop   ST_t-channel_top :  5982064
    ----Loading ST_tW_antitop
    nevents in  singleTop   ST_tW_antitop :  7977430
    ----Loading 2LHEWpT100-150
    nevents in  WPlusJets   2LHEWpT100-150 :  104833102
    ----Loading 1LHEWpT100-150
    nevents in  WPlusJets   1LHEWpT100-150 :  135247058
    ----Loading 2LHEWpT250-400
    nevents in  WPlusJets   2LHEWpT250-400 :  704985
    ----Loading 1LHEWpT400-inf
    nevents in  WPlusJets   1LHEWpT400-inf :  13624830
    ----Loading 2LHEWpT150-250
    nevents in  WPlusJets   2LHEWpT150-250 :  496485081
    ----Loading 1LHEWpT150-250
    nevents in  WPlusJets   1LHEWpT150-250 :  107722889
    ----Loading 2LHEWpT400-inf
    nevents in  WPlusJets   2LHEWpT400-inf :  1440615
    ----Loading 1LHEWpT250-400
    nevents in  WPlusJets   1LHEWpT2Error in <TTreeFormula::Compile>:  Bad numerical expression : "HLT_Ele115_CaloIdVT_GsfTrkIdT"
Info in <TSelectorDraw::AbortProcess>: Variable compilation failed: {METcorrected_pt,nTightElectrons == 1 && nVetoElectrons == 1 && nLooseMuons == 0 && njets >= 2 && nbjets >= 1 && METcorrected_pt >= 180 && Flag_goodVertices && Flag_globalSuperTightHalo2016Filter && Flag_HBHENoiseFilter && Flag_HBHENoiseIsoFilter && Flag_EcalDeadCellTriggerPrimitiveFilter && Flag_BadPFMuonFilter && Flag_ecalBadCalibFilterV2 && ((passEle32WPTightGsf2017) || (HLT_Ele115_CaloIdVT_GsfTrkIdT)) && PV_npvsGood > 0 && PV_ndof > 4 && abs(PV_z) < 24 && sqrt(pow(PV_x,2)+pow(PV_y,2)) < 2 && nbjets >= 2 && M_T >= 140 && M_T2W >= 180 && minDeltaPhi12 >= 0.8 && M_Tb >= 140 && modified_topness <= 0 && Flag_eeBadScFilter}
TFile::Append:0: RuntimeWarning: Replacing existing TH1: hist (Potential memory leak).
Info in <TCanvas::MakeDefCanvas>:  created default TCanvas with name c1
TFile::Append:0: RuntimeWarning: Replacing existing TH1: hist (Potential memory leak).
TFile::Append:0: RuntimeWarning: Replacing existing TH1: hist (Potential memory leak).
TFile::Append:0: RuntimeWarning: Replacing existing TH1: hist (Potential memory leak).
50-400 :  63658377
Got MC sample root files and event trees
Filling data histograms...
  Dataset =  SingleElectron  ||   nEvents =  140382
  Using cut =  nTightElectrons == 1 && nVetoElectrons == 1 && nLooseMuons == 0 && njets >= 2 && nbjets >= 1 && METcorrected_pt >= 180 && Flag_goodVertices && Flag_globalSuperTightHalo2016Filter && Flag_HBHENoiseFilter && Flag_HBHENoiseIsoFilter && Flag_EcalDeadCellTriggerPrimitiveFilter && Flag_BadPFMuonFilter && Flag_ecalBadCalibFilterV2 && ((passEle32WPTightGsf2017) || (HLT_Ele115_CaloIdVT_GsfTrkIdT)) && PV_npvsGood > 0 && PV_ndof > 4 && abs(PV_z) < 24 && sqrt(pow(PV_x,2)+pow(PV_y,2)) < 2 && nbjets >= 2 && M_T >= 140 && M_T2W >= 180 && minDeltaPhi12 >= 0.8 && M_Tb >= 140 && modified_topness <= 0 && Flag_eeBadScFilter
   Using cut =  nTightElectrons == 1 && nVetoElectrons == 1 && nLooseMuons == 0 && njets >= 2 && nbjets >= 1 && METcorrected_pt >= 180 && Flag_goodVertices && Flag_globalSuperTightHalo2016Filter && Flag_HBHENoiseFilter && Flag_HBHENoiseIsoFilter && Flag_EcalDeadCellTriggerPrimitiveFilter && Flag_BadPFMuonFilter && Flag_ecalBadCalibFilterV2 && ((passEle32WPTightGsf2017) || (HLT_Ele115_CaloIdVT_GsfTrkIdT)) && PV_npvsGood > 0 && PV_ndof > 4 && abs(PV_z) < 24 && sqrt(pow(PV_x,2)+pow(PV_y,2)) < 2 && nbjets >= 2 && M_T >= 140 && M_T2W >= 180 && minDeltaPhi12 >= 0.8 && M_Tb >= 140 && modified_topness <= 0 && Flag_eeBadScFilter
    hist nEntries =  0.0
    hist integral =  0.0
    hist_data nEntries =  0.0
    hist_data integral =  0.0
  Using cut =  nTightElectrons == 1 && nVetoElectrons == 1 && nLooseMuons == 0 && njets >= 2 && nbjets >= 1 && METcorrected_pt >= 180 && Flag_goodVertices && Flag_globalSuperTightHalo2016Filter && Flag_HBHENoiseFilter && Flag_HBHENoiseIsoFilter && Flag_EcalDeadCellTriggerPrimitiveFilter && Flag_BadPFMuonFilter && Flag_ecalBadCalibFilterV2 && ((passEle32WPTightGsf2017) || (HLT_Ele115_CaloIdVT_GsfTrkIdT)) && PV_npvsGood > 0 && PV_ndof > 4 && abs(PV_z) < 24 && sqrt(pow(PV_x,2)+pow(PV_y,2)) < 2 && nbjets >= 2 && M_T >= 140 && M_T2W >= 180 && minDeltaPhi12 >= 0.8 && M_Tb >= 140 && modified_topness <= 0 && Flag_eeBadScFilter
    hist nEntries =  18.0
    hist integral =  11.0
    hist_data nEntries =  18.0
    hist_data integral =  11.0
  Using cut =  nTightElectrons == 1 && nVetoElectrons == 1 && nLooseMuons == 0 && njets >= 2 && nbjets >= 1 && METcorrected_pt >= 180 && Flag_goodVertices && Flag_globalSuperTightHalo2016Filter && Flag_HBHENoiseFilter && Flag_HBHENoiseIsoFilter && Flag_EcalDeadCellTriggerPrimitiveFilter && Flag_BadPFMuonFilter && Flag_ecalBadCalibFilterV2 && ((passEle32WPTightGsf2017) || (HLT_Ele115_CaloIdVT_GsfTrkIdT)) && PV_npvsGood > 0 && PV_ndof > 4 && abs(PV_z) < 24 && sqrt(pow(PV_x,2)+pow(PV_y,2)) < 2 && nbjets >= 2 && M_T >= 140 && M_T2W >= 180 && minDeltaPhi12 >= 0.8 && M_Tb >= 140 && modified_topness <= 0 && Flag_eeBadScFilter
    hist nEntries =  4.0
    hist integral =  2.0
    hist_data nEntries =  22.0
    hist_data integral =  13.0
  Using cut =  nTightElectrons == 1 && nVetoElectrons == 1 && nLooseMuons == 0 && njets >= 2 && nbjets >= 1 && METcorrected_pt >= 180 && Flag_goodVertices && Flag_globalSuperTightHalo2016Filter && Flag_HBHENoiseFilter && Flag_HBHENoiseIsoFilter && Flag_EcalDeadCellTriggerPrimitiveFilter && Flag_BadPFMuonFilter && Flag_ecalBadCalibFilterV2 && ((passEle32WPTightGsf2017) || (HLT_Ele115_CaloIdVT_GsfTrkIdT)) && PV_npvsGood > 0 && PV_ndof > 4 && abs(PV_z) < 24 && sqrt(pow(PV_x,2)+pow(PV_y,2)) < 2 && nbjets >= 2 && M_T >= 140 && M_T2W >= 180 && minDeltaPhi12 >= 0.8 && M_Tb >= 140 && modified_topness <= 0 && Flag_eeBadScFilter
    hist nEntries =  28.0
    hist integral =  20.0
    hist_data nEntries =  50.0
    hist_data integral =  33.0
  Using cut =  nTightElectrons == 1 && nVetoElectrons == 1 && nLooseMuons == 0 && njets >= 2 && nbjets >= 1 && METcorrected_pt >= 180 && Flag_goodVertices && Flag_globalSuperTightHalo2016Filter && Flag_HBHENoiseFilter && Flag_HBHENoiseIsoFilter && Flag_EcalDeadCellTriggerPrimitiveFilter && Flag_BadPFMuonFilter && Flag_ecalBadCalibFilterV2 && ((passEle32WPTightGsf2017) TFile::Append:0: RuntimeWarning: Replacing existing TH1: hist (Potential memory leak).
Error in <TTreeFormula::Compile>:  Bad numerical expression : "HLT_Ele115_CaloIdVT_GsfTrkIdT"
Info in <TSelectorDraw::AbortProcess>: Variable compilation failed: {METcorrected_pt,nTightElectrons == 1 && nVetoElectrons == 1 && nLooseMuons == 0 && njets >= 2 && nbjets >= 1 && METcorrected_pt >= 180 && Flag_goodVertices && Flag_globalSuperTightHalo2016Filter && Flag_HBHENoiseFilter && Flag_HBHENoiseIsoFilter && Flag_EcalDeadCellTriggerPrimitiveFilter && Flag_BadPFMuonFilter && Flag_ecalBadCalibFilterV2 && ((!passEle32WPTightGsf2017) && (!HLT_Ele115_CaloIdVT_GsfTrkIdT) && HLT_Photon200) && PV_npvsGood > 0 && PV_ndof > 4 && abs(PV_z) < 24 && sqrt(pow(PV_x,2)+pow(PV_y,2)) < 2 && nbjets >= 2 && M_T >= 140 && M_T2W >= 180 && minDeltaPhi12 >= 0.8 && M_Tb >= 140 && modified_topness <= 0 && Flag_eeBadScFilter}
TFile::Append:0: RuntimeWarning: Replacing existing TH1: hist (Potential memory leak).
TFile::Append:0: RuntimeWarning: Replacing existing TH1: hist (Potential memory leak).
TFile::Append:0: RuntimeWarning: Replacing existing TH1: hist (Potential memory leak).
TFile::Append:0: RuntimeWarning: Replacing existing TH1: hist (Potential memory leak).
|| (HLT_Ele115_CaloIdVT_GsfTrkIdT)) && PV_npvsGood > 0 && PV_ndof > 4 && abs(PV_z) < 24 && sqrt(pow(PV_x,2)+pow(PV_y,2)) < 2 && nbjets >= 2 && M_T >= 140 && M_T2W >= 180 && minDeltaPhi12 >= 0.8 && M_Tb >= 140 && modified_topness <= 0 && Flag_eeBadScFilter
    hist nEntries =  25.0
    hist integral =  17.0
    hist_data nEntries =  75.0
    hist_data integral =  50.0
  Dataset =  SinglePhoton  ||   nEvents =  155495
  Using cut =  nTightElectrons == 1 && nVetoElectrons == 1 && nLooseMuons == 0 && njets >= 2 && nbjets >= 1 && METcorrected_pt >= 180 && Flag_goodVertices && Flag_globalSuperTightHalo2016Filter && Flag_HBHENoiseFilter && Flag_HBHENoiseIsoFilter && Flag_EcalDeadCellTriggerPrimitiveFilter && Flag_BadPFMuonFilter && Flag_ecalBadCalibFilterV2 && ((!passEle32WPTightGsf2017) && (!HLT_Ele115_CaloIdVT_GsfTrkIdT) && HLT_Photon200) && PV_npvsGood > 0 && PV_ndof > 4 && abs(PV_z) < 24 && sqrt(pow(PV_x,2)+pow(PV_y,2)) < 2 && nbjets >= 2 && M_T >= 140 && M_T2W >= 180 && minDeltaPhi12 >= 0.8 && M_Tb >= 140 && modified_topness <= 0 && Flag_eeBadScFilter
    hist nEntries =  0.0
    hist integral =  0.0
    hist_data nEntries =  75.0
    hist_data integral =  50.0
  Using cut =  nTightElectrons == 1 && nVetoElectrons == 1 && nLooseMuons == 0 && njets >= 2 && nbjets >= 1 && METcorrected_pt >= 180 && Flag_goodVertices && Flag_globalSuperTightHalo2016Filter && Flag_HBHENoiseFilter && Flag_HBHENoiseIsoFilter && Flag_EcalDeadCellTriggerPrimitiveFilter && Flag_BadPFMuonFilter && Flag_ecalBadCalibFilterV2 && ((!passEle32WPTightGsf2017) && (!HLT_Ele115_CaloIdVT_GsfTrkIdT) && HLT_Photon200) && PV_npvsGood > 0 && PV_ndof > 4 && abs(PV_z) < 24 && sqrt(pow(PV_x,2)+pow(PV_y,2)) < 2 && nbjets >= 2 && M_T >= 140 && M_T2W >= 180 && minDeltaPhi12 >= 0.8 && M_Tb >= 140 && modified_topness <= 0 && Flag_eeBadScFilter
    hist nEntries =  0.0
    hist integral =  0.0
    hist_data nEntries =  75.0
    hist_data integral =  50.0
  Using cut =  nTightElectrons == 1 && nVetoElectrons == 1 && nLooseMuons == 0 && njets >= 2 && nbjets >= 1 && METcorrected_pt >= 180 && Flag_goodVertices && Flag_globalSuperTightHalo2016Filter && Flag_HBHENoiseFilter && Flag_HBHENoiseIsoFilter && Flag_EcalDeadCellTriggerPrimitiveFilter && Flag_BadPFMuonFilter && Flag_ecalBadCalibFilterV2 && ((!passEle32WPTightGsf2017) && (!HLT_Ele115_CaloIdVT_GsfTrkIdT) && HLT_Photon200) && PV_npvsGood > 0 && PV_ndof > 4 && abs(PV_z) < 24 && sqrt(pow(PV_x,2)+pow(PV_y,2)) < 2 && nbjets >= 2 && M_T >= 140 && M_T2W >= 180 && minDeltaPhi12 >= 0.8 && M_Tb >= 140 && modified_topness <= 0 && Flag_eeBadScFilter
    hist nEntries =  0.0
    hist integral =  0.0
    hist_data nEntries =  75.0
    hist_data integral =  50.0
  Using cut =  nTightElectrons == 1 && nVetoElectrons == 1 && nLooseMuons == 0 && njets >= 2 && nbjets >= 1 && METcorrected_pt >= 180 && Flag_goodVertices && Flag_globalSuperTightHalo2016Filter && Flag_HBHENoiseFilter && Flag_HBHENoiseIsoFilter && Flag_EcalDeadCellTriggerPrimitiveFilter && Flag_BadPFMuonFilter && Flag_ecalBadCalibFilterV2 && ((!passEle32WPTightGsf2017) && (!HLT_Ele115_CaloIdVT_GsfTrkIdT) && HLT_Photon200) && PV_npvsGood > 0 && PV_ndof > 4 && abs(PV_z) < 24 && sqrt(pow(PV_x,2)+pow(PV_y,2)) < 2 && nbjets >= 2 && M_T >= 140 && M_T2W >= 180 && minDeltaPhi12 >= 0.8 && M_Tb >= 140 && modified_topness <= 0 && Flag_eeBadScFilter
    hist nEntries =  0.0
    hist integral =  0.0
    hist_data nEntries =  75.0
    hist_data integral =  50.0
  Using cut =  nTightElectrons == 1 && nVetoElectrons == 1 && nLooseMuons == 0 && njets >= 2 && nbjets >= 1 && METcorrected_pt >= 180 && Flag_goodVertices && Flag_globalSuperTightHalo2016Filter && Flag_HBHENoiseFilter && Flag_HBHENoiseIsoFilter && Flag_EcalDeadCellTriggerPrimitiveFilter && Flag_BadPFMuonFilter && Flag_ecalBadCalibFilterV2 && ((!passEle32WPTightGsf2017) && (!HLT_Ele115_CaloIdVT_GsfTrkIdT) && HLT_Photon200) && PV_npvsGood > 0 && PV_ndof > 4 && abs(PV_z) < 24 && sqrt(pow(PV_x,2)+pow(PV_y,2)) < 2 && nbjets >= 2 && M_T >= 140 && M_T2W >= 180 && minDeltaPhi12 >= 0.8 && M_Tb >= 140 && modified_topness <= 0 && Flag_eeBadScFilteTFile::Append:0: RuntimeWarning: Replacing existing TH1: hist (Potential memory leak).
TFile::Append:0: RuntimeWarning: Replacing existing TH1: hist (Potential memory leak).
TFile::Append:0: RuntimeWarning: Replacing existing TH1: hist (Potential memory leak).
TFile::Append:0: RuntimeWarning: Replacing existing TH1: hist (Potential memory leak).
TFile::Append:0: RuntimeWarning: Replacing existing TH1: hist (Potential memory leak).
TFile::Append:0: RuntimeWarning: Replacing existing TH1: hist (Potential memory leak).
TFile::Append:0: RuntimeWarning: Replacing existing TH1: hist (Potential memory leak).
r
    hist nEntries =  0.0
    hist integral =  0.0
    hist_data nEntries =  75.0
    hist_data integral =  50.0
  Dataset =  SingleMuon  ||   nEvents =  266193
  Using cut =  nTightMuons == 1 && nLooseMuons == 1 && nVetoElectrons == 0 && njets >= 2 && nbjets >= 1 && METcorrected_pt >= 180 && Flag_goodVertices && Flag_globalSuperTightHalo2016Filter && Flag_HBHENoiseFilter && Flag_HBHENoiseIsoFilter && Flag_EcalDeadCellTriggerPrimitiveFilter && Flag_BadPFMuonFilter && Flag_ecalBadCalibFilterV2 && (HLT_IsoMu27) && PV_npvsGood > 0 && PV_ndof > 4 && abs(PV_z) < 24 && sqrt(pow(PV_x,2)+pow(PV_y,2)) < 2 && nbjets >= 2 && M_T >= 140 && M_T2W >= 180 && minDeltaPhi12 >= 0.8 && M_Tb >= 140 && modified_topness <= 0 && Flag_eeBadScFilter
    hist nEntries =  17.0
    hist integral =  12.0
    hist_data nEntries =  92.0
    hist_data integral =  62.0
  Using cut =  nTightMuons == 1 && nLooseMuons == 1 && nVetoElectrons == 0 && njets >= 2 && nbjets >= 1 && METcorrected_pt >= 180 && Flag_goodVertices && Flag_globalSuperTightHalo2016Filter && Flag_HBHENoiseFilter && Flag_HBHENoiseIsoFilter && Flag_EcalDeadCellTriggerPrimitiveFilter && Flag_BadPFMuonFilter && Flag_ecalBadCalibFilterV2 && (HLT_IsoMu27) && PV_npvsGood > 0 && PV_ndof > 4 && abs(PV_z) < 24 && sqrt(pow(PV_x,2)+pow(PV_y,2)) < 2 && nbjets >= 2 && M_T >= 140 && M_T2W >= 180 && minDeltaPhi12 >= 0.8 && M_Tb >= 140 && modified_topness <= 0 && Flag_eeBadScFilter
    hist nEntries =  24.0
    hist integral =  16.0
    hist_data nEntries =  116.0
    hist_data integral =  78.0
  Using cut =  nTightMuons == 1 && nLooseMuons == 1 && nVetoElectrons == 0 && njets >= 2 && nbjets >= 1 && METcorrected_pt >= 180 && Flag_goodVertices && Flag_globalSuperTightHalo2016Filter && Flag_HBHENoiseFilter && Flag_HBHENoiseIsoFilter && Flag_EcalDeadCellTriggerPrimitiveFilter && Flag_BadPFMuonFilter && Flag_ecalBadCalibFilterV2 && (HLT_IsoMu27) && PV_npvsGood > 0 && PV_ndof > 4 && abs(PV_z) < 24 && sqrt(pow(PV_x,2)+pow(PV_y,2)) < 2 && nbjets >= 2 && M_T >= 140 && M_T2W >= 180 && minDeltaPhi12 >= 0.8 && M_Tb >= 140 && modified_topness <= 0 && Flag_eeBadScFilter
    hist nEntries =  16.0
    hist integral =  11.0
    hist_data nEntries =  132.0
    hist_data integral =  89.0
  Using cut =  nTightMuons == 1 && nLooseMuons == 1 && nVetoElectrons == 0 && njets >= 2 && nbjets >= 1 && METcorrected_pt >= 180 && Flag_goodVertices && Flag_globalSuperTightHalo2016Filter && Flag_HBHENoiseFilter && Flag_HBHENoiseIsoFilter && Flag_EcalDeadCellTriggerPrimitiveFilter && Flag_BadPFMuonFilter && Flag_ecalBadCalibFilterV2 && (HLT_IsoMu27) && PV_npvsGood > 0 && PV_ndof > 4 && abs(PV_z) < 24 && sqrt(pow(PV_x,2)+pow(PV_y,2)) < 2 && nbjets >= 2 && M_T >= 140 && M_T2W >= 180 && minDeltaPhi12 >= 0.8 && M_Tb >= 140 && modified_topness <= 0 && Flag_eeBadScFilter
    hist nEntries =  16.0
    hist integral =  9.0
    hist_data nEntries =  148.0
    hist_data integral =  98.0
  Using cut =  nTightMuons == 1 && nLooseMuons == 1 && nVetoElectrons == 0 && njets >= 2 && nbjets >= 1 && METcorrected_pt >= 180 && Flag_goodVertices && Flag_globalSuperTightHalo2016Filter && Flag_HBHENoiseFilter && Flag_HBHENoiseIsoFilter && Flag_EcalDeadCellTriggerPrimitiveFilter && Flag_BadPFMuonFilter && Flag_ecalBadCalibFilterV2 && (HLT_IsoMu27) && PV_npvsGood > 0 && PV_ndof > 4 && abs(PV_z) < 24 && sqrt(pow(PV_x,2)+pow(PV_y,2)) < 2 && nbjets >= 2 && M_T >= 140 && M_T2W >= 180 && minDeltaPhi12 >= 0.8 && M_Tb >= 140 && modified_topness <= 0 && Flag_eeBadScFilter
    hist nEntries =  32.0
    hist integral =  16.0
    hist_data nEntries =  180.0
    hist_data integral =  114.0
Filling MC histograms...
  Process =  ZTo2Nu
      Dataset =  1LHEZpT400-inf  ||   nEvents =  2369427
          hist weight =  0.00394542773422*leptonWeight*bjetWeight*puWeight*muonTriggerWeight*EE_L1_prefire_Weight*electronTriggerWeight
          hist nEntries =  0.0
          hist integral =  0.0
      Dataset =  2LHEZpT50-150  ||   nEvents =  19503409
          hist weight =  0.694813865617*leptonWeight*bjetWeight*puWeight*muonTriggerWeight*EE_L1_prefire_Weight*electronTriggerWeightTFile::Append:0: RuntimeWarning: Replacing existing TH1: hist (Potential memory leak).
TFile::Append:0: RuntimeWarning: Replacing existing TH1: hist (Potential memory leak).
TFile::Append:0: RuntimeWarning: Replacing existing TH1: hist (Potential memory leak).
TFile::Append:0: RuntimeWarning: Replacing existing TH1: hist (Potential memory leak).
TFile::Append:0: RuntimeWarning: Replacing existing TH1: hist (Potential memory leak).
TFile::Append:0: RuntimeWarning: Replacing existing TH1: hist (Potential memory leak).
TFile::Append:0: RuntimeWarning: Replacing existing TH1: hist (Potential memory leak).
TFile::Append:0: RuntimeWarning: Replacing existing TH1: hist (Potential memory leak).
TFile::Append:0: RuntimeWarning: Replacing existing TH1: hist (Potential memory leak).
TFile::Append:0: RuntimeWarning: Replacing existing TH1: hist (Potential memory leak).
TFile::Append:0: RuntimeWarning: Replacing existing TH1: hist (Potential memory leak).
TFile::Append:0: RuntimeWarning: Replacing existing TH1: hist (Potential memory leak).
TFile::Append:0: RuntimeWarning: Replacing existing TH1: hist (Potential memory leak).
TFile::Append:0: RuntimeWarning: Replacing existing TH1: hist (Potential memory leak).
TFile::Append:0: RuntimeWarning: Replacing existing TH1: hist (Potential memory leak).

          hist nEntries =  0.0
          hist integral =  0.0
      Dataset =  2LHEZpT400-inf  ||   nEvents =  17735498
          hist weight =  0.0019838301693*leptonWeight*bjetWeight*puWeight*muonTriggerWeight*EE_L1_prefire_Weight*electronTriggerWeight
          hist nEntries =  3.0
          hist integral =  0.0042329877615
      Dataset =  1LHEZpT250-400  ||   nEvents =  19134102
          hist weight =  0.00445163457371*leptonWeight*bjetWeight*puWeight*muonTriggerWeight*EE_L1_prefire_Weight*electronTriggerWeight
          hist nEntries =  0.0
          hist integral =  0.0
      Dataset =  2LHEZpT250-400  ||   nEvents =  2631388
          hist weight =  0.081658888769*leptonWeight*bjetWeight*puWeight*muonTriggerWeight*EE_L1_prefire_Weight*electronTriggerWeight
          hist nEntries =  1.0
          hist integral =  0.0807654932141
      Dataset =  1LHEZpT150-250  ||   nEvents =  43778523
          hist weight =  0.0171134416755*leptonWeight*bjetWeight*puWeight*muonTriggerWeight*EE_L1_prefire_Weight*electronTriggerWeight
          hist nEntries =  0.0
          hist integral =  0.0
      Dataset =  2LHEZpT150-250  ||   nEvents =  126271498
          hist weight =  0.00973527691894*leptonWeight*bjetWeight*puWeight*muonTriggerWeight*EE_L1_prefire_Weight*electronTriggerWeight
          hist nEntries =  1.0
          hist integral =  0.0077670365572
      Dataset =  1LHEZpT50-150  ||   nEvents =  11967370
          hist weight =  2.07834444828*leptonWeight*bjetWeight*puWeight*muonTriggerWeight*EE_L1_prefire_Weight*electronTriggerWeight
          hist nEntries =  0.0
          hist integral =  0.0
  Process =  tbar scalar
      Dataset =  tWChan_MChi1_MPhi100_scalar  ||   nEvents =  194000
          hist weight =  0.0117611247423*leptonWeight*bjetWeight*puWeight*muonTriggerWeight*EE_L1_prefire_Weight*electronTriggerWeight
          hist nEntries =  226.0
          hist integral =  1.91607518494
      Dataset =  tChan_MChi1_MPhi100_scalar  ||   nEvents =  278000
          hist weight =  0.0425458417266*leptonWeight*bjetWeight*puWeight*muonTriggerWeight*EE_L1_prefire_Weight*electronTriggerWeight
          hist nEntries =  74.0
          hist integral =  1.68491096795
  Process =  WW
      Dataset =  WWTo1L1Nu2Q  ||   nEvents =  5054286
          hist weight =  0.663423518178*leptonWeight*bjetWeight*puWeight*muonTriggerWeight*EE_L1_prefire_Weight*electronTriggerWeight
          hist nEntries =  2.0
          hist integral =  0.0
      Dataset =  WWTo4Q  ||   nEvents =  2000000
          hist weight =  0.99111345*leptonWeight*bjetWeight*puWeight*muonTriggerWeight*EE_L1_prefire_Weight*electronTriggerWeight
          hist nEntries =  0.0
          hist integral =  0.0
      Dataset =  WWTo2L2Nu  ||   nEvents =  2000000
          hist weight =  0.2300762*leptonWeight*bjetWeight*puWeight*muonTriggerWeight*EE_L1_prefire_Weight*electronTriggerWeight
          hist nEntries =  5.0
          hist integral =  0.388856857317
  Process =  ttbarPlusJets
      Dataset =  TTToSemiLepton  ||   nEvents =  241119449
          hist weight =  0.0627550185717*leptonWeight*bjetWeight*puWeight*muonTriggerWeight*EE_L1_prefire_Weight*electronTriggerWeight
          hist nEntries =  560.0
          hist integral =  10.3094339669
      Dataset =  TTTo2L2Nu  ||   nEvents =  9000000
          hist weight =  0.402887144444*leptonWeight*bjetWeight*puWeight*muonTriggerWeight*EE_L1_prefire_Weight*electronTriggerWeight
          hist nEntries =  301.0
          hist integral =  56.6536924839
  Process =  ttbar scalar
      Dataset =  ttDM_MChi1_MPhi100_scalar  ||   nEvents =  1542620
          hist weight =  0.0194555270255*leptonWeight*bjetWeight*puWeight*muonTriggerWeight*EE_L1_prefire_Weight*electronTriggerWeight*GenModel__TTbarDMJets_Inclusive_scalar_LO_Mchi_1_Mphi_100_TuneCP5_13TeV_madgraph_mcatnlo_pythia8
          hist nEntries =  1318.0
          hist integral =  15.9122651815
  Process =  ZZ
      Dataset =  ZZTo2Q2Nu  ||   nEvents =  62115355
          hist weight =  0.00305146642082*leptonWeight*bjetWeight*puWeight*muonTriggerWeight*EE_L1_prefiTFile::Append:0: RuntimeWarning: Replacing existing TH1: hist (Potential memory leak).
TFile::Append:0: RuntimeWarning: Replacing existing TH1: hist (Potential memory leak).
TFile::Append:0: RuntimeWarning: Replacing existing TH1: hist (Potential memory leak).
TFile::Append:0: RuntimeWarning: Replacing existing TH1: hist (Potential memory leak).
TFile::Append:0: RuntimeWarning: Replacing existing TH1: hist (Potential memory leak).
TFile::Append:0: RuntimeWarning: Replacing existing TH1: hist (Potential memory leak).
TFile::Append:0: RuntimeWarning: Replacing existing TH1: hist (Potential memory leak).
TFile::Append:0: RuntimeWarning: Replacing existing TH1: hist (Potential memory leak).
TFile::Append:0: RuntimeWarning: Replacing existing TH1: hist (Potential memory leak).
TFile::Append:0: RuntimeWarning: Replacing existing TH1: hist (Potential memory leak).
TFile::Append:0: RuntimeWarning: Replacing existing TH1: hist (Potential memory leak).
TFile::Append:0: RuntimeWarning: Replacing existing TH1: hist (Potential memory leak).
TFile::Append:0: RuntimeWarning: Replacing existing TH1: hist (Potential memory leak).
TFile::Append:0: RuntimeWarning: Replacing existing TH1: hist (Potential memory leak).
TFile::Append:0: RuntimeWarning: Replacing existing TH1: hist (Potential memory leak).
TFile::Append:0: RuntimeWarning: Replacing existing TH1: hist (Potential memory leak).
re_Weight*electronTriggerWeight
          hist nEntries =  1.0
          hist integral =  0.0
      Dataset =  ZZTo4L  ||   nEvents =  6964071
          hist weight =  0.00790159233012*leptonWeight*bjetWeight*puWeight*muonTriggerWeight*EE_L1_prefire_Weight*electronTriggerWeight
          hist nEntries =  0.0
          hist integral =  0.0
      Dataset =  ZZTo2L2Q  ||   nEvents =  27441872
          hist weight =  0.00558134809462*leptonWeight*bjetWeight*puWeight*muonTriggerWeight*EE_L1_prefire_Weight*electronTriggerWeight
          hist nEntries =  2.0
          hist integral =  7.96324166004e-05
      Dataset =  ZZTo2L2Nu  ||   nEvents =  8744768
          hist weight =  0.002680406387*leptonWeight*bjetWeight*puWeight*muonTriggerWeight*EE_L1_prefire_Weight*electronTriggerWeight
          hist nEntries =  10.0
          hist integral =  0.0148121847305
  Process =  QCD
      Dataset =  Pt50to80  ||   nEvents =  38179535
          hist weight =  17088.6392409*leptonWeight*bjetWeight*puWeight*muonTriggerWeight*EE_L1_prefire_Weight*electronTriggerWeight
          hist nEntries =  0.0
          hist integral =  0.0
      Dataset =  Pt2400to3200  ||   nEvents =  1910526
          hist weight =  0.00011381738851*leptonWeight*bjetWeight*puWeight*muonTriggerWeight*EE_L1_prefire_Weight*electronTriggerWeight
          hist nEntries =  1.0
          hist integral =  0.000134657297167
      Dataset =  Pt30to50  ||   nEvents =  35500760
          hist weight =  125055.266422*leptonWeight*bjetWeight*puWeight*muonTriggerWeight*EE_L1_prefire_Weight*electronTriggerWeight
          hist nEntries =  0.0
          hist integral =  0.0
      Dataset =  Pt470to600  ||   nEvents =  55331892
          hist weight =  0.414385125309*leptonWeight*bjetWeight*puWeight*muonTriggerWeight*EE_L1_prefire_Weight*electronTriggerWeight
          hist nEntries =  0.0
          hist integral =  0.0
      Dataset =  Pt300to470  ||   nEvents =  110887780
          hist weight =  2.55799060997*leptonWeight*bjetWeight*puWeight*muonTriggerWeight*EE_L1_prefire_Weight*electronTriggerWeight
          hist nEntries =  0.0
          hist integral =  0.0
      Dataset =  Pt170to300  ||   nEvents =  56298920
          hist weight =  76.3488002967*leptonWeight*bjetWeight*puWeight*muonTriggerWeight*EE_L1_prefire_Weight*electronTriggerWeight
          hist nEntries =  0.0
          hist integral =  0.0
      Dataset =  Pt800to1000  ||   nEvents =  77660008
          hist weight =  0.0140536735458*leptonWeight*bjetWeight*puWeight*muonTriggerWeight*EE_L1_prefire_Weight*electronTriggerWeight
          hist nEntries =  1.0
          hist integral =  0.0113971773535
      Dataset =  Pt600to800  ||   nEvents =  128548964
          hist weight =  0.0505600729695*leptonWeight*bjetWeight*puWeight*muonTriggerWeight*EE_L1_prefire_Weight*electronTriggerWeight
          hist nEntries =  0.0
          hist integral =  0.0
      Dataset =  Pt120to170  ||   nEvents =  29854280
          hist weight =  566.591088447*leptonWeight*bjetWeight*puWeight*muonTriggerWeight*EE_L1_prefire_Weight*electronTriggerWeight*(event!=3468768)
          hist nEntries =  0.0
          hist integral =  0.0
      Dataset =  Pt1000to1400  ||   nEvents =  35706078
          hist weight =  0.00868841153599*leptonWeight*bjetWeight*puWeight*muonTriggerWeight*EE_L1_prefire_Weight*electronTriggerWeight
          hist nEntries =  0.0
          hist integral =  0.0
      Dataset =  Pt1400to1800  ||   nEvents =  11353270
          hist weight =  0.00237183225626*leptonWeight*bjetWeight*puWeight*muonTriggerWeight*EE_L1_prefire_Weight*electronTriggerWeight
          hist nEntries =  0.0
          hist integral =  0.0
      Dataset =  Pt15to30  ||   nEvents =  19169000
          hist weight =  2699482.49778*leptonWeight*bjetWeight*puWeight*muonTriggerWeight*EE_L1_prefire_Weight*electronTriggerWeight
          hist nEntries =  0.0
          hist integral =  0.0
      Dataset =  Pt3200toInf  ||   nEvents =  757837
          hist weight =  7.43645533274e-06*leptonWeight*bjetWeight*puWeight*muonTriggerWeight*EE_L1_prefire_WeighTFile::Append:0: RuntimeWarning: Replacing existing TH1: hist (Potential memory leak).
TFile::Append:0: RuntimeWarning: Replacing existing TH1: hist (Potential memory leak).
TFile::Append:0: RuntimeWarning: Replacing existing TH1: hist (Potential memory leak).
TFile::Append:0: RuntimeWarning: Replacing existing TH1: hist (Potential memory leak).
TFile::Append:0: RuntimeWarning: Replacing existing TH1: hist (Potential memory leak).
TFile::Append:0: RuntimeWarning: Replacing existing TH1: hist (Potential memory leak).
TFile::Append:0: RuntimeWarning: Replacing existing TH1: hist (Potential memory leak).
TFile::Append:0: RuntimeWarning: Replacing existing TH1: hist (Potential memory leak).
TFile::Append:0: RuntimeWarning: Replacing existing TH1: hist (Potential memory leak).
TFile::Append:0: RuntimeWarning: Replacing existing TH1: hist (Potential memory leak).
TFile::Append:0: RuntimeWarning: Replacing existing TH1: hist (Potential memory leak).
TFile::Append:0: RuntimeWarning: Replacing existing TH1: hist (Potential memory leak).
TFile::Append:0: RuntimeWarning: Replacing existing TH1: hist (Potential memory leak).
TFile::Append:0: RuntimeWarning: Replacing existing TH1: hist (Potential memory leak).
TFile::Append:0: RuntimeWarning: Replacing existing TH1: hist (Potential memory leak).
TFile::Append:0: RuntimeWarning: Replacing existing TH1: hist (Potential memory leak).
t*electronTriggerWeight
          hist nEntries =  0.0
          hist integral =  0.0
      Dataset =  Pt80to120  ||   nEvents =  56387936
          hist weight =  1720.47581241*leptonWeight*bjetWeight*puWeight*muonTriggerWeight*EE_L1_prefire_Weight*electronTriggerWeight
          hist nEntries =  0.0
          hist integral =  0.0
      Dataset =  Pt1800to2400  ||   nEvents =  2923941
          hist weight =  0.00124180614452*leptonWeight*bjetWeight*puWeight*muonTriggerWeight*EE_L1_prefire_Weight*electronTriggerWeight
          hist nEntries =  0.0
          hist integral =  0.0
  Process =  WZ
      Dataset =  WZTo2Q2Nu  ||   nEvents =  30748033
          hist weight =  0.00926279544451*leptonWeight*bjetWeight*puWeight*muonTriggerWeight*EE_L1_prefire_Weight*electronTriggerWeight
          hist nEntries =  0.0
          hist integral =  0.0
      Dataset =  WZTo2L2Q  ||   nEvents =  27582164
          hist weight =  0.00953248012012*leptonWeight*bjetWeight*puWeight*muonTriggerWeight*EE_L1_prefire_Weight*electronTriggerWeight
          hist nEntries =  2.0
          hist integral =  6.85111081111e-05
      Dataset =  WZTo3LNu  ||   nEvents =  10987679
          hist weight =  0.0190949844822*leptonWeight*bjetWeight*puWeight*muonTriggerWeight*EE_L1_prefire_Weight*electronTriggerWeight
          hist nEntries =  5.0
          hist integral =  0.0904011186212
      Dataset =  WZTo1L3Nu  ||   nEvents =  4994395
          hist weight =  0.0277898043707*leptonWeight*bjetWeight*puWeight*muonTriggerWeight*EE_L1_prefire_Weight*electronTriggerWeight
          hist nEntries =  22.0
          hist integral =  0.320084754378
      Dataset =  WZTo1L1Nu2Q  ||   nEvents =  19086373
          hist weight =  0.0253709701681*leptonWeight*bjetWeight*puWeight*muonTriggerWeight*EE_L1_prefire_Weight*electronTriggerWeight
          hist nEntries =  37.0
          hist integral =  0.511822402477
  Process =  TTV
      Dataset =  TTZToQQ  ||   nEvents =  9690000
          hist weight =  0.00218750381837*leptonWeight*bjetWeight*puWeight*muonTriggerWeight*EE_L1_prefire_Weight*electronTriggerWeight
          hist nEntries =  403.0
          hist integral =  0.511023325846
      Dataset =  TTWJetsToLNu  ||   nEvents =  9920372
          hist weight =  0.000899643380309*leptonWeight*bjetWeight*puWeight*muonTriggerWeight*EE_L1_prefire_Weight*electronTriggerWeight
          hist nEntries =  4648.0
          hist integral =  2.46110160649
      Dataset =  TTWJetsToQQ  ||   nEvents =  811306
          hist weight =  0.0220932028113*leptonWeight*bjetWeight*puWeight*muonTriggerWeight*EE_L1_prefire_Weight*electronTriggerWeight
          hist nEntries =  18.0
          hist integral =  0.207041496411
      Dataset =  TTZToLLNuNu  ||   nEvents =  15496140
          hist weight =  0.000651781411371*leptonWeight*bjetWeight*puWeight*muonTriggerWeight*EE_L1_prefire_Weight*electronTriggerWeight
          hist nEntries =  17838.0
          hist integral =  7.29332345724
  Process =  ZTo2L
      Dataset =  1LHEZpT400-inf  ||   nEvents =  1943444
          hist weight =  0.00257927215809*leptonWeight*bjetWeight*puWeight*muonTriggerWeight*EE_L1_prefire_Weight*electronTriggerWeight
          hist nEntries =  0.0
          hist integral =  0.0
      Dataset =  2LHEZpT50-150  ||   nEvents =  66975401
          hist weight =  0.104793250883*leptonWeight*bjetWeight*puWeight*muonTriggerWeight*EE_L1_prefire_Weight*electronTriggerWeight
          hist nEntries =  0.0
          hist integral =  0.0
      Dataset =  2LHEZpT400-inf  ||   nEvents =  11447163
          hist weight =  0.00162968553868*leptonWeight*bjetWeight*puWeight*muonTriggerWeight*EE_L1_prefire_Weight*electronTriggerWeight
          hist nEntries =  10.0
          hist integral =  0.00931097453577
      Dataset =  1LHEZpT250-400  ||   nEvents =  9933135
          hist weight =  0.00458650869036*leptonWeight*bjetWeight*puWeight*muonTriggerWeight*EE_L1_prefire_Weight*electronTriggerWeight
          hist nEntries =  0.0
          hist integral =  0.0
      Dataset =  2LHEZpT250-400  ||   nEvents =  57476360
       TFile::Append:0: RuntimeWarning: Replacing existing TH1: hist (Potential memory leak).
TFile::Append:0: RuntimeWarning: Replacing existing TH1: hist (Potential memory leak).
TFile::Append:0: RuntimeWarning: Replacing existing TH1: hist (Potential memory leak).
TFile::Append:0: RuntimeWarning: Replacing existing TH1: hist (Potential memory leak).
TFile::Append:0: RuntimeWarning: Replacing existing TH1: hist (Potential memory leak).
TFile::Append:0: RuntimeWarning: Replacing existing TH1: hist (Potential memory leak).
TFile::Append:0: RuntimeWarning: Replacing existing TH1: hist (Potential memory leak).
TFile::Append:0: RuntimeWarning: Replacing existing TH1: hist (Potential memory leak).
TFile::Append:0: RuntimeWarning: Replacing existing TH1: hist (Potential memory leak).
TFile::Append:0: RuntimeWarning: Replacing existing TH1: hist (Potential memory leak).
TFile::Append:0: RuntimeWarning: Replacing existing TH1: hist (Potential memory leak).
TFile::Append:0: RuntimeWarning: Replacing existing TH1: hist (Potential memory leak).
TFile::Append:0: RuntimeWarning: Replacing existing TH1: hist (Potential memory leak).
TFile::Append:0: RuntimeWarning: Replacing existing TH1: hist (Potential memory leak).
TFile::Append:0: RuntimeWarning: Replacing existing TH1: hist (Potential memory leak).
   hist weight =  0.00197980874224*leptonWeight*bjetWeight*puWeight*muonTriggerWeight*EE_L1_prefire_Weight*electronTriggerWeight
          hist nEntries =  21.0
          hist integral =  0.0193272898905
      Dataset =  1LHEZpT150-250  ||   nEvents =  20467149
          hist weight =  0.0192765001124*leptonWeight*bjetWeight*puWeight*muonTriggerWeight*EE_L1_prefire_Weight*electronTriggerWeight
          hist nEntries =  0.0
          hist integral =  0.0
      Dataset =  2LHEZpT150-250  ||   nEvents =  25655949
          hist weight =  0.0254625895928*leptonWeight*bjetWeight*puWeight*muonTriggerWeight*EE_L1_prefire_Weight*electronTriggerWeight
          hist nEntries =  2.0
          hist integral =  0.022160820663
      Dataset =  1LHEZpT50-150  ||   nEvents =  30672664
          hist weight =  0.426637314581*leptonWeight*bjetWeight*puWeight*muonTriggerWeight*EE_L1_prefire_Weight*electronTriggerWeight
          hist nEntries =  0.0
          hist integral =  0.0
  Process =  singleTop
      Dataset =  ST_s-channel  ||   nEvents =  9883805
          hist weight =  0.0157148183316*leptonWeight*bjetWeight*puWeight*muonTriggerWeight*EE_L1_prefire_Weight*electronTriggerWeight
          hist nEntries =  8.0
          hist integral =  0.0256665265188
      Dataset =  ST_t-channel_antitop  ||   nEvents =  3675910
          hist weight =  0.767239214235*leptonWeight*bjetWeight*puWeight*muonTriggerWeight*EE_L1_prefire_Weight*electronTriggerWeight
          hist nEntries =  2.0
          hist integral =  0.116458814591
      Dataset =  ST_tW_top  ||   nEvents =  7794186
          hist weight =  0.186012022295*leptonWeight*bjetWeight*puWeight*muonTriggerWeight*EE_L1_prefire_Weight*electronTriggerWeight
          hist nEntries =  125.0
          hist integral =  13.3706313968
      Dataset =  ST_t-channel_top  ||   nEvents =  5982064
          hist weight =  0.786576171703*leptonWeight*bjetWeight*puWeight*muonTriggerWeight*EE_L1_prefire_Weight*electronTriggerWeight
          hist nEntries =  1.0
          hist integral =  0.0
      Dataset =  ST_tW_antitop  ||   nEvents =  7977430
          hist weight =  0.182051625649*leptonWeight*bjetWeight*puWeight*muonTriggerWeight*EE_L1_prefire_Weight*electronTriggerWeight
          hist nEntries =  135.0
          hist integral =  15.156973958
  Process =  WPlusJets
      Dataset =  2LHEWpT100-150  ||   nEvents =  104833102
          hist weight =  0.111568709471*leptonWeight*bjetWeight*puWeight*muonTriggerWeight*EE_L1_prefire_Weight*electronTriggerWeight
          hist nEntries =  4.0
          hist integral =  0.124576605391
      Dataset =  1LHEWpT100-150  ||   nEvents =  135247058
          hist weight =  0.0872256444942*leptonWeight*bjetWeight*puWeight*muonTriggerWeight*EE_L1_prefire_Weight*electronTriggerWeight
          hist nEntries =  1.0
          hist integral =  0.0
      Dataset =  2LHEWpT250-400  ||   nEvents =  704985
          hist weight =  1.06213025809*leptonWeight*bjetWeight*puWeight*muonTriggerWeight*EE_L1_prefire_Weight*electronTriggerWeight
          hist nEntries =  1.0
          hist integral =  0.25819966197
      Dataset =  1LHEWpT400-inf  ||   nEvents =  13624830
          hist weight =  0.00271281916912*leptonWeight*bjetWeight*puWeight*muonTriggerWeight*EE_L1_prefire_Weight*electronTriggerWeight
          hist nEntries =  6.0
          hist integral =  0.0111510558054
      Dataset =  2LHEWpT150-250  ||   nEvents =  496485081
          hist weight =  0.00908333980734*leptonWeight*bjetWeight*puWeight*muonTriggerWeight*EE_L1_prefire_Weight*electronTriggerWeight
          hist nEntries =  189.0
          hist integral =  0.614023890346
      Dataset =  1LHEWpT150-250  ||   nEvents =  107722889
          hist weight =  0.027646086432*leptonWeight*bjetWeight*puWeight*muonTriggerWeight*EE_L1_prefire_Weight*electronTriggerWeight
          hist nEntries =  2.0
          hist integral =  0.00157378031872
      Dataset =  2LHEWpT400-inf  ||   nEvents =  1440615
          hist weight =  0.0864838975021*leptonWeight*bjetWeight*puWeight*muonTriggerWeight*EE_L1_prefire_Weight*eTFile::Append:0: RuntimeWarning: Replacing existing TH1: hist (Potential memory leak).
Info in <TCanvas::Print>: png file SL1l2bT1SR2017_METcorrected_pt_12_15_2022_NLOVjets.png has been created
lectronTriggerWeight
          hist nEntries =  26.0
          hist integral =  1.41352613643
      Dataset =  1LHEWpT250-400  ||   nEvents =  63658377
          hist weight =  0.00525825218573*leptonWeight*bjetWeight*puWeight*muonTriggerWeight*EE_L1_prefire_Weight*electronTriggerWeight
          hist nEntries =  10.0
          hist integral =  0.0259233049583
-----------------------------
Total data background nEvents =  180.0
Total data background integral =  114.0
-----------------------------
Total MC background nEvents =  24404.0
Total MC background integral =  110.035542488
-----------------------------
Total tt+DM signal nEvents =  1318.0
Total tt+DM signal integral =  15.9122651815
Total t+DM signal nEvents =  300.0
Total t+DM signal integral =  3.60098600388
-----------------------------
FOM for tt+DM signal =  0.602690564492
FOM for t+DM signal =  0.255556390326
-----------------------------
Data bin content:
    bin 0: 66.0
    bin 1: 44.0
    bin 2: 30.0
    bin 3: 19.0
    bin 4: 5.0
    bin 5: 8.0
    bin 6: 8.0
-----------------------------
MC background bin content:
    bin 0: 48.2473640442
    bin 1: 43.5155639648
    bin 2: 26.757604599
    bin 3: 13.0659360886
    bin 4: 8.97892189026
    bin 5: 6.56584644318
    bin 6: 11.1516695023
-----------------------------
tt+DM bin content:
    bin 0: 4.04368972778
    bin 1: 4.90113210678
    bin 2: 3.328343153
    bin 3: 2.77419281006
    bin 4: 1.62069261074
    bin 5: 0.88672375679
    bin 6: 2.40118074417
-----------------------------
t+DM bin content:
    bin 0: 0.74451649189
    bin 1: 1.0256896019
    bin 2: 0.755724906921
    bin 3: 0.589269518852
    bin 4: 0.249711036682
    bin 5: 0.220539450645
    bin 6: 0.760051488876
-----------------------------
Data bin errors:
    bin 0: 8.12403840464
    bin 1: 6.63324958071
    bin 2: 5.47722557505
    bin 3: 4.35889894354
    bin 4: 2.2360679775
    bin 5: 2.82842712475
    bin 6: 2.82842712475
-----------------------------
MC background bin errors:
    bin 0: 3.49403328787
    bin 1: 3.37103205828
    bin 2: 2.59493885367
    bin 3: 1.60129854264
    bin 4: 1.38383639699
    bin 5: 1.3023432438
    bin 6: 1.39609860869
-----------------------------
tt+DM bin errors:
    bin 0: 0.265895120254
    bin 1: 0.295790418724
    bin 2: 0.24214591165
    bin 3: 0.22173957844
    bin 4: 0.167349610139
    bin 5: 0.12272705411
    bin 6: 0.203934987716
-----------------------------
t+DM bin errors:
    bin 0: 0.143794315564
    bin 1: 0.161676594731
    bin 2: 0.123407666531
    bin 3: 0.116372314018
    bin 4: 0.0701866024367
    bin 5: 0.0622848734143
    bin 6: 0.115464628163
-----------------------------
ZTo2Nu hist info:
    nEvents =  5.0
    integral =  0.0927655175328
tbar scalar hist info:
    nEvents =  300.0
    integral =  3.60098600388
TTTo2L2Nu hist info:
    nEvents =  301.0
    integral =  56.6536924839
singleTop hist info:
    nEvents =  271.0
    integral =  28.6697306633
TTV hist info:
    nEvents =  22907.0
    integral =  10.4724898934
bkgSum hist info:
    nEvents =  24404.0
    integral =  110.035542488
ttbar scalar hist info:
    nEvents =  1318.0
    integral =  15.9122651815
VV hist info:
    nEvents =  86.0
    integral =  1.32612542436
QCD hist info:
    nEvents =  2.0
    integral =  0.0115318346507
ZTo2L hist info:
    nEvents =  33.0
    integral =  0.0507990843616
data hist info:
    nEvents =  180.0
    integral =  114.0
WPlusJets hist info:
    nEvents =  239.0
    integral =  2.44897441566
TTToSemiLepton hist info:
    nEvents =  560.0
    integral =  10.3094339669
Finished filling histograms
Creating stacked MC background histogram...
Finished stacking MC background histograms.
Drawing histograms...
Finished drawing histograms
Drawing ratio plot...
Plotting end time: 2022-12-20 17:32:58.456363
