plots/plotv2.py:936: SyntaxWarning: name 'counter' is used prior to global declaration
  global counter
Plotting start time: 2022-06-20 22:34:03.177820
Cut name =  AH0l2bSR
MC Selection Cuts =  (nVetoElectrons + nLooseMuons) == 0 && njets >= 3 && nbjets >= 2 && METcorrected_pt >= 250 && ntaus == 0 && minDeltaPhi > 0.4 && Flag_goodVertices && Flag_globalSuperTightHalo2016Filter && Flag_HBHENoiseFilter && Flag_HBHENoiseIsoFilter && Flag_EcalDeadCellTriggerPrimitiveFilter && Flag_BadPFMuonFilter && Flag_ecalBadCalibFilterV2 && (HLT_PFMETNoMu120_PFMHTNoMu120_IDTight || HLT_PFMETNoMu120_PFMHTNoMu120_IDTight_PFHT60) && PV_npvsGood > 0 && PV_ndof > 4 && abs(PV_z) < 24 && sqrt(pow(PV_x,2)+pow(PV_y,2)) < 2 && ((METcorrected_phi <= -1.62) || (METcorrected_phi >= -0.82)) && minDeltaPhi12 >= 0.8 && M_Tb >= 140 && jet1p_TH_T <= 0.5 && noB2Bleadingfjet
Data Selection Cuts =  (nVetoElectrons + nLooseMuons) == 0 && njets >= 3 && nbjets >= 2 && METcorrected_pt >= 250 && ntaus == 0 && minDeltaPhi > 0.4 && Flag_goodVertices && Flag_globalSuperTightHalo2016Filter && Flag_HBHENoiseFilter && Flag_HBHENoiseIsoFilter && Flag_EcalDeadCellTriggerPrimitiveFilter && Flag_BadPFMuonFilter && Flag_ecalBadCalibFilterV2 && (HLT_PFMETNoMu120_PFMHTNoMu120_IDTight || HLT_PFMETNoMu120_PFMHTNoMu120_IDTight_PFHT60) && PV_npvsGood > 0 && PV_ndof > 4 && abs(PV_z) < 24 && sqrt(pow(PV_x,2)+pow(PV_y,2)) < 2 && ((METcorrected_phi <= -1.62) || (METcorrected_phi >= -0.82)) && minDeltaPhi12 >= 0.8 && M_Tb >= 140 && jet1p_TH_T <= 0.5 && noB2Bleadingfjet && Flag_eeBadScFilter
var =  METcorrected_pt
year =  2018
lumi =  11.948
saveDirectory =  plots/SR_2018/METcorrected_pt/
date =  06_20_2022
applying HEM fix for 2018...
partially unblinding 1/5 data...
Creating histograms..
Histogram options: 
    nbins =  15
    xmin =  250
    xmax =  550
    auto_y =  True
    doLogPlot =  True
    drawData =  True
    mediatorType =  scalar
    mchi =  1
    mphi =  100
    normalizePlots =  False
    useCentralSamples =  True
    doBinned =  False
    savePlots =  True
    combineEleMu =  True
    doSys =  False
    doSysFirstHalf =  False
    doSysSecondHalf =  False
    drawOverflow =  True
    drawUnderflow =  False
    plotSys =  False
    plotSysVar =  CMS_HF_W
    plotSysSignal =  False
Drawing data and ratio plot...
Selected MET dataset
Loading data sample root files and event trees...
    ----Loading /hdfs/store/user/vshang/MET_Run2018A/MET/ModuleCommonSkim_06102022/tree_all.root
    nevents in filepath = /hdfs/store/user/vshang/MET_Run2018A/MET/ModuleCommonSkim_06102022/tree_all.root: 477672
    ----Loading /hdfs/store/user/vshang/MET_Run2018B/MET/ModuleCommonSkim_06102022/tree_all.root
    nevents in filepath = /hdfs/store/user/vshang/MET_Run2018B/MET/ModuleCommonSkim_06102022/tree_all.root: 240395
    ----Loading /hdfs/store/user/vshang/MET_Run2018C/MET/ModuleCommonSkim_06102022/tree_all.root
    nevents in filepath = /hdfs/store/user/vshang/MET_Run2018C/MET/ModuleCommonSkim_06102022/tree_all.root: 360265
    ----Loading /hdfs/store/user/vshang/MET_Run2018D/MET/ModuleCommonSkim_06102022/tree_all.root
    nevents in filepath = /hdfs/store/user/vshang/MET_Run2018D/MET/ModuleCommonSkim_06102022/tree_all.root: 1875529
    total nevents in  MET :  2953861
Got data sample root files and event trees
Loading MC sample root files and event trees...
    ----Loading HT600To800
    nevents in  ZTo2Nu   HT600To800 :  5748975
    ----Loading HT1200To2500
    nevents in  ZTo2Nu   HT1200To2500 :  343198
    ----Loading HT100To200
    nevents in  ZTo2Nu   HT100To200 :  23702894
    ----Loading HT2500ToInf
    nevents in  ZTo2Nu   HT2500ToInf :  359639
    ----Loading HT800To1200
    nevents in  ZTo2Nu   HT800To1200 :  2066798
    ----Loading HT200To400
    nevents in  ZTo2Nu   HT200To400 :  23276346
    ----Loading HT400To600
    nevents in  ZTo2Nu   HT400To600 :  9511100
    ----Loading tWChan_MChi1_MPhi100_scalar
    nevents in  tbar scalar   tWChan_MChi1_MPhi100_scalar :  250000
    ----Loading tChan_MChi1_MPhi100_scalar
    nevents in  tbar scalar   tChan_MChi1_MPhi100_scalar :  541000
    ----Loading WWTo1L1Nu2Q
    nevents in  WW   WWTo1L1Nu2Q :  4683136
    ----Loading WWTo4Q
    neInfo in <TCanvas::MakeDefCanvas>:  created default TCanvas with name c1
vents in  WW   WWTo4Q :  3790800
    ----Loading WWTo2L2Nu
    nevents in  WW   WWTo2L2Nu :  7758900
    ----Loading TTToSemiLepton
    nevents in  ttbarPlusJets   TTToSemiLepton :  300619998
    ----Loading TTTo2L2Nu
    nevents in  ttbarPlusJets   TTTo2L2Nu :  64310000
    ----Loading ttDM_MChi1_MPhi100_scalar
    nevents in  ttbar scalar   ttDM_MChi1_MPhi100_scalar :  1842523
    ----Loading ZZTo2Q2Nu
    nevents in  ZZ   ZZTo2Q2Nu :  57633049
    ----Loading ZZTo4L
    nevents in  ZZ   ZZTo4L :  124649500
    ----Loading ZZTo2L2Q
    nevents in  ZZ   ZZTo2L2Q :  27900469
    ----Loading ZZTo2L2Nu
    nevents in  ZZ   ZZTo2L2Nu :  56428600
    ----Loading Pt50to80
    nevents in  QCD   Pt50to80 :  25580000
    ----Loading Pt2400to3200
    nevents in  QCD   Pt2400to3200 :  2394000
    ----Loading Pt30to50
    nevents in  QCD   Pt30to50 :  18488000
    ----Loading Pt470to600
    nevents in  QCD   Pt470to600 :  42459973
    ----Loading Pt300to470
    nevents in  QCD   Pt300to470 :  41744000
    ----Loading Pt170to300
    nevents in  QCD   Pt170to300 :  29710000
    ----Loading Pt800to1000
    nevents in  QCD   Pt800to1000 :  36062000
    ----Loading Pt600to800
    nevents in  QCD   Pt600to800 :  64061000
    ----Loading Pt120to170
    nevents in  QCD   Pt120to170 :  25255000
    ----Loading Pt1000to1400
    nevents in  QCD   Pt1000to1400 :  18485000
    ----Loading Pt1400to1800
    nevents in  QCD   Pt1400to1800 :  6928000
    ----Loading Pt15to30
    nevents in  QCD   Pt15to30 :  19451000
    ----Loading Pt3200toInf
    nevents in  QCD   Pt3200toInf :  925000
    ----Loading Pt80to120
    nevents in  QCD   Pt80to120 :  29535000
    ----Loading Pt1800to2400
    nevents in  QCD   Pt1800to2400 :  4017800
    ----Loading WZTo2Q2Nu
    nevents in  WZ   WZTo2Q2Nu :  30887331
    ----Loading WZTo2L2Q
    nevents in  WZ   WZTo2L2Q :  28193648
    ----Loading WZTo3LNu
    nevents in  WZ   WZTo3LNu :  11248318
    ----Loading WZTo1L3Nu
    nevents in  WZ   WZTo1L3Nu :  1690064
    ----Loading WZTo1L1Nu2Q
    nevents in  WZ   WZTo1L1Nu2Q :  18273533
    ----Loading TTZToQQ
    nevents in  TTV   TTZToQQ :  9572000
    ----Loading TTWJetsToLNu
    nevents in  TTV   TTWJetsToLNu :  4911941
    ----Loading TTWJetsToQQ
    nevents in  TTV   TTWJetsToQQ :  835296
    ----Loading TTZToLLNuNu
    nevents in  TTV   TTZToLLNuNu :  13280000
    ----Loading HT600To800
    nevents in  ZTo2L   HT600To800 :  8862104
    ----Loading HT1200To2500
    nevents in  ZTo2L   HT1200To2500 :  536416
    ----Loading HT100To200
    nevents in  ZTo2L   HT100To200 :  11530510
    ----Loading HT2500ToInf
    nevents in  ZTo2L   HT2500ToInf :  427051
    ----Loading HT800To1200
    nevents in  ZTo2L   HT800To1200 :  3138129
    ----Loading HT200To400
    nevents in  ZTo2L   HT200To400 :  10860690
    ----Loading HT400To600
    nevents in  ZTo2L   HT400To600 :  46161988
    ----Loading ST_s-channel
    nevents in  singleTop   ST_s-channel :  19890000
    ----Loading ST_t-channel_antitop
    nevents in  singleTop   ST_t-channel_antitop :  79090800
    ----Loading ST_tW_top
    nevents in  singleTop   ST_tW_top :  9598000
    ----Loading ST_t-channel_top
    nevents in  singleTop   ST_t-channel_top :  154307600
    ----Loading ST_tW_antitop
    nevents in  singleTop   ST_tW_antitop :  7527000
    ----Loading HT200To400
    nevents in  WPlusJets   HT200To400 :  25468933
    ----Loading HT70To100
    nevents in  WPlusJets   HT70To100 :  28084244
    ----Loading HT600To800
    nevents in  WPlusJets   HT600To800 :  19771294
    ----Loading HT1200To2500
    nevents in  WPlusJets   HT1200To2500 :  7633949
    ----Loading HT100To200
    nevents in  WPlusJets   HT100To200 :  29425374
    ----Loading HT400To600
    nevents in  WPlusJets   HT400To600 :  5932701
    ----Loading HT2500ToInf
    nevents in  WPlusJets   HT2500ToInf :  3273980
    ----Loading HT800To1200
    nevents in  WPlusJets   HT800To1200 :  8402687
Got MC sample root files and event trees
Filling data histograms...
  Dataset =  MET  ||   nEvents =  2953861
    hist nEntries =  244.0
    hist integral =  2TFile::Append:0: RuntimeWarning: Replacing existing TH1: hist (Potential memory leak).
TFile::Append:0: RuntimeWarning: Replacing existing TH1: hist (Potential memory leak).
TFile::Append:0: RuntimeWarning: Replacing existing TH1: hist (Potential memory leak).
TFile::Append:0: RuntimeWarning: Replacing existing TH1: hist (Potential memory leak).
TFile::Append:0: RuntimeWarning: Replacing existing TH1: hist (Potential memory leak).
TFile::Append:0: RuntimeWarning: Replacing existing TH1: hist (Potential memory leak).
TFile::Append:0: RuntimeWarning: Replacing existing TH1: hist (Potential memory leak).
TFile::Append:0: RuntimeWarning: Replacing existing TH1: hist (Potential memory leak).
TFile::Append:0: RuntimeWarning: Replacing existing TH1: hist (Potential memory leak).
TFile::Append:0: RuntimeWarning: Replacing existing TH1: hist (Potential memory leak).
TFile::Append:0: RuntimeWarning: Replacing existing TH1: hist (Potential memory leak).
TFile::Append:0: RuntimeWarning: Replacing existing TH1: hist (Potential memory leak).
TFile::Append:0: RuntimeWarning: Replacing existing TH1: hist (Potential memory leak).
TFile::Append:0: RuntimeWarning: Replacing existing TH1: hist (Potential memory leak).
TFile::Append:0: RuntimeWarning: Replacing existing TH1: hist (Potential memory leak).
TFile::Append:0: RuntimeWarning: Replacing existing TH1: hist (Potential memory leak).
TFile::Append:0: RuntimeWarning: Replacing existing TH1: hist (Potential memory leak).
TFile::Append:0: RuntimeWarning: Replacing existing TH1: hist (Potential memory leak).
TFile::Append:0: RuntimeWarning: Replacing existing TH1: hist (Potential memory leak).
TFile::Append:0: RuntimeWarning: Replacing existing TH1: hist (Potential memory leak).
TFile::Append:0: RuntimeWarning: Replacing existing TH1: hist (Potential memory leak).
TFile::Append:0: RuntimeWarning: Replacing existing TH1: hist (Potential memory leak).
TFile::Append:0: RuntimeWarning: Replacing existing TH1: hist (Potential memory leak).
TFile::Append:0: RuntimeWarning: Replacing existing TH1: hist (Potential memory leak).
TFile::Append:0: RuntimeWarning: Replacing existing TH1: hist (Potential memory leak).
TFile::Append:0: RuntimeWarning: Replacing existing TH1: hist (Potential memory leak).
TFile::Append:0: RuntimeWarning: Replacing existing TH1: hist (Potential memory leak).
TFile::Append:0: RuntimeWarning: Replacing existing TH1: hist (Potential memory leak).
44.0
    hist_data nEntries =  244.0
    hist_data integral =  244.0
    hist nEntries =  116.0
    hist integral =  116.0
    hist_data nEntries =  360.0
    hist_data integral =  360.0
    hist nEntries =  136.0
    hist integral =  136.0
    hist_data nEntries =  496.0
    hist_data integral =  496.0
    hist nEntries =  604.0
    hist integral =  604.0
    hist_data nEntries =  1100.0
    hist_data integral =  1100.0
Filling MC histograms...
  Process =  ZTo2Nu
      Dataset =  HT600To800  ||   nEvents =  5748975
Applied ZTo2Nu qcd/ewk Weights correctly
          hist nEntries =  3710.0
          hist integral =  23.6523908079
      Dataset =  HT1200To2500  ||   nEvents =  343198
Applied ZTo2Nu qcd/ewk Weights correctly
          hist nEntries =  290.0
          hist integral =  2.90565415705
      Dataset =  HT100To200  ||   nEvents =  23702894
Applied ZTo2Nu qcd/ewk Weights correctly
          hist nEntries =  1.0
          hist integral =  0.154507026076
      Dataset =  HT2500ToInf  ||   nEvents =  359639
Applied ZTo2Nu qcd/ewk Weights correctly
          hist nEntries =  149.0
          hist integral =  0.0233163069206
      Dataset =  HT800To1200  ||   nEvents =  2066798
Applied ZTo2Nu qcd/ewk Weights correctly
          hist nEntries =  1603.0
          hist integral =  12.6590174735
      Dataset =  HT200To400  ||   nEvents =  23276346
Applied ZTo2Nu qcd/ewk Weights correctly
          hist nEntries =  1031.0
          hist integral =  54.1077206731
      Dataset =  HT400To600  ||   nEvents =  9511100
Applied ZTo2Nu qcd/ewk Weights correctly
          hist nEntries =  3767.0
          hist integral =  62.1685905531
  Process =  tbar scalar
      Dataset =  tWChan_MChi1_MPhi100_scalar  ||   nEvents =  250000
          hist nEntries =  1799.0
          hist integral =  4.26817195117
      Dataset =  tChan_MChi1_MPhi100_scalar  ||   nEvents =  541000
          hist nEntries =  2763.0
          hist integral =  15.2937272042
  Process =  WW
      Dataset =  WWTo1L1Nu2Q  ||   nEvents =  4683136
          hist nEntries =  12.0
          hist integral =  3.38896335661
      Dataset =  WWTo4Q  ||   nEvents =  3790800
          hist nEntries =  0.0
          hist integral =  0.0
      Dataset =  WWTo2L2Nu  ||   nEvents =  7758900
          hist nEntries =  7.0
          hist integral =  0.0985049428418
  Process =  ttbarPlusJets
      Dataset =  TTToSemiLepton  ||   nEvents =  300619998
          hist nEntries =  50118.0
          hist integral =  637.965029538
      Dataset =  TTTo2L2Nu  ||   nEvents =  64310000
          hist nEntries =  3222.0
          hist integral =  47.0160914212
  Process =  ttbar scalar
      Dataset =  ttDM_MChi1_MPhi100_scalar  ||   nEvents =  1842523
          hist nEntries =  10024.0
          hist integral =  41.210372746
  Process =  ZZ
      Dataset =  ZZTo2Q2Nu  ||   nEvents =  57633049
          hist nEntries =  9861.0
          hist integral =  8.10492761061
      Dataset =  ZZTo4L  ||   nEvents =  124649500
          hist nEntries =  2.0
          hist integral =  0.00030558812432
      Dataset =  ZZTo2L2Q  ||   nEvents =  27900469
          hist nEntries =  48.0
          hist integral =  0.0655080401339
      Dataset =  ZZTo2L2Nu  ||   nEvents =  56428600
          hist nEntries =  140.0
          hist integral =  0.0199376096934
  Process =  QCD
      Dataset =  Pt50to80  ||   nEvents =  25580000
          hist nEntries =  0.0
          hist integral =  0.0
      Dataset =  Pt2400to3200  ||   nEvents =  2394000
          hist nEntries =  4.0
          hist integral =  6.57743821648e-05
      Dataset =  Pt30to50  ||   nEvents =  18488000
          hist nEntries =  0.0
          hist integral =  0.0
      Dataset =  Pt470to600  ||   nEvents =  42459973
          hist nEntries =  5.0
          hist integral =  0.987532585859
      Dataset =  Pt300to470  ||   nEvents =  41744000
          hist nEntries =  1.0
          hist integral =  0.922053217888
      Dataset =  Pt170to300  ||   nEvents =  29710000
          hist nEntries =  0.0
          hist integral =  0.0
      Dataset =  PTFile::Append:0: RuntimeWarning: Replacing existing TH1: hist (Potential memory leak).
TFile::Append:0: RuntimeWarning: Replacing existing TH1: hist (Potential memory leak).
TFile::Append:0: RuntimeWarning: Replacing existing TH1: hist (Potential memory leak).
TFile::Append:0: RuntimeWarning: Replacing existing TH1: hist (Potential memory leak).
TFile::Append:0: RuntimeWarning: Replacing existing TH1: hist (Potential memory leak).
TFile::Append:0: RuntimeWarning: Replacing existing TH1: hist (Potential memory leak).
TFile::Append:0: RuntimeWarning: Replacing existing TH1: hist (Potential memory leak).
TFile::Append:0: RuntimeWarning: Replacing existing TH1: hist (Potential memory leak).
TFile::Append:0: RuntimeWarning: Replacing existing TH1: hist (Potential memory leak).
TFile::Append:0: RuntimeWarning: Replacing existing TH1: hist (Potential memory leak).
TFile::Append:0: RuntimeWarning: Replacing existing TH1: hist (Potential memory leak).
TFile::Append:0: RuntimeWarning: Replacing existing TH1: hist (Potential memory leak).
TFile::Append:0: RuntimeWarning: Replacing existing TH1: hist (Potential memory leak).
TFile::Append:0: RuntimeWarning: Replacing existing TH1: hist (Potential memory leak).
TFile::Append:0: RuntimeWarning: Replacing existing TH1: hist (Potential memory leak).
TFile::Append:0: RuntimeWarning: Replacing existing TH1: hist (Potential memory leak).
TFile::Append:0: RuntimeWarning: Replacing existing TH1: hist (Potential memory leak).
TFile::Append:0: RuntimeWarning: Replacing existing TH1: hist (Potential memory leak).
TFile::Append:0: RuntimeWarning: Replacing existing TH1: hist (Potential memory leak).
TFile::Append:0: RuntimeWarning: Replacing existing TH1: hist (Potential memory leak).
TFile::Append:0: RuntimeWarning: Replacing existing TH1: hist (Potential memory leak).
TFile::Append:0: RuntimeWarning: Replacing existing TH1: hist (Potential memory leak).
TFile::Append:0: RuntimeWarning: Replacing existing TH1: hist (Potential memory leak).
TFile::Append:0: RuntimeWarning: Replacing existing TH1: hist (Potential memory leak).
TFile::Append:0: RuntimeWarning: Replacing existing TH1: hist (Potential memory leak).
TFile::Append:0: RuntimeWarning: Replacing existing TH1: hist (Potential memory leak).
TFile::Append:0: RuntimeWarning: Replacing existing TH1: hist (Potential memory leak).
TFile::Append:0: RuntimeWarning: Replacing existing TH1: hist (Potential memory leak).
TFile::Append:0: RuntimeWarning: Replacing existing TH1: hist (Potential memory leak).
TFile::Append:0: RuntimeWarning: Replacing existing TH1: hist (Potential memory leak).
t800to1000  ||   nEvents =  36062000
          hist nEntries =  16.0
          hist integral =  0.152066984214
      Dataset =  Pt600to800  ||   nEvents =  64061000
          hist nEntries =  19.0
          hist integral =  0.481969859451
      Dataset =  Pt120to170  ||   nEvents =  25255000
          hist nEntries =  0.0
          hist integral =  0.0
      Dataset =  Pt1000to1400  ||   nEvents =  18485000
          hist nEntries =  13.0
          hist integral =  0.0589008573443
      Dataset =  Pt1400to1800  ||   nEvents =  6928000
          hist nEntries =  7.0
          hist integral =  0.00645164307207
      Dataset =  Pt15to30  ||   nEvents =  19451000
          hist nEntries =  0.0
          hist integral =  0.0
      Dataset =  Pt3200toInf  ||   nEvents =  925000
          hist nEntries =  2.0
          hist integral =  3.88800822293e-06
      Dataset =  Pt80to120  ||   nEvents =  29535000
          hist nEntries =  0.0
          hist integral =  0.0
      Dataset =  Pt1800to2400  ||   nEvents =  4017800
          hist nEntries =  3.0
          hist integral =  0.000639325982775
  Process =  WZ
      Dataset =  WZTo2Q2Nu  ||   nEvents =  30887331
          hist nEntries =  908.0
          hist integral =  2.40778099373
      Dataset =  WZTo2L2Q  ||   nEvents =  28193648
          hist nEntries =  11.0
          hist integral =  0.0308880058583
      Dataset =  WZTo3LNu  ||   nEvents =  11248318
          hist nEntries =  4.0
          hist integral =  0.0275765277911
      Dataset =  WZTo1L3Nu  ||   nEvents =  1690064
          hist nEntries =  14.0
          hist integral =  0.363542903215
      Dataset =  WZTo1L1Nu2Q  ||   nEvents =  18273533
          hist nEntries =  626.0
          hist integral =  4.32501584291
  Process =  TTV
      Dataset =  TTZToQQ  ||   nEvents =  9572000
          hist nEntries =  3861.0
          hist integral =  2.21999143576
      Dataset =  TTWJetsToLNu  ||   nEvents =  4911941
          hist nEntries =  5912.0
          hist integral =  2.74874268658
      Dataset =  TTWJetsToQQ  ||   nEvents =  835296
          hist nEntries =  239.0
          hist integral =  1.34769893013
      Dataset =  TTZToLLNuNu  ||   nEvents =  13280000
          hist nEntries =  101960.0
          hist integral =  19.7891067564
  Process =  ZTo2L
      Dataset =  HT600To800  ||   nEvents =  8862104
Applied ZTo2L qcd/ewk Weights correctly
          hist nEntries =  70.0
          hist integral =  0.14786169989
      Dataset =  HT1200To2500  ||   nEvents =  536416
Applied ZTo2L qcd/ewk Weights correctly
          hist nEntries =  5.0
          hist integral =  0.0216150765191
      Dataset =  HT100To200  ||   nEvents =  11530510
Applied ZTo2L qcd/ewk Weights correctly
          hist nEntries =  0.0
          hist integral =  0.0
      Dataset =  HT2500ToInf  ||   nEvents =  427051
Applied ZTo2L qcd/ewk Weights correctly
          hist nEntries =  11.0
          hist integral =  0.000990537155303
      Dataset =  HT800To1200  ||   nEvents =  3138129
Applied ZTo2L qcd/ewk Weights correctly
          hist nEntries =  32.0
          hist integral =  0.10572245915
      Dataset =  HT200To400  ||   nEvents =  10860690
Applied ZTo2L qcd/ewk Weights correctly
          hist nEntries =  6.0
          hist integral =  0.334069509059
      Dataset =  HT400To600  ||   nEvents =  46161988
Applied ZTo2L qcd/ewk Weights correctly
          hist nEntries =  199.0
          hist integral =  0.358085577376
  Process =  singleTop
      Dataset =  ST_s-channel  ||   nEvents =  19890000
          hist nEntries =  437.0
          hist integral =  0.819054586347
      Dataset =  ST_t-channel_antitop  ||   nEvents =  79090800
          hist nEntries =  254.0
          hist integral =  2.32996457443
      Dataset =  ST_tW_top  ||   nEvents =  9598000
          hist nEntries =  643.0
          hist integral =  24.43410822
      Dataset =  ST_t-channel_top  ||   nEvents =  154307600
          hist nEntries =  687.0
          hist integral =  5.11592413019
      Dataset =  ST_tW_antitop  ||   nEvents =  7527000
          hist nEntrTFile::Append:0: RuntimeWarning: Replacing existing TH1: hist (Potential memory leak).
TFile::Append:0: RuntimeWarning: Replacing existing TH1: hist (Potential memory leak).
TFile::Append:0: RuntimeWarning: Replacing existing TH1: hist (Potential memory leak).
TFile::Append:0: RuntimeWarning: Replacing existing TH1: hist (Potential memory leak).
TFile::Append:0: RuntimeWarning: Replacing existing TH1: hist (Potential memory leak).
TFile::Append:0: RuntimeWarning: Replacing existing TH1: hist (Potential memory leak).
TFile::Append:0: RuntimeWarning: Replacing existing TH1: hist (Potential memory leak).
TFile::Append:0: RuntimeWarning: Replacing existing TH1: hist (Potential memory leak).
ies =  537.0
          hist integral =  26.3085865006
  Process =  WPlusJets
      Dataset =  HT200To400  ||   nEvents =  25468933
Applied WPlusJets qcd/ewk Weights correctly
          hist nEntries =  84.0
          hist integral =  17.2958904356
      Dataset =  HT70To100  ||   nEvents =  28084244
Applied WPlusJets qcd/ewk Weights correctly
          hist nEntries =  0.0
          hist integral =  0.0
      Dataset =  HT600To800  ||   nEvents =  19771294
Applied WPlusJets qcd/ewk Weights correctly
          hist nEntries =  1242.0
          hist integral =  9.06406386197
      Dataset =  HT1200To2500  ||   nEvents =  7633949
Applied WPlusJets qcd/ewk Weights correctly
          hist nEntries =  880.0
          hist integral =  1.29345658049
      Dataset =  HT100To200  ||   nEvents =  29425374
Applied WPlusJets qcd/ewk Weights correctly
          hist nEntries =  0.0
          hist integral =  0.0
      Dataset =  HT400To600  ||   nEvents =  5932701
Applied WPlusJets qcd/ewk Weights correctly
          hist nEntries =  177.0
          hist integral =  20.234250091
      Dataset =  HT2500ToInf  ||   nEvents =  3273980
Applied WPlusJets qcd/ewk Weights correctly
          hist nEntries =  279.0
          hist integral =  0.00755933233268
      Dataset =  HT800To1200  ||   nEvents =  8402687
Applied WPlusJets qcd/ewk Weights correctly
          hist nEntries =  718.0
          hist integral =  4.91910977662
-----------------------------
Total data background nEvents =  1100.0
Total data background integral =  1100.0
-----------------------------
Total MC background nEvents =  193827.0
Total MC background integral =  1000.99079394
-----------------------------
Total tt+DM signal nEvents =  501.2
Total tt+DM signal integral =  41.2103727818
Total t+DM signal nEvents =  228.1
Total t+DM signal integral =  19.5618990421
-----------------------------
FOM for tt+DM signal =  1.30254129689
FOM for t+DM signal =  0.618295337509
-----------------------------
Data bin errors:
    bin 0: 0.0
    bin 1: 18.8944436277
    bin 2: 15.4596248337
    bin 3: 12.0415945788
    bin 4: 10.0498756211
    bin 5: 8.94427191
    bin 6: 6.63324958071
    bin 7: 6.16441400297
    bin 8: 4.24264068712
    bin 9: 4.12310562562
    bin 10: 3.74165738677
    bin 11: 3.60555127546
    bin 12: 2.0
    bin 13: 2.82842712475
    bin 14: 2.0
    bin 15: 1.73205080757
-----------------------------
MC background bin errors:
    bin 0: 0.0
    bin 1: 3.29887295275
    bin 2: 2.41473962868
    bin 3: 1.80090018836
    bin 4: 1.61035785107
    bin 5: 1.26973461874
    bin 6: 0.992748215967
    bin 7: 0.88976587279
    bin 8: 0.666499247966
    bin 9: 0.481122475137
    bin 10: 0.391638375323
    bin 11: 0.316940513122
    bin 12: 0.304387005746
    bin 13: 0.257896863046
    bin 14: 0.364751354502
    bin 15: 0.174037577276
-----------------------------
tt+DM bin errors:
    bin 0: 0.0
    bin 1: 4.1351865008
    bin 2: 3.6222900857
    bin 3: 3.27336301344
    bin 4: 2.80228046548
    bin 5: 2.44278867974
    bin 6: 2.24433524098
    bin 7: 1.97647912222
    bin 8: 1.69924627653
    bin 9: 1.49336582181
    bin 10: 1.44005714102
    bin 11: 1.13317667041
    bin 12: 1.09217444238
    bin 13: 0.937124867852
    bin 14: 0.872936284957
    bin 15: 0.80690709247
-----------------------------
t+DM bin errors:
    bin 0: 0.0
    bin 1: 2.83731479163
    bin 2: 2.69733660774
    bin 3: 2.19028879151
    bin 4: 2.10610243385
    bin 5: 1.78810254306
    bin 6: 1.74423241828
    bin 7: 1.57508093843
    bin 8: 1.29816946309
    bin 9: 1.26206734254
    bin 10: 1.19131516411
    bin 11: 1.01032533946
    bin 12: 1.01398967386
    bin 13: 0.930235910125
    bin 14: 0.755652935794
    bin 15: 0.675670394989
-----------------------------
ZTo2Nu hist info:
    nEvents =  10551.0
    integral =  155.671198606
tbar scalar hist info:
    nEvents =  228.1
    integral =  19.5618990421
TTTo2L2Nu hist info:
    nEvents =  3222.0
    integral =  47.0160914212
singleTop hist info:
    nEvents =  2558.0
    integral =  59.0076390207
TTV hist info:
    nEvents =  111972.0
    integralInfo in <TCanvas::Print>: png file plots/SR_2018/METcorrected_pt/06_20_2022/AH0l2bSR2018_METcorrected_pt_06_20_2022_withHEMfix_partialUnblind.png has been created
 =  26.105539903
bkgSum hist info:
    nEvents =  193827.0
    integral =  1000.99079394
ttbar scalar hist info:
    nEvents =  501.2
    integral =  41.2103727818
VV hist info:
    nEvents =  11633.0
    integral =  18.832951352
QCD hist info:
    nEvents =  70.0
    integral =  2.60968426001
ZTo2L hist info:
    nEvents =  323.0
    integral =  0.968344861176
data hist info:
    nEvents =  1100.0
    integral =  1100.0
WPlusJets hist info:
    nEvents =  3380.0
    integral =  52.814331457
TTToSemiLepton hist info:
    nEvents =  50118.0
    integral =  637.965029538
Finished filling histograms
Creating stacked MC background histogram...
Finished stacking MC background histograms.
Drawing histograms...
Finished drawing histograms
Drawing ratio plot...
Plotting end time: 2022-06-20 22:38:18.082850
