Plotting start time: 2021-05-27 14:29:33.191853
Cut name =  SL
MC Selection Cuts =  ((nTightElectrons == 1 && nVetoElectrons == 1 && nLooseMuons == 0 && njets >= 2 && nbjets >= 1 && METcorrected_pt >= 250 && Flag_goodVertices && Flag_globalSuperTightHalo2016Filter && Flag_HBHENoiseFilter && Flag_HBHENoiseIsoFilter && Flag_EcalDeadCellTriggerPrimitiveFilter && Flag_BadPFMuonFilter && ((HLT_Ele27_WPTight_Gsf) || (HLT_Ele115_CaloIdVT_GsfTrkIdT || HLT_Photon175))) || (nTightMuons == 1 && nLooseMuons == 1 && nVetoElectrons == 0 && njets >= 2 && nbjets >= 1 && METcorrected_pt >= 250 && Flag_goodVertices && Flag_globalSuperTightHalo2016Filter && Flag_HBHENoiseFilter && Flag_HBHENoiseIsoFilter && Flag_EcalDeadCellTriggerPrimitiveFilter && Flag_BadPFMuonFilter && (HLT_IsoMu24 || HLT_IsoTkMu24)))
Data Selection Cuts =  ((nTightElectrons == 1 && nVetoElectrons == 1 && nLooseMuons == 0 && njets >= 2 && nbjets >= 1 && METcorrected_pt >= 250 && Flag_goodVertices && Flag_globalSuperTightHalo2016Filter && Flag_HBHENoiseFilter && Flag_HBHENoiseIsoFilter && Flag_EcalDeadCellTriggerPrimitiveFilter && Flag_BadPFMuonFilter && ((HLT_Ele27_WPTight_Gsf) || (HLT_Ele115_CaloIdVT_GsfTrkIdT || HLT_Photon175))) || (nTightMuons == 1 && nLooseMuons == 1 && nVetoElectrons == 0 && njets >= 2 && nbjets >= 1 && METcorrected_pt >= 250 && Flag_goodVertices && Flag_globalSuperTightHalo2016Filter && Flag_HBHENoiseFilter && Flag_HBHENoiseIsoFilter && Flag_EcalDeadCellTriggerPrimitiveFilter && Flag_BadPFMuonFilter && (HLT_IsoMu24 || HLT_IsoTkMu24))) && Flag_eeBadScFilter
var =  M_T
year =  2016
lumi =  35.92
saveDirectory =  plots/preselect_2016/
date =  05_26_2021
Creating histograms..
Finished making systematic histogram dictionary
Loading data sample root files and event trees...
Got data sample root files and event trees
Loading MC sample root files and event trees...
    nevents in  ZTo2Nu   HT600To800 :  5693589
    nevents in  ZTo2Nu   HT1200To2500 :  513471
    nevents in  ZTo2Nu   HT100To200 :  24272858
    nevents in  ZTo2Nu   HT2500ToInf :  405030
    nevents in  ZTo2Nu   HT800To1200 :  2170137
    nevents in  ZTo2Nu   HT200To400 :  24761211
    nevents in  ZTo2Nu   HT400To600 :  9862869
    nevents in  tbar scalar   tWChan_Mchi1Mphi100 :  200000
    nevents in  tbar scalar   tChan_Mchi1Mphi100 :  500000
    nevents in  WW   WWTo1L1Nu2Q :  5246469
    nevents in  WW   WWTo4Q :  30324343
    nevents in  WW   WWTo2L2Nu :  1999000
    nevents in  ttbarPlusJets   TTToSemiLepton :  152669800
    nevents in  ttbarPlusJets   TTTo2L2Nu :  79140880
    nevents in  ttbar scalar   ttDM_MChi1_MPhi100_scalar :  2625075
    nevents in  ZZ   ZZTo2Q2Nu :  52855410
    nevents in  ZZ   ZZTo4L :  103121112
    nevents in  ZZ   ZZTo2L2Q :  15462693
    nevents in  ZZ   ZZTo2L2Nu :  52855410
    nevents in  ZZ   ZZTo4Q :  30636849
    nevents in  QCD   HT700To1000 :  37233786
    nevents in  QCD   HT500To700 :  62622029
    nevents in  QCD   HT2000ToInf :  5804179
    nevents in  QCD   HT1000To1500 :  15210939
    nevents in  QCD   HT1500To2000 :  11839357
    nevents in  QCD   HT100To200 :  82293477
    nevents in  QCD   HT300To500 :  54552852
    nevents in  QCD   HT200To300 :  57580393
    nevents in  WZ   WZTo2Q2Nu :  17725159
    nevents in  WZ   WZTo2L2Q :  26445785
    nevents in  WZ   WZTo3LNu :  19993200
    nevents in  WZ   WZTo1L3Nu :  1703772
    nevents in  WZ   WZTo1L1Nu2Q :  24311445
    nevents in  TTV   TTZToQQ :  749400
    nevents in  TTV   TTWJetsToLNu :  5280565
    nevents in  TTV   TTWJetsToQQ :  833298
    nevents in  TTV   TTZToLLNuNu :  13692628
    nevents in  ZTo2L   HT600To800 :  8292957
    nevents in  ZTo2L   HT1200To2500 :  596079
    nevents in  ZTo2L   HT100To200 :  11017086
    nevents in  ZTo2L   HT2500ToInf :  399492
    nevents in  ZTo2L   HT800To1200 :  2673066
    nevents in  ZTo2L   HT200To400 :  9609137
    nevents in  ZTo2L   HT400To600 :  9725661
    nevents in  singleTop   ST_s-channel :  1000000
    nevents in  singleTop   ST_t-channel_antitop :  38811017
    nevents in  singleTop   ST_tW_top :  6952830
    nevents in  singlInfo in <TCanvas::MakeDefCanvas>:  created default TCanvas with name c1
TFile::Append:0: RuntimeWarning: Replacing existing TH1: hist (Potential memory leak).
TFile::Append:0: RuntimeWarning: Replacing existing TH1: hist (Potential memory leak).
TFile::Append:0: RuntimeWarning: Replacing existing TH1: hist (Potential memory leak).
TFile::Append:0: RuntimeWarning: Replacing existing TH1: hist (Potential memory leak).
TFile::Append:0: RuntimeWarning: Replacing existing TH1: hist (Potential memory leak).
TFile::Append:0: RuntimeWarning: Replacing existing TH1: hist (Potential memory leak).
TFile::Append:0: RuntimeWarning: Replacing existing TH1: hist (Potential memory leak).
TFile::Append:0: RuntimeWarning: Replacing existing TH1: hist (Potential memory leak).
TFile::Append:0: RuntimeWarning: Replacing existing TH1: hist (Potential memory leak).
TFile::Append:0: RuntimeWarning: Replacing existing TH1: hist (Potential memory leak).
TFile::Append:0: RuntimeWarning: Replacing existing TH1: hist (Potential memory leak).
TFile::Append:0: RuntimeWarning: Replacing existing TH1: hist (Potential memory leak).
TFile::Append:0: RuntimeWarning: Replacing existing TH1: hist (Potential memory leak).
TFile::Append:0: RuntimeWarning: Replacing existing TH1: hist (Potential memory leak).
TFile::Append:0: RuntimeWarning: Replacing existing TH1: hist (Potential memory leak).
TFile::Append:0: RuntimeWarning: Replacing existing TH1: hist (Potential memory leak).
TFile::Append:0: RuntimeWarning: Replacing existing TH1: hist (Potential memory leak).
TFile::Append:0: RuntimeWarning: Replacing existing TH1: hist (Potential memory leak).
TFile::Append:0: RuntimeWarning: Replacing existing TH1: hist (Potential memory leak).
TFile::Append:0: RuntimeWarning: Replacing existing TH1: hist (Potential memory leak).
TFile::Append:0: RuntimeWarning: Replacing existing TH1: hist (Potential memory leak).
TFile::Append:0: RuntimeWarning: Replacing existing TH1: hist (Potential memory leak).
TFile::Append:0: RuntimeWarning: Replacing existing TH1: hist (Potential memory leak).
eTop   ST_t-channel_top :  58403420
    nevents in  singleTop   ST_tW_antitop :  6933094
    nevents in  WPlusJets   HT200To400 :  38984322
    nevents in  WPlusJets   HT70To100 :  10020533
    nevents in  WPlusJets   HT600To800 :  18687480
    nevents in  WPlusJets   HT1200To2500 :  6872441
    nevents in  WPlusJets   HT100To200 :  78043017
    nevents in  WPlusJets   HT400To600 :  7687800
    nevents in  WPlusJets   HT2500ToInf :  3285704
    nevents in  WPlusJets   HT800To1200 :  7830536
Got MC sample root files and event trees
Filling histograms...
  Process =  ZTo2Nu
      Dataset =  HT600To800  ||   nEvents =  5693589
Applied ZTo2Nu qcd/ewk Weights correctly
          hist nEntries =  30.0
          hist integral =  0.512395184487
      Dataset =  HT1200To2500  ||   nEvents =  513471
Applied ZTo2Nu qcd/ewk Weights correctly
          hist nEntries =  16.0
          hist integral =  0.393797341734
      Dataset =  HT100To200  ||   nEvents =  24272858
Applied ZTo2Nu qcd/ewk Weights correctly
          hist nEntries =  1.0
          hist integral =  0.518428981304
      Dataset =  HT2500ToInf  ||   nEvents =  405030
Applied ZTo2Nu qcd/ewk Weights correctly
          hist nEntries =  6.0
          hist integral =  0.00370753684547
      Dataset =  HT800To1200  ||   nEvents =  2170137
Applied ZTo2Nu qcd/ewk Weights correctly
          hist nEntries =  24.0
          hist integral =  0.515146331862
      Dataset =  HT200To400  ||   nEvents =  24761211
Applied ZTo2Nu qcd/ewk Weights correctly
          hist nEntries =  3.0
          hist integral =  0.381948061287
      Dataset =  HT400To600  ||   nEvents =  9862869
Applied ZTo2Nu qcd/ewk Weights correctly
          hist nEntries =  24.0
          hist integral =  1.10342392977
  Process =  tbar scalar
      Dataset =  tWChan_Mchi1Mphi100  ||   nEvents =  200000
          hist nEntries =  4863.0
          hist integral =  43.3266522884
      Dataset =  tChan_Mchi1Mphi100  ||   nEvents =  500000
          hist nEntries =  2322.0
          hist integral =  42.1961014271
  Process =  WW
      Dataset =  WWTo1L1Nu2Q  ||   nEvents =  5246469
          hist nEntries =  973.0
          hist integral =  315.642512739
      Dataset =  WWTo4Q  ||   nEvents =  30324343
          hist nEntries =  0.0
          hist integral =  0.0
      Dataset =  WWTo2L2Nu  ||   nEvents =  1999000
          hist nEntries =  289.0
          hist integral =  61.9230155945
  Process =  ttbarPlusJets
      Dataset =  TTToSemiLepton  ||   nEvents =  152669800
          hist nEntries =  212007.0
          hist integral =  16819.0791918
      Dataset =  TTTo2L2Nu  ||   nEvents =  79140880
          hist nEntries =  138745.0
          hist integral =  5047.59968567
  Process =  ttbar scalar
      Dataset =  ttDM_MChi1_MPhi100_scalar  ||   nEvents =  2625075
          hist nEntries =  28045.0
          hist integral =  257.438035965
  Process =  ZZ
      Dataset =  ZZTo2Q2Nu  ||   nEvents =  52855410
          hist nEntries =  5110.0
          hist integral =  13.4831473231
      Dataset =  ZZTo4L  ||   nEvents =  103121112
          hist nEntries =  406.0
          hist integral =  0.171302444767
      Dataset =  ZZTo2L2Q  ||   nEvents =  15462693
          hist nEntries =  648.0
          hist integral =  4.53444423899
      Dataset =  ZZTo2L2Nu  ||   nEvents =  52855410
          hist nEntries =  5110.0
          hist integral =  1.88230124116
      Dataset =  ZZTo4Q  ||   nEvents =  30636849
          hist nEntries =  0.0
          hist integral =  0.0
  Process =  QCD
      Dataset =  HT700To1000  ||   nEvents =  37233786
          hist nEntries =  2.0
          hist integral =  13.3803973198
      Dataset =  HT500To700  ||   nEvents =  62622029
          hist nEntries =  0.0
          hist integral =  0.0
      Dataset =  HT2000ToInf  ||   nEvents =  5804179
          hist nEntries =  33.0
          hist integral =  5.32457946241
      Dataset =  HT1000To1500  ||   nEvents =  15210939
          hist nEntries =  14.0
          hist integral =  39.3164572716
      Dataset =  HT1500To2000  ||   nEvents = TFile::Append:0: RuntimeWarning: Replacing existing TH1: hist (Potential memory leak).
TFile::Append:0: RuntimeWarning: Replacing existing TH1: hist (Potential memory leak).
TFile::Append:0: RuntimeWarning: Replacing existing TH1: hist (Potential memory leak).
TFile::Append:0: RuntimeWarning: Replacing existing TH1: hist (Potential memory leak).
TFile::Append:0: RuntimeWarning: Replacing existing TH1: hist (Potential memory leak).
TFile::Append:0: RuntimeWarning: Replacing existing TH1: hist (Potential memory leak).
TFile::Append:0: RuntimeWarning: Replacing existing TH1: hist (Potential memory leak).
TFile::Append:0: RuntimeWarning: Replacing existing TH1: hist (Potential memory leak).
TFile::Append:0: RuntimeWarning: Replacing existing TH1: hist (Potential memory leak).
TFile::Append:0: RuntimeWarning: Replacing existing TH1: hist (Potential memory leak).
TFile::Append:0: RuntimeWarning: Replacing existing TH1: hist (Potential memory leak).
TFile::Append:0: RuntimeWarning: Replacing existing TH1: hist (Potential memory leak).
TFile::Append:0: RuntimeWarning: Replacing existing TH1: hist (Potential memory leak).
TFile::Append:0: RuntimeWarning: Replacing existing TH1: hist (Potential memory leak).
TFile::Append:0: RuntimeWarning: Replacing existing TH1: hist (Potential memory leak).
TFile::Append:0: RuntimeWarning: Replacing existing TH1: hist (Potential memory leak).
TFile::Append:0: RuntimeWarning: Replacing existing TH1: hist (Potential memory leak).
TFile::Append:0: RuntimeWarning: Replacing existing TH1: hist (Potential memory leak).
TFile::Append:0: RuntimeWarning: Replacing existing TH1: hist (Potential memory leak).
TFile::Append:0: RuntimeWarning: Replacing existing TH1: hist (Potential memory leak).
TFile::Append:0: RuntimeWarning: Replacing existing TH1: hist (Potential memory leak).
TFile::Append:0: RuntimeWarning: Replacing existing TH1: hist (Potential memory leak).
TFile::Append:0: RuntimeWarning: Replacing existing TH1: hist (Potential memory leak).
TFile::Append:0: RuntimeWarning: Replacing existing TH1: hist (Potential memory leak).
TFile::Append:0: RuntimeWarning: Replacing existing TH1: hist (Potential memory leak).
TFile::Append:0: RuntimeWarning: Replacing existing TH1: hist (Potential memory leak).
TFile::Append:0: RuntimeWarning: Replacing existing TH1: hist (Potential memory leak).
TFile::Append:0: RuntimeWarning: Replacing existing TH1: hist (Potential memory leak).
 11839357
          hist nEntries =  50.0
          hist integral =  16.8572731018
      Dataset =  HT100To200  ||   nEvents =  82293477
          hist nEntries =  0.0
          hist integral =  0.0
      Dataset =  HT300To500  ||   nEvents =  54552852
          hist nEntries =  0.0
          hist integral =  0.0
      Dataset =  HT200To300  ||   nEvents =  57580393
          hist nEntries =  0.0
          hist integral =  0.0
  Process =  WZ
      Dataset =  WZTo2Q2Nu  ||   nEvents =  17725159
          hist nEntries =  6.0
          hist integral =  0.0864293398336
      Dataset =  WZTo2L2Q  ||   nEvents =  26445785
          hist nEntries =  786.0
          hist integral =  5.56282912102
      Dataset =  WZTo3LNu  ||   nEvents =  19993200
          hist nEntries =  1211.0
          hist integral =  9.67095009983
      Dataset =  WZTo1L3Nu  ||   nEvents =  1703772
          hist nEntries =  868.0
          hist integral =  53.215990901
      Dataset =  WZTo1L1Nu2Q  ||   nEvents =  24311445
          hist nEntries =  14280.0
          hist integral =  212.794649839
  Process =  TTV
      Dataset =  TTZToQQ  ||   nEvents =  749400
          hist nEntries =  2316.0
          hist integral =  54.3676561117
      Dataset =  TTWJetsToLNu  ||   nEvents =  5280565
          hist nEntries =  53059.0
          hist integral =  69.1276068687
      Dataset =  TTWJetsToQQ  ||   nEvents =  833298
          hist nEntries =  3395.0
          hist integral =  55.1656242013
      Dataset =  TTZToLLNuNu  ||   nEvents =  13692628
          hist nEntries =  154829.0
          hist integral =  95.3251576424
  Process =  ZTo2L
      Dataset =  HT600To800  ||   nEvents =  8292957
Applied ZTo2L qcd/ewk Weights correctly
          hist nEntries =  4785.0
          hist integral =  31.1088177133
      Dataset =  HT1200To2500  ||   nEvents =  596079
Applied ZTo2L qcd/ewk Weights correctly
          hist nEntries =  834.0
          hist integral =  8.59791597724
      Dataset =  HT100To200  ||   nEvents =  11017086
Applied ZTo2L qcd/ewk Weights correctly
          hist nEntries =  3.0
          hist integral =  1.57585150003
      Dataset =  HT2500ToInf  ||   nEvents =  399492
Applied ZTo2L qcd/ewk Weights correctly
          hist nEntries =  738.0
          hist integral =  0.314848171081
      Dataset =  HT800To1200  ||   nEvents =  2673066
Applied ZTo2L qcd/ewk Weights correctly
          hist nEntries =  2346.0
          hist integral =  21.3611530811
      Dataset =  HT200To400  ||   nEvents =  9609137
Applied ZTo2L qcd/ewk Weights correctly
          hist nEntries =  149.0
          hist integral =  27.3780637681
      Dataset =  HT400To600  ||   nEvents =  9725661
Applied ZTo2L qcd/ewk Weights correctly
          hist nEntries =  2657.0
          hist integral =  63.6127493493
  Process =  singleTop
      Dataset =  ST_s-channel  ||   nEvents =  1000000
          hist nEntries =  599.0
          hist integral =  69.4188652635
      Dataset =  ST_t-channel_antitop  ||   nEvents =  38811017
          hist nEntries =  3061.0
          hist integral =  209.829116933
      Dataset =  ST_tW_top  ||   nEvents =  6952830
          hist nEntries =  8384.0
          hist integral =  1457.45652771
      Dataset =  ST_t-channel_top  ||   nEvents =  58403420
          hist nEntries =  6663.0
          hist integral =  505.177176565
      Dataset =  ST_tW_antitop  ||   nEvents =  6933094
          hist nEntries =  8114.0
          hist integral =  1408.21779633
  Process =  WPlusJets
      Dataset =  HT200To400  ||   nEvents =  38984322
Applied WPlusJets qcd/ewk Weights correctly
          hist nEntries =  2869.0
          hist integral =  1078.92440104
      Dataset =  HT70To100  ||   nEvents =  10020533
Applied WPlusJets qcd/ewk Weights correctly
          hist nEntries =  0.0
          hist integral =  0.0
      Dataset =  HT600To800  ||   nEvents =  18687480
Applied WPlusJets qcd/ewk Weights correctly
          hist nEntries =  55222.0
          hist integral =  1249.61285758
      Dataset =  HT1200To2500  ||   nEvents =  6872441
Applied WPlusJets qcTFile::Append:0: RuntimeWarning: Replacing existing TH1: hist (Potential memory leak).
TFile::Append:0: RuntimeWarning: Replacing existing TH1: hist (Potential memory leak).
TFile::Append:0: RuntimeWarning: Replacing existing TH1: hist (Potential memory leak).
TFile::Append:0: RuntimeWarning: Replacing existing TH1: hist (Potential memory leak).
TFile::Append:0: RuntimeWarning: Replacing existing TH1: hist (Potential memory leak).
Info in <TCanvas::Print>: png file plots/preselect_2016/05_26_2021/SL2016_M_T_05_26_2021.png has been created
d/ewk Weights correctly
          hist nEntries =  50042.0
          hist integral =  1390.89127088
      Dataset =  HT100To200  ||   nEvents =  78043017
Applied WPlusJets qcd/ewk Weights correctly
          hist nEntries =  37.0
          hist integral =  29.0341950641
      Dataset =  HT400To600  ||   nEvents =  7687800
Applied WPlusJets qcd/ewk Weights correctly
          hist nEntries =  9269.0
          hist integral =  2241.39963281
      Dataset =  HT2500ToInf  ||   nEvents =  3285704
Applied WPlusJets qcd/ewk Weights correctly
          hist nEntries =  17837.0
          hist integral =  6.95841790736
      Dataset =  HT800To1200  ||   nEvents =  7830536
Applied WPlusJets qcd/ewk Weights correctly
          hist nEntries =  38512.0
          hist integral =  220.358622715
-----------------------------
Total data background nEvents =  0.0
Total data background integral =  0.0
-----------------------------
Total MC background nEvents =  806362.0
Total MC background integral =  32919.1676636
-----------------------------
Total tt+DM signal nEvents =  280.45
Total tt+DM signal integral =  257.438035889
-----------------------------
Total t+DM signal nEvents =  71.85
Total t+DM signal integral =  85.5227548218
-----------------------------
FOM for tt+DM signal =  1.41888857061
FOM for t+DM signal =  0.471364920589
-----------------------------
Data bin errors:
    bin 0: 0.0
    bin 1: 0.0
    bin 2: 0.0
    bin 3: 0.0
    bin 4: 0.0
    bin 5: 0.0
    bin 6: 0.0
    bin 7: 0.0
    bin 8: 0.0
    bin 9: 0.0
    bin 10: 0.0
-----------------------------
MC background bin errors:
    bin 0: 0.0
    bin 1: 37.2069937551
    bin 2: 37.5608961113
    bin 3: 24.9600431048
    bin 4: 8.22903838614
    bin 5: 5.88530860799
    bin 6: 5.56557016058
    bin 7: 4.99656825726
    bin 8: 4.73294710287
    bin 9: 4.41532063602
    bin 10: 3.86177273904
-----------------------------
tt+DM bin errors:
    bin 0: 0.0
    bin 1: 59.194490559
    bin 2: 58.7287424798
    bin 3: 56.0143403391
    bin 4: 52.8194392207
    bin 5: 49.9671999524
    bin 6: 48.3691663125
    bin 7: 42.9998473884
    bin 8: 39.2021345911
    bin 9: 33.3973236043
    bin 10: 29.5481711553
-----------------------------
t+DM bin errors:
    bin 0: 0.0
    bin 1: 29.0928450893
    bin 2: 26.9907548834
    bin 3: 27.935518125
    bin 4: 27.3544996011
    bin 5: 32.2106761764
    bin 6: 35.8205460709
    bin 7: 33.6140231977
    bin 8: 32.937241048
    bin 9: 31.1042075269
    bin 10: 27.681153522
-----------------------------
ZTo2Nu hist info:
    nEvents =  104.0
    integral =  3.42884739488
tbar scalar hist info:
    nEvents =  7185.0
    integral =  8552.27548218
TTTo2L2Nu hist info:
    nEvents =  138745.0
    integral =  5047.59968567
singleTop hist info:
    nEvents =  26821.0
    integral =  3650.09948158
TTV hist info:
    nEvents =  213599.0
    integral =  273.986048698
bkgSum hist info:
    nEvents =  806362.0
    integral =  32919.1676636
ttbar scalar hist info:
    nEvents =  28045.0
    integral =  25743.8035889
VV hist info:
    nEvents =  29687.0
    integral =  678.967559814
QCD hist info:
    nEvents =  99.0
    integral =  74.8787099868
ZTo2L hist info:
    nEvents =  11512.0
    integral =  153.949396312
data hist info:
    nEvents =  0.0
    integral =  0.0
WPlusJets hist info:
    nEvents =  173788.0
    integral =  6217.17918491
TTToSemiLepton hist info:
    nEvents =  212007.0
    integral =  16819.0791918
Finished filling histograms
Creating stacked MC background histogram...
Finished stacking MC background histograms.
Drawing histograms...
Finished drawing histograms
Plotting end time: 2021-05-27 14:33:01.154476
