Plotting start time: 2021-08-26 15:08:26.289514
Cut name =  AH0lQR
MC Selection Cuts =  (nVetoElectrons + nLooseMuons) == 0 && njets >= 3 && nbjets >= 1 && METcorrected_pt >= 250 && ntaus == 0 && minDeltaPhi12 <= 0.8 && Flag_goodVertices && Flag_globalSuperTightHalo2016Filter && Flag_HBHENoiseFilter && Flag_HBHENoiseIsoFilter && Flag_EcalDeadCellTriggerPrimitiveFilter && Flag_BadPFMuonFilter && (HLT_PFMETNoMu120_PFMHTNoMu120_IDTight) && nfjets >= 1
Data Selection Cuts =  (nVetoElectrons + nLooseMuons) == 0 && njets >= 3 && nbjets >= 1 && METcorrected_pt >= 250 && ntaus == 0 && minDeltaPhi12 <= 0.8 && Flag_goodVertices && Flag_globalSuperTightHalo2016Filter && Flag_HBHENoiseFilter && Flag_HBHENoiseIsoFilter && Flag_EcalDeadCellTriggerPrimitiveFilter && Flag_BadPFMuonFilter && (HLT_PFMETNoMu120_PFMHTNoMu120_IDTight) && nfjets >= 1 && Flag_eeBadScFilter
var =  Jet_phi[index_centralJets[0]]
year =  2016
lumi =  35.92
saveDirectory =  plots/2018_QCDCR_debugging/RunII_plots/
date =  08_25_2021
Creating histograms..
Finished making systematic histogram dictionary
Drawing data and ratio plot...
Selected MET dataset
Loading data sample root files and event trees...
    nevents in filepath = /hdfs/store/user/vshang/MET_Run2016B/MET/ModuleCommonSkim_07152021/tree_all.root: 182912
    nevents in filepath = /hdfs/store/user/vshang/MET_Run2016C/MET/ModuleCommonSkim_07152021/tree_all.root: 80259
    nevents in filepath = /hdfs/store/user/vshang/MET_Run2016D/MET/ModuleCommonSkim_07152021/tree_all.root: 131680
    nevents in filepath = /hdfs/store/user/vshang/MET_Run2016E/MET/ModuleCommonSkim_07152021/tree_all.root: 127112
    nevents in filepath = /hdfs/store/user/vshang/MET_Run2016F/MET/ModuleCommonSkim_07152021/tree_all.root: 100492
    nevents in filepath = /hdfs/store/user/vshang/MET_Run2016G/MET/ModuleCommonSkim_07152021/tree_all.root: 234544
    nevents in filepath = /hdfs/store/user/vshang/MET_Run2016H/MET/ModuleCommonSkim_07152021/tree_all.root: 262704
    total nevents in  MET :  1119703
Got data sample root files and event trees
Loading MC sample root files and event trees...
    nevents in  ZTo2Nu   HT600To800 :  5693589
    nevents in  ZTo2Nu   HT1200To2500 :  513471
    nevents in  ZTo2Nu   HT100To200 :  24272858
    nevents in  ZTo2Nu   HT2500ToInf :  405030
    nevents in  ZTo2Nu   HT800To1200 :  2170137
    nevents in  ZTo2Nu   HT200To400 :  24761211
    nevents in  ZTo2Nu   HT400To600 :  9862869
    nevents in  tbar scalar   tWChan_Mchi1Mphi100 :  200000
    nevents in  tbar scalar   tChan_Mchi1Mphi100 :  500000
    nevents in  WW   WWTo1L1Nu2Q :  5246469
    nevents in  WW   WWTo4Q :  30324343
    nevents in  WW   WWTo2L2Nu :  1999000
    nevents in  ttbarPlusJets   TTToSemiLepton :  152669800
    nevents in  ttbarPlusJets   TTTo2L2Nu :  79140880
    nevents in  ttbar scalar   ttDM_MChi1_MPhi100_scalar :  2625075
    nevents in  ZZ   ZZTo2Q2Nu :  52855410
    nevents in  ZZ   ZZTo4L :  103121112
    nevents in  ZZ   ZZTo2L2Q :  15462693
    nevents in  ZZ   ZZTo2L2Nu :  52855410
    nevents in  ZZ   ZZTo4Q :  30636849
    nevents in  QCD   HT700To1000 :  37233786
    nevents in  QCD   HT500To700 :  62622029
    nevents in  QCD   HT2000ToInf :  5804179
    nevents in  QCD   HT1000To1500 :  15210939
    nevents in  QCD   HT1500To2000 :  11839357
    nevents in  QCD   HT100To200 :  82293477
    nevents in  QCD   HT300To500 :  54552852
    nevents in  QCD   HT200To300 :  57580393
    nevents in  WZ   WZTo2Q2Nu :  17725159
    nevents in  WZ   WZTo2L2Q :  26445785
    nevents in  WZ   WZTo3LNu :  19993200
    nevents in  WZ   WZTo1L3Nu :  1703772
    nevents in  WZ   WZTo1L1Nu2Q :  24311445
    nevents in  TTV   TTZToQQ :  749400
    nevents in  TTV   TTWJetsToLNu :  5280565
    nevents in  TTV   TTWJetsToQQ :  833298
    nevents in  TTV   TTZToLLNuNu :  13692628
    nevents in  ZTo2L   HT600To800 :  8292957
    nevents in  ZTo2L   HT1200To2500 :  596079
    nevents in  ZTo2L   HT100To200 :  11017086
    nevents in  ZTo2L   HT2500ToInf :  399492
    nevents in  ZTo2L   HT800To1200 :  2673066
    nevents in  ZTo2L   HT200To4Info in <TCanvas::MakeDefCanvas>:  created default TCanvas with name c1
TFile::Append:0: RuntimeWarning: Replacing existing TH1: hist (Potential memory leak).
TFile::Append:0: RuntimeWarning: Replacing existing TH1: hist (Potential memory leak).
TFile::Append:0: RuntimeWarning: Replacing existing TH1: hist (Potential memory leak).
TFile::Append:0: RuntimeWarning: Replacing existing TH1: hist (Potential memory leak).
TFile::Append:0: RuntimeWarning: Replacing existing TH1: hist (Potential memory leak).
TFile::Append:0: RuntimeWarning: Replacing existing TH1: hist (Potential memory leak).
TFile::Append:0: RuntimeWarning: Replacing existing TH1: hist (Potential memory leak).
TFile::Append:0: RuntimeWarning: Replacing existing TH1: hist (Potential memory leak).
TFile::Append:0: RuntimeWarning: Replacing existing TH1: hist (Potential memory leak).
TFile::Append:0: RuntimeWarning: Replacing existing TH1: hist (Potential memory leak).
TFile::Append:0: RuntimeWarning: Replacing existing TH1: hist (Potential memory leak).
TFile::Append:0: RuntimeWarning: Replacing existing TH1: hist (Potential memory leak).
TFile::Append:0: RuntimeWarning: Replacing existing TH1: hist (Potential memory leak).
TFile::Append:0: RuntimeWarning: Replacing existing TH1: hist (Potential memory leak).
TFile::Append:0: RuntimeWarning: Replacing existing TH1: hist (Potential memory leak).
TFile::Append:0: RuntimeWarning: Replacing existing TH1: hist (Potential memory leak).
TFile::Append:0: RuntimeWarning: Replacing existing TH1: hist (Potential memory leak).
TFile::Append:0: RuntimeWarning: Replacing existing TH1: hist (Potential memory leak).
TFile::Append:0: RuntimeWarning: Replacing existing TH1: hist (Potential memory leak).
TFile::Append:0: RuntimeWarning: Replacing existing TH1: hist (Potential memory leak).
TFile::Append:0: RuntimeWarning: Replacing existing TH1: hist (Potential memory leak).
00 :  9609137
    nevents in  ZTo2L   HT400To600 :  9725661
    nevents in  singleTop   ST_s-channel :  1000000
    nevents in  singleTop   ST_t-channel_antitop :  38811017
    nevents in  singleTop   ST_tW_top :  6952830
    nevents in  singleTop   ST_t-channel_top :  58403420
    nevents in  singleTop   ST_tW_antitop :  6933094
    nevents in  WPlusJets   HT200To400 :  38984322
    nevents in  WPlusJets   HT70To100 :  10020533
    nevents in  WPlusJets   HT600To800 :  18687480
    nevents in  WPlusJets   HT1200To2500 :  6872441
    nevents in  WPlusJets   HT100To200 :  78043017
    nevents in  WPlusJets   HT400To600 :  7687800
    nevents in  WPlusJets   HT2500ToInf :  3285704
    nevents in  WPlusJets   HT800To1200 :  7830536
Got MC sample root files and event trees
Filling histograms...
  Dataset =  MET  ||   nEvents =  1119703
    hist nEntries =  2343.0
    hist integral =  2289.0
    hist_data nEntries =  2343.0
    hist_data integral =  2289.0
    hist nEntries =  1070.0
    hist integral =  1039.0
    hist_data nEntries =  3413.0
    hist_data integral =  3328.0
    hist nEntries =  1629.0
    hist integral =  1588.0
    hist_data nEntries =  5042.0
    hist_data integral =  4916.0
    hist nEntries =  1498.0
    hist integral =  1457.0
    hist_data nEntries =  6540.0
    hist_data integral =  6373.0
    hist nEntries =  1301.0
    hist integral =  1273.0
    hist_data nEntries =  7841.0
    hist_data integral =  7646.0
    hist nEntries =  2790.0
    hist integral =  2725.0
    hist_data nEntries =  10631.0
    hist_data integral =  10371.0
    hist nEntries =  3022.0
    hist integral =  2955.0
    hist_data nEntries =  13653.0
    hist_data integral =  13326.0
  Process =  ZTo2Nu
      Dataset =  HT600To800  ||   nEvents =  5693589
Applied ZTo2Nu qcd/ewk Weights correctly
          hist nEntries =  6466.0
          hist integral =  126.132913828
      Dataset =  HT1200To2500  ||   nEvents =  513471
Applied ZTo2Nu qcd/ewk Weights correctly
          hist nEntries =  2339.0
          hist integral =  57.6854152679
      Dataset =  HT100To200  ||   nEvents =  24272858
Applied ZTo2Nu qcd/ewk Weights correctly
          hist nEntries =  0.0
          hist integral =  0.0
      Dataset =  HT2500ToInf  ||   nEvents =  405030
Applied ZTo2Nu qcd/ewk Weights correctly
          hist nEntries =  1733.0
          hist integral =  1.43087187037
      Dataset =  HT800To1200  ||   nEvents =  2170137
Applied ZTo2Nu qcd/ewk Weights correctly
          hist nEntries =  5391.0
          hist integral =  125.907092094
      Dataset =  HT200To400  ||   nEvents =  24761211
Applied ZTo2Nu qcd/ewk Weights correctly
          hist nEntries =  198.0
          hist integral =  27.9345887899
      Dataset =  HT400To600  ||   nEvents =  9862869
Applied ZTo2Nu qcd/ewk Weights correctly
          hist nEntries =  2818.0
          hist integral =  135.374552965
  Process =  tbar scalar
      Dataset =  tWChan_Mchi1Mphi100  ||   nEvents =  200000
          hist nEntries =  628.0
          hist integral =  5.77993612736
      Dataset =  tChan_Mchi1Mphi100  ||   nEvents =  500000
          hist nEntries =  953.0
          hist integral =  16.7717725933
  Process =  WW
      Dataset =  WWTo1L1Nu2Q  ||   nEvents =  5246469
          hist nEntries =  90.0
          hist integral =  29.1468023822
      Dataset =  WWTo4Q  ||   nEvents =  30324343
          hist nEntries =  16.0
          hist integral =  0.798291701198
      Dataset =  WWTo2L2Nu  ||   nEvents =  1999000
          hist nEntries =  12.0
          hist integral =  2.49521260755
  Process =  ttbarPlusJets
      Dataset =  TTToSemiLepton  ||   nEvents =  152669800
          hist nEntries =  40018.0
          hist integral =  3124.74970245
      Dataset =  TTTo2L2Nu  ||   nEvents =  79140880
          hist nEntries =  10316.0
          hist integral =  367.573634148
  Process =  ttbar scalar
      Dataset =  ttDM_MChi1_MPhi100_scalar  ||   nEvents =  2625075
          hist nEntries =  4878.0
          hist integral =  44.0221304893
  Process =  ZZ
      Dataset =  ZZTo2Q2Nu  ||   nEventTFile::Append:0: RuntimeWarning: Replacing existing TH1: hist (Potential memory leak).
TFile::Append:0: RuntimeWarning: Replacing existing TH1: hist (Potential memory leak).
TFile::Append:0: RuntimeWarning: Replacing existing TH1: hist (Potential memory leak).
TFile::Append:0: RuntimeWarning: Replacing existing TH1: hist (Potential memory leak).
TFile::Append:0: RuntimeWarning: Replacing existing TH1: hist (Potential memory leak).
TFile::Append:0: RuntimeWarning: Replacing existing TH1: hist (Potential memory leak).
TFile::Append:0: RuntimeWarning: Replacing existing TH1: hist (Potential memory leak).
TFile::Append:0: RuntimeWarning: Replacing existing TH1: hist (Potential memory leak).
TFile::Append:0: RuntimeWarning: Replacing existing TH1: hist (Potential memory leak).
TFile::Append:0: RuntimeWarning: Replacing existing TH1: hist (Potential memory leak).
TFile::Append:0: RuntimeWarning: Replacing existing TH1: hist (Potential memory leak).
TFile::Append:0: RuntimeWarning: Replacing existing TH1: hist (Potential memory leak).
TFile::Append:0: RuntimeWarning: Replacing existing TH1: hist (Potential memory leak).
TFile::Append:0: RuntimeWarning: Replacing existing TH1: hist (Potential memory leak).
TFile::Append:0: RuntimeWarning: Replacing existing TH1: hist (Potential memory leak).
TFile::Append:0: RuntimeWarning: Replacing existing TH1: hist (Potential memory leak).
TFile::Append:0: RuntimeWarning: Replacing existing TH1: hist (Potential memory leak).
TFile::Append:0: RuntimeWarning: Replacing existing TH1: hist (Potential memory leak).
TFile::Append:0: RuntimeWarning: Replacing existing TH1: hist (Potential memory leak).
TFile::Append:0: RuntimeWarning: Replacing existing TH1: hist (Potential memory leak).
TFile::Append:0: RuntimeWarning: Replacing existing TH1: hist (Potential memory leak).
TFile::Append:0: RuntimeWarning: Replacing existing TH1: hist (Potential memory leak).
TFile::Append:0: RuntimeWarning: Replacing existing TH1: hist (Potential memory leak).
TFile::Append:0: RuntimeWarning: Replacing existing TH1: hist (Potential memory leak).
TFile::Append:0: RuntimeWarning: Replacing existing TH1: hist (Potential memory leak).
TFile::Append:0: RuntimeWarning: Replacing existing TH1: hist (Potential memory leak).
TFile::Append:0: RuntimeWarning: Replacing existing TH1: hist (Potential memory leak).
TFile::Append:0: RuntimeWarning: Replacing existing TH1: hist (Potential memory leak).
TFile::Append:0: RuntimeWarning: Replacing existing TH1: hist (Potential memory leak).
TFile::Append:0: RuntimeWarning: Replacing existing TH1: hist (Potential memory leak).
s =  52855410
          hist nEntries =  193.0
          hist integral =  0.525374740944
      Dataset =  ZZTo4L  ||   nEvents =  103121112
          hist nEntries =  44.0
          hist integral =  0.0192533131485
      Dataset =  ZZTo2L2Q  ||   nEvents =  15462693
          hist nEntries =  110.0
          hist integral =  0.839136539493
      Dataset =  ZZTo2L2Nu  ||   nEvents =  52855410
          hist nEntries =  193.0
          hist integral =  0.0733443949393
      Dataset =  ZZTo4Q  ||   nEvents =  30636849
          hist nEntries =  92.0
          hist integral =  0.691323377963
  Process =  QCD
      Dataset =  HT700To1000  ||   nEvents =  37233786
          hist nEntries =  240.0
          hist integral =  1365.95091248
      Dataset =  HT500To700  ||   nEvents =  62622029
          hist nEntries =  24.0
          hist integral =  326.077121019
      Dataset =  HT2000ToInf  ||   nEvents =  5804179
          hist nEntries =  3641.0
          hist integral =  570.81635952
      Dataset =  HT1000To1500  ||   nEvents =  15210939
          hist nEntries =  1119.0
          hist integral =  2939.97450256
      Dataset =  HT1500To2000  ||   nEvents =  11839357
          hist nEntries =  3680.0
          hist integral =  1242.39989853
      Dataset =  HT100To200  ||   nEvents =  82293477
          hist nEntries =  0.0
          hist integral =  0.0
      Dataset =  HT300To500  ||   nEvents =  54552852
          hist nEntries =  0.0
          hist integral =  0.0
      Dataset =  HT200To300  ||   nEvents =  57580393
          hist nEntries =  1.0
          hist integral =  0.80089956522
  Process =  WZ
      Dataset =  WZTo2Q2Nu  ||   nEvents =  17725159
          hist nEntries =  1520.0
          hist integral =  19.0153748691
      Dataset =  WZTo2L2Q  ||   nEvents =  26445785
          hist nEntries =  317.0
          hist integral =  2.47980917618
      Dataset =  WZTo3LNu  ||   nEvents =  19993200
          hist nEntries =  77.0
          hist integral =  0.633449727204
      Dataset =  WZTo1L3Nu  ||   nEvents =  1703772
          hist nEntries =  35.0
          hist integral =  2.26035222865
      Dataset =  WZTo1L1Nu2Q  ||   nEvents =  24311445
          hist nEntries =  1229.0
          hist integral =  18.0662927926
  Process =  TTV
      Dataset =  TTZToQQ  ||   nEvents =  749400
          hist nEntries =  557.0
          hist integral =  13.1483259052
      Dataset =  TTWJetsToLNu  ||   nEvents =  5280565
          hist nEntries =  4607.0
          hist integral =  5.94936542213
      Dataset =  TTWJetsToQQ  ||   nEvents =  833298
          hist nEntries =  982.0
          hist integral =  15.9279854596
      Dataset =  TTZToLLNuNu  ||   nEvents =  13692628
          hist nEntries =  26316.0
          hist integral =  15.9105815887
  Process =  ZTo2L
      Dataset =  HT600To800  ||   nEvents =  8292957
Applied ZTo2L qcd/ewk Weights correctly
          hist nEntries =  1682.0
          hist integral =  11.1845059842
      Dataset =  HT1200To2500  ||   nEvents =  596079
Applied ZTo2L qcd/ewk Weights correctly
          hist nEntries =  457.0
          hist integral =  4.55467930436
      Dataset =  HT100To200  ||   nEvents =  11017086
Applied ZTo2L qcd/ewk Weights correctly
          hist nEntries =  0.0
          hist integral =  0.0
      Dataset =  HT2500ToInf  ||   nEvents =  399492
Applied ZTo2L qcd/ewk Weights correctly
          hist nEntries =  322.0
          hist integral =  0.132994054584
      Dataset =  HT800To1200  ||   nEvents =  2673066
Applied ZTo2L qcd/ewk Weights correctly
          hist nEntries =  1236.0
          hist integral =  11.0780305564
      Dataset =  HT200To400  ||   nEvents =  9609137
Applied ZTo2L qcd/ewk Weights correctly
          hist nEntries =  9.0
          hist integral =  1.40104921162
      Dataset =  HT400To600  ||   nEvents =  9725661
Applied ZTo2L qcd/ewk Weights correctly
          hist nEntries =  368.0
          hist integral =  9.35344110429
  Process =  singleTop
      Dataset =  ST_s-channel  ||   nEvents =  1000000
          hist nEntries =  110.0
          TFile::Append:0: RuntimeWarning: Replacing existing TH1: hist (Potential memory leak).
TFile::Append:0: RuntimeWarning: Replacing existing TH1: hist (Potential memory leak).
TFile::Append:0: RuntimeWarning: Replacing existing TH1: hist (Potential memory leak).
TFile::Append:0: RuntimeWarning: Replacing existing TH1: hist (Potential memory leak).
TFile::Append:0: RuntimeWarning: Replacing existing TH1: hist (Potential memory leak).
TFile::Append:0: RuntimeWarning: Replacing existing TH1: hist (Potential memory leak).
TFile::Append:0: RuntimeWarning: Replacing existing TH1: hist (Potential memory leak).
TFile::Append:0: RuntimeWarning: Replacing existing TH1: hist (Potential memory leak).
TFile::Append:0: RuntimeWarning: Replacing existing TH1: hist (Potential memory leak).
TFile::Append:0: RuntimeWarning: Replacing existing TH1: hist (Potential memory leak).
TFile::Append:0: RuntimeWarning: Replacing existing TH1: hist (Potential memory leak).
TFile::Append:0: RuntimeWarning: Replacing existing TH1: hist (Potential memory leak).
hist integral =  12.531806102
      Dataset =  ST_t-channel_antitop  ||   nEvents =  38811017
          hist nEntries =  814.0
          hist integral =  54.7379823327
      Dataset =  ST_tW_top  ||   nEvents =  6952830
          hist nEntries =  749.0
          hist integral =  129.694731951
      Dataset =  ST_t-channel_top  ||   nEvents =  58403420
          hist nEntries =  2047.0
          hist integral =  153.122503996
      Dataset =  ST_tW_antitop  ||   nEvents =  6933094
          hist nEntries =  723.0
          hist integral =  126.688431025
  Process =  WPlusJets
      Dataset =  HT200To400  ||   nEvents =  38984322
Applied WPlusJets qcd/ewk Weights correctly
          hist nEntries =  122.0
          hist integral =  45.3362591863
      Dataset =  HT70To100  ||   nEvents =  10020533
Applied WPlusJets qcd/ewk Weights correctly
          hist nEntries =  0.0
          hist integral =  0.0
      Dataset =  HT600To800  ||   nEvents =  18687480
Applied WPlusJets qcd/ewk Weights correctly
          hist nEntries =  6043.0
          hist integral =  148.029766321
      Dataset =  HT1200To2500  ||   nEvents =  6872441
Applied WPlusJets qcd/ewk Weights correctly
          hist nEntries =  9594.0
          hist integral =  295.58953619
      Dataset =  HT100To200  ||   nEvents =  78043017
Applied WPlusJets qcd/ewk Weights correctly
          hist nEntries =  0.0
          hist integral =  0.0
      Dataset =  HT400To600  ||   nEvents =  7687800
Applied WPlusJets qcd/ewk Weights correctly
          hist nEntries =  733.0
          hist integral =  187.197966576
      Dataset =  HT2500ToInf  ||   nEvents =  3285704
Applied WPlusJets qcd/ewk Weights correctly
          hist nEntries =  4154.0
          hist integral =  1.75322883576
      Dataset =  HT800To1200  ||   nEvents =  7830536
Applied WPlusJets qcd/ewk Weights correctly
          hist nEntries =  5466.0
          hist integral =  34.9351534843
-----------------------------
Total data background nEvents =  13653.0
Total data background integral =  13326.0
-----------------------------
Total MC background nEvents =  149003.0
Total MC background integral =  11768.1107178
-----------------------------
Total tt+DM signal nEvents =  4878.0
Total tt+DM signal integral =  44.0221304893
-----------------------------
Total t+DM signal nEvents =  1581.0
Total t+DM signal integral =  22.5517086387
-----------------------------
FOM for tt+DM signal =  0.405805271143
FOM for t+DM signal =  0.207886400252
-----------------------------
Data bin errors:
    bin 0: 18.08314132
    bin 1: 21.3775583264
    bin 2: 22.3830292856
    bin 3: 22.6936114358
    bin 4: 22.7156333832
    bin 5: 20.591260282
    bin 6: 19.0787840283
    bin 7: 19.7989898732
    bin 8: 21.3541565041
    bin 9: 20.2237484162
    bin 10: 20.5669638012
    bin 11: 18.8148877222
    bin 12: 19.7230829233
    bin 13: 21.1187120819
    bin 14: 22.3159136044
    bin 15: 21.6333076528
    bin 16: 20.4450483003
    bin 17: 22.1585198062
    bin 18: 22.0680764907
    bin 19: 21.3775583264
    bin 20: 19.7230829233
    bin 21: 19.4679223339
    bin 22: 19.8997487421
    bin 23: 20.8566536146
    bin 24: 20.6639783198
    bin 25: 20.591260282
    bin 26: 19.7737199333
    bin 27: 19.3132079158
    bin 28: 21.0950231097
    bin 29: 21.1660104885
    bin 30: 21.0
-----------------------------
MC background bin errors:
    bin 0: 23.5752747136
    bin 1: 27.5059967507
    bin 2: 32.2604124165
    bin 3: 35.0499828517
    bin 4: 26.3103538689
    bin 5: 30.6139115104
    bin 6: 22.3301609633
    bin 7: 23.4910025472
    bin 8: 31.8075996779
    bin 9: 21.6396178019
    bin 10: 39.8487553322
    bin 11: 25.3490777737
    bin 12: 32.3019882304
    bin 13: 21.6258598056
    bin 14: 23.7933151908
    bin 15: 19.2432411987
    bin 16: 27.6203218457
    bin 17: 25.0190397332
    bin 18: 40.1633698629
    bin 19: 29.6973217443
    bin 20: 24.7310660257
    bin 21: 26.6898834816
    bin 22: 28.1637147598
    bin 23: 29.0860275117
    bin 24: 30.3530560139
    bin 25: 24.0120922031
    bin 26: 21.7315147751
    bin 27: 23.317713709Info in <TCanvas::Print>: png file plots/2018_QCDCR_debugging/RunII_plots/08_25_2021/AH0lQR2016_Jet_phi[index_centralJets[0]]_08_25_2021_gteonefjet.png has been created
8
    bin 28: 32.8002637983
    bin 29: 20.7085550114
    bin 30: 33.0080225974
-----------------------------
tt+DM bin errors:
    bin 0: 0.0911797503604
    bin 1: 0.11813995928
    bin 2: 0.124147075258
    bin 3: 0.111596209071
    bin 4: 0.122408063582
    bin 5: 0.118972544151
    bin 6: 0.123597493222
    bin 7: 0.123159091283
    bin 8: 0.126715468604
    bin 9: 0.118756750755
    bin 10: 0.113432747835
    bin 11: 0.118526198196
    bin 12: 0.120119299892
    bin 13: 0.119938049569
    bin 14: 0.124408000413
    bin 15: 0.11385532783
    bin 16: 0.124502440995
    bin 17: 0.126427667246
    bin 18: 0.125401810032
    bin 19: 0.116672993278
    bin 20: 0.122901111283
    bin 21: 0.11967856414
    bin 22: 0.130049853513
    bin 23: 0.119299773376
    bin 24: 0.12165843916
    bin 25: 0.116108877089
    bin 26: 0.120083992963
    bin 27: 0.128283574586
    bin 28: 0.123523013228
    bin 29: 0.110572595177
    bin 30: 0.122974882353
-----------------------------
t+DM bin errors:
    bin 0: 0.105690547648
    bin 1: 0.103158201594
    bin 2: 0.133173100159
    bin 3: 0.0927020839662
    bin 4: 0.105642952948
    bin 5: 0.114216487752
    bin 6: 0.115159670368
    bin 7: 0.12438521792
    bin 8: 0.108008015994
    bin 9: 0.119296962566
    bin 10: 0.110231843461
    bin 11: 0.107523984901
    bin 12: 0.118157010009
    bin 13: 0.113116033747
    bin 14: 0.118997395023
    bin 15: 0.11790132318
    bin 16: 0.093702054182
    bin 17: 0.107669197759
    bin 18: 0.118019908334
    bin 19: 0.113962722249
    bin 20: 0.117689252676
    bin 21: 0.102100510765
    bin 22: 0.121697685906
    bin 23: 0.125785674563
    bin 24: 0.11938676748
    bin 25: 0.113297713438
    bin 26: 0.094093081061
    bin 27: 0.113649152948
    bin 28: 0.109422831081
    bin 29: 0.108872334692
    bin 30: 0.124689759488
-----------------------------
ZTo2Nu hist info:
    nEvents =  18945.0
    integral =  474.465435982
tbar scalar hist info:
    nEvents =  1581.0
    integral =  22.5517086387
TTTo2L2Nu hist info:
    nEvents =  10316.0
    integral =  367.573634148
singleTop hist info:
    nEvents =  4443.0
    integral =  476.775449753
TTV hist info:
    nEvents =  32462.0
    integral =  50.9362580776
bkgSum hist info:
    nEvents =  149003.0
    integral =  11768.1107178
ttbar scalar hist info:
    nEvents =  4878.0
    integral =  44.0221304893
VV hist info:
    nEvents =  3928.0
    integral =  77.0440173149
QCD hist info:
    nEvents =  8705.0
    integral =  6446.01977539
ZTo2L hist info:
    nEvents =  4074.0
    integral =  37.7047005296
data hist info:
    nEvents =  13653.0
    integral =  13326.0
WPlusJets hist info:
    nEvents =  26112.0
    integral =  712.841905594
TTToSemiLepton hist info:
    nEvents =  40018.0
    integral =  3124.74970245
Finished filling histograms
Creating stacked MC background histogram...
Finished stacking MC background histograms.
Drawing histograms...
Finished drawing histograms
Drawing ratio plot...
Finished drawing ratio plot
Plotting end time: 2021-08-26 15:14:17.342748
