plots/plot.py:891: SyntaxWarning: name 'counter' is used prior to global declaration
  global counter
Plotting start time: 2023-02-27 08:22:29.177218
Cut name =  AH0l1fSR
MC Selection Cuts =  (nVetoElectrons + nLooseMuons) == 0 && njets >= 3 && nbjets == 1 && METcorrected_pt >= 250 && ntaus == 0 && minDeltaPhi > 0.4 && min(abs(TkMET_phi-METcorrected_phi),2*pi-abs(TkMET_phi-METcorrected_phi)) < 0.5 && Flag_goodVertices && Flag_globalSuperTightHalo2016Filter && Flag_HBHENoiseFilter && Flag_HBHENoiseIsoFilter && Flag_EcalDeadCellTriggerPrimitiveFilter && Flag_BadPFMuonFilter && Flag_ecalBadCalibFilterV2 && (HLT_PFMETNoMu120_PFMHTNoMu120_IDTight || HLT_PFMETNoMu120_PFMHTNoMu120_IDTight_PFHT60) && PV_npvsGood > 0 && PV_ndof > 4 && abs(PV_z) < 24 && sqrt(pow(PV_x,2)+pow(PV_y,2)) < 2 && nfjets >= 1 && minDeltaPhi12 >= 0.8 && M_Tb >= 140 && noB2Bleadingfjet
Data Selection Cuts =  (nVetoElectrons + nLooseMuons) == 0 && njets >= 3 && nbjets == 1 && METcorrected_pt >= 250 && ntaus == 0 && minDeltaPhi > 0.4 && min(abs(TkMET_phi-METcorrected_phi),2*pi-abs(TkMET_phi-METcorrected_phi)) < 0.5 && Flag_goodVertices && Flag_globalSuperTightHalo2016Filter && Flag_HBHENoiseFilter && Flag_HBHENoiseIsoFilter && Flag_EcalDeadCellTriggerPrimitiveFilter && Flag_BadPFMuonFilter && Flag_ecalBadCalibFilterV2 && (HLT_PFMETNoMu120_PFMHTNoMu120_IDTight || HLT_PFMETNoMu120_PFMHTNoMu120_IDTight_PFHT60) && PV_npvsGood > 0 && PV_ndof > 4 && abs(PV_z) < 24 && sqrt(pow(PV_x,2)+pow(PV_y,2)) < 2 && nfjets >= 1 && minDeltaPhi12 >= 0.8 && M_Tb >= 140 && noB2Bleadingfjet && Flag_eeBadScFilter
var =  METcorrected_pt
year =  2017
lumi =  41.53
saveDirectory =  plots/SR_2017/METcorrected_pt/
date =  02_24_2023
applying HEM fix for 2018...
Creating histograms..
Histogram options: 
    nbins =  15
    xmin =  250
    xmax =  550
    auto_y =  True
    doLogPlot =  True
    drawData =  True
    mediatorType =  scalar
    mchi =  1
    mphi =  100
    normalizePlots =  False
    doBinned =  False
    savePlots =  True
    combineEleMu =  True
    doSys =  False
    doSysFirstHalf =  False
    doSysSecondHalf =  False
    drawOverflow =  True
    drawUnderflow =  False
    plotSys =  False
    plotSysVar =  CMS_trig_m
    plotSysSignal =  False
Drawing data and ratio plot...
Selected MET dataset
Loading data sample root files and event trees...
    ----Loading /hdfs/store/user/vshang/MET_Run2017B/MET/ModuleCommonSkim_02092023/tree_all.root
    ----Loading /hdfs/store/user/vshang/MET_Run2017C/MET/ModuleCommonSkim_02092023/tree_all.root
    ----Loading /hdfs/store/user/vshang/MET_Run2017D/MET/ModuleCommonSkim_02092023/tree_all.root
    ----Loading /hdfs/store/user/vshang/MET_Run2017E/MET/ModuleCommonSkim_02092023/tree_all.root
    ----Loading /hdfs/store/user/vshang/MET_Run2017F/MET/ModuleCommonSkim_02092023/tree_all.root
    total nevents in  MET :  5217801
Got data sample root files and event trees
Loading MC sample root files and event trees...
Loading process:  ZTo2Nu
    ----Loading 2LHEZpT50-150
    nevents in  ZTo2Nu   2LHEZpT50-150 :  5940577
    ----Loading 1LHEZpT250-400
    nevents in  ZTo2Nu   1LHEZpT250-400 :  12090580
    ----Loading 2LHEZpT250-400
    nevents in  ZTo2Nu   2LHEZpT250-400 :  28996251
    ----Loading 1LHEZpT150-250
    nevents in  ZTo2Nu   1LHEZpT150-250 :  25299535
    ----Loading 2LHEZpT400-inf
    nevents in  ZTo2Nu   2LHEZpT400-inf :  8846983
    ----Loading 1LHEZpT400-inf
    nevents in  ZTo2Nu   1LHEZpT400-inf :  1626479
    ----Loading 1LHEZpT50-150
    nevents in  ZTo2Nu   1LHEZpT50-150 :  5704336
    ----Loading 2LHEZpT150-250
    nevents in  ZTo2Nu   2LHEZpT150-250 :  41996008
Loading process:  tbar scalar
    ----Loading tChan_MChi1_MPhi100_scalar
    nevents in  tbar scalar   tChan_MChi1_MPhi100_scalar :  75000
    ----Loading tWChan_MChi1_MPhi100_scalar
    nevents in  tbar scalar   tWChan_MChi1_MPhi100_scalar :  54000
Loading process:  TTV
    ----Loading TTZToQQ
    nevents in  TTV   TTZToQQ :  4602104
    ----Loading TTWJetsToLNu
    nevents in  TTV   TTWJetsToLNu :  5394782
    ----Loading TTWJetsToQQ
    nevents in  TTV   TTWJetsToQQ :  441560
    ----Loading TTZToLLNuNu
    nevents in  TTV   TTZToLLNuNu :  7316018
Loading process:  WW
    ----Loading WWTo1L1Nu2Q
    nevents in  WW   WWTo1L1Nu2Q :  3169582
    ----Loading WWTo4Q
    nevents in  WW   WWTo4Q :  1992402
    ----Loading WWTo2L2Nu
    nevents in  WW   WWTo2L2Nu :  1992522
Loading process:  ttbarPlusJets
    ----Loading TTToSemiLepton
    nevents in  ttbarPlusJets   TTToSemiLepton :  239169221
    ----Loading TTTo2L2Nu
    nevents in  ttbarPlusJets   TTTo2L2Nu :  8926992
Loading process:  ttbar scalar
    ----Loading ttDM_MChi1_MPhi100_scalar
    nevents in  ttbar scalar   ttDM_MChi1_MPhi100_scalar :  1540506
Loading process:  ZZ
    ----Loading ZZTo2Q2Nu
    nevents in  ZZ   ZZTo2Q2Nu :  39202099
    ----Loading ZZTo4L
    nevents in  ZZ   ZZTo4L :  6893887
    ----Loading ZZTo2L2Q
    nevents in  ZZ   ZZTo2L2Q :  17513566
    ----Loading ZZTo2L2Nu
    nevents in  ZZ   ZZTo2L2Nu :  8733658
Loading process:  QCD
    ----Loading Pt170to300
    nevents in  QCD   Pt170to300 :  56298920
    ----Loading Pt15to30
    nevents in  QCD   Pt15to30 :  19169000
    ----Loading Pt800to1000
    nevents in  QCD   Pt800to1000 :  77660008
    ----Loading Pt600to800
    nevents in  QCD   Pt600to800 :  128548964
    ----Loading Pt120to170
    nevents in  QCD   Pt120to170 :  29854280
    ----Loading Pt1000to1400
    nevents in  QCD   Pt1000to1400 :  35706078
    ----Loading Pt1400to1800
    nevents in  QCD   Pt1400to1800 :  11353270
    ----Loading Pt50to80
    nevents in  QCD   Pt50to80 :  38179535
    ----Loading Pt1800to2400
    nevents in  QCD   Pt1800to2400 :  2923941
    ----Loading Pt3200toInf
    nevents in  QCD   Pt3200toInf :  757837
    ----Loading Pt2400to3200
    nevents in  QCD   Pt2400to3200 :  1910526
    ----Loading Pt80to120
    nevents in  QCD   Pt80to120 :  56387936
    ----Loading Pt30to50
    nevents in  QCD   Pt30to50 :  35500760
    ----Loading Pt470to600
    nevents in  QCD   Pt470to600 :  55331892
    ----Loading Pt300to470
    nevents in  QCD   Pt300to470 :  110887780
Loading process:  ZTo2L
    ----Loading 2LHEZpT50-150
    nevents in  ZTo2L   2LHEZpT50-150 :  20454601
    ----Loading 1LHEZpT250-400
    nevents in  ZTo2L   1LHEZpT250-400 :  6302049
    ----Loading 2LHEZpT250-400
    nevents in  ZTo2L   2LHEZpT250-400 :  20585656
    ----Loading 1LHEZpT150-250
    nevents in  ZTo2L   1LHEZpT150-250 :  11871687
    ----Loading 2LHEZpT400-inf
    nevents in  ZTo2L   2LHEZpT400-inf :  4520161
    ----Loading 1LHEZpT400-inf
    nevents in  ZTo2L   1LHEZpT400-inf :  1337440
    ----Loading 1LHEZpT50-150
    nevents in  ZTo2L   1LHEZpT50-150 :  14777924
    ----Loading 2LHEZpT150-250
    nevents in  ZTo2L   2LHEZpT150-250 :  8544359
Loading process:  singleTop
    ----Loading ST_s-channel
    nevents in  singleTop   ST_s-channel :  6167441
    ----Loading ST_t-channel_antitop
    nevents in  singleTop   ST_t-channel_antitop :  3675910
    ----Loading ST_t-channel_top
    nevents in  singleTop   ST_t-channel_top :  5982064
    ----Loading ST_tW_top
    nevents in  singleTop   ST_tW_top :  7734344
    ----Loading ST_tW_antitop
    nevents in  singleTop   ST_tW_antitop :  7916640
Loading process:  WZ
    ----Loading WZTo2Q2Nu
    nevents in  WZ   WZTo2Q2Nu :  18476383
    ----Loading WZTo3LNu
    nevents in  WZ   WZTo3LNu :  6887413
    ----Loading WZTo1L1Nu2Q
    nevents in  WZ   WZTo1L1Nu2Q :  11347099
    ----Loading WZTo1L3Nu
    nevents in  WZ   WZTo1L3Nu :  2717911
    ----Loading WZTo2L2Q
    nevents in  WZ   WZTo2L2Q :  16664610
Loading process:  WPlusJets
    ----Loading 2LHEWpT150-250
    nevents in  WPlusJets   2LHEWpT150-250 :  168404529
    ----Loading 2LHEWpT400-inf
    nevents in  WPlusJets   2LHEWpT400-inf :  36367844
    ----Loading 1LHEWpT250-400
    nevents in  WPlusJets   1LHEWpT250-400 :  41110415
    ----Loading 2LHEWpT100-150
    nevents in  WPlusJets   2LHEWpT100-150 :  33581046
    ----Loading 1LHEWpT100-150
    nevents in  WPlusJets   1LHEWpT100-150 :  73598264
    ----Loading 2LHEWpT250-400
    nevents in  WPlusJets   2LHEWpT250-400 :  82830129
    ----Loading 1LHEWpT400-inf
    nevents in  WPlusJets   1LHEWpT400-inf :  9564596
    ----Loading 1LHEWpT150-25Info in <TCanvas::MakeDefCanvas>:  created default TCanvas with name c1
TFile::Append:0: RuntimeWarning: Replacing existing TH1: hist (Potential memory leak).
TFile::Append:0: RuntimeWarning: Replacing existing TH1: hist (Potential memory leak).
TFile::Append:0: RuntimeWarning: Replacing existing TH1: hist (Potential memory leak).
TFile::Append:0: RuntimeWarning: Replacing existing TH1: hist (Potential memory leak).
TFile::Append:0: RuntimeWarning: Replacing existing TH1: hist (Potential memory leak).
TFile::Append:0: RuntimeWarning: Replacing existing TH1: hist (Potential memory leak).
TFile::Append:0: RuntimeWarning: Replacing existing TH1: hist (Potential memory leak).
TFile::Append:0: RuntimeWarning: Replacing existing TH1: hist (Potential memory leak).
TFile::Append:0: RuntimeWarning: Replacing existing TH1: hist (Potential memory leak).
TFile::Append:0: RuntimeWarning: Replacing existing TH1: hist (Potential memory leak).
TFile::Append:0: RuntimeWarning: Replacing existing TH1: hist (Potential memory leak).
TFile::Append:0: RuntimeWarning: Replacing existing TH1: hist (Potential memory leak).
0
    nevents in  WPlusJets   1LHEWpT150-250 :  63460137
Got MC sample root files and event trees
Filling data histograms...
  Dataset =  MET  ||   nEvents =  5217801
   Using cut =  (nVetoElectrons + nLooseMuons) == 0 && njets >= 3 && nbjets == 1 && METcorrected_pt >= 250 && ntaus == 0 && minDeltaPhi > 0.4 && min(abs(TkMET_phi-METcorrected_phi),2*pi-abs(TkMET_phi-METcorrected_phi)) < 0.5 && Flag_goodVertices && Flag_globalSuperTightHalo2016Filter && Flag_HBHENoiseFilter && Flag_HBHENoiseIsoFilter && Flag_EcalDeadCellTriggerPrimitiveFilter && Flag_BadPFMuonFilter && Flag_ecalBadCalibFilterV2 && (HLT_PFMETNoMu120_PFMHTNoMu120_IDTight) && PV_npvsGood > 0 && PV_ndof > 4 && abs(PV_z) < 24 && sqrt(pow(PV_x,2)+pow(PV_y,2)) < 2 && nfjets >= 1 && minDeltaPhi12 >= 0.8 && M_Tb >= 140 && noB2Bleadingfjet && Flag_eeBadScFilter
    hist nEntries =  599.0
    hist integral =  599.0
    hist_data nEntries =  599.0
    hist_data integral =  599.0
    hist nEntries =  1271.0
    hist integral =  1271.0
    hist_data nEntries =  1870.0
    hist_data integral =  1870.0
    hist nEntries =  557.0
    hist integral =  557.0
    hist_data nEntries =  2427.0
    hist_data integral =  2427.0
    hist nEntries =  1355.0
    hist integral =  1355.0
    hist_data nEntries =  3782.0
    hist_data integral =  3782.0
    hist nEntries =  1720.0
    hist integral =  1720.0
    hist_data nEntries =  5502.0
    hist_data integral =  5502.0
Filling MC histograms...
  Process =  ZTo2Nu
      Dataset =  2LHEZpT50-150  ||   nEvents =  5940577
Applied ZTo2Nu ewk Weights correctly
          hist weight =  2.28113178232*leptonWeight*bjetWeight*puWeight*muonTriggerWeight*EE_L1_prefire_Weight*electronTriggerWeight*genWeightSign*METTriggerWeight*ewkZWeight
          hist nEntries =  21.0
          hist integral =  4.92781829834
      Dataset =  1LHEZpT250-400  ||   nEvents =  12090580
Applied ZTo2Nu ewk Weights correctly
          hist weight =  0.00704499122457*leptonWeight*bjetWeight*puWeight*muonTriggerWeight*EE_L1_prefire_Weight*electronTriggerWeight*genWeightSign*METTriggerWeight*ewkZWeight
          hist nEntries =  403.0
          hist integral =  0.999254210648
      Dataset =  2LHEZpT250-400  ||   nEvents =  28996251
Applied ZTo2Nu ewk Weights correctly
          hist weight =  0.00741048282414*leptonWeight*bjetWeight*puWeight*muonTriggerWeight*EE_L1_prefire_Weight*electronTriggerWeight*genWeightSign*METTriggerWeight*ewkZWeight
          hist nEntries =  265479.0
          hist integral =  629.297337249
      Dataset =  1LHEZpT150-250  ||   nEvents =  25299535
Applied ZTo2Nu ewk Weights correctly
          hist weight =  0.0296132399271*leptonWeight*bjetWeight*puWeight*muonTriggerWeight*EE_L1_prefire_Weight*electronTriggerWeight*genWeightSign*METTriggerWeight*ewkZWeight
          hist nEntries =  150.0
          hist integral =  1.69635425703
      Dataset =  2LHEZpT400-inf  ||   nEvents =  8846983
Applied ZTo2Nu ewk Weights correctly
          hist weight =  0.00397697339308*leptonWeight*bjetWeight*puWeight*muonTriggerWeight*EE_L1_prefire_Weight*electronTriggerWeight*genWeightSign*METTriggerWeight*ewkZWeight
          hist nEntries =  131814.0
          hist integral =  167.277622759
      Dataset =  1LHEZpT400-inf  ||   nEvents =  1626479
Applied ZTo2Nu ewk Weights correctly
          hist weight =  0.0057476321551*leptonWeight*bjetWeight*puWeight*muonTriggerWeight*EE_L1_prefire_Weight*electronTriggerWeight*genWeightSign*METTriggerWeight*ewkZWeight
          hist nEntries =  61.0
          hist integral =  0.165801709285
      Dataset =  1LHEZpT50-150  ||   nEvents =  5704336
Applied ZTo2Nu ewk Weights correctly
          hist weight =  4.36024753801*leptonWeight*bjetWeight*puWeight*muonTriggerWeight*EE_L1_prefire_Weight*electronTriggerWeight*genWeightSign*METTriggerWeight*ewkZWeight
          hist nEntries =  0.0
          hist integral =  0.0
      Dataset =  2LHEZpT150-250  ||   nEvents =  41996008
Applied ZTo2Nu ewk Weights correctly
          hist weight =  0.0292715440953*leptonWeight*bjetWeight*puWeight*muonTriggerWeight*EE_L1_prefire_Weight*eleTFile::Append:0: RuntimeWarning: Replacing existing TH1: hist (Potential memory leak).
TFile::Append:0: RuntimeWarning: Replacing existing TH1: hist (Potential memory leak).
TFile::Append:0: RuntimeWarning: Replacing existing TH1: hist (Potential memory leak).
TFile::Append:0: RuntimeWarning: Replacing existing TH1: hist (Potential memory leak).
TFile::Append:0: RuntimeWarning: Replacing existing TH1: hist (Potential memory leak).
TFile::Append:0: RuntimeWarning: Replacing existing TH1: hist (Potential memory leak).
TFile::Append:0: RuntimeWarning: Replacing existing TH1: hist (Potential memory leak).
TFile::Append:0: RuntimeWarning: Replacing existing TH1: hist (Potential memory leak).
TFile::Append:0: RuntimeWarning: Replacing existing TH1: hist (Potential memory leak).
TFile::Append:0: RuntimeWarning: Replacing existing TH1: hist (Potential memory leak).
TFile::Append:0: RuntimeWarning: Replacing existing TH1: hist (Potential memory leak).
TFile::Append:0: RuntimeWarning: Replacing existing TH1: hist (Potential memory leak).
TFile::Append:0: RuntimeWarning: Replacing existing TH1: hist (Potential memory leak).
ctronTriggerWeight*genWeightSign*METTriggerWeight*ewkZWeight
          hist nEntries =  32661.0
          hist integral =  283.515800177
  Process =  tbar scalar
      Dataset =  tChan_MChi1_MPhi100_scalar  ||   nEvents =  75000
          hist weight =  0.157703253333*leptonWeight*bjetWeight*puWeight*muonTriggerWeight*EE_L1_prefire_Weight*electronTriggerWeight*genWeightSign*METTriggerWeight
          hist nEntries =  679.0
          hist integral =  95.8753203154
      Dataset =  tWChan_MChi1_MPhi100_scalar  ||   nEvents =  54000
          hist weight =  0.0422529296296*leptonWeight*bjetWeight*puWeight*muonTriggerWeight*EE_L1_prefire_Weight*electronTriggerWeight*genWeightSign*METTriggerWeight
          hist nEntries =  527.0
          hist integral =  19.6589980125
  Process =  TTV
      Dataset =  TTZToQQ  ||   nEvents =  4602104
          hist weight =  0.00460591764115*leptonWeight*bjetWeight*puWeight*muonTriggerWeight*EE_L1_prefire_Weight*electronTriggerWeight*genWeightSign*METTriggerWeight
          hist nEntries =  1957.0
          hist integral =  4.03410023544
      Dataset =  TTWJetsToLNu  ||   nEvents =  5394782
          hist weight =  0.00165433876661*leptonWeight*bjetWeight*puWeight*muonTriggerWeight*EE_L1_prefire_Weight*electronTriggerWeight*genWeightSign*METTriggerWeight
          hist nEntries =  6361.0
          hist integral =  4.66644002497
      Dataset =  TTWJetsToQQ  ||   nEvents =  441560
          hist weight =  0.0405932330827*leptonWeight*bjetWeight*puWeight*muonTriggerWeight*EE_L1_prefire_Weight*electronTriggerWeight*genWeightSign*METTriggerWeight
          hist nEntries =  183.0
          hist integral =  3.20548351482
      Dataset =  TTZToLLNuNu  ||   nEvents =  7316018
          hist weight =  0.0013805455372*leptonWeight*bjetWeight*puWeight*muonTriggerWeight*EE_L1_prefire_Weight*electronTriggerWeight*genWeightSign*METTriggerWeight
          hist nEntries =  66925.0
          hist integral =  37.031324923
  Process =  WW
      Dataset =  WWTo1L1Nu2Q  ||   nEvents =  3169582
          hist weight =  1.05790990736*leptonWeight*bjetWeight*puWeight*muonTriggerWeight*EE_L1_prefire_Weight*electronTriggerWeight*genWeightSign*METTriggerWeight
          hist nEntries =  68.0
          hist integral =  38.5226312578
      Dataset =  WWTo4Q  ||   nEvents =  1992402
          hist weight =  0.994893048692*leptonWeight*bjetWeight*puWeight*muonTriggerWeight*EE_L1_prefire_Weight*electronTriggerWeight*genWeightSign*METTriggerWeight
          hist nEntries =  0.0
          hist integral =  0.0
      Dataset =  WWTo2L2Nu  ||   nEvents =  1992522
          hist weight =  0.230939683477*leptonWeight*bjetWeight*puWeight*muonTriggerWeight*EE_L1_prefire_Weight*electronTriggerWeight*genWeightSign*METTriggerWeight
          hist nEntries =  4.0
          hist integral =  0.899593859911
  Process =  ttbarPlusJets
      Dataset =  TTToSemiLepton  ||   nEvents =  239169221
          hist weight =  0.0632667340586*leptonWeight*bjetWeight*puWeight*muonTriggerWeight*EE_L1_prefire_Weight*electronTriggerWeight*genWeightSign*METTriggerWeight
          hist nEntries =  40049.0
          hist integral =  2151.40929127
      Dataset =  TTTo2L2Nu  ||   nEvents =  8926992
          hist weight =  0.406182093588*leptonWeight*bjetWeight*puWeight*muonTriggerWeight*EE_L1_prefire_Weight*electronTriggerWeight*genWeightSign*METTriggerWeight
          hist nEntries =  465.0
          hist integral =  161.302508622
  Process =  ttbar scalar
      Dataset =  ttDM_MChi1_MPhi100_scalar  ||   nEvents =  1540506
          hist weight =  0.0194822253857*leptonWeight*bjetWeight*puWeight*muonTriggerWeight*EE_L1_prefire_Weight*electronTriggerWeight*genWeightSign*METTriggerWeight*GenModel__TTbarDMJets_Inclusive_scalar_LO_Mchi_1_Mphi_100_TuneCP5_13TeV_madgraph_mcatnlo_pythia8
          hist nEntries =  4257.0
          hist integral =  75.6423472166
  Process =  ZZ
      Dataset =  ZZTo2Q2Nu  ||   nEvents =  39202099
          hist weight =  0.00483501967586*leptonWeight*bjetWeight*puWeight*muonTriggerWeight*EE_L1_prefire_Weight*electronTriggerWeigTFile::Append:0: RuntimeWarning: Replacing existing TH1: hist (Potential memory leak).
TFile::Append:0: RuntimeWarning: Replacing existing TH1: hist (Potential memory leak).
TFile::Append:0: RuntimeWarning: Replacing existing TH1: hist (Potential memory leak).
TFile::Append:0: RuntimeWarning: Replacing existing TH1: hist (Potential memory leak).
TFile::Append:0: RuntimeWarning: Replacing existing TH1: hist (Potential memory leak).
TFile::Append:0: RuntimeWarning: Replacing existing TH1: hist (Potential memory leak).
TFile::Append:0: RuntimeWarning: Replacing existing TH1: hist (Potential memory leak).
TFile::Append:0: RuntimeWarning: Replacing existing TH1: hist (Potential memory leak).
TFile::Append:0: RuntimeWarning: Replacing existing TH1: hist (Potential memory leak).
TFile::Append:0: RuntimeWarning: Replacing existing TH1: hist (Potential memory leak).
TFile::Append:0: RuntimeWarning: Replacing existing TH1: hist (Potential memory leak).
TFile::Append:0: RuntimeWarning: Replacing existing TH1: hist (Potential memory leak).
TFile::Append:0: RuntimeWarning: Replacing existing TH1: hist (Potential memory leak).
TFile::Append:0: RuntimeWarning: Replacing existing TH1: hist (Potential memory leak).
ht*genWeightSign*METTriggerWeight
          hist nEntries =  11412.0
          hist integral =  21.5855672359
      Dataset =  ZZTo4L  ||   nEvents =  6893887
          hist weight =  0.00798203538874*leptonWeight*bjetWeight*puWeight*muonTriggerWeight*EE_L1_prefire_Weight*electronTriggerWeight*genWeightSign*METTriggerWeight
          hist nEntries =  0.0
          hist integral =  0.0
      Dataset =  ZZTo2L2Q  ||   nEvents =  17513566
          hist weight =  0.0087453714452*leptonWeight*bjetWeight*puWeight*muonTriggerWeight*EE_L1_prefire_Weight*electronTriggerWeight*genWeightSign*METTriggerWeight
          hist nEntries =  67.0
          hist integral =  0.322484363656
      Dataset =  ZZTo2L2Nu  ||   nEvents =  8733658
          hist weight =  0.00268381610546*leptonWeight*bjetWeight*puWeight*muonTriggerWeight*EE_L1_prefire_Weight*electronTriggerWeight*genWeightSign*METTriggerWeight
          hist nEntries =  88.0
          hist integral =  0.189774253173
  Process =  QCD
      Dataset =  Pt170to300  ||   nEvents =  56298920
          hist weight =  76.3488002967*leptonWeight*bjetWeight*puWeight*muonTriggerWeight*EE_L1_prefire_Weight*electronTriggerWeight*genWeightSign*METTriggerWeight
          hist nEntries =  4.0
          hist integral =  334.193611145
      Dataset =  Pt15to30  ||   nEvents =  19169000
          hist weight =  2699482.49778*leptonWeight*bjetWeight*puWeight*muonTriggerWeight*EE_L1_prefire_Weight*electronTriggerWeight*genWeightSign*METTriggerWeight
          hist nEntries =  0.0
          hist integral =  0.0
      Dataset =  Pt800to1000  ||   nEvents =  77660008
          hist weight =  0.0140536735458*leptonWeight*bjetWeight*puWeight*muonTriggerWeight*EE_L1_prefire_Weight*electronTriggerWeight*genWeightSign*METTriggerWeight
          hist nEntries =  56.0
          hist integral =  0.65247904975
      Dataset =  Pt600to800  ||   nEvents =  128548964
          hist weight =  0.0505600729695*leptonWeight*bjetWeight*puWeight*muonTriggerWeight*EE_L1_prefire_Weight*electronTriggerWeight*genWeightSign*METTriggerWeight
          hist nEntries =  72.0
          hist integral =  2.30855499674
      Dataset =  Pt120to170  ||   nEvents =  29854280
          hist weight =  566.591088447*leptonWeight*bjetWeight*puWeight*muonTriggerWeight*EE_L1_prefire_Weight*electronTriggerWeight*genWeightSign*METTriggerWeight*(event!=3468768)
          hist nEntries =  1.0
          hist integral =  48.9205513
      Dataset =  Pt1000to1400  ||   nEvents =  35706078
          hist weight =  0.00868841153599*leptonWeight*bjetWeight*puWeight*muonTriggerWeight*EE_L1_prefire_Weight*electronTriggerWeight*genWeightSign*METTriggerWeight
          hist nEntries =  22.0
          hist integral =  0.147171178483
      Dataset =  Pt1400to1800  ||   nEvents =  11353270
          hist weight =  0.00237183225626*leptonWeight*bjetWeight*puWeight*muonTriggerWeight*EE_L1_prefire_Weight*electronTriggerWeight*genWeightSign*METTriggerWeight
          hist nEntries =  5.0
          hist integral =  0.00762506634055
      Dataset =  Pt50to80  ||   nEvents =  38179535
          hist weight =  17088.6392409*leptonWeight*bjetWeight*puWeight*muonTriggerWeight*EE_L1_prefire_Weight*electronTriggerWeight*genWeightSign*METTriggerWeight
          hist nEntries =  0.0
          hist integral =  0.0
      Dataset =  Pt1800to2400  ||   nEvents =  2923941
          hist weight =  0.00124180614452*leptonWeight*bjetWeight*puWeight*muonTriggerWeight*EE_L1_prefire_Weight*electronTriggerWeight*genWeightSign*METTriggerWeight
          hist nEntries =  1.0
          hist integral =  0.000919095298741
      Dataset =  Pt3200toInf  ||   nEvents =  757837
          hist weight =  7.43645533274e-06*leptonWeight*bjetWeight*puWeight*muonTriggerWeight*EE_L1_prefire_Weight*electronTriggerWeight*genWeightSign*METTriggerWeight
          hist nEntries =  1.0
          hist integral =  7.22799586583e-06
      Dataset =  Pt2400to3200  ||   nEvents =  1910526
          hist weight =  0.00011381738851*leptonWeight*bjetWeight*puWeight*muonTriggerWeight*EE_L1_prefire_Weight*electronTTFile::Append:0: RuntimeWarning: Replacing existing TH1: hist (Potential memory leak).
TFile::Append:0: RuntimeWarning: Replacing existing TH1: hist (Potential memory leak).
TFile::Append:0: RuntimeWarning: Replacing existing TH1: hist (Potential memory leak).
TFile::Append:0: RuntimeWarning: Replacing existing TH1: hist (Potential memory leak).
TFile::Append:0: RuntimeWarning: Replacing existing TH1: hist (Potential memory leak).
TFile::Append:0: RuntimeWarning: Replacing existing TH1: hist (Potential memory leak).
TFile::Append:0: RuntimeWarning: Replacing existing TH1: hist (Potential memory leak).
TFile::Append:0: RuntimeWarning: Replacing existing TH1: hist (Potential memory leak).
TFile::Append:0: RuntimeWarning: Replacing existing TH1: hist (Potential memory leak).
TFile::Append:0: RuntimeWarning: Replacing existing TH1: hist (Potential memory leak).
TFile::Append:0: RuntimeWarning: Replacing existing TH1: hist (Potential memory leak).
TFile::Append:0: RuntimeWarning: Replacing existing TH1: hist (Potential memory leak).
TFile::Append:0: RuntimeWarning: Replacing existing TH1: hist (Potential memory leak).
riggerWeight*genWeightSign*METTriggerWeight
          hist nEntries =  3.0
          hist integral =  0.000123599767448
      Dataset =  Pt80to120  ||   nEvents =  56387936
          hist weight =  1720.47581241*leptonWeight*bjetWeight*puWeight*muonTriggerWeight*EE_L1_prefire_Weight*electronTriggerWeight*genWeightSign*METTriggerWeight
          hist nEntries =  0.0
          hist integral =  0.0
      Dataset =  Pt30to50  ||   nEvents =  35500760
          hist weight =  125055.266422*leptonWeight*bjetWeight*puWeight*muonTriggerWeight*EE_L1_prefire_Weight*electronTriggerWeight*genWeightSign*METTriggerWeight
          hist nEntries =  0.0
          hist integral =  0.0
      Dataset =  Pt470to600  ||   nEvents =  55331892
          hist weight =  0.414385125309*leptonWeight*bjetWeight*puWeight*muonTriggerWeight*EE_L1_prefire_Weight*electronTriggerWeight*genWeightSign*METTriggerWeight
          hist nEntries =  24.0
          hist integral =  6.07694390416
      Dataset =  Pt300to470  ||   nEvents =  110887780
          hist weight =  2.55799060997*leptonWeight*bjetWeight*puWeight*muonTriggerWeight*EE_L1_prefire_Weight*electronTriggerWeight*genWeightSign*METTriggerWeight
          hist nEntries =  33.0
          hist integral =  67.9783792496
  Process =  ZTo2L
      Dataset =  2LHEZpT50-150  ||   nEvents =  20454601
Applied ZTo2L ewk Weights correctly
          hist weight =  0.343129157103*leptonWeight*bjetWeight*puWeight*muonTriggerWeight*EE_L1_prefire_Weight*electronTriggerWeight*genWeightSign*METTriggerWeight*ewkZWeight
          hist nEntries =  2.0
          hist integral =  0.44255804643
      Dataset =  1LHEZpT250-400  ||   nEvents =  6302049
Applied ZTo2L ewk Weights correctly
          hist weight =  0.00722914245827*leptonWeight*bjetWeight*puWeight*muonTriggerWeight*EE_L1_prefire_Weight*electronTriggerWeight*genWeightSign*METTriggerWeight*ewkZWeight
          hist nEntries =  8.0
          hist integral =  0.024345795624
      Dataset =  2LHEZpT250-400  ||   nEvents =  20585656
Applied ZTo2L ewk Weights correctly
          hist weight =  0.00552774222983*leptonWeight*bjetWeight*puWeight*muonTriggerWeight*EE_L1_prefire_Weight*electronTriggerWeight*genWeightSign*METTriggerWeight*ewkZWeight
          hist nEntries =  3690.0
          hist integral =  5.34470643825
      Dataset =  1LHEZpT150-250  ||   nEvents =  11871687
Applied ZTo2L ewk Weights correctly
          hist weight =  0.033233271733*leptonWeight*bjetWeight*puWeight*muonTriggerWeight*EE_L1_prefire_Weight*electronTriggerWeight*genWeightSign*METTriggerWeight*ewkZWeight
          hist nEntries =  0.0
          hist integral =  0.0
      Dataset =  2LHEZpT400-inf  ||   nEvents =  4520161
Applied ZTo2L ewk Weights correctly
          hist weight =  0.00412712644527*leptonWeight*bjetWeight*puWeight*muonTriggerWeight*EE_L1_prefire_Weight*electronTriggerWeight*genWeightSign*METTriggerWeight*ewkZWeight
          hist nEntries =  722.0
          hist integral =  0.841178988572
      Dataset =  1LHEZpT400-inf  ||   nEvents =  1337440
Applied ZTo2L ewk Weights correctly
          hist weight =  0.00374795953463*leptonWeight*bjetWeight*puWeight*muonTriggerWeight*EE_L1_prefire_Weight*electronTriggerWeight*genWeightSign*METTriggerWeight*ewkZWeight
          hist nEntries =  0.0
          hist integral =  0.0
      Dataset =  1LHEZpT50-150  ||   nEvents =  14777924
Applied ZTo2L ewk Weights correctly
          hist weight =  0.88551700496*leptonWeight*bjetWeight*puWeight*muonTriggerWeight*EE_L1_prefire_Weight*electronTriggerWeight*genWeightSign*METTriggerWeight*ewkZWeight
          hist nEntries =  0.0
          hist integral =  0.0
      Dataset =  2LHEZpT150-250  ||   nEvents =  8544359
Applied ZTo2L ewk Weights correctly
          hist weight =  0.0764559284084*leptonWeight*bjetWeight*puWeight*muonTriggerWeight*EE_L1_prefire_Weight*electronTriggerWeight*genWeightSign*METTriggerWeight*ewkZWeight
          hist nEntries =  167.0
          hist integral =  3.68305853382
  Process =  singleTop
      Dataset =  ST_s-channel  ||   nEvents =  6167441
          hist weightTFile::Append:0: RuntimeWarning: Replacing existing TH1: hist (Potential memory leak).
TFile::Append:0: RuntimeWarning: Replacing existing TH1: hist (Potential memory leak).
TFile::Append:0: RuntimeWarning: Replacing existing TH1: hist (Potential memory leak).
TFile::Append:0: RuntimeWarning: Replacing existing TH1: hist (Potential memory leak).
TFile::Append:0: RuntimeWarning: Replacing existing TH1: hist (Potential memory leak).
TFile::Append:0: RuntimeWarning: Replacing existing TH1: hist (Potential memory leak).
TFile::Append:0: RuntimeWarning: Replacing existing TH1: hist (Potential memory leak).
TFile::Append:0: RuntimeWarning: Replacing existing TH1: hist (Potential memory leak).
TFile::Append:0: RuntimeWarning: Replacing existing TH1: hist (Potential memory leak).
TFile::Append:0: RuntimeWarning: Replacing existing TH1: hist (Potential memory leak).
TFile::Append:0: RuntimeWarning: Replacing existing TH1: hist (Potential memory leak).
TFile::Append:0: RuntimeWarning: Replacing existing TH1: hist (Potential memory leak).
TFile::Append:0: RuntimeWarning: Replacing existing TH1: hist (Potential memory leak).
 =  0.0251842214624*leptonWeight*bjetWeight*puWeight*muonTriggerWeight*EE_L1_prefire_Weight*electronTriggerWeight*genWeightSign*METTriggerWeight
          hist nEntries =  291.0
          hist integral =  3.1117764432
      Dataset =  ST_t-channel_antitop  ||   nEvents =  3675910
          hist weight =  0.767239214235*leptonWeight*bjetWeight*puWeight*muonTriggerWeight*EE_L1_prefire_Weight*electronTriggerWeight*genWeightSign*METTriggerWeight
          hist nEntries =  11.0
          hist integral =  6.4790507229
      Dataset =  ST_t-channel_top  ||   nEvents =  5982064
          hist weight =  0.786576171703*leptonWeight*bjetWeight*puWeight*muonTriggerWeight*EE_L1_prefire_Weight*electronTriggerWeight*genWeightSign*METTriggerWeight
          hist nEntries =  50.0
          hist integral =  34.0226815585
      Dataset =  ST_tW_top  ||   nEvents =  7734344
          hist weight =  0.187451230512*leptonWeight*bjetWeight*puWeight*muonTriggerWeight*EE_L1_prefire_Weight*electronTriggerWeight*genWeightSign*METTriggerWeight
          hist nEntries =  488.0
          hist integral =  76.159393847
      Dataset =  ST_tW_antitop  ||   nEvents =  7916640
          hist weight =  0.183449556883*leptonWeight*bjetWeight*puWeight*muonTriggerWeight*EE_L1_prefire_Weight*electronTriggerWeight*genWeightSign*METTriggerWeight
          hist nEntries =  556.0
          hist integral =  85.735057056
  Process =  WZ
      Dataset =  WZTo2Q2Nu  ||   nEvents =  18476383
          hist weight =  0.0154149619003*leptonWeight*bjetWeight*puWeight*muonTriggerWeight*EE_L1_prefire_Weight*electronTriggerWeight*genWeightSign*METTriggerWeight
          hist nEntries =  6144.0
          hist integral =  44.0611905754
      Dataset =  WZTo3LNu  ||   nEvents =  6887413
          hist weight =  0.0304627528507*leptonWeight*bjetWeight*puWeight*muonTriggerWeight*EE_L1_prefire_Weight*electronTriggerWeight*genWeightSign*METTriggerWeight
          hist nEntries =  21.0
          hist integral =  0.259105186909
      Dataset =  WZTo1L1Nu2Q  ||   nEvents =  11347099
          hist weight =  0.0426752071168*leptonWeight*bjetWeight*puWeight*muonTriggerWeight*EE_L1_prefire_Weight*electronTriggerWeight*genWeightSign*METTriggerWeight
          hist nEntries =  985.0
          hist integral =  16.6973661408
      Dataset =  WZTo1L3Nu  ||   nEvents =  2717911
          hist weight =  0.0510661533803*leptonWeight*bjetWeight*puWeight*muonTriggerWeight*EE_L1_prefire_Weight*electronTriggerWeight*genWeightSign*METTriggerWeight
          hist nEntries =  229.0
          hist integral =  3.90468221158
      Dataset =  WZTo2L2Q  ||   nEvents =  16664610
          hist weight =  0.0157775327475*leptonWeight*bjetWeight*puWeight*muonTriggerWeight*EE_L1_prefire_Weight*electronTriggerWeight*genWeightSign*METTriggerWeight
          hist nEntries =  63.0
          hist integral =  0.376402860507
  Process =  WPlusJets
      Dataset =  2LHEWpT150-250  ||   nEvents =  168404529
Applied WPlusJets ewk Weights correctly
          hist weight =  0.0267792245659*leptonWeight*bjetWeight*puWeight*muonTriggerWeight*EE_L1_prefire_Weight*electronTriggerWeight*genWeightSign*METTriggerWeight*ewkWWeight
          hist nEntries =  22545.0
          hist integral =  165.225531218
      Dataset =  2LHEWpT400-inf  ||   nEvents =  36367844
Applied WPlusJets ewk Weights correctly
          hist weight =  0.00342582859737*leptonWeight*bjetWeight*puWeight*muonTriggerWeight*EE_L1_prefire_Weight*electronTriggerWeight*genWeightSign*METTriggerWeight*ewkWWeight
          hist nEntries =  68683.0
          hist integral =  66.3544632792
      Dataset =  1LHEWpT250-400  ||   nEvents =  41110415
Applied WPlusJets ewk Weights correctly
          hist weight =  0.00814226273318*leptonWeight*bjetWeight*puWeight*muonTriggerWeight*EE_L1_prefire_Weight*electronTriggerWeight*genWeightSign*METTriggerWeight*ewkWWeight
          hist nEntries =  282.0
          hist integral =  0.9814734268
      Dataset =  2LHEWpT100-150  ||   nEvents =  33581046
Applied WPlusJets ewk Weights correctly
          hist weight =  0.348294508158*lepTFile::Append:0: RuntimeWarning: Replacing existing TH1: hist (Potential memory leak).
TFile::Append:0: RuntimeWarning: Replacing existing TH1: hist (Potential memory leak).
TFile::Append:0: RuntimeWarning: Replacing existing TH1: hist (Potential memory leak).
TFile::Append:0: RuntimeWarning: Replacing existing TH1: hist (Potential memory leak).
tonWeight*bjetWeight*puWeight*muonTriggerWeight*EE_L1_prefire_Weight*electronTriggerWeight*genWeightSign*METTriggerWeight*ewkWWeight
          hist nEntries =  102.0
          hist integral =  4.82921220362
      Dataset =  1LHEWpT100-150  ||   nEvents =  73598264
Applied WPlusJets ewk Weights correctly
          hist weight =  0.160289267149*leptonWeight*bjetWeight*puWeight*muonTriggerWeight*EE_L1_prefire_Weight*electronTriggerWeight*genWeightSign*METTriggerWeight*ewkWWeight
          hist nEntries =  13.0
          hist integral =  0.683915454894
      Dataset =  2LHEWpT250-400  ||   nEvents =  82830129
Applied WPlusJets ewk Weights correctly
          hist weight =  0.0090400185179*leptonWeight*bjetWeight*puWeight*muonTriggerWeight*EE_L1_prefire_Weight*electronTriggerWeight*genWeightSign*METTriggerWeight*ewkWWeight
          hist nEntries =  125502.0
          hist integral =  325.231348906
      Dataset =  1LHEWpT400-inf  ||   nEvents =  9564596
Applied WPlusJets ewk Weights correctly
          hist weight =  0.00386442877462*leptonWeight*bjetWeight*puWeight*muonTriggerWeight*EE_L1_prefire_Weight*electronTriggerWeight*genWeightSign*METTriggerWeight*ewkWWeight
          hist nEntries =  51.0
          hist integral =  0.0951166932646
      Dataset =  1LHEWpT150-250  ||   nEvents =  63460137
Applied WPlusJets ewk Weights correctly
          hist weight =  0.0469289295735*leptonWeight*bjetWeight*puWeight*muonTriggerWeight*EE_L1_prefire_Weight*electronTriggerWeight*genWeightSign*METTriggerWeight*ewkWWeight
          hist nEntries =  73.0
          hist integral =  1.05340084527
-----------------------------
Total data background nEvents =  5502.0
Total data background integral =  5502.0
-----------------------------
Total MC background nEvents =  789068.0
Total MC background integral =  4816.93255043
-----------------------------
Total tt+DM signal nEvents =  4257.0
Total tt+DM signal integral =  75.6423472166
Total t+DM signal nEvents =  1206.0
Total t+DM signal integral =  115.534318686
-----------------------------
FOM for tt+DM signal =  0.521504219461
FOM for t+DM signal =  0.624717697726
-----------------------------
Data bin content:
    bin 0: 0.0
    bin 1: 1579.0
    bin 2: 1131.0
    bin 3: 761.0
    bin 4: 530.0
    bin 5: 368.0
    bin 6: 306.0
    bin 7: 197.0
    bin 8: 139.0
    bin 9: 105.0
    bin 10: 75.0
    bin 11: 73.0
    bin 12: 58.0
    bin 13: 36.0
    bin 14: 27.0
    bin 15: 21.0
    bin 16: 96.0
-----------------------------
MC background bin content:
    bin 0: 0.0
    bin 1: 1568.51428223
    bin 2: 1047.05444336
    bin 3: 624.374633789
    bin 4: 415.347290039
    bin 5: 299.116271973
    bin 6: 225.452774048
    bin 7: 156.497711182
    bin 8: 110.049530029
    bin 9: 83.9462432861
    bin 10: 63.6246337891
    bin 11: 49.1270141602
    bin 12: 35.5306396484
    bin 13: 29.962097168
    bin 14: 20.5015144348
    bin 15: 17.5939769745
    bin 16: 70.2394943237
-----------------------------
tt+DM bin content:
    bin 0: 0.0
    bin 1: 15.3861427307
    bin 2: 12.1593208313
    bin 3: 9.0363483429
    bin 4: 7.57369947433
    bin 5: 5.8279132843
    bin 6: 5.14711618423
    bin 7: 3.67754220963
    bin 8: 2.82141947746
    bin 9: 2.55659747124
    bin 10: 2.32152867317
    bin 11: 1.24561977386
    bin 12: 1.40245246887
    bin 13: 1.29191064835
    bin 14: 0.910429179668
    bin 15: 0.681225240231
    bin 16: 3.60308122635
-----------------------------
t+DM bin content:
    bin 0: 0.0
    bin 1: 15.6329650879
    bin 2: 15.7267532349
    bin 3: 12.3511829376
    bin 4: 11.4539852142
    bin 5: 12.2915887833
    bin 6: 9.53776454926
    bin 7: 6.67451095581
    bin 8: 5.45718955994
    bin 9: 3.98981332779
    bin 10: 3.31686353683
    bin 11: 3.84972524643
    bin 12: 2.81366014481
    bin 13: 1.02521252632
    bin 14: 2.14168691635
    bin 15: 1.71921253204
    bin 16: 7.55220413208
-----------------------------
Data bin errors:
    bin 0: 0.0
    bin 1: 39.7366329726
    bin 2: 33.6303434416
    bin 3: 27.5862284483
    bin 4: 23.0217288664
    bin 5: 19.1833260933
    bin 6: 17.49285568Info in <TCanvas::Print>: png file AH0l1fSR2017_METcorrected_pt_02_24_2023_dPhiTkPFMETcut.png has been created
45
    bin 7: 14.0356688476
    bin 8: 11.7898261226
    bin 9: 10.246950766
    bin 10: 8.66025403784
    bin 11: 8.54400374532
    bin 12: 7.61577310586
    bin 13: 6.0
    bin 14: 5.19615242271
    bin 15: 4.58257569496
    bin 16: 9.79795897113
-----------------------------
MC background bin errors:
    bin 0: 0.0
    bin 1: 145.042942309
    bin 2: 99.7957723069
    bin 3: 10.3303266759
    bin 4: 7.01064683625
    bin 5: 5.99414148149
    bin 6: 6.07472407802
    bin 7: 3.61959652344
    bin 8: 2.70744356922
    bin 9: 2.42436054084
    bin 10: 2.2028590972
    bin 11: 1.96038852057
    bin 12: 1.37992080583
    bin 13: 1.69130194464
    bin 14: 0.872791852162
    bin 15: 0.873382841621
    bin 16: 1.72882678199
-----------------------------
tt+DM bin errors:
    bin 0: 0.0
    bin 1: 0.569566525506
    bin 2: 0.504018865195
    bin 3: 0.432922525588
    bin 4: 0.396335654279
    bin 5: 0.35168464005
    bin 6: 0.328700500537
    bin 7: 0.276826413325
    bin 8: 0.242610341804
    bin 9: 0.237921660173
    bin 10: 0.223959820996
    bin 11: 0.159705305172
    bin 12: 0.172379362365
    bin 13: 0.164157089333
    bin 14: 0.137736641595
    bin 15: 0.120075582242
    bin 16: 0.274491538327
-----------------------------
t+DM bin errors:
    bin 0: 0.0
    bin 1: 1.49835736633
    bin 2: 1.51293486848
    bin 3: 1.32252201317
    bin 4: 1.26773401293
    bin 5: 1.39493462614
    bin 6: 1.22885027897
    bin 7: 0.968815413171
    bin 8: 0.897419932759
    bin 9: 0.734447342674
    bin 10: 0.691867109104
    bin 11: 0.746536992812
    bin 12: 0.595716777414
    bin 13: 0.356014849508
    bin 14: 0.555282914077
    bin 15: 0.45839805588
    bin 16: 0.97606716849
-----------------------------
ZTo2Nu hist info:
    nEvents =  430589.0
    integral =  1087.87997723
tbar scalar hist info:
    nEvents =  1206.0
    integral =  115.534318686
TTTo2L2Nu hist info:
    nEvents =  465.0
    integral =  161.302508622
singleTop hist info:
    nEvents =  1396.0
    integral =  205.507960081
TTV hist info:
    nEvents =  75426.0
    integral =  48.9373495579
bkgSum hist info:
    nEvents =  789068.0
    integral =  4816.93255043
ttbar scalar hist info:
    nEvents =  4257.0
    integral =  75.6423472166
VV hist info:
    nEvents =  19081.0
    integral =  126.818796575
QCD hist info:
    nEvents =  222.0
    integral =  460.286343886
ZTo2L hist info:
    nEvents =  4589.0
    integral =  10.3358479901
data hist info:
    nEvents =  5502.0
    integral =  5502.0
WPlusJets hist info:
    nEvents =  217251.0
    integral =  564.454476833
TTToSemiLepton hist info:
    nEvents =  40049.0
    integral =  2151.40929127
Finished filling histograms
Creating stacked MC background histogram...
Finished stacking MC background histograms.
Drawing histograms...
Finished drawing histograms
Drawing ratio plot...
Plotting end time: 2023-02-27 09:19:16.536825
