plots/plot.py:952: SyntaxWarning: name 'counter' is used prior to global declaration
  global counter
Cut name =  AH0lZR
MC Selection Cuts =  (nVetoElectrons + nLooseMuons) == 0 && njets >= 3 && nbjets == 0 && METcorrected_pt >= 250 && ntaus == 0 && minDeltaPhi12 >= 0.8 && Flag_goodVertices && Flag_globalSuperTightHalo2016Filter && Flag_HBHENoiseFilter && Flag_HBHENoiseIsoFilter && Flag_EcalDeadCellTriggerPrimitiveFilter && Flag_BadPFMuonFilter && (HLT_PFMETNoMu120_PFMHTNoMu120_IDTight) && PV_npvsGood > 0 && PV_ndof > 4 && abs(PV_z) < 24 && sqrt(pow(PV_x,2)+pow(PV_y,2)) < 2
Data Selection Cuts =  (nVetoElectrons + nLooseMuons) == 0 && njets >= 3 && nbjets == 0 && METcorrected_pt >= 250 && ntaus == 0 && minDeltaPhi12 >= 0.8 && Flag_goodVertices && Flag_globalSuperTightHalo2016Filter && Flag_HBHENoiseFilter && Flag_HBHENoiseIsoFilter && Flag_EcalDeadCellTriggerPrimitiveFilter && Flag_BadPFMuonFilter && (HLT_PFMETNoMu120_PFMHTNoMu120_IDTight) && PV_npvsGood > 0 && PV_ndof > 4 && abs(PV_z) < 24 && sqrt(pow(PV_x,2)+pow(PV_y,2)) < 2 && Flag_eeBadScFilter
var =  METcorrected_pt
year =  2016
lumi =  36.31
saveDirectory =  plots/2016_QCDCR_debugging/RunII_plots/fJet_pt/
date =  02_21_2024
applying HEM fix for 2018...
Creating histograms..
Histogram options: 
    nbins =  15
    xmin =  250
    xmax =  550
    auto_y =  True
    doLogPlot =  True
    drawData =  False
    mediatorType =  scalar
    mchi =  1
    mphi =  100
    normalizePlots =  False
    doBinned =  False
    savePlots =  True
    combineEleMu =  True
    doSys =  False
    doSysFirstHalf =  False
    doSysSecondHalf =  False
    drawOverflow =  True
    drawUnderflow =  False
    plotSys =  True
    plotSysVar =  CMS_res_j
    plotSysSignal =  False
Adding background up/down variation histograms...
    QCD_sysUp histogram made
    QCD_sysDown histogram made
    Other_sysUp histogram made
    Other_sysDown histogram made
    ZTo2L_sysUp histogram made
    ZTo2L_sysDown histogram made
    VV_sysUp histogram made
    VV_sysDown histogram made
    singleTop_sysUp histogram made
    singleTop_sysDown histogram made
    WPlusJets_sysUp histogram made
    WPlusJets_sysDown histogram made
    TTV_sysUp histogram made
    TTV_sysDown histogram made
    TTTo2L2Nu_sysUp histogram made
    TTTo2L2Nu_sysDown histogram made
    TTToSemiLepton_sysUp histogram made
    TTToSemiLepton_sysDown histogram made
    ZTo2Nu_sysUp histogram made
    ZTo2Nu_sysDown histogram made
    bkgSum_sysUp histogram made
    bkgSum_sysDown histogram made
    ttbar scalar_sysUp histogram made
    ttbar scalar_sysDown histogram made
    tbar scalar_sysUp histogram made
    tbar scalar_sysDown histogram made
Selected MET dataset
Loading data sample root files and event trees...
    ----Loading /hdfs/store/user/vshang/MET_Run2016B/MET/ModuleCommonSkim_12242022/tree_all.root
    ----Loading /hdfs/store/user/vshang/MET_Run2016C/MET/ModuleCommonSkim_12242022/tree_all.root
    ----Loading /hdfs/store/user/vshang/MET_Run2016D/MET/ModuleCommonSkim_12242022/tree_all.root
    ----Loading /hdfs/store/user/vshang/MET_Run2016E/MET/ModuleCommonSkim_12242022/tree_all.root
    ----Loading /hdfs/store/user/vshang/MET_Run2016F/MET/ModuleCommonSkim_12242022/tree_all.root
    ----Loading /hdfs/store/user/vshang/MET_Run2016G/MET/ModuleCommonSkim_12242022/tree_all.root
    ----Loading /hdfs/store/user/vshang/MET_Run2016H/MET/ModuleCommonSkim_12242022/tree_all.root
    total nevents in  MET :  1348249
Got data sample root files and event trees
Loading MC sample root files and event trees...
Loading process:  ZTo2Nu
    ----Loading HT600To800
    nevents in  ZTo2Nu   HT600To800 :  5693589
    ----Loading HT1200To2500
    nevents in  ZTo2Nu   HT1200To2500 :  513471
    ----Loading HT100To200
    nevents in  ZTo2Nu   HT100To200 :  24272858
    ----Loading HT2500ToInf
    nevents in  ZTo2Nu   HT2500ToInf :  405030
    ----Loading HT400To600
    nevents in  ZTo2Nu   HT400To600 :  9862869
    ----Loading HT200To400
    nevents in  ZTo2Nu   HT200To400 :  24761211
    ----Loading HT800To1200
    nevents in  ZTo2Nu   HT800To1200 :  2170137
Loading process:  tbar scalar
    ----Loading tChan_MChi1_MPhi100_scalar
    nevents in  tbar scalar   tChan_MChi1_MPhi100_scalar :  302000
    ----Loading tWChan_MChi1_MPhi100_scalar
    nevents in  tbar scalar   tWChan_MChi1_MPhi100_scalar :  172000
Loading process:  TTV
    ----Loading TTZToQQ
    nevents in  TTV   TTZToQQ :  351164
    ----Loading TTWJetsToLNu
    nevents in  TTV   TTWJetsToLNu :  2716249
    ----Loading TTWJetsToQQ
    nevents in  TTV   TTWJetsToQQ :  430310
    ----Loading TTZToLLNuNu
    nevents in  TTV   TTZToLLNuNu :  6387280
Loading process:  WW
    ----Loading WWTo1L1Nu2Q
    nevents in  WW   WWTo1L1Nu2Q :  3267135
    ----Loading WWTo4Q
    nevents in  WW   WWTo4Q :  19083133
    ----Loading WWTo2L2Nu
    nevents in  WW   WWTo2L2Nu :  1999000
Loading process:  ttbarPlusJets
    ----Loading TTToSemiLepton
    nevents in  ttbarPlusJets   TTToSemiLepton :  152669800
    ----Loading TTTo2L2Nu
    nevents in  ttbarPlusJets   TTTo2L2Nu :  79140880
Loading process:  Other
    ----Loading ZH_HToBB_ZToNuNu
    nevents in  Other   ZH_HToBB_ZToNuNu :  1242519
    ----Loading tZq
    nevents in  Other   tZq :  3618998
    ----Loading WplusH_HToBB_WToLNu
    nevents in  Other   WplusH_HToBB_WToLNu :  2322111
    ----Loading GluGluHToZZTo4L
    nevents in  Other   GluGluHToZZTo4L :  999800
    ----Loading ttHTobb
    nevents in  Other   ttHTobb :  3799066
    ----Loading ZZZ
    nevents in  Other   ZZZ :  213197
    ----Loading TTGJets
    nevents in  Other   TTGJets :  4774447
    ----Loading WplusH_HToBB_WToQQ
    nevents in  Other   WplusH_HToBB_WToQQ :  469869
    ----Loading WminusH_HToBB_WToLNu
    nevents in  Other   WminusH_HToBB_WToLNu :  2293443
    ----Loading WWW
    nevents in  Other   WWW :  210538
    ----Loading ttHToNonbb
    nevents in  Other   ttHToNonbb :  3905798
    ----Loading WWZ
    nevents in  Other   WWZ :  221468
    ----Loading WZZ
    nevents in  Other   WZZ :  216366
    ----Loading WWG
    nevents in  Other   WWG :  827630
    ----Loading TTTT
    nevents in  Other   TTTT :  104640
    ----Loading WminusH_HToBB_WToQQ
    nevents in  Other   WminusH_HToBB_WToQQ :  471984
    ----Loading WZG
    nevents in  Other   WZG :  844854
    ----Loading VHToNonbb
    nevents in  Other   VHToNonbb :  461452
Loading process:  ttbar scalar
    ----Loading ttDM_MChi1_MPhi100_scalar
    nevents in  ttbar scalar   ttDM_MChi1_MPhi100_scalar :  2621245
Loading process:  ZZ
    ----Loading ZZTo2Q2Nu
    nevents in  ZZ   ZZTo2Q2Nu :  18722534
    ----Loading ZZTo4L
    nevents in  ZZ   ZZTo4L :  103121112
    ----Loading ZZTo2L2Q
    nevents in  ZZ   ZZTo2L2Q :  9762305
    ----Loading ZZTo2L2Nu
    nevents in  ZZ   ZZTo2L2Nu :  52855410
    ----Loading ZZTo4Q
    nevents in  ZZ   ZZTo4Q :  18954431
Loading process:  QCD
    ----Loading HT700To1000
    nevents in  QCD   HT700To1000 :  37233786
    ----Loading HT500To700
    nevents in  QCD   HT500To700 :  62622029
    ----Loading HT100To200
    nevents in  QCD   HT100To200 :  82293477
    ----Loading HT300To500
    nevents in  QCD   HT300To500 :  54552852
    ----Loading HT200To300
    nevents in  QCD   HT200To300 :  57580393
    ----Loading HT2000ToInf
    nevents in  QCD   HT2000ToInf :  5804179
    ----Loading HT1000To1500
    nevents in  QCD   HT1000To1500 :  15210939
    ----Loading HT1500To2000
    nevents in  QCD   HT1500To2000 :  11839357
Loading process:  ZTo2L
    ----Loading HT600To800
    nevents in  ZTo2L   HT600To800 :  8292957
    ----Loading HT1200To2500
    nevents in  ZTo2L   HT1200To2500 :  596079
    ----Loading HT100To200
    nevents in  ZTo2L   HT100To200 :  11017086
    ----Loading HT2500ToInf
    nevents in  ZTo2L   HT2500ToInf :  399492
    ----Loading HT400To600
    nevents in  ZTo2L   HT400To600 :  9725661
    ----Loading HT200To400
    nevents in  ZTo2L   HT200To400 :  9609137
    ----Loading HT800To1200
    nevents in  ZTo2L   HT800To1200 :  2673066
Loading process:  singleTop
    ----Loading ST_s-channel
    nevents in  singleTop   ST_s-channel :  622990
    ----Loading ST_t-channel_antitop
    nevents in  singleTop   ST_t-channel_antitop :  38811017
    ----Loading ST_t-channel_top
    nevents in  singleInfo in <TCanvas::MakeDefCanvas>:  created default TCanvas with name c1
TFile::Append:0: RuntimeWarning: Replacing existing TH1: hist (Potential memory leak).
TFile::Append:0: RuntimeWarning: Replacing existing TH1: hist (Potential memory leak).
TFile::Append:0: RuntimeWarning: Replacing existing TH1: hist (Potential memory leak).
TFile::Append:0: RuntimeWarning: Replacing existing TH1: hist (Potential memory leak).
TFile::Append:0: RuntimeWarning: Replacing existing TH1: hist (Potential memory leak).
Top   ST_t-channel_top :  58403420
    ----Loading ST_tW_top
    nevents in  singleTop   ST_tW_top :  6952830
    ----Loading ST_tW_antitop
    nevents in  singleTop   ST_tW_antitop :  6933094
Loading process:  WZ
    ----Loading WZTo2Q2Nu
    nevents in  WZ   WZTo2Q2Nu :  10330111
    ----Loading WZTo3LNu
    nevents in  WZ   WZTo3LNu :  19993200
    ----Loading WZTo1L1Nu2Q
    nevents in  WZ   WZTo1L1Nu2Q :  14109151
    ----Loading WZTo1L3Nu
    nevents in  WZ   WZTo1L3Nu :  942046
    ----Loading WZTo2L2Q
    nevents in  WZ   WZTo2L2Q :  15836703
Loading process:  WPlusJets
    ----Loading HT600To800
    nevents in  WPlusJets   HT600To800 :  18687480
    ----Loading HT70To100
    nevents in  WPlusJets   HT70To100 :  10020533
    ----Loading HT1200To2500
    nevents in  WPlusJets   HT1200To2500 :  6872441
    ----Loading HT100To200
    nevents in  WPlusJets   HT100To200 :  78043017
    ----Loading HT2500ToInf
    nevents in  WPlusJets   HT2500ToInf :  2637821
    ----Loading HT800To1200
    nevents in  WPlusJets   HT800To1200 :  7830536
    ----Loading HT200To400
    nevents in  WPlusJets   HT200To400 :  38984322
    ----Loading HT400To600
    nevents in  WPlusJets   HT400To600 :  7687800
Got MC sample root files and event trees
Filling data histograms...
Filling MC histograms...
  Process =  ZTo2Nu
      Dataset =  HT600To800  ||   nEvents =  5693589
Applied ZTo2Nu qcd/ewk Weights correctly
          hist weight =  0.0163196342412*leptonWeight*bjetWeight*puWeight*muonTriggerWeight*EE_L1_prefire_Weight*electronTriggerWeight*genWeightSign*METTriggerWeight*qcdZTo2NuWeight*ewkZWeight
          hist nEntries =  466610.0
          hist integral =  9077.0960083
          Adding up/down varations for systematic given by plotSysVar to MC background histograms...
      Dataset =  HT1200To2500  ||   nEvents =  513471
Applied ZTo2Nu qcd/ewk Weights correctly
          hist weight =  0.0203891988058*leptonWeight*bjetWeight*puWeight*muonTriggerWeight*EE_L1_prefire_Weight*electronTriggerWeight*genWeightSign*METTriggerWeight*qcdZTo2NuWeight*ewkZWeight
          hist nEntries =  48050.0
          hist integral =  1095.32453537
          Adding up/down varations for systematic given by plotSysVar to MC background histograms...
      Dataset =  HT100To200  ||   nEvents =  24272858
Applied ZTo2Nu qcd/ewk Weights correctly
          hist weight =  0.419378241326*leptonWeight*bjetWeight*puWeight*muonTriggerWeight*EE_L1_prefire_Weight*electronTriggerWeight*genWeightSign*METTriggerWeight*qcdZTo2NuWeight*ewkZWeight
          hist nEntries =  360.0
          hist integral =  191.182698078
          Adding up/down varations for systematic given by plotSysVar to MC background histograms...
      Dataset =  HT2500ToInf  ||   nEvents =  405030
Applied ZTo2Nu qcd/ewk Weights correctly
          hist weight =  0.000622603140508*leptonWeight*bjetWeight*puWeight*muonTriggerWeight*EE_L1_prefire_Weight*electronTriggerWeight*genWeightSign*METTriggerWeight*qcdZTo2NuWeight*ewkZWeight
          hist nEntries =  34338.0
          hist integral =  26.9884876013
          Adding up/down varations for systematic given by plotSysVar to MC background histograms...
      Dataset =  HT400To600  ||   nEvents =  9862869
Applied ZTo2Nu qcd/ewk Weights correctly
          hist weight =  0.0395023293932*leptonWeight*bjetWeight*puWeight*muonTriggerWeight*EE_L1_prefire_Weight*electronTriggerWeight*genWeightSign*METTriggerWeight*qcdZTo2NuWeight*ewkZWeight
          hist nEntries =  525115.0
          hist integral =  26082.0925293
          Adding up/down varations for systematic given by plotSysVar to MC background histograms...
      Dataset =  HT200To400  ||   nEvents =  24761211
Applied ZTo2Nu qcd/ewk Weights correctly
          hist weight =  0.113895790476*leptonWeight*bjetWeight*puWeight*muonTriggerWeight*EE_L1_prefire_Weight*electronTriggerWeight*genWeightSign*METTriggerWeight*qcdZTo2NuWeight*ewkZWeight
          hist nEntries =  178877.0
          hist integral =  26792.0405765
          Adding up/down varations for systematic given by plotSysVar to MC backgroundTFile::Append:0: RuntimeWarning: Replacing existing TH1: hist (Potential memory leak).
TFile::Append:0: RuntimeWarning: Replacing existing TH1: hist (Potential memory leak).
TFile::Append:0: RuntimeWarning: Replacing existing TH1: hist (Potential memory leak).
TFile::Append:0: RuntimeWarning: Replacing existing TH1: hist (Potential memory leak).
TFile::Append:0: RuntimeWarning: Replacing existing TH1: hist (Potential memory leak).
TFile::Append:0: RuntimeWarning: Replacing existing TH1: hist (Potential memory leak).
TFile::Append:0: RuntimeWarning: Replacing existing TH1: hist (Potential memory leak).
TFile::Append:0: RuntimeWarning: Replacing existing TH1: hist (Potential memory leak).
TFile::Append:0: RuntimeWarning: Replacing existing TH1: hist (Potential memory leak).
TFile::Append:0: RuntimeWarning: Replacing existing TH1: hist (Potential memory leak).
 histograms...
      Dataset =  HT800To1200  ||   nEvents =  2170137
Applied ZTo2Nu qcd/ewk Weights correctly
          hist weight =  0.0197366691596*leptonWeight*bjetWeight*puWeight*muonTriggerWeight*EE_L1_prefire_Weight*electronTriggerWeight*genWeightSign*METTriggerWeight*qcdZTo2NuWeight*ewkZWeight
          hist nEntries =  201737.0
          hist integral =  4552.09044647
          Adding up/down varations for systematic given by plotSysVar to MC background histograms...
  Process =  tbar scalar
      Dataset =  tChan_MChi1_MPhi100_scalar  ||   nEvents =  302000
          hist weight =  0.034242013245*leptonWeight*bjetWeight*puWeight*muonTriggerWeight*EE_L1_prefire_Weight*electronTriggerWeight*genWeightSign*METTriggerWeight
          hist nEntries =  3298.0
          hist integral =  110.550317824
          Adding up/down varations for systematic given by plotSysVar to MC background histograms...
      Dataset =  tWChan_MChi1_MPhi100_scalar  ||   nEvents =  172000
          hist weight =  0.0115980895349*leptonWeight*bjetWeight*puWeight*muonTriggerWeight*EE_L1_prefire_Weight*electronTriggerWeight*genWeightSign*METTriggerWeight
          hist nEntries =  5287.0
          hist integral =  59.7577787042
          Adding up/down varations for systematic given by plotSysVar to MC background histograms...
  Process =  TTV
      Dataset =  TTZToQQ  ||   nEvents =  351164
          hist weight =  0.0547704405919*leptonWeight*bjetWeight*puWeight*muonTriggerWeight*EE_L1_prefire_Weight*electronTriggerWeight*genWeightSign*METTriggerWeight
          hist nEntries =  635.0
          hist integral =  15.4558061818
          Adding up/down varations for systematic given by plotSysVar to MC background histograms...
      Dataset =  TTWJetsToLNu  ||   nEvents =  2716249
          hist weight =  0.00273102097783*leptonWeight*bjetWeight*puWeight*muonTriggerWeight*EE_L1_prefire_Weight*electronTriggerWeight*genWeightSign*METTriggerWeight
          hist nEntries =  9332.0
          hist integral =  11.6978309192
          Adding up/down varations for systematic given by plotSysVar to MC background histograms...
      Dataset =  TTWJetsToQQ  ||   nEvents =  430310
          hist weight =  0.0342755734238*leptonWeight*bjetWeight*puWeight*muonTriggerWeight*EE_L1_prefire_Weight*electronTriggerWeight*genWeightSign*METTriggerWeight
          hist nEntries =  896.0
          hist integral =  12.8444331996
          Adding up/down varations for systematic given by plotSysVar to MC background histograms...
      Dataset =  TTZToLLNuNu  ||   nEvents =  6387280
          hist weight =  0.0014376697123*leptonWeight*bjetWeight*puWeight*muonTriggerWeight*EE_L1_prefire_Weight*electronTriggerWeight*genWeightSign*METTriggerWeight
          hist nEntries =  125491.0
          hist integral =  73.3831365108
          Adding up/down varations for systematic given by plotSysVar to MC background histograms...
  Process =  WW
      Dataset =  WWTo1L1Nu2Q  ||   nEvents =  3267135
          hist weight =  0.555652297808*leptonWeight*bjetWeight*puWeight*muonTriggerWeight*EE_L1_prefire_Weight*electronTriggerWeight*genWeightSign*METTriggerWeight
          hist nEntries =  6357.0
          hist integral =  1463.04450226
          Adding up/down varations for systematic given by plotSysVar to MC background histograms...
      Dataset =  WWTo4Q  ||   nEvents =  19083133
          hist weight =  0.0984147692101*leptonWeight*bjetWeight*puWeight*muonTriggerWeight*EE_L1_prefire_Weight*electronTriggerWeight*genWeightSign*METTriggerWeight
          hist nEntries =  24.0
          hist integral =  1.3715621233
          Adding up/down varations for systematic given by plotSysVar to MC background histograms...
      Dataset =  WWTo2L2Nu  ||   nEvents =  1999000
          hist weight =  0.221202191096*leptonWeight*bjetWeight*puWeight*muonTriggerWeight*EE_L1_prefire_Weight*electronTriggerWeight*genWeightSign*METTriggerWeight
          hist nEntries =  495.0
          hist integral =  105.035173804
          Adding up/down varations for systematic given by plotSysVar to MC backgrTFile::Append:0: RuntimeWarning: Replacing existing TH1: hist (Potential memory leak).
TFile::Append:0: RuntimeWarning: Replacing existing TH1: hist (Potential memory leak).
TFile::Append:0: RuntimeWarning: Replacing existing TH1: hist (Potential memory leak).
TFile::Append:0: RuntimeWarning: Replacing existing TH1: hist (Potential memory leak).
TFile::Append:0: RuntimeWarning: Replacing existing TH1: hist (Potential memory leak).
TFile::Append:0: RuntimeWarning: Replacing existing TH1: hist (Potential memory leak).
TFile::Append:0: RuntimeWarning: Replacing existing TH1: hist (Potential memory leak).
TFile::Append:0: RuntimeWarning: Replacing existing TH1: hist (Potential memory leak).
TFile::Append:0: RuntimeWarning: Replacing existing TH1: hist (Potential memory leak).
TFile::Append:0: RuntimeWarning: Replacing existing TH1: hist (Potential memory leak).
ound histograms...
  Process =  ttbarPlusJets
      Dataset =  TTToSemiLepton  ||   nEvents =  152669800
          hist weight =  0.0866546527211*leptonWeight*bjetWeight*puWeight*muonTriggerWeight*EE_L1_prefire_Weight*electronTriggerWeight*genWeightSign*METTriggerWeight
          hist nEntries =  80414.0
          hist integral =  6788.28254509
          Adding up/down varations for systematic given by plotSysVar to MC background histograms...
      Dataset =  TTTo2L2Nu  ||   nEvents =  79140880
          hist weight =  0.0400580092109*leptonWeight*bjetWeight*puWeight*muonTriggerWeight*EE_L1_prefire_Weight*electronTriggerWeight*genWeightSign*METTriggerWeight
          hist nEntries =  13408.0
          hist integral =  515.894596219
          Adding up/down varations for systematic given by plotSysVar to MC background histograms...
  Process =  Other
      Dataset =  ZH_HToBB_ZToNuNu  ||   nEvents =  1242519
          hist weight =  0.00300995799662*leptonWeight*bjetWeight*puWeight*muonTriggerWeight*EE_L1_prefire_Weight*electronTriggerWeight*genWeightSign*METTriggerWeight
          hist nEntries =  4949.0
          hist integral =  4.84442046285
          Adding up/down varations for systematic given by plotSysVar to MC background histograms...
      Dataset =  tZq  ||   nEvents =  3618998
          hist weight =  0.000760513821782*leptonWeight*bjetWeight*puWeight*muonTriggerWeight*EE_L1_prefire_Weight*electronTriggerWeight*genWeightSign*METTriggerWeight
          hist nEntries =  1444.0
          hist integral =  0.227919713361
          Adding up/down varations for systematic given by plotSysVar to MC background histograms...
      Dataset =  WplusH_HToBB_WToLNu  ||   nEvents =  2322111
          hist weight =  0.00249247947234*leptonWeight*bjetWeight*puWeight*muonTriggerWeight*EE_L1_prefire_Weight*electronTriggerWeight*genWeightSign*METTriggerWeight
          hist nEntries =  409.0
          hist integral =  0.957509847358
          Adding up/down varations for systematic given by plotSysVar to MC background histograms...
      Dataset =  GluGluHToZZTo4L  ||   nEvents =  999800
          hist weight =  0.000435807161432*leptonWeight*bjetWeight*puWeight*muonTriggerWeight*EE_L1_prefire_Weight*electronTriggerWeight*genWeightSign*METTriggerWeight
          hist nEntries =  10.0
          hist integral =  0.00400771372369
          Adding up/down varations for systematic given by plotSysVar to MC background histograms...
      Dataset =  ttHTobb  ||   nEvents =  3799066
          hist weight =  0.00146231468471*leptonWeight*bjetWeight*puWeight*muonTriggerWeight*EE_L1_prefire_Weight*electronTriggerWeight*genWeightSign*METTriggerWeight
          hist nEntries =  679.0
          hist integral =  0.877012876444
          Adding up/down varations for systematic given by plotSysVar to MC background histograms...
      Dataset =  ZZZ  ||   nEvents =  213197
          hist weight =  0.00238436750986*leptonWeight*bjetWeight*puWeight*muonTriggerWeight*EE_L1_prefire_Weight*electronTriggerWeight*genWeightSign*METTriggerWeight
          hist nEntries =  2314.0
          hist integral =  4.40517891943
          Adding up/down varations for systematic given by plotSysVar to MC background histograms...
      Dataset =  TTGJets  ||   nEvents =  4774447
          hist weight =  0.0281159409666*leptonWeight*bjetWeight*puWeight*muonTriggerWeight*EE_L1_prefire_Weight*electronTriggerWeight*genWeightSign*METTriggerWeight
          hist nEntries =  9415.0
          hist integral =  71.967891939
          Adding up/down varations for systematic given by plotSysVar to MC background histograms...
      Dataset =  WplusH_HToBB_WToQQ  ||   nEvents =  469869
          hist weight =  0.0254859077743*leptonWeight*bjetWeight*puWeight*muonTriggerWeight*EE_L1_prefire_Weight*electronTriggerWeight*genWeightSign*METTriggerWeight
          hist nEntries =  2.0
          hist integral =  0.060293039307
          Adding up/down varations for systematic given by plotSysVar to MC background histograms...
      Dataset =  WminusH_HToBB_WToLNu  ||   nEvents =  229344TFile::Append:0: RuntimeWarning: Replacing existing TH1: hist (Potential memory leak).
TFile::Append:0: RuntimeWarning: Replacing existing TH1: hist (Potential memory leak).
TFile::Append:0: RuntimeWarning: Replacing existing TH1: hist (Potential memory leak).
TFile::Append:0: RuntimeWarning: Replacing existing TH1: hist (Potential memory leak).
TFile::Append:0: RuntimeWarning: Replacing existing TH1: hist (Potential memory leak).
TFile::Append:0: RuntimeWarning: Replacing existing TH1: hist (Potential memory leak).
TFile::Append:0: RuntimeWarning: Replacing existing TH1: hist (Potential memory leak).
TFile::Append:0: RuntimeWarning: Replacing existing TH1: hist (Potential memory leak).
TFile::Append:0: RuntimeWarning: Replacing existing TH1: hist (Potential memory leak).
TFile::Append:0: RuntimeWarning: Replacing existing TH1: hist (Potential memory leak).
TFile::Append:0: RuntimeWarning: Replacing existing TH1: hist (Potential memory leak).
3
          hist weight =  0.00160062447595*leptonWeight*bjetWeight*puWeight*muonTriggerWeight*EE_L1_prefire_Weight*electronTriggerWeight*genWeightSign*METTriggerWeight
          hist nEntries =  287.0
          hist integral =  0.441797685693
          Adding up/down varations for systematic given by plotSysVar to MC background histograms...
      Dataset =  WWW  ||   nEvents =  210538
          hist weight =  0.0359757668449*leptonWeight*bjetWeight*puWeight*muonTriggerWeight*EE_L1_prefire_Weight*electronTriggerWeight*genWeightSign*METTriggerWeight
          hist nEntries =  678.0
          hist integral =  21.021269381
          Adding up/down varations for systematic given by plotSysVar to MC background histograms...
      Dataset =  ttHToNonbb  ||   nEvents =  3905798
          hist weight =  0.00199873367747*leptonWeight*bjetWeight*puWeight*muonTriggerWeight*EE_L1_prefire_Weight*electronTriggerWeight*genWeightSign*METTriggerWeight
          hist nEntries =  2934.0
          hist integral =  5.36656265147
          Adding up/down varations for systematic given by plotSysVar to MC background histograms...
      Dataset =  WWZ  ||   nEvents =  221468
          hist weight =  0.0270519894522*leptonWeight*bjetWeight*puWeight*muonTriggerWeight*EE_L1_prefire_Weight*electronTriggerWeight*genWeightSign*METTriggerWeight
          hist nEntries =  2558.0
          hist integral =  60.5560303926
          Adding up/down varations for systematic given by plotSysVar to MC background histograms...
      Dataset =  WZZ  ||   nEvents =  216366
          hist weight =  0.00939777968812*leptonWeight*bjetWeight*puWeight*muonTriggerWeight*EE_L1_prefire_Weight*electronTriggerWeight*genWeightSign*METTriggerWeight
          hist nEntries =  3078.0
          hist integral =  24.9596080482
          Adding up/down varations for systematic given by plotSysVar to MC background histograms...
      Dataset =  WWG  ||   nEvents =  827630
          hist weight =  0.00941937459976*leptonWeight*bjetWeight*puWeight*muonTriggerWeight*EE_L1_prefire_Weight*electronTriggerWeight*genWeightSign*METTriggerWeight
          hist nEntries =  2172.0
          hist integral =  18.0990120322
          Adding up/down varations for systematic given by plotSysVar to MC background histograms...
      Dataset =  TTTT  ||   nEvents =  104640
          hist weight =  0.00312299311927*leptonWeight*bjetWeight*puWeight*muonTriggerWeight*EE_L1_prefire_Weight*electronTriggerWeight*genWeightSign*METTriggerWeight
          hist nEntries =  140.0
          hist integral =  0.140673037153
          Adding up/down varations for systematic given by plotSysVar to MC background histograms...
      Dataset =  WminusH_HToBB_WToQQ  ||   nEvents =  471984
          hist weight =  0.0160938760636*leptonWeight*bjetWeight*puWeight*muonTriggerWeight*EE_L1_prefire_Weight*electronTriggerWeight*genWeightSign*METTriggerWeight
          hist nEntries =  1.0
          hist integral =  0.0168839935213
          Adding up/down varations for systematic given by plotSysVar to MC background histograms...
      Dataset =  WZG  ||   nEvents =  844854
          hist weight =  0.00177197634147*leptonWeight*bjetWeight*puWeight*muonTriggerWeight*EE_L1_prefire_Weight*electronTriggerWeight*genWeightSign*METTriggerWeight
          hist nEntries =  2807.0
          hist integral =  4.52225916833
          Adding up/down varations for systematic given by plotSysVar to MC background histograms...
      Dataset =  VHToNonbb  ||   nEvents =  461452
          hist weight =  0.0749094597055*leptonWeight*bjetWeight*puWeight*muonTriggerWeight*EE_L1_prefire_Weight*electronTriggerWeight*genWeightSign*METTriggerWeight
          hist nEntries =  991.0
          hist integral =  29.2504522651
          Adding up/down varations for systematic given by plotSysVar to MC background histograms...
  Process =  ttbar scalar
      Dataset =  ttDM_MChi1_MPhi100_scalar  ||   nEvents =  2621245
          hist weight =  0.0100105666201*leptonWeight*bjetWeight*puWeight*muonTriggerWeight*EE_L1_prefire_Weight*electronTriggerWeight*genWeigTFile::Append:0: RuntimeWarning: Replacing existing TH1: hist (Potential memory leak).
TFile::Append:0: RuntimeWarning: Replacing existing TH1: hist (Potential memory leak).
TFile::Append:0: RuntimeWarning: Replacing existing TH1: hist (Potential memory leak).
TFile::Append:0: RuntimeWarning: Replacing existing TH1: hist (Potential memory leak).
TFile::Append:0: RuntimeWarning: Replacing existing TH1: hist (Potential memory leak).
TFile::Append:0: RuntimeWarning: Replacing existing TH1: hist (Potential memory leak).
TFile::Append:0: RuntimeWarning: Replacing existing TH1: hist (Potential memory leak).
TFile::Append:0: RuntimeWarning: Replacing existing TH1: hist (Potential memory leak).
TFile::Append:0: RuntimeWarning: Replacing existing TH1: hist (Potential memory leak).
TFile::Append:0: RuntimeWarning: Replacing existing TH1: hist (Potential memory leak).
htSign*METTriggerWeight*GenModel__TTbarDMJets_Inclusive_scalar_LO_Mchi_1_Mphi_100_TuneCP5_13TeV_madgraph_mcatnlo_pythia8
          hist nEntries =  15042.0
          hist integral =  146.195983171
          Adding up/down varations for systematic given by plotSysVar to MC background histograms...
  Process =  ZZ
      Dataset =  ZZTo2Q2Nu  ||   nEvents =  18722534
          hist weight =  0.00783507189785*leptonWeight*bjetWeight*puWeight*muonTriggerWeight*EE_L1_prefire_Weight*electronTriggerWeight*genWeightSign*METTriggerWeight
          hist nEntries =  208240.0
          hist integral =  655.877568245
          Adding up/down varations for systematic given by plotSysVar to MC background histograms...
      Dataset =  ZZTo4L  ||   nEvents =  103121112
          hist weight =  0.000426757616811*leptonWeight*bjetWeight*puWeight*muonTriggerWeight*EE_L1_prefire_Weight*electronTriggerWeight*genWeightSign*METTriggerWeight
          hist nEntries =  308.0
          hist integral =  0.124409286069
          Adding up/down varations for systematic given by plotSysVar to MC background histograms...
      Dataset =  ZZTo2L2Q  ||   nEvents =  9762305
          hist weight =  0.0119764953052*leptonWeight*bjetWeight*puWeight*muonTriggerWeight*EE_L1_prefire_Weight*electronTriggerWeight*genWeightSign*METTriggerWeight
          hist nEntries =  1279.0
          hist integral =  5.79516751971
          Adding up/down varations for systematic given by plotSysVar to MC background histograms...
      Dataset =  ZZTo2L2Nu  ||   nEvents =  52855410
          hist weight =  0.000387450215598*leptonWeight*bjetWeight*puWeight*muonTriggerWeight*EE_L1_prefire_Weight*electronTriggerWeight*genWeightSign*METTriggerWeight
          hist nEntries =  19506.0
          hist integral =  7.22339619696
          Adding up/down varations for systematic given by plotSysVar to MC background histograms...
      Dataset =  ZZTo4Q  ||   nEvents =  18954431
          hist weight =  0.0131068571776*leptonWeight*bjetWeight*puWeight*muonTriggerWeight*EE_L1_prefire_Weight*electronTriggerWeight*genWeightSign*METTriggerWeight
          hist nEntries =  30.0
          hist integral =  0.135245651996
          Adding up/down varations for systematic given by plotSysVar to MC background histograms...
  Process =  QCD
      Dataset =  HT700To1000  ||   nEvents =  37233786
          hist weight =  6.66151999692*leptonWeight*bjetWeight*puWeight*muonTriggerWeight*EE_L1_prefire_Weight*electronTriggerWeight*genWeightSign*METTriggerWeight
          hist nEntries =  575.0
          hist integral =  3658.24538898
          Adding up/down varations for systematic given by plotSysVar to MC background histograms...
      Dataset =  HT500To700  ||   nEvents =  62622029
          hist weight =  18.612475811*leptonWeight*bjetWeight*puWeight*muonTriggerWeight*EE_L1_prefire_Weight*electronTriggerWeight*genWeightSign*METTriggerWeight
          hist nEntries =  83.0
          hist integral =  1446.1339016
          Adding up/down varations for systematic given by plotSysVar to MC background histograms...
      Dataset =  HT100To200  ||   nEvents =  82293477
          hist weight =  12349.9083652*leptonWeight*bjetWeight*puWeight*muonTriggerWeight*EE_L1_prefire_Weight*electronTriggerWeight*genWeightSign*METTriggerWeight
          hist nEntries =  0.0
          hist integral =  0.0
          Adding up/down varations for systematic given by plotSysVar to MC background histograms...
      Dataset =  HT300To500  ||   nEvents =  54552852
          hist weight =  231.42670891*leptonWeight*bjetWeight*puWeight*muonTriggerWeight*EE_L1_prefire_Weight*electronTriggerWeight*genWeightSign*METTriggerWeight*(event!=159953384)
          hist nEntries =  1.0
          hist integral =  195.597793579
          Adding up/down varations for systematic given by plotSysVar to MC background histograms...
      Dataset =  HT200To300  ||   nEvents =  57580393
          hist weight =  1079.58137764*leptonWeight*bjetWeight*puWeight*muonTriggerWeight*EE_L1_prefire_Weight*electronTriggerWeight*genWeightSign*METTriggerWeighTFile::Append:0: RuntimeWarning: Replacing existing TH1: hist (Potential memory leak).
TFile::Append:0: RuntimeWarning: Replacing existing TH1: hist (Potential memory leak).
TFile::Append:0: RuntimeWarning: Replacing existing TH1: hist (Potential memory leak).
TFile::Append:0: RuntimeWarning: Replacing existing TH1: hist (Potential memory leak).
TFile::Append:0: RuntimeWarning: Replacing existing TH1: hist (Potential memory leak).
TFile::Append:0: RuntimeWarning: Replacing existing TH1: hist (Potential memory leak).
TFile::Append:0: RuntimeWarning: Replacing existing TH1: hist (Potential memory leak).
TFile::Append:0: RuntimeWarning: Replacing existing TH1: hist (Potential memory leak).
TFile::Append:0: RuntimeWarning: Replacing existing TH1: hist (Potential memory leak).
t
          hist nEntries =  0.0
          hist integral =  0.0
          Adding up/down varations for systematic given by plotSysVar to MC background histograms...
      Dataset =  HT2000ToInf  ||   nEvents =  5804179
          hist weight =  0.157897335696*leptonWeight*bjetWeight*puWeight*muonTriggerWeight*EE_L1_prefire_Weight*electronTriggerWeight*genWeightSign*METTriggerWeight
          hist nEntries =  1692.0
          hist integral =  263.993607521
          Adding up/down varations for systematic given by plotSysVar to MC background histograms...
      Dataset =  HT1000To1500  ||   nEvents =  15210939
          hist weight =  2.88122712214*leptonWeight*bjetWeight*puWeight*muonTriggerWeight*EE_L1_prefire_Weight*electronTriggerWeight*genWeightSign*METTriggerWeight
          hist nEntries =  959.0
          hist integral =  2653.18585968
          Adding up/down varations for systematic given by plotSysVar to MC background histograms...
      Dataset =  HT1500To2000  ||   nEvents =  11839357
          hist weight =  0.367720054391*leptonWeight*bjetWeight*puWeight*muonTriggerWeight*EE_L1_prefire_Weight*electronTriggerWeight*genWeightSign*METTriggerWeight
          hist nEntries =  1889.0
          hist integral =  656.726167679
          Adding up/down varations for systematic given by plotSysVar to MC background histograms...
  Process =  ZTo2L
      Dataset =  HT600To800  ||   nEvents =  8292957
Applied ZTo2L qcd/ewk Weights correctly
          hist weight =  0.00598529209786*leptonWeight*bjetWeight*puWeight*muonTriggerWeight*EE_L1_prefire_Weight*electronTriggerWeight*genWeightSign*METTriggerWeight*qcdZTo2LWeight*ewkZWeight
          hist nEntries =  12722.0
          hist integral =  88.6041915417
          Adding up/down varations for systematic given by plotSysVar to MC background histograms...
      Dataset =  HT1200To2500  ||   nEvents =  596079
Applied ZTo2L qcd/ewk Weights correctly
          hist weight =  0.00922249232065*leptonWeight*bjetWeight*puWeight*muonTriggerWeight*EE_L1_prefire_Weight*electronTriggerWeight*genWeightSign*METTriggerWeight*qcdZTo2LWeight*ewkZWeight
          hist nEntries =  1335.0
          hist integral =  13.3523395509
          Adding up/down varations for systematic given by plotSysVar to MC background histograms...
      Dataset =  HT100To200  ||   nEvents =  11017086
Applied ZTo2L qcd/ewk Weights correctly
          hist weight =  0.485799421008*leptonWeight*bjetWeight*puWeight*muonTriggerWeight*EE_L1_prefire_Weight*electronTriggerWeight*genWeightSign*METTriggerWeight*qcdZTo2LWeight*ewkZWeight
          hist nEntries =  5.0
          hist integral =  3.42526978254
          Adding up/down varations for systematic given by plotSysVar to MC background histograms...
      Dataset =  HT2500ToInf  ||   nEvents =  399492
Applied ZTo2L qcd/ewk Weights correctly
          hist weight =  0.00032402438597*leptonWeight*bjetWeight*puWeight*muonTriggerWeight*EE_L1_prefire_Weight*electronTriggerWeight*genWeightSign*METTriggerWeight*qcdZTo2LWeight*ewkZWeight
          hist nEntries =  1138.0
          hist integral =  0.41005469393
          Adding up/down varations for systematic given by plotSysVar to MC background histograms...
      Dataset =  HT400To600  ||   nEvents =  9725661
Applied ZTo2L qcd/ewk Weights correctly
          hist weight =  0.0211983720181*leptonWeight*bjetWeight*puWeight*muonTriggerWeight*EE_L1_prefire_Weight*electronTriggerWeight*genWeightSign*METTriggerWeight*qcdZTo2LWeight*ewkZWeight
          hist nEntries =  9960.0
          hist integral =  258.276831329
          Adding up/down varations for systematic given by plotSysVar to MC background histograms...
      Dataset =  HT200To400  ||   nEvents =  9609137
Applied ZTo2L qcd/ewk Weights correctly
          hist weight =  0.154888716854*leptonWeight*bjetWeight*puWeight*muonTriggerWeight*EE_L1_prefire_Weight*electronTriggerWeight*genWeightSign*METTriggerWeight*qcdZTo2LWeight*ewkZWeight
          hist nEntries =  1337.0
          hist integral =  263.681851849
          Adding up/down varations for systematic given by TFile::Append:0: RuntimeWarning: Replacing existing TH1: hist (Potential memory leak).
TFile::Append:0: RuntimeWarning: Replacing existing TH1: hist (Potential memory leak).
TFile::Append:0: RuntimeWarning: Replacing existing TH1: hist (Potential memory leak).
TFile::Append:0: RuntimeWarning: Replacing existing TH1: hist (Potential memory leak).
TFile::Append:0: RuntimeWarning: Replacing existing TH1: hist (Potential memory leak).
TFile::Append:0: RuntimeWarning: Replacing existing TH1: hist (Potential memory leak).
TFile::Append:0: RuntimeWarning: Replacing existing TH1: hist (Potential memory leak).
TFile::Append:0: RuntimeWarning: Replacing existing TH1: hist (Potential memory leak).
TFile::Append:0: RuntimeWarning: Replacing existing TH1: hist (Potential memory leak).
TFile::Append:0: RuntimeWarning: Replacing existing TH1: hist (Potential memory leak).
plotSysVar to MC background histograms...
      Dataset =  HT800To1200  ||   nEvents =  2673066
Applied ZTo2L qcd/ewk Weights correctly
          hist weight =  0.0085631346177*leptonWeight*bjetWeight*puWeight*muonTriggerWeight*EE_L1_prefire_Weight*electronTriggerWeight*genWeightSign*METTriggerWeight*qcdZTo2LWeight*ewkZWeight
          hist nEntries =  4899.0
          hist integral =  47.0830939114
          Adding up/down varations for systematic given by plotSysVar to MC background histograms...
  Process =  singleTop
      Dataset =  ST_s-channel  ||   nEvents =  622990
          hist weight =  0.19583235686*leptonWeight*bjetWeight*puWeight*muonTriggerWeight*EE_L1_prefire_Weight*electronTriggerWeight*genWeightSign*METTriggerWeight
          hist nEntries =  125.0
          hist integral =  14.3126561344
          Adding up/down varations for systematic given by plotSysVar to MC background histograms...
      Dataset =  ST_t-channel_antitop  ||   nEvents =  38811017
          hist weight =  0.0757522200462*leptonWeight*bjetWeight*puWeight*muonTriggerWeight*EE_L1_prefire_Weight*electronTriggerWeight*genWeightSign*METTriggerWeight
          hist nEntries =  838.0
          hist integral =  62.1768472195
          Adding up/down varations for systematic given by plotSysVar to MC background histograms...
      Dataset =  ST_t-channel_top  ||   nEvents =  58403420
          hist weight =  0.0845650169117*leptonWeight*bjetWeight*puWeight*muonTriggerWeight*EE_L1_prefire_Weight*electronTriggerWeight*genWeightSign*METTriggerWeight
          hist nEntries =  1670.0
          hist integral =  137.363889873
          Adding up/down varations for systematic given by plotSysVar to MC background histograms...
      Dataset =  ST_tW_top  ||   nEvents =  6952830
          hist weight =  0.187220671295*leptonWeight*bjetWeight*puWeight*muonTriggerWeight*EE_L1_prefire_Weight*electronTriggerWeight*genWeightSign*METTriggerWeight
          hist nEntries =  1947.0
          hist integral =  356.004054189
          Adding up/down varations for systematic given by plotSysVar to MC background histograms...
      Dataset =  ST_tW_antitop  ||   nEvents =  6933094
          hist weight =  0.187753620534*leptonWeight*bjetWeight*puWeight*muonTriggerWeight*EE_L1_prefire_Weight*electronTriggerWeight*genWeightSign*METTriggerWeight
          hist nEntries =  1968.0
          hist integral =  361.227914333
          Adding up/down varations for systematic given by plotSysVar to MC background histograms...
  Process =  WZ
      Dataset =  WZTo2Q2Nu  ||   nEvents =  10330111
          hist weight =  0.0228051063536*leptonWeight*bjetWeight*puWeight*muonTriggerWeight*EE_L1_prefire_Weight*electronTriggerWeight*genWeightSign*METTriggerWeight
          hist nEntries =  211739.0
          hist integral =  2200.00903893
          Adding up/down varations for systematic given by plotSysVar to MC background histograms...
      Dataset =  WZTo3LNu  ||   nEvents =  19993200
          hist weight =  0.00804476479503*leptonWeight*bjetWeight*puWeight*muonTriggerWeight*EE_L1_prefire_Weight*electronTriggerWeight*genWeightSign*METTriggerWeight
          hist nEntries =  1784.0
          hist integral =  13.7731666192
          Adding up/down varations for systematic given by plotSysVar to MC background histograms...
      Dataset =  WZTo1L1Nu2Q  ||   nEvents =  14109151
          hist weight =  0.0275622608334*leptonWeight*bjetWeight*puWeight*muonTriggerWeight*EE_L1_prefire_Weight*electronTriggerWeight*genWeightSign*METTriggerWeight
          hist nEntries =  39504.0
          hist integral =  491.076828003
          Adding up/down varations for systematic given by plotSysVar to MC background histograms...
      Dataset =  WZTo1L3Nu  ||   nEvents =  942046
          hist weight =  0.116903240394*leptonWeight*bjetWeight*puWeight*muonTriggerWeight*EE_L1_prefire_Weight*electronTriggerWeight*genWeightSign*METTriggerWeight
          hist nEntries =  4640.0
          hist integral =  269.536957979
          Adding up/down varations for systematic given by plotSysVar to MC backgrTFile::Append:0: RuntimeWarning: Replacing existing TH1: hist (Potential memory leak).
TFile::Append:0: RuntimeWarning: Replacing existing TH1: hist (Potential memory leak).
TFile::Append:0: RuntimeWarning: Replacing existing TH1: hist (Potential memory leak).
TFile::Append:0: RuntimeWarning: Replacing existing TH1: hist (Potential memory leak).
TFile::Append:0: RuntimeWarning: Replacing existing TH1: hist (Potential memory leak).
ound histograms...
      Dataset =  WZTo2L2Q  ||   nEvents =  15836703
          hist weight =  0.0128280772835*leptonWeight*bjetWeight*puWeight*muonTriggerWeight*EE_L1_prefire_Weight*electronTriggerWeight*genWeightSign*METTriggerWeight
          hist nEntries =  3242.0
          hist integral =  17.2842282429
          Adding up/down varations for systematic given by plotSysVar to MC background histograms...
  Process =  WPlusJets
      Dataset =  HT600To800  ||   nEvents =  18687480
Applied WPlusJets qcd/ewk Weights correctly
          hist weight =  0.0234132959607*leptonWeight*bjetWeight*puWeight*muonTriggerWeight*EE_L1_prefire_Weight*electronTriggerWeight*genWeightSign*METTriggerWeight*qcdWWeight*ewkWWeight
          hist nEntries =  241060.0
          hist integral =  6082.73571014
          Adding up/down varations for systematic given by plotSysVar to MC background histograms...
DEBUG OUTPUT HERE: 
weightedcut =  0.0234132959607*leptonWeight*bjetWeight*puWeight*muonTriggerWeight*EE_L1_prefire_Weight*electronTriggerWeight*genWeightSign*METTriggerWeight*qcdWWeight*ewkWWeight*((nVetoElectrons + nLooseMuons) == 0 && njets >= 3 && nbjets == 0 && METcorrected_pt >= 250 && ntaus == 0 && minDeltaPhi12 >= 0.8 && Flag_goodVertices && Flag_globalSuperTightHalo2016Filter && Flag_HBHENoiseFilter && Flag_HBHENoiseIsoFilter && Flag_EcalDeadCellTriggerPrimitiveFilter && Flag_BadPFMuonFilter && (HLT_PFMETNoMu120_PFMHTNoMu120_IDTight) && PV_npvsGood > 0 && PV_ndof > 4 && abs(PV_z) < 24 && sqrt(pow(PV_x,2)+pow(PV_y,2)) < 2)
weightedcutUp =  0.0234132959607*leptonWeight*bjetWeight*puWeight*muonTriggerWeight*EE_L1_prefire_Weight*electronTriggerWeight*genWeightSign*METTriggerWeight*qcdWWeight*ewkWWeight*((nVetoElectrons + nLooseMuons) == 0 && njetsResUp >= 3 && nbjetsResUp == 0 && METcorrected_ptResUp >= 250 && ntaus == 0 && minDeltaPhi12ResUp >= 0.8 && Flag_goodVertices && Flag_globalSuperTightHalo2016Filter && Flag_HBHENoiseFilter && Flag_HBHENoiseIsoFilter && Flag_EcalDeadCellTriggerPrimitiveFilter && Flag_BadPFMuonFilter && (HLT_PFMETNoMu120_PFMHTNoMu120_IDTight) && PV_npvsGood > 0 && PV_ndof > 4 && abs(PV_z) < 24 && sqrt(pow(PV_x,2)+pow(PV_y,2)) < 2)
weightedcutDown =  0.0234132959607*leptonWeight*bjetWeight*puWeight*muonTriggerWeight*EE_L1_prefire_Weight*electronTriggerWeight*genWeightSign*METTriggerWeight*qcdWWeight*ewkWWeight*((nVetoElectrons + nLooseMuons) == 0 && njetsResDown >= 3 && nbjetsResDown == 0 && METcorrected_ptResDown >= 250 && ntaus == 0 && minDeltaPhi12ResDown >= 0.8 && Flag_goodVertices && Flag_globalSuperTightHalo2016Filter && Flag_HBHENoiseFilter && Flag_HBHENoiseIsoFilter && Flag_EcalDeadCellTriggerPrimitiveFilter && Flag_BadPFMuonFilter && (HLT_PFMETNoMu120_PFMHTNoMu120_IDTight) && PV_npvsGood > 0 && PV_ndof > 4 && abs(PV_z) < 24 && sqrt(pow(PV_x,2)+pow(PV_y,2)) < 2)
var =  METcorrected_pt
varUp =  METcorrected_ptResUp
varDown =  METcorrected_ptResDown
      Dataset =  HT70To100  ||   nEvents =  10020533
Applied WPlusJets qcd/ewk Weights correctly
          hist weight =  4.97152396983*leptonWeight*bjetWeight*puWeight*muonTriggerWeight*EE_L1_prefire_Weight*electronTriggerWeight*genWeightSign*METTriggerWeight*qcdWWeight*ewkWWeight
          hist nEntries =  0.0
          hist integral =  0.0
          Adding up/down varations for systematic given by plotSysVar to MC background histograms...
      Dataset =  HT1200To2500  ||   nEvents =  6872441
Applied WPlusJets qcd/ewk Weights correctly
          hist weight =  0.00702166668292*leptonWeight*bjetWeight*puWeight*muonTriggerWeight*EE_L1_prefire_Weight*electronTriggerWeight*genWeightSign*METTriggerWeight*qcdWWeight*ewkWWeight
          hist nEntries =  105222.0
          hist integral =  752.229611397
          Adding up/down varations for systematic given by plotSysVar to MC background histograms...
      Dataset =  HT100To200  ||   nEvents =  78043017
Applied WPlusJets qcd/ewk Weights correctly
          hist weight =  0.625769631638*leptonWeight*bjetWeight*puWeight*muonTriggerWeight*EE_L1_prefire_Weight*electronTriggerWeight*genWeightSign*METTriggerWeight*qcdTFile::Append:0: RuntimeWarning: Replacing existing TH1: hist (Potential memory leak).
TFile::Append:0: RuntimeWarning: Replacing existing TH1: hist (Potential memory leak).
TFile::Append:0: RuntimeWarning: Replacing existing TH1: hist (Potential memory leak).
TFile::Append:0: RuntimeWarning: Replacing existing TH1: hist (Potential memory leak).
WWeight*ewkWWeight
          hist nEntries =  220.0
          hist integral =  157.166093349
          Adding up/down varations for systematic given by plotSysVar to MC background histograms...
      Dataset =  HT2500ToInf  ||   nEvents =  2637821
Applied WPlusJets qcd/ewk Weights correctly
          hist weight =  0.000442687202809*leptonWeight*bjetWeight*puWeight*muonTriggerWeight*EE_L1_prefire_Weight*electronTriggerWeight*genWeightSign*METTriggerWeight*qcdWWeight*ewkWWeight
          hist nEntries =  38250.0
          hist integral =  19.2397007644
          Adding up/down varations for systematic given by plotSysVar to MC background histograms...
      Dataset =  HT800To1200  ||   nEvents =  7830536
Applied WPlusJets qcd/ewk Weights correctly
          hist weight =  0.0255079997078*leptonWeight*bjetWeight*puWeight*muonTriggerWeight*EE_L1_prefire_Weight*electronTriggerWeight*genWeightSign*METTriggerWeight*qcdWWeight*ewkWWeight
          hist nEntries =  115040.0
          hist integral =  3047.45158768
          Adding up/down varations for systematic given by plotSysVar to MC background histograms...
      Dataset =  HT200To400  ||   nEvents =  38984322
Applied WPlusJets qcd/ewk Weights correctly
          hist weight =  0.335024602967*leptonWeight*bjetWeight*puWeight*muonTriggerWeight*EE_L1_prefire_Weight*electronTriggerWeight*genWeightSign*METTriggerWeight*qcdWWeight*ewkWWeight
          hist nEntries =  43608.0
          hist integral =  17789.6207187
          Adding up/down varations for systematic given by plotSysVar to MC background histograms...
      Dataset =  HT400To600  ||   nEvents =  7687800
Applied WPlusJets qcd/ewk Weights correctly
          hist weight =  0.231005242072*leptonWeight*bjetWeight*puWeight*muonTriggerWeight*EE_L1_prefire_Weight*electronTriggerWeight*genWeightSign*METTriggerWeight*qcdWWeight*ewkWWeight
          hist nEntries =  65914.0
          hist integral =  17367.9204445
          Adding up/down varations for systematic given by plotSysVar to MC background histograms...
-----------------------------
Total data background nEvents =  0.0
Total data background integral =  0.0
-----------------------------
Total MC background nEvents =  2869736.0
Total MC background integral =  136408.544312
-----------------------------
Total tt+DM signal nEvents =  15042.0
Total tt+DM signal integral =  146.195983171
Total t+DM signal nEvents =  8585.0
Total t+DM signal integral =  170.308098078
-----------------------------
FOM for tt+DM signal =  0.283583160587
FOM for t+DM signal =  0.315593792163
-----------------------------
Data bin content:
    bin 0: 0.0
    bin 1: 0.0
    bin 2: 0.0
    bin 3: 0.0
    bin 4: 0.0
    bin 5: 0.0
    bin 6: 0.0
    bin 7: 0.0
    bin 8: 0.0
    bin 9: 0.0
    bin 10: 0.0
    bin 11: 0.0
    bin 12: 0.0
    bin 13: 0.0
    bin 14: 0.0
    bin 15: 0.0
    bin 16: 0.0
-----------------------------
MC background bin content:
    bin 0: 0.0
    bin 1: 36645.9375
    bin 2: 25311.2441406
    bin 3: 18300.0742188
    bin 4: 13473.0019531
    bin 5: 9874.71679688
    bin 6: 7313.96386719
    bin 7: 5444.76855469
    bin 8: 4177.48632812
    bin 9: 3227.7265625
    bin 10: 2508.56640625
    bin 11: 1956.33349609
    bin 12: 1559.28125
    bin 13: 1225.37988281
    bin 14: 965.776611328
    bin 15: 780.301147461
    bin 16: 3643.9855957
-----------------------------
tt+DM bin content:
    bin 0: 0.0
    bin 1: 33.0383605957
    bin 2: 24.3671073914
    bin 3: 18.9787464142
    bin 4: 14.5717878342
    bin 5: 10.9184827805
    bin 6: 8.95185375214
    bin 7: 6.90892028809
    bin 8: 5.40552043915
    bin 9: 4.57145595551
    bin 10: 3.51539206505
    bin 11: 2.69046998024
    bin 12: 2.33504319191
    bin 13: 1.56077170372
    bin 14: 1.47755682468
    bin 15: 1.12871992588
    bin 16: 5.77579402924
-----------------------------
t+DM bin content:
    bin 0: 0.0
    bin 1: 31.8932304382
    bin 2: 23.3731307983
    bin 3: 19.7247390747
    bin 4: 17.006439209
    bin 5: 13.0716152191
    bin 6: 9.63273620605
    bin 7: 9.05925941467
    bin 8: 8.14423847198
    bin 9: 6.35513925552
    bin 10: 4.86977052689
    bin 11: 4.06085205078
    bin 12: 3.4435968399
    bin 13: 2.65357160568
    bin 14: 2.12345170975
    bin 15: 1.87791180611
    bin 16: 13.018415451
-----------------------------
Data bin errors:
    bin 0: 0.0
    bin 1: 0.0
    bin 2: 0.0
    bin 3: 0.0
    bin 4: 0.0
    bin 5: 0.0
    bin 6: 0.0
    bin 7: 0.0
    bin 8: 0.0
    bin 9: 0.0
    bin 10: 0.0
    bin 11: 0.0
    bin 12: 0.0
    bin 13: 0.0
    bin 14: 0.0
    bin 15: 0.0
    bin 16: 0.0
-----------------------------
MC background bin errors:
    bin 0: 0.0
    bin 1: 272.277560929
    bin 2: 132.449373092
    bin 3: 112.300738321
    bin 4: 81.589862737
    bin 5: 59.7023721532
    bin 6: 49.0572980859
    bin 7: 38.1505929541
    bin 8: 31.9680420919
    bin 9: 27.0792648226
    bin 10: 20.6261438726
    bin 11: 17.3040879363
    bin 12: 15.4527761518
    bin 13: 13.7456300617
    bin 14: 10.3323788051
    bin 15: 8.63220705193
    bin 16: 14.9230967511
-----------------------------
tt+DM bin errors:
    bin 0: 0.0
    bin 1: 0.593315198851
    bin 2: 0.511140587015
    bin 3: 0.449108611735
    bin 4: 0.39229897821
    bin 5: 0.340739622658
    bin 6: 0.308249787268
    bin 7: 0.270003437402
    bin 8: 0.239728669922
    bin 9: 0.221256243081
    bin 10: 0.191626761842
    bin 11: 0.168956954945
    bin 12: 0.156364072791
    bin 13: 0.125225536529
    bin 14: 0.126467862464
    bin 15: 0.10878805218
    bin 16: 0.247760927604
-----------------------------
t+DM bin errors:
    bin 0: 0.0
    bin 1: 0.974048922545
    bin 2: 0.809129810861
    bin 3: 0.747248370246
    bin 4: 0.692096073568
    bin 5: 0.599223811731
    bin 6: 0.502169878103
    bin 7: 0.49965541449
    bin 8: 0.46885127726
    bin 9: 0.418696315315
    bin 10: 0.35966051149
    bin 11: 0.321984462774
    bin 12: 0.293263796255
    bin 13: 0.256682856885
    bin 14: 0.234887769233
    bin 15: 0.208400582023
    bin 16: 0.60789689418
-----------------------------
ZTo2Nu hist info:
    nEvents =  1455087.0
    integral =  67816.8151855
    bin 1 integral =  28018.6298828
ZTo2Nu histUp info:
    nEvents =  1468611.0
    integral =  68960.5639343
    bin 1 integral =  28537.9921875
ZTo2Nu histDown info:
    nEvents =  1442647.0
    integral =  66757.9205322
    bin 1 integral =  27525.8789062
tbar scalar hist info:
    nEvents =  8585.0
    integral =  170.308098078
    bin 1 integral =  55.2663612366
tbar scalar histUp info:
    nEvents =  8634.0
    integral =  171.036073446
    bin 1 integral =  55.1436424255
tbar scalar histDown info:
    nEvents =  8486.0
    integral =  167.926526546
    bin 1 integral =  53.8013801575
TTTo2L2Nu hist info:
    nEvents =  13408.0
    integral =  515.894596219
    bin 1 integral =  260.769592285
TTTo2L2Nu histUp info:
    nEvents =  13733.0
    integral =  527.036934495
    bin 1 integral =  266.436180115
TTTo2L2Nu histDown info:
    nEvents =  13191.0
    integral =  508.013142467
    bin 1 integral =  257.887191772
singleTop hist info:
    nEvents =  6548.0
    integral =  931.085362434
    bin 1 integral =  459.021316528
singleTop histUp info:
    nEvents =  6720.0
    integral =  950.801889896
    bin 1 integral =  468.727020264
singleTop histDown info:
    nEvents =  6388.0
    integral =  908.648749352
    bin 1 integral =  445.43637085
TTV hist info:
    nEvents =  136354.0
    integral =  113.381206334
    bin 1 integral =  44.5574092865
TTV histUp info:
    nEvents =  137680.0
    integral =  114.573218703
    bin 1 integral =  44.99177742
TTV histDown info:
    nEvents =  135235.0
    integral =  112.210549295
    bin 1 integral =  43.9840450287
bkgSum hist info:
    nEvents =  2869736.0
    integral =  136408.544312
    bin 1 integral =  61957.1816406
bkgSum histUp info:
    nEvents =  2900755.0
    integral =  139045.22644
    bin 1 integral =  63261.2265625
bkgSum histDown info:
    nEvents =  2841495.0
    integral =  133891.823608
    bin 1 integral =  60790.625
Other hist info:
    nEvents =  34868.0
    integral =  247.718786359
    bin 1 integral =  93.568321228
Other histUp info:
    nEvents =Info in <TCanvas::Print>: png file AH0lZR2016_METcorrected_pt_CMS_res_j_02_21_2024.png has been created
  35426.0
    integral =  251.309552193
    bin 1 integral =  95.1472816467
Other histDown info:
    nEvents =  34344.0
    integral =  245.168426871
    bin 1 integral =  92.4401473999
ttbar scalar hist info:
    nEvents =  15042.0
    integral =  146.195983171
    bin 1 integral =  57.4054679871
ttbar scalar histUp info:
    nEvents =  15240.0
    integral =  148.021347284
    bin 1 integral =  57.8429679871
ttbar scalar histDown info:
    nEvents =  14863.0
    integral =  144.560791016
    bin 1 integral =  57.0870800018
VV hist info:
    nEvents =  497148.0
    integral =  5230.28736115
    bin 1 integral =  1979.82922363
VV histUp info:
    nEvents =  504365.0
    integral =  5314.69573593
    bin 1 integral =  2023.06774902
VV histDown info:
    nEvents =  490696.0
    integral =  5173.59820557
    bin 1 integral =  1965.44830322
QCD hist info:
    nEvents =  5199.0
    integral =  8873.88281059
    bin 1 integral =  4928.4095459
QCD histUp info:
    nEvents =  5393.0
    integral =  9165.27207947
    bin 1 integral =  5111.71325684
QCD histDown info:
    nEvents =  5062.0
    integral =  8573.79928207
    bin 1 integral =  4834.76538086
ZTo2L hist info:
    nEvents =  31396.0
    integral =  674.833635807
    bin 1 integral =  368.19519043
ZTo2L histUp info:
    nEvents =  31730.0
    integral =  691.042265177
    bin 1 integral =  376.712722778
ZTo2L histDown info:
    nEvents =  31057.0
    integral =  659.306535006
    bin 1 integral =  360.757614136
data hist info:
    nEvents =  0.0
    integral =  0.0
    bin 1 integral =  0.0
WPlusJets hist info:
    nEvents =  609314.0
    integral =  45216.3654938
    bin 1 integral =  22084.9960938
WPlusJets histUp info:
    nEvents =  614644.0
    integral =  46120.008255
    bin 1 integral =  22533.6914062
WPlusJets histDown info:
    nEvents =  604307.0
    integral =  44316.2593536
    bin 1 integral =  21629.0146484
TTToSemiLepton hist info:
    nEvents =  80414.0
    integral =  6788.28254509
    bin 1 integral =  3719.20629883
TTToSemiLepton histUp info:
    nEvents =  82453.0
    integral =  6949.92404938
    bin 1 integral =  3802.74841309
TTToSemiLepton histDown info:
    nEvents =  78568.0
    integral =  6636.89889145
    bin 1 integral =  3635.0135498
Finished filling histograms
Creating stacked MC background histogram...
Finished stacking MC background histograms.
Drawing histograms...
Finished drawing histograms
Drawing ratio plot...
Finished drawing ratio plot
Plotting end time: 2024-02-21 09:23:09.867831
