plots/plot.py:952: SyntaxWarning: name 'counter' is used prior to global declaration
  global counter
Cut name =  SL1l0fT1SR
MC Selection Cuts =  (nTightElectrons == 1 && nVetoElectrons == 1 && nLooseMuons == 0 && njets >= 2 && nbjets >= 1 && METcorrected_pt >= 250 && Flag_goodVertices && Flag_globalSuperTightHalo2016Filter && Flag_HBHENoiseFilter && Flag_HBHENoiseIsoFilter && Flag_EcalDeadCellTriggerPrimitiveFilter && Flag_BadPFMuonFilter && Flag_ecalBadCalibFilterV2 && ((passEle32WPTightGsf2017) || (HLT_Ele115_CaloIdVT_GsfTrkIdT || HLT_Photon200)) && PV_npvsGood > 0 && PV_ndof > 4 && abs(PV_z) < 24 && sqrt(pow(PV_x,2)+pow(PV_y,2)) < 2 && nbjets == 1 && nfjets == 0 && M_T >= 140 && M_T2W >= 180 && minDeltaPhi12 >= 0.8 && M_Tb >= 140 && modified_topness <= 0) || (nTightMuons == 1 && nLooseMuons == 1 && nVetoElectrons == 0 && njets >= 2 && nbjets >= 1 && METcorrected_pt >= 250 && Flag_goodVertices && Flag_globalSuperTightHalo2016Filter && Flag_HBHENoiseFilter && Flag_HBHENoiseIsoFilter && Flag_EcalDeadCellTriggerPrimitiveFilter && Flag_BadPFMuonFilter && Flag_ecalBadCalibFilterV2 && (HLT_IsoMu27) && PV_npvsGood > 0 && PV_ndof > 4 && abs(PV_z) < 24 && sqrt(pow(PV_x,2)+pow(PV_y,2)) < 2 && nbjets == 1 && nfjets == 0 && M_T >= 140 && M_T2W >= 180 && minDeltaPhi12 >= 0.8 && M_Tb >= 140 && modified_topness <= 0)
Data Selection Cuts =  (nTightElectrons == 1 && nVetoElectrons == 1 && nLooseMuons == 0 && njets >= 2 && nbjets >= 1 && METcorrected_pt >= 250 && Flag_goodVertices && Flag_globalSuperTightHalo2016Filter && Flag_HBHENoiseFilter && Flag_HBHENoiseIsoFilter && Flag_EcalDeadCellTriggerPrimitiveFilter && Flag_BadPFMuonFilter && Flag_ecalBadCalibFilterV2 && ((passEle32WPTightGsf2017) || (HLT_Ele115_CaloIdVT_GsfTrkIdT || HLT_Photon200)) && PV_npvsGood > 0 && PV_ndof > 4 && abs(PV_z) < 24 && sqrt(pow(PV_x,2)+pow(PV_y,2)) < 2 && nbjets == 1 && nfjets == 0 && M_T >= 140 && M_T2W >= 180 && minDeltaPhi12 >= 0.8 && M_Tb >= 140 && modified_topness <= 0) || (nTightMuons == 1 && nLooseMuons == 1 && nVetoElectrons == 0 && njets >= 2 && nbjets >= 1 && METcorrected_pt >= 250 && Flag_goodVertices && Flag_globalSuperTightHalo2016Filter && Flag_HBHENoiseFilter && Flag_HBHENoiseIsoFilter && Flag_EcalDeadCellTriggerPrimitiveFilter && Flag_BadPFMuonFilter && Flag_ecalBadCalibFilterV2 && (HLT_IsoMu27) && PV_npvsGood > 0 && PV_ndof > 4 && abs(PV_z) < 24 && sqrt(pow(PV_x,2)+pow(PV_y,2)) < 2 && nbjets == 1 && nfjets == 0 && M_T >= 140 && M_T2W >= 180 && minDeltaPhi12 >= 0.8 && M_Tb >= 140 && modified_topness <= 0) && Flag_eeBadScFilter
var =  METcorrected_pt
year =  2017
lumi =  41.53
saveDirectory =  plots/2017_QCDSR_debugging/RunII_plots/fJet_pt/
date =  02_21_2024
applying HEM fix for 2018...
Creating histograms..
Histogram options: 
    nbins =  5
    xmin =  250
    xmax =  400
    auto_y =  True
    doLogPlot =  False
    drawData =  False
    mediatorType =  scalar
    mchi =  1
    mphi =  100
    normalizePlots =  False
    doBinned =  False
    savePlots =  True
    combineEleMu =  True
    doSys =  False
    doSysFirstHalf =  False
    doSysSecondHalf =  False
    drawOverflow =  True
    drawUnderflow =  False
    plotSys =  True
    plotSysVar =  CMS_res_j
    plotSysSignal =  False
Adding background up/down variation histograms...
    QCD_sysUp histogram made
    QCD_sysDown histogram made
    Other_sysUp histogram made
    Other_sysDown histogram made
    ZTo2L_sysUp histogram made
    ZTo2L_sysDown histogram made
    VV_sysUp histogram made
    VV_sysDown histogram made
    singleTop_sysUp histogram made
    singleTop_sysDown histogram made
    WPlusJets_sysUp histogram made
    WPlusJets_sysDown histogram made
    TTV_sysUp histogram made
    TTV_sysDown histogram made
    TTTo2L2Nu_sysUp histogram made
    TTTo2L2Nu_sysDown histogram made
    TTToSemiLepton_sysUp histogram made
    TTToSemiLepton_sysDown histogram made
    ZTo2Nu_sysUp histogram made
    ZTo2Nu_sysDown histogram made
    bkgSum_sysUp histogram made
    bkgSum_sysDown histogram made
    ttbar scalar_sysUp histogram made
    ttbar scalar_sysDown histogram made
    tbar scalar_sysUp histogram made
    tbar scalar_sysDown histogram made
Selected SingleMuon, SingleElectron, and SinglePhoton dataset
Loading data sample root files and event trees...
    ----Loading /hdfs/store/user/vshang/SingleElectron_Run2017B/SingleElectron/ModuleCommonSkim_12242022/tree_all.root
    ----Loading /hdfs/store/user/vshang/SingleElectron_Run2017C/SingleElectron/ModuleCommonSkim_12242022/tree_all.root
    ----Loading /hdfs/store/user/vshang/SingleElectron_Run2017D/SingleElectron/ModuleCommonSkim_12242022/tree_all.root
    ----Loading /hdfs/store/user/vshang/SingleElectron_Run2017E/SingleElectron/ModuleCommonSkim_12242022/tree_all.root
    ----Loading /hdfs/store/user/vshang/SingleElectron_Run2017F/SingleElectron/ModuleCommonSkim_12242022/tree_all.root
    total nevents in  SingleElectron :  140382
    ----Loading /hdfs/store/user/vshang/SinglePhoton_Run2017B/SinglePhoton/ModuleCommonSkim_12242022/tree_all.root
    ----Loading /hdfs/store/user/vshang/SinglePhoton_Run2017C/SinglePhoton/ModuleCommonSkim_12242022/tree_all.root
    ----Loading /hdfs/store/user/vshang/SinglePhoton_Run2017D/SinglePhoton/ModuleCommonSkim_12242022/tree_all.root
    ----Loading /hdfs/store/user/vshang/SinglePhoton_Run2017E/SinglePhoton/ModuleCommonSkim_12242022/tree_all.root
    ----Loading /hdfs/store/user/vshang/SinglePhoton_Run2017F/SinglePhoton/ModuleCommonSkim_12242022/tree_all.root
    total nevents in  SinglePhoton :  155495
    ----Loading /hdfs/store/user/vshang/SingleMuon_Run2017B/SingleMuon/ModuleCommonSkim_12242022/tree_all.root
    ----Loading /hdfs/store/user/vshang/SingleMuon_Run2017C/SingleMuon/ModuleCommonSkim_12242022/tree_all.root
    ----Loading /hdfs/store/user/vshang/SingleMuon_Run2017D/SingleMuon/ModuleCommonSkim_12242022/tree_all.root
    ----Loading /hdfs/store/user/vshang/SingleMuon_Run2017E/SingleMuon/ModuleCommonSkim_12242022/tree_all.root
    ----Loading /hdfs/store/user/vshang/SingleMuon_Run2017F/SingleMuon/ModuleCommonSkim_12242022/tree_all.root
    total nevents in  SingleMuon :  266193
Got data sample root files and event trees
Loading MC sample root files and event trees...
Loading process:  ZTo2Nu
    ----Loading HT600To800
    nevents in  ZTo2Nu   HT600To800 :  5615921
    ----Loading HT1200To2500
    nevents in  ZTo2Nu   HT1200To2500 :  336181
    ----Loading HT100To200
    nevents in  ZTo2Nu   HT100To200 :  22702468
    ----Loading HT2500ToInf
    nevents in  ZTo2Nu   HT2500ToInf :  6446
    ----Loading HT400To600
    nevents in  ZTo2Nu   HT400To600 :  9501265
    ----Loading HT200To400
    nevents in  ZTo2Nu   HT200To400 :  21389579
    ----Loading HT800To1200
    nevents in  ZTo2Nu   HT800To1200 :  2041779
Loading process:  tbar scalar
    ----Loading tChan_MChi1_MPhi100_scalar
    nevents in  tbar scalar   tChan_MChi1_MPhi100_scalar :  247000
    ----Loading tWChan_MChi1_MPhi100_scalar
    nevents in  tbar scalar   tWChan_MChi1_MPhi100_scalar :  171000
Loading process:  TTV
    ----Loading TTZToQQ
    nevents in  TTV   TTZToQQ :  4602104
    ----Loading TTWJetsToLNu
    nevents in  TTV   TTWJetsToLNu :  5394782
    ----Loading TTWJetsToQQ
    nevents in  TTV   TTWJetsToQQ :  441560
    ----Loading TTZToLLNuNu
    nevents in  TTV   TTZToLLNuNu :  7316018
Loading process:  WW
    ----Loading WWTo1L1Nu2Q
    nevents in  WW   WWTo1L1Nu2Q :  3169582
    ----Loading WWTo4Q
    nevents in  WW   WWTo4Q :  1992402
    ----Loading WWTo2L2Nu
    nevents in  WW   WWTo2L2Nu :  1992522
Loading process:  ttbarPlusJets
    ----Loading TTToSemiLepton
    nevents in  ttbarPlusJets   TTToSemiLepton :  239169221
    ----Loading TTTo2L2Nu
    nevents in  ttbarPlusJets   TTTo2L2Nu :  8926992
Loading process:  Other
    ----Loading ZH_HToBB_ZToNuNu
    nevents in  Other   ZH_HToBB_ZToNuNu :  5250476
    ----Loading tZq
    nevents in  Other   tZq :  3467904
    ----Loading WplusH_HToBB_WToLNu
    nevents in  Other   WplusH_HToBB_WToLNu :  2343366
    ----Loading GluGluHToZZTo4L
    nevents in  Other   GluGluHToZZTo4L :  1933230
    ----Loading ttHTobb
    nevents in  Other   ttHTobb :  7833734
    ----Loading ZZZ
    nevents in  Other   ZZZ :  427832
    ----Loading TTGJets
    nevents in  Other   TTGJets :  5441639
    ----Loading WplusH_HToBB_WToQQ
    nevents in  Other   WplusH_HToBB_WToQQ :  476787
    ----Loading WminusH_HToBB_WToLNu
    nevents in  Other   WminusH_HToBB_WToLNu :  2256768
    ----Loading WWW
    nevents in  Other   WWW :  413736
    ----Loading ttHToNonbb
    nevents in  Other   ttHToNonbb :  12472780
    ----Loading WWZ
    nevents in  Other   WWZ :  441586
    ----Loading WZZ
    nevents in  Other   WZZ :  439320
    ----Loading WWG
    nevents in  Other   WWG :  1628026
    ----Loading TTTT
    nevents in  Other   TTTT :  373734
    ----Loading WminusH_HToBB_WToQQ
    nevents in  Other   WminusH_HToBB_WToQQ :  459170
    ----Loading WZG
    nevents in  Other   WZG :  840872
    ----Loading VHToNonbb
    nevents in  Other   VHToNonbb :  451414
Loading process:  ttbar scalar
    ----Loading ttDM_MChi1_MPhi100_scalar
    nevents in  ttbar scalar   ttDM_MChi1_MPhi100_scalar :  1540506
Loading process:  ZZ
    ----Loading ZZTo2Q2Nu
    nevents in  ZZ   ZZTo2Q2Nu :  39202099
    ----Loading ZZTo4L
    nevents in  ZZ   ZZTo4L :  6893887
    ----Loading ZZTo2L2Q
    nevents in  ZZ   ZZTo2L2Q :  17513566
    ----Loading ZZTo2L2Nu
    nevents in  ZZ   ZZTo2L2Nu :  8733658
Loading process:  QCD
    ----Loading Pt170to300
    nevents in  QCD   Pt170to300 :  56298920
    ----Loading Pt15to30
    nevents in  QCD   Pt15to30 :  19169000
    ----Loading Pt800to1000
    nevents in  QCD   Pt800to1000 :  77660008
    ----Loading Pt600to800
    nevents in  QCD   Pt600to800 :  128548964
    ----Loading Pt120to170
    nevents in  QCD   Pt120to170 :  29854280
    ----Loading Pt1000to1400
    nevents in  QCD   Pt1000to1400 :  35706078
    ----Loading Pt1400to1800
    nevents in  QCD   Pt1400to1800 :  11353270
    ----Loading Pt50to80
    nevents in  QCD   Pt50to80 :  38179535
    ----Loading Pt1800to2400
    nevents in  QCD   Pt1800to2400 :  2923941
    ----Loading Pt3200toInf
    nevents in  QCD   Pt3200toInf :  757837
    ----Loading Pt2400to3200
    nevents in  QCD   Pt2400to3200 :  1910526
    ----Loading Pt80to120
    nevents in  QCD   Pt80to120 :  56387936
    ----Loading Pt30to50
    nevents in  QCD   Pt30to50 :  35500760
    ----Loading Pt470to600
    nevents in  QCD   Pt470to600 :  55331892
    ----Loading Pt300to470
    nevents in  QCD   Pt300to470 :  110887780
Loading process:  ZTo2L
    ----Loading HT600To800
    nevents in  ZTo2L   HT600To800 :  8691608
    ----Loading HT1200To2500
    nevents in  ZTo2L   HT1200To2500 :  616923
    ----Loading HT100To200
    nevents in  ZTo2L   HT100To200 :  15124171
    ----Loading HT2500ToInf
    nevents in  ZTo2L   HT2500ToInf :  401334
    ----Loading HT400To600
    nevents in  ZTo2L   HT400To600 :  11294006
    ----Loading HT200To400
    nevents in  ZTo2L   HT200To400 :  11896758
    ----Loading HT800To1200
    nevents in  ZTo2L   HT800To1200 :  3089712
Loading process:  singleTop
    ----Loading ST_s-channel
    nevents in  singleTop   ST_s-channel :  6167441
    ----Loading ST_t-channel_antitop
    nevents in  singleTop   ST_t-channel_antitop :  3675910
    ----Loading ST_t-channel_top
    nevents in  singleTop   ST_t-channel_top :  5982064
    ----Loading ST_tW_top
    nevents in  singleTop   ST_tW_top :  7734344
    ----Loading ST_tW_antitop
    nevents in  singleTop   ST_tW_antitop :  7916640
Loading process:  WZ
    ----Loading WZTo2Q2Nu
    nevents in  WZ   WZTo2Q2Nu :  18476383
    ----Loading WZTo3LNu
    nevents in  WZ   WZTo3LNu :  6887413
    ----Loading WZTo1L1Nu2Q
    nevents in  WZ   WZTo1L1Nu2Q :  11347099
    ----Loading WZTo1L3Nu
    nevents in  WZ   WZTo1L3Nu :  2717911
    ----Loading WZTo2L2Q
    nevents in  WZ   WZTo2L2Q :  16664610
Loading process:  WPlusJets
    ----Loading HT600To800
    nevents in  WPlusJets   HT600To800 :  21582309
    ----Loading HT1200To2500
    nevents in  WPlusJets   HT1200To2500 :  19991892
    ----Loading HT100To200
    nevents in  WPlusJets   HT100To200 :  35804623
    ----Loading HT2500ToInf
    nevents in  WPlusJets   HT2500ToInf :  20629585
    ----Loading HT400To600
    nevents in  WPlusJets   HT400To600 :  14250114
    ----LInfo in <TCanvas::MakeDefCanvas>:  created default TCanvas with name c1
TFile::Append:0: RuntimeWarning: Replacing existing TH1: hist (Potential memory leak).
TFile::Append:0: RuntimeWarning: Replacing existing TH1: hist (Potential memory leak).
TFile::Append:0: RuntimeWarning: Replacing existing TH1: hist (Potential memory leak).
TFile::Append:0: RuntimeWarning: Replacing existing TH1: hist (Potential memory leak).
TFile::Append:0: RuntimeWarning: Replacing existing TH1: hist (Potential memory leak).
TFile::Append:0: RuntimeWarning: Replacing existing TH1: hist (Potential memory leak).
TFile::Append:0: RuntimeWarning: Replacing existing TH1: hist (Potential memory leak).
TFile::Append:0: RuntimeWarning: Replacing existing TH1: hist (Potential memory leak).
oading HT200To400
    nevents in  WPlusJets   HT200To400 :  21192211
    ----Loading HT800To1200
    nevents in  WPlusJets   HT800To1200 :  20272990
Got MC sample root files and event trees
Filling data histograms...
Filling MC histograms...
  Process =  ZTo2Nu
      Dataset =  HT600To800  ||   nEvents =  5615921
Applied ZTo2Nu ewk Weights correctly
          hist weight =  0.0234835265222*leptonWeight*bjetWeight*puWeight*muonTriggerWeight*EE_L1_prefire_Weight*electronTriggerWeight*genWeightSign*qcdZTo2NuWeight*ewkZWeight*0.934
          hist nEntries =  5.0
          hist integral =  0.148555478081
          Adding up/down varations for systematic given by plotSysVar to MC background histograms...
      Dataset =  HT1200To2500  ||   nEvents =  336181
Applied ZTo2Nu ewk Weights correctly
          hist weight =  0.0371681152712*leptonWeight*bjetWeight*puWeight*muonTriggerWeight*EE_L1_prefire_Weight*electronTriggerWeight*genWeightSign*qcdZTo2NuWeight*ewkZWeight*0.934
          hist nEntries =  0.0
          hist integral =  0.0
          Adding up/down varations for systematic given by plotSysVar to MC background histograms...
      Dataset =  HT100To200  ||   nEvents =  22702468
Applied ZTo2Nu ewk Weights correctly
          hist weight =  0.550593543222*leptonWeight*bjetWeight*puWeight*muonTriggerWeight*EE_L1_prefire_Weight*electronTriggerWeight*genWeightSign*qcdZTo2NuWeight*ewkZWeight*0.934
          hist nEntries =  0.0
          hist integral =  0.0
          Adding up/down varations for systematic given by plotSysVar to MC background histograms...
      Dataset =  HT2500ToInf  ||   nEvents =  6446
Applied ZTo2Nu ewk Weights correctly
          hist weight =  0.0423050376792*leptonWeight*bjetWeight*puWeight*muonTriggerWeight*EE_L1_prefire_Weight*electronTriggerWeight*genWeightSign*qcdZTo2NuWeight*ewkZWeight*0.934
          hist nEntries =  0.0
          hist integral =  0.0
          Adding up/down varations for systematic given by plotSysVar to MC background histograms...
      Dataset =  HT400To600  ||   nEvents =  9501265
Applied ZTo2Nu ewk Weights correctly
          hist weight =  0.05628471533*leptonWeight*bjetWeight*puWeight*muonTriggerWeight*EE_L1_prefire_Weight*electronTriggerWeight*genWeightSign*qcdZTo2NuWeight*ewkZWeight*0.934
          hist nEntries =  1.0
          hist integral =  0.049011580646
          Adding up/down varations for systematic given by plotSysVar to MC background histograms...
      Dataset =  HT200To400  ||   nEvents =  21389579
Applied ZTo2Nu ewk Weights correctly
          hist weight =  0.176357033895*leptonWeight*bjetWeight*puWeight*muonTriggerWeight*EE_L1_prefire_Weight*electronTriggerWeight*genWeightSign*qcdZTo2NuWeight*ewkZWeight*0.934
          hist nEntries =  0.0
          hist integral =  0.0
          Adding up/down varations for systematic given by plotSysVar to MC background histograms...
      Dataset =  HT800To1200  ||   nEvents =  2041779
Applied ZTo2Nu ewk Weights correctly
          hist weight =  0.0277609894117*leptonWeight*bjetWeight*puWeight*muonTriggerWeight*EE_L1_prefire_Weight*electronTriggerWeight*genWeightSign*qcdZTo2NuWeight*ewkZWeight*0.934
          hist nEntries =  3.0
          hist integral =  0.113130033016
          Adding up/down varations for systematic given by plotSysVar to MC background histograms...
  Process =  tbar scalar
      Dataset =  tChan_MChi1_MPhi100_scalar  ||   nEvents =  247000
          hist weight =  0.0478856032389*leptonWeight*bjetWeight*puWeight*muonTriggerWeight*EE_L1_prefire_Weight*electronTriggerWeight*genWeightSign
          hist nEntries =  33.0
          hist integral =  1.39425399899
          Adding up/down varations for systematic given by plotSysVar to MC background histograms...
      Dataset =  tWChan_MChi1_MPhi100_scalar  ||   nEvents =  171000
          hist weight =  0.0133430304094*leptonWeight*bjetWeight*puWeight*muonTriggerWeight*EE_L1_prefire_Weight*electronTriggerWeight*genWeightSign
          hist nEntries =  302.0
          hist integral =  3.63600681722
          Adding up/down varations for systematic TFile::Append:0: RuntimeWarning: Replacing existing TH1: hist (Potential memory leak).
TFile::Append:0: RuntimeWarning: Replacing existing TH1: hist (Potential memory leak).
TFile::Append:0: RuntimeWarning: Replacing existing TH1: hist (Potential memory leak).
TFile::Append:0: RuntimeWarning: Replacing existing TH1: hist (Potential memory leak).
TFile::Append:0: RuntimeWarning: Replacing existing TH1: hist (Potential memory leak).
TFile::Append:0: RuntimeWarning: Replacing existing TH1: hist (Potential memory leak).
TFile::Append:0: RuntimeWarning: Replacing existing TH1: hist (Potential memory leak).
TFile::Append:0: RuntimeWarning: Replacing existing TH1: hist (Potential memory leak).
TFile::Append:0: RuntimeWarning: Replacing existing TH1: hist (Potential memory leak).
TFile::Append:0: RuntimeWarning: Replacing existing TH1: hist (Potential memory leak).
TFile::Append:0: RuntimeWarning: Replacing existing TH1: hist (Potential memory leak).
given by plotSysVar to MC background histograms...
  Process =  TTV
      Dataset =  TTZToQQ  ||   nEvents =  4602104
          hist weight =  0.00460591764115*leptonWeight*bjetWeight*puWeight*muonTriggerWeight*EE_L1_prefire_Weight*electronTriggerWeight*genWeightSign
          hist nEntries =  172.0
          hist integral =  0.371127007529
          Adding up/down varations for systematic given by plotSysVar to MC background histograms...
      Dataset =  TTWJetsToLNu  ||   nEvents =  5394782
          hist weight =  0.00165433876661*leptonWeight*bjetWeight*puWeight*muonTriggerWeight*EE_L1_prefire_Weight*electronTriggerWeight*genWeightSign
          hist nEntries =  2842.0
          hist integral =  1.92170067132
          Adding up/down varations for systematic given by plotSysVar to MC background histograms...
      Dataset =  TTWJetsToQQ  ||   nEvents =  441560
          hist weight =  0.0405932330827*leptonWeight*bjetWeight*puWeight*muonTriggerWeight*EE_L1_prefire_Weight*electronTriggerWeight*genWeightSign
          hist nEntries =  18.0
          hist integral =  0.141975883394
          Adding up/down varations for systematic given by plotSysVar to MC background histograms...
      Dataset =  TTZToLLNuNu  ||   nEvents =  7316018
          hist weight =  0.0013805455372*leptonWeight*bjetWeight*puWeight*muonTriggerWeight*EE_L1_prefire_Weight*electronTriggerWeight*genWeightSign
          hist nEntries =  9576.0
          hist integral =  4.81881901622
          Adding up/down varations for systematic given by plotSysVar to MC background histograms...
  Process =  WW
      Dataset =  WWTo1L1Nu2Q  ||   nEvents =  3169582
          hist weight =  1.05790990736*leptonWeight*bjetWeight*puWeight*muonTriggerWeight*EE_L1_prefire_Weight*electronTriggerWeight*genWeightSign
          hist nEntries =  15.0
          hist integral =  2.81731295586
          Adding up/down varations for systematic given by plotSysVar to MC background histograms...
      Dataset =  WWTo4Q  ||   nEvents =  1992402
          hist weight =  0.994893048692*leptonWeight*bjetWeight*puWeight*muonTriggerWeight*EE_L1_prefire_Weight*electronTriggerWeight*genWeightSign
          hist nEntries =  0.0
          hist integral =  0.0
          Adding up/down varations for systematic given by plotSysVar to MC background histograms...
      Dataset =  WWTo2L2Nu  ||   nEvents =  1992522
          hist weight =  0.230939683477*leptonWeight*bjetWeight*puWeight*muonTriggerWeight*EE_L1_prefire_Weight*electronTriggerWeight*genWeightSign
          hist nEntries =  20.0
          hist integral =  3.88154993951
          Adding up/down varations for systematic given by plotSysVar to MC background histograms...
  Process =  ttbarPlusJets
      Dataset =  TTToSemiLepton  ||   nEvents =  239169221
          hist weight =  0.0632667340586*leptonWeight*bjetWeight*puWeight*muonTriggerWeight*EE_L1_prefire_Weight*electronTriggerWeight*genWeightSign
          hist nEntries =  328.0
          hist integral =  14.1660753489
          Adding up/down varations for systematic given by plotSysVar to MC background histograms...
      Dataset =  TTTo2L2Nu  ||   nEvents =  8926992
          hist weight =  0.406182093588*leptonWeight*bjetWeight*puWeight*muonTriggerWeight*EE_L1_prefire_Weight*electronTriggerWeight*genWeightSign
          hist nEntries =  196.0
          hist integral =  71.6412858963
          Adding up/down varations for systematic given by plotSysVar to MC background histograms...
  Process =  Other
      Dataset =  ZH_HToBB_ZToNuNu  ||   nEvents =  5250476
          hist weight =  0.000814705181016*leptonWeight*bjetWeight*puWeight*muonTriggerWeight*EE_L1_prefire_Weight*electronTriggerWeight*genWeightSign
          hist nEntries =  2.0
          hist integral =  0.00165584799834
          Adding up/down varations for systematic given by plotSysVar to MC background histograms...
      Dataset =  tZq  ||   nEvents =  3467904
          hist weight =  0.000907745427786*leptonWeight*bjetWeight*puWeight*muonTriggerWeight*EE_L1_prefire_Weight*electronTriggerWeight*genWeightSign
   TFile::Append:0: RuntimeWarning: Replacing existing TH1: hist (Potential memory leak).
TFile::Append:0: RuntimeWarning: Replacing existing TH1: hist (Potential memory leak).
TFile::Append:0: RuntimeWarning: Replacing existing TH1: hist (Potential memory leak).
TFile::Append:0: RuntimeWarning: Replacing existing TH1: hist (Potential memory leak).
TFile::Append:0: RuntimeWarning: Replacing existing TH1: hist (Potential memory leak).
TFile::Append:0: RuntimeWarning: Replacing existing TH1: hist (Potential memory leak).
TFile::Append:0: RuntimeWarning: Replacing existing TH1: hist (Potential memory leak).
TFile::Append:0: RuntimeWarning: Replacing existing TH1: hist (Potential memory leak).
TFile::Append:0: RuntimeWarning: Replacing existing TH1: hist (Potential memory leak).
TFile::Append:0: RuntimeWarning: Replacing existing TH1: hist (Potential memory leak).
TFile::Append:0: RuntimeWarning: Replacing existing TH1: hist (Potential memory leak).
       hist nEntries =  106.0
          hist integral =  0.0295447653625
          Adding up/down varations for systematic given by plotSysVar to MC background histograms...
      Dataset =  WplusH_HToBB_WToLNu  ||   nEvents =  2343366
          hist weight =  0.00282494582579*leptonWeight*bjetWeight*puWeight*muonTriggerWeight*EE_L1_prefire_Weight*electronTriggerWeight*genWeightSign
          hist nEntries =  9.0
          hist integral =  0.016013698827
          Adding up/down varations for systematic given by plotSysVar to MC background histograms...
      Dataset =  GluGluHToZZTo4L  ||   nEvents =  1933230
          hist weight =  0.000257786192021*leptonWeight*bjetWeight*puWeight*muonTriggerWeight*EE_L1_prefire_Weight*electronTriggerWeight*genWeightSign
          hist nEntries =  0.0
          hist integral =  0.0
          Adding up/down varations for systematic given by plotSysVar to MC background histograms...
      Dataset =  ttHTobb  ||   nEvents =  7833734
          hist weight =  0.000811118937661*leptonWeight*bjetWeight*puWeight*muonTriggerWeight*EE_L1_prefire_Weight*electronTriggerWeight*genWeightSign
          hist nEntries =  83.0
          hist integral =  0.0624267314561
          Adding up/down varations for systematic given by plotSysVar to MC background histograms...
      Dataset =  ZZZ  ||   nEvents =  427832
          hist weight =  0.00135899137979*leptonWeight*bjetWeight*puWeight*muonTriggerWeight*EE_L1_prefire_Weight*electronTriggerWeight*genWeightSign
          hist nEntries =  9.0
          hist integral =  0.0122708922718
          Adding up/down varations for systematic given by plotSysVar to MC background histograms...
      Dataset =  TTGJets  ||   nEvents =  5441639
          hist weight =  0.028215103942*leptonWeight*bjetWeight*puWeight*muonTriggerWeight*EE_L1_prefire_Weight*electronTriggerWeight*genWeightSign
          hist nEntries =  156.0
          hist integral =  1.784895733
          Adding up/down varations for systematic given by plotSysVar to MC background histograms...
      Dataset =  WplusH_HToBB_WToQQ  ||   nEvents =  476787
          hist weight =  0.0287268612609*leptonWeight*bjetWeight*puWeight*muonTriggerWeight*EE_L1_prefire_Weight*electronTriggerWeight*genWeightSign
          hist nEntries =  0.0
          hist integral =  0.0
          Adding up/down varations for systematic given by plotSysVar to MC background histograms...
      Dataset =  WminusH_HToBB_WToLNu  ||   nEvents =  2256768
          hist weight =  0.00186048499447*leptonWeight*bjetWeight*puWeight*muonTriggerWeight*EE_L1_prefire_Weight*electronTriggerWeight*genWeightSign
          hist nEntries =  7.0
          hist integral =  0.0132547076792
          Adding up/down varations for systematic given by plotSysVar to MC background histograms...
      Dataset =  WWW  ||   nEvents =  413736
          hist weight =  0.0209388547286*leptonWeight*bjetWeight*puWeight*muonTriggerWeight*EE_L1_prefire_Weight*electronTriggerWeight*genWeightSign
          hist nEntries =  11.0
          hist integral =  0.122503101826
          Adding up/down varations for systematic given by plotSysVar to MC background histograms...
      Dataset =  ttHToNonbb  ||   nEvents =  12472780
          hist weight =  0.000715874889159*leptonWeight*bjetWeight*puWeight*muonTriggerWeight*EE_L1_prefire_Weight*electronTriggerWeight*genWeightSign
          hist nEntries =  536.0
          hist integral =  0.326262710616
          Adding up/down varations for systematic given by plotSysVar to MC background histograms...
      Dataset =  WWZ  ||   nEvents =  441586
          hist weight =  0.0155178153293*leptonWeight*bjetWeight*puWeight*muonTriggerWeight*EE_L1_prefire_Weight*electronTriggerWeight*genWeightSign
          hist nEntries =  29.0
          hist integral =  0.362630878226
          Adding up/down varations for systematic given by plotSysVar to MC background histograms...
      Dataset =  WZZ  ||   nEvents =  439320
          hist weight =  0.00529381771829*leptonWeight*bjetWeight*puWeight*muonTriggerWeight*EE_L1_prefire_Weight*electronTFile::Append:0: RuntimeWarning: Replacing existing TH1: hist (Potential memory leak).
TFile::Append:0: RuntimeWarning: Replacing existing TH1: hist (Potential memory leak).
TFile::Append:0: RuntimeWarning: Replacing existing TH1: hist (Potential memory leak).
TFile::Append:0: RuntimeWarning: Replacing existing TH1: hist (Potential memory leak).
TFile::Append:0: RuntimeWarning: Replacing existing TH1: hist (Potential memory leak).
TFile::Append:0: RuntimeWarning: Replacing existing TH1: hist (Potential memory leak).
TFile::Append:0: RuntimeWarning: Replacing existing TH1: hist (Potential memory leak).
TFile::Append:0: RuntimeWarning: Replacing existing TH1: hist (Potential memory leak).
TFile::Append:0: RuntimeWarning: Replacing existing TH1: hist (Potential memory leak).
TFile::Append:0: RuntimeWarning: Replacing existing TH1: hist (Potential memory leak).
TriggerWeight*genWeightSign
          hist nEntries =  32.0
          hist integral =  0.134858545847
          Adding up/down varations for systematic given by plotSysVar to MC background histograms...
      Dataset =  WWG  ||   nEvents =  1628026
          hist weight =  0.00547687260523*leptonWeight*bjetWeight*puWeight*muonTriggerWeight*EE_L1_prefire_Weight*electronTriggerWeight*genWeightSign
          hist nEntries =  8.0
          hist integral =  0.0346130761318
          Adding up/down varations for systematic given by plotSysVar to MC background histograms...
      Dataset =  TTTT  ||   nEvents =  373734
          hist weight =  0.00100009632519*leptonWeight*bjetWeight*puWeight*muonTriggerWeight*EE_L1_prefire_Weight*electronTriggerWeight*genWeightSign
          hist nEntries =  146.0
          hist integral =  0.0691468832083
          Adding up/down varations for systematic given by plotSysVar to MC background histograms...
      Dataset =  WminusH_HToBB_WToQQ  ||   nEvents =  459170
          hist weight =  0.0189212622776*leptonWeight*bjetWeight*puWeight*muonTriggerWeight*EE_L1_prefire_Weight*electronTriggerWeight*genWeightSign
          hist nEntries =  0.0
          hist integral =  0.0
          Adding up/down varations for systematic given by plotSysVar to MC background histograms...
      Dataset =  WZG  ||   nEvents =  840872
          hist weight =  0.00203631694241*leptonWeight*bjetWeight*puWeight*muonTriggerWeight*EE_L1_prefire_Weight*electronTriggerWeight*genWeightSign
          hist nEntries =  4.0
          hist integral =  0.00751079339534
          Adding up/down varations for systematic given by plotSysVar to MC background histograms...
      Dataset =  VHToNonbb  ||   nEvents =  451414
          hist weight =  0.0875838144143*leptonWeight*bjetWeight*puWeight*muonTriggerWeight*EE_L1_prefire_Weight*electronTriggerWeight*genWeightSign
          hist nEntries =  0.0
          hist integral =  0.0
          Adding up/down varations for systematic given by plotSysVar to MC background histograms...
  Process =  ttbar scalar
      Dataset =  ttDM_MChi1_MPhi100_scalar  ||   nEvents =  1540506
          hist weight =  0.0194822253857*leptonWeight*bjetWeight*puWeight*muonTriggerWeight*EE_L1_prefire_Weight*electronTriggerWeight*genWeightSign*GenModel__TTbarDMJets_Inclusive_scalar_LO_Mchi_1_Mphi_100_TuneCP5_13TeV_madgraph_mcatnlo_pythia8
          hist nEntries =  700.0
          hist integral =  12.8786875606
          Adding up/down varations for systematic given by plotSysVar to MC background histograms...
  Process =  ZZ
      Dataset =  ZZTo2Q2Nu  ||   nEvents =  39202099
          hist weight =  0.00483501967586*leptonWeight*bjetWeight*puWeight*muonTriggerWeight*EE_L1_prefire_Weight*electronTriggerWeight*genWeightSign
          hist nEntries =  2.0
          hist integral =  -0.0109240943566
          Adding up/down varations for systematic given by plotSysVar to MC background histograms...
      Dataset =  ZZTo4L  ||   nEvents =  6893887
          hist weight =  0.00798203538874*leptonWeight*bjetWeight*puWeight*muonTriggerWeight*EE_L1_prefire_Weight*electronTriggerWeight*genWeightSign
          hist nEntries =  1.0
          hist integral =  0.00683776335791
          Adding up/down varations for systematic given by plotSysVar to MC background histograms...
      Dataset =  ZZTo2L2Q  ||   nEvents =  17513566
          hist weight =  0.0087453714452*leptonWeight*bjetWeight*puWeight*muonTriggerWeight*EE_L1_prefire_Weight*electronTriggerWeight*genWeightSign
          hist nEntries =  3.0
          hist integral =  0.0110349198803
          Adding up/down varations for systematic given by plotSysVar to MC background histograms...
      Dataset =  ZZTo2L2Nu  ||   nEvents =  8733658
          hist weight =  0.00268381610546*leptonWeight*bjetWeight*puWeight*muonTriggerWeight*EE_L1_prefire_Weight*electronTriggerWeight*genWeightSign
          hist nEntries =  54.0
          hist integral =  0.103920196183
          Adding up/down varations for systematic given by plotSysVar to MC background histograms...
  PrTFile::Append:0: RuntimeWarning: Replacing existing TH1: hist (Potential memory leak).
TFile::Append:0: RuntimeWarning: Replacing existing TH1: hist (Potential memory leak).
TFile::Append:0: RuntimeWarning: Replacing existing TH1: hist (Potential memory leak).
TFile::Append:0: RuntimeWarning: Replacing existing TH1: hist (Potential memory leak).
TFile::Append:0: RuntimeWarning: Replacing existing TH1: hist (Potential memory leak).
TFile::Append:0: RuntimeWarning: Replacing existing TH1: hist (Potential memory leak).
TFile::Append:0: RuntimeWarning: Replacing existing TH1: hist (Potential memory leak).
TFile::Append:0: RuntimeWarning: Replacing existing TH1: hist (Potential memory leak).
TFile::Append:0: RuntimeWarning: Replacing existing TH1: hist (Potential memory leak).
TFile::Append:0: RuntimeWarning: Replacing existing TH1: hist (Potential memory leak).
TFile::Append:0: RuntimeWarning: Replacing existing TH1: hist (Potential memory leak).
ocess =  QCD
      Dataset =  Pt170to300  ||   nEvents =  56298920
          hist weight =  76.3488002967*leptonWeight*bjetWeight*puWeight*muonTriggerWeight*EE_L1_prefire_Weight*electronTriggerWeight*genWeightSign
          hist nEntries =  0.0
          hist integral =  0.0
          Adding up/down varations for systematic given by plotSysVar to MC background histograms...
      Dataset =  Pt15to30  ||   nEvents =  19169000
          hist weight =  2699482.49778*leptonWeight*bjetWeight*puWeight*muonTriggerWeight*EE_L1_prefire_Weight*electronTriggerWeight*genWeightSign
          hist nEntries =  0.0
          hist integral =  0.0
          Adding up/down varations for systematic given by plotSysVar to MC background histograms...
      Dataset =  Pt800to1000  ||   nEvents =  77660008
          hist weight =  0.0140536735458*leptonWeight*bjetWeight*puWeight*muonTriggerWeight*EE_L1_prefire_Weight*electronTriggerWeight*genWeightSign
          hist nEntries =  2.0
          hist integral =  0.0335259977728
          Adding up/down varations for systematic given by plotSysVar to MC background histograms...
      Dataset =  Pt600to800  ||   nEvents =  128548964
          hist weight =  0.0505600729695*leptonWeight*bjetWeight*puWeight*muonTriggerWeight*EE_L1_prefire_Weight*electronTriggerWeight*genWeightSign
          hist nEntries =  1.0
          hist integral =  0.0652068331838
          Adding up/down varations for systematic given by plotSysVar to MC background histograms...
      Dataset =  Pt120to170  ||   nEvents =  29854280
          hist weight =  566.591088447*leptonWeight*bjetWeight*puWeight*muonTriggerWeight*EE_L1_prefire_Weight*electronTriggerWeight*genWeightSign*(event!=3468768)
          hist nEntries =  0.0
          hist integral =  0.0
          Adding up/down varations for systematic given by plotSysVar to MC background histograms...
      Dataset =  Pt1000to1400  ||   nEvents =  35706078
          hist weight =  0.00868841153599*leptonWeight*bjetWeight*puWeight*muonTriggerWeight*EE_L1_prefire_Weight*electronTriggerWeight*genWeightSign
          hist nEntries =  0.0
          hist integral =  0.0
          Adding up/down varations for systematic given by plotSysVar to MC background histograms...
      Dataset =  Pt1400to1800  ||   nEvents =  11353270
          hist weight =  0.00237183225626*leptonWeight*bjetWeight*puWeight*muonTriggerWeight*EE_L1_prefire_Weight*electronTriggerWeight*genWeightSign
          hist nEntries =  4.0
          hist integral =  0.00880500953645
          Adding up/down varations for systematic given by plotSysVar to MC background histograms...
      Dataset =  Pt50to80  ||   nEvents =  38179535
          hist weight =  17088.6392409*leptonWeight*bjetWeight*puWeight*muonTriggerWeight*EE_L1_prefire_Weight*electronTriggerWeight*genWeightSign
          hist nEntries =  0.0
          hist integral =  0.0
          Adding up/down varations for systematic given by plotSysVar to MC background histograms...
      Dataset =  Pt1800to2400  ||   nEvents =  2923941
          hist weight =  0.00124180614452*leptonWeight*bjetWeight*puWeight*muonTriggerWeight*EE_L1_prefire_Weight*electronTriggerWeight*genWeightSign
          hist nEntries =  1.0
          hist integral =  3.38417266903e-05
          Adding up/down varations for systematic given by plotSysVar to MC background histograms...
      Dataset =  Pt3200toInf  ||   nEvents =  757837
          hist weight =  7.43645533274e-06*leptonWeight*bjetWeight*puWeight*muonTriggerWeight*EE_L1_prefire_Weight*electronTriggerWeight*genWeightSign
          hist nEntries =  0.0
          hist integral =  0.0
          Adding up/down varations for systematic given by plotSysVar to MC background histograms...
      Dataset =  Pt2400to3200  ||   nEvents =  1910526
          hist weight =  0.00011381738851*leptonWeight*bjetWeight*puWeight*muonTriggerWeight*EE_L1_prefire_Weight*electronTriggerWeight*genWeightSign
          hist nEntries =  1.0
          hist integral =  0.00012477664859
          Adding up/down varations for systematic given by plotSysVar to MC TFile::Append:0: RuntimeWarning: Replacing existing TH1: hist (Potential memory leak).
TFile::Append:0: RuntimeWarning: Replacing existing TH1: hist (Potential memory leak).
TFile::Append:0: RuntimeWarning: Replacing existing TH1: hist (Potential memory leak).
TFile::Append:0: RuntimeWarning: Replacing existing TH1: hist (Potential memory leak).
TFile::Append:0: RuntimeWarning: Replacing existing TH1: hist (Potential memory leak).
TFile::Append:0: RuntimeWarning: Replacing existing TH1: hist (Potential memory leak).
TFile::Append:0: RuntimeWarning: Replacing existing TH1: hist (Potential memory leak).
TFile::Append:0: RuntimeWarning: Replacing existing TH1: hist (Potential memory leak).
TFile::Append:0: RuntimeWarning: Replacing existing TH1: hist (Potential memory leak).
TFile::Append:0: RuntimeWarning: Replacing existing TH1: hist (Potential memory leak).
background histograms...
      Dataset =  Pt80to120  ||   nEvents =  56387936
          hist weight =  1720.47581241*leptonWeight*bjetWeight*puWeight*muonTriggerWeight*EE_L1_prefire_Weight*electronTriggerWeight*genWeightSign
          hist nEntries =  0.0
          hist integral =  0.0
          Adding up/down varations for systematic given by plotSysVar to MC background histograms...
      Dataset =  Pt30to50  ||   nEvents =  35500760
          hist weight =  125055.266422*leptonWeight*bjetWeight*puWeight*muonTriggerWeight*EE_L1_prefire_Weight*electronTriggerWeight*genWeightSign
          hist nEntries =  0.0
          hist integral =  0.0
          Adding up/down varations for systematic given by plotSysVar to MC background histograms...
      Dataset =  Pt470to600  ||   nEvents =  55331892
          hist weight =  0.414385125309*leptonWeight*bjetWeight*puWeight*muonTriggerWeight*EE_L1_prefire_Weight*electronTriggerWeight*genWeightSign
          hist nEntries =  0.0
          hist integral =  0.0
          Adding up/down varations for systematic given by plotSysVar to MC background histograms...
      Dataset =  Pt300to470  ||   nEvents =  110887780
          hist weight =  2.55799060997*leptonWeight*bjetWeight*puWeight*muonTriggerWeight*EE_L1_prefire_Weight*electronTriggerWeight*genWeightSign
          hist nEntries =  0.0
          hist integral =  0.0
          Adding up/down varations for systematic given by plotSysVar to MC background histograms...
  Process =  ZTo2L
      Dataset =  HT600To800  ||   nEvents =  8691608
Applied ZTo2L ewk Weights correctly
          hist weight =  0.00812014534595*leptonWeight*bjetWeight*puWeight*muonTriggerWeight*EE_L1_prefire_Weight*electronTriggerWeight*genWeightSign*qcdZTo2LWeight*ewkZWeight*0.934
          hist nEntries =  14.0
          hist integral =  0.0923064466624
          Adding up/down varations for systematic given by plotSysVar to MC background histograms...
      Dataset =  HT1200To2500  ||   nEvents =  616923
Applied ZTo2L ewk Weights correctly
          hist weight =  0.010839464434*leptonWeight*bjetWeight*puWeight*muonTriggerWeight*EE_L1_prefire_Weight*electronTriggerWeight*genWeightSign*qcdZTo2LWeight*ewkZWeight*0.934
          hist nEntries =  6.0
          hist integral =  0.0667425766587
          Adding up/down varations for systematic given by plotSysVar to MC background histograms...
      Dataset =  HT100To200  ||   nEvents =  15124171
Applied ZTo2L ewk Weights correctly
          hist weight =  0.442370229747*leptonWeight*bjetWeight*puWeight*muonTriggerWeight*EE_L1_prefire_Weight*electronTriggerWeight*genWeightSign*qcdZTo2LWeight*ewkZWeight*0.934
          hist nEntries =  0.0
          hist integral =  0.0
          Adding up/down varations for systematic given by plotSysVar to MC background histograms...
      Dataset =  HT2500ToInf  ||   nEvents =  401334
Applied ZTo2L ewk Weights correctly
          hist weight =  0.00036425129842*leptonWeight*bjetWeight*puWeight*muonTriggerWeight*EE_L1_prefire_Weight*electronTriggerWeight*genWeightSign*qcdZTo2LWeight*ewkZWeight*0.934
          hist nEntries =  6.0
          hist integral =  0.00325445854105
          Adding up/down varations for systematic given by plotSysVar to MC background histograms...
      Dataset =  HT400To600  ||   nEvents =  11294006
Applied ZTo2L ewk Weights correctly
          hist weight =  0.025366307544*leptonWeight*bjetWeight*puWeight*muonTriggerWeight*EE_L1_prefire_Weight*electronTriggerWeight*genWeightSign*qcdZTo2LWeight*ewkZWeight*0.934
          hist nEntries =  5.0
          hist integral =  0.0744294337928
          Adding up/down varations for systematic given by plotSysVar to MC background histograms...
      Dataset =  HT200To400  ||   nEvents =  11896758
Applied ZTo2L ewk Weights correctly
          hist weight =  0.169695723003*leptonWeight*bjetWeight*puWeight*muonTriggerWeight*EE_L1_prefire_Weight*electronTriggerWeight*genWeightSign*qcdZTo2LWeight*ewkZWeight*0.934
          hist nEntries =  1.0
          hist integral =  0.107110194862
          Adding up/down varations foTFile::Append:0: RuntimeWarning: Replacing existing TH1: hist (Potential memory leak).
TFile::Append:0: RuntimeWarning: Replacing existing TH1: hist (Potential memory leak).
TFile::Append:0: RuntimeWarning: Replacing existing TH1: hist (Potential memory leak).
TFile::Append:0: RuntimeWarning: Replacing existing TH1: hist (Potential memory leak).
TFile::Append:0: RuntimeWarning: Replacing existing TH1: hist (Potential memory leak).
TFile::Append:0: RuntimeWarning: Replacing existing TH1: hist (Potential memory leak).
TFile::Append:0: RuntimeWarning: Replacing existing TH1: hist (Potential memory leak).
TFile::Append:0: RuntimeWarning: Replacing existing TH1: hist (Potential memory leak).
TFile::Append:0: RuntimeWarning: Replacing existing TH1: hist (Potential memory leak).
TFile::Append:0: RuntimeWarning: Replacing existing TH1: hist (Potential memory leak).
TFile::Append:0: RuntimeWarning: Replacing existing TH1: hist (Potential memory leak).
r systematic given by plotSysVar to MC background histograms...
      Dataset =  HT800To1200  ||   nEvents =  3089712
Applied ZTo2L ewk Weights correctly
          hist weight =  0.00981646188771*leptonWeight*bjetWeight*puWeight*muonTriggerWeight*EE_L1_prefire_Weight*electronTriggerWeight*genWeightSign*qcdZTo2LWeight*ewkZWeight*0.934
          hist nEntries =  8.0
          hist integral =  0.0517023717985
          Adding up/down varations for systematic given by plotSysVar to MC background histograms...
  Process =  singleTop
      Dataset =  ST_s-channel  ||   nEvents =  6167441
          hist weight =  0.0224907218407*leptonWeight*bjetWeight*puWeight*muonTriggerWeight*EE_L1_prefire_Weight*electronTriggerWeight*genWeightSign
          hist nEntries =  3.0
          hist integral =  0.000654777279124
          Adding up/down varations for systematic given by plotSysVar to MC background histograms...
      Dataset =  ST_t-channel_antitop  ||   nEvents =  3675910
          hist weight =  0.914563604658*leptonWeight*bjetWeight*puWeight*muonTriggerWeight*EE_L1_prefire_Weight*electronTriggerWeight*genWeightSign
          hist nEntries =  1.0
          hist integral =  0.979715883732
          Adding up/down varations for systematic given by plotSysVar to MC background histograms...
      Dataset =  ST_t-channel_top  ||   nEvents =  5982064
          hist weight =  0.944307951236*leptonWeight*bjetWeight*puWeight*muonTriggerWeight*EE_L1_prefire_Weight*electronTriggerWeight*genWeightSign
          hist nEntries =  0.0
          hist integral =  0.0
          Adding up/down varations for systematic given by plotSysVar to MC background histograms...
      Dataset =  ST_tW_top  ||   nEvents =  7734344
          hist weight =  0.192498613974*leptonWeight*bjetWeight*puWeight*muonTriggerWeight*EE_L1_prefire_Weight*electronTriggerWeight*genWeightSign
          hist nEntries =  82.0
          hist integral =  13.4909046292
          Adding up/down varations for systematic given by plotSysVar to MC background histograms...
      Dataset =  ST_tW_antitop  ||   nEvents =  7916640
          hist weight =  0.188065959801*leptonWeight*bjetWeight*puWeight*muonTriggerWeight*EE_L1_prefire_Weight*electronTriggerWeight*genWeightSign
          hist nEntries =  92.0
          hist integral =  15.4550180435
          Adding up/down varations for systematic given by plotSysVar to MC background histograms...
  Process =  WZ
      Dataset =  WZTo2Q2Nu  ||   nEvents =  18476383
          hist weight =  0.0154149619003*leptonWeight*bjetWeight*puWeight*muonTriggerWeight*EE_L1_prefire_Weight*electronTriggerWeight*genWeightSign
          hist nEntries =  2.0
          hist integral =  0.00914438115433
          Adding up/down varations for systematic given by plotSysVar to MC background histograms...
      Dataset =  WZTo3LNu  ||   nEvents =  6887413
          hist weight =  0.0304627528507*leptonWeight*bjetWeight*puWeight*muonTriggerWeight*EE_L1_prefire_Weight*electronTriggerWeight*genWeightSign
          hist nEntries =  25.0
          hist integral =  0.431349948049
          Adding up/down varations for systematic given by plotSysVar to MC background histograms...
      Dataset =  WZTo1L1Nu2Q  ||   nEvents =  11347099
          hist weight =  0.0426752071168*leptonWeight*bjetWeight*puWeight*muonTriggerWeight*EE_L1_prefire_Weight*electronTriggerWeight*genWeightSign
          hist nEntries =  54.0
          hist integral =  0.839694015682
          Adding up/down varations for systematic given by plotSysVar to MC background histograms...
      Dataset =  WZTo1L3Nu  ||   nEvents =  2717911
          hist weight =  0.0510661533803*leptonWeight*bjetWeight*puWeight*muonTriggerWeight*EE_L1_prefire_Weight*electronTriggerWeight*genWeightSign
          hist nEntries =  184.0
          hist integral =  3.19191064034
          Adding up/down varations for systematic given by plotSysVar to MC background histograms...
      Dataset =  WZTo2L2Q  ||   nEvents =  16664610
          hist weight =  0.0157775327475*leptonWeight*bjetWeight*puWeight*muonTriggerWeight*EE_L1_TFile::Append:0: RuntimeWarning: Replacing existing TH1: hist (Potential memory leak).
prefire_Weight*electronTriggerWeight*genWeightSign
          hist nEntries =  0.0
          hist integral =  0.0
          Adding up/down varations for systematic given by plotSysVar to MC background histograms...
  Process =  WPlusJets
      Dataset =  HT600To800  ||   nEvents =  21582309
Applied WPlusJets ewk Weights correctly
          hist weight =  0.0277370707648*leptonWeight*bjetWeight*puWeight*muonTriggerWeight*EE_L1_prefire_Weight*electronTriggerWeight*genWeightSign*qcdWWeight*ewkWWeight*0.9135*(nbjets == 0 ? 0.905 : 1.)
          hist nEntries =  334.0
          hist integral =  8.17818075418
          Adding up/down varations for systematic given by plotSysVar to MC background histograms...
DEBUG OUTPUT HERE: 
weightedcut =  0.0277370707648*leptonWeight*bjetWeight*puWeight*muonTriggerWeight*EE_L1_prefire_Weight*electronTriggerWeight*genWeightSign*qcdWWeight*ewkWWeight*0.9135*(nbjets == 0 ? 0.905 : 1.)*((nTightElectrons == 1 && nVetoElectrons == 1 && nLooseMuons == 0 && njets >= 2 && nbjets >= 1 && METcorrected_pt >= 250 && Flag_goodVertices && Flag_globalSuperTightHalo2016Filter && Flag_HBHENoiseFilter && Flag_HBHENoiseIsoFilter && Flag_EcalDeadCellTriggerPrimitiveFilter && Flag_BadPFMuonFilter && Flag_ecalBadCalibFilterV2 && ((passEle32WPTightGsf2017) || (HLT_Ele115_CaloIdVT_GsfTrkIdT || HLT_Photon200)) && PV_npvsGood > 0 && PV_ndof > 4 && abs(PV_z) < 24 && sqrt(pow(PV_x,2)+pow(PV_y,2)) < 2 && nbjets == 1 && nfjets == 0 && M_T >= 140 && M_T2W >= 180 && minDeltaPhi12 >= 0.8 && M_Tb >= 140 && modified_topness <= 0) || (nTightMuons == 1 && nLooseMuons == 1 && nVetoElectrons == 0 && njets >= 2 && nbjets >= 1 && METcorrected_pt >= 250 && Flag_goodVertices && Flag_globalSuperTightHalo2016Filter && Flag_HBHENoiseFilter && Flag_HBHENoiseIsoFilter && Flag_EcalDeadCellTriggerPrimitiveFilter && Flag_BadPFMuonFilter && Flag_ecalBadCalibFilterV2 && (HLT_IsoMu27) && PV_npvsGood > 0 && PV_ndof > 4 && abs(PV_z) < 24 && sqrt(pow(PV_x,2)+pow(PV_y,2)) < 2 && nbjets == 1 && nfjets == 0 && M_T >= 140 && M_T2W >= 180 && minDeltaPhi12 >= 0.8 && M_Tb >= 140 && modified_topness <= 0))
weightedcutUp =  0.0277370707648*leptonWeight*bjetWeight*puWeight*muonTriggerWeight*EE_L1_prefire_Weight*electronTriggerWeight*genWeightSign*qcdWWeight*ewkWWeight*0.9135*(nbjetsResUp == 0 ? 0.905 : 1.)*((nTightElectrons == 1 && nVetoElectrons == 1 && nLooseMuons == 0 && njetsResUp >= 2 && nbjetsResUp >= 1 && METcorrected_ptResUp >= 250 && Flag_goodVertices && Flag_globalSuperTightHalo2016Filter && Flag_HBHENoiseFilter && Flag_HBHENoiseIsoFilter && Flag_EcalDeadCellTriggerPrimitiveFilter && Flag_BadPFMuonFilter && Flag_ecalBadCalibFilterV2 && ((passEle32WPTightGsf2017) || (HLT_Ele115_CaloIdVT_GsfTrkIdT || HLT_Photon200)) && PV_npvsGood > 0 && PV_ndof > 4 && abs(PV_z) < 24 && sqrt(pow(PV_x,2)+pow(PV_y,2)) < 2 && nbjetsResUp == 1 && nfjetsResUp == 0 && M_TResUp >= 140 && M_T2WResUp >= 180 && minDeltaPhi12ResUp >= 0.8 && M_TbResUp >= 140 && modified_topnessResUp <= 0) || (nTightMuons == 1 && nLooseMuons == 1 && nVetoElectrons == 0 && njetsResUp >= 2 && nbjetsResUp >= 1 && METcorrected_ptResUp >= 250 && Flag_goodVertices && Flag_globalSuperTightHalo2016Filter && Flag_HBHENoiseFilter && Flag_HBHENoiseIsoFilter && Flag_EcalDeadCellTriggerPrimitiveFilter && Flag_BadPFMuonFilter && Flag_ecalBadCalibFilterV2 && (HLT_IsoMu27) && PV_npvsGood > 0 && PV_ndof > 4 && abs(PV_z) < 24 && sqrt(pow(PV_x,2)+pow(PV_y,2)) < 2 && nbjetsResUp == 1 && nfjetsResUp == 0 && M_TResUp >= 140 && M_T2WResUp >= 180 && minDeltaPhi12ResUp >= 0.8 && M_TbResUp >= 140 && modified_topnessResUp <= 0))
weightedcutDown =  0.0277370707648*leptonWeight*bjetWeight*puWeight*muonTriggerWeight*EE_L1_prefire_Weight*electronTriggerWeight*genWeightSign*qcdWWeight*ewkWWeight*0.9135*(nbjetsResDown == 0 ? 0.905 : 1.)*((nTightElectrons == 1 && nVetoElectrons == 1 && nLooseMuons == 0 && njetsResDown >= 2 && nbjetsResDown >= 1 && METcorrected_ptResDown >= 250 && Flag_goodVertices && Flag_globalSuperTightHalo2016Filter && Flag_HBHENoiseFilter && Flag_HBHENoiseIsoFilter && Flag_EcalDeadCellTriggerPrimitiveFilter TFile::Append:0: RuntimeWarning: Replacing existing TH1: hist (Potential memory leak).
TFile::Append:0: RuntimeWarning: Replacing existing TH1: hist (Potential memory leak).
TFile::Append:0: RuntimeWarning: Replacing existing TH1: hist (Potential memory leak).
TFile::Append:0: RuntimeWarning: Replacing existing TH1: hist (Potential memory leak).
TFile::Append:0: RuntimeWarning: Replacing existing TH1: hist (Potential memory leak).
TFile::Append:0: RuntimeWarning: Replacing existing TH1: hist (Potential memory leak).
&& Flag_BadPFMuonFilter && Flag_ecalBadCalibFilterV2 && ((passEle32WPTightGsf2017) || (HLT_Ele115_CaloIdVT_GsfTrkIdT || HLT_Photon200)) && PV_npvsGood > 0 && PV_ndof > 4 && abs(PV_z) < 24 && sqrt(pow(PV_x,2)+pow(PV_y,2)) < 2 && nbjetsResDown == 1 && nfjetsResDown == 0 && M_TResDown >= 140 && M_T2WResDown >= 180 && minDeltaPhi12ResDown >= 0.8 && M_TbResDown >= 140 && modified_topnessResDown <= 0) || (nTightMuons == 1 && nLooseMuons == 1 && nVetoElectrons == 0 && njetsResDown >= 2 && nbjetsResDown >= 1 && METcorrected_ptResDown >= 250 && Flag_goodVertices && Flag_globalSuperTightHalo2016Filter && Flag_HBHENoiseFilter && Flag_HBHENoiseIsoFilter && Flag_EcalDeadCellTriggerPrimitiveFilter && Flag_BadPFMuonFilter && Flag_ecalBadCalibFilterV2 && (HLT_IsoMu27) && PV_npvsGood > 0 && PV_ndof > 4 && abs(PV_z) < 24 && sqrt(pow(PV_x,2)+pow(PV_y,2)) < 2 && nbjetsResDown == 1 && nfjetsResDown == 0 && M_TResDown >= 140 && M_T2WResDown >= 180 && minDeltaPhi12ResDown >= 0.8 && M_TbResDown >= 140 && modified_topnessResDown <= 0))
var =  METcorrected_pt
varUp =  METcorrected_ptResUp
varDown =  METcorrected_ptResDown
      Dataset =  HT1200To2500  ||   nEvents =  19991892
Applied WPlusJets ewk Weights correctly
          hist weight =  0.00297177921129*leptonWeight*bjetWeight*puWeight*muonTriggerWeight*EE_L1_prefire_Weight*electronTriggerWeight*genWeightSign*qcdWWeight*ewkWWeight*0.9135*(nbjets == 0 ? 0.905 : 1.)
          hist nEntries =  1316.0
          hist integral =  3.22811737657
          Adding up/down varations for systematic given by plotSysVar to MC background histograms...
      Dataset =  HT100To200  ||   nEvents =  35804623
Applied WPlusJets ewk Weights correctly
          hist weight =  1.60674250222*leptonWeight*bjetWeight*puWeight*muonTriggerWeight*EE_L1_prefire_Weight*electronTriggerWeight*genWeightSign*qcdWWeight*ewkWWeight*0.9135*(nbjets == 0 ? 0.905 : 1.)
          hist nEntries =  1.0
          hist integral =  1.5225199461
          Adding up/down varations for systematic given by plotSysVar to MC background histograms...
      Dataset =  HT2500ToInf  ||   nEvents =  20629585
Applied WPlusJets ewk Weights correctly
          hist weight =  6.76495637697e-05*leptonWeight*bjetWeight*puWeight*muonTriggerWeight*EE_L1_prefire_Weight*electronTriggerWeight*genWeightSign*qcdWWeight*ewkWWeight*0.9135*(nbjets == 0 ? 0.905 : 1.)
          hist nEntries =  2678.0
          hist integral =  0.150586264208
          Adding up/down varations for systematic given by plotSysVar to MC background histograms...
      Dataset =  HT400To600  ||   nEvents =  14250114
Applied WPlusJets ewk Weights correctly
          hist weight =  0.169025223209*leptonWeight*bjetWeight*puWeight*muonTriggerWeight*EE_L1_prefire_Weight*electronTriggerWeight*genWeightSign*qcdWWeight*ewkWWeight*0.9135*(nbjets == 0 ? 0.905 : 1.)
          hist nEntries =  90.0
          hist integral =  16.0605140328
          Adding up/down varations for systematic given by plotSysVar to MC background histograms...
      Dataset =  HT200To400  ||   nEvents =  21192211
Applied WPlusJets ewk Weights correctly
          hist weight =  0.800953103666*leptonWeight*bjetWeight*puWeight*muonTriggerWeight*EE_L1_prefire_Weight*electronTriggerWeight*genWeightSign*qcdWWeight*ewkWWeight*0.9135*(nbjets == 0 ? 0.905 : 1.)
          hist nEntries =  19.0
          hist integral =  16.2166019678
          Adding up/down varations for systematic given by plotSysVar to MC background histograms...
      Dataset =  HT800To1200  ||   nEvents =  20272990
Applied WPlusJets ewk Weights correctly
          hist weight =  0.0132129338573*leptonWeight*bjetWeight*puWeight*muonTriggerWeight*EE_L1_prefire_Weight*electronTriggerWeight*genWeightSign*qcdWWeight*ewkWWeight*0.9135*(nbjets == 0 ? 0.905 : 1.)
          hist nEntries =  643.0
          hist integral =  7.01711687446
          Adding up/down varations for systematic given by plotSysVar to MC background histograms...
-----------------------------
Total data background nEvents =  0.0
Total data background integral =  0.0
-----------------------------
Total MC background nEvents =  19947.0
Total MC background integral =  190.434282303
-----------------------------
Total tt+DM signal nEvents =  700.0
Total tt+DM signal integral =  12.8786875606
Total t+DM signal nEvents =  335.0
Total t+DM signal integral =  5.03026068211
-----------------------------
FOM for tt+DM signal =  0.482736923894
FOM for t+DM signal =  0.267140009847
-----------------------------
Data bin content:
    bin 0: 0.0
    bin 1: 0.0
    bin 2: 0.0
    bin 3: 0.0
    bin 4: 0.0
    bin 5: 0.0
    bin 6: 0.0
-----------------------------
MC background bin content:
    bin 0: 0.0
    bin 1: 73.7416381836
    bin 2: 36.4859313965
    bin 3: 27.7039642334
    bin 4: 18.5423717499
    bin 5: 12.9482765198
    bin 6: 21.0121002197
-----------------------------
tt+DM bin content:
    bin 0: 0.0
    bin 1: 3.78756976128
    bin 2: 2.58914041519
    bin 3: 1.87029063702
    bin 4: 1.48459076881
    bin 5: 0.899736940861
    bin 6: 2.2473590374
-----------------------------
t+DM bin content:
    bin 0: 0.0
    bin 1: 1.21924948692
    bin 2: 0.907452523708
    bin 3: 0.719524502754
    bin 4: 0.561245560646
    bin 5: 0.29209536314
    bin 6: 1.33069324493
-----------------------------
Data bin errors:
    bin 0: 0.0
    bin 1: 0.0
    bin 2: 0.0
    bin 3: 0.0
    bin 4: 0.0
    bin 5: 0.0
    bin 6: 0.0
-----------------------------
MC background bin errors:
    bin 0: 0.0
    bin 1: 5.64455032669
    bin 2: 4.1308981897
    bin 3: 3.25466875811
    bin 4: 2.24774857506
    bin 5: 2.24139376322
    bin 6: 2.50706035308
-----------------------------
tt+DM bin errors:
    bin 0: 0.0
    bin 1: 0.280830443062
    bin 2: 0.235171004765
    bin 3: 0.199412689103
    bin 4: 0.17899989918
    bin 5: 0.137291946364
    bin 6: 0.218901952402
-----------------------------
t+DM bin errors:
    bin 0: 0.0
    bin 1: 0.176778666369
    bin 2: 0.128184954424
    bin 3: 0.136694907603
    bin 4: 0.124358772197
    bin 5: 0.0796622185573
    bin 6: 0.176258122757
-----------------------------
ZTo2Nu hist info:
    nEvents =  9.0
    integral =  0.310697089881
    bin 1 integral =  0.170163102448
ZTo2Nu histUp info:
    nEvents =  10.0
    integral =  0.325679121539
    bin 1 integral =  0.185145132244
ZTo2Nu histDown info:
    nEvents =  9.0
    integral =  0.310697089881
    bin 1 integral =  0.170163102448
tbar scalar hist info:
    nEvents =  335.0
    integral =  5.03026068211
    bin 1 integral =  2.12670201063
tbar scalar histUp info:
    nEvents =  332.0
    integral =  4.97532781959
    bin 1 integral =  2.07945585251
tbar scalar histDown info:
    nEvents =  351.0
    integral =  5.09347307682
    bin 1 integral =  2.29790282249
TTTo2L2Nu hist info:
    nEvents =  196.0
    integral =  71.6412858963
    bin 1 integral =  44.5700893402
TTTo2L2Nu histUp info:
    nEvents =  197.0
    integral =  72.8922328949
    bin 1 integral =  46.4640254974
TTTo2L2Nu histDown info:
    nEvents =  197.0
    integral =  71.2331142426
    bin 1 integral =  44.2338943481
singleTop hist info:
    nEvents =  178.0
    integral =  29.9262931347
    bin 1 integral =  14.9533429146
singleTop histUp info:
    nEvents =  181.0
    integral =  30.1556998491
    bin 1 integral =  15.7942314148
singleTop histDown info:
    nEvents =  175.0
    integral =  30.4211598635
    bin 1 integral =  15.4818019867
TTV hist info:
    nEvents =  12608.0
    integral =  7.25362241268
    bin 1 integral =  3.58240699768
TTV histUp info:
    nEvents =  12336.0
    integral =  7.19995594025
    bin 1 integral =  3.54559922218
TTV histDown info:
    nEvents =  12891.0
    integral =  7.29391282797
    bin 1 integral =  3.5651165247
bkgSum hist info:
    nEvents =  19947.0
    integral =  190.434282303
    bin 1 integral =  110.22756958
bkgSum histUp info:
    nEvents =  19863.0
    integral =  193.492978096
    bin 1 integral =  114.288547516
bkgSum histDown info:
    nEvents =  20100.0
    integral =  184.918453217
    bin 1 integral =  105.609771729
Other hist info:
    nEvents =  1138.0
    integral =  2.97758850455
    bin 1 integral =  1.62763333321
Other Info in <TCanvas::Print>: png file SL1l0fT1SR2017_METcorrected_pt_CMS_res_j_02_21_2024.png has been created
histUp info:
    nEvents =  1114.0
    integral =  2.77590943873
    bin 1 integral =  1.36237895489
Other histDown info:
    nEvents =  1140.0
    integral =  3.09670457244
    bin 1 integral =  1.72641927004
ttbar scalar hist info:
    nEvents =  700.0
    integral =  12.8786875606
    bin 1 integral =  6.37671017647
ttbar scalar histUp info:
    nEvents =  693.0
    integral =  12.7349806428
    bin 1 integral =  6.33954739571
ttbar scalar histDown info:
    nEvents =  702.0
    integral =  12.8801850677
    bin 1 integral =  6.31643295288
VV hist info:
    nEvents =  360.0
    integral =  11.2818311155
    bin 1 integral =  5.56100988388
VV histUp info:
    nEvents =  358.0
    integral =  12.4387916625
    bin 1 integral =  6.91288328171
VV histDown info:
    nEvents =  365.0
    integral =  11.5296493843
    bin 1 integral =  5.20950698853
QCD hist info:
    nEvents =  9.0
    integral =  0.107696458697
    bin 1 integral =  0.0818444862962
QCD histUp info:
    nEvents =  8.0
    integral =  0.0910588055849
    bin 1 integral =  0.0652068331838
QCD histDown info:
    nEvents =  7.0
    integral =  0.103518136311
    bin 1 integral =  0.0818444881588
ZTo2L hist info:
    nEvents =  40.0
    integral =  0.395545487641
    bin 1 integral =  0.260231543332
ZTo2L histUp info:
    nEvents =  40.0
    integral =  0.402531022206
    bin 1 integral =  0.234565954655
ZTo2L histDown info:
    nEvents =  39.0
    integral =  0.386866965331
    bin 1 integral =  0.234248548746
data hist info:
    nEvents =  0.0
    integral =  0.0
    bin 1 integral =  0.0
WPlusJets hist info:
    nEvents =  5081.0
    integral =  52.3736371994
    bin 1 integral =  29.4847068787
WPlusJets histUp info:
    nEvents =  5236.0
    integral =  50.7569906712
    bin 1 integral =  28.4109373093
WPlusJets histDown info:
    nEvents =  5004.0
    integral =  48.0148816109
    bin 1 integral =  25.9416275024
TTToSemiLepton hist info:
    nEvents =  328.0
    integral =  14.1660753489
    bin 1 integral =  9.93613314629
TTToSemiLepton histUp info:
    nEvents =  383.0
    integral =  16.4541391134
    bin 1 integral =  11.3135826588
TTToSemiLepton histDown info:
    nEvents =  273.0
    integral =  12.5279427171
    bin 1 integral =  8.96514201164
Finished filling histograms
Creating stacked MC background histogram...
Finished stacking MC background histograms.
Drawing histograms...
Finished drawing histograms
Drawing ratio plot...
Finished drawing ratio plot
Plotting end time: 2024-02-21 09:29:07.081622
