Plotting start time: 2021-06-16 22:47:20.176043
Cut name =  AH
MC Selection Cuts =  (nVetoElectrons + nLooseMuons) == 0 && njets >= 3 && nbjets >= 1 && METcorrected_pt >= 250 && ntaus == 0 && Flag_goodVertices && Flag_globalSuperTightHalo2016Filter && Flag_HBHENoiseFilter && Flag_HBHENoiseIsoFilter && Flag_EcalDeadCellTriggerPrimitiveFilter && Flag_BadPFMuonFilter && Flag_ecalBadCalibFilterV2 && (HLT_PFMETNoMu120_PFMHTNoMu120_IDTight || HLT_PFMETNoMu120_PFMHTNoMu120_IDTight_PFHT60) && ((METcorrected_phi <= -1.77) || (METcorrected_phi >= -0.67))
Data Selection Cuts =  (nVetoElectrons + nLooseMuons) == 0 && njets >= 3 && nbjets >= 1 && METcorrected_pt >= 250 && ntaus == 0 && Flag_goodVertices && Flag_globalSuperTightHalo2016Filter && Flag_HBHENoiseFilter && Flag_HBHENoiseIsoFilter && Flag_EcalDeadCellTriggerPrimitiveFilter && Flag_BadPFMuonFilter && Flag_ecalBadCalibFilterV2 && (HLT_PFMETNoMu120_PFMHTNoMu120_IDTight || HLT_PFMETNoMu120_PFMHTNoMu120_IDTight_PFHT60) && ((METcorrected_phi <= -1.77) || (METcorrected_phi >= -0.67)) && Flag_eeBadScFilter
var =  METcorrected_pt
year =  2018
lumi =  38.75
saveDirectory =  plots/CR_2018/METcorrected_pt/
date =  06_15_2021
Creating histograms..
Finished making systematic histogram dictionary
Drawing data and ratio plot...
Selected MET dataset
Loading data sample root files and event trees...
    nevents in filepath = /hdfs/store/user/vshang/MET_Run2018A/MET/ModuleCommonSkim_03182021/tree_all.root: 4338130
    nevents in filepath = /hdfs/store/user/vshang/MET_Run2018B/MET/ModuleCommonSkim_03182021/tree_all.root: 2300909
    nevents in filepath = /hdfs/store/user/vshang/MET_Run2018C/MET/ModuleCommonSkim_03182021/tree_all.root: 3614913
    nevents in filepath = /hdfs/store/user/vshang/MET_Run2018D/MET/ModuleCommonSkim_03182021/tree_all.root: 19758039
    total nevents in  MET :  30011991
Got data sample root files and event trees
Loading MC sample root files and event trees...
    nevents in  ZTo2Nu   HT600To800 :  5748975
    nevents in  ZTo2Nu   HT1200To2500 :  343198
    nevents in  ZTo2Nu   HT100To200 :  23702894
    nevents in  ZTo2Nu   HT2500ToInf :  359639
    nevents in  ZTo2Nu   HT800To1200 :  2066798
    nevents in  ZTo2Nu   HT200To400 :  23276346
    nevents in  ZTo2Nu   HT400To600 :  9511100
    nevents in  WW   WWTo1L1Nu2Q :  4683136
    nevents in  WW   WWTo4Q :  3790800
    nevents in  WW   WWTo2L2Nu :  7758900
    nevents in  ttbarPlusJets   TTToSemiLepton :  300619998
    nevents in  ttbarPlusJets   TTTo2L2Nu :  64310000
    nevents in  ttbar scalar   ttDM_MChi1_MPhi100_scalar :  1842523
    nevents in  ZZ   ZZTo2Q2Nu :  57633049
    nevents in  ZZ   ZZTo4L :  124649500
    nevents in  ZZ   ZZTo2L2Q :  27900469
    nevents in  ZZ   ZZTo2L2Nu :  56428600
    nevents in  QCD   HT700To1000 :  48158738
    nevents in  QCD   HT500To700 :  55152960
    nevents in  QCD   HT2000ToInf :  5475677
    nevents in  QCD   HT1000To1500 :  15466225
    nevents in  QCD   HT1500To2000 :  10955087
    nevents in  QCD   HT100To200 :  93972378
    nevents in  QCD   HT300To500 :  54661579
    nevents in  QCD   HT200To300 :  54289442
    nevents in  WZ   WZTo2Q2Nu :  30887331
    nevents in  WZ   WZTo2L2Q :  28193648
    nevents in  WZ   WZTo3LNu :  11248318
    nevents in  WZ   WZTo1L3Nu :  1690064
    nevents in  WZ   WZTo1L1Nu2Q :  18273533
    nevents in  ttbar pseudoscalar   ttDM_MChi1_MPhi100_pseudo :  1607992
    nevents in  TTV   TTZToQQ :  9572000
    nevents in  TTV   TTWJetsToLNu :  4911941
    nevents in  TTV   TTWJetsToQQ :  835296
    nevents in  TTV   TTZToLLNuNu :  13280000
    nevents in  ZTo2L   HT600To800 :  8862104
    nevents in  ZTo2L   HT1200To2500 :  536416
    nevents in  ZTo2L   HT100To200 :  11530510
    nevents in  ZTo2L   HT2500ToInf :  427051
    nevents in  ZTo2L   HT800To1200 :  3138129
    nevents in  ZTo2L   HT200To400 :  10860690
    nevents in  ZTo2L   HT400To600 :  46161988
    nevents in  singleTop   ST_s-channel :  19890000
    nevents in  singleTop   ST_t-channel_antitop :  79090800
    nevents in  singleTop   ST_tW_top :  9598000
    nevents in  singlInfo in <TCanvas::MakeDefCanvas>:  created default TCanvas with name c1
TFile::Append:0: RuntimeWarning: Replacing existing TH1: hist (Potential memory leak).
TFile::Append:0: RuntimeWarning: Replacing existing TH1: hist (Potential memory leak).
TFile::Append:0: RuntimeWarning: Replacing existing TH1: hist (Potential memory leak).
TFile::Append:0: RuntimeWarning: Replacing existing TH1: hist (Potential memory leak).
TFile::Append:0: RuntimeWarning: Replacing existing TH1: hist (Potential memory leak).
TFile::Append:0: RuntimeWarning: Replacing existing TH1: hist (Potential memory leak).
TFile::Append:0: RuntimeWarning: Replacing existing TH1: hist (Potential memory leak).
TFile::Append:0: RuntimeWarning: Replacing existing TH1: hist (Potential memory leak).
TFile::Append:0: RuntimeWarning: Replacing existing TH1: hist (Potential memory leak).
TFile::Append:0: RuntimeWarning: Replacing existing TH1: hist (Potential memory leak).
TFile::Append:0: RuntimeWarning: Replacing existing TH1: hist (Potential memory leak).
TFile::Append:0: RuntimeWarning: Replacing existing TH1: hist (Potential memory leak).
TFile::Append:0: RuntimeWarning: Replacing existing TH1: hist (Potential memory leak).
TFile::Append:0: RuntimeWarning: Replacing existing TH1: hist (Potential memory leak).
TFile::Append:0: RuntimeWarning: Replacing existing TH1: hist (Potential memory leak).
TFile::Append:0: RuntimeWarning: Replacing existing TH1: hist (Potential memory leak).
TFile::Append:0: RuntimeWarning: Replacing existing TH1: hist (Potential memory leak).
TFile::Append:0: RuntimeWarning: Replacing existing TH1: hist (Potential memory leak).
TFile::Append:0: RuntimeWarning: Replacing existing TH1: hist (Potential memory leak).
TFile::Append:0: RuntimeWarning: Replacing existing TH1: hist (Potential memory leak).
TFile::Append:0: RuntimeWarning: Replacing existing TH1: hist (Potential memory leak).
TFile::Append:0: RuntimeWarning: Replacing existing TH1: hist (Potential memory leak).
TFile::Append:0: RuntimeWarning: Replacing existing TH1: hist (Potential memory leak).
eTop   ST_t-channel_top :  154307600
    nevents in  singleTop   ST_tW_antitop :  7527000
    nevents in  WPlusJets   HT200To400 :  25468933
    nevents in  WPlusJets   HT70To100 :  28084244
    nevents in  WPlusJets   HT600To800 :  19771294
    nevents in  WPlusJets   HT1200To2500 :  7633949
    nevents in  WPlusJets   HT100To200 :  29425374
    nevents in  WPlusJets   HT400To600 :  5932701
    nevents in  WPlusJets   HT2500ToInf :  3273980
    nevents in  WPlusJets   HT800To1200 :  8402687
Got MC sample root files and event trees
Filling histograms...
  Dataset =  MET  ||   nEvents =  30011991
    hist nEntries =  0.0
    hist integral =  0.0
    hist_data nEntries =  0.0
    hist_data integral =  0.0
    hist nEntries =  49.0
    hist integral =  49.0
    hist_data nEntries =  49.0
    hist_data integral =  49.0
    hist nEntries =  17984.0
    hist integral =  17984.0
    hist_data nEntries =  18033.0
    hist_data integral =  18033.0
    hist nEntries =  89119.0
    hist integral =  89119.0
    hist_data nEntries =  107152.0
    hist_data integral =  107152.0
  Process =  ZTo2Nu
      Dataset =  HT600To800  ||   nEvents =  5748975
Applied ZTo2Nu qcd/ewk Weights correctly
          hist nEntries =  89729.0
          hist integral =  2154.35154749
      Dataset =  HT1200To2500  ||   nEvents =  343198
Applied ZTo2Nu qcd/ewk Weights correctly
          hist nEntries =  9324.0
          hist integral =  372.608914733
      Dataset =  HT100To200  ||   nEvents =  23702894
Applied ZTo2Nu qcd/ewk Weights correctly
          hist nEntries =  16.0
          hist integral =  8.90887737274
      Dataset =  HT2500ToInf  ||   nEvents =  359639
Applied ZTo2Nu qcd/ewk Weights correctly
          hist nEntries =  9521.0
          hist integral =  5.82709357142
      Dataset =  HT800To1200  ||   nEvents =  2066798
Applied ZTo2Nu qcd/ewk Weights correctly
          hist nEntries =  44685.0
          hist integral =  1316.66099739
      Dataset =  HT200To400  ||   nEvents =  23276346
Applied ZTo2Nu qcd/ewk Weights correctly
          hist nEntries =  17725.0
          hist integral =  3453.40735629
      Dataset =  HT400To600  ||   nEvents =  9511100
Applied ZTo2Nu qcd/ewk Weights correctly
          hist nEntries =  77165.0
          hist integral =  4828.26001084
  Process =  WW
      Dataset =  WWTo1L1Nu2Q  ||   nEvents =  4683136
          hist nEntries =  645.0
          hist integral =  483.811284721
      Dataset =  WWTo4Q  ||   nEvents =  3790800
          hist nEntries =  2.0
          hist integral =  1.06035065651
      Dataset =  WWTo2L2Nu  ||   nEvents =  7758900
          hist nEntries =  317.0
          hist integral =  21.3305230774
  Process =  ttbarPlusJets
      Dataset =  TTToSemiLepton  ||   nEvents =  300619998
          hist nEntries =  663933.0
          hist integral =  30721.3810363
      Dataset =  TTTo2L2Nu  ||   nEvents =  64310000
          hist nEntries =  54434.0
          hist integral =  2831.52401495
  Process =  ttbar scalar
      Dataset =  ttDM_MChi1_MPhi100_scalar  ||   nEvents =  1842523
          hist nEntries =  50302.0
          hist integral =  753.694583386
  Process =  ZZ
      Dataset =  ZZTo2Q2Nu  ||   nEvents =  57633049
          hist nEntries =  89011.0
          hist integral =  276.511404544
      Dataset =  ZZTo4L  ||   nEvents =  124649500
          hist nEntries =  209.0
          hist integral =  0.115424028714
      Dataset =  ZZTo2L2Q  ||   nEvents =  27900469
          hist nEntries =  1253.0
          hist integral =  7.4298844398
      Dataset =  ZZTo2L2Nu  ||   nEvents =  56428600
          hist nEntries =  3691.0
          hist integral =  1.78619913606
  Process =  QCD
      Dataset =  HT700To1000  ||   nEvents =  48158738
          hist nEntries =  1522.0
          hist integral =  7555.3202343
      Dataset =  HT500To700  ||   nEvents =  55152960
          hist nEntries =  60.0
          hist integral =  1155.6008606
      Dataset =  HT2000ToInf  ||   nEvents =  5475677
          hist nEntries =  16319.0
          hist integral =  2375.00518227
      Dataset =  HT1000To1TFile::Append:0: RuntimeWarning: Replacing existing TH1: hist (Potential memory leak).
TFile::Append:0: RuntimeWarning: Replacing existing TH1: hist (Potential memory leak).
TFile::Append:0: RuntimeWarning: Replacing existing TH1: hist (Potential memory leak).
TFile::Append:0: RuntimeWarning: Replacing existing TH1: hist (Potential memory leak).
TFile::Append:0: RuntimeWarning: Replacing existing TH1: hist (Potential memory leak).
TFile::Append:0: RuntimeWarning: Replacing existing TH1: hist (Potential memory leak).
TFile::Append:0: RuntimeWarning: Replacing existing TH1: hist (Potential memory leak).
TFile::Append:0: RuntimeWarning: Replacing existing TH1: hist (Potential memory leak).
TFile::Append:0: RuntimeWarning: Replacing existing TH1: hist (Potential memory leak).
TFile::Append:0: RuntimeWarning: Replacing existing TH1: hist (Potential memory leak).
TFile::Append:0: RuntimeWarning: Replacing existing TH1: hist (Potential memory leak).
TFile::Append:0: RuntimeWarning: Replacing existing TH1: hist (Potential memory leak).
TFile::Append:0: RuntimeWarning: Replacing existing TH1: hist (Potential memory leak).
TFile::Append:0: RuntimeWarning: Replacing existing TH1: hist (Potential memory leak).
TFile::Append:0: RuntimeWarning: Replacing existing TH1: hist (Potential memory leak).
TFile::Append:0: RuntimeWarning: Replacing existing TH1: hist (Potential memory leak).
TFile::Append:0: RuntimeWarning: Replacing existing TH1: hist (Potential memory leak).
TFile::Append:0: RuntimeWarning: Replacing existing TH1: hist (Potential memory leak).
TFile::Append:0: RuntimeWarning: Replacing existing TH1: hist (Potential memory leak).
TFile::Append:0: RuntimeWarning: Replacing existing TH1: hist (Potential memory leak).
TFile::Append:0: RuntimeWarning: Replacing existing TH1: hist (Potential memory leak).
TFile::Append:0: RuntimeWarning: Replacing existing TH1: hist (Potential memory leak).
TFile::Append:0: RuntimeWarning: Replacing existing TH1: hist (Potential memory leak).
TFile::Append:0: RuntimeWarning: Replacing existing TH1: hist (Potential memory leak).
TFile::Append:0: RuntimeWarning: Replacing existing TH1: hist (Potential memory leak).
TFile::Append:0: RuntimeWarning: Replacing existing TH1: hist (Potential memory leak).
TFile::Append:0: RuntimeWarning: Replacing existing TH1: hist (Potential memory leak).
TFile::Append:0: RuntimeWarning: Replacing existing TH1: hist (Potential memory leak).
500  ||   nEvents =  15466225
          hist nEntries =  5243.0
          hist integral =  14046.5444505
      Dataset =  HT1500To2000  ||   nEvents =  10955087
          hist nEntries =  15508.0
          hist integral =  5392.20770937
      Dataset =  HT100To200  ||   nEvents =  93972378
          hist nEntries =  0.0
          hist integral =  0.0
      Dataset =  HT300To500  ||   nEvents =  54661579
          hist nEntries =  2.0
          hist integral =  313.464111328
      Dataset =  HT200To300  ||   nEvents =  54289442
          hist nEntries =  0.0
          hist integral =  0.0
  Process =  WZ
      Dataset =  WZTo2Q2Nu  ||   nEvents =  30887331
          hist nEntries =  42872.0
          hist integral =  386.263637751
      Dataset =  WZTo2L2Q  ||   nEvents =  28193648
          hist nEntries =  1432.0
          hist integral =  15.3603011128
      Dataset =  WZTo3LNu  ||   nEvents =  11248318
          hist nEntries =  328.0
          hist integral =  7.3099524118
      Dataset =  WZTo1L3Nu  ||   nEvents =  1690064
          hist nEntries =  473.0
          hist integral =  41.8640395328
      Dataset =  WZTo1L1Nu2Q  ||   nEvents =  18273533
          hist nEntries =  9941.0
          hist integral =  258.239802882
  Process =  ttbar pseudoscalar
      Dataset =  ttDM_MChi1_MPhi100_pseudo  ||   nEvents =  1607992
          hist nEntries =  112653.0
          hist integral =  521.697440028
  Process =  TTV
      Dataset =  TTZToQQ  ||   nEvents =  9572000
          hist nEntries =  44771.0
          hist integral =  92.2263402119
      Dataset =  TTWJetsToLNu  ||   nEvents =  4911941
          hist nEntries =  37617.0
          hist integral =  63.8565872349
      Dataset =  TTWJetsToQQ  ||   nEvents =  835296
          hist nEntries =  4611.0
          hist integral =  93.3743345551
      Dataset =  TTZToLLNuNu  ||   nEvents =  13280000
          hist nEntries =  436980.0
          hist integral =  307.304793969
  Process =  ZTo2L
      Dataset =  HT600To800  ||   nEvents =  8862104
Applied ZTo2L qcd/ewk Weights correctly
          hist nEntries =  12202.0
          hist integral =  97.3428902947
      Dataset =  HT1200To2500  ||   nEvents =  536416
Applied ZTo2L qcd/ewk Weights correctly
          hist nEntries =  2181.0
          hist integral =  27.054019928
      Dataset =  HT100To200  ||   nEvents =  11530510
Applied ZTo2L qcd/ewk Weights correctly
          hist nEntries =  2.0
          hist integral =  0.921482026577
      Dataset =  HT2500ToInf  ||   nEvents =  427051
Applied ZTo2L qcd/ewk Weights correctly
          hist nEntries =  2159.0
          hist integral =  0.696377194021
      Dataset =  HT800To1200  ||   nEvents =  3138129
Applied ZTo2L qcd/ewk Weights correctly
          hist nEntries =  8760.0
          hist integral =  80.0664614718
      Dataset =  HT200To400  ||   nEvents =  10860690
Applied ZTo2L qcd/ewk Weights correctly
          hist nEntries =  196.0
          hist integral =  43.0297828615
      Dataset =  HT400To600  ||   nEvents =  46161988
Applied ZTo2L qcd/ewk Weights correctly
          hist nEntries =  16244.0
          hist integral =  114.077156193
  Process =  singleTop
      Dataset =  ST_s-channel  ||   nEvents =  19890000
          hist nEntries =  15372.0
          hist integral =  110.891490825
      Dataset =  ST_t-channel_antitop  ||   nEvents =  79090800
          hist nEntries =  8092.0
          hist integral =  266.127081253
      Dataset =  ST_tW_top  ||   nEvents =  9598000
          hist nEntries =  8359.0
          hist integral =  1171.05071986
      Dataset =  ST_t-channel_top  ||   nEvents =  154307600
          hist nEntries =  23392.0
          hist integral =  658.617845319
      Dataset =  ST_tW_antitop  ||   nEvents =  7527000
          hist nEntries =  6714.0
          hist integral =  1199.0576179
  Process =  WPlusJets
      Dataset =  HT200To400  ||   nEvents =  25468933
Applied WPlusJets qcd/ewk Weights correctly
          hist nEntries =  2885.0
          hist integral =  2169.15970254
      Dataset =  HT70To100  ||   nEvents =  28084244
ATFile::Append:0: RuntimeWarning: Replacing existing TH1: hist (Potential memory leak).
TFile::Append:0: RuntimeWarning: Replacing existing TH1: hist (Potential memory leak).
TFile::Append:0: RuntimeWarning: Replacing existing TH1: hist (Potential memory leak).
TFile::Append:0: RuntimeWarning: Replacing existing TH1: hist (Potential memory leak).
TFile::Append:0: RuntimeWarning: Replacing existing TH1: hist (Potential memory leak).
TFile::Append:0: RuntimeWarning: Replacing existing TH1: hist (Potential memory leak).
TFile::Append:0: RuntimeWarning: Replacing existing TH1: hist (Potential memory leak).
pplied WPlusJets qcd/ewk Weights correctly
          hist nEntries =  2.0
          hist integral =  7.16990828514
      Dataset =  HT600To800  ||   nEvents =  19771294
Applied WPlusJets qcd/ewk Weights correctly
          hist nEntries =  63591.0
          hist integral =  1689.02840716
      Dataset =  HT1200To2500  ||   nEvents =  7633949
Applied WPlusJets qcd/ewk Weights correctly
          hist nEntries =  59700.0
          hist integral =  323.935263395
      Dataset =  HT100To200  ||   nEvents =  29425374
Applied WPlusJets qcd/ewk Weights correctly
          hist nEntries =  7.0
          hist integral =  11.5147153735
      Dataset =  HT400To600  ||   nEvents =  5932701
Applied WPlusJets qcd/ewk Weights correctly
          hist nEntries =  8445.0
          hist integral =  3570.36296174
      Dataset =  HT2500ToInf  ||   nEvents =  3273980
Applied WPlusJets qcd/ewk Weights correctly
          hist nEntries =  34053.0
          hist integral =  3.38128378801
      Dataset =  HT800To1200  ||   nEvents =  8402687
Applied WPlusJets qcd/ewk Weights correctly
          hist nEntries =  41925.0
          hist integral =  1047.79169834
-----------------------------
Total data background nEvents =  107152.0
Total data background integral =  107152.0
-----------------------------
Total MC background nEvents =  1993620.0
Total MC background integral =  91180.191328
-----------------------------
Total tt+DM signal nEvents =  50302.0
Total tt+DM signal integral =  753.694583386
-----------------------------
-----------------------------
FOM for tt+DM signal =  2.49600323871
-----------------------------
Data bin errors:
    bin 0: 0.0
    bin 1: 252.493564274
    bin 2: 154.291931092
    bin 3: 100.109939566
    bin 4: 67.2086303982
    bin 5: 47.191100856
    bin 6: 34.7706773014
    bin 7: 24.5967477525
    bin 8: 19.6977156036
    bin 9: 14.5945195193
    bin 10: 12.409673646
    bin 11: 9.32737905309
    bin 12: 7.07106781187
    bin 13: 5.9160797831
    bin 14: 4.69041575982
    bin 15: 3.87298334621
-----------------------------
MC background bin errors:
    bin 0: 0.0
    bin 1: 396.160544212
    bin 2: 150.881040716
    bin 3: 74.1116281001
    bin 4: 37.899929454
    bin 5: 20.7160325842
    bin 6: 13.5522473567
    bin 7: 7.85004803772
    bin 8: 6.34624815753
    bin 9: 4.25379105538
    bin 10: 2.99774901993
    bin 11: 2.22117150108
    bin 12: 1.88475609138
    bin 13: 1.48989812585
    bin 14: 1.40323213159
    bin 15: 0.777298331782
-----------------------------
tt+DM bin errors:
    bin 0: 0.0
    bin 1: 2.4030842997
    bin 2: 1.73937775806
    bin 3: 1.30668579703
    bin 4: 0.971769883272
    bin 5: 0.729546294568
    bin 6: 0.575364835962
    bin 7: 0.447312518116
    bin 8: 0.368926018765
    bin 9: 0.296377997257
    bin 10: 0.227329719959
    bin 11: 0.179762014613
    bin 12: 0.142285972274
    bin 13: 0.111622628542
    bin 14: 0.101782272619
    bin 15: 0.0627755455768
-----------------------------
-----------------------------
ttbar pseudoscalar hist info:
    nEvents =  112653.0
    integral =  521.697440028
ZTo2Nu hist info:
    nEvents =  248165.0
    integral =  12140.0252256
TTTo2L2Nu hist info:
    nEvents =  54434.0
    integral =  2831.52401495
singleTop hist info:
    nEvents =  61929.0
    integral =  3405.74464905
TTV hist info:
    nEvents =  523979.0
    integral =  556.762049794
bkgSum hist info:
    nEvents =  1993620.0
    integral =  91180.191328
ttbar scalar hist info:
    nEvents =  50302.0
    integral =  753.694583386
VV hist info:
    nEvents =  150174.0
    integral =  1501.08283132
QCD hist info:
    nEvents =  38654.0
    integral =  30838.1433225
ZTo2L hist info:
    nEvents =  41744.0
    integral =  363.188171253
data hist info:
    nEvents =  107152.0
    integral =  107152.0
WPlusJets hist info:
    nEvents =  210608.0
    integral =  8822.34389997
TTToSemiLepton hist info:
    nEvents =  663933.0
    integral =  30721.3810363
Finished filling histograms
Creating stacked MC background histogram...
Finished stacking MC background histograms.
Drawing histograms...
FinishInfo in <TCanvas::Print>: png file plots/CR_2018/METcorrected_pt/06_15_2021/AH2018_METcorrected_pt_06_15_2021_withHEMfixv2_postHEM.png has been created
ed drawing histograms
Drawing ratio plot...
Finished drawing ratio plot
Plotting end time: 2021-06-16 23:03:03.178670
