plots/plot.py:923: SyntaxWarning: name 'counter' is used prior to global declaration
  global counter
Plotting start time: 2023-06-09 10:10:03.949069
Cut name =  AH0lQR
MC Selection Cuts =  (nVetoElectrons + nLooseMuons) == 0 && njets >= 3 && nbjets >= 1 && METcorrected_pt >= 250 && ntaus == 0 && minDeltaPhi12 <= 0.8 && noB2Bleadingfjet && Flag_goodVertices && Flag_globalSuperTightHalo2016Filter && Flag_HBHENoiseFilter && Flag_HBHENoiseIsoFilter && Flag_EcalDeadCellTriggerPrimitiveFilter && Flag_BadPFMuonFilter && Flag_ecalBadCalibFilterV2 && (HLT_PFMETNoMu120_PFMHTNoMu120_IDTight || HLT_PFMETNoMu120_PFMHTNoMu120_IDTight_PFHT60) && PV_npvsGood > 0 && PV_ndof > 4 && abs(PV_z) < 24 && sqrt(pow(PV_x,2)+pow(PV_y,2)) < 2 && ((METcorrected_phi <= -1.62) || (METcorrected_phi >= -0.82))
Data Selection Cuts =  (nVetoElectrons + nLooseMuons) == 0 && njets >= 3 && nbjets >= 1 && METcorrected_pt >= 250 && ntaus == 0 && minDeltaPhi12 <= 0.8 && noB2Bleadingfjet && Flag_goodVertices && Flag_globalSuperTightHalo2016Filter && Flag_HBHENoiseFilter && Flag_HBHENoiseIsoFilter && Flag_EcalDeadCellTriggerPrimitiveFilter && Flag_BadPFMuonFilter && Flag_ecalBadCalibFilterV2 && (HLT_PFMETNoMu120_PFMHTNoMu120_IDTight || HLT_PFMETNoMu120_PFMHTNoMu120_IDTight_PFHT60) && PV_npvsGood > 0 && PV_ndof > 4 && abs(PV_z) < 24 && sqrt(pow(PV_x,2)+pow(PV_y,2)) < 2 && ((METcorrected_phi <= -1.62) || (METcorrected_phi >= -0.82)) && Flag_eeBadScFilter
var =  METcorrected_pt
year =  2018
lumi =  59.74
saveDirectory =  plots/CR_2018/METcorrected_pt/
date =  06_09_2023
applying HEM fix for 2018...
Creating histograms..
Histogram options: 
    nbins =  15
    xmin =  250
    xmax =  550
    auto_y =  True
    doLogPlot =  True
    drawData =  True
    mediatorType =  scalar
    mchi =  1
    mphi =  100
    normalizePlots =  False
    doBinned =  False
    savePlots =  True
    combineEleMu =  True
    doSys =  False
    doSysFirstHalf =  False
    doSysSecondHalf =  False
    drawOverflow =  True
    drawUnderflow =  False
    plotSys =  False
    plotSysVar =  CMS_eff_b_light_2018
    plotSysSignal =  False
Drawing data and ratio plot...
Selected MET dataset
Loading data sample root files and event trees...
    ----Loading /hdfs/store/user/vshang/MET_Run2018A/MET/ModuleCommonSkim_12242022/tree_all.root
    ----Loading /hdfs/store/user/vshang/MET_Run2018B/MET/ModuleCommonSkim_12242022/tree_all.root
    ----Loading /hdfs/store/user/vshang/MET_Run2018C/MET/ModuleCommonSkim_12242022/tree_all.root
    ----Loading /hdfs/store/user/vshang/MET_Run2018D/MET/ModuleCommonSkim_12242022/tree_all.root
    total nevents in  MET :  3632470
Got data sample root files and event trees
Loading MC sample root files and event trees...
Loading process:  ZTo2Nu
    ----Loading HT600To800
    nevents in  ZTo2Nu   HT600To800 :  5728007
    ----Loading HT1200To2500
    nevents in  ZTo2Nu   HT1200To2500 :  340302
    ----Loading HT100To200
    nevents in  ZTo2Nu   HT100To200 :  23678788
    ----Loading HT2500ToInf
    nevents in  ZTo2Nu   HT2500ToInf :  350333
    ----Loading HT400To600
    nevents in  ZTo2Nu   HT400To600 :  9485400
    ----Loading HT200To400
    nevents in  ZTo2Nu   HT200To400 :  23236674
    ----Loading HT800To1200
    nevents in  ZTo2Nu   HT800To1200 :  2056362
Loading process:  tbar scalar
    ----Loading tChan_MChi1_MPhi100_scalar
    nevents in  tbar scalar   tChan_MChi1_MPhi100_scalar :  310000
    ----Loading tWChan_MChi1_MPhi100_scalar
    nevents in  tbar scalar   tWChan_MChi1_MPhi100_scalar :  143000
Loading process:  TTV
    ----Loading TTZToQQ
    nevents in  TTV   TTZToQQ :  4543958
    ----Loading TTWJetsToLNu
    nevents in  TTV   TTWJetsToLNu :  2686095
    ----Loading TTWJetsToQQ
    nevents in  TTV   TTWJetsToQQ :  458226
    ----Loading TTZToLLNuNu
    nevents in  TTV   TTZToLLNuNu :  6274046
Loading process:  WW
    ----Loading WWTo1L1Nu2Q
    nevents in  WW   WWTo1L1Nu2Q :  2941220
    ----Loading WWTo4Q
    nevents in  WW   WWTo4Q :  3776486
    ----Loading WWTo2L2Nu
    nevents in  WW   WWTo2L2Nu :  7729266
Loading process:  ttbarPlusJets
    ----Loading TTToSemiLepton
    nevents in  ttbarPlusJets   TTToSemiLepton :  298193168
    ----Loading TTTo2LInfo in <TCanvas::MakeDefCanvas>:  created default TCanvas with name c1
TFile::Append:0: RuntimeWarning: Replacing existing TH1: hist (Potential memory leak).
TFile::Append:0: RuntimeWarning: Replacing existing TH1: hist (Potential memory leak).
TFile::Append:0: RuntimeWarning: Replacing existing TH1: hist (Potential memory leak).
2Nu
    nevents in  ttbarPlusJets   TTTo2L2Nu :  63791484
Loading process:  ttbar scalar
    ----Loading ttDM_MChi1_MPhi100_scalar
    nevents in  ttbar scalar   ttDM_MChi1_MPhi100_scalar :  1839899
Loading process:  ZZ
    ----Loading ZZTo2Q2Nu
    nevents in  ZZ   ZZTo2Q2Nu :  36391519
    ----Loading ZZTo4L
    nevents in  ZZ   ZZTo4L :  123387004
    ----Loading ZZTo2L2Q
    nevents in  ZZ   ZZTo2L2Q :  17815223
    ----Loading ZZTo2L2Nu
    nevents in  ZZ   ZZTo2L2Nu :  56356048
Loading process:  QCD
    ----Loading Pt170to300
    nevents in  QCD   Pt170to300 :  29710000
    ----Loading Pt15to30
    nevents in  QCD   Pt15to30 :  19451000
    ----Loading Pt800to1000
    nevents in  QCD   Pt800to1000 :  36062000
    ----Loading Pt600to800
    nevents in  QCD   Pt600to800 :  64061000
    ----Loading Pt120to170
    nevents in  QCD   Pt120to170 :  25255000
    ----Loading Pt1000to1400
    nevents in  QCD   Pt1000to1400 :  18485000
    ----Loading Pt1400to1800
    nevents in  QCD   Pt1400to1800 :  6928000
    ----Loading Pt50to80
    nevents in  QCD   Pt50to80 :  25580000
    ----Loading Pt1800to2400
    nevents in  QCD   Pt1800to2400 :  4017800
    ----Loading Pt3200toInf
    nevents in  QCD   Pt3200toInf :  925000
    ----Loading Pt2400to3200
    nevents in  QCD   Pt2400to3200 :  2394000
    ----Loading Pt80to120
    nevents in  QCD   Pt80to120 :  29535000
    ----Loading Pt30to50
    nevents in  QCD   Pt30to50 :  18488000
    ----Loading Pt470to600
    nevents in  QCD   Pt470to600 :  42459973
    ----Loading Pt300to470
    nevents in  QCD   Pt300to470 :  41744000
Loading process:  ZTo2L
    ----Loading HT600To800
    nevents in  ZTo2L   HT600To800 :  8828622
    ----Loading HT1200To2500
    nevents in  ZTo2L   HT1200To2500 :  531762
    ----Loading HT100To200
    nevents in  ZTo2L   HT100To200 :  11518130
    ----Loading HT2500ToInf
    nevents in  ZTo2L   HT2500ToInf :  415713
    ----Loading HT400To600
    nevents in  ZTo2L   HT400To600 :  46037912
    ----Loading HT200To400
    nevents in  ZTo2L   HT200To400 :  10841886
    ----Loading HT800To1200
    nevents in  ZTo2L   HT800To1200 :  3121975
Loading process:  singleTop
    ----Loading ST_s-channel
    nevents in  singleTop   ST_s-channel :  12403008
    ----Loading ST_t-channel_antitop
    nevents in  singleTop   ST_t-channel_antitop :  74227130
    ----Loading ST_t-channel_top
    nevents in  singleTop   ST_t-channel_top :  144094782
    ----Loading ST_tW_top
    nevents in  singleTop   ST_tW_top :  9553912
    ----Loading ST_tW_antitop
    nevents in  singleTop   ST_tW_antitop :  7492620
Loading process:  WZ
    ----Loading WZTo2Q2Nu
    nevents in  WZ   WZTo2Q2Nu :  18549507
    ----Loading WZTo3LNu
    nevents in  WZ   WZTo3LNu :  7049958
    ----Loading WZTo1L1Nu2Q
    nevents in  WZ   WZTo1L1Nu2Q :  10874643
    ----Loading WZTo1L3Nu
    nevents in  WZ   WZTo1L3Nu :  920352
    ----Loading WZTo2L2Q
    nevents in  WZ   WZTo2L2Q :  17048434
Loading process:  WPlusJets
    ----Loading HT600To800
    nevents in  WPlusJets   HT600To800 :  19699782
    ----Loading HT70To100
    nevents in  WPlusJets   HT70To100 :  28060302
    ----Loading HT1200To2500
    nevents in  WPlusJets   HT1200To2500 :  7571583
    ----Loading HT100To200
    nevents in  WPlusJets   HT100To200 :  29392626
    ----Loading HT2500ToInf
    nevents in  WPlusJets   HT2500ToInf :  3191612
    ----Loading HT800To1200
    nevents in  WPlusJets   HT800To1200 :  8362227
    ----Loading HT200To400
    nevents in  WPlusJets   HT200To400 :  25423155
    ----Loading HT400To600
    nevents in  WPlusJets   HT400To600 :  5915969
Got MC sample root files and event trees
Filling data histograms...
  Dataset =  MET  ||   nEvents =  3632470
    hist nEntries =  19147.0
    hist integral =  19147.0
    hist_data nEntries =  19147.0
    hist_data integral =  19147.0
    hist nEntries =  9335.0
    hist integral =  9335.0
    hist_data nEntries =  28482.0
    hist_data integral =  28482.0
    hist nEntries =  9545.0
    hist integral =  9545.0
    hist_data nEntries =  38027.0
    hist_data integral =  38027.0
  TFile::Append:0: RuntimeWarning: Replacing existing TH1: hist (Potential memory leak).
TFile::Append:0: RuntimeWarning: Replacing existing TH1: hist (Potential memory leak).
TFile::Append:0: RuntimeWarning: Replacing existing TH1: hist (Potential memory leak).
TFile::Append:0: RuntimeWarning: Replacing existing TH1: hist (Potential memory leak).
TFile::Append:0: RuntimeWarning: Replacing existing TH1: hist (Potential memory leak).
TFile::Append:0: RuntimeWarning: Replacing existing TH1: hist (Potential memory leak).
TFile::Append:0: RuntimeWarning: Replacing existing TH1: hist (Potential memory leak).
TFile::Append:0: RuntimeWarning: Replacing existing TH1: hist (Potential memory leak).
TFile::Append:0: RuntimeWarning: Replacing existing TH1: hist (Potential memory leak).
TFile::Append:0: RuntimeWarning: Replacing existing TH1: hist (Potential memory leak).
TFile::Append:0: RuntimeWarning: Replacing existing TH1: hist (Potential memory leak).
TFile::Append:0: RuntimeWarning: Replacing existing TH1: hist (Potential memory leak).
  hist nEntries =  43148.0
    hist integral =  43148.0
    hist_data nEntries =  81175.0
    hist_data integral =  81175.0
Filling MC histograms...
  Process =  ZTo2Nu
      Dataset =  HT600To800  ||   nEvents =  5728007
Applied ZTo2Nu ewk Weights correctly
          hist weight =  0.0339687399125*leptonWeight*bjetWeight*puWeight*muonTriggerWeight*EE_L1_prefire_Weight*electronTriggerWeight*genWeightSign*METTriggerWeight*qcdZTo2NuWeight*ewkZWeight*0.934
          hist nEntries =  23942.0
          hist integral =  1069.07239342
      Dataset =  HT1200To2500  ||   nEvents =  340302
Applied ZTo2Nu ewk Weights correctly
          hist weight =  0.0600205288244*leptonWeight*bjetWeight*puWeight*muonTriggerWeight*EE_L1_prefire_Weight*electronTriggerWeight*genWeightSign*METTriggerWeight*qcdZTo2NuWeight*ewkZWeight*0.934
          hist nEntries =  4981.0
          hist integral =  374.959088802
      Dataset =  HT100To200  ||   nEvents =  23678788
Applied ZTo2Nu ewk Weights correctly
          hist weight =  0.763944168088*leptonWeight*bjetWeight*puWeight*muonTriggerWeight*EE_L1_prefire_Weight*electronTriggerWeight*genWeightSign*METTriggerWeight*qcdZTo2NuWeight*ewkZWeight*0.934
          hist nEntries =  1.0
          hist integral =  0.0310638733208
      Dataset =  HT2500ToInf  ||   nEvents =  350333
Applied ZTo2Nu ewk Weights correctly
          hist weight =  0.000877513794019*leptonWeight*bjetWeight*puWeight*muonTriggerWeight*EE_L1_prefire_Weight*electronTriggerWeight*genWeightSign*METTriggerWeight*qcdZTo2NuWeight*ewkZWeight*0.934
          hist nEntries =  6675.0
          hist integral =  7.27248464525
      Dataset =  HT400To600  ||   nEvents =  9485400
Applied ZTo2Nu ewk Weights correctly
          hist weight =  0.0830089611403*leptonWeight*bjetWeight*puWeight*muonTriggerWeight*EE_L1_prefire_Weight*electronTriggerWeight*genWeightSign*METTriggerWeight*qcdZTo2NuWeight*ewkZWeight*0.934
          hist nEntries =  10582.0
          hist integral =  1185.65749764
      Dataset =  HT200To400  ||   nEvents =  23236674
Applied ZTo2Nu ewk Weights correctly
          hist weight =  0.238042957439*leptonWeight*bjetWeight*puWeight*muonTriggerWeight*EE_L1_prefire_Weight*electronTriggerWeight*genWeightSign*METTriggerWeight*qcdZTo2NuWeight*ewkZWeight*0.934
          hist nEntries =  631.0
          hist integral =  211.610406756
      Dataset =  HT800To1200  ||   nEvents =  2056362
Applied ZTo2Nu ewk Weights correctly
          hist weight =  0.0432864447019*leptonWeight*bjetWeight*puWeight*muonTriggerWeight*EE_L1_prefire_Weight*electronTriggerWeight*genWeightSign*METTriggerWeight*qcdZTo2NuWeight*ewkZWeight*0.934
          hist nEntries =  17671.0
          hist integral =  979.978795052
  Process =  tbar scalar
      Dataset =  tChan_MChi1_MPhi100_scalar  ||   nEvents =  310000
          hist weight =  0.054883716129*leptonWeight*bjetWeight*puWeight*muonTriggerWeight*EE_L1_prefire_Weight*electronTriggerWeight*genWeightSign*METTriggerWeight
          hist nEntries =  835.0
          hist integral =  44.3569601178
      Dataset =  tWChan_MChi1_MPhi100_scalar  ||   nEvents =  143000
          hist weight =  0.0229518573427*leptonWeight*bjetWeight*puWeight*muonTriggerWeight*EE_L1_prefire_Weight*electronTriggerWeight*genWeightSign*METTriggerWeight
          hist nEntries =  1444.0
          hist integral =  31.4338299334
  Process =  TTV
      Dataset =  TTZToQQ  ||   nEvents =  4543958
          hist weight =  0.00671029441733*leptonWeight*bjetWeight*puWeight*muonTriggerWeight*EE_L1_prefire_Weight*electronTriggerWeight*genWeightSign*METTriggerWeight
          hist nEntries =  18593.0
          hist integral =  54.6655049026
      Dataset =  TTWJetsToLNu  ||   nEvents =  2686095
          hist weight =  0.00477947578176*leptonWeight*bjetWeight*puWeight*muonTriggerWeight*EE_L1_prefire_Weight*electronTriggerWeight*genWeightSign*METTriggerWeight
          hist nEntries =  11175.0
          hist integral =  23.5395472944
      Dataset =  TTWJetsToQQ  ||   nEvents =  458226
          hist weight =  0.0562687058351*leptonWeight*bjetWeight*puWeigTFile::Append:0: RuntimeWarning: Replacing existing TH1: hist (Potential memory leak).
TFile::Append:0: RuntimeWarning: Replacing existing TH1: hist (Potential memory leak).
TFile::Append:0: RuntimeWarning: Replacing existing TH1: hist (Potential memory leak).
TFile::Append:0: RuntimeWarning: Replacing existing TH1: hist (Potential memory leak).
TFile::Append:0: RuntimeWarning: Replacing existing TH1: hist (Potential memory leak).
TFile::Append:0: RuntimeWarning: Replacing existing TH1: hist (Potential memory leak).
TFile::Append:0: RuntimeWarning: Replacing existing TH1: hist (Potential memory leak).
TFile::Append:0: RuntimeWarning: Replacing existing TH1: hist (Potential memory leak).
TFile::Append:0: RuntimeWarning: Replacing existing TH1: hist (Potential memory leak).
TFile::Append:0: RuntimeWarning: Replacing existing TH1: hist (Potential memory leak).
TFile::Append:0: RuntimeWarning: Replacing existing TH1: hist (Potential memory leak).
TFile::Append:0: RuntimeWarning: Replacing existing TH1: hist (Potential memory leak).
TFile::Append:0: RuntimeWarning: Replacing existing TH1: hist (Potential memory leak).
ht*muonTriggerWeight*EE_L1_prefire_Weight*electronTriggerWeight*genWeightSign*METTriggerWeight
          hist nEntries =  2293.0
          hist integral =  64.3432293385
      Dataset =  TTZToLLNuNu  ||   nEvents =  6274046
          hist weight =  0.00231569357317*leptonWeight*bjetWeight*puWeight*muonTriggerWeight*EE_L1_prefire_Weight*electronTriggerWeight*genWeightSign*METTriggerWeight
          hist nEntries =  58643.0
          hist integral =  48.7655229568
  Process =  WW
      Dataset =  WWTo1L1Nu2Q  ||   nEvents =  2941220
          hist weight =  1.63993431297*leptonWeight*bjetWeight*puWeight*muonTriggerWeight*EE_L1_prefire_Weight*electronTriggerWeight*genWeightSign*METTriggerWeight
          hist nEntries =  181.0
          hist integral =  166.817070186
      Dataset =  WWTo4Q  ||   nEvents =  3776486
          hist weight =  0.755037937384*leptonWeight*bjetWeight*puWeight*muonTriggerWeight*EE_L1_prefire_Weight*electronTriggerWeight*genWeightSign*METTriggerWeight
          hist nEntries =  2.0
          hist integral =  1.53533506393
      Dataset =  WWTo2L2Nu  ||   nEvents =  7729266
          hist weight =  0.0856380411801*leptonWeight*bjetWeight*puWeight*muonTriggerWeight*EE_L1_prefire_Weight*electronTriggerWeight*genWeightSign*METTriggerWeight
          hist nEntries =  92.0
          hist integral =  9.58812523633
  Process =  ttbarPlusJets
      Dataset =  TTToSemiLepton  ||   nEvents =  298193168
          hist weight =  0.0729938554461*leptonWeight*bjetWeight*puWeight*muonTriggerWeight*EE_L1_prefire_Weight*electronTriggerWeight*genWeightSign*METTriggerWeight
          hist nEntries =  234762.0
          hist integral =  15611.3830872
      Dataset =  TTTo2L2Nu  ||   nEvents =  63791484
          hist weight =  0.0817648230287*leptonWeight*bjetWeight*puWeight*muonTriggerWeight*EE_L1_prefire_Weight*electronTriggerWeight*genWeightSign*METTriggerWeight
          hist nEntries =  23274.0
          hist integral =  1776.76593685
  Process =  ttbar scalar
      Dataset =  ttDM_MChi1_MPhi100_scalar  ||   nEvents =  1839899
          hist weight =  0.0234644976708*leptonWeight*bjetWeight*puWeight*muonTriggerWeight*EE_L1_prefire_Weight*electronTriggerWeight*genWeightSign*METTriggerWeight*GenModel__TTbarDMJets_Inclusive_scalar_LO_Mchi_1_Mphi_100_TuneCP5_13TeV_madgraph_mcatnlo_pythia8
          hist nEntries =  9981.0
          hist integral =  223.807211161
  Process =  ZZ
      Dataset =  ZZTo2Q2Nu  ||   nEvents =  36391519
          hist weight =  0.00749222256977*leptonWeight*bjetWeight*puWeight*muonTriggerWeight*EE_L1_prefire_Weight*electronTriggerWeight*genWeightSign*METTriggerWeight
          hist nEntries =  8660.0
          hist integral =  33.6794849336
      Dataset =  ZZTo4L  ||   nEvents =  123387004
          hist weight =  0.000641522181704*leptonWeight*bjetWeight*puWeight*muonTriggerWeight*EE_L1_prefire_Weight*electronTriggerWeight*genWeightSign*METTriggerWeight
          hist nEntries =  132.0
          hist integral =  0.112668666756
      Dataset =  ZZTo2L2Q  ||   nEvents =  17815223
          hist weight =  0.0123670144348*leptonWeight*bjetWeight*puWeight*muonTriggerWeight*EE_L1_prefire_Weight*electronTriggerWeight*genWeightSign*METTriggerWeight
          hist nEntries =  671.0
          hist integral =  4.37541368138
      Dataset =  ZZTo2L2Nu  ||   nEvents =  56356048
          hist weight =  0.000598289929769*leptonWeight*bjetWeight*puWeight*muonTriggerWeight*EE_L1_prefire_Weight*electronTriggerWeight*genWeightSign*METTriggerWeight
          hist nEntries =  643.0
          hist integral =  0.458861698862
  Process =  QCD
      Dataset =  Pt170to300  ||   nEvents =  29710000
          hist weight =  207.712622013*leptonWeight*bjetWeight*puWeight*muonTriggerWeight*EE_L1_prefire_Weight*electronTriggerWeight*genWeightSign*METTriggerWeight
          hist nEntries =  19.0
          hist integral =  4163.45046997
      Dataset =  Pt15to30  ||   nEvents =  19451000
          hist weight =  3832991.61997*leptonWeight*bjetWeight*puWeight*muonTriggerWeight*EE_L1_prefire_Weight*electronTriggerWeight*geTFile::Append:0: RuntimeWarning: Replacing existing TH1: hist (Potential memory leak).
TFile::Append:0: RuntimeWarning: Replacing existing TH1: hist (Potential memory leak).
TFile::Append:0: RuntimeWarning: Replacing existing TH1: hist (Potential memory leak).
TFile::Append:0: RuntimeWarning: Replacing existing TH1: hist (Potential memory leak).
TFile::Append:0: RuntimeWarning: Replacing existing TH1: hist (Potential memory leak).
TFile::Append:0: RuntimeWarning: Replacing existing TH1: hist (Potential memory leak).
TFile::Append:0: RuntimeWarning: Replacing existing TH1: hist (Potential memory leak).
TFile::Append:0: RuntimeWarning: Replacing existing TH1: hist (Potential memory leak).
TFile::Append:0: RuntimeWarning: Replacing existing TH1: hist (Potential memory leak).
TFile::Append:0: RuntimeWarning: Replacing existing TH1: hist (Potential memory leak).
TFile::Append:0: RuntimeWarning: Replacing existing TH1: hist (Potential memory leak).
TFile::Append:0: RuntimeWarning: Replacing existing TH1: hist (Potential memory leak).
TFile::Append:0: RuntimeWarning: Replacing existing TH1: hist (Potential memory leak).
TFile::Append:0: RuntimeWarning: Replacing existing TH1: hist (Potential memory leak).
nWeightSign*METTriggerWeight
          hist nEntries =  0.0
          hist integral =  0.0
      Dataset =  Pt800to1000  ||   nEvents =  36062000
          hist weight =  0.0436014863291*leptonWeight*bjetWeight*puWeight*muonTriggerWeight*EE_L1_prefire_Weight*electronTriggerWeight*genWeightSign*METTriggerWeight
          hist nEntries =  75473.0
          hist integral =  3147.71846771
      Dataset =  Pt600to800  ||   nEvents =  64061000
          hist weight =  0.146037120869*leptonWeight*bjetWeight*puWeight*muonTriggerWeight*EE_L1_prefire_Weight*electronTriggerWeight*genWeightSign*METTriggerWeight
          hist nEntries =  67601.0
          hist integral =  9410.22014046
      Dataset =  Pt120to170  ||   nEvents =  25255000
          hist weight =  962.27408434*leptonWeight*bjetWeight*puWeight*muonTriggerWeight*EE_L1_prefire_Weight*electronTriggerWeight*genWeightSign*METTriggerWeight
          hist nEntries =  0.0
          hist integral =  0.0
      Dataset =  Pt1000to1400  ||   nEvents =  18485000
          hist weight =  0.024238571815*leptonWeight*bjetWeight*puWeight*muonTriggerWeight*EE_L1_prefire_Weight*electronTriggerWeight*genWeightSign*METTriggerWeight
          hist nEntries =  55462.0
          hist integral =  1320.40876007
      Dataset =  Pt1400to1800  ||   nEvents =  6928000
          hist weight =  0.00558682823326*leptonWeight*bjetWeight*puWeight*muonTriggerWeight*EE_L1_prefire_Weight*electronTriggerWeight*genWeightSign*METTriggerWeight
          hist nEntries =  25891.0
          hist integral =  155.583357096
      Dataset =  Pt50to80  ||   nEvents =  25580000
          hist weight =  36619.3588741*leptonWeight*bjetWeight*puWeight*muonTriggerWeight*EE_L1_prefire_Weight*electronTriggerWeight*genWeightSign*METTriggerWeight
          hist nEntries =  0.0
          hist integral =  0.0
      Dataset =  Pt1800to2400  ||   nEvents =  4017800
          hist weight =  0.00129581885609*leptonWeight*bjetWeight*puWeight*muonTriggerWeight*EE_L1_prefire_Weight*electronTriggerWeight*genWeightSign*METTriggerWeight
          hist nEntries =  20699.0
          hist integral =  29.9524145126
      Dataset =  Pt3200toInf  ||   nEvents =  925000
          hist weight =  8.71235243243e-06*leptonWeight*bjetWeight*puWeight*muonTriggerWeight*EE_L1_prefire_Weight*electronTriggerWeight*genWeightSign*METTriggerWeight
          hist nEntries =  9943.0
          hist integral =  0.0963843829231
      Dataset =  Pt2400to3200  ||   nEvents =  2394000
          hist weight =  0.000130809139515*leptonWeight*bjetWeight*puWeight*muonTriggerWeight*EE_L1_prefire_Weight*electronTriggerWeight*genWeightSign*METTriggerWeight
          hist nEntries =  18192.0
          hist integral =  2.65754891746
      Dataset =  Pt80to120  ||   nEvents =  29535000
          hist weight =  4724.99204334*leptonWeight*bjetWeight*puWeight*muonTriggerWeight*EE_L1_prefire_Weight*electronTriggerWeight*genWeightSign*METTriggerWeight
          hist nEntries =  0.0
          hist integral =  0.0
      Dataset =  Pt30to50  ||   nEvents =  18488000
          hist weight =  344454.997836*leptonWeight*bjetWeight*puWeight*muonTriggerWeight*EE_L1_prefire_Weight*electronTriggerWeight*genWeightSign*METTriggerWeight
          hist nEntries =  0.0
          hist integral =  0.0
      Dataset =  Pt470to600  ||   nEvents =  42459973
          hist weight =  0.777492816588*leptonWeight*bjetWeight*puWeight*muonTriggerWeight*EE_L1_prefire_Weight*electronTriggerWeight*genWeightSign*METTriggerWeight
          hist nEntries =  16787.0
          hist integral =  12450.8068485
      Dataset =  Pt300to470  ||   nEvents =  41744000
          hist weight =  9.76871502491*leptonWeight*bjetWeight*puWeight*muonTriggerWeight*EE_L1_prefire_Weight*electronTriggerWeight*genWeightSign*METTriggerWeight
          hist nEntries =  1839.0
          hist integral =  17269.87362
  Process =  ZTo2L
      Dataset =  HT600To800  ||   nEvents =  8828622
Applied ZTo2L ewk Weights correctly
          hist weight =  0.0117942324408*leptonWeight*bjetWeight*puWeight*muonTriggerWeight*EE_L1_prefire_Weight*elTFile::Append:0: RuntimeWarning: Replacing existing TH1: hist (Potential memory leak).
TFile::Append:0: RuntimeWarning: Replacing existing TH1: hist (Potential memory leak).
TFile::Append:0: RuntimeWarning: Replacing existing TH1: hist (Potential memory leak).
TFile::Append:0: RuntimeWarning: Replacing existing TH1: hist (Potential memory leak).
TFile::Append:0: RuntimeWarning: Replacing existing TH1: hist (Potential memory leak).
TFile::Append:0: RuntimeWarning: Replacing existing TH1: hist (Potential memory leak).
TFile::Append:0: RuntimeWarning: Replacing existing TH1: hist (Potential memory leak).
TFile::Append:0: RuntimeWarning: Replacing existing TH1: hist (Potential memory leak).
TFile::Append:0: RuntimeWarning: Replacing existing TH1: hist (Potential memory leak).
TFile::Append:0: RuntimeWarning: Replacing existing TH1: hist (Potential memory leak).
TFile::Append:0: RuntimeWarning: Replacing existing TH1: hist (Potential memory leak).
TFile::Append:0: RuntimeWarning: Replacing existing TH1: hist (Potential memory leak).
ectronTriggerWeight*genWeightSign*METTriggerWeight*qcdZTo2LWeight*ewkZWeight*0.934
          hist nEntries =  9521.0
          hist integral =  154.391725183
      Dataset =  HT1200To2500  ||   nEvents =  531762
Applied ZTo2L ewk Weights correctly
          hist weight =  0.0217159970062*leptonWeight*bjetWeight*puWeight*muonTriggerWeight*EE_L1_prefire_Weight*electronTriggerWeight*genWeightSign*METTriggerWeight*qcdZTo2LWeight*ewkZWeight*0.934
          hist nEntries =  1664.0
          hist integral =  42.1435704231
      Dataset =  HT100To200  ||   nEvents =  11518130
Applied ZTo2L ewk Weights correctly
          hist weight =  0.835562196294*leptonWeight*bjetWeight*puWeight*muonTriggerWeight*EE_L1_prefire_Weight*electronTriggerWeight*genWeightSign*METTriggerWeight*qcdZTo2LWeight*ewkZWeight*0.934
          hist nEntries =  0.0
          hist integral =  0.0
      Dataset =  HT2500ToInf  ||   nEvents =  415713
Applied ZTo2L ewk Weights correctly
          hist weight =  0.00049836863413*leptonWeight*bjetWeight*puWeight*muonTriggerWeight*EE_L1_prefire_Weight*electronTriggerWeight*genWeightSign*METTriggerWeight*qcdZTo2LWeight*ewkZWeight*0.934
          hist nEntries =  1641.0
          hist integral =  1.03537498973
      Dataset =  HT400To600  ||   nEvents =  46037912
Applied ZTo2L ewk Weights correctly
          hist weight =  0.00904185923984*leptonWeight*bjetWeight*puWeight*muonTriggerWeight*EE_L1_prefire_Weight*electronTriggerWeight*genWeightSign*METTriggerWeight*qcdZTo2LWeight*ewkZWeight*0.934
          hist nEntries =  9391.0
          hist integral =  127.757379927
      Dataset =  HT200To400  ||   nEvents =  10841886
Applied ZTo2L ewk Weights correctly
          hist weight =  0.268122022312*leptonWeight*bjetWeight*puWeight*muonTriggerWeight*EE_L1_prefire_Weight*electronTriggerWeight*genWeightSign*METTriggerWeight*qcdZTo2LWeight*ewkZWeight*0.934
          hist nEntries =  51.0
          hist integral =  22.6581564844
      Dataset =  HT800To1200  ||   nEvents =  3121975
Applied ZTo2L ewk Weights correctly
          hist weight =  0.0154077620737*leptonWeight*bjetWeight*puWeight*muonTriggerWeight*EE_L1_prefire_Weight*electronTriggerWeight*genWeightSign*METTriggerWeight*qcdZTo2LWeight*ewkZWeight*0.934
          hist nEntries =  7188.0
          hist integral =  135.460773468
  Process =  singleTop
      Dataset =  ST_s-channel  ||   nEvents =  12403008
          hist weight =  0.0160873555834*leptonWeight*bjetWeight*puWeight*muonTriggerWeight*EE_L1_prefire_Weight*electronTriggerWeight*genWeightSign*METTriggerWeight
          hist nEntries =  8900.0
          hist integral =  70.9243262708
      Dataset =  ST_t-channel_antitop  ||   nEvents =  74227130
          hist weight =  0.0651668439828*leptonWeight*bjetWeight*puWeight*muonTriggerWeight*EE_L1_prefire_Weight*electronTriggerWeight*genWeightSign*METTriggerWeight
          hist nEntries =  4081.0
          hist integral =  190.545171291
      Dataset =  ST_t-channel_top  ||   nEvents =  144094782
          hist weight =  0.0563922904578*leptonWeight*bjetWeight*puWeight*muonTriggerWeight*EE_L1_prefire_Weight*electronTriggerWeight*genWeightSign*METTriggerWeight
          hist nEntries =  12627.0
          hist integral =  514.84017086
      Dataset =  ST_tW_top  ||   nEvents =  9553912
          hist weight =  0.224167754528*leptonWeight*bjetWeight*puWeight*muonTriggerWeight*EE_L1_prefire_Weight*electronTriggerWeight*genWeightSign*METTriggerWeight
          hist nEntries =  2795.0
          hist integral =  581.43970871
      Dataset =  ST_tW_antitop  ||   nEvents =  7492620
          hist weight =  0.28583846505*leptonWeight*bjetWeight*puWeight*muonTriggerWeight*EE_L1_prefire_Weight*electronTriggerWeight*genWeightSign*METTriggerWeight
          hist nEntries =  2371.0
          hist integral =  630.970513582
  Process =  WZ
      Dataset =  WZTo2Q2Nu  ||   nEvents =  18549507
          hist weight =  0.0220866743251*leptonWeight*bjetWeight*puWeight*muonTriggerWeight*EE_L1_prefire_Weight*electronTriggerWeight*genWeightSign*METTriggerWeight
          hist nEntries =  7TFile::Append:0: RuntimeWarning: Replacing existing TH1: hist (Potential memory leak).
TFile::Append:0: RuntimeWarning: Replacing existing TH1: hist (Potential memory leak).
TFile::Append:0: RuntimeWarning: Replacing existing TH1: hist (Potential memory leak).
TFile::Append:0: RuntimeWarning: Replacing existing TH1: hist (Potential memory leak).
TFile::Append:0: RuntimeWarning: Replacing existing TH1: hist (Potential memory leak).
TFile::Append:0: RuntimeWarning: Replacing existing TH1: hist (Potential memory leak).
TFile::Append:0: RuntimeWarning: Replacing existing TH1: hist (Potential memory leak).
TFile::Append:0: RuntimeWarning: Replacing existing TH1: hist (Potential memory leak).
TFile::Append:0: RuntimeWarning: Replacing existing TH1: hist (Potential memory leak).
TFile::Append:0: RuntimeWarning: Replacing existing TH1: hist (Potential memory leak).
TFile::Append:0: RuntimeWarning: Replacing existing TH1: hist (Potential memory leak).
TFile::Append:0: RuntimeWarning: Replacing existing TH1: hist (Potential memory leak).
226.0
          hist integral =  99.2299705744
      Dataset =  WZTo3LNu  ||   nEvents =  7049958
          hist weight =  0.0428096848237*leptonWeight*bjetWeight*puWeight*muonTriggerWeight*EE_L1_prefire_Weight*electronTriggerWeight*genWeightSign*METTriggerWeight
          hist nEntries =  140.0
          hist integral =  4.26406642795
      Dataset =  WZTo1L1Nu2Q  ||   nEvents =  10874643
          hist weight =  0.064054369417*leptonWeight*bjetWeight*puWeight*muonTriggerWeight*EE_L1_prefire_Weight*electronTriggerWeight*genWeightSign*METTriggerWeight
          hist nEntries =  2793.0
          hist integral =  102.237164915
      Dataset =  WZTo1L3Nu  ||   nEvents =  920352
          hist weight =  0.216929044539*leptonWeight*bjetWeight*puWeight*muonTriggerWeight*EE_L1_prefire_Weight*electronTriggerWeight*genWeightSign*METTriggerWeight
          hist nEntries =  89.0
          hist integral =  14.8690006062
      Dataset =  WZTo2L2Q  ||   nEvents =  17048434
          hist weight =  0.0221846733841*leptonWeight*bjetWeight*puWeight*muonTriggerWeight*EE_L1_prefire_Weight*electronTriggerWeight*genWeightSign*METTriggerWeight
          hist nEntries =  881.0
          hist integral =  13.8792684972
  Process =  WPlusJets
      Dataset =  HT600To800  ||   nEvents =  19699782
Applied WPlusJets ewk Weights correctly
          hist weight =  0.0390285435646*leptonWeight*bjetWeight*puWeight*muonTriggerWeight*EE_L1_prefire_Weight*electronTriggerWeight*genWeightSign*METTriggerWeight*qcdWWeight*ewkWWeight*0.9135
          hist nEntries =  26779.0
          hist integral =  1340.68734264
      Dataset =  HT70To100  ||   nEvents =  28060302
Applied WPlusJets ewk Weights correctly
          hist weight =  2.7506503672*leptonWeight*bjetWeight*puWeight*muonTriggerWeight*EE_L1_prefire_Weight*electronTriggerWeight*genWeightSign*METTriggerWeight*qcdWWeight*ewkWWeight*0.9135
          hist nEntries =  1.0
          hist integral =  5.32194900513
      Dataset =  HT1200To2500  ||   nEvents =  7571583
Applied WPlusJets ewk Weights correctly
          hist weight =  0.00847388980613*leptonWeight*bjetWeight*puWeight*muonTriggerWeight*EE_L1_prefire_Weight*electronTriggerWeight*genWeightSign*METTriggerWeight*qcdWWeight*ewkWWeight*0.9135
          hist nEntries =  39870.0
          hist integral =  401.530816555
      Dataset =  HT100To200  ||   nEvents =  29392626
Applied WPlusJets ewk Weights correctly
          hist weight =  2.83531318365*leptonWeight*bjetWeight*puWeight*muonTriggerWeight*EE_L1_prefire_Weight*electronTriggerWeight*genWeightSign*METTriggerWeight*qcdWWeight*ewkWWeight*0.9135
          hist nEntries =  0.0
          hist integral =  0.0
      Dataset =  HT2500ToInf  ||   nEvents =  3191612
Applied WPlusJets ewk Weights correctly
          hist weight =  0.000149761230375*leptonWeight*bjetWeight*puWeight*muonTriggerWeight*EE_L1_prefire_Weight*electronTriggerWeight*genWeightSign*METTriggerWeight*qcdWWeight*ewkWWeight*0.9135
          hist nEntries =  26704.0
          hist integral =  4.79131627828
      Dataset =  HT800To1200  ||   nEvents =  8362227
Applied WPlusJets ewk Weights correctly
          hist weight =  0.038334864624*leptonWeight*bjetWeight*puWeight*muonTriggerWeight*EE_L1_prefire_Weight*electronTriggerWeight*genWeightSign*METTriggerWeight*qcdWWeight*ewkWWeight*0.9135
          hist nEntries =  22457.0
          hist integral =  1051.2682209
      Dataset =  HT200To400  ||   nEvents =  25423155
Applied WPlusJets ewk Weights correctly
          hist weight =  0.95849417588*leptonWeight*bjetWeight*puWeight*muonTriggerWeight*EE_L1_prefire_Weight*electronTriggerWeight*genWeightSign*METTriggerWeight*qcdWWeight*ewkWWeight*0.9135
          hist nEntries =  393.0
          hist integral =  575.199751854
      Dataset =  HT400To600  ||   nEvents =  5915969
Applied WPlusJets ewk Weights correctly
          hist weight =  0.58043833563*leptonWeight*bjetWeight*puWeight*muonTriggerWeight*EE_L1_prefire_Weight*electronTriggerWeight*genWeightSign*METTriggerWeight*qcdWWeight*ewkWWeight*0.9135
          hist nEntries =  2457.0
          hist integral =  1971.76945639
-----------------------------
Total data background nEvents =  81175.0
Total data background integral =  81175.0
-----------------------------
Total MC background nEvents =  905530.0
Total MC background integral =  77632.5940094
-----------------------------
Total tt+DM signal nEvents =  199.62
Total tt+DM signal integral =  223.807210388
Total t+DM signal nEvents =  45.58
Total t+DM signal integral =  75.790789566
-----------------------------
FOM for tt+DM signal =  0.445446457255
FOM for t+DM signal =  0.213846340575
-----------------------------
Data bin content:
    bin 0: 0.0
    bin 1: 26673.0
    bin 2: 17337.0
    bin 3: 11028.0
    bin 4: 7433.0
    bin 5: 5034.0
    bin 6: 3676.0
    bin 7: 2470.0
    bin 8: 1841.0
    bin 9: 1279.0
    bin 10: 1007.0
    bin 11: 748.0
    bin 12: 574.0
    bin 13: 415.0
    bin 14: 346.0
    bin 15: 277.0
    bin 16: 1037.0
-----------------------------
MC background bin content:
    bin 0: 0.0
    bin 1: 24783.546875
    bin 2: 16433.4941406
    bin 3: 10983.5810547
    bin 4: 7268.78564453
    bin 5: 4826.70556641
    bin 6: 3529.85864258
    bin 7: 2461.24902344
    bin 8: 1691.91137695
    bin 9: 1282.25439453
    bin 10: 951.338867188
    bin 11: 764.247314453
    bin 12: 552.833984375
    bin 13: 440.330413818
    bin 14: 332.507537842
    bin 15: 254.754714966
    bin 16: 1075.19445801
-----------------------------
tt+DM bin content:
    bin 0: 0.0
    bin 1: 2502.16870117
    bin 2: 1870.02539062
    bin 3: 1383.66320801
    bin 4: 1085.19702148
    bin 5: 852.061950684
    bin 6: 708.243347168
    bin 7: 536.859619141
    bin 8: 426.691101074
    bin 9: 337.974212646
    bin 10: 284.324920654
    bin 11: 206.926208496
    bin 12: 147.572814941
    bin 13: 125.621200562
    bin 14: 128.871963501
    bin 15: 110.372329712
    bin 16: 483.786529541
-----------------------------
t+DM bin content:
    bin 0: 0.0
    bin 1: 702.478942871
    bin 2: 529.106872559
    bin 3: 465.669921875
    bin 4: 335.730224609
    bin 5: 277.182678223
    bin 6: 245.100158691
    bin 7: 238.094116211
    bin 8: 165.663116455
    bin 9: 131.977340698
    bin 10: 118.825012207
    bin 11: 87.138885498
    bin 12: 67.4239120483
    bin 13: 75.1479949951
    bin 14: 44.3123664856
    bin 15: 41.8893508911
    bin 16: 263.798583984
-----------------------------
Data bin errors:
    bin 0: 0.0
    bin 1: 163.318706828
    bin 2: 131.670042151
    bin 3: 105.014284743
    bin 4: 86.2148479092
    bin 5: 70.9506871003
    bin 6: 60.6300255649
    bin 7: 49.6990945592
    bin 8: 42.9068759058
    bin 9: 35.7631094845
    bin 10: 31.7332633052
    bin 11: 27.3495886624
    bin 12: 23.9582971014
    bin 13: 20.3715487875
    bin 14: 18.6010752377
    bin 15: 16.6433169771
    bin 16: 32.2024843762
-----------------------------
MC background bin errors:
    bin 0: 0.0
    bin 1: 735.389789198
    bin 2: 584.169148285
    bin 3: 519.86515872
    bin 4: 294.862259012
    bin 5: 99.006423822
    bin 6: 104.337223419
    bin 7: 60.7413816594
    bin 8: 32.2186557764
    bin 9: 25.6605544006
    bin 10: 24.3780445936
    bin 11: 22.7517365702
    bin 12: 9.18439718106
    bin 13: 17.8238218539
    bin 14: 6.63143880549
    bin 15: 5.5904562867
    bin 16: 12.3956149626
-----------------------------
tt+DM bin errors:
    bin 0: 0.0
    bin 1: 56.9042194185
    bin 2: 49.3093210682
    bin 3: 41.9031855491
    bin 4: 37.6389397128
    bin 5: 33.818670145
    bin 6: 31.5961027499
    bin 7: 28.4243559549
    bin 8: 23.6656854311
    bin 9: 20.7974512092
    bin 10: 19.5684700871
    bin 11: 16.1790248062
    bin 12: 13.6188169925
    bin 13: 12.7150371179
    bin 14: 13.539895008
    bin 15: 12.1426660966
    bin 16: 26.7434162974
-----------------------------
t+DM bin errors:
    bin 0: 0.0
    bin 1: 41.049349515
    bin 2: 34.7248820055
    bin 3: 32.7107369419
    bin 4: 28.2190095575
    bin 5: 24.8237152104
    bin 6: 23.4071771641
    bin 7: 40.4427392362
    bin 8: 19.562773505
    bin 9: 15.8754466523
    bin 10: 15.1103437911
    bin 11: 13.302516438
    bin 12: 12.10Info in <TCanvas::Print>: png file AH0lQR2018_METcorrected_pt_06_09_2023_withHEMfix_SUSYkfactorsWithSUSYxsec.png has been created
13449639
    bin 13: 12.9301371004
    bin 14: 8.79286243866
    bin 15: 10.0409278766
    bin 16: 24.6956273989
-----------------------------
ZTo2Nu hist info:
    nEvents =  64483.0
    integral =  3828.58176041
tbar scalar hist info:
    nEvents =  45.58
    integral =  75.790789566
TTTo2L2Nu hist info:
    nEvents =  23274.0
    integral =  1776.76593685
singleTop hist info:
    nEvents =  30774.0
    integral =  1988.71989918
TTV hist info:
    nEvents =  90704.0
    integral =  191.31380403
bkgSum hist info:
    nEvents =  905530.0
    integral =  77632.5940094
ttbar scalar hist info:
    nEvents =  199.62
    integral =  223.807210388
VV hist info:
    nEvents =  21510.0
    integral =  451.046417952
QCD hist info:
    nEvents =  291906.0
    integral =  47950.768158
ZTo2L hist info:
    nEvents =  29456.0
    integral =  483.446974754
data hist info:
    nEvents =  81175.0
    integral =  81175.0
WPlusJets hist info:
    nEvents =  118661.0
    integral =  5350.56887817
TTToSemiLepton hist info:
    nEvents =  234762.0
    integral =  15611.3830872
Finished filling histograms
Creating stacked MC background histogram...
Finished stacking MC background histograms.
Drawing histograms...
Finished drawing histograms
Drawing ratio plot...
Plotting end time: 2023-06-09 10:16:39.382827
