Plotting start time: 2021-08-09 20:40:01.602173
Cut name =  AH0lQR
MC Selection Cuts =  (nVetoElectrons + nLooseMuons) == 0 && njets >= 3 && nbjets >= 1 && METcorrected_pt >= 250 && ntaus == 0 && minDeltaPhi12 <= 0.8 && Flag_goodVertices && Flag_globalSuperTightHalo2016Filter && Flag_HBHENoiseFilter && Flag_HBHENoiseIsoFilter && Flag_EcalDeadCellTriggerPrimitiveFilter && Flag_BadPFMuonFilter && Flag_ecalBadCalibFilterV2 && (HLT_PFMETNoMu120_PFMHTNoMu120_IDTight || HLT_PFMETNoMu120_PFMHTNoMu120_IDTight_PFHT60) && ((METcorrected_phi <= -2.22) || (METcorrected_phi >= -0.22))
Data Selection Cuts =  (nVetoElectrons + nLooseMuons) == 0 && njets >= 3 && nbjets >= 1 && METcorrected_pt >= 250 && ntaus == 0 && minDeltaPhi12 <= 0.8 && Flag_goodVertices && Flag_globalSuperTightHalo2016Filter && Flag_HBHENoiseFilter && Flag_HBHENoiseIsoFilter && Flag_EcalDeadCellTriggerPrimitiveFilter && Flag_BadPFMuonFilter && Flag_ecalBadCalibFilterV2 && (HLT_PFMETNoMu120_PFMHTNoMu120_IDTight || HLT_PFMETNoMu120_PFMHTNoMu120_IDTight_PFHT60) && ((METcorrected_phi <= -2.22) || (METcorrected_phi >= -0.22)) && Flag_eeBadScFilter
var =  METcorrected_pt
year =  2018
lumi =  59.83
saveDirectory =  plots/CR_2018/METcorrected_pt/
date =  08_02_2021
Creating histograms..
Finished making systematic histogram dictionary
Drawing data and ratio plot...
Selected MET dataset
Loading data sample root files and event trees...
    nevents in filepath = /hdfs/store/user/vshang/MET_Run2018A/MET/ModuleCommonSkim_06172021/tree_all.root: 1098394
    nevents in filepath = /hdfs/store/user/vshang/MET_Run2018B/MET/ModuleCommonSkim_06172021/tree_all.root: 556797
    nevents in filepath = /hdfs/store/user/vshang/MET_Run2018C/MET/ModuleCommonSkim_06172021/tree_all.root: 866305
    nevents in filepath = /hdfs/store/user/vshang/MET_Run2018D/MET/ModuleCommonSkim_06172021/tree_all.root: 4509098
    total nevents in  MET :  7030594
Got data sample root files and event trees
Loading MC sample root files and event trees...
    nevents in  ZTo2Nu   HT600To800 :  5748975
    nevents in  ZTo2Nu   HT1200To2500 :  343198
    nevents in  ZTo2Nu   HT100To200 :  23702894
    nevents in  ZTo2Nu   HT2500ToInf :  359639
    nevents in  ZTo2Nu   HT800To1200 :  2066798
    nevents in  ZTo2Nu   HT200To400 :  23276346
    nevents in  ZTo2Nu   HT400To600 :  9511100
    nevents in  WW   WWTo1L1Nu2Q :  4683136
    nevents in  WW   WWTo4Q :  3790800
    nevents in  WW   WWTo2L2Nu :  7758900
    nevents in  ttbarPlusJets   TTToSemiLepton :  300619998
    nevents in  ttbarPlusJets   TTTo2L2Nu :  64310000
    nevents in  ttbar scalar   ttDM_MChi1_MPhi100_scalar :  1842523
    nevents in  ZZ   ZZTo2Q2Nu :  57633049
    nevents in  ZZ   ZZTo4L :  124649500
    nevents in  ZZ   ZZTo2L2Q :  27900469
    nevents in  ZZ   ZZTo2L2Nu :  56428600
    nevents in  QCD   HT700To1000 :  48158738
    nevents in  QCD   HT500To700 :  55152960
    nevents in  QCD   HT2000ToInf :  5475677
    nevents in  QCD   HT1000To1500 :  15466225
    nevents in  QCD   HT1500To2000 :  10955087
    nevents in  QCD   HT100To200 :  93972378
    nevents in  QCD   HT300To500 :  54661579
    nevents in  QCD   HT200To300 :  54289442
    nevents in  WZ   WZTo2Q2Nu :  30887331
    nevents in  WZ   WZTo2L2Q :  28193648
    nevents in  WZ   WZTo3LNu :  11248318
    nevents in  WZ   WZTo1L3Nu :  1690064
    nevents in  WZ   WZTo1L1Nu2Q :  18273533
    nevents in  ttbar pseudoscalar   ttDM_MChi1_MPhi100_pseudo :  1607992
    nevents in  TTV   TTZToQQ :  9572000
    nevents in  TTV   TTWJetsToLNu :  4911941
    nevents in  TTV   TTWJetsToQQ :  835296
    nevents in  TTV   TTZToLLNuNu :  13280000
    nevents in  ZTo2L   HT600To800 :  8862104
    nevents in  ZTo2L   HT1200To2500 :  536416
    nevents in  ZTo2L   HT100To200 :  11530510
    nevents in  ZTo2L   HT2500ToInf :  427051
    nevents in  ZTo2L   HT800To1200 :  3138129
    nevents in  ZTo2L   HT200To400 :  10860690
    nevents in  ZTo2L   HT400To600 :  46161988
    nevents in  singleTop   ST_s-channel :  19890000
    nevents in  singleTop   ST_t-channel_antitop :  79090800
    nevents in  singleInfo in <TCanvas::MakeDefCanvas>:  created default TCanvas with name c1
TFile::Append:0: RuntimeWarning: Replacing existing TH1: hist (Potential memory leak).
TFile::Append:0: RuntimeWarning: Replacing existing TH1: hist (Potential memory leak).
TFile::Append:0: RuntimeWarning: Replacing existing TH1: hist (Potential memory leak).
TFile::Append:0: RuntimeWarning: Replacing existing TH1: hist (Potential memory leak).
TFile::Append:0: RuntimeWarning: Replacing existing TH1: hist (Potential memory leak).
TFile::Append:0: RuntimeWarning: Replacing existing TH1: hist (Potential memory leak).
TFile::Append:0: RuntimeWarning: Replacing existing TH1: hist (Potential memory leak).
TFile::Append:0: RuntimeWarning: Replacing existing TH1: hist (Potential memory leak).
TFile::Append:0: RuntimeWarning: Replacing existing TH1: hist (Potential memory leak).
TFile::Append:0: RuntimeWarning: Replacing existing TH1: hist (Potential memory leak).
TFile::Append:0: RuntimeWarning: Replacing existing TH1: hist (Potential memory leak).
TFile::Append:0: RuntimeWarning: Replacing existing TH1: hist (Potential memory leak).
TFile::Append:0: RuntimeWarning: Replacing existing TH1: hist (Potential memory leak).
TFile::Append:0: RuntimeWarning: Replacing existing TH1: hist (Potential memory leak).
TFile::Append:0: RuntimeWarning: Replacing existing TH1: hist (Potential memory leak).
TFile::Append:0: RuntimeWarning: Replacing existing TH1: hist (Potential memory leak).
TFile::Append:0: RuntimeWarning: Replacing existing TH1: hist (Potential memory leak).
TFile::Append:0: RuntimeWarning: Replacing existing TH1: hist (Potential memory leak).
TFile::Append:0: RuntimeWarning: Replacing existing TH1: hist (Potential memory leak).
TFile::Append:0: RuntimeWarning: Replacing existing TH1: hist (Potential memory leak).
TFile::Append:0: RuntimeWarning: Replacing existing TH1: hist (Potential memory leak).
TFile::Append:0: RuntimeWarning: Replacing existing TH1: hist (Potential memory leak).
TFile::Append:0: RuntimeWarning: Replacing existing TH1: hist (Potential memory leak).
Top   ST_tW_top :  9598000
    nevents in  singleTop   ST_t-channel_top :  154307600
    nevents in  singleTop   ST_tW_antitop :  7527000
    nevents in  WPlusJets   HT200To400 :  25468933
    nevents in  WPlusJets   HT70To100 :  28084244
    nevents in  WPlusJets   HT600To800 :  19771294
    nevents in  WPlusJets   HT1200To2500 :  7633949
    nevents in  WPlusJets   HT100To200 :  29425374
    nevents in  WPlusJets   HT400To600 :  5932701
    nevents in  WPlusJets   HT2500ToInf :  3273980
    nevents in  WPlusJets   HT800To1200 :  8402687
Got MC sample root files and event trees
Filling histograms...
  Dataset =  MET  ||   nEvents =  7030594
    hist nEntries =  16256.0
    hist integral =  16256.0
    hist_data nEntries =  16256.0
    hist_data integral =  16256.0
    hist nEntries =  8120.0
    hist integral =  8120.0
    hist_data nEntries =  24376.0
    hist_data integral =  24376.0
    hist nEntries =  7808.0
    hist integral =  7808.0
    hist_data nEntries =  32184.0
    hist_data integral =  32184.0
    hist nEntries =  41955.0
    hist integral =  41955.0
    hist_data nEntries =  74139.0
    hist_data integral =  74139.0
  Process =  ZTo2Nu
      Dataset =  HT600To800  ||   nEvents =  5748975
Applied ZTo2Nu qcd/ewk Weights correctly
          hist nEntries =  18835.0
          hist integral =  745.34876442
      Dataset =  HT1200To2500  ||   nEvents =  343198
Applied ZTo2Nu qcd/ewk Weights correctly
          hist nEntries =  3890.0
          hist integral =  254.541844368
      Dataset =  HT100To200  ||   nEvents =  23702894
Applied ZTo2Nu qcd/ewk Weights correctly
          hist nEntries =  1.0
          hist integral =  0.0305085852742
      Dataset =  HT2500ToInf  ||   nEvents =  359639
Applied ZTo2Nu qcd/ewk Weights correctly
          hist nEntries =  5316.0
          hist integral =  5.15690730512
      Dataset =  HT800To1200  ||   nEvents =  2066798
Applied ZTo2Nu qcd/ewk Weights correctly
          hist nEntries =  13857.0
          hist integral =  674.418381691
      Dataset =  HT200To400  ||   nEvents =  23276346
Applied ZTo2Nu qcd/ewk Weights correctly
          hist nEntries =  501.0
          hist integral =  157.484868526
      Dataset =  HT400To600  ||   nEvents =  9511100
Applied ZTo2Nu qcd/ewk Weights correctly
          hist nEntries =  8414.0
          hist integral =  851.986640781
  Process =  WW
      Dataset =  WWTo1L1Nu2Q  ||   nEvents =  4683136
          hist nEntries =  149.0
          hist integral =  178.089238346
      Dataset =  WWTo4Q  ||   nEvents =  3790800
          hist nEntries =  1.0
          hist integral =  1.21672964096
      Dataset =  WWTo2L2Nu  ||   nEvents =  7758900
          hist nEntries =  78.0
          hist integral =  8.56269133836
  Process =  ttbarPlusJets
      Dataset =  TTToSemiLepton  ||   nEvents =  300619998
          hist nEntries =  188379.0
          hist integral =  13430.3270111
      Dataset =  TTTo2L2Nu  ||   nEvents =  64310000
          hist nEntries =  18713.0
          hist integral =  1498.60184956
  Process =  ttbar scalar
      Dataset =  ttDM_MChi1_MPhi100_scalar  ||   nEvents =  1842523
          hist nEntries =  7946.0
          hist integral =  184.307193398
  Process =  ZZ
      Dataset =  ZZTo2Q2Nu  ||   nEvents =  57633049
          hist nEntries =  6911.0
          hist integral =  32.6137449741
      Dataset =  ZZTo4L  ||   nEvents =  124649500
          hist nEntries =  106.0
          hist integral =  0.0905982627883
      Dataset =  ZZTo2L2Q  ||   nEvents =  27900469
          hist nEntries =  532.0
          hist integral =  4.97536222264
      Dataset =  ZZTo2L2Nu  ||   nEvents =  56428600
          hist nEntries =  514.0
          hist integral =  0.371725381818
  Process =  QCD
      Dataset =  HT700To1000  ||   nEvents =  48158738
          hist nEntries =  1016.0
          hist integral =  7604.45666361
      Dataset =  HT500To700  ||   nEvents =  55152960
          hist nEntries =  37.0
          hist integral =  1084.93209457
      Dataset =  HT2000ToInf  ||   nEvents =  5475677
          hist nEntries =  12604.0
 TFile::Append:0: RuntimeWarning: Replacing existing TH1: hist (Potential memory leak).
TFile::Append:0: RuntimeWarning: Replacing existing TH1: hist (Potential memory leak).
TFile::Append:0: RuntimeWarning: Replacing existing TH1: hist (Potential memory leak).
TFile::Append:0: RuntimeWarning: Replacing existing TH1: hist (Potential memory leak).
TFile::Append:0: RuntimeWarning: Replacing existing TH1: hist (Potential memory leak).
TFile::Append:0: RuntimeWarning: Replacing existing TH1: hist (Potential memory leak).
TFile::Append:0: RuntimeWarning: Replacing existing TH1: hist (Potential memory leak).
TFile::Append:0: RuntimeWarning: Replacing existing TH1: hist (Potential memory leak).
TFile::Append:0: RuntimeWarning: Replacing existing TH1: hist (Potential memory leak).
TFile::Append:0: RuntimeWarning: Replacing existing TH1: hist (Potential memory leak).
TFile::Append:0: RuntimeWarning: Replacing existing TH1: hist (Potential memory leak).
TFile::Append:0: RuntimeWarning: Replacing existing TH1: hist (Potential memory leak).
TFile::Append:0: RuntimeWarning: Replacing existing TH1: hist (Potential memory leak).
TFile::Append:0: RuntimeWarning: Replacing existing TH1: hist (Potential memory leak).
TFile::Append:0: RuntimeWarning: Replacing existing TH1: hist (Potential memory leak).
TFile::Append:0: RuntimeWarning: Replacing existing TH1: hist (Potential memory leak).
TFile::Append:0: RuntimeWarning: Replacing existing TH1: hist (Potential memory leak).
TFile::Append:0: RuntimeWarning: Replacing existing TH1: hist (Potential memory leak).
TFile::Append:0: RuntimeWarning: Replacing existing TH1: hist (Potential memory leak).
TFile::Append:0: RuntimeWarning: Replacing existing TH1: hist (Potential memory leak).
TFile::Append:0: RuntimeWarning: Replacing existing TH1: hist (Potential memory leak).
TFile::Append:0: RuntimeWarning: Replacing existing TH1: hist (Potential memory leak).
TFile::Append:0: RuntimeWarning: Replacing existing TH1: hist (Potential memory leak).
TFile::Append:0: RuntimeWarning: Replacing existing TH1: hist (Potential memory leak).
TFile::Append:0: RuntimeWarning: Replacing existing TH1: hist (Potential memory leak).
TFile::Append:0: RuntimeWarning: Replacing existing TH1: hist (Potential memory leak).
TFile::Append:0: RuntimeWarning: Replacing existing TH1: hist (Potential memory leak).
TFile::Append:0: RuntimeWarning: Replacing existing TH1: hist (Potential memory leak).
         hist integral =  2823.32726097
      Dataset =  HT1000To1500  ||   nEvents =  15466225
          hist nEntries =  3860.0
          hist integral =  15852.6752334
      Dataset =  HT1500To2000  ||   nEvents =  10955087
          hist nEntries =  11915.0
          hist integral =  6351.34547997
      Dataset =  HT100To200  ||   nEvents =  93972378
          hist nEntries =  0.0
          hist integral =  0.0
      Dataset =  HT300To500  ||   nEvents =  54661579
          hist nEntries =  1.0
          hist integral =  104.471710205
      Dataset =  HT200To300  ||   nEvents =  54289442
          hist nEntries =  0.0
          hist integral =  0.0
  Process =  WZ
      Dataset =  WZTo2Q2Nu  ||   nEvents =  30887331
          hist nEntries =  5686.0
          hist integral =  78.1641970277
      Dataset =  WZTo2L2Q  ||   nEvents =  28193648
          hist nEntries =  689.0
          hist integral =  11.6848805994
      Dataset =  WZTo3LNu  ||   nEvents =  11248318
          hist nEntries =  106.0
          hist integral =  3.78420174867
      Dataset =  WZTo1L3Nu  ||   nEvents =  1690064
          hist nEntries =  74.0
          hist integral =  9.98090120777
      Dataset =  WZTo1L1Nu2Q  ||   nEvents =  18273533
          hist nEntries =  2214.0
          hist integral =  90.2404081821
  Process =  ttbar pseudoscalar
      Dataset =  ttDM_MChi1_MPhi100_pseudo  ||   nEvents =  1607992
          hist nEntries =  8754.0
          hist integral =  62.3649584055
  Process =  TTV
      Dataset =  TTZToQQ  ||   nEvents =  9572000
          hist nEntries =  14757.0
          hist integral =  46.6031444818
      Dataset =  TTWJetsToLNu  ||   nEvents =  4911941
          hist nEntries =  8831.0
          hist integral =  23.1083096266
      Dataset =  TTWJetsToQQ  ||   nEvents =  835296
          hist nEntries =  1825.0
          hist integral =  56.6967654526
      Dataset =  TTZToLLNuNu  ||   nEvents =  13280000
          hist nEntries =  46655.0
          hist integral =  50.6696859002
  Process =  ZTo2L
      Dataset =  HT600To800  ||   nEvents =  8862104
Applied ZTo2L qcd/ewk Weights correctly
          hist nEntries =  7401.0
          hist integral =  87.902713418
      Dataset =  HT1200To2500  ||   nEvents =  536416
Applied ZTo2L qcd/ewk Weights correctly
          hist nEntries =  1334.0
          hist integral =  25.1759449542
      Dataset =  HT100To200  ||   nEvents =  11530510
Applied ZTo2L qcd/ewk Weights correctly
          hist nEntries =  0.0
          hist integral =  0.0
      Dataset =  HT2500ToInf  ||   nEvents =  427051
Applied ZTo2L qcd/ewk Weights correctly
          hist nEntries =  1298.0
          hist integral =  0.677515052259
      Dataset =  HT800To1200  ||   nEvents =  3138129
Applied ZTo2L qcd/ewk Weights correctly
          hist nEntries =  5670.0
          hist integral =  76.5209448338
      Dataset =  HT200To400  ||   nEvents =  10860690
Applied ZTo2L qcd/ewk Weights correctly
          hist nEntries =  44.0
          hist integral =  17.0964269042
      Dataset =  HT400To600  ||   nEvents =  46161988
Applied ZTo2L qcd/ewk Weights correctly
          hist nEntries =  7415.0
          hist integral =  79.2689608186
  Process =  singleTop
      Dataset =  ST_s-channel  ||   nEvents =  19890000
          hist nEntries =  7027.0
          hist integral =  78.0306818485
      Dataset =  ST_t-channel_antitop  ||   nEvents =  79090800
          hist nEntries =  3272.0
          hist integral =  165.57869187
      Dataset =  ST_tW_top  ||   nEvents =  9598000
          hist nEntries =  2235.0
          hist integral =  483.01877594
      Dataset =  ST_t-channel_top  ||   nEvents =  154307600
          hist nEntries =  10465.0
          hist integral =  453.857123852
      Dataset =  ST_tW_antitop  ||   nEvents =  7527000
          hist nEntries =  1878.0
          hist integral =  519.830528259
  Process =  WPlusJets
      Dataset =  HT200To400  ||   nEvents =  25468933
Applied WPlusJets qcd/ewk Weights correctly
          hist nEntries =  323.0
          hist integral =  406.12285912
      DataseTFile::Append:0: RuntimeWarning: Replacing existing TH1: hist (Potential memory leak).
TFile::Append:0: RuntimeWarning: Replacing existing TH1: hist (Potential memory leak).
TFile::Append:0: RuntimeWarning: Replacing existing TH1: hist (Potential memory leak).
TFile::Append:0: RuntimeWarning: Replacing existing TH1: hist (Potential memory leak).
TFile::Append:0: RuntimeWarning: Replacing existing TH1: hist (Potential memory leak).
TFile::Append:0: RuntimeWarning: Replacing existing TH1: hist (Potential memory leak).
TFile::Append:0: RuntimeWarning: Replacing existing TH1: hist (Potential memory leak).
t =  HT70To100  ||   nEvents =  28084244
Applied WPlusJets qcd/ewk Weights correctly
          hist nEntries =  1.0
          hist integral =  5.45741415024
      Dataset =  HT600To800  ||   nEvents =  19771294
Applied WPlusJets qcd/ewk Weights correctly
          hist nEntries =  21164.0
          hist integral =  873.929800987
      Dataset =  HT1200To2500  ||   nEvents =  7633949
Applied WPlusJets qcd/ewk Weights correctly
          hist nEntries =  31171.0
          hist integral =  264.812837839
      Dataset =  HT100To200  ||   nEvents =  29425374
Applied WPlusJets qcd/ewk Weights correctly
          hist nEntries =  0.0
          hist integral =  0.0
      Dataset =  HT400To600  ||   nEvents =  5932701
Applied WPlusJets qcd/ewk Weights correctly
          hist nEntries =  1953.0
          hist integral =  1310.65861034
      Dataset =  HT2500ToInf  ||   nEvents =  3273980
Applied WPlusJets qcd/ewk Weights correctly
          hist nEntries =  21035.0
          hist integral =  3.26067756861
      Dataset =  HT800To1200  ||   nEvents =  8402687
Applied WPlusJets qcd/ewk Weights correctly
          hist nEntries =  17684.0
          hist integral =  687.989458084
-----------------------------
Total data background nEvents =  74139.0
Total data background integral =  74139.0
-----------------------------
Total MC background nEvents =  517837.0
Total MC background integral =  57575.1485443
-----------------------------
Total tt+DM signal nEvents =  7946.0
Total tt+DM signal integral =  184.307193398
-----------------------------
-----------------------------
FOM for tt+DM signal =  0.768112357647
-----------------------------
Data bin errors:
    bin 0: 0.0
    bin 1: 156.480030675
    bin 2: 125.674181915
    bin 3: 100.523629063
    bin 4: 82.8794305
    bin 5: 67.7200118133
    bin 6: 58.0861429258
    bin 7: 46.9361268108
    bin 8: 41.1217703899
    bin 9: 34.1906419946
    bin 10: 29.9833287011
    bin 11: 25.632011236
    bin 12: 22.6936114358
    bin 13: 18.4661853126
    bin 14: 17.5499287748
    bin 15: 15.8113883008
-----------------------------
MC background bin errors:
    bin 0: 0.0
    bin 1: 308.124466029
    bin 2: 205.688148215
    bin 3: 148.731078866
    bin 4: 125.594440157
    bin 5: 97.6085455693
    bin 6: 66.7877009611
    bin 7: 52.6876819444
    bin 8: 36.0617256219
    bin 9: 28.5224948244
    bin 10: 23.5619950299
    bin 11: 15.6701462154
    bin 12: 15.5280990663
    bin 13: 12.3328928801
    bin 14: 10.1535453664
    bin 15: 9.81006133561
-----------------------------
tt+DM bin errors:
    bin 0: 0.0
    bin 1: 1.03978019202
    bin 2: 0.913980535264
    bin 3: 0.761309872818
    bin 4: 0.68322408621
    bin 5: 0.607635928483
    bin 6: 0.554213565996
    bin 7: 0.503914924741
    bin 8: 0.42621106099
    bin 9: 0.390556600348
    bin 10: 0.349334267805
    bin 11: 0.287830049275
    bin 12: 0.25310735608
    bin 13: 0.235526119565
    bin 14: 0.235647215154
    bin 15: 0.234834169344
-----------------------------
-----------------------------
ttbar pseudoscalar hist info:
    nEvents =  8754.0
    integral =  62.3649584055
ZTo2Nu hist info:
    nEvents =  50814.0
    integral =  2688.96793175
TTTo2L2Nu hist info:
    nEvents =  18713.0
    integral =  1498.60184956
singleTop hist info:
    nEvents =  24877.0
    integral =  1700.31579208
TTV hist info:
    nEvents =  72068.0
    integral =  177.077904701
bkgSum hist info:
    nEvents =  517837.0
    integral =  57575.1485443
ttbar scalar hist info:
    nEvents =  7946.0
    integral =  184.307193398
VV hist info:
    nEvents =  17060.0
    integral =  419.774670362
QCD hist info:
    nEvents =  29433.0
    integral =  33821.207283
ZTo2L hist info:
    nEvents =  23162.0
    integral =  286.642510176
data hist info:
    nEvents =  74139.0
    integral =  74139.0
WPlusJets hist info:
    nEvents =  93331.0
    integral =  3552.23166275
TTToSemiLepton hist info:
    nEvents =  188379.0
    integral =  13430.3270111
Finished filling histograms
Creating stacked MC background histogram...
Finished stacking MC background histograms.
Drawing hiInfo in <TCanvas::Print>: png file AH0lQR2018_METcorrected_pt_08_02_2021v4.png has been created
stograms...
Finished drawing histograms
Drawing ratio plot...
Finished drawing ratio plot
Plotting end time: 2021-08-09 20:51:59.849592
