plots/plot.py:938: SyntaxWarning: name 'counter' is used prior to global declaration
  global counter
Plotting start time: 2022-10-03 10:16:57.266170
Cut name =  AH0l1fSR
MC Selection Cuts =  (nVetoElectrons + nLooseMuons) == 0 && njets >= 3 && nbjets == 1 && METcorrected_pt >= 250 && ntaus == 0 && minDeltaPhi > 0.4 && Flag_goodVertices && Flag_globalSuperTightHalo2016Filter && Flag_HBHENoiseFilter && Flag_HBHENoiseIsoFilter && Flag_EcalDeadCellTriggerPrimitiveFilter && Flag_BadPFMuonFilter && Flag_ecalBadCalibFilterV2 && (HLT_PFMETNoMu120_PFMHTNoMu120_IDTight || HLT_PFMETNoMu120_PFMHTNoMu120_IDTight_PFHT60) && PV_npvsGood > 0 && PV_ndof > 4 && abs(PV_z) < 24 && sqrt(pow(PV_x,2)+pow(PV_y,2)) < 2 && nfjets >= 1 && minDeltaPhi12 >= 0.8 && M_Tb >= 140 && noB2Bleadingfjet
Data Selection Cuts =  (nVetoElectrons + nLooseMuons) == 0 && njets >= 3 && nbjets == 1 && METcorrected_pt >= 250 && ntaus == 0 && minDeltaPhi > 0.4 && Flag_goodVertices && Flag_globalSuperTightHalo2016Filter && Flag_HBHENoiseFilter && Flag_HBHENoiseIsoFilter && Flag_EcalDeadCellTriggerPrimitiveFilter && Flag_BadPFMuonFilter && Flag_ecalBadCalibFilterV2 && (HLT_PFMETNoMu120_PFMHTNoMu120_IDTight || HLT_PFMETNoMu120_PFMHTNoMu120_IDTight_PFHT60) && PV_npvsGood > 0 && PV_ndof > 4 && abs(PV_z) < 24 && sqrt(pow(PV_x,2)+pow(PV_y,2)) < 2 && nfjets >= 1 && minDeltaPhi12 >= 0.8 && M_Tb >= 140 && noB2Bleadingfjet && Flag_eeBadScFilter
var =  METcorrected_pt
year =  2017
lumi =  41.53
saveDirectory =  plots/SR_2017/METcorrected_pt/
date =  09_30_2022
applying HEM fix for 2018...
Creating histograms..
Histogram options: 
    nbins =  30
    xmin =  250
    xmax =  850
    auto_y =  True
    doLogPlot =  True
    drawData =  False
    mediatorType =  scalar
    mchi =  1
    mphi =  100
    normalizePlots =  False
    useCentralSamples =  True
    doBinned =  False
    savePlots =  True
    combineEleMu =  True
    doSys =  False
    doSysFirstHalf =  False
    doSysSecondHalf =  False
    drawOverflow =  True
    drawUnderflow =  False
    plotSys =  False
    plotSysVar =  CMS_res_j
    plotSysSignal =  False
Loading data sample root files and event trees...
Got data sample root files and event trees
Loading MC sample root files and event trees...
    ----Loading HT600To800
    nevents in  ZTo2Nu   HT600To800 :  5649241
    ----Loading HT1200To2500
    nevents in  ZTo2Nu   HT1200To2500 :  340873
    ----Loading HT100To200
    nevents in  ZTo2Nu   HT100To200 :  22737266
    ----Loading HT2500ToInf
    nevents in  ZTo2Nu   HT2500ToInf :  6734
    ----Loading HT800To1200
    nevents in  ZTo2Nu   HT800To1200 :  2058077
    ----Loading HT200To400
    nevents in  ZTo2Nu   HT200To400 :  21446397
    ----Loading HT400To600
    nevents in  ZTo2Nu   HT400To600 :  9542035
    ----Loading tWChan_MChi1_MPhi100_scalar
    nevents in  tbar scalar   tWChan_MChi1_MPhi100_scalar :  250000
    ----Loading tChan_MChi1_MPhi100_scalar
    nevents in  tbar scalar   tChan_MChi1_MPhi100_scalar :  400000
    ----Loading WWTo1L1Nu2Q
    nevents in  WW   WWTo1L1Nu2Q :  5054286
    ----Loading WWTo4Q
    nevents in  WW   WWTo4Q :  2000000
    ----Loading WWTo2L2Nu
    nevents in  WW   WWTo2L2Nu :  2000000
    ----Loading TTToSemiLepton
    nevents in  ttbarPlusJets   TTToSemiLepton :  241119449
    ----Loading TTTo2L2Nu
    nevents in  ttbarPlusJets   TTTo2L2Nu :  9000000
    ----Loading ttDM_MChi1_MPhi100_scalar
    nevents in  ttbar scalar   ttDM_MChi1_MPhi100_scalar :  1542620
    ----Loading ZZTo2Q2Nu
    nevents in  ZZ   ZZTo2Q2Nu :  62115355
    ----Loading ZZTo4L
    nevents in  ZZ   ZZTo4L :  6964071
    ----Loading ZZTo2L2Q
    nevents in  ZZ   ZZTo2L2Q :  27441872
    ----Loading ZZTo2L2Nu
    nevents in  ZZ   ZZTo2L2Nu :  8744768
    ----Loading Pt50to80
    nevents in  QCD   Pt50to80 :  38179535
    ----Loading Pt2400to3200
    nevents in  QCD   Pt2400to3200 :  1910526
    ----Loading Pt30to50
    nevents in  QCD   Pt30to50 :  35500760
    ----Loading Pt470to600
    nevents in  QCD   Pt470to600 :  55331892
    ----Loading Pt300to470
    nevents in  QCD   Pt300to470 :  110887780
    ----Loading Pt170to300
    nevents in  QCD   Pt170to300 :  56298920
    ----Loading Pt800to1000
    nevenInfo in <TCanvas::MakeDefCanvas>:  created default TCanvas with name c1
TFile::Append:0: RuntimeWarning: Replacing existing TH1: hist (Potential memory leak).
TFile::Append:0: RuntimeWarning: Replacing existing TH1: hist (Potential memory leak).
TFile::Append:0: RuntimeWarning: Replacing existing TH1: hist (Potential memory leak).
TFile::Append:0: RuntimeWarning: Replacing existing TH1: hist (Potential memory leak).
TFile::Append:0: RuntimeWarning: Replacing existing TH1: hist (Potential memory leak).
TFile::Append:0: RuntimeWarning: Replacing existing TH1: hist (Potential memory leak).
ts in  QCD   Pt800to1000 :  77660008
    ----Loading Pt600to800
    nevents in  QCD   Pt600to800 :  128548964
    ----Loading Pt120to170
    nevents in  QCD   Pt120to170 :  29854280
    ----Loading Pt1000to1400
    nevents in  QCD   Pt1000to1400 :  35706078
    ----Loading Pt1400to1800
    nevents in  QCD   Pt1400to1800 :  11353270
    ----Loading Pt15to30
    nevents in  QCD   Pt15to30 :  19169000
    ----Loading Pt3200toInf
    nevents in  QCD   Pt3200toInf :  757837
    ----Loading Pt80to120
    nevents in  QCD   Pt80to120 :  56387936
    ----Loading Pt1800to2400
    nevents in  QCD   Pt1800to2400 :  2923941
    ----Loading WZTo2Q2Nu
    nevents in  WZ   WZTo2Q2Nu :  30748033
    ----Loading WZTo2L2Q
    nevents in  WZ   WZTo2L2Q :  27582164
    ----Loading WZTo3LNu
    nevents in  WZ   WZTo3LNu :  10987679
    ----Loading WZTo1L3Nu
    nevents in  WZ   WZTo1L3Nu :  4994395
    ----Loading WZTo1L1Nu2Q
    nevents in  WZ   WZTo1L1Nu2Q :  19086373
    ----Loading TTZToQQ
    nevents in  TTV   TTZToQQ :  9690000
    ----Loading TTWJetsToLNu
    nevents in  TTV   TTWJetsToLNu :  9920372
    ----Loading TTWJetsToQQ
    nevents in  TTV   TTWJetsToQQ :  811306
    ----Loading TTZToLLNuNu
    nevents in  TTV   TTZToLLNuNu :  15496140
    ----Loading HT600To800
    nevents in  ZTo2L   HT600To800 :  8743640
    ----Loading HT1200To2500
    nevents in  ZTo2L   HT1200To2500 :  625517
    ----Loading HT100To200
    nevents in  ZTo2L   HT100To200 :  15147827
    ----Loading HT2500ToInf
    nevents in  ZTo2L   HT2500ToInf :  419308
    ----Loading HT800To1200
    nevents in  ZTo2L   HT800To1200 :  3114980
    ----Loading HT200To400
    nevents in  ZTo2L   HT200To400 :  11929310
    ----Loading HT400To600
    nevents in  ZTo2L   HT400To600 :  11343818
    ----Loading ST_s-channel
    nevents in  singleTop   ST_s-channel :  9883805
    ----Loading ST_t-channel_antitop
    nevents in  singleTop   ST_t-channel_antitop :  3675910
    ----Loading ST_tW_top
    nevents in  singleTop   ST_tW_top :  7794186
    ----Loading ST_t-channel_top
    nevents in  singleTop   ST_t-channel_top :  5982064
    ----Loading ST_tW_antitop
    nevents in  singleTop   ST_tW_antitop :  7977430
    ----Loading HT200To400
    nevents in  WPlusJets   HT200To400 :  21250517
    ----Loading HT70To100
    nevents in  WPlusJets   HT70To100 :  22226705
    ----Loading HT600To800
    nevents in  WPlusJets   HT600To800 :  21709087
    ----Loading HT1200To2500
    nevents in  WPlusJets   HT1200To2500 :  20258624
    ----Loading HT100To200
    nevents in  WPlusJets   HT100To200 :  35862893
    ----Loading HT400To600
    nevents in  WPlusJets   HT400To600 :  14313274
    ----Loading HT2500ToInf
    nevents in  WPlusJets   HT2500ToInf :  21495421
    ----Loading HT800To1200
    nevents in  WPlusJets   HT800To1200 :  20432728
Got MC sample root files and event trees
Filling data histograms...
Filling MC histograms...
  Process =  ZTo2Nu
      Dataset =  HT600To800  ||   nEvents =  5649241
Applied ZTo2Nu qcd/ewk Weights correctly
          hist nEntries =  12236.0
          hist integral =  250.418005913
      Dataset =  HT1200To2500  ||   nEvents =  340873
Applied ZTo2Nu qcd/ewk Weights correctly
          hist nEntries =  666.0
          hist integral =  21.7714502811
      Dataset =  HT100To200  ||   nEvents =  22737266
Applied ZTo2Nu qcd/ewk Weights correctly
          hist nEntries =  10.0
          hist integral =  4.87152195349
      Dataset =  HT2500ToInf  ||   nEvents =  6734
Applied ZTo2Nu qcd/ewk Weights correctly
          hist nEntries =  6.0
          hist integral =  0.0993093790312
      Dataset =  HT800To1200  ||   nEvents =  2058077
Applied ZTo2Nu qcd/ewk Weights correctly
          hist nEntries =  4796.0
          hist integral =  114.353070557
      Dataset =  HT200To400  ||   nEvents =  21446397
Applied ZTo2Nu qcd/ewk Weights correctly
          hist nEntries =  2817.0
          hist integral =  495.772655813
      Dataset =  HT400To600  ||   nEvents =  9542035
Applied ZTo2Nu qcd/ewk Weights correctly
          hist nEntries =  12304.0
          hist inTFile::Append:0: RuntimeWarning: Replacing existing TH1: hist (Potential memory leak).
TFile::Append:0: RuntimeWarning: Replacing existing TH1: hist (Potential memory leak).
TFile::Append:0: RuntimeWarning: Replacing existing TH1: hist (Potential memory leak).
TFile::Append:0: RuntimeWarning: Replacing existing TH1: hist (Potential memory leak).
TFile::Append:0: RuntimeWarning: Replacing existing TH1: hist (Potential memory leak).
TFile::Append:0: RuntimeWarning: Replacing existing TH1: hist (Potential memory leak).
TFile::Append:0: RuntimeWarning: Replacing existing TH1: hist (Potential memory leak).
TFile::Append:0: RuntimeWarning: Replacing existing TH1: hist (Potential memory leak).
TFile::Append:0: RuntimeWarning: Replacing existing TH1: hist (Potential memory leak).
TFile::Append:0: RuntimeWarning: Replacing existing TH1: hist (Potential memory leak).
TFile::Append:0: RuntimeWarning: Replacing existing TH1: hist (Potential memory leak).
TFile::Append:0: RuntimeWarning: Replacing existing TH1: hist (Potential memory leak).
TFile::Append:0: RuntimeWarning: Replacing existing TH1: hist (Potential memory leak).
TFile::Append:0: RuntimeWarning: Replacing existing TH1: hist (Potential memory leak).
TFile::Append:0: RuntimeWarning: Replacing existing TH1: hist (Potential memory leak).
TFile::Append:0: RuntimeWarning: Replacing existing TH1: hist (Potential memory leak).
TFile::Append:0: RuntimeWarning: Replacing existing TH1: hist (Potential memory leak).
TFile::Append:0: RuntimeWarning: Replacing existing TH1: hist (Potential memory leak).
TFile::Append:0: RuntimeWarning: Replacing existing TH1: hist (Potential memory leak).
TFile::Append:0: RuntimeWarning: Replacing existing TH1: hist (Potential memory leak).
TFile::Append:0: RuntimeWarning: Replacing existing TH1: hist (Potential memory leak).
TFile::Append:0: RuntimeWarning: Replacing existing TH1: hist (Potential memory leak).
TFile::Append:0: RuntimeWarning: Replacing existing TH1: hist (Potential memory leak).
TFile::Append:0: RuntimeWarning: Replacing existing TH1: hist (Potential memory leak).
TFile::Append:0: RuntimeWarning: Replacing existing TH1: hist (Potential memory leak).
TFile::Append:0: RuntimeWarning: Replacing existing TH1: hist (Potential memory leak).
TFile::Append:0: RuntimeWarning: Replacing existing TH1: hist (Potential memory leak).
TFile::Append:0: RuntimeWarning: Replacing existing TH1: hist (Potential memory leak).
TFile::Append:0: RuntimeWarning: Replacing existing TH1: hist (Potential memory leak).
TFile::Append:0: RuntimeWarning: Replacing existing TH1: hist (Potential memory leak).
TFile::Append:0: RuntimeWarning: Replacing existing TH1: hist (Potential memory leak).
tegral =  664.704846376
  Process =  tbar scalar
      Dataset =  tWChan_MChi1_MPhi100_scalar  ||   nEvents =  250000
          hist nEntries =  2521.0
          hist integral =  20.3031614088
      Dataset =  tChan_MChi1_MPhi100_scalar  ||   nEvents =  400000
          hist nEntries =  3980.0
          hist integral =  108.266853683
  Process =  WW
      Dataset =  WWTo1L1Nu2Q  ||   nEvents =  5054286
          hist nEntries =  74.0
          hist integral =  35.5265878886
      Dataset =  WWTo4Q  ||   nEvents =  2000000
          hist nEntries =  0.0
          hist integral =  0.0
      Dataset =  WWTo2L2Nu  ||   nEvents =  2000000
          hist nEntries =  4.0
          hist integral =  0.9102037251
  Process =  ttbarPlusJets
      Dataset =  TTToSemiLepton  ||   nEvents =  241119449
          hist nEntries =  44556.0
          hist integral =  2430.92701532
      Dataset =  TTTo2L2Nu  ||   nEvents =  9000000
          hist nEntries =  557.0
          hist integral =  190.756335609
  Process =  ttbar scalar
      Dataset =  ttDM_MChi1_MPhi100_scalar  ||   nEvents =  1542620
          hist nEntries =  4701.0
          hist integral =  83.5555647761
  Process =  ZZ
      Dataset =  ZZTo2Q2Nu  ||   nEvents =  62115355
          hist nEntries =  12215.0
          hist integral =  32.736791607
      Dataset =  ZZTo4L  ||   nEvents =  6964071
          hist nEntries =  0.0
          hist integral =  0.0
      Dataset =  ZZTo2L2Q  ||   nEvents =  27441872
          hist nEntries =  71.0
          hist integral =  0.328512401698
      Dataset =  ZZTo2L2Nu  ||   nEvents =  8744768
          hist nEntries =  94.0
          hist integral =  0.203234973542
  Process =  QCD
      Dataset =  Pt50to80  ||   nEvents =  38179535
          hist nEntries =  0.0
          hist integral =  0.0
      Dataset =  Pt2400to3200  ||   nEvents =  1910526
          hist nEntries =  10.0
          hist integral =  0.00106293735962
      Dataset =  Pt30to50  ||   nEvents =  35500760
          hist nEntries =  0.0
          hist integral =  0.0
      Dataset =  Pt470to600  ||   nEvents =  55331892
          hist nEntries =  40.0
          hist integral =  9.16807296872
      Dataset =  Pt300to470  ||   nEvents =  110887780
          hist nEntries =  51.0
          hist integral =  94.7659316063
      Dataset =  Pt170to300  ||   nEvents =  56298920
          hist nEntries =  4.0
          hist integral =  338.80934906
      Dataset =  Pt800to1000  ||   nEvents =  77660008
          hist nEntries =  135.0
          hist integral =  1.51206981897
      Dataset =  Pt600to800  ||   nEvents =  128548964
          hist nEntries =  126.0
          hist integral =  3.90161927821
      Dataset =  Pt120to170  ||   nEvents =  29854280
          hist nEntries =  1.0
          hist integral =  49.463344574
      Dataset =  Pt1000to1400  ||   nEvents =  35706078
          hist nEntries =  84.0
          hist integral =  0.551001809785
      Dataset =  Pt1400to1800  ||   nEvents =  11353270
          hist nEntries =  24.0
          hist integral =  0.0383835787616
      Dataset =  Pt15to30  ||   nEvents =  19169000
          hist nEntries =  0.0
          hist integral =  0.0
      Dataset =  Pt3200toInf  ||   nEvents =  757837
          hist nEntries =  2.0
          hist integral =  1.75520658559e-05
      Dataset =  Pt80to120  ||   nEvents =  56387936
          hist nEntries =  0.0
          hist integral =  0.0
      Dataset =  Pt1800to2400  ||   nEvents =  2923941
          hist nEntries =  10.0
          hist integral =  0.00826401143422
  Process =  WZ
      Dataset =  WZTo2Q2Nu  ||   nEvents =  30748033
          hist nEntries =  6793.0
          hist integral =  51.9252330959
      Dataset =  WZTo2L2Q  ||   nEvents =  27582164
          hist nEntries =  67.0
          hist integral =  0.529393999837
      Dataset =  WZTo3LNu  ||   nEvents =  10987679
          hist nEntries =  26.0
          hist integral =  0.375764998273
      Dataset =  WZTo1L3Nu  ||   nEvents =  4994395
          hist nEntries =  250.0
          hist integral =  5.69325423613
      DaTFile::Append:0: RuntimeWarning: Replacing existing TH1: hist (Potential memory leak).
TFile::Append:0: RuntimeWarning: Replacing existing TH1: hist (Potential memory leak).
TFile::Append:0: RuntimeWarning: Replacing existing TH1: hist (Potential memory leak).
TFile::Append:0: RuntimeWarning: Replacing existing TH1: hist (Potential memory leak).
TFile::Append:0: RuntimeWarning: Replacing existing TH1: hist (Potential memory leak).
TFile::Append:0: RuntimeWarning: Replacing existing TH1: hist (Potential memory leak).
TFile::Append:0: RuntimeWarning: Replacing existing TH1: hist (Potential memory leak).
TFile::Append:0: RuntimeWarning: Replacing existing TH1: hist (Potential memory leak).
TFile::Append:0: RuntimeWarning: Replacing existing TH1: hist (Potential memory leak).
TFile::Append:0: RuntimeWarning: Replacing existing TH1: hist (Potential memory leak).
TFile::Append:0: RuntimeWarning: Replacing existing TH1: hist (Potential memory leak).
TFile::Append:0: RuntimeWarning: Replacing existing TH1: hist (Potential memory leak).
TFile::Append:0: RuntimeWarning: Replacing existing TH1: hist (Potential memory leak).
TFile::Append:0: RuntimeWarning: Replacing existing TH1: hist (Potential memory leak).
TFile::Append:0: RuntimeWarning: Replacing existing TH1: hist (Potential memory leak).
TFile::Append:0: RuntimeWarning: Replacing existing TH1: hist (Potential memory leak).
TFile::Append:0: RuntimeWarning: Replacing existing TH1: hist (Potential memory leak).
TFile::Append:0: RuntimeWarning: Replacing existing TH1: hist (Potential memory leak).
TFile::Append:0: RuntimeWarning: Replacing existing TH1: hist (Potential memory leak).
TFile::Append:0: RuntimeWarning: Replacing existing TH1: hist (Potential memory leak).
TFile::Append:0: RuntimeWarning: Replacing existing TH1: hist (Potential memory leak).
TFile::Append:0: RuntimeWarning: Replacing existing TH1: hist (Potential memory leak).
TFile::Append:0: RuntimeWarning: Replacing existing TH1: hist (Potential memory leak).
TFile::Append:0: RuntimeWarning: Replacing existing TH1: hist (Potential memory leak).
TFile::Append:0: RuntimeWarning: Replacing existing TH1: hist (Potential memory leak).
taset =  WZTo1L1Nu2Q  ||   nEvents =  19086373
          hist nEntries =  1088.0
          hist integral =  23.5500261857
  Process =  TTV
      Dataset =  TTZToQQ  ||   nEvents =  9690000
          hist nEntries =  2305.0
          hist integral =  4.52674017241
      Dataset =  TTWJetsToLNu  ||   nEvents =  9920372
          hist nEntries =  7224.0
          hist integral =  5.73810098763
      Dataset =  TTWJetsToQQ  ||   nEvents =  811306
          hist nEntries =  220.0
          hist integral =  4.17601156235
      Dataset =  TTZToLLNuNu  ||   nEvents =  15496140
          hist nEntries =  74751.0
          hist integral =  43.9799340498
  Process =  ZTo2L
      Dataset =  HT600To800  ||   nEvents =  8743640
Applied ZTo2L qcd/ewk Weights correctly
          hist nEntries =  274.0
          hist integral =  1.78680102385
      Dataset =  HT1200To2500  ||   nEvents =  625517
Applied ZTo2L qcd/ewk Weights correctly
          hist nEntries =  24.0
          hist integral =  0.232548719272
      Dataset =  HT100To200  ||   nEvents =  15147827
Applied ZTo2L qcd/ewk Weights correctly
          hist nEntries =  1.0
          hist integral =  0.015183144249
      Dataset =  HT2500ToInf  ||   nEvents =  419308
Applied ZTo2L qcd/ewk Weights correctly
          hist nEntries =  9.0
          hist integral =  0.00221210975724
      Dataset =  HT800To1200  ||   nEvents =  3114980
Applied ZTo2L qcd/ewk Weights correctly
          hist nEntries =  93.0
          hist integral =  0.807686932152
      Dataset =  HT200To400  ||   nEvents =  11929310
Applied ZTo2L qcd/ewk Weights correctly
          hist nEntries =  40.0
          hist integral =  5.9527718965
      Dataset =  HT400To600  ||   nEvents =  11343818
Applied ZTo2L qcd/ewk Weights correctly
          hist nEntries =  252.0
          hist integral =  5.68605192192
  Process =  singleTop
      Dataset =  ST_s-channel  ||   nEvents =  9883805
          hist nEntries =  330.0
          hist integral =  4.42581282882
      Dataset =  ST_t-channel_antitop  ||   nEvents =  3675910
          hist nEntries =  12.0
          hist integral =  7.13441542303
      Dataset =  ST_tW_top  ||   nEvents =  7794186
          hist nEntries =  566.0
          hist integral =  92.7003064975
      Dataset =  ST_t-channel_top  ||   nEvents =  5982064
          hist nEntries =  60.0
          hist integral =  40.1797511168
      Dataset =  ST_tW_antitop  ||   nEvents =  7977430
          hist nEntries =  605.0
          hist integral =  97.5858834134
  Process =  WPlusJets
      Dataset =  HT200To400  ||   nEvents =  21250517
Applied WPlusJets qcd/ewk Weights correctly
          hist nEntries =  414.0
          hist integral =  296.52232868
      Dataset =  HT70To100  ||   nEvents =  22226705
Applied WPlusJets qcd/ewk Weights correctly
          hist nEntries =  0.0
          hist integral =  0.0
      Dataset =  HT600To800  ||   nEvents =  21709087
Applied WPlusJets qcd/ewk Weights correctly
          hist nEntries =  6471.0
          hist integral =  121.752900995
      Dataset =  HT1200To2500  ||   nEvents =  20258624
Applied WPlusJets qcd/ewk Weights correctly
          hist nEntries =  5718.0
          hist integral =  9.37119354308
      Dataset =  HT100To200  ||   nEvents =  35862893
Applied WPlusJets qcd/ewk Weights correctly
          hist nEntries =  7.0
          hist integral =  3.21889306605
      Dataset =  HT400To600  ||   nEvents =  14313274
Applied WPlusJets qcd/ewk Weights correctly
          hist nEntries =  2585.0
          hist integral =  355.228133863
      Dataset =  HT2500ToInf  ||   nEvents =  21495421
Applied WPlusJets qcd/ewk Weights correctly
          hist nEntries =  3983.0
          hist integral =  0.0488931035397
      Dataset =  HT800To1200  ||   nEvents =  20432728
Applied WPlusJets qcd/ewk Weights correctly
          hist nEntries =  6631.0
          hist integral =  52.5147329718
-----------------------------
Total data background nEvents =  0.0
Total data background integral =  0.0
-----------------------------
Total MC background nEvents =  211692.0
Total MC background integral =  5977.25974011
-----------------------------
Total tt+DM signal nEvents =  94.02
Total tt+DM signal integral =  83.5555645514
Total t+DM signal nEvents =  130.02
Total t+DM signal integral =  128.570015965
-----------------------------
FOM for tt+DM signal =  1.08074768446
FOM for t+DM signal =  1.66298615527
-----------------------------
Data bin content:
    bin 0: 0.0
    bin 1: 0.0
    bin 2: 0.0
    bin 3: 0.0
    bin 4: 0.0
    bin 5: 0.0
    bin 6: 0.0
    bin 7: 0.0
    bin 8: 0.0
    bin 9: 0.0
    bin 10: 0.0
    bin 11: 0.0
    bin 12: 0.0
    bin 13: 0.0
    bin 14: 0.0
    bin 15: 0.0
    bin 16: 0.0
    bin 17: 0.0
    bin 18: 0.0
    bin 19: 0.0
    bin 20: 0.0
    bin 21: 0.0
    bin 22: 0.0
    bin 23: 0.0
    bin 24: 0.0
    bin 25: 0.0
    bin 26: 0.0
    bin 27: 0.0
    bin 28: 0.0
    bin 29: 0.0
    bin 30: 0.0
    bin 31: 0.0
-----------------------------
MC background bin content:
    bin 0: 0.0
    bin 1: 1922.81542969
    bin 2: 1293.69836426
    bin 3: 807.543579102
    bin 4: 531.869750977
    bin 5: 372.445495605
    bin 6: 278.552429199
    bin 7: 193.75479126
    bin 8: 135.921905518
    bin 9: 102.973419189
    bin 10: 73.1855316162
    bin 11: 56.7959671021
    bin 12: 43.3405685425
    bin 13: 34.3899765015
    bin 14: 25.9958267212
    bin 15: 20.5294589996
    bin 16: 15.7244987488
    bin 17: 12.21159935
    bin 18: 10.7964105606
    bin 19: 7.04957151413
    bin 20: 6.37682056427
    bin 21: 5.08662700653
    bin 22: 4.21849870682
    bin 23: 3.17091155052
    bin 24: 3.13533997536
    bin 25: 2.46278047562
    bin 26: 1.60755991936
    bin 27: 1.79286289215
    bin 28: 1.56178736687
    bin 29: 1.11437737942
    bin 30: 1.0679911375
    bin 31: 6.06960868835
-----------------------------
tt+DM bin content:
    bin 0: 0.0
    bin 1: 895.562561035
    bin 2: 692.633728027
    bin 3: 505.568511963
    bin 4: 409.803863525
    bin 5: 313.527832031
    bin 6: 276.352233887
    bin 7: 199.56968689
    bin 8: 149.066802979
    bin 9: 140.838317871
    bin 10: 118.989372253
    bin 11: 64.9756698608
    bin 12: 72.7392730713
    bin 13: 65.616027832
    bin 14: 46.101146698
    bin 15: 36.6826896667
    bin 16: 24.643705368
    bin 17: 24.1270637512
    bin 18: 17.37931633
    bin 19: 11.3028650284
    bin 20: 17.8565559387
    bin 21: 15.9548101425
    bin 22: 10.3312606812
    bin 23: 10.4320726395
    bin 24: 8.55477046967
    bin 25: 11.5514230728
    bin 26: 6.32512140274
    bin 27: 3.69080972672
    bin 28: 3.55392241478
    bin 29: 2.90697479248
    bin 30: 4.16761684418
    bin 31: 16.9722213745
-----------------------------
t+DM bin content:
    bin 0: 0.0
    bin 1: 976.634765625
    bin 2: 885.795837402
    bin 3: 763.98840332
    bin 4: 633.312255859
    bin 5: 568.494506836
    bin 6: 441.811309814
    bin 7: 363.702880859
    bin 8: 293.318756104
    bin 9: 233.358947754
    bin 10: 177.59197998
    bin 11: 181.132049561
    bin 12: 162.095291138
    bin 13: 89.5209503174
    bin 14: 111.259666443
    bin 15: 92.1253509521
    bin 16: 66.361869812
    bin 17: 50.8892936707
    bin 18: 32.7741775513
    bin 19: 48.083316803
    bin 20: 33.7338790894
    bin 21: 22.4038047791
    bin 22: 20.8557662964
    bin 23: 27.6302719116
    bin 24: 26.4446258545
    bin 25: 14.9654912949
    bin 26: 17.6273536682
    bin 27: 11.4878349304
    bin 28: 11.9767608643
    bin 29: 9.4800195694
    bin 30: 11.0875291824
    bin 31: 48.5558509827
-----------------------------
Data bin errors:
    bin 0: 0.0
    bin 1: 0.0
    bin 2: 0.0
    bin 3: 0.0
    bin 4: 0.0
    bin 5: 0.0
    bin 6: 0.0
    bin 7: 0.0
    bin 8: 0.0
    bin 9: 0.0
    bin 10: 0.0
    bin 11: 0.0
    bin 12: 0.0
    bin 13: 0.0
    bin 14: 0.0
    bin 15: 0.0
    bin 16: 0.0
    bin 17: 0.0
    bin 18: 0.0
    bin 19: 0.0
    bin 20: 0.0
    bin 21: 0.0
    bin 22: 0.0
    bin 23: 0.0
    bin 24: 0.0
    bin 25: 0.0
    bin 26: 0.0
    bin 27: 0.0
    bin 28: 0.0
    bin 29: 0.0
    bin 30: 0.0
    bin 31: 0.0
-----------------------------
MC background bin errors:
    bin 0: 0.0
    bin 1: 147.51Info in <TCanvas::Print>: png file plots/SR_2017/METcorrected_pt/09_30_2022/AH0l1fSR2017_METcorrected_pt_09_30_2022_250to850.png has been created
4498323
    bin 2: 101.711359966
    bin 3: 13.5238804306
    bin 4: 10.0185023667
    bin 5: 7.6440074249
    bin 6: 8.32843724201
    bin 7: 4.53931594096
    bin 8: 3.48415925913
    bin 9: 2.95062004777
    bin 10: 2.3777650647
    bin 11: 2.06138966805
    bin 12: 1.68565204917
    bin 13: 1.62228157184
    bin 14: 1.1627029755
    bin 15: 1.04966143923
    bin 16: 0.89300229802
    bin 17: 1.14712758256
    bin 18: 0.706827692512
    bin 19: 0.469698547236
    bin 20: 0.42036296848
    bin 21: 0.375652218106
    bin 22: 0.355024687279
    bin 23: 0.268745061563
    bin 24: 0.265796437435
    bin 25: 0.251612346197
    bin 26: 0.163323886798
    bin 27: 0.207023770511
    bin 28: 0.276492130983
    bin 29: 0.137862548327
    bin 30: 0.174727123876
    bin 31: 0.402038734179
-----------------------------
tt+DM bin errors:
    bin 0: 0.0
    bin 1: 30.7396600551
    bin 2: 27.024135233
    bin 3: 22.912547982
    bin 4: 20.7217651749
    bin 5: 18.3433660165
    bin 6: 16.9742012132
    bin 7: 14.4528371221
    bin 8: 12.5575286644
    bin 9: 12.2844034349
    bin 10: 11.3022561039
    bin 11: 8.15681583961
    bin 12: 8.82640913309
    bin 13: 8.3162878789
    bin 14: 6.97387530872
    bin 15: 6.3116302843
    bin 16: 5.16014458432
    bin 17: 4.80525864202
    bin 18: 4.51510164299
    bin 19: 3.28078973295
    bin 20: 4.34810227781
    bin 21: 4.11583892006
    bin 22: 3.41395461463
    bin 23: 3.23711534339
    bin 24: 3.07863097046
    bin 25: 3.55657289075
    bin 26: 2.6008846681
    bin 27: 1.92317053481
    bin 28: 1.8069964823
    bin 29: 1.5364042563
    bin 30: 2.1242582689
    bin 31: 4.36167739277
-----------------------------
t+DM bin errors:
    bin 0: 0.0
    bin 1: 37.247034733
    bin 2: 35.6318556323
    bin 3: 33.0863225508
    bin 4: 29.7095075967
    bin 5: 28.6169237434
    bin 6: 25.4431327355
    bin 7: 22.5284378369
    bin 8: 20.4537887409
    bin 9: 18.1374590601
    bin 10: 15.4454476241
    bin 11: 16.114448379
    bin 12: 14.9777625528
    bin 13: 11.2301865161
    bin 14: 12.6969643366
    bin 15: 10.6101063364
    bin 16: 9.28331117983
    bin 17: 8.1104385177
    bin 18: 6.45197518621
    bin 19: 8.19479278748
    bin 20: 5.94123528736
    bin 21: 5.40792308749
    bin 22: 4.88583915867
    bin 23: 5.86317126508
    bin 24: 5.65843080763
    bin 25: 4.62831447141
    bin 26: 4.82901746802
    bin 27: 3.55189575661
    bin 28: 4.31323828231
    bin 29: 3.80871368245
    bin 30: 4.25941501956
    bin 31: 7.95835004546
-----------------------------
ZTo2Nu hist info:
    nEvents =  32835.0
    integral =  1551.99086779
tbar scalar hist info:
    nEvents =  130.02
    integral =  128.570015965
TTTo2L2Nu hist info:
    nEvents =  557.0
    integral =  190.756335609
singleTop hist info:
    nEvents =  1573.0
    integral =  242.026171285
TTV hist info:
    nEvents =  84500.0
    integral =  58.4207862001
bkgSum hist info:
    nEvents =  211692.0
    integral =  5977.25974011
ttbar scalar hist info:
    nEvents =  94.02
    integral =  83.5555645514
VV hist info:
    nEvents =  20682.0
    integral =  151.77900213
QCD hist info:
    nEvents =  487.0
    integral =  498.219143586
ZTo2L hist info:
    nEvents =  693.0
    integral =  14.4832561433
data hist info:
    nEvents =  0.0
    integral =  0.0
WPlusJets hist info:
    nEvents =  25809.0
    integral =  838.657077245
TTToSemiLepton hist info:
    nEvents =  44556.0
    integral =  2430.92701532
Finished filling histograms
Creating stacked MC background histogram...
Finished stacking MC background histograms.
Drawing histograms...
Finished drawing histograms
Plotting end time: 2022-10-03 10:25:30.350267
