Plotting start time: 2021-03-17 07:01:32.364172
Cut name =  SL1m2bSR
MC Selection Cuts =  nTightMuons == 1 && nLooseMuons == 1 && nVetoElectrons == 0 && njets >= 2 && nbjets >= 1 && METcorrected_pt >= 250 && Flag_goodVertices && Flag_globalSuperTightHalo2016Filter && Flag_HBHENoiseFilter && Flag_HBHENoiseIsoFilter && Flag_EcalDeadCellTriggerPrimitiveFilter && Flag_BadPFMuonFilter && Flag_ecalBadCalibFilterV2 && (HLT_IsoMu24) && nbjets >= 2 && M_T >= 140 && M_T2W >= 180 && minDeltaPhi12 >= 0.8 && M_Tb >= 140
Data Selection Cuts =  nTightMuons == 1 && nLooseMuons == 1 && nVetoElectrons == 0 && njets >= 2 && nbjets >= 1 && METcorrected_pt >= 250 && Flag_goodVertices && Flag_globalSuperTightHalo2016Filter && Flag_HBHENoiseFilter && Flag_HBHENoiseIsoFilter && Flag_EcalDeadCellTriggerPrimitiveFilter && Flag_BadPFMuonFilter && Flag_ecalBadCalibFilterV2 && (HLT_IsoMu24) && nbjets >= 2 && M_T >= 140 && M_T2W >= 180 && minDeltaPhi12 >= 0.8 && M_Tb >= 140 && Flag_eeBadScFilter
var =  METcorrected_pt
year =  2018
lumi =  59.83
saveDirectory =  plots/SR_2017/METcorrected_pt/
date =  03_16_2021
Creating histograms..
Drawing data and ratio plot...
Selected SingleMuon dataset
Loading data sample root files and event trees...
   nevents in  SingleMuon :  6814304
Got data sample root files and event trees
Loading MC sample root files and event trees...
    nevents in  ZTo2Nu   HT600To800 :  5748975
    nevents in  ZTo2Nu   HT1200To2500 :  343198
    nevents in  ZTo2Nu   HT100To200 :  23702894
    nevents in  ZTo2Nu   HT2500ToInf :  359639
    nevents in  ZTo2Nu   HT800To1200 :  2066798
    nevents in  ZTo2Nu   HT200To400 :  23276346
    nevents in  ZTo2Nu   HT400To600 :  9511100
    nevents in  WW   WWTo1L1Nu2Q :  7758900
    nevents in  WW   WWTo4Q :  7758900
    nevents in  WW   WWTo2L2Nu :  7758900
    nevents in  ttbarPlusJets   TTToSemiLepton :  301187998
    nevents in  ttbarPlusJets   TTTo2L2Nu :  64120000
    nevents in  ttbar scalar   ttDM_MChi1_MPhi150_scalar :  474902
    nevents in  ttbar scalar   ttDM_MChi1_MPhi100_scalar :  1842523
    nevents in  ttbar scalar   ttDM_MChi45_MPhi100_scalar :  489439
    nevents in  ttbar scalar   ttDM_MChi49_MPhi100_scalar :  478767
    nevents in  ttbar scalar   ttDM_MChi40_MPhi100_scalar :  471647
    nevents in  ttbar scalar   ttDM_MChi1_MPhi400_scalar :  415979
    nevents in  ttbar scalar   ttDM_MChi20_MPhi100_scalar :  482383
    nevents in  ttbar scalar   ttDM_MChi1_MPhi450_scalar :  395068
    nevents in  ttbar scalar   ttDM_MChi1_MPhi350_scalar :  413883
    nevents in  ttbar scalar   ttDM_MChi1_MPhi250_scalar :  447647
    nevents in  ttbar scalar   ttDM_MChi1_MPhi500_scalar :  387127
    nevents in  ttbar scalar   ttDM_MChi30_MPhi100_scalar :  474782
    nevents in  ttbar scalar   ttDM_MChi55_MPhi100_scalar :  458404
    nevents in  ttbar scalar   ttDM_MChi1_MPhi50_scalar :  1795610
    nevents in  ttbar scalar   ttDM_MChi1_MPhi300_scalar :  434490
    nevents in  ttbar scalar   ttDM_MChi51_MPhi100_scalar :  475176
    nevents in  ttbar scalar   ttDM_MChi1_MPhi200_scalar :  464398
    nevents in  ZZ   ZZTo2Q2Nu :  57728992
    nevents in  ZZ   ZZTo4L :  105302900
    nevents in  ZZ   ZZTo2L2Q :  27900469
    nevents in  ZZ   ZZTo2L2Nu :  56428600
    nevents in  QCD   HT700To1000 :  48158738
    nevents in  QCD   HT500To700 :  55152960
    nevents in  QCD   HT2000ToInf :  5475677
    nevents in  QCD   HT1000To1500 :  15466225
    nevents in  QCD   HT1500To2000 :  10955087
    nevents in  QCD   HT100To200 :  93972378
    nevents in  QCD   HT300To500 :  54661579
    nevents in  QCD   HT200To300 :  54289442
    nevents in  WZ   WZTo2L2Q :  28193648
    nevents in  WZ   WZTo3LNu :  21997587
    nevents in  WZ   WZTo1L3Nu :  1690064
    nevents in  WZ   WZTo1L1Nu2Q :  18901469
    nevents in  ttbar pseudoscalar   ttDM_MChi51_MPhi100_pseudo :  418391
    nevents in  ttbar pseudoscalar   ttDM_MChi1_MPhi50_pseudo :  1591348
    nevents in  ttbar pseudoscalar   ttDM_MChi55_MPhi100_pseudo :  393316
    nevents in  ttbar pseudoscalar   ttDM_MChi45_MPhi100_pseudo :  413445
    nevents in  ttbaInfo in <TCanvas::MakeDefCanvas>:  created default TCanvas with name c1
TFile::Append:0: RuntimeWarning: Replacing existing TH1: hist (Potential memory leak).
TFile::Append:0: RuntimeWarning: Replacing existing TH1: hist (Potential memory leak).
TFile::Append:0: RuntimeWarning: Replacing existing TH1: hist (Potential memory leak).
TFile::Append:0: RuntimeWarning: Replacing existing TH1: hist (Potential memory leak).
TFile::Append:0: RuntimeWarning: Replacing existing TH1: hist (Potential memory leak).
TFile::Append:0: RuntimeWarning: Replacing existing TH1: hist (Potential memory leak).
TFile::Append:0: RuntimeWarning: Replacing existing TH1: hist (Potential memory leak).
TFile::Append:0: RuntimeWarning: Replacing existing TH1: hist (Potential memory leak).
TFile::Append:0: RuntimeWarning: Replacing existing TH1: hist (Potential memory leak).
TFile::Append:0: RuntimeWarning: Replacing existing TH1: hist (Potential memory leak).
TFile::Append:0: RuntimeWarning: Replacing existing TH1: hist (Potential memory leak).
TFile::Append:0: RuntimeWarning: Replacing existing TH1: hist (Potential memory leak).
r pseudoscalar   ttDM_MChi49_MPhi100_pseudo :  405911
    nevents in  ttbar pseudoscalar   ttDM_MChi40_MPhi100_pseudo :  426346
    nevents in  ttbar pseudoscalar   ttDM_MChi1_MPhi150_pseudo :  423824
    nevents in  ttbar pseudoscalar   ttDM_MChi20_MPhi100_pseudo :  426122
    nevents in  ttbar pseudoscalar   ttDM_MChi1_MPhi500_pseudo :  345776
    nevents in  ttbar pseudoscalar   ttDM_MChi1_MPhi400_pseudo :  360802
    nevents in  ttbar pseudoscalar   ttDM_MChi1_MPhi100_pseudo :  1607992
    nevents in  ttbar pseudoscalar   ttDM_MChi30_MPhi100_pseudo :  425474
    nevents in  ttbar pseudoscalar   ttDM_MChi1_MPhi250_pseudo :  387148
    nevents in  ttbar pseudoscalar   ttDM_MChi1_MPhi200_pseudo :  397510
    nevents in  ttbar pseudoscalar   ttDM_MChi1_MPhi450_pseudo :  349931
    nevents in  ttbar pseudoscalar   ttDM_MChi1_MPhi300_pseudo :  382658
    nevents in  ttbar pseudoscalar   ttDM_MChi1_MPhi350_pseudo :  374623
    nevents in  TTV   TTZToQQ :  9641000
    nevents in  TTV   TTWJetsToLNu :  4911941
    nevents in  TTV   TTWJetsToQQ :  835296
    nevents in  TTV   TTZToLLNuNu :  13280000
    nevents in  ZTo2L   HT600To800 :  8862104
    nevents in  ZTo2L   HT1200To2500 :  536416
    nevents in  ZTo2L   HT100To200 :  11530510
    nevents in  ZTo2L   HT2500ToInf :  427051
    nevents in  ZTo2L   HT800To1200 :  3138129
    nevents in  ZTo2L   HT200To400 :  11225887
    nevents in  ZTo2L   HT400To600 :  46257739
    nevents in  singleTop   ST_s-channel :  19752000
    nevents in  singleTop   ST_t-channel_antitop :  79090800
    nevents in  singleTop   ST_tW_top :  9598000
    nevents in  singleTop   ST_t-channel_top :  154307600
    nevents in  singleTop   ST_tW_antitop :  7623000
    nevents in  WPlusJets   HT200To400 :  25468933
    nevents in  WPlusJets   HT70To100 :  28084244
    nevents in  WPlusJets   HT600To800 :  19771294
    nevents in  WPlusJets   HT1200To2500 :  7633949
    nevents in  WPlusJets   HT100To200 :  28370527
    nevents in  WPlusJets   HT400To600 :  5932701
    nevents in  WPlusJets   HT2500ToInf :  3273980
    nevents in  WPlusJets   HT800To1200 :  8402687
Got MC sample root files and event trees
Filling histograms...
  Dataset =  SingleMuon  ||   nEvents =  6814304
    hist nEntries =  40.0
    hist integral =  40.0
    hist_data nEntries =  40.0
    hist_data integral =  40.0
    hist nEntries =  22.0
    hist integral =  22.0
    hist_data nEntries =  62.0
    hist_data integral =  62.0
    hist nEntries =  25.0
    hist integral =  25.0
    hist_data nEntries =  87.0
    hist_data integral =  87.0
    hist nEntries =  108.0
    hist integral =  108.0
    hist_data nEntries =  195.0
    hist_data integral =  195.0
  Process =  ZTo2Nu
      Dataset =  HT600To800  ||   nEvents =  5748975
Applied ZTo2Nu qcd/ewk Weights correctly
          hist nEntries =  2.0
          hist integral =  0.102614391595
      Dataset =  HT1200To2500  ||   nEvents =  343198
Applied ZTo2Nu qcd/ewk Weights correctly
          hist nEntries =  0.0
          hist integral =  0.0
      Dataset =  HT100To200  ||   nEvents =  23702894
Applied ZTo2Nu qcd/ewk Weights correctly
          hist nEntries =  0.0
          hist integral =  0.0
      Dataset =  HT2500ToInf  ||   nEvents =  359639
Applied ZTo2Nu qcd/ewk Weights correctly
          hist nEntries =  0.0
          hist integral =  0.0
      Dataset =  HT800To1200  ||   nEvents =  2066798
Applied ZTo2Nu qcd/ewk Weights correctly
          hist nEntries =  1.0
          hist integral =  0.0669391304255
      Dataset =  HT200To400  ||   nEvents =  23276346
Applied ZTo2Nu qcd/ewk Weights correctly
          hist nEntries =  1.0
          hist integral =  0.27979016304
      Dataset =  HT400To600  ||   nEvents =  9511100
Applied ZTo2Nu qcd/ewk Weights correctly
          hist nEntries =  1.0
          hist integral =  0.0955701991916
  Process =  WW
      Dataset =  WWTo1L1Nu2Q  ||   nEvents =  7758900
          hist nEntries =  2.0
          hist integral =  1.22436848283
      Dataset =  WWTo4Q  ||   nEvents =  7758900
          hist nEntries =  0.0
          hist integraTFile::Append:0: RuntimeWarning: Replacing existing TH1: hist (Potential memory leak).
TFile::Append:0: RuntimeWarning: Replacing existing TH1: hist (Potential memory leak).
TFile::Append:0: RuntimeWarning: Replacing existing TH1: hist (Potential memory leak).
TFile::Append:0: RuntimeWarning: Replacing existing TH1: hist (Potential memory leak).
TFile::Append:0: RuntimeWarning: Replacing existing TH1: hist (Potential memory leak).
TFile::Append:0: RuntimeWarning: Replacing existing TH1: hist (Potential memory leak).
TFile::Append:0: RuntimeWarning: Replacing existing TH1: hist (Potential memory leak).
TFile::Append:0: RuntimeWarning: Replacing existing TH1: hist (Potential memory leak).
TFile::Append:0: RuntimeWarning: Replacing existing TH1: hist (Potential memory leak).
TFile::Append:0: RuntimeWarning: Replacing existing TH1: hist (Potential memory leak).
TFile::Append:0: RuntimeWarning: Replacing existing TH1: hist (Potential memory leak).
TFile::Append:0: RuntimeWarning: Replacing existing TH1: hist (Potential memory leak).
TFile::Append:0: RuntimeWarning: Replacing existing TH1: hist (Potential memory leak).
TFile::Append:0: RuntimeWarning: Replacing existing TH1: hist (Potential memory leak).
TFile::Append:0: RuntimeWarning: Replacing existing TH1: hist (Potential memory leak).
TFile::Append:0: RuntimeWarning: Replacing existing TH1: hist (Potential memory leak).
TFile::Append:0: RuntimeWarning: Replacing existing TH1: hist (Potential memory leak).
TFile::Append:0: RuntimeWarning: Replacing existing TH1: hist (Potential memory leak).
TFile::Append:0: RuntimeWarning: Replacing existing TH1: hist (Potential memory leak).
TFile::Append:0: RuntimeWarning: Replacing existing TH1: hist (Potential memory leak).
TFile::Append:0: RuntimeWarning: Replacing existing TH1: hist (Potential memory leak).
TFile::Append:0: RuntimeWarning: Replacing existing TH1: hist (Potential memory leak).
TFile::Append:0: RuntimeWarning: Replacing existing TH1: hist (Potential memory leak).
TFile::Append:0: RuntimeWarning: Replacing existing TH1: hist (Potential memory leak).
TFile::Append:0: RuntimeWarning: Replacing existing TH1: hist (Potential memory leak).
TFile::Append:0: RuntimeWarning: Replacing existing TH1: hist (Potential memory leak).
TFile::Append:0: RuntimeWarning: Replacing existing TH1: hist (Potential memory leak).
TFile::Append:0: RuntimeWarning: Replacing existing TH1: hist (Potential memory leak).
TFile::Append:0: RuntimeWarning: Replacing existing TH1: hist (Potential memory leak).
TFile::Append:0: RuntimeWarning: Replacing existing TH1: hist (Potential memory leak).
l =  0.0
      Dataset =  WWTo2L2Nu  ||   nEvents =  7758900
          hist nEntries =  5.0
          hist integral =  0.443664290011
  Process =  ttbarPlusJets
      Dataset =  TTToSemiLepton  ||   nEvents =  301187998
          hist nEntries =  119.0
          hist integral =  7.80487190187
      Dataset =  TTTo2L2Nu  ||   nEvents =  64120000
          hist nEntries =  1199.0
          hist integral =  90.7203212976
  Process =  ttbar scalar
      Dataset =  ttDM_MChi1_MPhi150_scalar  ||   nEvents =  474902
          hist nEntries =  798.0
          hist integral =  22.6850070208
      Dataset =  ttDM_MChi1_MPhi100_scalar  ||   nEvents =  1842523
          hist nEntries =  1513.0
          hist integral =  33.3846039772
      Dataset =  ttDM_MChi45_MPhi100_scalar  ||   nEvents =  489439
          hist nEntries =  425.0
          hist integral =  36.2475703061
      Dataset =  ttDM_MChi49_MPhi100_scalar  ||   nEvents =  478767
          hist nEntries =  390.0
          hist integral =  34.3260665536
      Dataset =  ttDM_MChi40_MPhi100_scalar  ||   nEvents =  471647
          hist nEntries =  399.0
          hist integral =  35.0367825031
      Dataset =  ttDM_MChi1_MPhi400_scalar  ||   nEvents =  415979
          hist nEntries =  2618.0
          hist integral =  4.59631706774
      Dataset =  ttDM_MChi20_MPhi100_scalar  ||   nEvents =  482383
          hist nEntries =  391.0
          hist integral =  34.207197994
      Dataset =  ttDM_MChi1_MPhi450_scalar  ||   nEvents =  395068
          hist nEntries =  2727.0
          hist integral =  3.14345818758
      Dataset =  ttDM_MChi1_MPhi350_scalar  ||   nEvents =  413883
          hist nEntries =  2520.0
          hist integral =  7.36152972281
      Dataset =  ttDM_MChi1_MPhi250_scalar  ||   nEvents =  447647
          hist nEntries =  1946.0
          hist integral =  13.2172194719
      Dataset =  ttDM_MChi1_MPhi500_scalar  ||   nEvents =  387127
          hist nEntries =  2742.0
          hist integral =  2.24800590426
      Dataset =  ttDM_MChi30_MPhi100_scalar  ||   nEvents =  474782
          hist nEntries =  366.0
          hist integral =  31.6734949648
      Dataset =  ttDM_MChi55_MPhi100_scalar  ||   nEvents =  458404
          hist nEntries =  1083.0
          hist integral =  0.582988638431
      Dataset =  ttDM_MChi1_MPhi50_scalar  ||   nEvents =  1795610
          hist nEntries =  435.0
          hist integral =  41.0277989805
      Dataset =  ttDM_MChi1_MPhi300_scalar  ||   nEvents =  434490
          hist nEntries =  2310.0
          hist integral =  9.66181591153
      Dataset =  ttDM_MChi51_MPhi100_scalar  ||   nEvents =  475176
          hist nEntries =  869.0
          hist integral =  0.888759181835
      Dataset =  ttDM_MChi1_MPhi200_scalar  ||   nEvents =  464398
          hist nEntries =  1459.0
          hist integral =  18.3208085597
  Process =  ZZ
      Dataset =  ZZTo2Q2Nu  ||   nEvents =  57728992
          hist nEntries =  2.0
          hist integral =  0.0131101356819
      Dataset =  ZZTo4L  ||   nEvents =  105302900
          hist nEntries =  0.0
          hist integral =  0.0
      Dataset =  ZZTo2L2Q  ||   nEvents =  27900469
          hist nEntries =  1.0
          hist integral =  0.00722094718367
      Dataset =  ZZTo2L2Nu  ||   nEvents =  56428600
          hist nEntries =  135.0
          hist integral =  0.0752461463853
  Process =  QCD
      Dataset =  HT700To1000  ||   nEvents =  48158738
          hist nEntries =  0.0
          hist integral =  0.0
      Dataset =  HT500To700  ||   nEvents =  55152960
          hist nEntries =  0.0
          hist integral =  0.0
      Dataset =  HT2000ToInf  ||   nEvents =  5475677
          hist nEntries =  0.0
          hist integral =  0.0
      Dataset =  HT1000To1500  ||   nEvents =  15466225
          hist nEntries =  0.0
          hist integral =  0.0
      Dataset =  HT1500To2000  ||   nEvents =  10955087
          hist nEntries =  0.0
          hist integral =  0.0
      Dataset =  HT100To200  ||   nEvents =  93972378
          hist nEntries =  0.0
          hist integral =  0.0
   TFile::Append:0: RuntimeWarning: Replacing existing TH1: hist (Potential memory leak).
TFile::Append:0: RuntimeWarning: Replacing existing TH1: hist (Potential memory leak).
TFile::Append:0: RuntimeWarning: Replacing existing TH1: hist (Potential memory leak).
TFile::Append:0: RuntimeWarning: Replacing existing TH1: hist (Potential memory leak).
TFile::Append:0: RuntimeWarning: Replacing existing TH1: hist (Potential memory leak).
TFile::Append:0: RuntimeWarning: Replacing existing TH1: hist (Potential memory leak).
TFile::Append:0: RuntimeWarning: Replacing existing TH1: hist (Potential memory leak).
TFile::Append:0: RuntimeWarning: Replacing existing TH1: hist (Potential memory leak).
TFile::Append:0: RuntimeWarning: Replacing existing TH1: hist (Potential memory leak).
TFile::Append:0: RuntimeWarning: Replacing existing TH1: hist (Potential memory leak).
TFile::Append:0: RuntimeWarning: Replacing existing TH1: hist (Potential memory leak).
TFile::Append:0: RuntimeWarning: Replacing existing TH1: hist (Potential memory leak).
TFile::Append:0: RuntimeWarning: Replacing existing TH1: hist (Potential memory leak).
TFile::Append:0: RuntimeWarning: Replacing existing TH1: hist (Potential memory leak).
TFile::Append:0: RuntimeWarning: Replacing existing TH1: hist (Potential memory leak).
TFile::Append:0: RuntimeWarning: Replacing existing TH1: hist (Potential memory leak).
TFile::Append:0: RuntimeWarning: Replacing existing TH1: hist (Potential memory leak).
TFile::Append:0: RuntimeWarning: Replacing existing TH1: hist (Potential memory leak).
TFile::Append:0: RuntimeWarning: Replacing existing TH1: hist (Potential memory leak).
TFile::Append:0: RuntimeWarning: Replacing existing TH1: hist (Potential memory leak).
TFile::Append:0: RuntimeWarning: Replacing existing TH1: hist (Potential memory leak).
TFile::Append:0: RuntimeWarning: Replacing existing TH1: hist (Potential memory leak).
TFile::Append:0: RuntimeWarning: Replacing existing TH1: hist (Potential memory leak).
TFile::Append:0: RuntimeWarning: Replacing existing TH1: hist (Potential memory leak).
TFile::Append:0: RuntimeWarning: Replacing existing TH1: hist (Potential memory leak).
TFile::Append:0: RuntimeWarning: Replacing existing TH1: hist (Potential memory leak).
TFile::Append:0: RuntimeWarning: Replacing existing TH1: hist (Potential memory leak).
TFile::Append:0: RuntimeWarning: Replacing existing TH1: hist (Potential memory leak).
TFile::Append:0: RuntimeWarning: Replacing existing TH1: hist (Potential memory leak).
   Dataset =  HT300To500  ||   nEvents =  54661579
          hist nEntries =  0.0
          hist integral =  0.0
      Dataset =  HT200To300  ||   nEvents =  54289442
          hist nEntries =  0.0
          hist integral =  0.0
  Process =  WZ
      Dataset =  WZTo2L2Q  ||   nEvents =  28193648
          hist nEntries =  0.0
          hist integral =  0.0
      Dataset =  WZTo3LNu  ||   nEvents =  21997587
          hist nEntries =  8.0
          hist integral =  0.151721986942
      Dataset =  WZTo1L3Nu  ||   nEvents =  1690064
          hist nEntries =  9.0
          hist integral =  1.13028819859
      Dataset =  WZTo1L1Nu2Q  ||   nEvents =  18901469
          hist nEntries =  30.0
          hist integral =  1.11203398183
  Process =  ttbar pseudoscalar
      Dataset =  ttDM_MChi51_MPhi100_pseudo  ||   nEvents =  418391
          hist nEntries =  1395.0
          hist integral =  3.39033976197
      Dataset =  ttDM_MChi1_MPhi50_pseudo  ||   nEvents =  1591348
          hist nEntries =  3386.0
          hist integral =  36.8941525221
      Dataset =  ttDM_MChi55_MPhi100_pseudo  ||   nEvents =  393316
          hist nEntries =  1513.0
          hist integral =  1.48754948005
      Dataset =  ttDM_MChi45_MPhi100_pseudo  ||   nEvents =  413445
          hist nEntries =  1253.0
          hist integral =  33.9166763723
      Dataset =  ttDM_MChi49_MPhi100_pseudo  ||   nEvents =  405911
          hist nEntries =  1137.0
          hist integral =  30.9835541546
      Dataset =  ttDM_MChi40_MPhi100_pseudo  ||   nEvents =  426346
          hist nEntries =  1199.0
          hist integral =  30.6840673089
      Dataset =  ttDM_MChi1_MPhi150_pseudo  ||   nEvents =  423824
          hist nEntries =  1532.0
          hist integral =  26.9329767823
      Dataset =  ttDM_MChi20_MPhi100_pseudo  ||   nEvents =  426122
          hist nEntries =  1195.0
          hist integral =  30.6955162585
      Dataset =  ttDM_MChi1_MPhi500_pseudo  ||   nEvents =  345776
          hist nEntries =  2424.0
          hist integral =  2.35291805863
      Dataset =  ttDM_MChi1_MPhi400_pseudo  ||   nEvents =  360802
          hist nEntries =  2250.0
          hist integral =  4.4363515377
      Dataset =  ttDM_MChi1_MPhi100_pseudo  ||   nEvents =  1607992
          hist nEntries =  4755.0
          hist integral =  32.504060626
      Dataset =  ttDM_MChi30_MPhi100_pseudo  ||   nEvents =  425474
          hist nEntries =  1242.0
          hist integral =  31.7785625458
      Dataset =  ttDM_MChi1_MPhi250_pseudo  ||   nEvents =  387148
          hist nEntries =  1991.0
          hist integral =  17.7411890626
      Dataset =  ttDM_MChi1_MPhi200_pseudo  ||   nEvents =  397510
          hist nEntries =  1706.0
          hist integral =  21.401475504
      Dataset =  ttDM_MChi1_MPhi450_pseudo  ||   nEvents =  349931
          hist nEntries =  2256.0
          hist integral =  3.0566835776
      Dataset =  ttDM_MChi1_MPhi300_pseudo  ||   nEvents =  382658
          hist nEntries =  2094.0
          hist integral =  13.6169938147
      Dataset =  ttDM_MChi1_MPhi350_pseudo  ||   nEvents =  374623
          hist nEntries =  2153.0
          hist integral =  8.10333497822
  Process =  TTV
      Dataset =  TTZToQQ  ||   nEvents =  9641000
          hist nEntries =  238.0
          hist integral =  0.725189422723
      Dataset =  TTWJetsToLNu  ||   nEvents =  4911941
          hist nEntries =  1647.0
          hist integral =  4.07379161939
      Dataset =  TTWJetsToQQ  ||   nEvents =  835296
          hist nEntries =  9.0
          hist integral =  0.326321306173
      Dataset =  TTZToLLNuNu  ||   nEvents =  13280000
          hist nEntries =  15027.0
          hist integral =  15.5907961428
  Process =  ZTo2L
      Dataset =  HT600To800  ||   nEvents =  8862104
Applied ZTo2L qcd/ewk Weights correctly
          hist nEntries =  2.0
          hist integral =  0.0216808393598
      Dataset =  HT1200To2500  ||   nEvents =  536416
Applied ZTo2L qcd/ewk Weights correctly
          hist nEntries =  2.0
          hist integral =  0.0569934379309
      Dataset =  HT100To200TFile::Append:0: RuntimeWarning: Replacing existing TH1: hist (Potential memory leak).
TFile::Append:0: RuntimeWarning: Replacing existing TH1: hist (Potential memory leak).
TFile::Append:0: RuntimeWarning: Replacing existing TH1: hist (Potential memory leak).
TFile::Append:0: RuntimeWarning: Replacing existing TH1: hist (Potential memory leak).
TFile::Append:0: RuntimeWarning: Replacing existing TH1: hist (Potential memory leak).
TFile::Append:0: RuntimeWarning: Replacing existing TH1: hist (Potential memory leak).
TFile::Append:0: RuntimeWarning: Replacing existing TH1: hist (Potential memory leak).
TFile::Append:0: RuntimeWarning: Replacing existing TH1: hist (Potential memory leak).
TFile::Append:0: RuntimeWarning: Replacing existing TH1: hist (Potential memory leak).
TFile::Append:0: RuntimeWarning: Replacing existing TH1: hist (Potential memory leak).
TFile::Append:0: RuntimeWarning: Replacing existing TH1: hist (Potential memory leak).
TFile::Append:0: RuntimeWarning: Replacing existing TH1: hist (Potential memory leak).
TFile::Append:0: RuntimeWarning: Replacing existing TH1: hist (Potential memory leak).
TFile::Append:0: RuntimeWarning: Replacing existing TH1: hist (Potential memory leak).
TFile::Append:0: RuntimeWarning: Replacing existing TH1: hist (Potential memory leak).
TFile::Append:0: RuntimeWarning: Replacing existing TH1: hist (Potential memory leak).
TFile::Append:0: RuntimeWarning: Replacing existing TH1: hist (Potential memory leak).
TFile::Append:0: RuntimeWarning: Replacing existing TH1: hist (Potential memory leak).
  ||   nEvents =  11530510
Applied ZTo2L qcd/ewk Weights correctly
          hist nEntries =  0.0
          hist integral =  0.0
      Dataset =  HT2500ToInf  ||   nEvents =  427051
Applied ZTo2L qcd/ewk Weights correctly
          hist nEntries =  2.0
          hist integral =  0.00122451025527
      Dataset =  HT800To1200  ||   nEvents =  3138129
Applied ZTo2L qcd/ewk Weights correctly
          hist nEntries =  2.0
          hist integral =  0.0379891749471
      Dataset =  HT200To400  ||   nEvents =  11225887
Applied ZTo2L qcd/ewk Weights correctly
          hist nEntries =  0.0
          hist integral =  0.0
      Dataset =  HT400To600  ||   nEvents =  46257739
Applied ZTo2L qcd/ewk Weights correctly
          hist nEntries =  4.0
          hist integral =  0.030633283779
  Process =  singleTop
      Dataset =  ST_s-channel  ||   nEvents =  19752000
          hist nEntries =  1.0
          hist integral =  0.011242646724
      Dataset =  ST_t-channel_antitop  ||   nEvents =  79090800
          hist nEntries =  1.0
          hist integral =  0.00929064676166
      Dataset =  ST_tW_top  ||   nEvents =  9598000
          hist nEntries =  124.0
          hist integral =  24.8976246715
      Dataset =  ST_t-channel_top  ||   nEvents =  154307600
          hist nEntries =  3.0
          hist integral =  0.127921774983
      Dataset =  ST_tW_antitop  ||   nEvents =  7623000
          hist nEntries =  94.0
          hist integral =  24.9107153118
  Process =  WPlusJets
      Dataset =  HT200To400  ||   nEvents =  25468933
Applied WPlusJets qcd/ewk Weights correctly
          hist nEntries =  6.0
          hist integral =  6.9201977253
      Dataset =  HT70To100  ||   nEvents =  28084244
Applied WPlusJets qcd/ewk Weights correctly
          hist nEntries =  0.0
          hist integral =  0.0
      Dataset =  HT600To800  ||   nEvents =  19771294
Applied WPlusJets qcd/ewk Weights correctly
          hist nEntries =  34.0
          hist integral =  1.04220759869
      Dataset =  HT1200To2500  ||   nEvents =  7633949
Applied WPlusJets qcd/ewk Weights correctly
          hist nEntries =  62.0
          hist integral =  0.465437923558
      Dataset =  HT100To200  ||   nEvents =  28370527
Applied WPlusJets qcd/ewk Weights correctly
          hist nEntries =  0.0
          hist integral =  0.0
      Dataset =  HT400To600  ||   nEvents =  5932701
Applied WPlusJets qcd/ewk Weights correctly
          hist nEntries =  4.0
          hist integral =  2.77304559946
      Dataset =  HT2500ToInf  ||   nEvents =  3273980
Applied WPlusJets qcd/ewk Weights correctly
          hist nEntries =  47.0
          hist integral =  0.00658078386914
      Dataset =  HT800To1200  ||   nEvents =  8402687
Applied WPlusJets qcd/ewk Weights correctly
          hist nEntries =  22.0
          hist integral =  0.718503266573
-----------------------------
Total data background nEvents =  195.0
Total data background integral =  195.0
-----------------------------
Total MC background nEvents =  18846.0
Total MC background integral =  185.975148559
-----------------------------
Total tt+DM signal nEvents =  22991.0
Total tt+DM signal integral =  328.609425783
-----------------------------
-----------------------------
FOM for tt+DM signal =  24.096421944
-----------------------------
Finished filling histograms
Creating stacked MC background histogram...
Finished stacking MC background histograms.
Creating binned histogram root files...
--------------------------
    Bin 1
    ---------
    bkgSum bin 1: 86.5687942505
    QCD bin 1: 0.0
    ZTo2L bin 1: 0.0348986908793
    VV bin 1: 1.29561471939
    singleTop bin 1: 19.3975906372
    WPlusJets bin 1: 2.5978281498
    TTV bin 1: 6.76389312744
    TTTo2L2Nu bin 1: 51.9621734619
    TTToSemiLepton bin 1: 4.1051940918
    ZTo2Nu bin 1: 0.411598205566
    TTbarSL bin 1: 62.8312568665
    data_obs bin 1: 101.0
    ttDM_MChi1_MPhi150_scalar bin 1: 7.28998279572
    ttDM_MChi1_MPhi100_scalar bin 1: 11.1295413971
    ttDM_MChi45_MPhi100_scalar bin 1: 11.3556575775
    ttDM_MChi49_MPhi100_scalar bin 1: 11.6586408615
    ttDM_MChi40_MPhi100_scalar bin 1: 12.9392251968
    ttDM_MChi1_MPhi400_scalar bin 1: 0.947354018688
    ttDM_MChi20_MPhi100_scalar bin 1: 11.9817276001
    ttDM_MChi1_MPhi450_scalar bin 1: 0.677549302578
    ttDM_MChi1_MPhi350_scalar bin 1: 1.61567008495
    ttDM_MChi1_MPhi250_scalar bin 1: 3.4011900425
    ttDM_MChi1_MPhi500_scalar bin 1: 0.453747540712
    ttDM_MChi30_MPhi100_scalar bin 1: 11.0397996902
    ttDM_MChi55_MPhi100_scalar bin 1: 0.159236192703
    ttDM_MChi1_MPhi50_scalar bin 1: 16.4173526764
    ttDM_MChi1_MPhi300_scalar bin 1: 2.27776408195
    ttDM_MChi51_MPhi100_scalar bin 1: 0.261921048164
    ttDM_MChi1_MPhi200_scalar bin 1: 4.93856477737
    ttDM_MChi51_MPhi100_pseudo bin 1: 0.992913424969
    ttDM_MChi1_MPhi50_pseudo bin 1: 11.486615181
    ttDM_MChi55_MPhi100_pseudo bin 1: 0.423350960016
    ttDM_MChi45_MPhi100_pseudo bin 1: 9.60619068146
    ttDM_MChi49_MPhi100_pseudo bin 1: 10.1098823547
    ttDM_MChi40_MPhi100_pseudo bin 1: 9.66699028015
    ttDM_MChi1_MPhi150_pseudo bin 1: 7.57908201218
    ttDM_MChi20_MPhi100_pseudo bin 1: 9.39813613892
    ttDM_MChi1_MPhi500_pseudo bin 1: 0.471559882164
    ttDM_MChi1_MPhi400_pseudo bin 1: 1.07135820389
    ttDM_MChi1_MPhi100_pseudo bin 1: 9.83818340302
    ttDM_MChi30_MPhi100_pseudo bin 1: 8.85069561005
    ttDM_MChi1_MPhi250_pseudo bin 1: 4.83144140244
    ttDM_MChi1_MPhi200_pseudo bin 1: 5.92000150681
    ttDM_MChi1_MPhi450_pseudo bin 1: 0.659409224987
    ttDM_MChi1_MPhi300_pseudo bin 1: 3.3943593502
    ttDM_MChi1_MPhi350_pseudo bin 1: 1.8528046608
--------------------------
    Bin 2
    ---------
    bkgSum bin 2: 39.9549865723
    QCD bin 2: 0.0
    ZTo2L bin 2: 0.000789401179645
    VV bin 2: 0.560011386871
    singleTop bin 2: 11.1063613892
    WPlusJets bin 2: 1.65322601795
    TTV bin 2: 4.63411426544
    TTTo2L2Nu bin 2: 20.1297283173
    TTToSemiLepton bin 2: 1.77518761158
    ZTo2Nu bin 2: 0.0955701991916
    TTbarSL bin 2: 26.5390300751
    data_obs bin 2: 43.0
    ttDM_MChi1_MPhi150_scalar bin 2: 4.65625190735
    ttDM_MChi1_MPhi100_scalar bin 2: 7.78483104706
    ttDM_MChi45_MPhi100_scalar bin 2: 8.54281234741
    ttDM_MChi49_MPhi100_scalar bin 2: 6.79745101929
    ttDM_MChi40_MPhi100_scalar bin 2: 6.62653303146
    ttDM_MChi1_MPhi400_scalar bin 2: 0.839844942093
    ttDM_MChi20_MPhi100_scalar bin 2: 8.08416175842
    ttDM_MChi1_MPhi450_scalar bin 2: 0.558893859386
    ttDM_MChi1_MPhi350_scalar bin 2: 1.32016885281
    ttDM_MChi1_MPhi250_scalar bin 2: 2.57240223885
    ttDM_MChi1_MPhi500_scalar bin 2: 0.396485596895
    ttDM_MChi30_MPhi100_scalar bin 2: 6.9261136055
    ttDM_MChi55_MPhi100_scalar bin 2: 0.122125566006
    ttDM_MChi1_MPhi50_scalar bin 2: 8.72681999207
    ttDM_MChi1_MPhi300_scalar bin 2: 2.01086640358
    ttDM_MChi51_MPhi100_scalar bin 2: 0.179832831025
    ttDM_MChi1_MPhi200_scalar bin 2: 3.8117017746
    ttDM_MChi51_MPhi100_pseudo bin 2: 0.720453202724
    ttDM_MChi1_MPhi50_pseudo bin 2: 8.48907184601
    ttDM_MChi55_MPhi100_pseudo bin 2: 0.316239595413
    ttDM_MChi45_MPhi100_pseudo bin 2: 8.09753513336
    ttDM_MChi49_MPhi100_pseudo bin 2: 7.00155115128
    ttDM_MChi40_MPhi100_pseudo bin 2: 7.15447616577
    ttDM_MChi1_MPhi150_pseudo bin 2: 6.0787730217
    ttDM_MChi20_MPhi100_pseudo bin 2: 6.91002368927
    ttDM_MChi1_MPhi500_pseudo bin 2: 0.444633752108
    ttDM_MChi1_MPhi400_pseudo bin 2: 0.826382935047
    ttDM_MChi1_MPhi100_pseudo bin 2: 7.33241891861
    ttDM_MChi30_MPhi100_pseudo bin 2: 7.10203886032
    ttDM_MChi1_MPhi250_pseudo bin 2: 3.46206402779
    ttDM_MChi1_MPhi200_pseudo bin 2: 4.5823841095
    ttDM_MChi1_MPhi450_pseudo bin 2: 0.506111443043
    ttDM_MChi1_MPhi300_pseudo bin 2: 2.72237443924
    ttDM_MChi1_MPhi350_pseudo bin 2: 1.53151738644
--------------------------
    Bin 3
    ---------
    bkgSum bin 3: 26.0303878784
    QCD bin 3: 0.0
    ZTo2L bin 3: 0.0480544492602
    VV bin 3: 0.540685653687
    singleTop bin 3: 7.45112228394
    WPlusJets bin 3: 4.86417150497
    TTV bin 3: 2.97920060158
    TTTo2L2Nu bin 3: 9.34826278687
    TTToSemiLepton bin 3: 0.79889112711
    ZTo2Nu bin 3: 0.0
    TTbarSL bin 3: 13.1263542175
    data_obs bin 3: 27.0
    ttDM_MChi1_MPhi150_scalar bin 3: 3.08967876434
    ttDM_MChi1_MPhi100_scalar bin 3: 4.82391119003
    ttDM_MChi45_MPhi100_scalar bin 3: 5.63265037537
    ttDM_MChi49_MPhi100_scalar bin 3: 4.57547998428
    ttDM_MChi40_MPhi100_scalar bin 3: 4.90328264236
    ttDM_MChi1_MPhi400_scalar bin 3: 0.61832934618
    ttDM_MChi20_MPhi100_scalar bin 3: 4.58715820312
    ttDM_MChi1_MPhi450_scalar bin 3: 0.487037390471
    ttDM_MChi1_MPhi350_scalar bin 3: 1.13798558712
    ttDM_MChi1_MPhi250_scalar bin 3: 1.88918948174
    ttDM_MChi1_MPhi500_scalar bin 3: 0.334016859531
    ttDM_MChi30_MPhi100_scalar bin 3: 4.84050369263
    ttDM_MChi55_MPhi100_scalar bin 3: 0.088699400425
    ttDM_MChi1_MPhi50_scalar bin 3: 5.48855543137
    ttDM_MChi1_MPhi300_scalar bin 3: 1.37692379951
    ttDM_MChi51_MPhi100_scalar bin 3: 0.137691691518
    ttDM_MChi1_MPhi200_scalar bin 3: 2.6394431591
    ttDM_MChi51_MPhi100_pseudo bin 3: 0.581105768681
    ttDM_MChi1_MPhi50_pseudo bin 3: 5.8159737587
    ttDM_MChi55_MPhi100_pseudo bin 3: 0.205841198564
    ttDM_MChi45_MPhi100_pseudo bin 3: 5.24114751816
    ttDM_MChi49_MPhi100_pseudo bin 3: 4.94335889816
    ttDM_MChi40_MPhi100_pseudo bin 3: 5.00116634369
    ttDM_MChi1_MPhi150_pseudo bin 3: 5.05589962006
    ttDM_MChi20_MPhi100_pseudo bin 3: 5.24364471436
    ttDM_MChi1_MPhi500_pseudo bin 3: 0.347816735506
    ttDM_MChi1_MPhi400_pseudo bin 3: 0.671487808228
    ttDM_MChi1_MPhi100_pseudo bin 3: 5.1182641983
    ttDM_MChi30_MPhi100_pseudo bin 3: 5.57904005051
    ttDM_MChi1_MPhi250_pseudo bin 3: 2.55325174332
    ttDM_MChi1_MPhi200_pseudo bin 3: 3.36747121811
    ttDM_MChi1_MPhi450_pseudo bin 3: 0.485626876354
    ttDM_MChi1_MPhi300_pseudo bin 3: 2.09012770653
    ttDM_MChi1_MPhi350_pseudo bin 3: 1.29681909084
--------------------------
    Bin 4
    ---------
    bkgSum bin 4: 15.414393425
    QCD bin 4: 0.0
    ZTo2L bin 4: 0.0322069972754
    VV bin 4: 1.2610861063
    singleTop bin 4: 5.00013160706
    WPlusJets bin 4: 2.2868950367
    TTV bin 4: 2.10984635353
    TTTo2L2Nu bin 4: 4.27563238144
    TTToSemiLepton bin 4: 0.44859623909
    ZTo2Nu bin 4: 0.0
    TTbarSL bin 4: 6.83407497406
    data_obs bin 4: 13.0
    ttDM_MChi1_MPhi150_scalar bin 4: 2.33694052696
    ttDM_MChi1_MPhi100_scalar bin 4: 3.19526267052
    ttDM_MChi45_MPhi100_scalar bin 4: 2.91763854027
    ttDM_MChi49_MPhi100_scalar bin 4: 4.20638656616
    ttDM_MChi40_MPhi100_scalar bin 4: 3.61432313919
    ttDM_MChi1_MPhi400_scalar bin 4: 0.590772092342
    ttDM_MChi20_MPhi100_scalar bin 4: 2.85962462425
    ttDM_MChi1_MPhi450_scalar bin 4: 0.32620626688
    ttDM_MChi1_MPhi350_scalar bin 4: 0.847753047943
    ttDM_MChi1_MPhi250_scalar bin 4: 1.60441291332
    ttDM_MChi1_MPhi500_scalar bin 4: 0.255974024534
    ttDM_MChi30_MPhi100_scalar bin 4: 3.20886278152
    ttDM_MChi55_MPhi100_scalar bin 4: 0.0620756223798
    ttDM_MChi1_MPhi50_scalar bin 4: 3.51331758499
    ttDM_MChi1_MPhi300_scalar bin 4: 1.08021950722
    ttDM_MChi51_MPhi100_scalar bin 4: 0.111152611673
    ttDM_MChi1_MPhi200_scalar bin 4: 2.09832859039
    ttDM_MChi51_MPhi100_pseudo bin 4: 0.361600935459
    ttDM_MChi1_MPhi50_pseudo bin 4: 3.72800016403
    ttDM_MChi55_MPhi100_pseudo bin 4: 0.143277972937
    ttDM_MChi45_MPhi100_pseudo bin 4: 4.13057518005
    ttDM_MChi49_MPhi100_pseudo bin 4: 3.06866240501
    ttDM_MChi40_MPhi100_pseudo bin 4: 2.6219496727
    ttDM_MChi1_MPhi150_pseudo bin 4: 2.85734224319
    ttDM_MChi20_MPhi100_pseudo bin 4: 3.26632595062
    ttDM_MChi1_MPhi500_pseudo bin 4: 0.277119547129
    ttDM_MChi1_MPhi400_pseudo bin 4: 0.510591387749
    ttDM_MChi1_MPhi100_pseudo bin 4: 3.37094163895
    ttDM_MChi30_MPhi100_pseudo bin 4: 3.00764894485
    ttDM_MChi1_MPhi250_pseudo bin 4: 2.17557263374
    ttDM_MChi1_MPhi200_pseudo bin 4: 2.70435810089
    ttDM_MChi1_MPhi450_pseudo bin 4: 0.358596533537
    ttDM_MChi1_MPhi300_pseudo bin 4: 1.51264679432
    ttDM_MChi1_MPhi350_pseudo bin 4: 1.03457856178
--------------------------
    Bin 5
    ---------
    bkgSum bin 5: 6.79388713837
    QCD bin 5: 0.0
    ZTo2L bin 5: 0.0208707209677
    VV bin 5: 0.0501660481095
    singleTop bin 5: 2.40601158142
    WPlusJets bin 5: 0.110957883298
    TTV bin 5: 1.35527420044
    TTTo2L2Nu bin 5: 2.60255360603
    TTToSemiLepton bin 5: 0.210307657719
    ZTo2Nu bin 5: 0.0377454645932
    TTbarSL bin 5: 4.16813564301
    data_obs bin 5: 1.0
    ttDM_MChi1_MPhi150_scalar bin 5: 2.00740718842
    ttDM_MChi1_MPhi100_scalar bin 5: 2.49812483788
    ttDM_MChi45_MPhi100_scalar bin 5: 2.55638098717
    ttDM_MChi49_MPhi100_scalar bin 5: 2.7761797905
    ttDM_MChi40_MPhi100_scalar bin 5: 2.11068677902
    ttDM_MChi1_MPhi400_scalar bin 5: 0.40725299716
    ttDM_MChi20_MPhi100_scalar bin 5: 1.45185852051
    ttDM_MChi1_MPhi450_scalar bin 5: 0.272178739309
    ttDM_MChi1_MPhi350_scalar bin 5: 0.749682426453
    ttDM_MChi1_MPhi250_scalar bin 5: 1.08191263676
    ttDM_MChi1_MPhi500_scalar bin 5: 0.207436472178
    ttDM_MChi30_MPhi100_scalar bin 5: 2.51768898964
    ttDM_MChi55_MPhi100_scalar bin 5: 0.0488489866257
    ttDM_MChi1_MPhi50_scalar bin 5: 2.59275531769
    ttDM_MChi1_MPhi300_scalar bin 5: 0.883709013462
    ttDM_MChi51_MPhi100_scalar bin 5: 0.0626001805067
    ttDM_MChi1_MPhi200_scalar bin 5: 1.40283882618
    ttDM_MChi51_MPhi100_pseudo bin 5: 0.264029502869
    ttDM_MChi1_MPhi50_pseudo bin 5: 2.46076607704
    ttDM_MChi55_MPhi100_pseudo bin 5: 0.117162063718
    ttDM_MChi45_MPhi100_pseudo bin 5: 2.09683728218
    ttDM_MChi49_MPhi100_pseudo bin 5: 2.17298460007
    ttDM_MChi40_MPhi100_pseudo bin 5: 2.15684533119
    ttDM_MChi1_MPhi150_pseudo bin 5: 1.8941552639
    ttDM_MChi20_MPhi100_pseudo bin 5: 2.22160410881
    ttDM_MChi1_MPhi500_pseudo bin 5: 0.230275318027
    ttDM_MChi1_MPhi400_pseudo bin 5: 0.355470180511
    ttDM_MChi1_MPhi100_pseudo bin 5: 2.24202084541
    ttDM_MChi30_MPhi100_pseudo bin 5: 2.5580136776
    ttDM_MChi1_MPhi250_pseudo bin 5: 1.40890240669
    ttDM_MChi1_MPhi200_pseudo bin 5: 1.61183810234
    ttDM_MChi1_MPhi450_pseudo bin 5: 0.298937231302
    ttDM_MChi1_MPhi300_pseudo bin 5: 1.06472301483
    ttDM_MChi1_MPhi350_pseudo bin 5: 0.762664914131
--------------------------
    Bin 6
    ---------
    bkgSum bin 6: 2.13226270676
    QCD bin 6: 0.0
    ZTo2L bin 6: 0.0117009831592
    VV bin 6: 0.043103788048
    singleTop bin 6: 0.223243117332
    WPlusJets bin 6: 0.172259837389
    TTV bin 6: 0.931222856045
    TTTo2L2Nu bin 6: 0.686241745949
    TTToSemiLepton bin 6: 0.0644904375076
    ZTo2Nu bin 6: 0.0
    TTbarSL bin 6: 1.6819549799
    data_obs bin 6: 5.0
    ttDM_MChi1_MPhi150_scalar bin 6: 1.22964513302
    ttDM_MChi1_MPhi100_scalar bin 6: 1.3591799736
    ttDM_MChi45_MPhi100_scalar bin 6: 1.30740177631
    ttDM_MChi49_MPhi100_scalar bin 6: 1.16906309128
    ttDM_MChi40_MPhi100_scalar bin 6: 1.53200244904
    ttDM_MChi1_MPhi400_scalar bin 6: 0.319611161947
    ttDM_MChi20_MPhi100_scalar bin 6: 1.82053184509
    ttDM_MChi1_MPhi450_scalar bin 6: 0.192232623696
    ttDM_MChi1_MPhi350_scalar bin 6: 0.458137482405
    ttDM_MChi1_MPhi250_scalar bin 6: 0.830231249332
    ttDM_MChi1_MPhi500_scalar bin 6: 0.154438361526
    ttDM_MChi30_MPhi100_scalar bin 6: 1.10920739174
    ttDM_MChi55_MPhi100_scalar bin 6: 0.0287264436483
    ttDM_MChi1_MPhi50_scalar bin 6: 1.4738240242
    ttDM_MChi1_MPhi300_scalar bin 6: 0.546797692776
    ttDM_MChi51_MPhi100_scalar bin 6: 0.0476836040616
    ttDM_MChi1_MPhi200_scalar bin 6: 1.22893691063
    ttDM_MChi51_MPhi100_pseudo bin 6: 0.143695116043
    ttDM_MChi1_MPhi50_pseudo bin 6: 1.70683920383
    ttDM_MChi55_MPhi100_pseudo bin 6: 0.0793888121843
    ttDM_MChi45_MPhi100_pseudo bin 6: 1.46068120003
    ttDM_MChi49_MPhi100_pseudo bin 6: 1.22193193436
    ttDM_MChi40_MPhi100_pseudo bin 6: 1.45065140724
    ttDM_MChi1_MPhi150_pseudo bin 6: 1.08608150482
    ttDM_MChi20_MPhi100_pseudo bin 6: 1.13511025906
    ttDM_MChi1_MPhi500_pseudo bin 6: 0.176424205303
    ttDM_MChi1_MPhi400_pseudo bin 6: 0.272330522537
    ttDM_MChi1_MPhi100_pseudo bin 6: 1.55109238625
    ttDM_MChi30_MPhi100_pseudo bin 6: 1.65418815613
    ttDM_MChi1_MPhi250_pseudo bin 6: 0.948030948639
    ttDM_MChi1_MPhi200_pseudo bin 6: 0.981991648674
    ttDM_MChi1_MPhi450_pseudo bin 6: 0.200668498874
    ttDM_MChi1_MPhi300_pseudo bin 6: 0.864030241966
    ttDM_MChi1_MPhi350_pseudo bin 6: 0.419619262218
--------------------------
    Bin 7
    ---------
    bkgSum bin 7: 3.0946969986
    QCD bin 7: 0.0
    ZTo2L bin 7: 0.0
    VV bin 7: 0.0223837159574
    singleTop bin 7: 1.36577761173
    WPlusJets bin 7: 0.112186156213
    TTV bin 7: 0.653914868832
    TTTo2L2Nu bin 7: 0.872652053833
    TTToSemiLepton bin 7: 0.0677826926112
    ZTo2Nu bin 7: 0.0
    TTbarSL bin 7: 1.59434962273
    data_obs bin 7: 2.0
    ttDM_MChi1_MPhi150_scalar bin 7: 0.710532784462
    ttDM_MChi1_MPhi100_scalar bin 7: 0.762388885021
    ttDM_MChi45_MPhi100_scalar bin 7: 1.87078011036
    ttDM_MChi49_MPhi100_scalar bin 7: 1.44300937653
    ttDM_MChi40_MPhi100_scalar bin 7: 1.50091719627
    ttDM_MChi1_MPhi400_scalar bin 7: 0.266564756632
    ttDM_MChi20_MPhi100_scalar bin 7: 1.41468071938
    ttDM_MChi1_MPhi450_scalar bin 7: 0.17254512012
    ttDM_MChi1_MPhi350_scalar bin 7: 0.342351317406
    ttDM_MChi1_MPhi250_scalar bin 7: 0.564773738384
    ttDM_MChi1_MPhi500_scalar bin 7: 0.128651112318
    ttDM_MChi30_MPhi100_scalar bin 7: 0.734988212585
    ttDM_MChi55_MPhi100_scalar bin 7: 0.0179312936962
    ttDM_MChi1_MPhi50_scalar bin 7: 1.08589363098
    ttDM_MChi1_MPhi300_scalar bin 7: 0.368888378143
    ttDM_MChi51_MPhi100_scalar bin 7: 0.0264401994646
    ttDM_MChi1_MPhi200_scalar bin 7: 0.734359383583
    ttDM_MChi51_MPhi100_pseudo bin 7: 0.0938805565238
    ttDM_MChi1_MPhi50_pseudo bin 7: 1.06397271156
    ttDM_MChi55_MPhi100_pseudo bin 7: 0.0699773356318
    ttDM_MChi45_MPhi100_pseudo bin 7: 1.13973617554
    ttDM_MChi49_MPhi100_pseudo bin 7: 0.793362319469
    ttDM_MChi40_MPhi100_pseudo bin 7: 0.841832458973
    ttDM_MChi1_MPhi150_pseudo bin 7: 0.817718982697
    ttDM_MChi20_MPhi100_pseudo bin 7: 0.798633038998
    ttDM_MChi1_MPhi500_pseudo bin 7: 0.10047441721
    ttDM_MChi1_MPhi400_pseudo bin 7: 0.190838813782
    ttDM_MChi1_MPhi100_pseudo bin 7: 1.02878046036
    ttDM_MChi30_MPhi100_pseudo bin 7: 0.997502624989
    ttDM_MChi1_MPhi250_pseudo bin 7: 0.71417427063
    ttDM_MChi1_MPhi200_pseudo bin 7: 0.886067867279
    ttDM_MChi1_MPhi450_pseudo bin 7: 0.142643988132
    ttDM_MChi1_MPhi300_pseudo bin 7: 0.57511806488
    ttDM_MChi1_MPhi350_pseudo bin 7: 0.322088927031
--------------------------
    Bin 8
    ---------
    bkgSum bin 8: 1.85789561272
    QCD bin 8: 0.0
    ZTo2L bin 8: 0.0
    VV bin 8: 0.0908055603504
    singleTop bin 8: 1.04138696194
    WPlusJets bin 8: 0.000325759494444
    TTV bin 8: 0.392382919788
    TTTo2L2Nu bin 8: 0.279426515102
    TTToSemiLepton bin 8: 0.0535678490996
    ZTo2Nu bin 8: 0.0
    TTbarSL bin 8: 0.725377261639
    data_obs bin 8: 1.0
    ttDM_MChi1_MPhi150_scalar bin 8: 0.307339757681
    ttDM_MChi1_MPhi100_scalar bin 8: 0.500910580158
    ttDM_MChi45_MPhi100_scalar bin 8: 0.875626564026
    ttDM_MChi49_MPhi100_scalar bin 8: 0.695558607578
    ttDM_MChi40_MPhi100_scalar bin 8: 0.661829411983
    ttDM_MChi1_MPhi400_scalar bin 8: 0.175622820854
    ttDM_MChi20_MPhi100_scalar bin 8: 0.761796355247
    ttDM_MChi1_MPhi450_scalar bin 8: 0.140403151512
    ttDM_MChi1_MPhi350_scalar bin 8: 0.263008266687
    ttDM_MChi1_MPhi250_scalar bin 8: 0.453622877598
    ttDM_MChi1_MPhi500_scalar bin 8: 0.0847567543387
    ttDM_MChi30_MPhi100_scalar bin 8: 0.324306607246
    ttDM_MChi55_MPhi100_scalar bin 8: 0.016901563853
    ttDM_MChi1_MPhi50_scalar bin 8: 0.400591701269
    ttDM_MChi1_MPhi300_scalar bin 8: 0.29464635253
    ttDM_MChi51_MPhi100_scalar bin 8: 0.0253529008478
    ttDM_MChi1_MPhi200_scalar bin 8: 0.46330961585
    ttDM_MChi51_MPhi100_pseudo bin 8: 0.0831477865577
    ttDM_MChi1_MPhi50_pseudo bin 8: 0.709560573101
    ttDM_MChi55_MPhi100_pseudo bin 8: 0.0432191230357
    ttDM_MChi45_MPhi100_pseudo bin 8: 0.900339126587
    ttDM_MChi49_MPhi100_pseudo bin 8: 0.727646589279
    ttDM_MChi40_MPhi100_pseudo bin 8: 0.669206678867
    ttDM_MChi1_MPhi150_pseudo bin 8: 0.477805793285
    ttDM_MChi20_MPhi100_pseudo bin 8: 0.546458125114
    ttDM_MChi1_MPhi500_pseudo bin 8: 0.0779203549027
    ttDM_MChi1_MPhi400_pseudo bin 8: 0.169267386198
    ttDM_MChi1_MPhi100_pseudo bin 8: 0.674195468426
    ttDM_MChi30_MPhi100_pseudo bin 8: 0.608498454094
    ttDM_MChi1_MPhi250_pseudo bin 8: 0.587241232395
    ttDM_MChi1_MPhi200_pseudo bin 8: 0.367700964212
    ttDM_MChi1_MPhi450_pseudo bin 8: 0.113695695996
    ttDM_MChi1_MPhi300_pseudo bin 8: 0.375044673681
    ttDM_MChi1_MPhi350_pseudo bin 8: 0.263864696026
--------------------------
    Bin 9
    ---------
    bkgSum bin 9: 4.12784385681
    QCD bin 9: 0.0
    ZTo2L bin 9: 0.0
    VV bin 9: 0.293797075748
    singleTop bin 9: 1.96516990662
    WPlusJets bin 9: 0.128122642636
    TTV bin 9: 0.8962495327
    TTTo2L2Nu bin 9: 0.563650429249
    TTToSemiLepton bin 9: 0.280854195356
    ZTo2Nu bin 9: 0.0
    TTbarSL bin 9: 1.7407541275
    data_obs bin 9: 2.0
    ttDM_MChi1_MPhi150_scalar bin 9: 1.05722820759
    ttDM_MChi1_MPhi100_scalar bin 9: 1.33045339584
    ttDM_MChi45_MPhi100_scalar bin 9: 1.18862199783
    ttDM_MChi49_MPhi100_scalar bin 9: 1.00429725647
    ttDM_MChi40_MPhi100_scalar bin 9: 1.14798259735
    ttDM_MChi1_MPhi400_scalar bin 9: 0.430964946747
    ttDM_MChi20_MPhi100_scalar bin 9: 1.24565839767
    ttDM_MChi1_MPhi450_scalar bin 9: 0.316411733627
    ttDM_MChi1_MPhi350_scalar bin 9: 0.626772642136
    ttDM_MChi1_MPhi250_scalar bin 9: 0.819484293461
    ttDM_MChi1_MPhi500_scalar bin 9: 0.232499182224
    ttDM_MChi30_MPhi100_scalar bin 9: 0.972023963928
    ttDM_MChi55_MPhi100_scalar bin 9: 0.0384435690939
    ttDM_MChi1_MPhi50_scalar bin 9: 1.32868862152
    ttDM_MChi1_MPhi300_scalar bin 9: 0.822000682354
    ttDM_MChi51_MPhi100_scalar bin 9: 0.0360841155052
    ttDM_MChi1_MPhi200_scalar bin 9: 1.00332546234
    ttDM_MChi51_MPhi100_pseudo bin 9: 0.149513468146
    ttDM_MChi1_MPhi50_pseudo bin 9: 1.43335294724
    ttDM_MChi55_MPhi100_pseudo bin 9: 0.0890924185514
    ttDM_MChi45_MPhi100_pseudo bin 9: 1.24363410473
    ttDM_MChi49_MPhi100_pseudo bin 9: 0.944173932076
    ttDM_MChi40_MPhi100_pseudo bin 9: 1.12094902992
    ttDM_MChi1_MPhi150_pseudo bin 9: 1.08611834049
    ttDM_MChi20_MPhi100_pseudo bin 9: 1.17558026314
    ttDM_MChi1_MPhi500_pseudo bin 9: 0.226693838835
    ttDM_MChi1_MPhi400_pseudo bin 9: 0.368624299765
    ttDM_MChi1_MPhi100_pseudo bin 9: 1.34816336632
    ttDM_MChi30_MPhi100_pseudo bin 9: 1.42093610764
    ttDM_MChi1_MPhi250_pseudo bin 9: 1.06051039696
    ttDM_MChi1_MPhi200_pseudo bin 9: 0.979662001133
    ttDM_MChi1_MPhi450_pseudo bin 9: 0.290994077921
    ttDM_MChi1_MPhi300_pseudo bin 9: 1.01856946945
    ttDM_MChi1_MPhi350_pseudo bin 9: 0.619377493858
Finished creating binned histogram root files...
Plotting end time: 2021-03-17 07:21:41.522499
