Plotting start time: 2021-03-24 21:55:22.883142
Cut name =  SL1l0fSR
MC Selection Cuts =  ((nTightElectrons == 1 && nVetoElectrons == 1 && nLooseMuons == 0 && njets >= 2 && nbjets >= 1 && METcorrected_pt >= 250 && Flag_goodVertices && Flag_globalSuperTightHalo2016Filter && Flag_HBHENoiseFilter && Flag_HBHENoiseIsoFilter && Flag_EcalDeadCellTriggerPrimitiveFilter && Flag_BadPFMuonFilter && ((HLT_Ele27_WPTight_Gsf) || (HLT_Ele115_CaloIdVT_GsfTrkIdT || HLT_Photon175))) || (nTightMuons == 1 && nLooseMuons == 1 && nVetoElectrons == 0 && njets >= 2 && nbjets >= 1 && METcorrected_pt >= 250 && Flag_goodVertices && Flag_globalSuperTightHalo2016Filter && Flag_HBHENoiseFilter && Flag_HBHENoiseIsoFilter && Flag_EcalDeadCellTriggerPrimitiveFilter && Flag_BadPFMuonFilter && (HLT_IsoMu24 || HLT_IsoTkMu24))) && nbjets == 1 && M_T >= 140 && M_T2W >= 180 && minDeltaPhi12 >= 0.8 && M_Tb >= 140 && nfjets == 0
Data Selection Cuts =  ((nTightElectrons == 1 && nVetoElectrons == 1 && nLooseMuons == 0 && njets >= 2 && nbjets >= 1 && METcorrected_pt >= 250 && Flag_goodVertices && Flag_globalSuperTightHalo2016Filter && Flag_HBHENoiseFilter && Flag_HBHENoiseIsoFilter && Flag_EcalDeadCellTriggerPrimitiveFilter && Flag_BadPFMuonFilter && ((HLT_Ele27_WPTight_Gsf) || (HLT_Ele115_CaloIdVT_GsfTrkIdT || HLT_Photon175))) || (nTightMuons == 1 && nLooseMuons == 1 && nVetoElectrons == 0 && njets >= 2 && nbjets >= 1 && METcorrected_pt >= 250 && Flag_goodVertices && Flag_globalSuperTightHalo2016Filter && Flag_HBHENoiseFilter && Flag_HBHENoiseIsoFilter && Flag_EcalDeadCellTriggerPrimitiveFilter && Flag_BadPFMuonFilter && (HLT_IsoMu24 || HLT_IsoTkMu24))) && nbjets == 1 && M_T >= 140 && M_T2W >= 180 && minDeltaPhi12 >= 0.8 && M_Tb >= 140 && nfjets == 0 && Flag_eeBadScFilter
var =  METcorrected_pt
year =  2016
lumi =  35.92
saveDirectory =  plots/SR_2016/METcorrected_pt/
date =  03_24_2021
Creating histograms..
Loading data sample root files and event trees...
Got data sample root files and event trees
Loading MC sample root files and event trees...
    nevents in  ZTo2Nu   HT600To800 :  5693589
    nevents in  ZTo2Nu   HT1200To2500 :  513471
    nevents in  ZTo2Nu   HT100To200 :  24272858
    nevents in  ZTo2Nu   HT2500ToInf :  405030
    nevents in  ZTo2Nu   HT800To1200 :  2170137
    nevents in  ZTo2Nu   HT200To400 :  24761211
    nevents in  ZTo2Nu   HT400To600 :  9862869
    nevents in  WW   WWTo1L1Nu2Q :  5246469
    nevents in  WW   WWTo4Q :  30324343
    nevents in  WW   WWTo2L2Nu :  1999000
    nevents in  ttbarPlusJets   TTToSemiLepton :  152669800
    nevents in  ttbarPlusJets   TTTo2L2Nu :  79140880
    nevents in  ttbar scalar   ttDM_MChi1_MPhi100_scalar :  2625075
    nevents in  ZZ   ZZTo2Q2Nu :  52855410
    nevents in  ZZ   ZZTo4L :  103121112
    nevents in  ZZ   ZZTo2L2Q :  15462693
    nevents in  ZZ   ZZTo2L2Nu :  52855410
    nevents in  ZZ   ZZTo4Q :  30636849
    nevents in  QCD   HT700To1000 :  37233786
    nevents in  QCD   HT500To700 :  62622029
    nevents in  QCD   HT2000ToInf :  5804179
    nevents in  QCD   HT1000To1500 :  15210939
    nevents in  QCD   HT1500To2000 :  11839357
    nevents in  QCD   HT100To200 :  82293477
    nevents in  QCD   HT300To500 :  54552852
    nevents in  QCD   HT200To300 :  57580393
    nevents in  WZ   WZTo2Q2Nu :  17725159
    nevents in  WZ   WZTo2L2Q :  26445785
    nevents in  WZ   WZTo3LNu :  19993200
    nevents in  WZ   WZTo1L3Nu :  1703772
    nevents in  WZ   WZTo1L1Nu2Q :  24311445
    nevents in  ttbar pseudoscalar   ttDM_MChi1_MPhi100_pseudo :  3284035
    nevents in  TTV   TTZToQQ :  749400
    nevents in  TTV   TTWJetsToLNu :  5280565
    nevents in  TTV   TTWJetsToQQ :  833298
    nevents in  TTV   TTZToLLNuNu :  13692628
    nevents in  ZTo2L   HT600To800 :  8292957
    nevents in  ZTo2L   HT1200To2500 :  596079
    nevents in  ZTo2L   HT100To200 :  11017086
    nevents in  ZTo2L   HT2500ToInf :  399492
    nevents in  ZTo2L   HT800To1200 :  2673066
    nevents in  ZTo2L   HT200To400 :  9609137
    nevents in  ZTo2L   HT400To600 :  9725661
    nevents in  singleTop   ST_s-channel :  1000000Info in <TCanvas::MakeDefCanvas>:  created default TCanvas with name c1
TFile::Append:0: RuntimeWarning: Replacing existing TH1: hist (Potential memory leak).
TFile::Append:0: RuntimeWarning: Replacing existing TH1: hist (Potential memory leak).
TFile::Append:0: RuntimeWarning: Replacing existing TH1: hist (Potential memory leak).
TFile::Append:0: RuntimeWarning: Replacing existing TH1: hist (Potential memory leak).
TFile::Append:0: RuntimeWarning: Replacing existing TH1: hist (Potential memory leak).
TFile::Append:0: RuntimeWarning: Replacing existing TH1: hist (Potential memory leak).
TFile::Append:0: RuntimeWarning: Replacing existing TH1: hist (Potential memory leak).
TFile::Append:0: RuntimeWarning: Replacing existing TH1: hist (Potential memory leak).
TFile::Append:0: RuntimeWarning: Replacing existing TH1: hist (Potential memory leak).
TFile::Append:0: RuntimeWarning: Replacing existing TH1: hist (Potential memory leak).
TFile::Append:0: RuntimeWarning: Replacing existing TH1: hist (Potential memory leak).
TFile::Append:0: RuntimeWarning: Replacing existing TH1: hist (Potential memory leak).
TFile::Append:0: RuntimeWarning: Replacing existing TH1: hist (Potential memory leak).
TFile::Append:0: RuntimeWarning: Replacing existing TH1: hist (Potential memory leak).
TFile::Append:0: RuntimeWarning: Replacing existing TH1: hist (Potential memory leak).
TFile::Append:0: RuntimeWarning: Replacing existing TH1: hist (Potential memory leak).
TFile::Append:0: RuntimeWarning: Replacing existing TH1: hist (Potential memory leak).
TFile::Append:0: RuntimeWarning: Replacing existing TH1: hist (Potential memory leak).
TFile::Append:0: RuntimeWarning: Replacing existing TH1: hist (Potential memory leak).
TFile::Append:0: RuntimeWarning: Replacing existing TH1: hist (Potential memory leak).
TFile::Append:0: RuntimeWarning: Replacing existing TH1: hist (Potential memory leak).
TFile::Append:0: RuntimeWarning: Replacing existing TH1: hist (Potential memory leak).
TFile::Append:0: RuntimeWarning: Replacing existing TH1: hist (Potential memory leak).

    nevents in  singleTop   ST_t-channel_antitop :  38811017
    nevents in  singleTop   ST_tW_top :  6952830
    nevents in  singleTop   ST_t-channel_top :  58403420
    nevents in  singleTop   ST_tW_antitop :  6933094
    nevents in  WPlusJets   HT200To400 :  38984322
    nevents in  WPlusJets   HT70To100 :  10020533
    nevents in  WPlusJets   HT600To800 :  18687480
    nevents in  WPlusJets   HT1200To2500 :  6872441
    nevents in  WPlusJets   HT100To200 :  78043017
    nevents in  WPlusJets   HT400To600 :  7687800
    nevents in  WPlusJets   HT2500ToInf :  3285704
    nevents in  WPlusJets   HT800To1200 :  7830536
Got MC sample root files and event trees
Filling histograms...
  Process =  ZTo2Nu
      Dataset =  HT600To800  ||   nEvents =  5693589
Applied ZTo2Nu qcd/ewk Weights correctly
          hist nEntries =  7.0
          hist integral =  0.140245877206
      Dataset =  HT1200To2500  ||   nEvents =  513471
Applied ZTo2Nu qcd/ewk Weights correctly
          hist nEntries =  4.0
          hist integral =  0.095660906285
      Dataset =  HT100To200  ||   nEvents =  24272858
Applied ZTo2Nu qcd/ewk Weights correctly
          hist nEntries =  0.0
          hist integral =  0.0
      Dataset =  HT2500ToInf  ||   nEvents =  405030
Applied ZTo2Nu qcd/ewk Weights correctly
          hist nEntries =  2.0
          hist integral =  0.00161988212494
      Dataset =  HT800To1200  ||   nEvents =  2170137
Applied ZTo2Nu qcd/ewk Weights correctly
          hist nEntries =  6.0
          hist integral =  0.141173308715
      Dataset =  HT200To400  ||   nEvents =  24761211
Applied ZTo2Nu qcd/ewk Weights correctly
          hist nEntries =  1.0
          hist integral =  0.143559008837
      Dataset =  HT400To600  ||   nEvents =  9862869
Applied ZTo2Nu qcd/ewk Weights correctly
          hist nEntries =  11.0
          hist integral =  0.492593955249
  Process =  WW
      Dataset =  WWTo1L1Nu2Q  ||   nEvents =  5246469
          hist nEntries =  17.0
          hist integral =  5.24913918972
      Dataset =  WWTo4Q  ||   nEvents =  30324343
          hist nEntries =  0.0
          hist integral =  0.0
      Dataset =  WWTo2L2Nu  ||   nEvents =  1999000
          hist nEntries =  31.0
          hist integral =  6.82071143389
  Process =  ttbarPlusJets
      Dataset =  TTToSemiLepton  ||   nEvents =  152669800
          hist nEntries =  126.0
          hist integral =  9.28085676581
      Dataset =  TTTo2L2Nu  ||   nEvents =  79140880
          hist nEntries =  6937.0
          hist integral =  255.07214272
  Process =  ttbar scalar
      Dataset =  ttDM_MChi1_MPhi100_scalar  ||   nEvents =  2625075
          hist nEntries =  3565.0
          hist integral =  33.8842514157
  Process =  ZZ
      Dataset =  ZZTo2Q2Nu  ||   nEvents =  52855410
          hist nEntries =  2119.0
          hist integral =  5.62198991328
      Dataset =  ZZTo4L  ||   nEvents =  103121112
          hist nEntries =  24.0
          hist integral =  0.00873839521023
      Dataset =  ZZTo2L2Q  ||   nEvents =  15462693
          hist nEntries =  3.0
          hist integral =  0.0214572646655
      Dataset =  ZZTo2L2Nu  ||   nEvents =  52855410
          hist nEntries =  2119.0
          hist integral =  0.784852193668
      Dataset =  ZZTo4Q  ||   nEvents =  30636849
          hist nEntries =  0.0
          hist integral =  0.0
  Process =  QCD
      Dataset =  HT700To1000  ||   nEvents =  37233786
          hist nEntries =  0.0
          hist integral =  0.0
      Dataset =  HT500To700  ||   nEvents =  62622029
          hist nEntries =  0.0
          hist integral =  0.0
      Dataset =  HT2000ToInf  ||   nEvents =  5804179
          hist nEntries =  0.0
          hist integral =  0.0
      Dataset =  HT1000To1500  ||   nEvents =  15210939
          hist nEntries =  0.0
          hist integral =  0.0
      Dataset =  HT1500To2000  ||   nEvents =  11839357
          hist nEntries =  0.0
          hist integral =  0.0
      Dataset =  HT100To200  ||   nEvents =  82293477
          hist nEntries =  0.0
          hist integral =  0.0
      Dataset =  HT300To500 TFile::Append:0: RuntimeWarning: Replacing existing TH1: hist (Potential memory leak).
TFile::Append:0: RuntimeWarning: Replacing existing TH1: hist (Potential memory leak).
TFile::Append:0: RuntimeWarning: Replacing existing TH1: hist (Potential memory leak).
TFile::Append:0: RuntimeWarning: Replacing existing TH1: hist (Potential memory leak).
TFile::Append:0: RuntimeWarning: Replacing existing TH1: hist (Potential memory leak).
TFile::Append:0: RuntimeWarning: Replacing existing TH1: hist (Potential memory leak).
TFile::Append:0: RuntimeWarning: Replacing existing TH1: hist (Potential memory leak).
TFile::Append:0: RuntimeWarning: Replacing existing TH1: hist (Potential memory leak).
TFile::Append:0: RuntimeWarning: Replacing existing TH1: hist (Potential memory leak).
TFile::Append:0: RuntimeWarning: Replacing existing TH1: hist (Potential memory leak).
TFile::Append:0: RuntimeWarning: Replacing existing TH1: hist (Potential memory leak).
TFile::Append:0: RuntimeWarning: Replacing existing TH1: hist (Potential memory leak).
TFile::Append:0: RuntimeWarning: Replacing existing TH1: hist (Potential memory leak).
TFile::Append:0: RuntimeWarning: Replacing existing TH1: hist (Potential memory leak).
TFile::Append:0: RuntimeWarning: Replacing existing TH1: hist (Potential memory leak).
TFile::Append:0: RuntimeWarning: Replacing existing TH1: hist (Potential memory leak).
TFile::Append:0: RuntimeWarning: Replacing existing TH1: hist (Potential memory leak).
TFile::Append:0: RuntimeWarning: Replacing existing TH1: hist (Potential memory leak).
TFile::Append:0: RuntimeWarning: Replacing existing TH1: hist (Potential memory leak).
TFile::Append:0: RuntimeWarning: Replacing existing TH1: hist (Potential memory leak).
TFile::Append:0: RuntimeWarning: Replacing existing TH1: hist (Potential memory leak).
TFile::Append:0: RuntimeWarning: Replacing existing TH1: hist (Potential memory leak).
TFile::Append:0: RuntimeWarning: Replacing existing TH1: hist (Potential memory leak).
TFile::Append:0: RuntimeWarning: Replacing existing TH1: hist (Potential memory leak).
TFile::Append:0: RuntimeWarning: Replacing existing TH1: hist (Potential memory leak).
TFile::Append:0: RuntimeWarning: Replacing existing TH1: hist (Potential memory leak).
TFile::Append:0: RuntimeWarning: Replacing existing TH1: hist (Potential memory leak).
TFile::Append:0: RuntimeWarning: Replacing existing TH1: hist (Potential memory leak).
 ||   nEvents =  54552852
          hist nEntries =  0.0
          hist integral =  0.0
      Dataset =  HT200To300  ||   nEvents =  57580393
          hist nEntries =  0.0
          hist integral =  0.0
  Process =  WZ
      Dataset =  WZTo2Q2Nu  ||   nEvents =  17725159
          hist nEntries =  2.0
          hist integral =  0.0276591060683
      Dataset =  WZTo2L2Q  ||   nEvents =  26445785
          hist nEntries =  8.0
          hist integral =  0.042225681711
      Dataset =  WZTo3LNu  ||   nEvents =  19993200
          hist nEntries =  88.0
          hist integral =  0.690060134046
      Dataset =  WZTo1L3Nu  ||   nEvents =  1703772
          hist nEntries =  257.0
          hist integral =  16.1801534519
      Dataset =  WZTo1L1Nu2Q  ||   nEvents =  24311445
          hist nEntries =  190.0
          hist integral =  2.881935101
  Process =  ttbar pseudoscalar
      Dataset =  ttDM_MChi1_MPhi100_pseudo  ||   nEvents =  3284035
          hist nEntries =  14046.0
          hist integral =  28.7801384926
  Process =  TTV
      Dataset =  TTZToQQ  ||   nEvents =  749400
          hist nEntries =  24.0
          hist integral =  0.605824177619
      Dataset =  TTWJetsToLNu  ||   nEvents =  5280565
          hist nEntries =  2913.0
          hist integral =  3.8875339441
      Dataset =  TTWJetsToQQ  ||   nEvents =  833298
          hist nEntries =  35.0
          hist integral =  0.539634596556
      Dataset =  TTZToLLNuNu  ||   nEvents =  13692628
          hist nEntries =  23246.0
          hist integral =  14.8144752234
  Process =  ZTo2L
      Dataset =  HT600To800  ||   nEvents =  8292957
Applied ZTo2L qcd/ewk Weights correctly
          hist nEntries =  17.0
          hist integral =  0.113034062553
      Dataset =  HT1200To2500  ||   nEvents =  596079
Applied ZTo2L qcd/ewk Weights correctly
          hist nEntries =  7.0
          hist integral =  0.0660515204072
      Dataset =  HT100To200  ||   nEvents =  11017086
Applied ZTo2L qcd/ewk Weights correctly
          hist nEntries =  1.0
          hist integral =  0.517520010471
      Dataset =  HT2500ToInf  ||   nEvents =  399492
Applied ZTo2L qcd/ewk Weights correctly
          hist nEntries =  15.0
          hist integral =  0.00719165321789
      Dataset =  HT800To1200  ||   nEvents =  2673066
Applied ZTo2L qcd/ewk Weights correctly
          hist nEntries =  9.0
          hist integral =  0.0687268469483
      Dataset =  HT200To400  ||   nEvents =  9609137
Applied ZTo2L qcd/ewk Weights correctly
          hist nEntries =  0.0
          hist integral =  0.0
      Dataset =  HT400To600  ||   nEvents =  9725661
Applied ZTo2L qcd/ewk Weights correctly
          hist nEntries =  7.0
          hist integral =  0.153827045113
  Process =  singleTop
      Dataset =  ST_s-channel  ||   nEvents =  1000000
          hist nEntries =  2.0
          hist integral =  0.249898545444
      Dataset =  ST_t-channel_antitop  ||   nEvents =  38811017
          hist nEntries =  2.0
          hist integral =  0.158143796027
      Dataset =  ST_tW_top  ||   nEvents =  6952830
          hist nEntries =  164.0
          hist integral =  28.5110740364
      Dataset =  ST_t-channel_top  ||   nEvents =  58403420
          hist nEntries =  4.0
          hist integral =  0.281368166208
      Dataset =  ST_tW_antitop  ||   nEvents =  6933094
          hist nEntries =  148.0
          hist integral =  26.2635091245
  Process =  WPlusJets
      Dataset =  HT200To400  ||   nEvents =  38984322
Applied WPlusJets qcd/ewk Weights correctly
          hist nEntries =  94.0
          hist integral =  36.1541932821
      Dataset =  HT70To100  ||   nEvents =  10020533
Applied WPlusJets qcd/ewk Weights correctly
          hist nEntries =  0.0
          hist integral =  0.0
      Dataset =  HT600To800  ||   nEvents =  18687480
Applied WPlusJets qcd/ewk Weights correctly
          hist nEntries =  450.0
          hist integral =  10.1694723368
      Dataset =  HT1200To2500  ||   nEvents =  6872441
Applied WPlusJets qcd/ewk Weights correctly
          hist nEntries =  711.0
          hist integral =  18TFile::Append:0: RuntimeWarning: Replacing existing TH1: hist (Potential memory leak).
TFile::Append:0: RuntimeWarning: Replacing existing TH1: hist (Potential memory leak).
TFile::Append:0: RuntimeWarning: Replacing existing TH1: hist (Potential memory leak).
TFile::Append:0: RuntimeWarning: Replacing existing TH1: hist (Potential memory leak).
Info in <TCanvas::Print>: png file plots/SR_2016/METcorrected_pt/03_24_2021/SL1l0fSR2016_METcorrected_pt_03_24_2021.png has been created
.9100671113
      Dataset =  HT100To200  ||   nEvents =  78043017
Applied WPlusJets qcd/ewk Weights correctly
          hist nEntries =  15.0
          hist integral =  12.3172062039
      Dataset =  HT400To600  ||   nEvents =  7687800
Applied WPlusJets qcd/ewk Weights correctly
          hist nEntries =  92.0
          hist integral =  22.3879021108
      Dataset =  HT2500ToInf  ||   nEvents =  3285704
Applied WPlusJets qcd/ewk Weights correctly
          hist nEntries =  457.0
          hist integral =  0.168903648853
      Dataset =  HT800To1200  ||   nEvents =  7830536
Applied WPlusJets qcd/ewk Weights correctly
          hist nEntries =  362.0
          hist integral =  2.01011796854
-----------------------------
Total data background nEvents =  0.0
Total data background integral =  0.0
-----------------------------
Total MC background nEvents =  40727.0
Total MC background integral =  482.052458286
-----------------------------
Total tt+DM signal nEvents =  178.25
Total tt+DM signal integral =  33.884250927
-----------------------------
-----------------------------
FOM for tt+DM signal =  1.54330135766
-----------------------------
Finished filling histograms
Creating stacked MC background histogram...
Finished stacking MC background histograms.
Drawing histograms...
Finished drawing histograms
Plotting end time: 2021-03-24 22:08:18.189410
