Plotting start time: 2021-08-19 04:05:30.030484
Cut name =  SL2lTR
MC Selection Cuts =  (njets >= 2 && nbjets >= 1 && nTightElectrons  == 2 && nVetoElectrons == 2 && nLooseMuons == 0 && METcorrected_pt >= 250 && M_T2ll <= 80 && Flag_goodVertices && Flag_globalSuperTightHalo2016Filter && Flag_HBHENoiseFilter && Flag_HBHENoiseIsoFilter && Flag_EcalDeadCellTriggerPrimitiveFilter && Flag_BadPFMuonFilter && Flag_ecalBadCalibFilterV2 && ((HLT_Ele32_WPTight_Gsf) || (HLT_Ele115_CaloIdVT_GsfTrkIdT || HLT_Photon200))) || (njets >= 2 && nbjets >= 1 && nVetoElectrons  == 0 && nTightMuons == 2 && nLooseMuons == 2 && METcorrected_pt >= 250 && M_T2ll <= 80 && Flag_goodVertices && Flag_globalSuperTightHalo2016Filter && Flag_HBHENoiseFilter && Flag_HBHENoiseIsoFilter && Flag_EcalDeadCellTriggerPrimitiveFilter && Flag_BadPFMuonFilter && Flag_ecalBadCalibFilterV2 && (HLT_IsoMu24)) || (njets >= 2 && nbjets >= 1 && nTightElectrons  == 1 && nVetoElectrons == 1 && nTightMuons == 1 && nLooseMuons == 1 && METcorrected_pt >= 250 && M_T2ll <= 80 && tightElectron1_charge != tightMuon1_charge && Flag_goodVertices && Flag_globalSuperTightHalo2016Filter && Flag_HBHENoiseFilter && Flag_HBHENoiseIsoFilter && Flag_EcalDeadCellTriggerPrimitiveFilter && Flag_BadPFMuonFilter && Flag_ecalBadCalibFilterV2 && (HLT_IsoMu24))
Data Selection Cuts =  (njets >= 2 && nbjets >= 1 && nTightElectrons  == 2 && nVetoElectrons == 2 && nLooseMuons == 0 && METcorrected_pt >= 250 && M_T2ll <= 80 && Flag_goodVertices && Flag_globalSuperTightHalo2016Filter && Flag_HBHENoiseFilter && Flag_HBHENoiseIsoFilter && Flag_EcalDeadCellTriggerPrimitiveFilter && Flag_BadPFMuonFilter && Flag_ecalBadCalibFilterV2 && ((HLT_Ele32_WPTight_Gsf) || (HLT_Ele115_CaloIdVT_GsfTrkIdT || HLT_Photon200))) || (njets >= 2 && nbjets >= 1 && nVetoElectrons  == 0 && nTightMuons == 2 && nLooseMuons == 2 && METcorrected_pt >= 250 && M_T2ll <= 80 && Flag_goodVertices && Flag_globalSuperTightHalo2016Filter && Flag_HBHENoiseFilter && Flag_HBHENoiseIsoFilter && Flag_EcalDeadCellTriggerPrimitiveFilter && Flag_BadPFMuonFilter && Flag_ecalBadCalibFilterV2 && (HLT_IsoMu24)) || (njets >= 2 && nbjets >= 1 && nTightElectrons  == 1 && nVetoElectrons == 1 && nTightMuons == 1 && nLooseMuons == 1 && METcorrected_pt >= 250 && M_T2ll <= 80 && tightElectron1_charge != tightMuon1_charge && Flag_goodVertices && Flag_globalSuperTightHalo2016Filter && Flag_HBHENoiseFilter && Flag_HBHENoiseIsoFilter && Flag_EcalDeadCellTriggerPrimitiveFilter && Flag_BadPFMuonFilter && Flag_ecalBadCalibFilterV2 && (HLT_IsoMu24)) && Flag_eeBadScFilter
var =  Jet_pt[index_centralJets[1]]
year =  2018
lumi =  59.83
saveDirectory =  plots/CR_2018/Jet_pt/
date =  08_18_2021
Creating histograms..
Finished making systematic histogram dictionary
Drawing data and ratio plot...
Selected both SingleMuon and SingleElectron dataset
Loading data sample root files and event trees...
    nevents in filepath = /hdfs/store/user/vshang/SingleElectron_Run2018A/EGamma/ModuleCommonSkim_06172021/tree_all.root: 143361
    nevents in filepath = /hdfs/store/user/vshang/SingleElectron_Run2018B/EGamma/ModuleCommonSkim_06172021/tree_all.root: 75698
    nevents in filepath = /hdfs/store/user/vshang/SingleElectron_Run2018C/EGamma/ModuleCommonSkim_06172021/tree_all.root: 129594
    nevents in filepath = /hdfs/store/user/vshang/SingleElectron_Run2018D/EGamma/ModuleCommonSkim_06172021/tree_all.root: 660806
    total nevents in  SingleElectron :  1009459
    nevents in filepath = /hdfs/store/user/vshang/SingleMuon_Run2018A/SingleMuon/ModuleCommonSkim_06172021/tree_all.root: 218787
    nevents in filepath = /hdfs/store/user/vshang/SingleMuon_Run2018B/SingleMuon/ModuleCommonSkim_06172021/tree_all.root: 124283
    nevents in filepath = /hdfs/store/user/vshang/SingleMuon_Run2018C/SingleMuon/ModuleCommonSkim_06172021/tree_all.root: 141514
    nevents in filepath = /hdfs/store/user/vshang/SingleMuon_Run2018D/SingleMuon/ModuleCommonSkim_06172021/tree_all.root: 663427
    total nevents in  SingleMuon :  1148011
Got data sample root files and event trees
Loading MC sample root files and evenInfo in <TCanvas::MakeDefCanvas>:  created default TCanvas with name c1
TFile::Append:0: RuntimeWarning: Replacing existing TH1: hist (Potential memory leak).
TFile::Append:0: RuntimeWarning: Replacing existing TH1: hist (Potential memory leak).
t trees...
    nevents in  ZTo2Nu   HT600To800 :  5748975
    nevents in  ZTo2Nu   HT1200To2500 :  343198
    nevents in  ZTo2Nu   HT100To200 :  23702894
    nevents in  ZTo2Nu   HT2500ToInf :  359639
    nevents in  ZTo2Nu   HT800To1200 :  2066798
    nevents in  ZTo2Nu   HT200To400 :  23276346
    nevents in  ZTo2Nu   HT400To600 :  9511100
    nevents in  WW   WWTo1L1Nu2Q :  4683136
    nevents in  WW   WWTo4Q :  3790800
    nevents in  WW   WWTo2L2Nu :  7758900
    nevents in  ttbarPlusJets   TTToSemiLepton :  300619998
    nevents in  ttbarPlusJets   TTTo2L2Nu :  64310000
    nevents in  ttbar scalar   ttDM_MChi1_MPhi100_scalar :  1842523
    nevents in  ZZ   ZZTo2Q2Nu :  57633049
    nevents in  ZZ   ZZTo4L :  124649500
    nevents in  ZZ   ZZTo2L2Q :  27900469
    nevents in  ZZ   ZZTo2L2Nu :  56428600
    nevents in  QCD   HT700To1000 :  48158738
    nevents in  QCD   HT500To700 :  55152960
    nevents in  QCD   HT2000ToInf :  5475677
    nevents in  QCD   HT1000To1500 :  15466225
    nevents in  QCD   HT1500To2000 :  10955087
    nevents in  QCD   HT100To200 :  93972378
    nevents in  QCD   HT300To500 :  54661579
    nevents in  QCD   HT200To300 :  54289442
    nevents in  WZ   WZTo2Q2Nu :  30887331
    nevents in  WZ   WZTo2L2Q :  28193648
    nevents in  WZ   WZTo3LNu :  11248318
    nevents in  WZ   WZTo1L3Nu :  1690064
    nevents in  WZ   WZTo1L1Nu2Q :  18273533
    nevents in  ttbar pseudoscalar   ttDM_MChi1_MPhi100_pseudo :  1607992
    nevents in  TTV   TTZToQQ :  9572000
    nevents in  TTV   TTWJetsToLNu :  4911941
    nevents in  TTV   TTWJetsToQQ :  835296
    nevents in  TTV   TTZToLLNuNu :  13280000
    nevents in  ZTo2L   HT600To800 :  8862104
    nevents in  ZTo2L   HT1200To2500 :  536416
    nevents in  ZTo2L   HT100To200 :  11530510
    nevents in  ZTo2L   HT2500ToInf :  427051
    nevents in  ZTo2L   HT800To1200 :  3138129
    nevents in  ZTo2L   HT200To400 :  10860690
    nevents in  ZTo2L   HT400To600 :  46161988
    nevents in  singleTop   ST_s-channel :  19890000
    nevents in  singleTop   ST_t-channel_antitop :  79090800
    nevents in  singleTop   ST_tW_top :  9598000
    nevents in  singleTop   ST_t-channel_top :  154307600
    nevents in  singleTop   ST_tW_antitop :  7527000
    nevents in  WPlusJets   HT200To400 :  25468933
    nevents in  WPlusJets   HT70To100 :  28084244
    nevents in  WPlusJets   HT600To800 :  19771294
    nevents in  WPlusJets   HT1200To2500 :  7633949
    nevents in  WPlusJets   HT100To200 :  29425374
    nevents in  WPlusJets   HT400To600 :  5932701
    nevents in  WPlusJets   HT2500ToInf :  3273980
    nevents in  WPlusJets   HT800To1200 :  8402687
Got MC sample root files and event trees
Filling histograms...
  Dataset =  SingleElectron  ||   nEvents =  1009459
  Using cut =  njets >= 2 && nbjets >= 1 && nTightElectrons  == 2 && nVetoElectrons == 2 && nLooseMuons == 0 && METcorrected_pt >= 250 && M_T2ll <= 80 && Flag_goodVertices && Flag_globalSuperTightHalo2016Filter && Flag_HBHENoiseFilter && Flag_HBHENoiseIsoFilter && Flag_EcalDeadCellTriggerPrimitiveFilter && Flag_BadPFMuonFilter && Flag_ecalBadCalibFilterV2 && ((HLT_Ele32_WPTight_Gsf) || (HLT_Ele115_CaloIdVT_GsfTrkIdT || HLT_Photon200)) && Flag_eeBadScFilter
    hist nEntries =  90.0
    hist integral =  90.0
    hist_data nEntries =  90.0
    hist_data integral =  90.0
  Using cut =  njets >= 2 && nbjets >= 1 && nTightElectrons  == 2 && nVetoElectrons == 2 && nLooseMuons == 0 && METcorrected_pt >= 250 && M_T2ll <= 80 && Flag_goodVertices && Flag_globalSuperTightHalo2016Filter && Flag_HBHENoiseFilter && Flag_HBHENoiseIsoFilter && Flag_EcalDeadCellTriggerPrimitiveFilter && Flag_BadPFMuonFilter && Flag_ecalBadCalibFilterV2 && ((HLT_Ele32_WPTight_Gsf) || (HLT_Ele115_CaloIdVT_GsfTrkIdT || HLT_Photon200)) && Flag_eeBadScFilter
    hist nEntries =  49.0
    hist integral =  49.0
    hist_data nEntries =  139.0
    hist_data integral =  139.0
  Using cut =  njets >= 2 && nbjets >= 1 && nTightElectrons  == 2 && nVetoElectrons == 2 && nLooseMuons == 0 && METcorrected_pt >= 250 && M_T2ll <= 80 && Flag_goodVerticeTFile::Append:0: RuntimeWarning: Replacing existing TH1: hist (Potential memory leak).
TFile::Append:0: RuntimeWarning: Replacing existing TH1: hist (Potential memory leak).
TFile::Append:0: RuntimeWarning: Replacing existing TH1: hist (Potential memory leak).
TFile::Append:0: RuntimeWarning: Replacing existing TH1: hist (Potential memory leak).
TFile::Append:0: RuntimeWarning: Replacing existing TH1: hist (Potential memory leak).
s && Flag_globalSuperTightHalo2016Filter && Flag_HBHENoiseFilter && Flag_HBHENoiseIsoFilter && Flag_EcalDeadCellTriggerPrimitiveFilter && Flag_BadPFMuonFilter && Flag_ecalBadCalibFilterV2 && ((HLT_Ele32_WPTight_Gsf) || (HLT_Ele115_CaloIdVT_GsfTrkIdT || HLT_Photon200)) && Flag_eeBadScFilter
    hist nEntries =  47.0
    hist integral =  47.0
    hist_data nEntries =  186.0
    hist_data integral =  186.0
  Using cut =  njets >= 2 && nbjets >= 1 && nTightElectrons  == 2 && nVetoElectrons == 2 && nLooseMuons == 0 && METcorrected_pt >= 250 && M_T2ll <= 80 && Flag_goodVertices && Flag_globalSuperTightHalo2016Filter && Flag_HBHENoiseFilter && Flag_HBHENoiseIsoFilter && Flag_EcalDeadCellTriggerPrimitiveFilter && Flag_BadPFMuonFilter && Flag_ecalBadCalibFilterV2 && ((HLT_Ele32_WPTight_Gsf) || (HLT_Ele115_CaloIdVT_GsfTrkIdT || HLT_Photon200)) && Flag_eeBadScFilter
    hist nEntries =  210.0
    hist integral =  210.0
    hist_data nEntries =  396.0
    hist_data integral =  396.0
  Dataset =  SingleMuon  ||   nEvents =  1148011
  Using cut =  ((njets >= 2 && nbjets >= 1 && nVetoElectrons  == 0 && nTightMuons == 2 && nLooseMuons == 2 && METcorrected_pt >= 250 && M_T2ll <= 80 && Flag_goodVertices && Flag_globalSuperTightHalo2016Filter && Flag_HBHENoiseFilter && Flag_HBHENoiseIsoFilter && Flag_EcalDeadCellTriggerPrimitiveFilter && Flag_BadPFMuonFilter && Flag_ecalBadCalibFilterV2 && (HLT_IsoMu24)) || (njets >= 2 && nbjets >= 1 && nTightElectrons  == 1 && nVetoElectrons == 1 && nTightMuons == 1 && nLooseMuons == 1 && METcorrected_pt >= 250 && M_T2ll <= 80 && tightElectron1_charge != tightMuon1_charge && Flag_goodVertices && Flag_globalSuperTightHalo2016Filter && Flag_HBHENoiseFilter && Flag_HBHENoiseIsoFilter && Flag_EcalDeadCellTriggerPrimitiveFilter && Flag_BadPFMuonFilter && Flag_ecalBadCalibFilterV2 && (HLT_IsoMu24))) && Flag_eeBadScFilter
    hist nEntries =  464.0
    hist integral =  464.0
    hist_data nEntries =  860.0
    hist_data integral =  860.0
  Using cut =  ((njets >= 2 && nbjets >= 1 && nVetoElectrons  == 0 && nTightMuons == 2 && nLooseMuons == 2 && METcorrected_pt >= 250 && M_T2ll <= 80 && Flag_goodVertices && Flag_globalSuperTightHalo2016Filter && Flag_HBHENoiseFilter && Flag_HBHENoiseIsoFilter && Flag_EcalDeadCellTriggerPrimitiveFilter && Flag_BadPFMuonFilter && Flag_ecalBadCalibFilterV2 && (HLT_IsoMu24)) || (njets >= 2 && nbjets >= 1 && nTightElectrons  == 1 && nVetoElectrons == 1 && nTightMuons == 1 && nLooseMuons == 1 && METcorrected_pt >= 250 && M_T2ll <= 80 && tightElectron1_charge != tightMuon1_charge && Flag_goodVertices && Flag_globalSuperTightHalo2016Filter && Flag_HBHENoiseFilter && Flag_HBHENoiseIsoFilter && Flag_EcalDeadCellTriggerPrimitiveFilter && Flag_BadPFMuonFilter && Flag_ecalBadCalibFilterV2 && (HLT_IsoMu24))) && Flag_eeBadScFilter
    hist nEntries =  231.0
    hist integral =  231.0
    hist_data nEntries =  1091.0
    hist_data integral =  1091.0
  Using cut =  ((njets >= 2 && nbjets >= 1 && nVetoElectrons  == 0 && nTightMuons == 2 && nLooseMuons == 2 && METcorrected_pt >= 250 && M_T2ll <= 80 && Flag_goodVertices && Flag_globalSuperTightHalo2016Filter && Flag_HBHENoiseFilter && Flag_HBHENoiseIsoFilter && Flag_EcalDeadCellTriggerPrimitiveFilter && Flag_BadPFMuonFilter && Flag_ecalBadCalibFilterV2 && (HLT_IsoMu24)) || (njets >= 2 && nbjets >= 1 && nTightElectrons  == 1 && nVetoElectrons == 1 && nTightMuons == 1 && nLooseMuons == 1 && METcorrected_pt >= 250 && M_T2ll <= 80 && tightElectron1_charge != tightMuon1_charge && Flag_goodVertices && Flag_globalSuperTightHalo2016Filter && Flag_HBHENoiseFilter && Flag_HBHENoiseIsoFilter && Flag_EcalDeadCellTriggerPrimitiveFilter && Flag_BadPFMuonFilter && Flag_ecalBadCalibFilterV2 && (HLT_IsoMu24))) && Flag_eeBadScFilter
    hist nEntries =  207.0
    hist integral =  207.0
    hist_data nEntries =  1298.0
    hist_data integral =  1298.0
  Using cut =  ((njets >= 2 && nbjets >= 1 && nVetoElectrons  == 0 && nTightMuons == 2 && nLooseMuons == 2 && METcorrected_pt >= 250 && M_T2ll <= 80 && Flag_goodVertices && Flag_globalSuperTightHalo2016Filter && Flag_HBTFile::Append:0: RuntimeWarning: Replacing existing TH1: hist (Potential memory leak).
TFile::Append:0: RuntimeWarning: Replacing existing TH1: hist (Potential memory leak).
TFile::Append:0: RuntimeWarning: Replacing existing TH1: hist (Potential memory leak).
TFile::Append:0: RuntimeWarning: Replacing existing TH1: hist (Potential memory leak).
TFile::Append:0: RuntimeWarning: Replacing existing TH1: hist (Potential memory leak).
TFile::Append:0: RuntimeWarning: Replacing existing TH1: hist (Potential memory leak).
TFile::Append:0: RuntimeWarning: Replacing existing TH1: hist (Potential memory leak).
TFile::Append:0: RuntimeWarning: Replacing existing TH1: hist (Potential memory leak).
TFile::Append:0: RuntimeWarning: Replacing existing TH1: hist (Potential memory leak).
TFile::Append:0: RuntimeWarning: Replacing existing TH1: hist (Potential memory leak).
TFile::Append:0: RuntimeWarning: Replacing existing TH1: hist (Potential memory leak).
TFile::Append:0: RuntimeWarning: Replacing existing TH1: hist (Potential memory leak).
TFile::Append:0: RuntimeWarning: Replacing existing TH1: hist (Potential memory leak).
TFile::Append:0: RuntimeWarning: Replacing existing TH1: hist (Potential memory leak).
TFile::Append:0: RuntimeWarning: Replacing existing TH1: hist (Potential memory leak).
TFile::Append:0: RuntimeWarning: Replacing existing TH1: hist (Potential memory leak).
TFile::Append:0: RuntimeWarning: Replacing existing TH1: hist (Potential memory leak).
TFile::Append:0: RuntimeWarning: Replacing existing TH1: hist (Potential memory leak).
TFile::Append:0: RuntimeWarning: Replacing existing TH1: hist (Potential memory leak).
TFile::Append:0: RuntimeWarning: Replacing existing TH1: hist (Potential memory leak).
TFile::Append:0: RuntimeWarning: Replacing existing TH1: hist (Potential memory leak).
TFile::Append:0: RuntimeWarning: Replacing existing TH1: hist (Potential memory leak).
TFile::Append:0: RuntimeWarning: Replacing existing TH1: hist (Potential memory leak).
TFile::Append:0: RuntimeWarning: Replacing existing TH1: hist (Potential memory leak).
TFile::Append:0: RuntimeWarning: Replacing existing TH1: hist (Potential memory leak).
HENoiseFilter && Flag_HBHENoiseIsoFilter && Flag_EcalDeadCellTriggerPrimitiveFilter && Flag_BadPFMuonFilter && Flag_ecalBadCalibFilterV2 && (HLT_IsoMu24)) || (njets >= 2 && nbjets >= 1 && nTightElectrons  == 1 && nVetoElectrons == 1 && nTightMuons == 1 && nLooseMuons == 1 && METcorrected_pt >= 250 && M_T2ll <= 80 && tightElectron1_charge != tightMuon1_charge && Flag_goodVertices && Flag_globalSuperTightHalo2016Filter && Flag_HBHENoiseFilter && Flag_HBHENoiseIsoFilter && Flag_EcalDeadCellTriggerPrimitiveFilter && Flag_BadPFMuonFilter && Flag_ecalBadCalibFilterV2 && (HLT_IsoMu24))) && Flag_eeBadScFilter
    hist nEntries =  1002.0
    hist integral =  1002.0
    hist_data nEntries =  2300.0
    hist_data integral =  2300.0
  Process =  ZTo2Nu
      Dataset =  HT600To800  ||   nEvents =  5748975
Applied ZTo2Nu qcd/ewk Weights correctly
          hist nEntries =  0.0
          hist integral =  0.0
      Dataset =  HT1200To2500  ||   nEvents =  343198
Applied ZTo2Nu qcd/ewk Weights correctly
          hist nEntries =  0.0
          hist integral =  0.0
      Dataset =  HT100To200  ||   nEvents =  23702894
Applied ZTo2Nu qcd/ewk Weights correctly
          hist nEntries =  0.0
          hist integral =  0.0
      Dataset =  HT2500ToInf  ||   nEvents =  359639
Applied ZTo2Nu qcd/ewk Weights correctly
          hist nEntries =  0.0
          hist integral =  0.0
      Dataset =  HT800To1200  ||   nEvents =  2066798
Applied ZTo2Nu qcd/ewk Weights correctly
          hist nEntries =  0.0
          hist integral =  0.0
      Dataset =  HT200To400  ||   nEvents =  23276346
Applied ZTo2Nu qcd/ewk Weights correctly
          hist nEntries =  0.0
          hist integral =  0.0
      Dataset =  HT400To600  ||   nEvents =  9511100
Applied ZTo2Nu qcd/ewk Weights correctly
          hist nEntries =  0.0
          hist integral =  0.0
  Process =  WW
      Dataset =  WWTo1L1Nu2Q  ||   nEvents =  4683136
          hist nEntries =  45.0
          hist integral =  48.882455498
      Dataset =  WWTo4Q  ||   nEvents =  3790800
          hist nEntries =  0.0
          hist integral =  0.0
      Dataset =  WWTo2L2Nu  ||   nEvents =  7758900
          hist nEntries =  187.0
          hist integral =  15.7334368229
  Process =  ttbarPlusJets
      Dataset =  TTToSemiLepton  ||   nEvents =  300619998
          hist nEntries =  348.0
          hist integral =  20.950504899
      Dataset =  TTTo2L2Nu  ||   nEvents =  64310000
          hist nEntries =  30810.0
          hist integral =  2202.19837197
  Process =  ttbar scalar
      Dataset =  ttDM_MChi1_MPhi100_scalar  ||   nEvents =  1842523
          hist nEntries =  605.0
          hist integral =  12.3754490316
  Process =  ZZ
      Dataset =  ZZTo2Q2Nu  ||   nEvents =  57633049
          hist nEntries =  0.0
          hist integral =  0.0
      Dataset =  ZZTo4L  ||   nEvents =  124649500
          hist nEntries =  73.0
          hist integral =  0.0521936689038
      Dataset =  ZZTo2L2Q  ||   nEvents =  27900469
          hist nEntries =  88.0
          hist integral =  0.659928821726
      Dataset =  ZZTo2L2Nu  ||   nEvents =  56428600
          hist nEntries =  728.0
          hist integral =  0.413262045317
  Process =  QCD
      Dataset =  HT700To1000  ||   nEvents =  48158738
          hist nEntries =  0.0
          hist integral =  0.0
      Dataset =  HT500To700  ||   nEvents =  55152960
          hist nEntries =  0.0
          hist integral =  0.0
      Dataset =  HT2000ToInf  ||   nEvents =  5475677
          hist nEntries =  0.0
          hist integral =  0.0
      Dataset =  HT1000To1500  ||   nEvents =  15466225
          hist nEntries =  0.0
          hist integral =  0.0
      Dataset =  HT1500To2000  ||   nEvents =  10955087
          hist nEntries =  0.0
          hist integral =  0.0
      Dataset =  HT100To200  ||   nEvents =  93972378
          hist nEntries =  0.0
          hist integral =  0.0
      Dataset =  HT300To500  ||   nEvents =  54661579
          hist nEntries =  0.0
          hist integral =  0.0
      Dataset =  HT200To300  ||   nEvents =  54289442
          hist TFile::Append:0: RuntimeWarning: Replacing existing TH1: hist (Potential memory leak).
TFile::Append:0: RuntimeWarning: Replacing existing TH1: hist (Potential memory leak).
TFile::Append:0: RuntimeWarning: Replacing existing TH1: hist (Potential memory leak).
TFile::Append:0: RuntimeWarning: Replacing existing TH1: hist (Potential memory leak).
TFile::Append:0: RuntimeWarning: Replacing existing TH1: hist (Potential memory leak).
TFile::Append:0: RuntimeWarning: Replacing existing TH1: hist (Potential memory leak).
TFile::Append:0: RuntimeWarning: Replacing existing TH1: hist (Potential memory leak).
TFile::Append:0: RuntimeWarning: Replacing existing TH1: hist (Potential memory leak).
TFile::Append:0: RuntimeWarning: Replacing existing TH1: hist (Potential memory leak).
TFile::Append:0: RuntimeWarning: Replacing existing TH1: hist (Potential memory leak).
TFile::Append:0: RuntimeWarning: Replacing existing TH1: hist (Potential memory leak).
TFile::Append:0: RuntimeWarning: Replacing existing TH1: hist (Potential memory leak).
TFile::Append:0: RuntimeWarning: Replacing existing TH1: hist (Potential memory leak).
TFile::Append:0: RuntimeWarning: Replacing existing TH1: hist (Potential memory leak).
TFile::Append:0: RuntimeWarning: Replacing existing TH1: hist (Potential memory leak).
TFile::Append:0: RuntimeWarning: Replacing existing TH1: hist (Potential memory leak).
TFile::Append:0: RuntimeWarning: Replacing existing TH1: hist (Potential memory leak).
TFile::Append:0: RuntimeWarning: Replacing existing TH1: hist (Potential memory leak).
TFile::Append:0: RuntimeWarning: Replacing existing TH1: hist (Potential memory leak).
TFile::Append:0: RuntimeWarning: Replacing existing TH1: hist (Potential memory leak).
TFile::Append:0: RuntimeWarning: Replacing existing TH1: hist (Potential memory leak).
TFile::Append:0: RuntimeWarning: Replacing existing TH1: hist (Potential memory leak).
TFile::Append:0: RuntimeWarning: Replacing existing TH1: hist (Potential memory leak).
TFile::Append:0: RuntimeWarning: Replacing existing TH1: hist (Potential memory leak).
TFile::Append:0: RuntimeWarning: Replacing existing TH1: hist (Potential memory leak).
TFile::Append:0: RuntimeWarning: Replacing existing TH1: hist (Potential memory leak).
TFile::Append:0: RuntimeWarning: Replacing existing TH1: hist (Potential memory leak).
nEntries =  0.0
          hist integral =  0.0
  Process =  WZ
      Dataset =  WZTo2Q2Nu  ||   nEvents =  30887331
          hist nEntries =  0.0
          hist integral =  0.0
      Dataset =  WZTo2L2Q  ||   nEvents =  28193648
          hist nEntries =  52.0
          hist integral =  0.6871204013
      Dataset =  WZTo3LNu  ||   nEvents =  11248318
          hist nEntries =  144.0
          hist integral =  4.32081703469
      Dataset =  WZTo1L3Nu  ||   nEvents =  1690064
          hist nEntries =  0.0
          hist integral =  0.0
      Dataset =  WZTo1L1Nu2Q  ||   nEvents =  18273533
          hist nEntries =  3.0
          hist integral =  0.0916256657802
  Process =  ttbar pseudoscalar
      Dataset =  ttDM_MChi1_MPhi100_pseudo  ||   nEvents =  1607992
          hist nEntries =  637.0
          hist integral =  4.05498676235
  Process =  TTV
      Dataset =  TTZToQQ  ||   nEvents =  9572000
          hist nEntries =  2314.0
          hist integral =  6.49438158842
      Dataset =  TTWJetsToLNu  ||   nEvents =  4911941
          hist nEntries =  7190.0
          hist integral =  16.9129544278
      Dataset =  TTWJetsToQQ  ||   nEvents =  835296
          hist nEntries =  307.0
          hist integral =  8.41518959403
      Dataset =  TTZToLLNuNu  ||   nEvents =  13280000
          hist nEntries =  7010.0
          hist integral =  6.79801461869
  Process =  ZTo2L
      Dataset =  HT600To800  ||   nEvents =  8862104
Applied ZTo2L qcd/ewk Weights correctly
          hist nEntries =  535.0
          hist integral =  4.97621236043
      Dataset =  HT1200To2500  ||   nEvents =  536416
Applied ZTo2L qcd/ewk Weights correctly
          hist nEntries =  100.0
          hist integral =  2.12146416679
      Dataset =  HT100To200  ||   nEvents =  11530510
Applied ZTo2L qcd/ewk Weights correctly
          hist nEntries =  0.0
          hist integral =  0.0
      Dataset =  HT2500ToInf  ||   nEvents =  427051
Applied ZTo2L qcd/ewk Weights correctly
          hist nEntries =  107.0
          hist integral =  0.0623605496658
      Dataset =  HT800To1200  ||   nEvents =  3138129
Applied ZTo2L qcd/ewk Weights correctly
          hist nEntries =  286.0
          hist integral =  3.52835278399
      Dataset =  HT200To400  ||   nEvents =  10860690
Applied ZTo2L qcd/ewk Weights correctly
          hist nEntries =  1.0
          hist integral =  0.373953729868
      Dataset =  HT400To600  ||   nEvents =  46161988
Applied ZTo2L qcd/ewk Weights correctly
          hist nEntries =  896.0
          hist integral =  7.08402194642
  Process =  singleTop
      Dataset =  ST_s-channel  ||   nEvents =  19890000
          hist nEntries =  5.0
          hist integral =  0.0464742323384
      Dataset =  ST_t-channel_antitop  ||   nEvents =  79090800
          hist nEntries =  3.0
          hist integral =  0.118211369962
      Dataset =  ST_tW_top  ||   nEvents =  9598000
          hist nEntries =  874.0
          hist integral =  167.693350881
      Dataset =  ST_t-channel_top  ||   nEvents =  154307600
          hist nEntries =  19.0
          hist integral =  0.852231293917
      Dataset =  ST_tW_antitop  ||   nEvents =  7527000
          hist nEntries =  658.0
          hist integral =  161.534514099
  Process =  WPlusJets
      Dataset =  HT200To400  ||   nEvents =  25468933
Applied WPlusJets qcd/ewk Weights correctly
          hist nEntries =  0.0
          hist integral =  0.0
      Dataset =  HT70To100  ||   nEvents =  28084244
Applied WPlusJets qcd/ewk Weights correctly
          hist nEntries =  0.0
          hist integral =  0.0
      Dataset =  HT600To800  ||   nEvents =  19771294
Applied WPlusJets qcd/ewk Weights correctly
          hist nEntries =  19.0
          hist integral =  0.592898458242
      Dataset =  HT1200To2500  ||   nEvents =  7633949
Applied WPlusJets qcd/ewk Weights correctly
          hist nEntries =  17.0
          hist integral =  0.123877849896
      Dataset =  HT100To200  ||   nEvents =  29425374
Applied WPlusJets qcd/ewk Weights correctly
          hist nEntries =  0.0
          hist integral =  0.0
      DataseTFile::Append:0: RuntimeWarning: Replacing existing TH1: hist (Potential memory leak).
TFile::Append:0: RuntimeWarning: Replacing existing TH1: hist (Potential memory leak).
TFile::Append:0: RuntimeWarning: Replacing existing TH1: hist (Potential memory leak).
Info in <TCanvas::Print>: png file plots/CR_2018/Jet_pt/08_18_2021/SL2lTR2018_Jet_pt[index_centralJets[1]]_08_18_2021.png has been created
t =  HT400To600  ||   nEvents =  5932701
Applied WPlusJets qcd/ewk Weights correctly
          hist nEntries =  1.0
          hist integral =  0.667326450348
      Dataset =  HT2500ToInf  ||   nEvents =  3273980
Applied WPlusJets qcd/ewk Weights correctly
          hist nEntries =  8.0
          hist integral =  0.00132271110488
      Dataset =  HT800To1200  ||   nEvents =  8402687
Applied WPlusJets qcd/ewk Weights correctly
          hist nEntries =  10.0
          hist integral =  0.405432971194
-----------------------------
Total data background nEvents =  2300.0
Total data background integral =  2300.0
-----------------------------
Total MC background nEvents =  52838.0
Total MC background integral =  2682.7923044
-----------------------------
Total tt+DM signal nEvents =  605.0
Total tt+DM signal integral =  12.3754490316
-----------------------------
-----------------------------
FOM for tt+DM signal =  0.238928215748
-----------------------------
Data bin errors:
    bin 0: 0.0
    bin 1: 30.6920185064
    bin 2: 30.7083050656
    bin 3: 17.4355957742
    bin 4: 8.54400374532
    bin 5: 4.24264068712
    bin 6: 3.31662479036
    bin 7: 1.73205080757
    bin 8: 1.73205080757
    bin 9: 1.41421356237
    bin 10: 1.0
-----------------------------
MC background bin errors:
    bin 0: 0.0
    bin 1: 10.8419521435
    bin 2: 11.2991871999
    bin 3: 7.16199157061
    bin 4: 4.20703827207
    bin 5: 2.36041366215
    bin 6: 1.27476768825
    bin 7: 0.862184419456
    bin 8: 0.416612407693
    bin 9: 0.49347973588
    bin 10: 0.0999976435854
-----------------------------
tt+DM bin errors:
    bin 0: 0.0
    bin 1: 0.325327971601
    bin 2: 0.361444487847
    bin 3: 0.188861156884
    bin 4: 0.09889746415
    bin 5: 0.0422396122881
    bin 6: 0.0
    bin 7: 0.0
    bin 8: 0.0
    bin 9: 0.0
    bin 10: 0.0
-----------------------------
-----------------------------
ttbar pseudoscalar hist info:
    nEvents =  637.0
    integral =  4.05498676235
ZTo2Nu hist info:
    nEvents =  0.0
    integral =  0.0
TTTo2L2Nu hist info:
    nEvents =  30810.0
    integral =  2202.19837197
singleTop hist info:
    nEvents =  1559.0
    integral =  330.244784236
TTV hist info:
    nEvents =  16821.0
    integral =  38.6205401695
bkgSum hist info:
    nEvents =  52838.0
    integral =  2682.7923044
ttbar scalar hist info:
    nEvents =  605.0
    integral =  12.3754490316
VV hist info:
    nEvents =  1320.0
    integral =  70.8408394153
QCD hist info:
    nEvents =  0.0
    integral =  0.0
ZTo2L hist info:
    nEvents =  1925.0
    integral =  18.1463656146
data hist info:
    nEvents =  2300.0
    integral =  2300.0
WPlusJets hist info:
    nEvents =  55.0
    integral =  1.79085842881
TTToSemiLepton hist info:
    nEvents =  348.0
    integral =  20.950504899
Finished filling histograms
Creating stacked MC background histogram...
Finished stacking MC background histograms.
Drawing histograms...
Finished drawing histograms
Drawing ratio plot...
Finished drawing ratio plot
Plotting end time: 2021-08-19 04:12:18.368407
