Plotting start time: 2021-10-20 06:25:03.694947
Cut name =  AH0l1fSR
MC Selection Cuts =  (nVetoElectrons + nLooseMuons) == 0 && njets >= 3 && nbjets == 1 && METcorrected_pt >= 250 && ntaus == 0 && minDeltaPhi > 0.4 && Flag_goodVertices && Flag_globalSuperTightHalo2016Filter && Flag_HBHENoiseFilter && Flag_HBHENoiseIsoFilter && Flag_EcalDeadCellTriggerPrimitiveFilter && Flag_BadPFMuonFilter && Flag_ecalBadCalibFilterV2 && (HLT_PFMETNoMu120_PFMHTNoMu120_IDTight || HLT_PFMETNoMu120_PFMHTNoMu120_IDTight_PFHT60) && PV_npvsGood > 0 && PV_ndof > 4 && abs(PV_z) < 24 && sqrt(pow(PV_x,2)+pow(PV_y,2)) < 2 && ((METcorrected_phi <= -1.62) || (METcorrected_phi >= -0.82)) && nfjets >= 1 && minDeltaPhi12 >= 0.8 && M_Tb >= 140 && ((Jet_pt[index_forwardJets[0]] < Jet_pt[index_centralJets[0]]) || min(abs(Jet_phi[index_forwardJets[0]]-METcorrected_phi),2*pi-abs(Jet_phi[index_forwardJets[0]]-METcorrected_phi)) < 2.8)
Data Selection Cuts =  (nVetoElectrons + nLooseMuons) == 0 && njets >= 3 && nbjets == 1 && METcorrected_pt >= 250 && ntaus == 0 && minDeltaPhi > 0.4 && Flag_goodVertices && Flag_globalSuperTightHalo2016Filter && Flag_HBHENoiseFilter && Flag_HBHENoiseIsoFilter && Flag_EcalDeadCellTriggerPrimitiveFilter && Flag_BadPFMuonFilter && Flag_ecalBadCalibFilterV2 && (HLT_PFMETNoMu120_PFMHTNoMu120_IDTight || HLT_PFMETNoMu120_PFMHTNoMu120_IDTight_PFHT60) && PV_npvsGood > 0 && PV_ndof > 4 && abs(PV_z) < 24 && sqrt(pow(PV_x,2)+pow(PV_y,2)) < 2 && ((METcorrected_phi <= -1.62) || (METcorrected_phi >= -0.82)) && nfjets >= 1 && minDeltaPhi12 >= 0.8 && M_Tb >= 140 && ((Jet_pt[index_forwardJets[0]] < Jet_pt[index_centralJets[0]]) || min(abs(Jet_phi[index_forwardJets[0]]-METcorrected_phi),2*pi-abs(Jet_phi[index_forwardJets[0]]-METcorrected_phi)) < 2.8) && Flag_eeBadScFilter
var =  njets
year =  2018
lumi =  11.966
saveDirectory =  plots/SR_2018/njets/
date =  10_19_2021
applying HEM fix for 2018...
partially unblinding 1/5 data...
Creating histograms..
Finished making systematic histogram dictionary
Drawing data and ratio plot...
Selected MET dataset
Loading data sample root files and event trees...
    nevents in filepath = /hdfs/store/user/vshang/MET_Run2018A/MET/ModuleCommonSkim_09072021/tree_all.root: 477672
    nevents in filepath = /hdfs/store/user/vshang/MET_Run2018B/MET/ModuleCommonSkim_09072021/tree_all.root: 240395
    nevents in filepath = /hdfs/store/user/vshang/MET_Run2018C/MET/ModuleCommonSkim_09072021/tree_all.root: 360265
    nevents in filepath = /hdfs/store/user/vshang/MET_Run2018D/MET/ModuleCommonSkim_09072021/tree_all.root: 1875529
    total nevents in  MET :  2953861
Got data sample root files and event trees
Loading MC sample root files and event trees...
    nevents in  ZTo2Nu   HT600To800 :  5748975
    nevents in  ZTo2Nu   HT1200To2500 :  343198
    nevents in  ZTo2Nu   HT100To200 :  23702894
    nevents in  ZTo2Nu   HT2500ToInf :  359639
    nevents in  ZTo2Nu   HT800To1200 :  2066798
    nevents in  ZTo2Nu   HT200To400 :  23276346
    nevents in  ZTo2Nu   HT400To600 :  9511100
    nevents in  WW   WWTo1L1Nu2Q :  4683136
    nevents in  WW   WWTo4Q :  3790800
    nevents in  WW   WWTo2L2Nu :  7758900
    nevents in  ttbarPlusJets   TTToSemiLepton :  300619998
    nevents in  ttbarPlusJets   TTTo2L2Nu :  64310000
    nevents in  ttbar scalar   ttDM_MChi1_MPhi100_scalar :  1842523
    nevents in  ZZ   ZZTo2Q2Nu :  57633049
    nevents in  ZZ   ZZTo4L :  124649500
    nevents in  ZZ   ZZTo2L2Q :  27900469
    nevents in  ZZ   ZZTo2L2Nu :  56428600
    nevents in  QCD   Pt50to80 :  25580000
    nevents in  QCD   Pt2400to3200 :  2394000
    nevents in  QCD   Pt30to50 :  18488000
    nevents in  QCD   Pt470to600 :  42459973
    nevents in  QCD   Pt300to470 :  41744000
    nevents in  QCD   Pt170to300 :  29710000
    nevents in  QCD   Pt800to1000 :  36062000
    nevents in  QCD   Pt600to800 :  64061000
    nevents in  QCD   Pt120to170 :  25255000
    nevents in  QCD   Pt1000to1400 :  18485000
    nevents in  QCD   Pt1400to1800 :  6928000
    nevents in  QCD   Pt15to30 :  19451000
    nevents in  QCD   Pt3200toInf :  925000
    neInfo in <TCanvas::MakeDefCanvas>:  created default TCanvas with name c1
TFile::Append:0: RuntimeWarning: Replacing existing TH1: hist (Potential memory leak).
TFile::Append:0: RuntimeWarning: Replacing existing TH1: hist (Potential memory leak).
TFile::Append:0: RuntimeWarning: Replacing existing TH1: hist (Potential memory leak).
TFile::Append:0: RuntimeWarning: Replacing existing TH1: hist (Potential memory leak).
TFile::Append:0: RuntimeWarning: Replacing existing TH1: hist (Potential memory leak).
TFile::Append:0: RuntimeWarning: Replacing existing TH1: hist (Potential memory leak).
TFile::Append:0: RuntimeWarning: Replacing existing TH1: hist (Potential memory leak).
TFile::Append:0: RuntimeWarning: Replacing existing TH1: hist (Potential memory leak).
TFile::Append:0: RuntimeWarning: Replacing existing TH1: hist (Potential memory leak).
TFile::Append:0: RuntimeWarning: Replacing existing TH1: hist (Potential memory leak).
TFile::Append:0: RuntimeWarning: Replacing existing TH1: hist (Potential memory leak).
TFile::Append:0: RuntimeWarning: Replacing existing TH1: hist (Potential memory leak).
TFile::Append:0: RuntimeWarning: Replacing existing TH1: hist (Potential memory leak).
TFile::Append:0: RuntimeWarning: Replacing existing TH1: hist (Potential memory leak).
TFile::Append:0: RuntimeWarning: Replacing existing TH1: hist (Potential memory leak).
vents in  QCD   Pt80to120 :  29535000
    nevents in  QCD   Pt1800to2400 :  4017800
    nevents in  WZ   WZTo2Q2Nu :  30887331
    nevents in  WZ   WZTo2L2Q :  28193648
    nevents in  WZ   WZTo3LNu :  11248318
    nevents in  WZ   WZTo1L3Nu :  1690064
    nevents in  WZ   WZTo1L1Nu2Q :  18273533
    nevents in  ttbar pseudoscalar   ttDM_MChi1_MPhi100_pseudo :  1607992
    nevents in  TTV   TTZToQQ :  9572000
    nevents in  TTV   TTWJetsToLNu :  4911941
    nevents in  TTV   TTWJetsToQQ :  835296
    nevents in  TTV   TTZToLLNuNu :  13280000
    nevents in  ZTo2L   HT600To800 :  8862104
    nevents in  ZTo2L   HT1200To2500 :  536416
    nevents in  ZTo2L   HT100To200 :  11530510
    nevents in  ZTo2L   HT2500ToInf :  427051
    nevents in  ZTo2L   HT800To1200 :  3138129
    nevents in  ZTo2L   HT200To400 :  10860690
    nevents in  ZTo2L   HT400To600 :  46161988
    nevents in  singleTop   ST_s-channel :  19890000
    nevents in  singleTop   ST_t-channel_antitop :  79090800
    nevents in  singleTop   ST_tW_top :  9598000
    nevents in  singleTop   ST_t-channel_top :  154307600
    nevents in  singleTop   ST_tW_antitop :  7527000
    nevents in  WPlusJets   HT200To400 :  25468933
    nevents in  WPlusJets   HT70To100 :  28084244
    nevents in  WPlusJets   HT600To800 :  19771294
    nevents in  WPlusJets   HT1200To2500 :  7633949
    nevents in  WPlusJets   HT100To200 :  29425374
    nevents in  WPlusJets   HT400To600 :  5932701
    nevents in  WPlusJets   HT2500ToInf :  3273980
    nevents in  WPlusJets   HT800To1200 :  8402687
Got MC sample root files and event trees
Filling histograms...
  Dataset =  MET  ||   nEvents =  2953861
    hist nEntries =  319.0
    hist integral =  319.0
    hist_data nEntries =  319.0
    hist_data integral =  319.0
    hist nEntries =  147.0
    hist integral =  147.0
    hist_data nEntries =  466.0
    hist_data integral =  466.0
    hist nEntries =  177.0
    hist integral =  177.0
    hist_data nEntries =  643.0
    hist_data integral =  643.0
    hist nEntries =  767.0
    hist integral =  767.0
    hist_data nEntries =  1410.0
    hist_data integral =  1410.0
  Process =  ZTo2Nu
      Dataset =  HT600To800  ||   nEvents =  5748975
Applied ZTo2Nu qcd/ewk Weights correctly
          hist nEntries =  9644.0
          hist integral =  70.0474500731
      Dataset =  HT1200To2500  ||   nEvents =  343198
Applied ZTo2Nu qcd/ewk Weights correctly
          hist nEntries =  506.0
          hist integral =  5.68144246377
      Dataset =  HT100To200  ||   nEvents =  23702894
Applied ZTo2Nu qcd/ewk Weights correctly
          hist nEntries =  1.0
          hist integral =  0.210121825337
      Dataset =  HT2500ToInf  ||   nEvents =  359639
Applied ZTo2Nu qcd/ewk Weights correctly
          hist nEntries =  292.0
          hist integral =  0.0469256300712
      Dataset =  HT800To1200  ||   nEvents =  2066798
Applied ZTo2Nu qcd/ewk Weights correctly
          hist nEntries =  3815.0
          hist integral =  33.1765787182
      Dataset =  HT200To400  ||   nEvents =  23276346
Applied ZTo2Nu qcd/ewk Weights correctly
          hist nEntries =  1901.0
          hist integral =  114.14985094
      Dataset =  HT400To600  ||   nEvents =  9511100
Applied ZTo2Nu qcd/ewk Weights correctly
          hist nEntries =  9037.0
          hist integral =  174.719769105
  Process =  WW
      Dataset =  WWTo1L1Nu2Q  ||   nEvents =  4683136
          hist nEntries =  57.0
          hist integral =  11.3094363213
      Dataset =  WWTo4Q  ||   nEvents =  3790800
          hist nEntries =  0.0
          hist integral =  0.0
      Dataset =  WWTo2L2Nu  ||   nEvents =  7758900
          hist nEntries =  13.0
          hist integral =  0.285611705855
  Process =  ttbarPlusJets
      Dataset =  TTToSemiLepton  ||   nEvents =  300619998
          hist nEntries =  36434.0
          hist integral =  512.888303988
      Dataset =  TTTo2L2Nu  ||   nEvents =  64310000
          hist nEntries =  2836.0
          hist integral =  44.6357232034
  Process =  ttbar scalar
      Dataset =  ttDM_MChi1_MPhi100_scalar  ||   nEvents =  TFile::Append:0: RuntimeWarning: Replacing existing TH1: hist (Potential memory leak).
TFile::Append:0: RuntimeWarning: Replacing existing TH1: hist (Potential memory leak).
TFile::Append:0: RuntimeWarning: Replacing existing TH1: hist (Potential memory leak).
TFile::Append:0: RuntimeWarning: Replacing existing TH1: hist (Potential memory leak).
TFile::Append:0: RuntimeWarning: Replacing existing TH1: hist (Potential memory leak).
TFile::Append:0: RuntimeWarning: Replacing existing TH1: hist (Potential memory leak).
TFile::Append:0: RuntimeWarning: Replacing existing TH1: hist (Potential memory leak).
TFile::Append:0: RuntimeWarning: Replacing existing TH1: hist (Potential memory leak).
TFile::Append:0: RuntimeWarning: Replacing existing TH1: hist (Potential memory leak).
TFile::Append:0: RuntimeWarning: Replacing existing TH1: hist (Potential memory leak).
TFile::Append:0: RuntimeWarning: Replacing existing TH1: hist (Potential memory leak).
TFile::Append:0: RuntimeWarning: Replacing existing TH1: hist (Potential memory leak).
TFile::Append:0: RuntimeWarning: Replacing existing TH1: hist (Potential memory leak).
TFile::Append:0: RuntimeWarning: Replacing existing TH1: hist (Potential memory leak).
TFile::Append:0: RuntimeWarning: Replacing existing TH1: hist (Potential memory leak).
TFile::Append:0: RuntimeWarning: Replacing existing TH1: hist (Potential memory leak).
TFile::Append:0: RuntimeWarning: Replacing existing TH1: hist (Potential memory leak).
TFile::Append:0: RuntimeWarning: Replacing existing TH1: hist (Potential memory leak).
TFile::Append:0: RuntimeWarning: Replacing existing TH1: hist (Potential memory leak).
TFile::Append:0: RuntimeWarning: Replacing existing TH1: hist (Potential memory leak).
TFile::Append:0: RuntimeWarning: Replacing existing TH1: hist (Potential memory leak).
TFile::Append:0: RuntimeWarning: Replacing existing TH1: hist (Potential memory leak).
TFile::Append:0: RuntimeWarning: Replacing existing TH1: hist (Potential memory leak).
TFile::Append:0: RuntimeWarning: Replacing existing TH1: hist (Potential memory leak).
TFile::Append:0: RuntimeWarning: Replacing existing TH1: hist (Potential memory leak).
TFile::Append:0: RuntimeWarning: Replacing existing TH1: hist (Potential memory leak).
TFile::Append:0: RuntimeWarning: Replacing existing TH1: hist (Potential memory leak).
TFile::Append:0: RuntimeWarning: Replacing existing TH1: hist (Potential memory leak).
TFile::Append:0: RuntimeWarning: Replacing existing TH1: hist (Potential memory leak).
TFile::Append:0: RuntimeWarning: Replacing existing TH1: hist (Potential memory leak).
TFile::Append:0: RuntimeWarning: Replacing existing TH1: hist (Potential memory leak).
1842523
          hist nEntries =  3985.0
          hist integral =  18.673390951
  Process =  ZZ
      Dataset =  ZZTo2Q2Nu  ||   nEvents =  57633049
          hist nEntries =  7255.0
          hist integral =  7.11053578265
      Dataset =  ZZTo4L  ||   nEvents =  124649500
          hist nEntries =  9.0
          hist integral =  0.00161817189655
      Dataset =  ZZTo2L2Q  ||   nEvents =  27900469
          hist nEntries =  44.0
          hist integral =  0.0688728736714
      Dataset =  ZZTo2L2Nu  ||   nEvents =  56428600
          hist nEntries =  463.0
          hist integral =  0.0663103507613
  Process =  QCD
      Dataset =  Pt50to80  ||   nEvents =  25580000
          hist nEntries =  0.0
          hist integral =  0.0
      Dataset =  Pt2400to3200  ||   nEvents =  2394000
          hist nEntries =  9.0
          hist integral =  0.000244101349381
      Dataset =  Pt30to50  ||   nEvents =  18488000
          hist nEntries =  0.0
          hist integral =  0.0
      Dataset =  Pt470to600  ||   nEvents =  42459973
          hist nEntries =  20.0
          hist integral =  3.28701531887
      Dataset =  Pt300to470  ||   nEvents =  41744000
          hist nEntries =  12.0
          hist integral =  24.2942812443
      Dataset =  Pt170to300  ||   nEvents =  29710000
          hist nEntries =  0.0
          hist integral =  0.0
      Dataset =  Pt800to1000  ||   nEvents =  36062000
          hist nEntries =  27.0
          hist integral =  0.237522704061
      Dataset =  Pt600to800  ||   nEvents =  64061000
          hist nEntries =  37.0
          hist integral =  1.14542934485
      Dataset =  Pt120to170  ||   nEvents =  25255000
          hist nEntries =  0.0
          hist integral =  0.0
      Dataset =  Pt1000to1400  ||   nEvents =  18485000
          hist nEntries =  29.0
          hist integral =  0.135452350136
      Dataset =  Pt1400to1800  ||   nEvents =  6928000
          hist nEntries =  10.0
          hist integral =  0.0119358715019
      Dataset =  Pt15to30  ||   nEvents =  19451000
          hist nEntries =  0.0
          hist integral =  0.0
      Dataset =  Pt3200toInf  ||   nEvents =  925000
          hist nEntries =  3.0
          hist integral =  5.45010902897e-06
      Dataset =  Pt80to120  ||   nEvents =  29535000
          hist nEntries =  0.0
          hist integral =  0.0
      Dataset =  Pt1800to2400  ||   nEvents =  4017800
          hist nEntries =  6.0
          hist integral =  0.0016633074265
  Process =  WZ
      Dataset =  WZTo2Q2Nu  ||   nEvents =  30887331
          hist nEntries =  4979.0
          hist integral =  13.7913339715
      Dataset =  WZTo2L2Q  ||   nEvents =  28193648
          hist nEntries =  47.0
          hist integral =  0.131993606687
      Dataset =  WZTo3LNu  ||   nEvents =  11248318
          hist nEntries =  9.0
          hist integral =  0.0494308508933
      Dataset =  WZTo1L3Nu  ||   nEvents =  1690064
          hist nEntries =  43.0
          hist integral =  1.13158651441
      Dataset =  WZTo1L1Nu2Q  ||   nEvents =  18273533
          hist nEntries =  682.0
          hist integral =  5.28245747089
  Process =  ttbar pseudoscalar
      Dataset =  ttDM_MChi1_MPhi100_pseudo  ||   nEvents =  1607992
          hist nEntries =  14353.0
          hist integral =  20.7916971762
  Process =  TTV
      Dataset =  TTZToQQ  ||   nEvents =  9572000
          hist nEntries =  1567.0
          hist integral =  0.990665483987
      Dataset =  TTWJetsToLNu  ||   nEvents =  4911941
          hist nEntries =  2645.0
          hist integral =  1.37334845157
      Dataset =  TTWJetsToQQ  ||   nEvents =  835296
          hist nEntries =  154.0
          hist integral =  0.992772076279
      Dataset =  TTZToLLNuNu  ||   nEvents =  13280000
          hist nEntries =  49455.0
          hist integral =  10.8331400919
  Process =  ZTo2L
      Dataset =  HT600To800  ||   nEvents =  8862104
Applied ZTo2L qcd/ewk Weights correctly
          hist nEntries =  226.0
          hist integral =  0.590014210553
      Dataset =  HT1200To2500  ||   nEvents =  536416
Applied ZTo2L qcd/ewk WeTFile::Append:0: RuntimeWarning: Replacing existing TH1: hist (Potential memory leak).
TFile::Append:0: RuntimeWarning: Replacing existing TH1: hist (Potential memory leak).
TFile::Append:0: RuntimeWarning: Replacing existing TH1: hist (Potential memory leak).
TFile::Append:0: RuntimeWarning: Replacing existing TH1: hist (Potential memory leak).
TFile::Append:0: RuntimeWarning: Replacing existing TH1: hist (Potential memory leak).
TFile::Append:0: RuntimeWarning: Replacing existing TH1: hist (Potential memory leak).
TFile::Append:0: RuntimeWarning: Replacing existing TH1: hist (Potential memory leak).
TFile::Append:0: RuntimeWarning: Replacing existing TH1: hist (Potential memory leak).
TFile::Append:0: RuntimeWarning: Replacing existing TH1: hist (Potential memory leak).
TFile::Append:0: RuntimeWarning: Replacing existing TH1: hist (Potential memory leak).
TFile::Append:0: RuntimeWarning: Replacing existing TH1: hist (Potential memory leak).
TFile::Append:0: RuntimeWarning: Replacing existing TH1: hist (Potential memory leak).
TFile::Append:0: RuntimeWarning: Replacing existing TH1: hist (Potential memory leak).
TFile::Append:0: RuntimeWarning: Replacing existing TH1: hist (Potential memory leak).
TFile::Append:0: RuntimeWarning: Replacing existing TH1: hist (Potential memory leak).
TFile::Append:0: RuntimeWarning: Replacing existing TH1: hist (Potential memory leak).
TFile::Append:0: RuntimeWarning: Replacing existing TH1: hist (Potential memory leak).
TFile::Append:0: RuntimeWarning: Replacing existing TH1: hist (Potential memory leak).
TFile::Append:0: RuntimeWarning: Replacing existing TH1: hist (Potential memory leak).
ights correctly
          hist nEntries =  9.0
          hist integral =  0.046249082312
      Dataset =  HT100To200  ||   nEvents =  11530510
Applied ZTo2L qcd/ewk Weights correctly
          hist nEntries =  0.0
          hist integral =  0.0
      Dataset =  HT2500ToInf  ||   nEvents =  427051
Applied ZTo2L qcd/ewk Weights correctly
          hist nEntries =  10.0
          hist integral =  0.00131554545078
      Dataset =  HT800To1200  ||   nEvents =  3138129
Applied ZTo2L qcd/ewk Weights correctly
          hist nEntries =  71.0
          hist integral =  0.224610550562
      Dataset =  HT200To400  ||   nEvents =  10860690
Applied ZTo2L qcd/ewk Weights correctly
          hist nEntries =  20.0
          hist integral =  1.18130278587
      Dataset =  HT400To600  ||   nEvents =  46161988
Applied ZTo2L qcd/ewk Weights correctly
          hist nEntries =  789.0
          hist integral =  1.639372807
  Process =  singleTop
      Dataset =  ST_s-channel  ||   nEvents =  19890000
          hist nEntries =  393.0
          hist integral =  0.866996596858
      Dataset =  ST_t-channel_antitop  ||   nEvents =  79090800
          hist nEntries =  302.0
          hist integral =  3.06528502796
      Dataset =  ST_tW_top  ||   nEvents =  9598000
          hist nEntries =  477.0
          hist integral =  20.3833160214
      Dataset =  ST_t-channel_top  ||   nEvents =  154307600
          hist nEntries =  824.0
          hist integral =  7.08850482106
      Dataset =  ST_tW_antitop  ||   nEvents =  7527000
          hist nEntries =  404.0
          hist integral =  22.003140673
  Process =  WPlusJets
      Dataset =  HT200To400  ||   nEvents =  25468933
Applied WPlusJets qcd/ewk Weights correctly
          hist nEntries =  253.0
          hist integral =  56.3415837288
      Dataset =  HT70To100  ||   nEvents =  28084244
Applied WPlusJets qcd/ewk Weights correctly
          hist nEntries =  0.0
          hist integral =  0.0
      Dataset =  HT600To800  ||   nEvents =  19771294
Applied WPlusJets qcd/ewk Weights correctly
          hist nEntries =  4492.0
          hist integral =  35.5240050759
      Dataset =  HT1200To2500  ||   nEvents =  7633949
Applied WPlusJets qcd/ewk Weights correctly
          hist nEntries =  1633.0
          hist integral =  2.58138820808
      Dataset =  HT100To200  ||   nEvents =  29425374
Applied WPlusJets qcd/ewk Weights correctly
          hist nEntries =  0.0
          hist integral =  0.0
      Dataset =  HT400To600  ||   nEvents =  5932701
Applied WPlusJets qcd/ewk Weights correctly
          hist nEntries =  795.0
          hist integral =  98.6990091205
      Dataset =  HT2500ToInf  ||   nEvents =  3273980
Applied WPlusJets qcd/ewk Weights correctly
          hist nEntries =  445.0
          hist integral =  0.0128235311931
      Dataset =  HT800To1200  ||   nEvents =  8402687
Applied WPlusJets qcd/ewk Weights correctly
          hist nEntries =  1980.0
          hist integral =  14.5817314088
-----------------------------
Total data background nEvents =  1410.0
Total data background integral =  1410.0
-----------------------------
Total MC background nEvents =  145164.0
Total MC background integral =  1302.91949346
-----------------------------
Total tt+DM signal nEvents =  199.25
Total tt+DM signal integral =  18.6733910408
-----------------------------
-----------------------------
FOM for tt+DM signal =  0.517326113267
-----------------------------
Data bin errors:
    bin 0: 0.0
    bin 1: 0.0
    bin 2: 0.0
    bin 3: 0.0
    bin 4: 27.3861278753
    bin 5: 19.6977156036
    bin 6: 13.3416640641
    bin 7: 8.48528137424
    bin 8: 3.87298334621
    bin 9: 2.44948974278
    bin 10: 1.0
    bin 11: 0.0
    bin 12: 0.0
-----------------------------
MC background bin errors:
    bin 0: 0.0
    bin 1: 0.0
    bin 2: 0.0
    bin 3: 0.0
    bin 4: 8.33165821626
    bin 5: 5.3727731722
    bin 6: 3.20720589159
    bin 7: 1.17402290424
    bin 8: 0.511743475927
    bin 9: 0.262540075062
    bin 10: 0.106929261218
    bin 11: 0.0746182385761
    bin 12: 0.0402850340192
---------------------------Info in <TCanvas::Print>: png file plots/SR_2018/njets/10_19_2021/AH0l1fSR2018_njets_10_19_2021_withHEMfix_partialUnblind_noB2Bleadingfjet.png has been created
--
tt+DM bin errors:
    bin 0: 0.0
    bin 1: 0.0
    bin 2: 0.0
    bin 3: 0.0
    bin 4: 3.18474530251
    bin 5: 3.42345820375
    bin 6: 3.10486989341
    bin 7: 2.28618292788
    bin 8: 1.60337998598
    bin 9: 0.85111218564
    bin 10: 0.476578426266
    bin 11: 0.211815024004
    bin 12: 0.0976514452324
-----------------------------
-----------------------------
ttbar pseudoscalar hist info:
    nEvents =  14353.0
    integral =  415.833946139
ZTo2Nu hist info:
    nEvents =  25196.0
    integral =  398.032139048
TTTo2L2Nu hist info:
    nEvents =  2836.0
    integral =  44.6357232034
singleTop hist info:
    nEvents =  2400.0
    integral =  53.4072432257
TTV hist info:
    nEvents =  53821.0
    integral =  14.1899264031
bkgSum hist info:
    nEvents =  145164.0
    integral =  1302.91949346
ttbar scalar hist info:
    nEvents =  3985.0
    integral =  373.467820816
VV hist info:
    nEvents =  13601.0
    integral =  39.2291875891
QCD hist info:
    nEvents =  153.0
    integral =  29.1135484865
ZTo2L hist info:
    nEvents =  1125.0
    integral =  3.68286494352
data hist info:
    nEvents =  1410.0
    integral =  1410.0
WPlusJets hist info:
    nEvents =  9598.0
    integral =  207.740543534
TTToSemiLepton hist info:
    nEvents =  36434.0
    integral =  512.888303988
Finished filling histograms
Creating stacked MC background histogram...
Finished stacking MC background histograms.
Drawing histograms...
Finished drawing histograms
Drawing ratio plot...
Finished drawing ratio plot
Plotting end time: 2021-10-20 06:33:19.201159
