JEC : Summer16_07Aug2017_V11_MC	 JER : Summer16_25nsV1_MC
MET branch : MET
JEC : Summer16_07Aug2017BCD_V11_DATA	 JER : Summer16_25nsV1_MC
MET branch : MET
JEC : Fall17_17Nov2017_V32_MC	 JER : Fall17_V3_MC
MET branch : METFixEE2017
JEC : Fall17_17Nov2017B_V32_DATA	 JER : Fall17_V3_MC
MET branch : METFixEE2017
JEC : Autumn18_V19_MC	 JER : Autumn18_V7b_MC
MET branch : MET
JEC : Autumn18_RunB_V19_DATA	 JER : Autumn18_V7b_MC
MET branch : MET
Loading BTagWeightTool for DeepCSV (medium WP)...
Loading BTagWeightTool for DeepCSV (medium WP)...
Loading BTagWeightTool for DeepCSV (medium WP)...
Will write selected trees to .
Loading jet energy scale (JES) uncertainties from file '/tmp/tmpRDR4Ap/Summer16_07Aug2017_V11_MC_Uncertainty_AK4PFchs.txt'
Loading jet energy resolutions (JER) from file '/tmp/tmpwwBhXM/Summer16_25nsV1_MC_PtResolution_AK4PFchs.txt'
Loading JER scale factors and uncertainties from file '/tmp/tmpwwBhXM/Summer16_25nsV1_MC_SF_AK4PFchs.txt'
Pre-select 1150980 entries out of 1150980 (100.00%)
nanoAODv5 or higher: True
Processed    10000/ 1150980 entries,  0.87% (elapsed time   242.1s, curr speed    0.041 kHz, avg speed    0.041 kHz), accepted    10001/   10001 events (100.00%)
Processed    20000/ 1150980 entries,  1.74% (elapsed time   470.6s, curr speed    0.044 kHz, avg speed    0.043 kHz), accepted    20001/   20001 events (100.00%)
Processed    30000/ 1150980 entries,  2.61% (elapsed time   694.6s, curr speed    0.045 kHz, avg speed    0.043 kHz), accepted    30001/   30001 events (100.00%)
Processed    40000/ 1150980 entries,  3.48% (elapsed time   916.9s, curr speed    0.045 kHz, avg speed    0.044 kHz), accepted    40001/   40001 events (100.00%)
Processed    50000/ 1150980 entries,  4.34% (elapsed time  1146.4s, curr speed    0.044 kHz, avg speed    0.044 kHz), accepted    50001/   50001 events (100.00%)
Processed    60000/ 1150980 entries,  5.21% (elapsed time  1374.8s, curr speed    0.044 kHz, avg speed    0.044 kHz), accepted    60001/   60001 events (100.00%)
Processed    70000/ 1150980 entries,  6.08% (elapsed time  1598.3s, curr speed    0.045 kHz, avg speed    0.044 kHz), accepted    70001/   70001 events (100.00%)
Processed    80000/ 1150980 entries,  6.95% (elapsed time  1827.2s, curr speed    0.044 kHz, avg speed    0.044 kHz), accepted    80001/   80001 events (100.00%)
Processed    90000/ 1150980 entries,  7.82% (elapsed time  2054.6s, curr speed    0.044 kHz, avg speed    0.044 kHz), accepted    90001/   90001 events (100.00%)
Processed   100000/ 1150980 entries,  8.69% (elapsed time  2284.4s, curr speed    0.044 kHz, avg speed    0.044 kHz), accepted   100001/  100001 events (100.00%)
Processed   110000/ 1150980 entries,  9.56% (elapsed time  2499.6s, curr speed    0.046 kHz, avg speed    0.044 kHz), accepted   110001/  110001 events (100.00%)
Processed   120000/ 1150980 entries, 10.43% (elapsed time  2718.9s, curr speed    0.046 kHz, avg speed    0.044 kHz), accepted   120001/  120001 events (100.00%)
Processed   130000/ 1150980 entries, 11.29% (elapsed time  2932.6s, curr speed    0.047 kHz, avg speed    0.044 kHz), accepted   130001/  130001 events (100.00%)
Processed   140000/ 1150980 entries, 12.16% (elapsed time  3140.4s, curr speed    0.048 kHz, avg speed    0.045 kHz), accepted   140001/  140001 events (100.00%)
Processed   150000/ 1150980 entries, 13.03% (elapsed time  3352.3s, curr speed    0.047 kHz, avg speed    0.045 kHz), accepted   150001/  150001 events (100.00%)
Processed   160000/ 1150980 entries, 13.90% (elapsed time  3570.0s, curr speed    0.046 kHz, avg speed    0.045 kHz), accepted   160001/  160001 events (100.00%)
Processed   170000/ 1150980 entries, 14.77% (elapsed time  3778.2s, curr speed    0.048 kHz, avg speed    0.045 kHz), accepted   170001/  170001 events (100.00%)
Processed   180000/ 1150980 entries, 15.64% (elapsed time  4017.5s, curr speed    0.042 kHz, avg speed    0.045 kHz), accepted   180001/  180001 events (100.00%)
Processed   190000/ 1150980 entries, 16.51% (elapsed time  4233.3s, curr speed    0.046 kHz, avg speed    0.045 kHz), accepted   190001/  190001 events (100.00%)
Processed   200000/ 1150980 entries, 17.38% (elapsed time  4447.8s, curr speed    0.047 kHz, avg speed    0.045 kHz), accepted   200001/  200001 events (100.00%)
Processed   210000/ 1150980 entries, 18.25% (elapsed time  4654.6s, curr speed    0.048 kHz, avg speed    0.045 kHz), accepted   210001/  210001 events (100.00%)
Processed   220000/ 1150980 entries, 19.11% (elapsed time  4871.3s, curr speed    0.046 kHz, avg speed    0.045 kHz), accepted   220001/  220001 events (100.00%)
Processed   230000/ 1150980 entries, 19.98% (elapsed time  5086.0s, curr speed    0.047 kHz, avg speed    0.045 kHz), accepted   230001/  230001 events (100.00%)
Processed   240000/ 1150980 entries, 20.85% (elapsed time  5291.6s, curr speed    0.049 kHz, avg speed    0.045 kHz), accepted   240001/  240001 events (100.00%)
Processed   250000/ 1150980 entries, 21.72% (elapsed time  5506.7s, curr speed    0.046 kHz, avg speed    0.045 kHz), accepted   250001/  250001 events (100.00%)
Processed   260000/ 1150980 entries, 22.59% (elapsed time  5720.2s, curr speed    0.047 kHz, avg speed    0.045 kHz), accepted   260001/  260001 events (100.00%)
Processed   270000/ 1150980 entries, 23.46% (elapsed time  5925.1s, curr speed    0.049 kHz, avg speed    0.046 kHz), accepted   270001/  270001 events (100.00%)
Processed   280000/ 1150980 entries, 24.33% (elapsed time  6139.8s, curr speed    0.047 kHz, avg speed    0.046 kHz), accepted   280001/  280001 events (100.00%)
Processed   290000/ 1150980 entries, 25.20% (elapsed time  6354.5s, curr speed    0.047 kHz, avg speed    0.046 kHz), accepted   290001/  290001 events (100.00%)
Processed   300000/ 1150980 entries, 26.06% (elapsed time  6570.8s, curr speed    0.046 kHz, avg speed    0.046 kHz), accepted   300001/  300001 events (100.00%)
Processed   310000/ 1150980 entries, 26.93% (elapsed time  6777.1s, curr speed    0.048 kHz, avg speed    0.046 kHz), accepted   310001/  310001 events (100.00%)
Processed   320000/ 1150980 entries, 27.80% (elapsed time  6990.7s, curr speed    0.047 kHz, avg speed    0.046 kHz), accepted   320001/  320001 events (100.00%)
Processed   330000/ 1150980 entries, 28.67% (elapsed time  7201.1s, curr speed    0.048 kHz, avg speed    0.046 kHz), accepted   330001/  330001 events (100.00%)
Processed   340000/ 1150980 entries, 29.54% (elapsed time  7408.2s, curr speed    0.048 kHz, avg speed    0.046 kHz), accepted   340001/  340001 events (100.00%)
Processed   350000/ 1150980 entries, 30.41% (elapsed time  7618.0s, curr speed    0.048 kHz, avg speed    0.046 kHz), accepted   350001/  350001 events (100.00%)
Processed   360000/ 1150980 entries, 31.28% (elapsed time  7859.5s, curr speed    0.041 kHz, avg speed    0.046 kHz), accepted   360001/  360001 events (100.00%)
Processed   370000/ 1150980 entries, 32.15% (elapsed time  8066.6s, curr speed    0.048 kHz, avg speed    0.046 kHz), accepted   370001/  370001 events (100.00%)
Processed   380000/ 1150980 entries, 33.02% (elapsed time  8276.7s, curr speed    0.048 kHz, avg speed    0.046 kHz), accepted   380001/  380001 events (100.00%)
Processed   390000/ 1150980 entries, 33.88% (elapsed time  8488.3s, curr speed    0.047 kHz, avg speed    0.046 kHz), accepted   390001/  390001 events (100.00%)
Processed   400000/ 1150980 entries, 34.75% (elapsed time  8708.7s, curr speed    0.045 kHz, avg speed    0.046 kHz), accepted   400001/  400001 events (100.00%)
Processed   410000/ 1150980 entries, 35.62% (elapsed time  8915.0s, curr speed    0.048 kHz, avg speed    0.046 kHz), accepted   410001/  410001 events (100.00%)
Processed   420000/ 1150980 entries, 36.49% (elapsed time  9123.4s, curr speed    0.048 kHz, avg speed    0.046 kHz), accepted   420001/  420001 events (100.00%)
Processed   430000/ 1150980 entries, 37.36% (elapsed time  9340.1s, curr speed    0.046 kHz, avg speed    0.046 kHz), accepted   430001/  430001 events (100.00%)
Processed   440000/ 1150980 entries, 38.23% (elapsed time  9544.2s, curr speed    0.049 kHz, avg speed    0.046 kHz), accepted   440001/  440001 events (100.00%)
Processed   450000/ 1150980 entries, 39.10% (elapsed time  9756.1s, curr speed    0.047 kHz, avg speed    0.046 kHz), accepted   450001/  450001 events (100.00%)
Processed   460000/ 1150980 entries, 39.97% (elapsed time  9971.0s, curr speed    0.047 kHz, avg speed    0.046 kHz), accepted   460001/  460001 events (100.00%)
Processed   470000/ 1150980 entries, 40.83% (elapsed time 10179.6s, curr speed    0.048 kHz, avg speed    0.046 kHz), accepted   470001/  470001 events (100.00%)
Processed   480000/ 1150980 entries, 41.70% (elapsed time 10390.3s, curr speed    0.047 kHz, avg speed    0.046 kHz), accepted   480001/  480001 events (100.00%)
Processed   490000/ 1150980 entries, 42.57% (elapsed time 10603.1s, curr speed    0.047 kHz, avg speed    0.046 kHz), accepted   490001/  490001 events (100.00%)
Processed   500000/ 1150980 entries, 43.44% (elapsed time 10814.2s, curr speed    0.047 kHz, avg speed    0.046 kHz), accepted   500001/  500001 events (100.00%)
Processed   510000/ 1150980 entries, 44.31% (elapsed time 11020.7s, curr speed    0.048 kHz, avg speed    0.046 kHz), accepted   510001/  510001 events (100.00%)
Processed   520000/ 1150980 entries, 45.18% (elapsed time 11239.3s, curr speed    0.046 kHz, avg speed    0.046 kHz), accepted   520001/  520001 events (100.00%)
Processed   530000/ 1150980 entries, 46.05% (elapsed time 11452.5s, curr speed    0.047 kHz, avg speed    0.046 kHz), accepted   530001/  530001 events (100.00%)
Processed   540000/ 1150980 entries, 46.92% (elapsed time 11655.8s, curr speed    0.049 kHz, avg speed    0.046 kHz), accepted   540001/  540001 events (100.00%)
Processed   550000/ 1150980 entries, 47.79% (elapsed time 11897.7s, curr speed    0.041 kHz, avg speed    0.046 kHz), accepted   550001/  550001 events (100.00%)
Processed   560000/ 1150980 entries, 48.65% (elapsed time 12112.3s, curr speed    0.047 kHz, avg speed    0.046 kHz), accepted   560001/  560001 events (100.00%)
Processed   570000/ 1150980 entries, 49.52% (elapsed time 12321.2s, curr speed    0.048 kHz, avg speed    0.046 kHz), accepted   570001/  570001 events (100.00%)
Processed   580000/ 1150980 entries, 50.39% (elapsed time 12528.7s, curr speed    0.048 kHz, avg speed    0.046 kHz), accepted   580001/  580001 events (100.00%)
Processed   590000/ 1150980 entries, 51.26% (elapsed time 12741.8s, curr speed    0.047 kHz, avg speed    0.046 kHz), accepted   590001/  590001 events (100.00%)
Processed   600000/ 1150980 entries, 52.13% (elapsed time 12954.3s, curr speed    0.047 kHz, avg speed    0.046 kHz), accepted   600001/  600001 events (100.00%)
Processed   610000/ 1150980 entries, 53.00% (elapsed time 13159.9s, curr speed    0.049 kHz, avg speed    0.046 kHz), accepted   610001/  610001 events (100.00%)
Processed   620000/ 1150980 entries, 53.87% (elapsed time 13370.7s, curr speed    0.047 kHz, avg speed    0.046 kHz), accepted   620001/  620001 events (100.00%)
Processed   630000/ 1150980 entries, 54.74% (elapsed time 13585.2s, curr speed    0.047 kHz, avg speed    0.046 kHz), accepted   630001/  630001 events (100.00%)
Processed   640000/ 1150980 entries, 55.60% (elapsed time 13794.7s, curr speed    0.048 kHz, avg speed    0.046 kHz), accepted   640001/  640001 events (100.00%)
Processed   650000/ 1150980 entries, 56.47% (elapsed time 14005.4s, curr speed    0.047 kHz, avg speed    0.046 kHz), accepted   650001/  650001 events (100.00%)
Processed   660000/ 1150980 entries, 57.34% (elapsed time 14221.9s, curr speed    0.046 kHz, avg speed    0.046 kHz), accepted   660001/  660001 events (100.00%)
Processed   670000/ 1150980 entries, 58.21% (elapsed time 14435.6s, curr speed    0.047 kHz, avg speed    0.046 kHz), accepted   670001/  670001 events (100.00%)
Processed   680000/ 1150980 entries, 59.08% (elapsed time 14642.4s, curr speed    0.048 kHz, avg speed    0.046 kHz), accepted   680001/  680001 events (100.00%)
Processed   690000/ 1150980 entries, 59.95% (elapsed time 14853.3s, curr speed    0.047 kHz, avg speed    0.046 kHz), accepted   690001/  690001 events (100.00%)
Processed   700000/ 1150980 entries, 60.82% (elapsed time 15068.0s, curr speed    0.047 kHz, avg speed    0.046 kHz), accepted   700001/  700001 events (100.00%)
Processed   710000/ 1150980 entries, 61.69% (elapsed time 15273.3s, curr speed    0.049 kHz, avg speed    0.046 kHz), accepted   710001/  710001 events (100.00%)
Processed   720000/ 1150980 entries, 62.56% (elapsed time 15490.7s, curr speed    0.046 kHz, avg speed    0.046 kHz), accepted   720001/  720001 events (100.00%)
Processed   730000/ 1150980 entries, 63.42% (elapsed time 15706.0s, curr speed    0.046 kHz, avg speed    0.046 kHz), accepted   730001/  730001 events (100.00%)
Processed   740000/ 1150980 entries, 64.29% (elapsed time 15909.8s, curr speed    0.049 kHz, avg speed    0.047 kHz), accepted   740001/  740001 events (100.00%)
Processed   750000/ 1150980 entries, 65.16% (elapsed time 16119.5s, curr speed    0.048 kHz, avg speed    0.047 kHz), accepted   750001/  750001 events (100.00%)
Processed   760000/ 1150980 entries, 66.03% (elapsed time 16366.6s, curr speed    0.040 kHz, avg speed    0.046 kHz), accepted   760001/  760001 events (100.00%)
Processed   770000/ 1150980 entries, 66.90% (elapsed time 16577.5s, curr speed    0.047 kHz, avg speed    0.046 kHz), accepted   770001/  770001 events (100.00%)
Processed   780000/ 1150980 entries, 67.77% (elapsed time 16781.1s, curr speed    0.049 kHz, avg speed    0.046 kHz), accepted   780001/  780001 events (100.00%)
Processed   790000/ 1150980 entries, 68.64% (elapsed time 17001.5s, curr speed    0.045 kHz, avg speed    0.046 kHz), accepted   790001/  790001 events (100.00%)
Processed   800000/ 1150980 entries, 69.51% (elapsed time 17211.2s, curr speed    0.048 kHz, avg speed    0.046 kHz), accepted   800001/  800001 events (100.00%)
Processed   810000/ 1150980 entries, 70.37% (elapsed time 17414.6s, curr speed    0.049 kHz, avg speed    0.047 kHz), accepted   810001/  810001 events (100.00%)
Processed   820000/ 1150980 entries, 71.24% (elapsed time 17629.7s, curr speed    0.046 kHz, avg speed    0.047 kHz), accepted   820001/  820001 events (100.00%)
Processed   830000/ 1150980 entries, 72.11% (elapsed time 17843.2s, curr speed    0.047 kHz, avg speed    0.047 kHz), accepted   830001/  830001 events (100.00%)
Processed   840000/ 1150980 entries, 72.98% (elapsed time 18051.4s, curr speed    0.048 kHz, avg speed    0.047 kHz), accepted   840001/  840001 events (100.00%)
Processed   850000/ 1150980 entries, 73.85% (elapsed time 18262.9s, curr speed    0.047 kHz, avg speed    0.047 kHz), accepted   850001/  850001 events (100.00%)
Processed   860000/ 1150980 entries, 74.72% (elapsed time 18474.5s, curr speed    0.047 kHz, avg speed    0.047 kHz), accepted   860001/  860001 events (100.00%)
Processed   870000/ 1150980 entries, 75.59% (elapsed time 18687.5s, curr speed    0.047 kHz, avg speed    0.047 kHz), accepted   870001/  870001 events (100.00%)
Processed   880000/ 1150980 entries, 76.46% (elapsed time 18892.7s, curr speed    0.049 kHz, avg speed    0.047 kHz), accepted   880001/  880001 events (100.00%)
Processed   890000/ 1150980 entries, 77.33% (elapsed time 19108.5s, curr speed    0.046 kHz, avg speed    0.047 kHz), accepted   890001/  890001 events (100.00%)
Processed   900000/ 1150980 entries, 78.19% (elapsed time 19325.2s, curr speed    0.046 kHz, avg speed    0.047 kHz), accepted   900001/  900001 events (100.00%)
Processed   910000/ 1150980 entries, 79.06% (elapsed time 19531.9s, curr speed    0.048 kHz, avg speed    0.047 kHz), accepted   910001/  910001 events (100.00%)
Processed   920000/ 1150980 entries, 79.93% (elapsed time 19745.3s, curr speed    0.047 kHz, avg speed    0.047 kHz), accepted   920001/  920001 events (100.00%)
Processed   930000/ 1150980 entries, 80.80% (elapsed time 19959.6s, curr speed    0.047 kHz, avg speed    0.047 kHz), accepted   930001/  930001 events (100.00%)
Processed   940000/ 1150980 entries, 81.67% (elapsed time 20171.5s, curr speed    0.047 kHz, avg speed    0.047 kHz), accepted   940001/  940001 events (100.00%)
Processed   950000/ 1150980 entries, 82.54% (elapsed time 20385.5s, curr speed    0.047 kHz, avg speed    0.047 kHz), accepted   950001/  950001 events (100.00%)
Processed   960000/ 1150980 entries, 83.41% (elapsed time 20627.5s, curr speed    0.041 kHz, avg speed    0.047 kHz), accepted   960001/  960001 events (100.00%)
Processed   970000/ 1150980 entries, 84.28% (elapsed time 20840.4s, curr speed    0.047 kHz, avg speed    0.047 kHz), accepted   970001/  970001 events (100.00%)
Processed   980000/ 1150980 entries, 85.14% (elapsed time 21045.7s, curr speed    0.049 kHz, avg speed    0.047 kHz), accepted   980001/  980001 events (100.00%)
Processed   990000/ 1150980 entries, 86.01% (elapsed time 21262.1s, curr speed    0.046 kHz, avg speed    0.047 kHz), accepted   990001/  990001 events (100.00%)
Processed  1000000/ 1150980 entries, 86.88% (elapsed time 21477.7s, curr speed    0.046 kHz, avg speed    0.047 kHz), accepted  1000001/ 1000001 events (100.00%)
Processed  1010000/ 1150980 entries, 87.75% (elapsed time 21681.3s, curr speed    0.049 kHz, avg speed    0.047 kHz), accepted  1010001/ 1010001 events (100.00%)
Processed  1020000/ 1150980 entries, 88.62% (elapsed time 21894.1s, curr speed    0.047 kHz, avg speed    0.047 kHz), accepted  1020001/ 1020001 events (100.00%)
Processed  1030000/ 1150980 entries, 89.49% (elapsed time 22110.7s, curr speed    0.046 kHz, avg speed    0.047 kHz), accepted  1030001/ 1030001 events (100.00%)
Processed  1040000/ 1150980 entries, 90.36% (elapsed time 22320.0s, curr speed    0.048 kHz, avg speed    0.047 kHz), accepted  1040001/ 1040001 events (100.00%)
Processed  1050000/ 1150980 entries, 91.23% (elapsed time 22528.7s, curr speed    0.048 kHz, avg speed    0.047 kHz), accepted  1050001/ 1050001 events (100.00%)
Processed  1060000/ 1150980 entries, 92.10% (elapsed time 22742.4s, curr speed    0.047 kHz, avg speed    0.047 kHz), accepted  1060001/ 1060001 events (100.00%)
Processed  1070000/ 1150980 entries, 92.96% (elapsed time 22957.1s, curr speed    0.047 kHz, avg speed    0.047 kHz), accepted  1070001/ 1070001 events (100.00%)
Processed  1080000/ 1150980 entries, 93.83% (elapsed time 23160.9s, curr speed    0.049 kHz, avg speed    0.047 kHz), accepted  1080001/ 1080001 events (100.00%)
Processed  1090000/ 1150980 entries, 94.70% (elapsed time 23375.3s, curr speed    0.047 kHz, avg speed    0.047 kHz), accepted  1090001/ 1090001 events (100.00%)
Processed  1100000/ 1150980 entries, 95.57% (elapsed time 23588.0s, curr speed    0.047 kHz, avg speed    0.047 kHz), accepted  1100001/ 1100001 events (100.00%)
Processed  1110000/ 1150980 entries, 96.44% (elapsed time 23795.3s, curr speed    0.048 kHz, avg speed    0.047 kHz), accepted  1110001/ 1110001 events (100.00%)
Processed  1120000/ 1150980 entries, 97.31% (elapsed time 24009.4s, curr speed    0.047 kHz, avg speed    0.047 kHz), accepted  1120001/ 1120001 events (100.00%)
Processed  1130000/ 1150980 entries, 98.18% (elapsed time 24221.5s, curr speed    0.047 kHz, avg speed    0.047 kHz), accepted  1130001/ 1130001 events (100.00%)
Processed  1140000/ 1150980 entries, 99.05% (elapsed time 24429.8s, curr speed    0.048 kHz, avg speed    0.047 kHz), accepted  1140001/ 1140001 events (100.00%)
Processed  1150000/ 1150980 entries, 99.91% (elapsed time 24640.1s, curr speed    0.048 kHz, avg speed    0.047 kHz), accepted  1150001/ 1150001 events (100.00%)
Processed 1150980 preselected entries from testSamples/ttbarPlusJets_Run2016.root (1150980 entries). Finally selected 1150980 entries
Done ./ttbarPlusJets_Run2016_ModuleCommon_2016MC_allSys.root
Total time 26037.6 sec. to process 1150980 events. Rate = 44.2 Hz.
