plots/plot.py:923: SyntaxWarning: name 'counter' is used prior to global declaration
  global counter
Plotting start time: 2023-05-19 08:57:11.188791
Cut name =  AH
MC Selection Cuts =  (nVetoElectrons + nLooseMuons) == 0 && njets >= 3 && METcorrected_pt >= 250 && ntaus == 0 && minDeltaPhi > 0.4 && Flag_goodVertices && Flag_globalSuperTightHalo2016Filter && Flag_HBHENoiseFilter && Flag_HBHENoiseIsoFilter && Flag_EcalDeadCellTriggerPrimitiveFilter && Flag_BadPFMuonFilter && Flag_ecalBadCalibFilterV2 && (HLT_PFMETNoMu120_PFMHTNoMu120_IDTight || HLT_PFMETNoMu120_PFMHTNoMu120_IDTight_PFHT60) && PV_npvsGood > 0 && PV_ndof > 4 && abs(PV_z) < 24 && sqrt(pow(PV_x,2)+pow(PV_y,2)) < 2 && ((METcorrected_phi <= -1.62) || (METcorrected_phi >= -0.82))
Data Selection Cuts =  (nVetoElectrons + nLooseMuons) == 0 && njets >= 3 && METcorrected_pt >= 250 && ntaus == 0 && minDeltaPhi > 0.4 && Flag_goodVertices && Flag_globalSuperTightHalo2016Filter && Flag_HBHENoiseFilter && Flag_HBHENoiseIsoFilter && Flag_EcalDeadCellTriggerPrimitiveFilter && Flag_BadPFMuonFilter && Flag_ecalBadCalibFilterV2 && (HLT_PFMETNoMu120_PFMHTNoMu120_IDTight || HLT_PFMETNoMu120_PFMHTNoMu120_IDTight_PFHT60) && PV_npvsGood > 0 && PV_ndof > 4 && abs(PV_z) < 24 && sqrt(pow(PV_x,2)+pow(PV_y,2)) < 2 && ((METcorrected_phi <= -1.62) || (METcorrected_phi >= -0.82)) && Flag_eeBadScFilter
var =  nbjets
year =  2018
lumi =  59.74
saveDirectory =  plots/CR_2018/METcorrected_pt/
date =  05_19_2023
applying HEM fix for 2018...
Creating histograms..
Histogram options: 
    nbins =  5
    xmin =  0
    xmax =  5
    auto_y =  True
    doLogPlot =  False
    drawData =  True
    mediatorType =  scalar
    mchi =  1
    mphi =  100
    normalizePlots =  False
    doBinned =  False
    savePlots =  True
    combineEleMu =  True
    doSys =  False
    doSysFirstHalf =  False
    doSysSecondHalf =  False
    drawOverflow =  True
    drawUnderflow =  False
    plotSys =  False
    plotSysVar =  CMS_eff_b_light_2018
    plotSysSignal =  False
Drawing data and ratio plot...
Selected MET dataset
Loading data sample root files and event trees...
    ----Loading /hdfs/store/user/vshang/MET_Run2018A/MET/ModuleCommonSkim_12242022/tree_all.root
    ----Loading /hdfs/store/user/vshang/MET_Run2018B/MET/ModuleCommonSkim_12242022/tree_all.root
    ----Loading /hdfs/store/user/vshang/MET_Run2018C/MET/ModuleCommonSkim_12242022/tree_all.root
    ----Loading /hdfs/store/user/vshang/MET_Run2018D/MET/ModuleCommonSkim_12242022/tree_all.root
    total nevents in  MET :  3632470
Got data sample root files and event trees
Loading MC sample root files and event trees...
Loading process:  ZTo2Nu
    ----Loading 2LHEZpT50-150
    nevents in  ZTo2Nu   2LHEZpT50-150 :  6262379
    ----Loading 1LHEZpT250-400
    nevents in  ZTo2Nu   1LHEZpT250-400 :  11226042
    ----Loading 2LHEZpT250-400
    nevents in  ZTo2Nu   2LHEZpT250-400 :  3967083
    ----Loading 1LHEZpT150-250
    nevents in  ZTo2Nu   1LHEZpT150-250 :  26405969
    ----Loading 2LHEZpT400-inf
    nevents in  ZTo2Nu   2LHEZpT400-inf :  8082507
    ----Loading 1LHEZpT400-inf
    nevents in  ZTo2Nu   1LHEZpT400-inf :  1840421
    ----Loading 1LHEZpT50-150
    nevents in  ZTo2Nu   1LHEZpT50-150 :  6153631
    ----Loading 2LHEZpT150-250
    nevents in  ZTo2Nu   2LHEZpT150-250 :  42108287
Loading process:  tbar scalar
    ----Loading tChan_MChi1_MPhi100_scalar
    nevents in  tbar scalar   tChan_MChi1_MPhi100_scalar :  310000
    ----Loading tWChan_MChi1_MPhi100_scalar
    nevents in  tbar scalar   tWChan_MChi1_MPhi100_scalar :  143000
Loading process:  TTV
    ----Loading TTZToQQ
    nevents in  TTV   TTZToQQ :  4543958
    ----Loading TTWJetsToLNu
    nevents in  TTV   TTWJetsToLNu :  2686095
    ----Loading TTWJetsToQQ
    nevents in  TTV   TTWJetsToQQ :  458226
    ----Loading TTZToLLNuNu
    nevents in  TTV   TTZToLLNuNu :  6274046
Loading process:  WW
    ----Loading WWTo1L1Nu2Q
    nevents in  WW   WWTo1L1Nu2Q :  2941220
    ----Loading WWTo4Q
    nevents in  WW   WWTo4Q :  3776486
    ----Loading WWTo2L2Nu
    nevents in  WW   WWTo2L2Nu :  7729266
Loading process:  ttbarPlusJets
    ----Loading TTToSemiLepton
    nevents in  ttbarPlusJets   TTToSemiLeptonInfo in <TCanvas::MakeDefCanvas>:  created default TCanvas with name c1
TFile::Append:0: RuntimeWarning: Replacing existing TH1: hist (Potential memory leak).
TFile::Append:0: RuntimeWarning: Replacing existing TH1: hist (Potential memory leak).
TFile::Append:0: RuntimeWarning: Replacing existing TH1: hist (Potential memory leak).
 :  298193168
    ----Loading TTTo2L2Nu
    nevents in  ttbarPlusJets   TTTo2L2Nu :  63791484
Loading process:  ttbar scalar
    ----Loading ttDM_MChi1_MPhi100_scalar
    nevents in  ttbar scalar   ttDM_MChi1_MPhi100_scalar :  1839899
Loading process:  ZZ
    ----Loading ZZTo2Q2Nu
    nevents in  ZZ   ZZTo2Q2Nu :  36391519
    ----Loading ZZTo4L
    nevents in  ZZ   ZZTo4L :  123387004
    ----Loading ZZTo2L2Q
    nevents in  ZZ   ZZTo2L2Q :  17815223
    ----Loading ZZTo2L2Nu
    nevents in  ZZ   ZZTo2L2Nu :  56356048
Loading process:  QCD
    ----Loading Pt170to300
    nevents in  QCD   Pt170to300 :  29710000
    ----Loading Pt15to30
    nevents in  QCD   Pt15to30 :  19451000
    ----Loading Pt800to1000
    nevents in  QCD   Pt800to1000 :  36062000
    ----Loading Pt600to800
    nevents in  QCD   Pt600to800 :  64061000
    ----Loading Pt120to170
    nevents in  QCD   Pt120to170 :  25255000
    ----Loading Pt1000to1400
    nevents in  QCD   Pt1000to1400 :  18485000
    ----Loading Pt1400to1800
    nevents in  QCD   Pt1400to1800 :  6928000
    ----Loading Pt50to80
    nevents in  QCD   Pt50to80 :  25580000
    ----Loading Pt1800to2400
    nevents in  QCD   Pt1800to2400 :  4017800
    ----Loading Pt3200toInf
    nevents in  QCD   Pt3200toInf :  925000
    ----Loading Pt2400to3200
    nevents in  QCD   Pt2400to3200 :  2394000
    ----Loading Pt80to120
    nevents in  QCD   Pt80to120 :  29535000
    ----Loading Pt30to50
    nevents in  QCD   Pt30to50 :  18488000
    ----Loading Pt470to600
    nevents in  QCD   Pt470to600 :  42459973
    ----Loading Pt300to470
    nevents in  QCD   Pt300to470 :  41744000
Loading process:  ZTo2L
    ----Loading 2LHEZpT50-150
    nevents in  ZTo2L   2LHEZpT50-150 :  7396689
    ----Loading 1LHEZpT250-400
    nevents in  ZTo2L   1LHEZpT250-400 :  4772527
    ----Loading 2LHEZpT250-400
    nevents in  ZTo2L   2LHEZpT250-400 :  5986226
    ----Loading 1LHEZpT150-250
    nevents in  ZTo2L   1LHEZpT150-250 :  8123432
    ----Loading 2LHEZpT400-inf
    nevents in  ZTo2L   2LHEZpT400-inf :  1117339
    ----Loading 1LHEZpT400-inf
    nevents in  ZTo2L   1LHEZpT400-inf :  858544
    ----Loading 1LHEZpT50-150
    nevents in  ZTo2L   1LHEZpT50-150 :  5285022
    ----Loading 2LHEZpT150-250
    nevents in  ZTo2L   2LHEZpT150-250 :  14239483
Loading process:  singleTop
    ----Loading ST_s-channel
    nevents in  singleTop   ST_s-channel :  12403008
    ----Loading ST_t-channel_antitop
    nevents in  singleTop   ST_t-channel_antitop :  74227130
    ----Loading ST_t-channel_top
    nevents in  singleTop   ST_t-channel_top :  144094782
    ----Loading ST_tW_top
    nevents in  singleTop   ST_tW_top :  9553912
    ----Loading ST_tW_antitop
    nevents in  singleTop   ST_tW_antitop :  7492620
Loading process:  WZ
    ----Loading WZTo2Q2Nu
    nevents in  WZ   WZTo2Q2Nu :  18549507
    ----Loading WZTo3LNu
    nevents in  WZ   WZTo3LNu :  7049958
    ----Loading WZTo1L1Nu2Q
    nevents in  WZ   WZTo1L1Nu2Q :  10874643
    ----Loading WZTo1L3Nu
    nevents in  WZ   WZTo1L3Nu :  920352
    ----Loading WZTo2L2Q
    nevents in  WZ   WZTo2L2Q :  17048434
Loading process:  WPlusJets
    ----Loading Pt50To100
    nevents in  WPlusJets   Pt50To100 :  7275588
    ----Loading Pt250To400
    nevents in  WPlusJets   Pt250To400 :  3801794
    ----Loading Pt600ToInf
    nevents in  WPlusJets   Pt600ToInf :  1634340
    ----Loading Pt100To250
    nevents in  WPlusJets   Pt100To250 :  187329833
    ----Loading Pt400To600
    nevents in  WPlusJets   Pt400To600 :  4988448
Got MC sample root files and event trees
Filling data histograms...
  Dataset =  MET  ||   nEvents =  3632470
    hist nEntries =  53133.0
    hist integral =  53133.0
    hist_data nEntries =  53133.0
    hist_data integral =  53133.0
    hist nEntries =  26745.0
    hist integral =  26745.0
    hist_data nEntries =  79878.0
    hist_data integral =  79878.0
    hist nEntries =  26110.0
    hist integral =  26110.0
    hist_data nEntries =  105988.0
    hist_data integral =  105988.0
    hist nEntries =  129624.0
    hist integral =  129624.0
    hist_data nEnTFile::Append:0: RuntimeWarning: Replacing existing TH1: hist (Potential memory leak).
TFile::Append:0: RuntimeWarning: Replacing existing TH1: hist (Potential memory leak).
TFile::Append:0: RuntimeWarning: Replacing existing TH1: hist (Potential memory leak).
TFile::Append:0: RuntimeWarning: Replacing existing TH1: hist (Potential memory leak).
TFile::Append:0: RuntimeWarning: Replacing existing TH1: hist (Potential memory leak).
TFile::Append:0: RuntimeWarning: Replacing existing TH1: hist (Potential memory leak).
TFile::Append:0: RuntimeWarning: Replacing existing TH1: hist (Potential memory leak).
TFile::Append:0: RuntimeWarning: Replacing existing TH1: hist (Potential memory leak).
TFile::Append:0: RuntimeWarning: Replacing existing TH1: hist (Potential memory leak).
TFile::Append:0: RuntimeWarning: Replacing existing TH1: hist (Potential memory leak).
TFile::Append:0: RuntimeWarning: Replacing existing TH1: hist (Potential memory leak).
TFile::Append:0: RuntimeWarning: Replacing existing TH1: hist (Potential memory leak).
tries =  235612.0
    hist_data integral =  235612.0
Filling MC histograms...
  Process =  ZTo2Nu
      Dataset =  2LHEZpT50-150  ||   nEvents =  6262379
Applied ZTo2Nu ewk Weights correctly
          hist weight =  3.11274070126*leptonWeight*bjetWeight*puWeight*muonTriggerWeight*EE_L1_prefire_Weight*electronTriggerWeight*genWeightSign*METTriggerWeight*ewkZWeight
          hist nEntries =  264.0
          hist integral =  319.283625364
      Dataset =  1LHEZpT250-400  ||   nEvents =  11226042
Applied ZTo2Nu ewk Weights correctly
          hist weight =  0.0109145093168*leptonWeight*bjetWeight*puWeight*muonTriggerWeight*EE_L1_prefire_Weight*electronTriggerWeight*genWeightSign*METTriggerWeight*ewkZWeight
          hist nEntries =  36297.0
          hist integral =  209.288308613
      Dataset =  2LHEZpT250-400  ||   nEvents =  3967083
Applied ZTo2Nu ewk Weights correctly
          hist weight =  0.0779148709518*leptonWeight*bjetWeight*puWeight*muonTriggerWeight*EE_L1_prefire_Weight*electronTriggerWeight*genWeightSign*METTriggerWeight*ewkZWeight
          hist nEntries =  1948791.0
          hist integral =  55310.6876414
      Dataset =  1LHEZpT150-250  ||   nEvents =  26405969
Applied ZTo2Nu ewk Weights correctly
          hist weight =  0.040813105552*leptonWeight*bjetWeight*puWeight*muonTriggerWeight*EE_L1_prefire_Weight*electronTriggerWeight*genWeightSign*METTriggerWeight*ewkZWeight
          hist nEntries =  7428.0
          hist integral =  147.70319058
      Dataset =  2LHEZpT400-inf  ||   nEvents =  8082507
Applied ZTo2Nu ewk Weights correctly
          hist weight =  0.00626188483351*leptonWeight*bjetWeight*puWeight*muonTriggerWeight*EE_L1_prefire_Weight*electronTriggerWeight*genWeightSign*METTriggerWeight*ewkZWeight
          hist nEntries =  5570037.0
          hist integral =  12920.9907996
      Dataset =  1LHEZpT400-inf  ||   nEvents =  1840421
Applied ZTo2Nu ewk Weights correctly
          hist weight =  0.00730673796919*leptonWeight*bjetWeight*puWeight*muonTriggerWeight*EE_L1_prefire_Weight*electronTriggerWeight*genWeightSign*METTriggerWeight*ewkZWeight
          hist nEntries =  7119.0
          hist integral =  28.4678148227
      Dataset =  1LHEZpT50-150  ||   nEvents =  6153631
Applied ZTo2Nu ewk Weights correctly
          hist weight =  5.81417475308*leptonWeight*bjetWeight*puWeight*muonTriggerWeight*EE_L1_prefire_Weight*electronTriggerWeight*genWeightSign*METTriggerWeight*ewkZWeight
          hist nEntries =  0.0
          hist integral =  0.0
      Dataset =  2LHEZpT150-250  ||   nEvents =  42108287
Applied ZTo2Nu ewk Weights correctly
          hist weight =  0.0419942041337*leptonWeight*bjetWeight*puWeight*muonTriggerWeight*EE_L1_prefire_Weight*electronTriggerWeight*genWeightSign*METTriggerWeight*ewkZWeight
          hist nEntries =  1482329.0
          hist integral =  21938.9351246
  Process =  tbar scalar
      Dataset =  tChan_MChi1_MPhi100_scalar  ||   nEvents =  310000
          hist weight =  0.054883716129*leptonWeight*bjetWeight*puWeight*muonTriggerWeight*EE_L1_prefire_Weight*electronTriggerWeight*genWeightSign*METTriggerWeight
          hist nEntries =  11076.0
          hist integral =  598.54576087
      Dataset =  tWChan_MChi1_MPhi100_scalar  ||   nEvents =  143000
          hist weight =  0.0229518573427*leptonWeight*bjetWeight*puWeight*muonTriggerWeight*EE_L1_prefire_Weight*electronTriggerWeight*genWeightSign*METTriggerWeight
          hist nEntries =  10036.0
          hist integral =  229.07059662
  Process =  TTV
      Dataset =  TTZToQQ  ||   nEvents =  4543958
          hist weight =  0.00671029441733*leptonWeight*bjetWeight*puWeight*muonTriggerWeight*EE_L1_prefire_Weight*electronTriggerWeight*genWeightSign*METTriggerWeight
          hist nEntries =  22205.0
          hist integral =  67.2471550666
      Dataset =  TTWJetsToLNu  ||   nEvents =  2686095
          hist weight =  0.00477947578176*leptonWeight*bjetWeight*puWeight*muonTriggerWeight*EE_L1_prefire_Weight*electronTriggerWeight*genWeightSign*METTriggerWeight
          hist nEntries =  26126.0
          hist integral =  TFile::Append:0: RuntimeWarning: Replacing existing TH1: hist (Potential memory leak).
TFile::Append:0: RuntimeWarning: Replacing existing TH1: hist (Potential memory leak).
TFile::Append:0: RuntimeWarning: Replacing existing TH1: hist (Potential memory leak).
TFile::Append:0: RuntimeWarning: Replacing existing TH1: hist (Potential memory leak).
TFile::Append:0: RuntimeWarning: Replacing existing TH1: hist (Potential memory leak).
TFile::Append:0: RuntimeWarning: Replacing existing TH1: hist (Potential memory leak).
TFile::Append:0: RuntimeWarning: Replacing existing TH1: hist (Potential memory leak).
TFile::Append:0: RuntimeWarning: Replacing existing TH1: hist (Potential memory leak).
TFile::Append:0: RuntimeWarning: Replacing existing TH1: hist (Potential memory leak).
TFile::Append:0: RuntimeWarning: Replacing existing TH1: hist (Potential memory leak).
TFile::Append:0: RuntimeWarning: Replacing existing TH1: hist (Potential memory leak).
TFile::Append:0: RuntimeWarning: Replacing existing TH1: hist (Potential memory leak).
TFile::Append:0: RuntimeWarning: Replacing existing TH1: hist (Potential memory leak).
TFile::Append:0: RuntimeWarning: Replacing existing TH1: hist (Potential memory leak).
65.1491809387
      Dataset =  TTWJetsToQQ  ||   nEvents =  458226
          hist weight =  0.0562687058351*leptonWeight*bjetWeight*puWeight*muonTriggerWeight*EE_L1_prefire_Weight*electronTriggerWeight*genWeightSign*METTriggerWeight
          hist nEntries =  1989.0
          hist integral =  57.5888480842
      Dataset =  TTZToLLNuNu  ||   nEvents =  6274046
          hist weight =  0.00231569357317*leptonWeight*bjetWeight*puWeight*muonTriggerWeight*EE_L1_prefire_Weight*electronTriggerWeight*genWeightSign*METTriggerWeight
          hist nEntries =  394683.0
          hist integral =  397.702858587
  Process =  WW
      Dataset =  WWTo1L1Nu2Q  ||   nEvents =  2941220
          hist weight =  1.63993431297*leptonWeight*bjetWeight*puWeight*muonTriggerWeight*EE_L1_prefire_Weight*electronTriggerWeight*genWeightSign*METTriggerWeight
          hist nEntries =  2915.0
          hist integral =  2003.09781265
      Dataset =  WWTo4Q  ||   nEvents =  3776486
          hist weight =  0.755037937384*leptonWeight*bjetWeight*puWeight*muonTriggerWeight*EE_L1_prefire_Weight*electronTriggerWeight*genWeightSign*METTriggerWeight
          hist nEntries =  0.0
          hist integral =  0.0
      Dataset =  WWTo2L2Nu  ||   nEvents =  7729266
          hist weight =  0.0856380411801*leptonWeight*bjetWeight*puWeight*muonTriggerWeight*EE_L1_prefire_Weight*electronTriggerWeight*genWeightSign*METTriggerWeight
          hist nEntries =  1279.0
          hist integral =  107.19054544
  Process =  ttbarPlusJets
      Dataset =  TTToSemiLepton  ||   nEvents =  298193168
          hist weight =  0.0729938554461*leptonWeight*bjetWeight*puWeight*muonTriggerWeight*EE_L1_prefire_Weight*electronTriggerWeight*genWeightSign*METTriggerWeight
          hist nEntries =  450255.0
          hist integral =  31137.6930459
      Dataset =  TTTo2L2Nu  ||   nEvents =  63791484
          hist weight =  0.0817648230287*leptonWeight*bjetWeight*puWeight*muonTriggerWeight*EE_L1_prefire_Weight*electronTriggerWeight*genWeightSign*METTriggerWeight
          hist nEntries =  33695.0
          hist integral =  2653.93399721
  Process =  ttbar scalar
      Dataset =  ttDM_MChi1_MPhi100_scalar  ||   nEvents =  1839899
          hist weight =  0.0234644976708*leptonWeight*bjetWeight*puWeight*muonTriggerWeight*EE_L1_prefire_Weight*electronTriggerWeight*genWeightSign*METTriggerWeight*GenModel__TTbarDMJets_Inclusive_scalar_LO_Mchi_1_Mphi_100_TuneCP5_13TeV_madgraph_mcatnlo_pythia8
          hist nEntries =  40050.0
          hist integral =  920.887026593
  Process =  ZZ
      Dataset =  ZZTo2Q2Nu  ||   nEvents =  36391519
          hist weight =  0.00749222256977*leptonWeight*bjetWeight*puWeight*muonTriggerWeight*EE_L1_prefire_Weight*electronTriggerWeight*genWeightSign*METTriggerWeight
          hist nEntries =  328434.0
          hist integral =  1067.24141322
      Dataset =  ZZTo4L  ||   nEvents =  123387004
          hist weight =  0.000641522181704*leptonWeight*bjetWeight*puWeight*muonTriggerWeight*EE_L1_prefire_Weight*electronTriggerWeight*genWeightSign*METTriggerWeight
          hist nEntries =  236.0
          hist integral =  0.149306992535
      Dataset =  ZZTo2L2Q  ||   nEvents =  17815223
          hist weight =  0.0123670144348*leptonWeight*bjetWeight*puWeight*muonTriggerWeight*EE_L1_prefire_Weight*electronTriggerWeight*genWeightSign*METTriggerWeight
          hist nEntries =  1548.0
          hist integral =  6.68709828984
      Dataset =  ZZTo2L2Nu  ||   nEvents =  56356048
          hist weight =  0.000598289929769*leptonWeight*bjetWeight*puWeight*muonTriggerWeight*EE_L1_prefire_Weight*electronTriggerWeight*genWeightSign*METTriggerWeight
          hist nEntries =  16648.0
          hist integral =  10.1062957197
  Process =  QCD
      Dataset =  Pt170to300  ||   nEvents =  29710000
          hist weight =  207.712622013*leptonWeight*bjetWeight*puWeight*muonTriggerWeight*EE_L1_prefire_Weight*electronTriggerWeight*genWeightSign*METTriggerWeight
          hist nEntries =  6.0
          hist integral =  1545.73547363
      Dataset =  Pt15to30  ||   nEvents =  19451000
TFile::Append:0: RuntimeWarning: Replacing existing TH1: hist (Potential memory leak).
TFile::Append:0: RuntimeWarning: Replacing existing TH1: hist (Potential memory leak).
TFile::Append:0: RuntimeWarning: Replacing existing TH1: hist (Potential memory leak).
TFile::Append:0: RuntimeWarning: Replacing existing TH1: hist (Potential memory leak).
TFile::Append:0: RuntimeWarning: Replacing existing TH1: hist (Potential memory leak).
TFile::Append:0: RuntimeWarning: Replacing existing TH1: hist (Potential memory leak).
TFile::Append:0: RuntimeWarning: Replacing existing TH1: hist (Potential memory leak).
TFile::Append:0: RuntimeWarning: Replacing existing TH1: hist (Potential memory leak).
TFile::Append:0: RuntimeWarning: Replacing existing TH1: hist (Potential memory leak).
TFile::Append:0: RuntimeWarning: Replacing existing TH1: hist (Potential memory leak).
TFile::Append:0: RuntimeWarning: Replacing existing TH1: hist (Potential memory leak).
TFile::Append:0: RuntimeWarning: Replacing existing TH1: hist (Potential memory leak).
TFile::Append:0: RuntimeWarning: Replacing existing TH1: hist (Potential memory leak).
          hist weight =  3832991.61997*leptonWeight*bjetWeight*puWeight*muonTriggerWeight*EE_L1_prefire_Weight*electronTriggerWeight*genWeightSign*METTriggerWeight
          hist nEntries =  0.0
          hist integral =  0.0
      Dataset =  Pt800to1000  ||   nEvents =  36062000
          hist weight =  0.0436014863291*leptonWeight*bjetWeight*puWeight*muonTriggerWeight*EE_L1_prefire_Weight*electronTriggerWeight*genWeightSign*METTriggerWeight
          hist nEntries =  2665.0
          hist integral =  112.89146769
      Dataset =  Pt600to800  ||   nEvents =  64061000
          hist weight =  0.146037120869*leptonWeight*bjetWeight*puWeight*muonTriggerWeight*EE_L1_prefire_Weight*electronTriggerWeight*genWeightSign*METTriggerWeight
          hist nEntries =  1852.0
          hist integral =  257.454119682
      Dataset =  Pt120to170  ||   nEvents =  25255000
          hist weight =  962.27408434*leptonWeight*bjetWeight*puWeight*muonTriggerWeight*EE_L1_prefire_Weight*electronTriggerWeight*genWeightSign*METTriggerWeight
          hist nEntries =  0.0
          hist integral =  0.0
      Dataset =  Pt1000to1400  ||   nEvents =  18485000
          hist weight =  0.024238571815*leptonWeight*bjetWeight*puWeight*muonTriggerWeight*EE_L1_prefire_Weight*electronTriggerWeight*genWeightSign*METTriggerWeight
          hist nEntries =  3000.0
          hist integral =  72.1645490639
      Dataset =  Pt1400to1800  ||   nEvents =  6928000
          hist weight =  0.00558682823326*leptonWeight*bjetWeight*puWeight*muonTriggerWeight*EE_L1_prefire_Weight*electronTriggerWeight*genWeightSign*METTriggerWeight
          hist nEntries =  2371.0
          hist integral =  13.3004965279
      Dataset =  Pt50to80  ||   nEvents =  25580000
          hist weight =  36619.3588741*leptonWeight*bjetWeight*puWeight*muonTriggerWeight*EE_L1_prefire_Weight*electronTriggerWeight*genWeightSign*METTriggerWeight
          hist nEntries =  0.0
          hist integral =  0.0
      Dataset =  Pt1800to2400  ||   nEvents =  4017800
          hist weight =  0.00129581885609*leptonWeight*bjetWeight*puWeight*muonTriggerWeight*EE_L1_prefire_Weight*electronTriggerWeight*genWeightSign*METTriggerWeight
          hist nEntries =  2173.0
          hist integral =  2.80215284112
      Dataset =  Pt3200toInf  ||   nEvents =  925000
          hist weight =  8.71235243243e-06*leptonWeight*bjetWeight*puWeight*muonTriggerWeight*EE_L1_prefire_Weight*electronTriggerWeight*genWeightSign*METTriggerWeight
          hist nEntries =  1747.0
          hist integral =  0.0151960291405
      Dataset =  Pt2400to3200  ||   nEvents =  2394000
          hist weight =  0.000130809139515*leptonWeight*bjetWeight*puWeight*muonTriggerWeight*EE_L1_prefire_Weight*electronTriggerWeight*genWeightSign*METTriggerWeight
          hist nEntries =  2207.0
          hist integral =  0.285515616648
      Dataset =  Pt80to120  ||   nEvents =  29535000
          hist weight =  4724.99204334*leptonWeight*bjetWeight*puWeight*muonTriggerWeight*EE_L1_prefire_Weight*electronTriggerWeight*genWeightSign*METTriggerWeight
          hist nEntries =  0.0
          hist integral =  0.0
      Dataset =  Pt30to50  ||   nEvents =  18488000
          hist weight =  344454.997836*leptonWeight*bjetWeight*puWeight*muonTriggerWeight*EE_L1_prefire_Weight*electronTriggerWeight*genWeightSign*METTriggerWeight
          hist nEntries =  0.0
          hist integral =  0.0
      Dataset =  Pt470to600  ||   nEvents =  42459973
          hist weight =  0.777492816588*leptonWeight*bjetWeight*puWeight*muonTriggerWeight*EE_L1_prefire_Weight*electronTriggerWeight*genWeightSign*METTriggerWeight
          hist nEntries =  544.0
          hist integral =  401.956363678
      Dataset =  Pt300to470  ||   nEvents =  41744000
          hist weight =  9.76871502491*leptonWeight*bjetWeight*puWeight*muonTriggerWeight*EE_L1_prefire_Weight*electronTriggerWeight*genWeightSign*METTriggerWeight
          hist nEntries =  160.0
          hist integral =  1548.15962219
  Process =  ZTo2L
      Dataset =  2LHEZpT50-150  ||   nEvents =  7396689
Applied ZTo2L ewk WeTFile::Append:0: RuntimeWarning: Replacing existing TH1: hist (Potential memory leak).
TFile::Append:0: RuntimeWarning: Replacing existing TH1: hist (Potential memory leak).
TFile::Append:0: RuntimeWarning: Replacing existing TH1: hist (Potential memory leak).
TFile::Append:0: RuntimeWarning: Replacing existing TH1: hist (Potential memory leak).
TFile::Append:0: RuntimeWarning: Replacing existing TH1: hist (Potential memory leak).
TFile::Append:0: RuntimeWarning: Replacing existing TH1: hist (Potential memory leak).
TFile::Append:0: RuntimeWarning: Replacing existing TH1: hist (Potential memory leak).
TFile::Append:0: RuntimeWarning: Replacing existing TH1: hist (Potential memory leak).
TFile::Append:0: RuntimeWarning: Replacing existing TH1: hist (Potential memory leak).
TFile::Append:0: RuntimeWarning: Replacing existing TH1: hist (Potential memory leak).
TFile::Append:0: RuntimeWarning: Replacing existing TH1: hist (Potential memory leak).
TFile::Append:0: RuntimeWarning: Replacing existing TH1: hist (Potential memory leak).
TFile::Append:0: RuntimeWarning: Replacing existing TH1: hist (Potential memory leak).
ights correctly
          hist weight =  1.36494315227*leptonWeight*bjetWeight*puWeight*muonTriggerWeight*EE_L1_prefire_Weight*electronTriggerWeight*genWeightSign*METTriggerWeight*ewkZWeight
          hist nEntries =  15.0
          hist integral =  2.01928460598
      Dataset =  1LHEZpT250-400  ||   nEvents =  4772527
Applied ZTo2L ewk Weights correctly
          hist weight =  0.0137316729691*leptonWeight*bjetWeight*puWeight*muonTriggerWeight*EE_L1_prefire_Weight*electronTriggerWeight*genWeightSign*METTriggerWeight*ewkZWeight
          hist nEntries =  437.0
          hist integral =  2.98325399682
      Dataset =  2LHEZpT250-400  ||   nEvents =  5986226
Applied ZTo2L ewk Weights correctly
          hist weight =  0.0273440394666*leptonWeight*bjetWeight*puWeight*muonTriggerWeight*EE_L1_prefire_Weight*electronTriggerWeight*genWeightSign*METTriggerWeight*ewkZWeight
          hist nEntries =  48795.0
          hist integral =  436.655846447
      Dataset =  1LHEZpT150-250  ||   nEvents =  8123432
Applied ZTo2L ewk Weights correctly
          hist weight =  0.0698633287015*leptonWeight*bjetWeight*puWeight*muonTriggerWeight*EE_L1_prefire_Weight*electronTriggerWeight*genWeightSign*METTriggerWeight*ewkZWeight
          hist nEntries =  59.0
          hist integral =  1.66766874492
      Dataset =  2LHEZpT400-inf  ||   nEvents =  1117339
Applied ZTo2L ewk Weights correctly
          hist weight =  0.0240170691258*leptonWeight*bjetWeight*puWeight*muonTriggerWeight*EE_L1_prefire_Weight*electronTriggerWeight*genWeightSign*METTriggerWeight*ewkZWeight
          hist nEntries =  7289.0
          hist integral =  54.5417427197
      Dataset =  1LHEZpT400-inf  ||   nEvents =  858544
Applied ZTo2L ewk Weights correctly
          hist weight =  0.00839865865931*leptonWeight*bjetWeight*puWeight*muonTriggerWeight*EE_L1_prefire_Weight*electronTriggerWeight*genWeightSign*METTriggerWeight*ewkZWeight
          hist nEntries =  96.0
          hist integral =  0.524153217673
      Dataset =  1LHEZpT50-150  ||   nEvents =  5285022
Applied ZTo2L ewk Weights correctly
          hist weight =  3.56177779392*leptonWeight*bjetWeight*puWeight*muonTriggerWeight*EE_L1_prefire_Weight*electronTriggerWeight*genWeightSign*METTriggerWeight*ewkZWeight
          hist nEntries =  0.0
          hist integral =  0.0
      Dataset =  2LHEZpT150-250  ||   nEvents =  14239483
Applied ZTo2L ewk Weights correctly
          hist weight =  0.0659932807954*leptonWeight*bjetWeight*puWeight*muonTriggerWeight*EE_L1_prefire_Weight*electronTriggerWeight*genWeightSign*METTriggerWeight*ewkZWeight
          hist nEntries =  9617.0
          hist integral =  202.049657948
  Process =  singleTop
      Dataset =  ST_s-channel  ||   nEvents =  12403008
          hist weight =  0.0180139849946*leptonWeight*bjetWeight*puWeight*muonTriggerWeight*EE_L1_prefire_Weight*electronTriggerWeight*genWeightSign*METTriggerWeight
          hist nEntries =  8169.0
          hist integral =  83.3431460559
      Dataset =  ST_t-channel_antitop  ||   nEvents =  74227130
          hist weight =  0.0546558030736*leptonWeight*bjetWeight*puWeight*muonTriggerWeight*EE_L1_prefire_Weight*electronTriggerWeight*genWeightSign*METTriggerWeight
          hist nEntries =  4991.0
          hist integral =  215.244255602
      Dataset =  ST_t-channel_top  ||   nEvents =  144094782
          hist weight =  0.0469728459702*leptonWeight*bjetWeight*puWeight*muonTriggerWeight*EE_L1_prefire_Weight*electronTriggerWeight*genWeightSign*METTriggerWeight
          hist nEntries =  13757.0
          hist integral =  516.489189819
      Dataset =  ST_tW_top  ||   nEvents =  9553912
          hist weight =  0.218289994716*leptonWeight*bjetWeight*puWeight*muonTriggerWeight*EE_L1_prefire_Weight*electronTriggerWeight*genWeightSign*METTriggerWeight
          hist nEntries =  6184.0
          hist integral =  1275.1896013
      Dataset =  ST_tW_antitop  ||   nEvents =  7492620
          hist weight =  0.278822067581*leptonWeight*bjetWeight*puWeight*muonTriggerWeight*EE_L1_prefire_Weight*electronTriggerWeight*genWeightSign*METTriggerWeTFile::Append:0: RuntimeWarning: Replacing existing TH1: hist (Potential memory leak).
TFile::Append:0: RuntimeWarning: Replacing existing TH1: hist (Potential memory leak).
TFile::Append:0: RuntimeWarning: Replacing existing TH1: hist (Potential memory leak).
TFile::Append:0: RuntimeWarning: Replacing existing TH1: hist (Potential memory leak).
TFile::Append:0: RuntimeWarning: Replacing existing TH1: hist (Potential memory leak).
TFile::Append:0: RuntimeWarning: Replacing existing TH1: hist (Potential memory leak).
TFile::Append:0: RuntimeWarning: Replacing existing TH1: hist (Potential memory leak).
TFile::Append:0: RuntimeWarning: Replacing existing TH1: hist (Potential memory leak).
TFile::Append:0: RuntimeWarning: Replacing existing TH1: hist (Potential memory leak).
TFile::Append:0: RuntimeWarning: Replacing existing TH1: hist (Potential memory leak).
ight
          hist nEntries =  4906.0
          hist integral =  1303.64630342
  Process =  WZ
      Dataset =  WZTo2Q2Nu  ||   nEvents =  18549507
          hist weight =  0.0220866743251*leptonWeight*bjetWeight*puWeight*muonTriggerWeight*EE_L1_prefire_Weight*electronTriggerWeight*genWeightSign*METTriggerWeight
          hist nEntries =  278899.0
          hist integral =  3181.5455759
      Dataset =  WZTo3LNu  ||   nEvents =  7049958
          hist weight =  0.0428096848237*leptonWeight*bjetWeight*puWeight*muonTriggerWeight*EE_L1_prefire_Weight*electronTriggerWeight*genWeightSign*METTriggerWeight
          hist nEntries =  1069.0
          hist integral =  20.5307826586
      Dataset =  WZTo1L1Nu2Q  ||   nEvents =  10874643
          hist weight =  0.064054369417*leptonWeight*bjetWeight*puWeight*muonTriggerWeight*EE_L1_prefire_Weight*electronTriggerWeight*genWeightSign*METTriggerWeight
          hist nEntries =  24280.0
          hist integral =  733.516049378
      Dataset =  WZTo1L3Nu  ||   nEvents =  920352
          hist weight =  0.216929044539*leptonWeight*bjetWeight*puWeight*muonTriggerWeight*EE_L1_prefire_Weight*electronTriggerWeight*genWeightSign*METTriggerWeight
          hist nEntries =  3195.0
          hist integral =  329.511076272
      Dataset =  WZTo2L2Q  ||   nEvents =  17048434
          hist weight =  0.0221846733841*leptonWeight*bjetWeight*puWeight*muonTriggerWeight*EE_L1_prefire_Weight*electronTriggerWeight*genWeightSign*METTriggerWeight
          hist nEntries =  2110.0
          hist integral =  21.0272409618
  Process =  WPlusJets
      Dataset =  Pt50To100  ||   nEvents =  7275588
Applied WPlusJets ewk Weights correctly
          hist weight =  29.3051310767*leptonWeight*bjetWeight*puWeight*muonTriggerWeight*EE_L1_prefire_Weight*electronTriggerWeight*genWeightSign*METTriggerWeight*ewkWWeight
          hist nEntries =  6.0
          hist integral =  167.127754211
      Dataset =  Pt250To400  ||   nEvents =  3801794
Applied WPlusJets ewk Weights correctly
          hist weight =  0.434010575007*leptonWeight*bjetWeight*puWeight*muonTriggerWeight*EE_L1_prefire_Weight*electronTriggerWeight*genWeightSign*METTriggerWeight*ewkWWeight
          hist nEntries =  246923.0
          hist integral =  36031.8116302
      Dataset =  Pt600ToInf  ||   nEvents =  1634340
Applied WPlusJets ewk Weights correctly
          hist weight =  0.0200675869158*leptonWeight*bjetWeight*puWeight*muonTriggerWeight*EE_L1_prefire_Weight*electronTriggerWeight*genWeightSign*METTriggerWeight*ewkWWeight
          hist nEntries =  102546.0
          hist integral =  620.614294454
      Dataset =  Pt100To250  ||   nEvents =  187329833
Applied WPlusJets ewk Weights correctly
          hist weight =  0.245491341467*leptonWeight*bjetWeight*puWeight*muonTriggerWeight*EE_L1_prefire_Weight*electronTriggerWeight*genWeightSign*METTriggerWeight*ewkWWeight
          hist nEntries =  190526.0
          hist integral =  14327.4551544
      Dataset =  Pt400To600  ||   nEvents =  4988448
Applied WPlusJets ewk Weights correctly
          hist weight =  0.0430046258877*leptonWeight*bjetWeight*puWeight*muonTriggerWeight*EE_L1_prefire_Weight*electronTriggerWeight*genWeightSign*METTriggerWeight*ewkWWeight
          hist nEntries =  413490.0
          hist integral =  5651.96536158
-----------------------------
Total data background nEvents =  235612.0
Total data background integral =  235612.0
-----------------------------
Total MC background nEvents =  11716362.0
Total MC background integral =  197583.364872
-----------------------------
Total tt+DM signal nEvents =  801.0
Total tt+DM signal integral =  920.887036791
Total t+DM signal nEvents =  422.24
Total t+DM signal integral =  827.61635025
-----------------------------
FOM for tt+DM signal =  0.674449550827
FOM for t+DM signal =  0.650580483929
-----------------------------
Data bin content:
    bin 0: 0.0
    bin 1: 173589.0
    bin 2: 46510.0
    bin 3: 14133.0
    bin 4: 1285.0
    bin 5: 90.0
    bin 6: 5.0
-----------------------------
MC background bin content:
    bin 0: 0.0
    bin 1: Info in <TCanvas::Print>: png file AH2018_nbjets_05_19_2023_withHEMfix_NLO.png has been created
147565.171875
    bin 2: 36805.3515625
    bin 3: 12081.7314453
    bin 4: 1072.64135742
    bin 5: 56.5736122131
    bin 6: 1.89501941204
-----------------------------
tt+DM bin content:
    bin 0: 0.0
    bin 1: 8453.75292969
    bin 2: 21576.1660156
    bin 3: 14102.2646484
    bin 4: 1794.65808105
    bin 5: 112.989364624
    bin 6: 4.52080011368
-----------------------------
t+DM bin content:
    bin 0: 0.0
    bin 1: 11514.9316406
    bin 2: 21522.0
    bin 3: 7681.58398438
    bin 4: 619.844238281
    bin 5: 42.457649231
    bin 6: 0.0
-----------------------------
Data bin errors:
    bin 0: 0.0
    bin 1: 416.640132488
    bin 2: 215.661772227
    bin 3: 118.882294729
    bin 4: 35.8468966579
    bin 5: 9.48683298051
    bin 6: 2.2360679775
-----------------------------
MC background bin errors:
    bin 0: 0.0
    bin 1: 700.879572239
    bin 2: 124.367441411
    bin 3: 55.0802417293
    bin 4: 19.6105242298
    bin 5: 2.37581289354
    bin 6: 0.406496054752
-----------------------------
tt+DM bin errors:
    bin 0: 0.0
    bin 1: 116.124125322
    bin 2: 171.235379783
    bin 3: 129.320375198
    bin 4: 47.2777012945
    bin 5: 12.1820477803
    bin 6: 2.23056269658
-----------------------------
t+DM bin errors:
    bin 0: 0.0
    bin 1: 181.388708747
    bin 2: 234.644986923
    bin 3: 135.94481011
    bin 4: 38.5275355405
    bin 5: 9.79148427114
    bin 6: 0.0
-----------------------------
ZTo2Nu hist info:
    nEvents =  9052265.0
    integral =  90875.3548801
tbar scalar hist info:
    nEvents =  422.24
    integral =  827.61635025
TTTo2L2Nu hist info:
    nEvents =  33695.0
    integral =  2653.93399721
singleTop hist info:
    nEvents =  38007.0
    integral =  3393.9124717
TTV hist info:
    nEvents =  445003.0
    integral =  587.688058857
bkgSum hist info:
    nEvents =  11716362.0
    integral =  197583.364872
ttbar scalar hist info:
    nEvents =  801.0
    integral =  920.887036791
VV hist info:
    nEvents =  660613.0
    integral =  7480.60340109
QCD hist info:
    nEvents =  16725.0
    integral =  3954.76487144
ZTo2L hist info:
    nEvents =  66308.0
    integral =  700.441602588
data hist info:
    nEvents =  235612.0
    integral =  235612.0
WPlusJets hist info:
    nEvents =  953491.0
    integral =  56798.9748723
TTToSemiLepton hist info:
    nEvents =  450255.0
    integral =  31137.6930459
Finished filling histograms
Creating stacked MC background histogram...
Finished stacking MC background histograms.
Drawing histograms...
Finished drawing histograms
Drawing ratio plot...
Plotting end time: 2023-05-19 09:16:48.016760
