plots/plot.py:895: SyntaxWarning: name 'counter' is used prior to global declaration
  global counter
Plotting start time: 2023-03-06 12:00:37.905167
Cut name =  AH1lWR
MC Selection Cuts =  (njets >= 3 && nbjets == 0 && nTightElectrons == 1 && nVetoElectrons == 1 && nLooseMuons == 0 && METcorrected_pt >= 250 && M_T <= 140 && Flag_goodVertices && Flag_globalSuperTightHalo2016Filter && Flag_HBHENoiseFilter && Flag_HBHENoiseIsoFilter && Flag_EcalDeadCellTriggerPrimitiveFilter && Flag_BadPFMuonFilter && ((HLT_Ele27_WPTight_Gsf) || (HLT_Ele115_CaloIdVT_GsfTrkIdT || HLT_Photon175)) && PV_npvsGood > 0 && PV_ndof > 4 && abs(PV_z) < 24 && sqrt(pow(PV_x,2)+pow(PV_y,2)) < 2) || (njets >= 3 && nbjets == 0 && nVetoElectrons == 0 && nTightMuons == 1 && nLooseMuons == 1 && METcorrected_pt >= 250 && M_T <= 140 && Flag_goodVertices && Flag_globalSuperTightHalo2016Filter && Flag_HBHENoiseFilter && Flag_HBHENoiseIsoFilter && Flag_EcalDeadCellTriggerPrimitiveFilter && Flag_BadPFMuonFilter && (HLT_IsoMu24 || HLT_IsoTkMu24) && PV_npvsGood > 0 && PV_ndof > 4 && abs(PV_z) < 24 && sqrt(pow(PV_x,2)+pow(PV_y,2)) < 2)
Data Selection Cuts =  (njets >= 3 && nbjets == 0 && nTightElectrons == 1 && nVetoElectrons == 1 && nLooseMuons == 0 && METcorrected_pt >= 250 && M_T <= 140 && Flag_goodVertices && Flag_globalSuperTightHalo2016Filter && Flag_HBHENoiseFilter && Flag_HBHENoiseIsoFilter && Flag_EcalDeadCellTriggerPrimitiveFilter && Flag_BadPFMuonFilter && ((HLT_Ele27_WPTight_Gsf) || (HLT_Ele115_CaloIdVT_GsfTrkIdT || HLT_Photon175)) && PV_npvsGood > 0 && PV_ndof > 4 && abs(PV_z) < 24 && sqrt(pow(PV_x,2)+pow(PV_y,2)) < 2) || (njets >= 3 && nbjets == 0 && nVetoElectrons == 0 && nTightMuons == 1 && nLooseMuons == 1 && METcorrected_pt >= 250 && M_T <= 140 && Flag_goodVertices && Flag_globalSuperTightHalo2016Filter && Flag_HBHENoiseFilter && Flag_HBHENoiseIsoFilter && Flag_EcalDeadCellTriggerPrimitiveFilter && Flag_BadPFMuonFilter && (HLT_IsoMu24 || HLT_IsoTkMu24) && PV_npvsGood > 0 && PV_ndof > 4 && abs(PV_z) < 24 && sqrt(pow(PV_x,2)+pow(PV_y,2)) < 2) && Flag_eeBadScFilter
var =  METcorrected_pt
year =  2016
lumi =  36.31
saveDirectory =  plots/systematics/CMS_eff_b_light_corr/
date =  03_06_2023
applying HEM fix for 2018...
Creating histograms..
Histogram options: 
    nbins =  15
    xmin =  250
    xmax =  550
    auto_y =  True
    doLogPlot =  True
    drawData =  False
    mediatorType =  scalar
    mchi =  1
    mphi =  100
    normalizePlots =  False
    doBinned =  False
    savePlots =  True
    combineEleMu =  True
    doSys =  False
    doSysFirstHalf =  False
    doSysSecondHalf =  False
    drawOverflow =  True
    drawUnderflow =  False
    plotSys =  True
    plotSysVar =  CMS_eff_b_light_corr
    plotSysSignal =  False
Adding background up/down variation histograms...
    QCD_sysUp histogram made
    QCD_sysDown histogram made
    ZTo2L_sysUp histogram made
    ZTo2L_sysDown histogram made
    VV_sysUp histogram made
    VV_sysDown histogram made
    singleTop_sysUp histogram made
    singleTop_sysDown histogram made
    WPlusJets_sysUp histogram made
    WPlusJets_sysDown histogram made
    TTV_sysUp histogram made
    TTV_sysDown histogram made
    TTTo2L2Nu_sysUp histogram made
    TTTo2L2Nu_sysDown histogram made
    TTToSemiLepton_sysUp histogram made
    TTToSemiLepton_sysDown histogram made
    ZTo2Nu_sysUp histogram made
    ZTo2Nu_sysDown histogram made
    bkgSum_sysUp histogram made
    bkgSum_sysDown histogram made
    ttbar scalar_sysUp histogram made
    ttbar scalar_sysDown histogram made
    tbar scalar_sysUp histogram made
    tbar scalar_sysDown histogram made
Selected SingleMuon, SingleElectron, and SinglePhoton dataset
Loading data sample root files and event trees...
    ----Loading /hdfs/store/user/vshang/SingleElectron_Run2016B/SingleElectron/ModuleCommonSkim_12242022/tree_all.root
    ----Loading /hdfs/store/user/vshang/SingleElectron_Run2016C/SingleElectron/ModuleCommonSkim_12242022/tree_all.root
    ----Loading /hdfs/store/user/vshang/SingleElectron_Run2016D/SingleElectron/ModuleCommonSkim_12242022/tree_all.root
    ----Loading /hdfs/store/user/vshang/SingleElectron_Run2016E/SingleElectron/ModuleCommonSkim_12242022/tree_all.root
    ----Loading /hdfs/store/user/vshang/SingleElectron_Run2016F/SingleElectron/ModuleCommonSkim_12242022/tree_all.root
    ----Loading /hdfs/store/user/vshang/SingleElectron_Run2016G/SingleElectron/ModuleCommonSkim_12242022/tree_all.root
    ----Loading /hdfs/store/user/vshang/SingleElectron_Run2016H/SingleElectron/ModuleCommonSkim_12242022/tree_all.root
    total nevents in  SingleElectron :  155195
    ----Loading /hdfs/store/user/vshang/SinglePhoton_Run2016B/SinglePhoton/ModuleCommonSkim_12242022/tree_all.root
    ----Loading /hdfs/store/user/vshang/SinglePhoton_Run2016C/SinglePhoton/ModuleCommonSkim_12242022/tree_all.root
    ----Loading /hdfs/store/user/vshang/SinglePhoton_Run2016D/SinglePhoton/ModuleCommonSkim_12242022/tree_all.root
    ----Loading /hdfs/store/user/vshang/SinglePhoton_Run2016E/SinglePhoton/ModuleCommonSkim_12242022/tree_all.root
    ----Loading /hdfs/store/user/vshang/SinglePhoton_Run2016F/SinglePhoton/ModuleCommonSkim_12242022/tree_all.root
    ----Loading /hdfs/store/user/vshang/SinglePhoton_Run2016G/SinglePhoton/ModuleCommonSkim_12242022/tree_all.root
    ----Loading /hdfs/store/user/vshang/SinglePhoton_Run2016H/SinglePhoton/ModuleCommonSkim_12242022/tree_all.root
    total nevents in  SinglePhoton :  193430
    ----Loading /hdfs/store/user/vshang/SingleMuon_Run2016B/SingleMuon/ModuleCommonSkim_12242022/tree_all.root
    ----Loading /hdfs/store/user/vshang/SingleMuon_Run2016C/SingleMuon/ModuleCommonSkim_12242022/tree_all.root
    ----Loading /hdfs/store/user/vshang/SingleMuon_Run2016D/SingleMuon/ModuleCommonSkim_12242022/tree_all.root
    ----Loading /hdfs/store/user/vshang/SingleMuon_Run2016E/SingleMuon/ModuleCommonSkim_12242022/tree_all.root
    ----Loading /hdfs/store/user/vshang/SingleMuon_Run2016F/SingleMuon/ModuleCommonSkim_12242022/tree_all.root
    ----Loading /hdfs/store/user/vshang/SingleMuon_Run2016G/SingleMuon/ModuleCommonSkim_12242022/tree_all.root
    ----Loading /hdfs/store/user/vshang/SingleMuon_Run2016H/SingleMuon/ModuleCommonSkim_12242022/tree_all.root
    total nevents in  SingleMuon :  239418
Got data sample root files and event trees
Loading MC sample root files and event trees...
Loading process:  ZTo2Nu
    ----Loading HT600To800
    nevents in  ZTo2Nu   HT600To800 :  1236016
    ----Loading HT1200To2500
    nevents in  ZTo2Nu   HT1200To2500 :  169711
    ----Loading HT100To200
    nevents in  ZTo2Nu   HT100To200 :  9039
    ----Loading HT2500ToInf
    nevents in  ZTo2Nu   HT2500ToInf :  176861
    ----Loading HT400To600
    nevents in  ZTo2Nu   HT400To600 :  1512211
    ----Loading HT200To400
    nevents in  ZTo2Nu   HT200To400 :  973955
    ----Loading HT800To1200
    nevents in  ZTo2Nu   HT800To1200 :  577287
Loading process:  tbar scalar
    ----Loading tChan_MChi1_MPhi100_scalar
    nevents in  tbar scalar   tChan_MChi1_MPhi100_scalar :  332000
    ----Loading tWChan_MChi1_MPhi100_scalar
    nevents in  tbar scalar   tWChan_MChi1_MPhi100_scalar :  201000
Loading process:  TTV
    ----Loading TTZToQQ
    nevents in  TTV   TTZToQQ :  7867
    ----Loading TTWJetsToLNu
    nevents in  TTV   TTWJetsToLNu :  162515
    ----Loading TTWJetsToQQ
    nevents in  TTV   TTWJetsToQQ :  11121
    ----Loading TTZToLLNuNu
    nevents in  TTV   TTZToLLNuNu :  745124
Loading process:  WW
    ----Loading WWTo1L1Nu2Q
    nevents in  WW   WWTo1L1Nu2Q :  19922
    ----Loading WWTo4Q
    nevents in  WW   WWTo4Q :  611
    ----Loading WWTo2L2Nu
    nevents in  WW   WWTo2L2Nu :  12813
Loading process:  ttbarPlusJets
    ----Loading TTToSemiLepton
    nevents in  ttbarPlusJets   TTToSemiLepton :  1851398
    ----Loading TTTo2L2Nu
    nevents in  ttbarPlusJets   TTTo2L2Nu :  1077154
Loading process:  ttbar scalar
    ----Loading ttDM_MChi1_MPhi100_scalar
    nevents in  ttbar scalar   ttDM_MChi1_MPhi100_scalar :  249797
Loading process:  ZZ
    ----Loading ZZTo2Q2Nu
    nevents in  ZZ   ZZTo2Q2Nu :  303512
    ----Loading ZZTo4L
    nevents in  ZZ   ZZTo4L :  51482
    ----Loading ZZTo2L2Q
    nevents in  ZZ   ZZTo2L2Q :  39470
    ----Loading ZZTo2L2Nu
    nevents in  ZZ   ZZTo2L2Info in <TCanvas::MakeDefCanvas>:  created default TCanvas with name c1
TFile::Append:0: RuntimeWarning: Replacing existing TH1: hist (Potential memory leak).
TFile::Append:0: RuntimeWarning: Replacing existing TH1: hist (Potential memory leak).
Nu :  404716
    ----Loading ZZTo4Q
    nevents in  ZZ   ZZTo4Q :  820
Loading process:  QCD
    ----Loading HT700To1000
    nevents in  QCD   HT700To1000 :  19014
    ----Loading HT500To700
    nevents in  QCD   HT500To700 :  2815
    ----Loading HT100To200
    nevents in  QCD   HT100To200 :  111
    ----Loading HT300To500
    nevents in  QCD   HT300To500 :  366
    ----Loading HT200To300
    nevents in  QCD   HT200To300 :  222
    ----Loading HT2000ToInf
    nevents in  QCD   HT2000ToInf :  176236
    ----Loading HT1000To1500
    nevents in  QCD   HT1000To1500 :  49954
    ----Loading HT1500To2000
    nevents in  QCD   HT1500To2000 :  138415
Loading process:  ZTo2L
    ----Loading HT600To800
    nevents in  ZTo2L   HT600To800 :  705290
    ----Loading HT1200To2500
    nevents in  ZTo2L   HT1200To2500 :  78893
    ----Loading HT100To200
    nevents in  ZTo2L   HT100To200 :  1223
    ----Loading HT2500ToInf
    nevents in  ZTo2L   HT2500ToInf :  78321
    ----Loading HT400To600
    nevents in  ZTo2L   HT400To600 :  565990
    ----Loading HT200To400
    nevents in  ZTo2L   HT200To400 :  123522
    ----Loading HT800To1200
    nevents in  ZTo2L   HT800To1200 :  279445
Loading process:  singleTop
    ----Loading ST_s-channel
    nevents in  singleTop   ST_s-channel :  3107
    ----Loading ST_t-channel_antitop
    nevents in  singleTop   ST_t-channel_antitop :  33102
    ----Loading ST_t-channel_top
    nevents in  singleTop   ST_t-channel_top :  67922
    ----Loading ST_tW_top
    nevents in  singleTop   ST_tW_top :  54053
    ----Loading ST_tW_antitop
    nevents in  singleTop   ST_tW_antitop :  52561
Loading process:  WZ
    ----Loading WZTo2Q2Nu
    nevents in  WZ   WZTo2Q2Nu :  266538
    ----Loading WZTo3LNu
    nevents in  WZ   WZTo3LNu :  82044
    ----Loading WZTo1L1Nu2Q
    nevents in  WZ   WZTo1L1Nu2Q :  140942
    ----Loading WZTo1L3Nu
    nevents in  WZ   WZTo1L3Nu :  20360
    ----Loading WZTo2L2Q
    nevents in  WZ   WZTo2L2Q :  93467
Loading process:  WPlusJets
    ----Loading HT600To800
    nevents in  WPlusJets   HT600To800 :  1737223
    ----Loading HT70To100
    nevents in  WPlusJets   HT70To100 :  73
    ----Loading HT1200To2500
    nevents in  WPlusJets   HT1200To2500 :  1138966
    ----Loading HT100To200
    nevents in  WPlusJets   HT100To200 :  7846
    ----Loading HT2500ToInf
    nevents in  WPlusJets   HT2500ToInf :  672477
    ----Loading HT800To1200
    nevents in  WPlusJets   HT800To1200 :  951531
    ----Loading HT200To400
    nevents in  WPlusJets   HT200To400 :  449318
    ----Loading HT400To600
    nevents in  WPlusJets   HT400To600 :  462290
Got MC sample root files and event trees
Filling data histograms...
Filling MC histograms...
  Process =  ZTo2Nu
      Dataset =  HT600To800  ||   nEvents =  1236016
Applied ZTo2Nu qcd/ewk Weights correctly
          hist weight =  0.0751748278339*leptonWeight*bjetWeight*puWeight*muonTriggerWeight*EE_L1_prefire_Weight*electronTriggerWeight*genWeightSign*qcdZTo2NuWeight*ewkZWeight
          hist nEntries =  14.0
          hist integral =  1.28471660614
          Adding up/down varations for systematic given by plotSysVar to MC background histograms...
      Dataset =  HT1200To2500  ||   nEvents =  169711
Applied ZTo2Nu qcd/ewk Weights correctly
          hist weight =  0.0616887667859*leptonWeight*bjetWeight*puWeight*muonTriggerWeight*EE_L1_prefire_Weight*electronTriggerWeight*genWeightSign*qcdZTo2NuWeight*ewkZWeight
          hist nEntries =  8.0
          hist integral =  0.641715694219
          Adding up/down varations for systematic given by plotSysVar to MC background histograms...
      Dataset =  HT100To200  ||   nEvents =  9039
Applied ZTo2Nu qcd/ewk Weights correctly
          hist weight =  1126.17640226*leptonWeight*bjetWeight*puWeight*muonTriggerWeight*EE_L1_prefire_Weight*electronTriggerWeight*genWeightSign*qcdZTo2NuWeight*ewkZWeight
          hist nEntries =  0.0
          hist integral =  0.0
          Adding up/down varations for systematic given by plotSysVar to MC background histograms...
      Dataset =  HT2500ToInf  ||   nEvents =  176TFile::Append:0: RuntimeWarning: Replacing existing TH1: hist (Potential memory leak).
TFile::Append:0: RuntimeWarning: Replacing existing TH1: hist (Potential memory leak).
TFile::Append:0: RuntimeWarning: Replacing existing TH1: hist (Potential memory leak).
TFile::Append:0: RuntimeWarning: Replacing existing TH1: hist (Potential memory leak).
TFile::Append:0: RuntimeWarning: Replacing existing TH1: hist (Potential memory leak).
TFile::Append:0: RuntimeWarning: Replacing existing TH1: hist (Potential memory leak).
TFile::Append:0: RuntimeWarning: Replacing existing TH1: hist (Potential memory leak).
TFile::Append:0: RuntimeWarning: Replacing existing TH1: hist (Potential memory leak).
TFile::Append:0: RuntimeWarning: Replacing existing TH1: hist (Potential memory leak).
TFile::Append:0: RuntimeWarning: Replacing existing TH1: hist (Potential memory leak).
861
Applied ZTo2Nu qcd/ewk Weights correctly
          hist weight =  0.00142582564839*leptonWeight*bjetWeight*puWeight*muonTriggerWeight*EE_L1_prefire_Weight*electronTriggerWeight*genWeightSign*qcdZTo2NuWeight*ewkZWeight
          hist nEntries =  8.0
          hist integral =  0.018734031124
          Adding up/down varations for systematic given by plotSysVar to MC background histograms...
      Dataset =  HT400To600  ||   nEvents =  1512211
Applied ZTo2Nu qcd/ewk Weights correctly
          hist weight =  0.257640170585*leptonWeight*bjetWeight*puWeight*muonTriggerWeight*EE_L1_prefire_Weight*electronTriggerWeight*genWeightSign*qcdZTo2NuWeight*ewkZWeight
          hist nEntries =  12.0
          hist integral =  3.98628622293
          Adding up/down varations for systematic given by plotSysVar to MC background histograms...
      Dataset =  HT200To400  ||   nEvents =  973955
Applied ZTo2Nu qcd/ewk Weights correctly
          hist weight =  2.89561396574*leptonWeight*bjetWeight*puWeight*muonTriggerWeight*EE_L1_prefire_Weight*electronTriggerWeight*genWeightSign*qcdZTo2NuWeight*ewkZWeight
          hist nEntries =  1.0
          hist integral =  3.61712527275
          Adding up/down varations for systematic given by plotSysVar to MC background histograms...
      Dataset =  HT800To1200  ||   nEvents =  577287
Applied ZTo2Nu qcd/ewk Weights correctly
          hist weight =  0.0741940767764*leptonWeight*bjetWeight*puWeight*muonTriggerWeight*EE_L1_prefire_Weight*electronTriggerWeight*genWeightSign*qcdZTo2NuWeight*ewkZWeight
          hist nEntries =  18.0
          hist integral =  1.43903660867
          Adding up/down varations for systematic given by plotSysVar to MC background histograms...
  Process =  tbar scalar
      Dataset =  tChan_MChi1_MPhi100_scalar  ||   nEvents =  332000
          hist weight =  0.0311478554217*leptonWeight*bjetWeight*puWeight*muonTriggerWeight*EE_L1_prefire_Weight*electronTriggerWeight*genWeightSign
          hist nEntries =  32.0
          hist integral =  0.822976582102
          Adding up/down varations for systematic given by plotSysVar to MC background histograms...
      Dataset =  tWChan_MChi1_MPhi100_scalar  ||   nEvents =  201000
          hist weight =  0.00992473333333*leptonWeight*bjetWeight*puWeight*muonTriggerWeight*EE_L1_prefire_Weight*electronTriggerWeight*genWeightSign
          hist nEntries =  441.0
          hist integral =  4.17597878538
          Adding up/down varations for systematic given by plotSysVar to MC background histograms...
  Process =  TTV
      Dataset =  TTZToQQ  ||   nEvents =  7867
          hist weight =  2.44482102453*leptonWeight*bjetWeight*puWeight*muonTriggerWeight*EE_L1_prefire_Weight*electronTriggerWeight*genWeightSign
          hist nEntries =  449.0
          hist integral =  416.076320529
          Adding up/down varations for systematic given by plotSysVar to MC background histograms...
      Dataset =  TTWJetsToLNu  ||   nEvents =  162515
          hist weight =  0.045645835769*leptonWeight*bjetWeight*puWeight*muonTriggerWeight*EE_L1_prefire_Weight*electronTriggerWeight*genWeightSign
          hist nEntries =  8378.0
          hist integral =  160.705625653
          Adding up/down varations for systematic given by plotSysVar to MC background histograms...
      Dataset =  TTWJetsToQQ  ||   nEvents =  11121
          hist weight =  1.32624062584*leptonWeight*bjetWeight*puWeight*muonTriggerWeight*EE_L1_prefire_Weight*electronTriggerWeight*genWeightSign
          hist nEntries =  806.0
          hist integral =  455.255292177
          Adding up/down varations for systematic given by plotSysVar to MC background histograms...
      Dataset =  TTZToLLNuNu  ||   nEvents =  745124
          hist weight =  0.0123238534794*leptonWeight*bjetWeight*puWeight*muonTriggerWeight*EE_L1_prefire_Weight*electronTriggerWeight*genWeightSign
          hist nEntries =  12837.0
          hist integral =  56.5147947669
          Adding up/down varations for systematic given by plotSysVar to MC background histograms...
  Process =  WW
      Dataset =  WWTo1L1Nu2Q TFile::Append:0: RuntimeWarning: Replacing existing TH1: hist (Potential memory leak).
TFile::Append:0: RuntimeWarning: Replacing existing TH1: hist (Potential memory leak).
TFile::Append:0: RuntimeWarning: Replacing existing TH1: hist (Potential memory leak).
TFile::Append:0: RuntimeWarning: Replacing existing TH1: hist (Potential memory leak).
TFile::Append:0: RuntimeWarning: Replacing existing TH1: hist (Potential memory leak).
TFile::Append:0: RuntimeWarning: Replacing existing TH1: hist (Potential memory leak).
TFile::Append:0: RuntimeWarning: Replacing existing TH1: hist (Potential memory leak).
TFile::Append:0: RuntimeWarning: Replacing existing TH1: hist (Potential memory leak).
TFile::Append:0: RuntimeWarning: Replacing existing TH1: hist (Potential memory leak).
TFile::Append:0: RuntimeWarning: Replacing existing TH1: hist (Potential memory leak).
TFile::Append:0: RuntimeWarning: Replacing existing TH1: hist (Potential memory leak).
 ||   nEvents =  19922
          hist weight =  91.124940769*leptonWeight*bjetWeight*puWeight*muonTriggerWeight*EE_L1_prefire_Weight*electronTriggerWeight*genWeightSign
          hist nEntries =  4407.0
          hist integral =  182429.563843
          Adding up/down varations for systematic given by plotSysVar to MC background histograms...
      Dataset =  WWTo4Q  ||   nEvents =  611
          hist weight =  3073.75144026*leptonWeight*bjetWeight*puWeight*muonTriggerWeight*EE_L1_prefire_Weight*electronTriggerWeight*genWeightSign
          hist nEntries =  1.0
          hist integral =  3271.97949219
          Adding up/down varations for systematic given by plotSysVar to MC background histograms...
      Dataset =  WWTo2L2Nu  ||   nEvents =  12813
          hist weight =  34.5105111996*leptonWeight*bjetWeight*puWeight*muonTriggerWeight*EE_L1_prefire_Weight*electronTriggerWeight*genWeightSign
          hist nEntries =  662.0
          hist integral =  21778.2724609
          Adding up/down varations for systematic given by plotSysVar to MC background histograms...
  Process =  ttbarPlusJets
      Dataset =  TTToSemiLepton  ||   nEvents =  1851398
          hist weight =  7.14570745998*leptonWeight*bjetWeight*puWeight*muonTriggerWeight*EE_L1_prefire_Weight*electronTriggerWeight*genWeightSign
          hist nEntries =  51231.0
          hist integral =  345179.911987
          Adding up/down varations for systematic given by plotSysVar to MC background histograms...
      Dataset =  TTTo2L2Nu  ||   nEvents =  1077154
          hist weight =  2.94315028306*leptonWeight*bjetWeight*puWeight*muonTriggerWeight*EE_L1_prefire_Weight*electronTriggerWeight*genWeightSign
          hist nEntries =  14604.0
          hist integral =  40276.2676239
          Adding up/down varations for systematic given by plotSysVar to MC background histograms...
  Process =  ttbar scalar
      Dataset =  ttDM_MChi1_MPhi100_scalar  ||   nEvents =  249797
          hist weight =  0.105045888061*leptonWeight*bjetWeight*puWeight*muonTriggerWeight*EE_L1_prefire_Weight*electronTriggerWeight*genWeightSign*GenModel__TTbarDMJets_Inclusive_scalar_LO_Mchi_1_Mphi_100_TuneCP5_13TeV_madgraph_mcatnlo_pythia8
          hist nEntries =  2384.0
          hist integral =  239.624717236
          Adding up/down varations for systematic given by plotSysVar to MC background histograms...
  Process =  ZZ
      Dataset =  ZZTo2Q2Nu  ||   nEvents =  303512
          hist weight =  0.483316639869*leptonWeight*bjetWeight*puWeight*muonTriggerWeight*EE_L1_prefire_Weight*electronTriggerWeight*genWeightSign
          hist nEntries =  4.0
          hist integral =  0.338117048144
          Adding up/down varations for systematic given by plotSysVar to MC background histograms...
      Dataset =  ZZTo4L  ||   nEvents =  51482
          hist weight =  0.854817606154*leptonWeight*bjetWeight*puWeight*muonTriggerWeight*EE_L1_prefire_Weight*electronTriggerWeight*genWeightSign
          hist nEntries =  394.0
          hist integral =  314.432115495
          Adding up/down varations for systematic given by plotSysVar to MC background histograms...
      Dataset =  ZZTo2L2Q  ||   nEvents =  39470
          hist weight =  2.96220420573*leptonWeight*bjetWeight*puWeight*muonTriggerWeight*EE_L1_prefire_Weight*electronTriggerWeight*genWeightSign
          hist nEntries =  1112.0
          hist integral =  1385.76634407
          Adding up/down varations for systematic given by plotSysVar to MC background histograms...
      Dataset =  ZZTo2L2Nu  ||   nEvents =  404716
          hist weight =  0.0506005198707*leptonWeight*bjetWeight*puWeight*muonTriggerWeight*EE_L1_prefire_Weight*electronTriggerWeight*genWeightSign
          hist nEntries =  4166.0
          hist integral =  199.217617631
          Adding up/down varations for systematic given by plotSysVar to MC background histograms...
      Dataset =  ZZTo4Q  ||   nEvents =  820
          hist weight =  302.967097561*leptonWeight*bjetWeight*puWeight*muonTriggerWeight*EE_L1_prefire_Weight*electronTriggerWeight*genWeightSign
          hist nETFile::Append:0: RuntimeWarning: Replacing existing TH1: hist (Potential memory leak).
TFile::Append:0: RuntimeWarning: Replacing existing TH1: hist (Potential memory leak).
TFile::Append:0: RuntimeWarning: Replacing existing TH1: hist (Potential memory leak).
TFile::Append:0: RuntimeWarning: Replacing existing TH1: hist (Potential memory leak).
TFile::Append:0: RuntimeWarning: Replacing existing TH1: hist (Potential memory leak).
TFile::Append:0: RuntimeWarning: Replacing existing TH1: hist (Potential memory leak).
TFile::Append:0: RuntimeWarning: Replacing existing TH1: hist (Potential memory leak).
TFile::Append:0: RuntimeWarning: Replacing existing TH1: hist (Potential memory leak).
TFile::Append:0: RuntimeWarning: Replacing existing TH1: hist (Potential memory leak).
TFile::Append:0: RuntimeWarning: Replacing existing TH1: hist (Potential memory leak).
ntries =  0.0
          hist integral =  0.0
          Adding up/down varations for systematic given by plotSysVar to MC background histograms...
  Process =  QCD
      Dataset =  HT700To1000  ||   nEvents =  19014
          hist weight =  13044.7885768*leptonWeight*bjetWeight*puWeight*muonTriggerWeight*EE_L1_prefire_Weight*electronTriggerWeight*genWeightSign
          hist nEntries =  10.0
          hist integral =  127888.149414
          Adding up/down varations for systematic given by plotSysVar to MC background histograms...
      Dataset =  HT500To700  ||   nEvents =  2815
          hist weight =  414050.08881*leptonWeight*bjetWeight*puWeight*muonTriggerWeight*EE_L1_prefire_Weight*electronTriggerWeight*genWeightSign
          hist nEntries =  1.0
          hist integral =  440910.46875
          Adding up/down varations for systematic given by plotSysVar to MC background histograms...
      Dataset =  HT100To200  ||   nEvents =  111
          hist weight =  9156008108.11*leptonWeight*bjetWeight*puWeight*muonTriggerWeight*EE_L1_prefire_Weight*electronTriggerWeight*genWeightSign
          hist nEntries =  0.0
          hist integral =  0.0
          Adding up/down varations for systematic given by plotSysVar to MC background histograms...
      Dataset =  HT300To500  ||   nEvents =  366
          hist weight =  34494500.0*leptonWeight*bjetWeight*puWeight*muonTriggerWeight*EE_L1_prefire_Weight*electronTriggerWeight*genWeightSign*(event!=159953384)
          hist nEntries =  0.0
          hist integral =  0.0
          Adding up/down varations for systematic given by plotSysVar to MC background histograms...
      Dataset =  HT200To300  ||   nEvents =  222
          hist weight =  280012252.252*leptonWeight*bjetWeight*puWeight*muonTriggerWeight*EE_L1_prefire_Weight*electronTriggerWeight*genWeightSign
          hist nEntries =  0.0
          hist integral =  0.0
          Adding up/down varations for systematic given by plotSysVar to MC background histograms...
      Dataset =  HT2000ToInf  ||   nEvents =  176236
          hist weight =  5.2002110806*leptonWeight*bjetWeight*puWeight*muonTriggerWeight*EE_L1_prefire_Weight*electronTriggerWeight*genWeightSign
          hist nEntries =  31.0
          hist integral =  161.824924946
          Adding up/down varations for systematic given by plotSysVar to MC background histograms...
      Dataset =  HT1000To1500  ||   nEvents =  49954
          hist weight =  877.330544101*leptonWeight*bjetWeight*puWeight*muonTriggerWeight*EE_L1_prefire_Weight*electronTriggerWeight*genWeightSign
          hist nEntries =  24.0
          hist integral =  21507.5348511
          Adding up/down varations for systematic given by plotSysVar to MC background histograms...
      Dataset =  HT1500To2000  ||   nEvents =  138415
          hist weight =  31.4530144854*leptonWeight*bjetWeight*puWeight*muonTriggerWeight*EE_L1_prefire_Weight*electronTriggerWeight*genWeightSign
          hist nEntries =  48.0
          hist integral =  1384.49804497
          Adding up/down varations for systematic given by plotSysVar to MC background histograms...
  Process =  ZTo2L
      Dataset =  HT600To800  ||   nEvents =  705290
Applied ZTo2L qcd/ewk Weights correctly
          hist weight =  0.070376398361*leptonWeight*bjetWeight*puWeight*muonTriggerWeight*EE_L1_prefire_Weight*electronTriggerWeight*genWeightSign*qcdZTo2LWeight*ewkZWeight
          hist nEntries =  18023.0
          hist integral =  1368.1496706
          Adding up/down varations for systematic given by plotSysVar to MC background histograms...
      Dataset =  HT1200To2500  ||   nEvents =  78893
Applied ZTo2L qcd/ewk Weights correctly
          hist weight =  0.0696808842356*leptonWeight*bjetWeight*puWeight*muonTriggerWeight*EE_L1_prefire_Weight*electronTriggerWeight*genWeightSign*qcdZTo2LWeight*ewkZWeight
          hist nEntries =  2255.0
          hist integral =  164.469558358
          Adding up/down varations for systematic given by plotSysVar to MC background histograms...
      Dataset =  HT100To200  ||   nEvents =  1223
Applied ZTo2L qcd/ewk TFile::Append:0: RuntimeWarning: Replacing existing TH1: hist (Potential memory leak).
TFile::Append:0: RuntimeWarning: Replacing existing TH1: hist (Potential memory leak).
TFile::Append:0: RuntimeWarning: Replacing existing TH1: hist (Potential memory leak).
TFile::Append:0: RuntimeWarning: Replacing existing TH1: hist (Potential memory leak).
TFile::Append:0: RuntimeWarning: Replacing existing TH1: hist (Potential memory leak).
TFile::Append:0: RuntimeWarning: Replacing existing TH1: hist (Potential memory leak).
TFile::Append:0: RuntimeWarning: Replacing existing TH1: hist (Potential memory leak).
TFile::Append:0: RuntimeWarning: Replacing existing TH1: hist (Potential memory leak).
TFile::Append:0: RuntimeWarning: Replacing existing TH1: hist (Potential memory leak).
TFile::Append:0: RuntimeWarning: Replacing existing TH1: hist (Potential memory leak).
Weights correctly
          hist weight =  4376.20114473*leptonWeight*bjetWeight*puWeight*muonTriggerWeight*EE_L1_prefire_Weight*electronTriggerWeight*genWeightSign*qcdZTo2LWeight*ewkZWeight
          hist nEntries =  3.0
          hist integral =  13283.0029297
          Adding up/down varations for systematic given by plotSysVar to MC background histograms...
      Dataset =  HT2500ToInf  ||   nEvents =  78321
Applied ZTo2L qcd/ewk Weights correctly
          hist weight =  0.00165275149704*leptonWeight*bjetWeight*puWeight*muonTriggerWeight*EE_L1_prefire_Weight*electronTriggerWeight*genWeightSign*qcdZTo2LWeight*ewkZWeight
          hist nEntries =  2149.0
          hist integral =  4.40557186306
          Adding up/down varations for systematic given by plotSysVar to MC background histograms...
      Dataset =  HT400To600  ||   nEvents =  565990
Applied ZTo2L qcd/ewk Weights correctly
          hist weight =  0.364261170692*leptonWeight*bjetWeight*puWeight*muonTriggerWeight*EE_L1_prefire_Weight*electronTriggerWeight*genWeightSign*qcdZTo2LWeight*ewkZWeight
          hist nEntries =  9471.0
          hist integral =  3923.03204179
          Adding up/down varations for systematic given by plotSysVar to MC background histograms...
      Dataset =  HT200To400  ||   nEvents =  123522
Applied ZTo2L qcd/ewk Weights correctly
          hist weight =  12.0492454785*leptonWeight*bjetWeight*puWeight*muonTriggerWeight*EE_L1_prefire_Weight*electronTriggerWeight*genWeightSign*qcdZTo2LWeight*ewkZWeight
          hist nEntries =  412.0
          hist integral =  5973.16048527
          Adding up/down varations for systematic given by plotSysVar to MC background histograms...
      Dataset =  HT800To1200  ||   nEvents =  279445
Applied ZTo2L qcd/ewk Weights correctly
          hist weight =  0.0819117321834*leptonWeight*bjetWeight*puWeight*muonTriggerWeight*EE_L1_prefire_Weight*electronTriggerWeight*genWeightSign*qcdZTo2LWeight*ewkZWeight
          hist nEntries =  7836.0
          hist integral =  670.034233093
          Adding up/down varations for systematic given by plotSysVar to MC background histograms...
  Process =  singleTop
      Dataset =  ST_s-channel  ||   nEvents =  3107
          hist weight =  39.2666881236*leptonWeight*bjetWeight*puWeight*muonTriggerWeight*EE_L1_prefire_Weight*electronTriggerWeight*genWeightSign
          hist nEntries =  84.0
          hist integral =  1333.84795952
          Adding up/down varations for systematic given by plotSysVar to MC background histograms...
      Dataset =  ST_t-channel_antitop  ||   nEvents =  33102
          hist weight =  88.7950728053*leptonWeight*bjetWeight*puWeight*muonTriggerWeight*EE_L1_prefire_Weight*electronTriggerWeight*genWeightSign
          hist nEntries =  563.0
          hist integral =  46731.2090607
          Adding up/down varations for systematic given by plotSysVar to MC background histograms...
      Dataset =  ST_t-channel_top  ||   nEvents =  67922
          hist weight =  72.7140867466*leptonWeight*bjetWeight*puWeight*muonTriggerWeight*EE_L1_prefire_Weight*electronTriggerWeight*genWeightSign
          hist nEntries =  1164.0
          hist integral =  78560.818634
          Adding up/down varations for systematic given by plotSysVar to MC background histograms...
      Dataset =  ST_tW_top  ||   nEvents =  54053
          hist weight =  24.0821693523*leptonWeight*bjetWeight*puWeight*muonTriggerWeight*EE_L1_prefire_Weight*electronTriggerWeight*genWeightSign
          hist nEntries =  1968.0
          hist integral =  46282.874939
          Adding up/down varations for systematic given by plotSysVar to MC background histograms...
      Dataset =  ST_tW_antitop  ||   nEvents =  52561
          hist weight =  24.7657673941*leptonWeight*bjetWeight*puWeight*muonTriggerWeight*EE_L1_prefire_Weight*electronTriggerWeight*genWeightSign
          hist nEntries =  2017.0
          hist integral =  47913.5089111
          Adding up/down varations for systematic given by plotSysVar to MC background histograms...
  Process =  WZ
      Dataset =  WZTo2Q2Nu  ||   nEventTFile::Append:0: RuntimeWarning: Replacing existing TH1: hist (Potential memory leak).
TFile::Append:0: RuntimeWarning: Replacing existing TH1: hist (Potential memory leak).
TFile::Append:0: RuntimeWarning: Replacing existing TH1: hist (Potential memory leak).
TFile::Append:0: RuntimeWarning: Replacing existing TH1: hist (Potential memory leak).
TFile::Append:0: RuntimeWarning: Replacing existing TH1: hist (Potential memory leak).
TFile::Append:0: RuntimeWarning: Replacing existing TH1: hist (Potential memory leak).
s =  266538
          hist weight =  0.883848757025*leptonWeight*bjetWeight*puWeight*muonTriggerWeight*EE_L1_prefire_Weight*electronTriggerWeight*genWeightSign
          hist nEntries =  7.0
          hist integral =  4.93169289827
          Adding up/down varations for systematic given by plotSysVar to MC background histograms...
      Dataset =  WZTo3LNu  ||   nEvents =  82044
          hist weight =  1.96041869607*leptonWeight*bjetWeight*puWeight*muonTriggerWeight*EE_L1_prefire_Weight*electronTriggerWeight*genWeightSign
          hist nEntries =  2441.0
          hist integral =  4474.21042633
          Adding up/down varations for systematic given by plotSysVar to MC background histograms...
      Dataset =  WZTo1L1Nu2Q  ||   nEvents =  140942
          hist weight =  2.75914986306*leptonWeight*bjetWeight*puWeight*muonTriggerWeight*EE_L1_prefire_Weight*electronTriggerWeight*genWeightSign
          hist nEntries =  28958.0
          hist integral =  36579.7450867
          Adding up/down varations for systematic given by plotSysVar to MC background histograms...
      Dataset =  WZTo1L3Nu  ||   nEvents =  20360
          hist weight =  5.40904862475*leptonWeight*bjetWeight*puWeight*muonTriggerWeight*EE_L1_prefire_Weight*electronTriggerWeight*genWeightSign
          hist nEntries =  1895.0
          hist integral =  5067.68968964
          Adding up/down varations for systematic given by plotSysVar to MC background histograms...
      Dataset =  WZTo2L2Q  ||   nEvents =  93467
          hist weight =  2.17354199878*leptonWeight*bjetWeight*puWeight*muonTriggerWeight*EE_L1_prefire_Weight*electronTriggerWeight*genWeightSign
          hist nEntries =  3246.0
          hist integral =  3261.24185562
          Adding up/down varations for systematic given by plotSysVar to MC background histograms...
  Process =  WPlusJets
      Dataset =  HT600To800  ||   nEvents =  1737223
Applied WPlusJets qcd/ewk Weights correctly
          hist weight =  0.251859145314*leptonWeight*bjetWeight*puWeight*muonTriggerWeight*EE_L1_prefire_Weight*electronTriggerWeight*genWeightSign*qcdWWeight*ewkWWeight
          hist nEntries =  246206.0
          hist integral =  60483.6956787
          Adding up/down varations for systematic given by plotSysVar to MC background histograms...
DEBUG OUTPUT HERE: 
weightedcut =  0.251859145314*leptonWeight*bjetWeight*puWeight*muonTriggerWeight*EE_L1_prefire_Weight*electronTriggerWeight*genWeightSign*qcdWWeight*ewkWWeight*((njets >= 3 && nbjets == 0 && nTightElectrons == 1 && nVetoElectrons == 1 && nLooseMuons == 0 && METcorrected_pt >= 250 && M_T <= 140 && Flag_goodVertices && Flag_globalSuperTightHalo2016Filter && Flag_HBHENoiseFilter && Flag_HBHENoiseIsoFilter && Flag_EcalDeadCellTriggerPrimitiveFilter && Flag_BadPFMuonFilter && ((HLT_Ele27_WPTight_Gsf) || (HLT_Ele115_CaloIdVT_GsfTrkIdT || HLT_Photon175)) && PV_npvsGood > 0 && PV_ndof > 4 && abs(PV_z) < 24 && sqrt(pow(PV_x,2)+pow(PV_y,2)) < 2) || (njets >= 3 && nbjets == 0 && nVetoElectrons == 0 && nTightMuons == 1 && nLooseMuons == 1 && METcorrected_pt >= 250 && M_T <= 140 && Flag_goodVertices && Flag_globalSuperTightHalo2016Filter && Flag_HBHENoiseFilter && Flag_HBHENoiseIsoFilter && Flag_EcalDeadCellTriggerPrimitiveFilter && Flag_BadPFMuonFilter && (HLT_IsoMu24 || HLT_IsoTkMu24) && PV_npvsGood > 0 && PV_ndof > 4 && abs(PV_z) < 24 && sqrt(pow(PV_x,2)+pow(PV_y,2)) < 2))
weightedcutUp =  0.251859145314*leptonWeight*bjetWeightlightUpCorrelated*puWeight*muonTriggerWeight*EE_L1_prefire_Weight*electronTriggerWeight*genWeightSign*qcdWWeight*ewkWWeight*((njets >= 3 && nbjets == 0 && nTightElectrons == 1 && nVetoElectrons == 1 && nLooseMuons == 0 && METcorrected_pt >= 250 && M_T <= 140 && Flag_goodVertices && Flag_globalSuperTightHalo2016Filter && Flag_HBHENoiseFilter && Flag_HBHENoiseIsoFilter && Flag_EcalDeadCellTriggerPrimitiveFilter && Flag_BadPFMuonFilter && ((HLT_Ele27_WPTight_Gsf) || (HLT_Ele115_CaloIdVT_GsfTrkIdT || HLT_Photon175)) && PV_npvsGood > 0 && PV_ndof > 4 && abs(PV_z) < 24 && sqrt(pow(PV_x,2)+pow(PV_y,2)) < 2) || (njets >= 3 && nbjets == 0 && nVetoTFile::Append:0: RuntimeWarning: Replacing existing TH1: hist (Potential memory leak).
TFile::Append:0: RuntimeWarning: Replacing existing TH1: hist (Potential memory leak).
TFile::Append:0: RuntimeWarning: Replacing existing TH1: hist (Potential memory leak).
TFile::Append:0: RuntimeWarning: Replacing existing TH1: hist (Potential memory leak).
TFile::Append:0: RuntimeWarning: Replacing existing TH1: hist (Potential memory leak).
TFile::Append:0: RuntimeWarning: Replacing existing TH1: hist (Potential memory leak).
Electrons == 0 && nTightMuons == 1 && nLooseMuons == 1 && METcorrected_pt >= 250 && M_T <= 140 && Flag_goodVertices && Flag_globalSuperTightHalo2016Filter && Flag_HBHENoiseFilter && Flag_HBHENoiseIsoFilter && Flag_EcalDeadCellTriggerPrimitiveFilter && Flag_BadPFMuonFilter && (HLT_IsoMu24 || HLT_IsoTkMu24) && PV_npvsGood > 0 && PV_ndof > 4 && abs(PV_z) < 24 && sqrt(pow(PV_x,2)+pow(PV_y,2)) < 2))
weightedcutDown =  0.251859145314*leptonWeight*bjetWeightlightDownCorrelated*puWeight*muonTriggerWeight*EE_L1_prefire_Weight*electronTriggerWeight*genWeightSign*qcdWWeight*ewkWWeight*((njets >= 3 && nbjets == 0 && nTightElectrons == 1 && nVetoElectrons == 1 && nLooseMuons == 0 && METcorrected_pt >= 250 && M_T <= 140 && Flag_goodVertices && Flag_globalSuperTightHalo2016Filter && Flag_HBHENoiseFilter && Flag_HBHENoiseIsoFilter && Flag_EcalDeadCellTriggerPrimitiveFilter && Flag_BadPFMuonFilter && ((HLT_Ele27_WPTight_Gsf) || (HLT_Ele115_CaloIdVT_GsfTrkIdT || HLT_Photon175)) && PV_npvsGood > 0 && PV_ndof > 4 && abs(PV_z) < 24 && sqrt(pow(PV_x,2)+pow(PV_y,2)) < 2) || (njets >= 3 && nbjets == 0 && nVetoElectrons == 0 && nTightMuons == 1 && nLooseMuons == 1 && METcorrected_pt >= 250 && M_T <= 140 && Flag_goodVertices && Flag_globalSuperTightHalo2016Filter && Flag_HBHENoiseFilter && Flag_HBHENoiseIsoFilter && Flag_EcalDeadCellTriggerPrimitiveFilter && Flag_BadPFMuonFilter && (HLT_IsoMu24 || HLT_IsoTkMu24) && PV_npvsGood > 0 && PV_ndof > 4 && abs(PV_z) < 24 && sqrt(pow(PV_x,2)+pow(PV_y,2)) < 2))
var =  METcorrected_pt
varUp =  METcorrected_pt
varDown =  METcorrected_pt
      Dataset =  HT70To100  ||   nEvents =  73
Applied WPlusJets qcd/ewk Weights correctly
          hist weight =  682429.041096*leptonWeight*bjetWeight*puWeight*muonTriggerWeight*EE_L1_prefire_Weight*electronTriggerWeight*genWeightSign*qcdWWeight*ewkWWeight
          hist nEntries =  0.0
          hist integral =  0.0
          Adding up/down varations for systematic given by plotSysVar to MC background histograms...
      Dataset =  HT1200To2500  ||   nEvents =  1138966
Applied WPlusJets qcd/ewk Weights correctly
          hist weight =  0.0423682445306*leptonWeight*bjetWeight*puWeight*muonTriggerWeight*EE_L1_prefire_Weight*electronTriggerWeight*genWeightSign*qcdWWeight*ewkWWeight
          hist nEntries =  185556.0
          hist integral =  7095.27394104
          Adding up/down varations for systematic given by plotSysVar to MC background histograms...
      Dataset =  HT100To200  ||   nEvents =  7846
Applied WPlusJets qcd/ewk Weights correctly
          hist weight =  6224.43920469*leptonWeight*bjetWeight*puWeight*muonTriggerWeight*EE_L1_prefire_Weight*electronTriggerWeight*genWeightSign*qcdWWeight*ewkWWeight
          hist nEntries =  11.0
          hist integral =  76287.140625
          Adding up/down varations for systematic given by plotSysVar to MC background histograms...
      Dataset =  HT2500ToInf  ||   nEvents =  672477
Applied WPlusJets qcd/ewk Weights correctly
          hist weight =  0.00173646028043*leptonWeight*bjetWeight*puWeight*muonTriggerWeight*EE_L1_prefire_Weight*electronTriggerWeight*genWeightSign*qcdWWeight*ewkWWeight
          hist nEntries =  86017.0
          hist integral =  153.944974422
          Adding up/down varations for systematic given by plotSysVar to MC background histograms...
      Dataset =  HT800To1200  ||   nEvents =  951531
Applied WPlusJets qcd/ewk Weights correctly
          hist weight =  0.20991571478*leptonWeight*bjetWeight*puWeight*muonTriggerWeight*EE_L1_prefire_Weight*electronTriggerWeight*genWeightSign*qcdWWeight*ewkWWeight
          hist nEntries =  157319.0
          hist integral =  30303.1867065
          Adding up/down varations for systematic given by plotSysVar to MC background histograms...
      Dataset =  HT200To400  ||   nEvents =  449318
Applied WPlusJets qcd/ewk Weights correctly
          hist weight =  29.0678472708*leptonWeight*bjetWeight*puWeight*muonTriggerWeight*EE_L1_prefire_Weight*electronTriggerWeight*genWeightSign*qcdWWeight*ewkWWeight
          hist nEntries =  10235.0
          hist integralTFile::Append:0: RuntimeWarning: Replacing existing TH1: hist (Potential memory leak).
 =  336910.120676
          Adding up/down varations for systematic given by plotSysVar to MC background histograms...
      Dataset =  HT400To600  ||   nEvents =  462290
Applied WPlusJets qcd/ewk Weights correctly
          hist weight =  3.84157585066*leptonWeight*bjetWeight*puWeight*muonTriggerWeight*EE_L1_prefire_Weight*electronTriggerWeight*genWeightSign*qcdWWeight*ewkWWeight
          hist nEntries =  40715.0
          hist integral =  165683.088943
          Adding up/down varations for systematic given by plotSysVar to MC background histograms...
-----------------------------
Total data background nEvents =  0.0
Total data background integral =  0.0
-----------------------------
Total MC background nEvents =  907777.0
Total MC background integral =  2160300.5166
-----------------------------
Total tt+DM signal nEvents =  2384.0
Total tt+DM signal integral =  239.624717236
Total t+DM signal nEvents =  473.0
Total t+DM signal integral =  4.99895541929
-----------------------------
FOM for tt+DM signal =  0.140178894297
FOM for t+DM signal =  0.00338959333293
-----------------------------
Data bin content:
    bin 0: 0.0
    bin 1: 0.0
    bin 2: 0.0
    bin 3: 0.0
    bin 4: 0.0
    bin 5: 0.0
    bin 6: 0.0
    bin 7: 0.0
    bin 8: 0.0
    bin 9: 0.0
    bin 10: 0.0
    bin 11: 0.0
    bin 12: 0.0
    bin 13: 0.0
    bin 14: 0.0
    bin 15: 0.0
    bin 16: 0.0
-----------------------------
MC background bin content:
    bin 0: 0.0
    bin 1: 1019178.125
    bin 2: 375310.96875
    bin 3: 202549.703125
    bin 4: 155769.171875
    bin 5: 101468.210938
    bin 6: 69768.5078125
    bin 7: 52041.5820312
    bin 8: 39382.1015625
    bin 9: 31456.7070312
    bin 10: 21141.7285156
    bin 11: 18479.6796875
    bin 12: 13535.5058594
    bin 13: 11503.8554688
    bin 14: 8208.69628906
    bin 15: 6509.5234375
    bin 16: 33996.4492188
-----------------------------
tt+DM bin content:
    bin 0: 0.0
    bin 1: 51.9406547546
    bin 2: 42.9435768127
    bin 3: 30.5523929596
    bin 4: 24.1415157318
    bin 5: 18.3690948486
    bin 6: 15.2168951035
    bin 7: 11.1047525406
    bin 8: 8.7568397522
    bin 9: 6.07214689255
    bin 10: 5.34792423248
    bin 11: 4.04763364792
    bin 12: 4.32482481003
    bin 13: 4.18736743927
    bin 14: 2.16292786598
    bin 15: 1.91995024681
    bin 16: 8.53621959686
-----------------------------
t+DM bin content:
    bin 0: 0.0
    bin 1: 0.812252879143
    bin 2: 0.67036062479
    bin 3: 0.743666410446
    bin 4: 0.476272135973
    bin 5: 0.370025932789
    bin 6: 0.306640386581
    bin 7: 0.343314111233
    bin 8: 0.289577484131
    bin 9: 0.155228570104
    bin 10: 0.201547205448
    bin 11: 0.11344397068
    bin 12: 0.0364250913262
    bin 13: 0.100373208523
    bin 14: 0.0746087282896
    bin 15: 0.0160786043853
    bin 16: 0.289140075445
-----------------------------
Data bin errors:
    bin 0: 0.0
    bin 1: 0.0
    bin 2: 0.0
    bin 3: 0.0
    bin 4: 0.0
    bin 5: 0.0
    bin 6: 0.0
    bin 7: 0.0
    bin 8: 0.0
    bin 9: 0.0
    bin 10: 0.0
    bin 11: 0.0
    bin 12: 0.0
    bin 13: 0.0
    bin 14: 0.0
    bin 15: 0.0
    bin 16: 0.0
-----------------------------
MC background bin errors:
    bin 0: 0.0
    bin 1: 442479.53645
    bin 2: 29953.3944085
    bin 3: 3576.40156491
    bin 4: 10194.6630545
    bin 5: 5077.90196113
    bin 6: 1985.7015801
    bin 7: 1640.13754217
    bin 8: 1915.0371548
    bin 9: 1534.75982852
    bin 10: 1058.81027331
    bin 11: 991.062631261
    bin 12: 862.2001828
    bin 13: 796.918322128
    bin 14: 693.17173045
    bin 15: 623.497372131
    bin 16: 1527.49244
-----------------------------
tt+DM bin errors:
    bin 0: 0.0
    bin 1: 2.36617494075
    bin 2: 2.15665373686
    bin 3: 1.81129553518
    bin 4: 1.61036172807
    bin 5: 1.41665386243
    bin 6: 1.27818783205
    bin 7: 1.09244064932
    bin 8: 0.99539997024
    bin 9: 0.80055835187
    bin 10: 0.76336201081
    bin 11: 0.680620540467
    bin 12: 0.672782639192
    bin 13: 0.666950064014
    bin 14: 0.476948787089
    bin 15: 0.493149598959
    bin 16: 1.01573057547
--------------------Info in <TCanvas::Print>: png file plots/systematics/CMS_eff_b_light_corr/03_06_2023/AH1lWR2016_METcorrected_pt_CMS_eff_b_light_corr_03_06_2023_NLO.png has been created
---------
t+DM bin errors:
    bin 0: 0.0
    bin 1: 0.108223374951
    bin 2: 0.0910777749338
    bin 3: 0.105490432801
    bin 4: 0.0697517605662
    bin 5: 0.0689084238797
    bin 6: 0.0680486783339
    bin 7: 0.0686194678641
    bin 8: 0.0669269517017
    bin 9: 0.0392441661745
    bin 10: 0.0576799071902
    bin 11: 0.0426484426742
    bin 12: 0.0184896127901
    bin 13: 0.0439864855873
    bin 14: 0.0276906115963
    bin 15: 0.0113597064198
    bin 16: 0.0543062111545
-----------------------------
ZTo2Nu hist info:
    nEvents =  61.0
    integral =  10.9876143045
ZTo2Nu histUp info:
    nEvents =  61.0
    integral =  10.9358381741
ZTo2Nu histDown info:
    nEvents =  61.0
    integral =  11.0395664115
tbar scalar hist info:
    nEvents =  473.0
    integral =  4.99895541929
tbar scalar histUp info:
    nEvents =  473.0
    integral =  4.98132499307
tbar scalar histDown info:
    nEvents =  473.0
    integral =  5.0166280251
TTTo2L2Nu hist info:
    nEvents =  14604.0
    integral =  40276.2676239
TTTo2L2Nu histUp info:
    nEvents =  14604.0
    integral =  40097.761261
TTTo2L2Nu histDown info:
    nEvents =  14604.0
    integral =  40455.3667145
singleTop hist info:
    nEvents =  5796.0
    integral =  220822.255493
singleTop histUp info:
    nEvents =  5796.0
    integral =  220003.794434
singleTop histDown info:
    nEvents =  5796.0
    integral =  221642.845947
TTV hist info:
    nEvents =  22470.0
    integral =  1088.55204177
TTV histUp info:
    nEvents =  22470.0
    integral =  1083.89422417
TTV histDown info:
    nEvents =  22470.0
    integral =  1093.22702861
bkgSum hist info:
    nEvents =  907777.0
    integral =  2160300.5166
bkgSum histUp info:
    nEvents =  907777.0
    integral =  2152346.52832
bkgSum histDown info:
    nEvents =  907777.0
    integral =  2168276.17432
ttbar scalar hist info:
    nEvents =  2384.0
    integral =  239.624717236
ttbar scalar histUp info:
    nEvents =  2384.0
    integral =  238.798764467
ttbar scalar histDown info:
    nEvents =  2384.0
    integral =  240.452965379
VV hist info:
    nEvents =  47293.0
    integral =  258767.393555
VV histUp info:
    nEvents =  47293.0
    integral =  257470.269287
VV histDown info:
    nEvents =  47293.0
    integral =  260069.342163
QCD hist info:
    nEvents =  114.0
    integral =  591852.466806
QCD histUp info:
    nEvents =  114.0
    integral =  590292.839201
QCD histDown info:
    nEvents =  114.0
    integral =  593414.727899
ZTo2L hist info:
    nEvents =  40149.0
    integral =  25386.2553596
ZTo2L histUp info:
    nEvents =  40149.0
    integral =  25277.7260323
ZTo2L histDown info:
    nEvents =  40149.0
    integral =  25495.0826435
data hist info:
    nEvents =  0.0
    integral =  0.0
WPlusJets hist info:
    nEvents =  726059.0
    integral =  676916.451904
WPlusJets histUp info:
    nEvents =  726059.0
    integral =  674112.870728
WPlusJets histDown info:
    nEvents =  726059.0
    integral =  679728.02002
TTToSemiLepton hist info:
    nEvents =  51231.0
    integral =  345179.911987
TTToSemiLepton histUp info:
    nEvents =  51231.0
    integral =  343996.358276
TTToSemiLepton histDown info:
    nEvents =  51231.0
    integral =  346366.547729
Finished filling histograms
Creating stacked MC background histogram...
Finished stacking MC background histograms.
Drawing histograms...
Finished drawing histograms
Drawing ratio plot...
Finished drawing ratio plot
Plotting end time: 2023-03-06 12:07:26.038168
