Plotting start time: 2021-07-15 02:34:28.592138
Cut name =  SL2lTR
MC Selection Cuts =  (njets >= 2 && nbjets >= 1 && nTightElectrons  == 2 && nVetoElectrons == 2 && nLooseMuons == 0 && METcorrected_pt >= 250 && M_T2ll <= 80 && Flag_goodVertices && Flag_globalSuperTightHalo2016Filter && Flag_HBHENoiseFilter && Flag_HBHENoiseIsoFilter && Flag_EcalDeadCellTriggerPrimitiveFilter && Flag_BadPFMuonFilter && Flag_ecalBadCalibFilterV2 && ((HLT_Ele32_WPTight_Gsf) || (HLT_Ele115_CaloIdVT_GsfTrkIdT || HLT_Photon200)) && ((METcorrected_phi <= -1.62) || (METcorrected_phi >= -0.82))) || (njets >= 2 && nbjets >= 1 && nVetoElectrons  == 0 && nTightMuons == 2 && nLooseMuons == 2 && METcorrected_pt >= 250 && M_T2ll <= 80 && Flag_goodVertices && Flag_globalSuperTightHalo2016Filter && Flag_HBHENoiseFilter && Flag_HBHENoiseIsoFilter && Flag_EcalDeadCellTriggerPrimitiveFilter && Flag_BadPFMuonFilter && Flag_ecalBadCalibFilterV2 && (HLT_IsoMu24) && ((METcorrected_phi <= -1.62) || (METcorrected_phi >= -0.82))) || (njets >= 2 && nbjets >= 1 && nTightElectrons  == 1 && nVetoElectrons == 1 && nTightMuons == 1 && nLooseMuons == 1 && METcorrected_pt >= 250 && M_T2ll <= 80 && tightElectron1_charge != tightMuon1_charge && Flag_goodVertices && Flag_globalSuperTightHalo2016Filter && Flag_HBHENoiseFilter && Flag_HBHENoiseIsoFilter && Flag_EcalDeadCellTriggerPrimitiveFilter && Flag_BadPFMuonFilter && Flag_ecalBadCalibFilterV2 && (HLT_IsoMu24) && ((METcorrected_phi <= -1.62) || (METcorrected_phi >= -0.82)))
Data Selection Cuts =  (njets >= 2 && nbjets >= 1 && nTightElectrons  == 2 && nVetoElectrons == 2 && nLooseMuons == 0 && METcorrected_pt >= 250 && M_T2ll <= 80 && Flag_goodVertices && Flag_globalSuperTightHalo2016Filter && Flag_HBHENoiseFilter && Flag_HBHENoiseIsoFilter && Flag_EcalDeadCellTriggerPrimitiveFilter && Flag_BadPFMuonFilter && Flag_ecalBadCalibFilterV2 && ((HLT_Ele32_WPTight_Gsf) || (HLT_Ele115_CaloIdVT_GsfTrkIdT || HLT_Photon200)) && ((METcorrected_phi <= -1.62) || (METcorrected_phi >= -0.82))) || (njets >= 2 && nbjets >= 1 && nVetoElectrons  == 0 && nTightMuons == 2 && nLooseMuons == 2 && METcorrected_pt >= 250 && M_T2ll <= 80 && Flag_goodVertices && Flag_globalSuperTightHalo2016Filter && Flag_HBHENoiseFilter && Flag_HBHENoiseIsoFilter && Flag_EcalDeadCellTriggerPrimitiveFilter && Flag_BadPFMuonFilter && Flag_ecalBadCalibFilterV2 && (HLT_IsoMu24) && ((METcorrected_phi <= -1.62) || (METcorrected_phi >= -0.82))) || (njets >= 2 && nbjets >= 1 && nTightElectrons  == 1 && nVetoElectrons == 1 && nTightMuons == 1 && nLooseMuons == 1 && METcorrected_pt >= 250 && M_T2ll <= 80 && tightElectron1_charge != tightMuon1_charge && Flag_goodVertices && Flag_globalSuperTightHalo2016Filter && Flag_HBHENoiseFilter && Flag_HBHENoiseIsoFilter && Flag_EcalDeadCellTriggerPrimitiveFilter && Flag_BadPFMuonFilter && Flag_ecalBadCalibFilterV2 && (HLT_IsoMu24) && ((METcorrected_phi <= -1.62) || (METcorrected_phi >= -0.82))) && Flag_eeBadScFilter
var =  METcorrected_phi
year =  2018
lumi =  59.83
saveDirectory =  plots/CR_2018/METcorrected_pt/
date =  07_15_2021
Creating histograms..
Finished making systematic histogram dictionary
Drawing data and ratio plot...
Selected both SingleMuon and SingleElectron dataset
Loading data sample root files and event trees...
    nevents in filepath = /hdfs/store/user/vshang/SingleElectron_Run2018A/EGamma/ModuleCommonSkim_06172021/tree_all.root: 143361
    nevents in filepath = /hdfs/store/user/vshang/SingleElectron_Run2018B/EGamma/ModuleCommonSkim_06172021/tree_all.root: 75698
    nevents in filepath = /hdfs/store/user/vshang/SingleElectron_Run2018C/EGamma/ModuleCommonSkim_06172021/tree_all.root: 129594
    nevents in filepath = /hdfs/store/user/vshang/SingleElectron_Run2018D/EGamma/ModuleCommonSkim_06172021/tree_all.root: 660806
    total nevents in  SingleElectron :  1009459
    nevents in filepath = /hdfs/store/user/vshang/SingleMuon_Run2018A/SingleMuon/ModuleCommonSkim_06172021/tree_all.root: 218787
    nevents in filepath = /hdfs/store/user/vshang/SingleMuon_Run2018B/SingleMuon/ModuleCommonSkim_06172021/tree_all.root: 124283
 Info in <TCanvas::MakeDefCanvas>:  created default TCanvas with name c1
TFile::Append:0: RuntimeWarning: Replacing existing TH1: hist (Potential memory leak).
   nevents in filepath = /hdfs/store/user/vshang/SingleMuon_Run2018C/SingleMuon/ModuleCommonSkim_06172021/tree_all.root: 141514
    nevents in filepath = /hdfs/store/user/vshang/SingleMuon_Run2018D/SingleMuon/ModuleCommonSkim_06172021/tree_all.root: 663427
    total nevents in  SingleMuon :  1148011
Got data sample root files and event trees
Loading MC sample root files and event trees...
    nevents in  ZTo2Nu   HT600To800 :  5748975
    nevents in  ZTo2Nu   HT1200To2500 :  343198
    nevents in  ZTo2Nu   HT100To200 :  23702894
    nevents in  ZTo2Nu   HT2500ToInf :  359639
    nevents in  ZTo2Nu   HT800To1200 :  2066798
    nevents in  ZTo2Nu   HT200To400 :  23276346
    nevents in  ZTo2Nu   HT400To600 :  9511100
    nevents in  WW   WWTo1L1Nu2Q :  4683136
    nevents in  WW   WWTo4Q :  3790800
    nevents in  WW   WWTo2L2Nu :  7758900
    nevents in  ttbarPlusJets   TTToSemiLepton :  300619998
    nevents in  ttbarPlusJets   TTTo2L2Nu :  64310000
    nevents in  ttbar scalar   ttDM_MChi1_MPhi100_scalar :  1842523
    nevents in  ZZ   ZZTo2Q2Nu :  57633049
    nevents in  ZZ   ZZTo4L :  124649500
    nevents in  ZZ   ZZTo2L2Q :  27900469
    nevents in  ZZ   ZZTo2L2Nu :  56428600
    nevents in  QCD   HT700To1000 :  48158738
    nevents in  QCD   HT500To700 :  55152960
    nevents in  QCD   HT2000ToInf :  5475677
    nevents in  QCD   HT1000To1500 :  15466225
    nevents in  QCD   HT1500To2000 :  10955087
    nevents in  QCD   HT100To200 :  93972378
    nevents in  QCD   HT300To500 :  54661579
    nevents in  QCD   HT200To300 :  54289442
    nevents in  WZ   WZTo2Q2Nu :  30887331
    nevents in  WZ   WZTo2L2Q :  28193648
    nevents in  WZ   WZTo3LNu :  11248318
    nevents in  WZ   WZTo1L3Nu :  1690064
    nevents in  WZ   WZTo1L1Nu2Q :  18273533
    nevents in  ttbar pseudoscalar   ttDM_MChi1_MPhi100_pseudo :  1607992
    nevents in  TTV   TTZToQQ :  9572000
    nevents in  TTV   TTWJetsToLNu :  4911941
    nevents in  TTV   TTWJetsToQQ :  835296
    nevents in  TTV   TTZToLLNuNu :  13280000
    nevents in  ZTo2L   HT600To800 :  8862104
    nevents in  ZTo2L   HT1200To2500 :  536416
    nevents in  ZTo2L   HT100To200 :  11530510
    nevents in  ZTo2L   HT2500ToInf :  427051
    nevents in  ZTo2L   HT800To1200 :  3138129
    nevents in  ZTo2L   HT200To400 :  10860690
    nevents in  ZTo2L   HT400To600 :  46161988
    nevents in  singleTop   ST_s-channel :  19890000
    nevents in  singleTop   ST_t-channel_antitop :  79090800
    nevents in  singleTop   ST_tW_top :  9598000
    nevents in  singleTop   ST_t-channel_top :  154307600
    nevents in  singleTop   ST_tW_antitop :  7527000
    nevents in  WPlusJets   HT200To400 :  25468933
    nevents in  WPlusJets   HT70To100 :  28084244
    nevents in  WPlusJets   HT600To800 :  19771294
    nevents in  WPlusJets   HT1200To2500 :  7633949
    nevents in  WPlusJets   HT100To200 :  29425374
    nevents in  WPlusJets   HT400To600 :  5932701
    nevents in  WPlusJets   HT2500ToInf :  3273980
    nevents in  WPlusJets   HT800To1200 :  8402687
Got MC sample root files and event trees
Filling histograms...
  Dataset =  SingleElectron  ||   nEvents =  1009459
  Using cut =  njets >= 2 && nbjets >= 1 && nTightElectrons  == 2 && nVetoElectrons == 2 && nLooseMuons == 0 && METcorrected_pt >= 250 && M_T2ll <= 80 && Flag_goodVertices && Flag_globalSuperTightHalo2016Filter && Flag_HBHENoiseFilter && Flag_HBHENoiseIsoFilter && Flag_EcalDeadCellTriggerPrimitiveFilter && Flag_BadPFMuonFilter && Flag_ecalBadCalibFilterV2 && ((HLT_Ele32_WPTight_Gsf) || (HLT_Ele115_CaloIdVT_GsfTrkIdT || HLT_Photon200)) && ((METcorrected_phi <= -1.62) || (METcorrected_phi >= -0.82)) && Flag_eeBadScFilter
    hist nEntries =  76.0
    hist integral =  72.0
    hist_data nEntries =  76.0
    hist_data integral =  72.0
  Using cut =  njets >= 2 && nbjets >= 1 && nTightElectrons  == 2 && nVetoElectrons == 2 && nLooseMuons == 0 && METcorrected_pt >= 250 && M_T2ll <= 80 && Flag_goodVertices && Flag_globalSuperTightHalo2016Filter && Flag_HBHENoiseFilter && Flag_HBHENoiseIsoFilter && Flag_EcalDeadCellTriggerPrimitiveFiltTFile::Append:0: RuntimeWarning: Replacing existing TH1: hist (Potential memory leak).
TFile::Append:0: RuntimeWarning: Replacing existing TH1: hist (Potential memory leak).
TFile::Append:0: RuntimeWarning: Replacing existing TH1: hist (Potential memory leak).
TFile::Append:0: RuntimeWarning: Replacing existing TH1: hist (Potential memory leak).
TFile::Append:0: RuntimeWarning: Replacing existing TH1: hist (Potential memory leak).
er && Flag_BadPFMuonFilter && Flag_ecalBadCalibFilterV2 && ((HLT_Ele32_WPTight_Gsf) || (HLT_Ele115_CaloIdVT_GsfTrkIdT || HLT_Photon200)) && ((METcorrected_phi <= -1.62) || (METcorrected_phi >= -0.82)) && Flag_eeBadScFilter
    hist nEntries =  42.0
    hist integral =  41.0
    hist_data nEntries =  118.0
    hist_data integral =  113.0
  Using cut =  njets >= 2 && nbjets >= 1 && nTightElectrons  == 2 && nVetoElectrons == 2 && nLooseMuons == 0 && METcorrected_pt >= 250 && M_T2ll <= 80 && Flag_goodVertices && Flag_globalSuperTightHalo2016Filter && Flag_HBHENoiseFilter && Flag_HBHENoiseIsoFilter && Flag_EcalDeadCellTriggerPrimitiveFilter && Flag_BadPFMuonFilter && Flag_ecalBadCalibFilterV2 && ((HLT_Ele32_WPTight_Gsf) || (HLT_Ele115_CaloIdVT_GsfTrkIdT || HLT_Photon200)) && ((METcorrected_phi <= -1.62) || (METcorrected_phi >= -0.82)) && Flag_eeBadScFilter
    hist nEntries =  42.0
    hist integral =  42.0
    hist_data nEntries =  160.0
    hist_data integral =  155.0
  Using cut =  njets >= 2 && nbjets >= 1 && nTightElectrons  == 2 && nVetoElectrons == 2 && nLooseMuons == 0 && METcorrected_pt >= 250 && M_T2ll <= 80 && Flag_goodVertices && Flag_globalSuperTightHalo2016Filter && Flag_HBHENoiseFilter && Flag_HBHENoiseIsoFilter && Flag_EcalDeadCellTriggerPrimitiveFilter && Flag_BadPFMuonFilter && Flag_ecalBadCalibFilterV2 && ((HLT_Ele32_WPTight_Gsf) || (HLT_Ele115_CaloIdVT_GsfTrkIdT || HLT_Photon200)) && ((METcorrected_phi <= -1.62) || (METcorrected_phi >= -0.82)) && Flag_eeBadScFilter
    hist nEntries =  191.0
    hist integral =  187.0
    hist_data nEntries =  351.0
    hist_data integral =  342.0
  Dataset =  SingleMuon  ||   nEvents =  1148011
  Using cut =  ((njets >= 2 && nbjets >= 1 && nVetoElectrons  == 0 && nTightMuons == 2 && nLooseMuons == 2 && METcorrected_pt >= 250 && M_T2ll <= 80 && Flag_goodVertices && Flag_globalSuperTightHalo2016Filter && Flag_HBHENoiseFilter && Flag_HBHENoiseIsoFilter && Flag_EcalDeadCellTriggerPrimitiveFilter && Flag_BadPFMuonFilter && Flag_ecalBadCalibFilterV2 && (HLT_IsoMu24) && ((METcorrected_phi <= -1.62) || (METcorrected_phi >= -0.82))) || (njets >= 2 && nbjets >= 1 && nTightElectrons  == 1 && nVetoElectrons == 1 && nTightMuons == 1 && nLooseMuons == 1 && METcorrected_pt >= 250 && M_T2ll <= 80 && tightElectron1_charge != tightMuon1_charge && Flag_goodVertices && Flag_globalSuperTightHalo2016Filter && Flag_HBHENoiseFilter && Flag_HBHENoiseIsoFilter && Flag_EcalDeadCellTriggerPrimitiveFilter && Flag_BadPFMuonFilter && Flag_ecalBadCalibFilterV2 && (HLT_IsoMu24) && ((METcorrected_phi <= -1.62) || (METcorrected_phi >= -0.82)))) && Flag_eeBadScFilter
    hist nEntries =  416.0
    hist integral =  410.0
    hist_data nEntries =  767.0
    hist_data integral =  752.0
  Using cut =  ((njets >= 2 && nbjets >= 1 && nVetoElectrons  == 0 && nTightMuons == 2 && nLooseMuons == 2 && METcorrected_pt >= 250 && M_T2ll <= 80 && Flag_goodVertices && Flag_globalSuperTightHalo2016Filter && Flag_HBHENoiseFilter && Flag_HBHENoiseIsoFilter && Flag_EcalDeadCellTriggerPrimitiveFilter && Flag_BadPFMuonFilter && Flag_ecalBadCalibFilterV2 && (HLT_IsoMu24) && ((METcorrected_phi <= -1.62) || (METcorrected_phi >= -0.82))) || (njets >= 2 && nbjets >= 1 && nTightElectrons  == 1 && nVetoElectrons == 1 && nTightMuons == 1 && nLooseMuons == 1 && METcorrected_pt >= 250 && M_T2ll <= 80 && tightElectron1_charge != tightMuon1_charge && Flag_goodVertices && Flag_globalSuperTightHalo2016Filter && Flag_HBHENoiseFilter && Flag_HBHENoiseIsoFilter && Flag_EcalDeadCellTriggerPrimitiveFilter && Flag_BadPFMuonFilter && Flag_ecalBadCalibFilterV2 && (HLT_IsoMu24) && ((METcorrected_phi <= -1.62) || (METcorrected_phi >= -0.82)))) && Flag_eeBadScFilter
    hist nEntries =  194.0
    hist integral =  193.0
    hist_data nEntries =  961.0
    hist_data integral =  945.0
  Using cut =  ((njets >= 2 && nbjets >= 1 && nVetoElectrons  == 0 && nTightMuons == 2 && nLooseMuons == 2 && METcorrected_pt >= 250 && M_T2ll <= 80 && Flag_goodVertices && Flag_globalSuperTightHalo2016Filter && Flag_HBHENoiseFilter && Flag_HBHENoiseIsoFilter && Flag_EcalDeadTFile::Append:0: RuntimeWarning: Replacing existing TH1: hist (Potential memory leak).
TFile::Append:0: RuntimeWarning: Replacing existing TH1: hist (Potential memory leak).
TFile::Append:0: RuntimeWarning: Replacing existing TH1: hist (Potential memory leak).
TFile::Append:0: RuntimeWarning: Replacing existing TH1: hist (Potential memory leak).
TFile::Append:0: RuntimeWarning: Replacing existing TH1: hist (Potential memory leak).
TFile::Append:0: RuntimeWarning: Replacing existing TH1: hist (Potential memory leak).
TFile::Append:0: RuntimeWarning: Replacing existing TH1: hist (Potential memory leak).
TFile::Append:0: RuntimeWarning: Replacing existing TH1: hist (Potential memory leak).
TFile::Append:0: RuntimeWarning: Replacing existing TH1: hist (Potential memory leak).
TFile::Append:0: RuntimeWarning: Replacing existing TH1: hist (Potential memory leak).
TFile::Append:0: RuntimeWarning: Replacing existing TH1: hist (Potential memory leak).
TFile::Append:0: RuntimeWarning: Replacing existing TH1: hist (Potential memory leak).
TFile::Append:0: RuntimeWarning: Replacing existing TH1: hist (Potential memory leak).
TFile::Append:0: RuntimeWarning: Replacing existing TH1: hist (Potential memory leak).
TFile::Append:0: RuntimeWarning: Replacing existing TH1: hist (Potential memory leak).
TFile::Append:0: RuntimeWarning: Replacing existing TH1: hist (Potential memory leak).
CellTriggerPrimitiveFilter && Flag_BadPFMuonFilter && Flag_ecalBadCalibFilterV2 && (HLT_IsoMu24) && ((METcorrected_phi <= -1.62) || (METcorrected_phi >= -0.82))) || (njets >= 2 && nbjets >= 1 && nTightElectrons  == 1 && nVetoElectrons == 1 && nTightMuons == 1 && nLooseMuons == 1 && METcorrected_pt >= 250 && M_T2ll <= 80 && tightElectron1_charge != tightMuon1_charge && Flag_goodVertices && Flag_globalSuperTightHalo2016Filter && Flag_HBHENoiseFilter && Flag_HBHENoiseIsoFilter && Flag_EcalDeadCellTriggerPrimitiveFilter && Flag_BadPFMuonFilter && Flag_ecalBadCalibFilterV2 && (HLT_IsoMu24) && ((METcorrected_phi <= -1.62) || (METcorrected_phi >= -0.82)))) && Flag_eeBadScFilter
    hist nEntries =  173.0
    hist integral =  169.0
    hist_data nEntries =  1134.0
    hist_data integral =  1114.0
  Using cut =  ((njets >= 2 && nbjets >= 1 && nVetoElectrons  == 0 && nTightMuons == 2 && nLooseMuons == 2 && METcorrected_pt >= 250 && M_T2ll <= 80 && Flag_goodVertices && Flag_globalSuperTightHalo2016Filter && Flag_HBHENoiseFilter && Flag_HBHENoiseIsoFilter && Flag_EcalDeadCellTriggerPrimitiveFilter && Flag_BadPFMuonFilter && Flag_ecalBadCalibFilterV2 && (HLT_IsoMu24) && ((METcorrected_phi <= -1.62) || (METcorrected_phi >= -0.82))) || (njets >= 2 && nbjets >= 1 && nTightElectrons  == 1 && nVetoElectrons == 1 && nTightMuons == 1 && nLooseMuons == 1 && METcorrected_pt >= 250 && M_T2ll <= 80 && tightElectron1_charge != tightMuon1_charge && Flag_goodVertices && Flag_globalSuperTightHalo2016Filter && Flag_HBHENoiseFilter && Flag_HBHENoiseIsoFilter && Flag_EcalDeadCellTriggerPrimitiveFilter && Flag_BadPFMuonFilter && Flag_ecalBadCalibFilterV2 && (HLT_IsoMu24) && ((METcorrected_phi <= -1.62) || (METcorrected_phi >= -0.82)))) && Flag_eeBadScFilter
    hist nEntries =  892.0
    hist integral =  857.0
    hist_data nEntries =  2026.0
    hist_data integral =  1971.0
  Process =  ZTo2Nu
      Dataset =  HT600To800  ||   nEvents =  5748975
Applied ZTo2Nu qcd/ewk Weights correctly
          hist nEntries =  0.0
          hist integral =  0.0
      Dataset =  HT1200To2500  ||   nEvents =  343198
Applied ZTo2Nu qcd/ewk Weights correctly
          hist nEntries =  0.0
          hist integral =  0.0
      Dataset =  HT100To200  ||   nEvents =  23702894
Applied ZTo2Nu qcd/ewk Weights correctly
          hist nEntries =  0.0
          hist integral =  0.0
      Dataset =  HT2500ToInf  ||   nEvents =  359639
Applied ZTo2Nu qcd/ewk Weights correctly
          hist nEntries =  0.0
          hist integral =  0.0
      Dataset =  HT800To1200  ||   nEvents =  2066798
Applied ZTo2Nu qcd/ewk Weights correctly
          hist nEntries =  0.0
          hist integral =  0.0
      Dataset =  HT200To400  ||   nEvents =  23276346
Applied ZTo2Nu qcd/ewk Weights correctly
          hist nEntries =  0.0
          hist integral =  0.0
      Dataset =  HT400To600  ||   nEvents =  9511100
Applied ZTo2Nu qcd/ewk Weights correctly
          hist nEntries =  0.0
          hist integral =  0.0
  Process =  WW
      Dataset =  WWTo1L1Nu2Q  ||   nEvents =  4683136
          hist nEntries =  38.0
          hist integral =  40.3822868019
      Dataset =  WWTo4Q  ||   nEvents =  3790800
          hist nEntries =  0.0
          hist integral =  0.0
      Dataset =  WWTo2L2Nu  ||   nEvents =  7758900
          hist nEntries =  173.0
          hist integral =  14.0140274018
  Process =  ttbarPlusJets
      Dataset =  TTToSemiLepton  ||   nEvents =  300619998
          hist nEntries =  307.0
          hist integral =  18.2685027122
      Dataset =  TTTo2L2Nu  ||   nEvents =  64310000
          hist nEntries =  26864.0
          hist integral =  1873.61696482
  Process =  ttbar scalar
      Dataset =  ttDM_MChi1_MPhi100_scalar  ||   nEvents =  1842523
          hist nEntries =  530.0
          hist integral =  10.6215193868
  Process =  ZZ
      Dataset =  ZZTo2Q2Nu  ||   nEvents =  57633049
          hist nEntries =  0.0
          hist integral =  0.0
      Dataset =  ZZTo4L  ||   nEvents =  124649500
          hist nEntries =  62.0
          hist integral =  0.0430279030115
      DataTFile::Append:0: RuntimeWarning: Replacing existing TH1: hist (Potential memory leak).
TFile::Append:0: RuntimeWarning: Replacing existing TH1: hist (Potential memory leak).
TFile::Append:0: RuntimeWarning: Replacing existing TH1: hist (Potential memory leak).
TFile::Append:0: RuntimeWarning: Replacing existing TH1: hist (Potential memory leak).
TFile::Append:0: RuntimeWarning: Replacing existing TH1: hist (Potential memory leak).
TFile::Append:0: RuntimeWarning: Replacing existing TH1: hist (Potential memory leak).
TFile::Append:0: RuntimeWarning: Replacing existing TH1: hist (Potential memory leak).
TFile::Append:0: RuntimeWarning: Replacing existing TH1: hist (Potential memory leak).
TFile::Append:0: RuntimeWarning: Replacing existing TH1: hist (Potential memory leak).
TFile::Append:0: RuntimeWarning: Replacing existing TH1: hist (Potential memory leak).
TFile::Append:0: RuntimeWarning: Replacing existing TH1: hist (Potential memory leak).
TFile::Append:0: RuntimeWarning: Replacing existing TH1: hist (Potential memory leak).
TFile::Append:0: RuntimeWarning: Replacing existing TH1: hist (Potential memory leak).
TFile::Append:0: RuntimeWarning: Replacing existing TH1: hist (Potential memory leak).
TFile::Append:0: RuntimeWarning: Replacing existing TH1: hist (Potential memory leak).
TFile::Append:0: RuntimeWarning: Replacing existing TH1: hist (Potential memory leak).
TFile::Append:0: RuntimeWarning: Replacing existing TH1: hist (Potential memory leak).
TFile::Append:0: RuntimeWarning: Replacing existing TH1: hist (Potential memory leak).
TFile::Append:0: RuntimeWarning: Replacing existing TH1: hist (Potential memory leak).
TFile::Append:0: RuntimeWarning: Replacing existing TH1: hist (Potential memory leak).
TFile::Append:0: RuntimeWarning: Replacing existing TH1: hist (Potential memory leak).
TFile::Append:0: RuntimeWarning: Replacing existing TH1: hist (Potential memory leak).
TFile::Append:0: RuntimeWarning: Replacing existing TH1: hist (Potential memory leak).
TFile::Append:0: RuntimeWarning: Replacing existing TH1: hist (Potential memory leak).
TFile::Append:0: RuntimeWarning: Replacing existing TH1: hist (Potential memory leak).
TFile::Append:0: RuntimeWarning: Replacing existing TH1: hist (Potential memory leak).
TFile::Append:0: RuntimeWarning: Replacing existing TH1: hist (Potential memory leak).
TFile::Append:0: RuntimeWarning: Replacing existing TH1: hist (Potential memory leak).
TFile::Append:0: RuntimeWarning: Replacing existing TH1: hist (Potential memory leak).
TFile::Append:0: RuntimeWarning: Replacing existing TH1: hist (Potential memory leak).
set =  ZZTo2L2Q  ||   nEvents =  27900469
          hist nEntries =  76.0
          hist integral =  0.531346348464
      Dataset =  ZZTo2L2Nu  ||   nEvents =  56428600
          hist nEntries =  643.0
          hist integral =  0.356835151091
  Process =  QCD
      Dataset =  HT700To1000  ||   nEvents =  48158738
          hist nEntries =  0.0
          hist integral =  0.0
      Dataset =  HT500To700  ||   nEvents =  55152960
          hist nEntries =  0.0
          hist integral =  0.0
      Dataset =  HT2000ToInf  ||   nEvents =  5475677
          hist nEntries =  0.0
          hist integral =  0.0
      Dataset =  HT1000To1500  ||   nEvents =  15466225
          hist nEntries =  0.0
          hist integral =  0.0
      Dataset =  HT1500To2000  ||   nEvents =  10955087
          hist nEntries =  0.0
          hist integral =  0.0
      Dataset =  HT100To200  ||   nEvents =  93972378
          hist nEntries =  0.0
          hist integral =  0.0
      Dataset =  HT300To500  ||   nEvents =  54661579
          hist nEntries =  0.0
          hist integral =  0.0
      Dataset =  HT200To300  ||   nEvents =  54289442
          hist nEntries =  0.0
          hist integral =  0.0
  Process =  WZ
      Dataset =  WZTo2Q2Nu  ||   nEvents =  30887331
          hist nEntries =  0.0
          hist integral =  0.0
      Dataset =  WZTo2L2Q  ||   nEvents =  28193648
          hist nEntries =  41.0
          hist integral =  0.551650882699
      Dataset =  WZTo3LNu  ||   nEvents =  11248318
          hist nEntries =  129.0
          hist integral =  3.7974194386
      Dataset =  WZTo1L3Nu  ||   nEvents =  1690064
          hist nEntries =  0.0
          hist integral =  0.0
      Dataset =  WZTo1L1Nu2Q  ||   nEvents =  18273533
          hist nEntries =  3.0
          hist integral =  0.0916256657802
  Process =  ttbar pseudoscalar
      Dataset =  ttDM_MChi1_MPhi100_pseudo  ||   nEvents =  1607992
          hist nEntries =  532.0
          hist integral =  3.3312405413
  Process =  TTV
      Dataset =  TTZToQQ  ||   nEvents =  9572000
          hist nEntries =  2025.0
          hist integral =  5.58617406152
      Dataset =  TTWJetsToLNu  ||   nEvents =  4911941
          hist nEntries =  6274.0
          hist integral =  14.3645627722
      Dataset =  TTWJetsToQQ  ||   nEvents =  835296
          hist nEntries =  259.0
          hist integral =  6.88581798971
      Dataset =  TTZToLLNuNu  ||   nEvents =  13280000
          hist nEntries =  6122.0
          hist integral =  5.81700280029
  Process =  ZTo2L
      Dataset =  HT600To800  ||   nEvents =  8862104
Applied ZTo2L qcd/ewk Weights correctly
          hist nEntries =  466.0
          hist integral =  4.14350808226
      Dataset =  HT1200To2500  ||   nEvents =  536416
Applied ZTo2L qcd/ewk Weights correctly
          hist nEntries =  88.0
          hist integral =  1.84720523097
      Dataset =  HT100To200  ||   nEvents =  11530510
Applied ZTo2L qcd/ewk Weights correctly
          hist nEntries =  0.0
          hist integral =  0.0
      Dataset =  HT2500ToInf  ||   nEvents =  427051
Applied ZTo2L qcd/ewk Weights correctly
          hist nEntries =  89.0
          hist integral =  0.0517441636184
      Dataset =  HT800To1200  ||   nEvents =  3138129
Applied ZTo2L qcd/ewk Weights correctly
          hist nEntries =  252.0
          hist integral =  3.04280299973
      Dataset =  HT200To400  ||   nEvents =  10860690
Applied ZTo2L qcd/ewk Weights correctly
          hist nEntries =  1.0
          hist integral =  0.373953729868
      Dataset =  HT400To600  ||   nEvents =  46161988
Applied ZTo2L qcd/ewk Weights correctly
          hist nEntries =  785.0
          hist integral =  6.11932716146
  Process =  singleTop
      Dataset =  ST_s-channel  ||   nEvents =  19890000
          hist nEntries =  4.0
          hist integral =  0.0333266432863
      Dataset =  ST_t-channel_antitop  ||   nEvents =  79090800
          hist nEntries =  3.0
          hist integral =  0.118211371824
      Dataset =  ST_tW_top  ||   nEvents =  9598000
          hist nEntries =  767.0
          hist integTFile::Append:0: RuntimeWarning: Replacing existing TH1: hist (Potential memory leak).
TFile::Append:0: RuntimeWarning: Replacing existing TH1: hist (Potential memory leak).
TFile::Append:0: RuntimeWarning: Replacing existing TH1: hist (Potential memory leak).
TFile::Append:0: RuntimeWarning: Replacing existing TH1: hist (Potential memory leak).
TFile::Append:0: RuntimeWarning: Replacing existing TH1: hist (Potential memory leak).
TFile::Append:0: RuntimeWarning: Replacing existing TH1: hist (Potential memory leak).
TFile::Append:0: RuntimeWarning: Replacing existing TH1: hist (Potential memory leak).
TFile::Append:0: RuntimeWarning: Replacing existing TH1: hist (Potential memory leak).
TFile::Append:0: RuntimeWarning: Replacing existing TH1: hist (Potential memory leak).
TFile::Append:0: RuntimeWarning: Replacing existing TH1: hist (Potential memory leak).
ral =  142.961289704
      Dataset =  ST_t-channel_top  ||   nEvents =  154307600
          hist nEntries =  16.0
          hist integral =  0.686497110873
      Dataset =  ST_tW_antitop  ||   nEvents =  7527000
          hist nEntries =  576.0
          hist integral =  137.607569098
  Process =  WPlusJets
      Dataset =  HT200To400  ||   nEvents =  25468933
Applied WPlusJets qcd/ewk Weights correctly
          hist nEntries =  0.0
          hist integral =  0.0
      Dataset =  HT70To100  ||   nEvents =  28084244
Applied WPlusJets qcd/ewk Weights correctly
          hist nEntries =  0.0
          hist integral =  0.0
      Dataset =  HT600To800  ||   nEvents =  19771294
Applied WPlusJets qcd/ewk Weights correctly
          hist nEntries =  16.0
          hist integral =  0.533602814656
      Dataset =  HT1200To2500  ||   nEvents =  7633949
Applied WPlusJets qcd/ewk Weights correctly
          hist nEntries =  15.0
          hist integral =  0.107984609902
      Dataset =  HT100To200  ||   nEvents =  29425374
Applied WPlusJets qcd/ewk Weights correctly
          hist nEntries =  0.0
          hist integral =  0.0
      Dataset =  HT400To600  ||   nEvents =  5932701
Applied WPlusJets qcd/ewk Weights correctly
          hist nEntries =  1.0
          hist integral =  0.667326450348
      Dataset =  HT2500ToInf  ||   nEvents =  3273980
Applied WPlusJets qcd/ewk Weights correctly
          hist nEntries =  6.0
          hist integral =  0.00102228915057
      Dataset =  HT800To1200  ||   nEvents =  8402687
Applied WPlusJets qcd/ewk Weights correctly
          hist nEntries =  9.0
          hist integral =  0.356584817171
-----------------------------
Total data background nEvents =  2026.0
Total data background integral =  1971.0
-----------------------------
Total MC background nEvents =  46110.0
Total MC background integral =  2282.95920944
-----------------------------
Total tt+DM signal nEvents =  530.0
Total tt+DM signal integral =  10.6215193868
-----------------------------
-----------------------------
FOM for tt+DM signal =  0.222299031304
-----------------------------
Data bin errors:
    bin 0: 7.4161984871
    bin 1: 8.60232526704
    bin 2: 8.88819441732
    bin 3: 8.42614977318
    bin 4: 8.36660026534
    bin 5: 8.94427191
    bin 6: 9.11043357914
    bin 7: 7.74596669241
    bin 8: 0.0
    bin 9: 0.0
    bin 10: 0.0
    bin 11: 3.0
    bin 12: 8.83176086633
    bin 13: 8.36660026534
    bin 14: 8.60232526704
    bin 15: 8.48528137424
    bin 16: 9.11043357914
    bin 17: 8.60232526704
    bin 18: 7.61577310586
    bin 19: 8.30662386292
    bin 20: 8.88819441732
    bin 21: 8.42614977318
    bin 22: 8.42614977318
    bin 23: 9.11043357914
    bin 24: 8.71779788708
    bin 25: 8.54400374532
    bin 26: 8.0
    bin 27: 8.71779788708
    bin 28: 9.43398113206
    bin 29: 8.24621125124
    bin 30: 8.48528137424
-----------------------------
MC background bin errors:
    bin 0: 2.82446430879
    bin 1: 2.84987349517
    bin 2: 2.80185015499
    bin 3: 2.89337211596
    bin 4: 2.81192840625
    bin 5: 2.86271528245
    bin 6: 2.71672426039
    bin 7: 2.97286187775
    bin 8: 0.0
    bin 9: 0.0
    bin 10: 0.0
    bin 11: 0.868316811874
    bin 12: 3.1894618521
    bin 13: 3.34274916532
    bin 14: 2.94223008296
    bin 15: 2.98123600313
    bin 16: 2.84074523501
    bin 17: 3.14431693812
    bin 18: 3.17293044849
    bin 19: 3.17621976724
    bin 20: 3.25767831604
    bin 21: 3.1339993312
    bin 22: 3.73777387256
    bin 23: 3.10419497892
    bin 24: 3.71196835549
    bin 25: 3.48973791849
    bin 26: 3.15529094164
    bin 27: 3.10867474268
    bin 28: 3.37327477421
    bin 29: 4.40115992263
    bin 30: 3.37340129085
-----------------------------
tt+DM bin errors:
    bin 0: 0.0741948838296
    bin 1: 0.111085576566
    bin 2: 0.102836431835
    bin 3: 0.0913764786619
    bin 4: 0.0979633493817
    bin 5: 0.0874038453435
    bin 6: 0.093256056909
    bin 7: 0.0881004208987
    bin 8: 0.0
    bin 9: 0.0
    bin 10: 0.0
    bin 11: 0.0261436730444
    bin 12: 0.0949964126599
    bin 13: 0.114252283833
    bin 14: 0Info in <TCanvas::Print>: png file plots/CR_2018/METcorrected_pt/07_15_2021/SL2lTR2018_METcorrected_phi_07_15_2021_withHEMfix.png has been created
.101852375986
    bin 15: 0.0774724534752
    bin 16: 0.107661062983
    bin 17: 0.100424469477
    bin 18: 0.0948690816796
    bin 19: 0.0848049086999
    bin 20: 0.0827100643917
    bin 21: 0.0808404299496
    bin 22: 0.0862683098462
    bin 23: 0.0794381333368
    bin 24: 0.0876494613573
    bin 25: 0.109038210338
    bin 26: 0.100896223696
    bin 27: 0.0959832061244
    bin 28: 0.0993796788918
    bin 29: 0.105078968759
    bin 30: 0.0972944281044
-----------------------------
-----------------------------
ttbar pseudoscalar hist info:
    nEvents =  532.0
    integral =  3.3312405413
ZTo2Nu hist info:
    nEvents =  0.0
    integral =  0.0
TTTo2L2Nu hist info:
    nEvents =  26864.0
    integral =  1873.61696482
singleTop hist info:
    nEvents =  1366.0
    integral =  281.406893671
TTV hist info:
    nEvents =  14680.0
    integral =  32.6535571218
bkgSum hist info:
    nEvents =  46110.0
    integral =  2282.95920944
ttbar scalar hist info:
    nEvents =  530.0
    integral =  10.6215193868
VV hist info:
    nEvents =  1165.0
    integral =  59.7682201266
QCD hist info:
    nEvents =  0.0
    integral =  0.0
ZTo2L hist info:
    nEvents =  1681.0
    integral =  15.5785413086
data hist info:
    nEvents =  2026.0
    integral =  1971.0
WPlusJets hist info:
    nEvents =  47.0
    integral =  1.66652098345
TTToSemiLepton hist info:
    nEvents =  307.0
    integral =  18.2685027122
Finished filling histograms
Creating stacked MC background histogram...
Finished stacking MC background histograms.
Drawing histograms...
Finished drawing histograms
Drawing ratio plot...
Finished drawing ratio plot
Plotting end time: 2021-07-15 02:40:22.682513
