plots/plot.py:938: SyntaxWarning: name 'counter' is used prior to global declaration
  global counter
Plotting start time: 2022-09-06 13:25:59.579821
Cut name =  AH
MC Selection Cuts =  (nVetoElectrons + nLooseMuons) == 0 && njets >= 3 && nbjets >= 1 && METcorrected_pt >= 250 && ntaus == 0 && Flag_goodVertices && Flag_globalSuperTightHalo2016Filter && Flag_HBHENoiseFilter && Flag_HBHENoiseIsoFilter && Flag_EcalDeadCellTriggerPrimitiveFilter && Flag_BadPFMuonFilter && (HLT_PFMETNoMu120_PFMHTNoMu120_IDTight) && PV_npvsGood > 0 && PV_ndof > 4 && abs(PV_z) < 24 && sqrt(pow(PV_x,2)+pow(PV_y,2)) < 2
Data Selection Cuts =  (nVetoElectrons + nLooseMuons) == 0 && njets >= 3 && nbjets >= 1 && METcorrected_pt >= 250 && ntaus == 0 && Flag_goodVertices && Flag_globalSuperTightHalo2016Filter && Flag_HBHENoiseFilter && Flag_HBHENoiseIsoFilter && Flag_EcalDeadCellTriggerPrimitiveFilter && Flag_BadPFMuonFilter && (HLT_PFMETNoMu120_PFMHTNoMu120_IDTight) && PV_npvsGood > 0 && PV_ndof > 4 && abs(PV_z) < 24 && sqrt(pow(PV_x,2)+pow(PV_y,2)) < 2 && Flag_eeBadScFilter
var =  minDeltaPhi12
year =  2016
lumi =  36.33
saveDirectory =  plots/CR_2016/METcorrected_pt/
date =  08_30_2022
applying HEM fix for 2018...
Creating histograms..
Histogram options: 
    nbins =  16
    xmin =  0
    xmax =  3.2
    auto_y =  True
    doLogPlot =  False
    drawData =  True
    mediatorType =  scalar
    mchi =  1
    mphi =  100
    normalizePlots =  False
    useCentralSamples =  True
    doBinned =  False
    savePlots =  True
    combineEleMu =  True
    doSys =  False
    doSysFirstHalf =  False
    doSysSecondHalf =  False
    drawOverflow =  False
    drawUnderflow =  True
    plotSys =  False
    plotSysVar =  CMS_res_j
    plotSysSignal =  False
Drawing data and ratio plot...
Selected MET dataset
Loading data sample root files and event trees...
    ----Loading /hdfs/store/user/vshang/MET_Run2016B/MET/ModuleCommonSkim_06102022/tree_all.root
    nevents in filepath = /hdfs/store/user/vshang/MET_Run2016B/MET/ModuleCommonSkim_06102022/tree_all.root: 182912
    ----Loading /hdfs/store/user/vshang/MET_Run2016C/MET/ModuleCommonSkim_06102022/tree_all.root
    nevents in filepath = /hdfs/store/user/vshang/MET_Run2016C/MET/ModuleCommonSkim_06102022/tree_all.root: 80259
    ----Loading /hdfs/store/user/vshang/MET_Run2016D/MET/ModuleCommonSkim_06102022/tree_all.root
    nevents in filepath = /hdfs/store/user/vshang/MET_Run2016D/MET/ModuleCommonSkim_06102022/tree_all.root: 131680
    ----Loading /hdfs/store/user/vshang/MET_Run2016E/MET/ModuleCommonSkim_06102022/tree_all.root
    nevents in filepath = /hdfs/store/user/vshang/MET_Run2016E/MET/ModuleCommonSkim_06102022/tree_all.root: 127112
    ----Loading /hdfs/store/user/vshang/MET_Run2016F/MET/ModuleCommonSkim_06102022/tree_all.root
    nevents in filepath = /hdfs/store/user/vshang/MET_Run2016F/MET/ModuleCommonSkim_06102022/tree_all.root: 100492
    ----Loading /hdfs/store/user/vshang/MET_Run2016G/MET/ModuleCommonSkim_06102022/tree_all.root
    nevents in filepath = /hdfs/store/user/vshang/MET_Run2016G/MET/ModuleCommonSkim_06102022/tree_all.root: 234544
    ----Loading /hdfs/store/user/vshang/MET_Run2016H/MET/ModuleCommonSkim_06102022/tree_all.root
    nevents in filepath = /hdfs/store/user/vshang/MET_Run2016H/MET/ModuleCommonSkim_06102022/tree_all.root: 262704
    total nevents in  MET :  1119703
Got data sample root files and event trees
Loading MC sample root files and event trees...
    ----Loading HT600To800
    nevents in  ZTo2Nu   HT600To800 :  5693589
    ----Loading HT1200To2500
    nevents in  ZTo2Nu   HT1200To2500 :  513471
    ----Loading HT100To200
    nevents in  ZTo2Nu   HT100To200 :  24272858
    ----Loading HT2500ToInf
    nevents in  ZTo2Nu   HT2500ToInf :  405030
    ----Loading HT800To1200
    nevents in  ZTo2Nu   HT800To1200 :  2170137
    ----Loading HT200To400
    nevents in  ZTo2Nu   HT200To400 :  24761211
    ----Loading HT400To600
    nevents in  ZTo2Nu   HT400To600 :  9862869
    ----Loading tWChan_MChi1_MPhi100_scalar
    nevents in  tbar scalar   tWChan_MChi1_MPhi100_scalar :  250000
    ----Loading tChan_MChi1_MPhi100_scalar
    nevents in  tbar scalar   tChan_MChi1_MPhi100_scalar :  Info in <TCanvas::MakeDefCanvas>:  created default TCanvas with name c1
TFile::Append:0: RuntimeWarning: Replacing existing TH1: hist (Potential memory leak).
TFile::Append:0: RuntimeWarning: Replacing existing TH1: hist (Potential memory leak).
TFile::Append:0: RuntimeWarning: Replacing existing TH1: hist (Potential memory leak).
400000
    ----Loading WWTo1L1Nu2Q
    nevents in  WW   WWTo1L1Nu2Q :  5246469
    ----Loading WWTo4Q
    nevents in  WW   WWTo4Q :  30324343
    ----Loading WWTo2L2Nu
    nevents in  WW   WWTo2L2Nu :  1999000
    ----Loading TTToSemiLepton
    nevents in  ttbarPlusJets   TTToSemiLepton :  152669800
    ----Loading TTTo2L2Nu
    nevents in  ttbarPlusJets   TTTo2L2Nu :  79140880
    ----Loading ttDM_MChi1_MPhi100_scalar
    nevents in  ttbar scalar   ttDM_MChi1_MPhi100_scalar :  2625075
    ----Loading ZZTo2Q2Nu
    nevents in  ZZ   ZZTo2Q2Nu :  30493038
    ----Loading ZZTo4L
    nevents in  ZZ   ZZTo4L :  103121112
    ----Loading ZZTo2L2Q
    nevents in  ZZ   ZZTo2L2Q :  15462693
    ----Loading ZZTo2L2Nu
    nevents in  ZZ   ZZTo2L2Nu :  52855410
    ----Loading ZZTo4Q
    nevents in  ZZ   ZZTo4Q :  30636849
    ----Loading HT700To1000
    nevents in  QCD   HT700To1000 :  37233786
    ----Loading HT500To700
    nevents in  QCD   HT500To700 :  62622029
    ----Loading HT2000ToInf
    nevents in  QCD   HT2000ToInf :  5804179
    ----Loading HT1000To1500
    nevents in  QCD   HT1000To1500 :  15210939
    ----Loading HT1500To2000
    nevents in  QCD   HT1500To2000 :  11839357
    ----Loading HT100To200
    nevents in  QCD   HT100To200 :  82293477
    ----Loading HT300To500
    nevents in  QCD   HT300To500 :  54552852
    ----Loading HT200To300
    nevents in  QCD   HT200To300 :  57580393
    ----Loading WZTo2Q2Nu
    nevents in  WZ   WZTo2Q2Nu :  17725159
    ----Loading WZTo2L2Q
    nevents in  WZ   WZTo2L2Q :  26445785
    ----Loading WZTo3LNu
    nevents in  WZ   WZTo3LNu :  19993200
    ----Loading WZTo1L3Nu
    nevents in  WZ   WZTo1L3Nu :  1703772
    ----Loading WZTo1L1Nu2Q
    nevents in  WZ   WZTo1L1Nu2Q :  24311445
    ----Loading TTZToQQ
    nevents in  TTV   TTZToQQ :  749400
    ----Loading TTWJetsToLNu
    nevents in  TTV   TTWJetsToLNu :  5280565
    ----Loading TTWJetsToQQ
    nevents in  TTV   TTWJetsToQQ :  833298
    ----Loading TTZToLLNuNu
    nevents in  TTV   TTZToLLNuNu :  13692628
    ----Loading HT600To800
    nevents in  ZTo2L   HT600To800 :  8292957
    ----Loading HT1200To2500
    nevents in  ZTo2L   HT1200To2500 :  596079
    ----Loading HT100To200
    nevents in  ZTo2L   HT100To200 :  11017086
    ----Loading HT2500ToInf
    nevents in  ZTo2L   HT2500ToInf :  399492
    ----Loading HT800To1200
    nevents in  ZTo2L   HT800To1200 :  2673066
    ----Loading HT200To400
    nevents in  ZTo2L   HT200To400 :  9609137
    ----Loading HT400To600
    nevents in  ZTo2L   HT400To600 :  9725661
    ----Loading ST_s-channel
    nevents in  singleTop   ST_s-channel :  1000000
    ----Loading ST_t-channel_antitop
    nevents in  singleTop   ST_t-channel_antitop :  38811017
    ----Loading ST_tW_top
    nevents in  singleTop   ST_tW_top :  6952830
    ----Loading ST_t-channel_top
    nevents in  singleTop   ST_t-channel_top :  58403420
    ----Loading ST_tW_antitop
    nevents in  singleTop   ST_tW_antitop :  6933094
    ----Loading HT200To400
    nevents in  WPlusJets   HT200To400 :  38984322
    ----Loading HT70To100
    nevents in  WPlusJets   HT70To100 :  10020533
    ----Loading HT600To800
    nevents in  WPlusJets   HT600To800 :  18687480
    ----Loading HT1200To2500
    nevents in  WPlusJets   HT1200To2500 :  6872441
    ----Loading HT100To200
    nevents in  WPlusJets   HT100To200 :  78043017
    ----Loading HT400To600
    nevents in  WPlusJets   HT400To600 :  7687800
    ----Loading HT2500ToInf
    nevents in  WPlusJets   HT2500ToInf :  2637821
    ----Loading HT800To1200
    nevents in  WPlusJets   HT800To1200 :  7830536
Got MC sample root files and event trees
Filling data histograms...
  Dataset =  MET  ||   nEvents =  1119703
    hist nEntries =  17561.0
    hist integral =  17561.0
    hist_data nEntries =  17561.0
    hist_data integral =  17561.0
    hist nEntries =  7884.0
    hist integral =  7884.0
    hist_data nEntries =  25445.0
    hist_data integral =  25445.0
    hist nEntries =  12304.0
    hist integral =  12304.0
    hist_data nEntries =  37749.0
    hist_data integral =  37749.0
TFile::Append:0: RuntimeWarning: Replacing existing TH1: hist (Potential memory leak).
TFile::Append:0: RuntimeWarning: Replacing existing TH1: hist (Potential memory leak).
TFile::Append:0: RuntimeWarning: Replacing existing TH1: hist (Potential memory leak).
TFile::Append:0: RuntimeWarning: Replacing existing TH1: hist (Potential memory leak).
TFile::Append:0: RuntimeWarning: Replacing existing TH1: hist (Potential memory leak).
TFile::Append:0: RuntimeWarning: Replacing existing TH1: hist (Potential memory leak).
TFile::Append:0: RuntimeWarning: Replacing existing TH1: hist (Potential memory leak).
TFile::Append:0: RuntimeWarning: Replacing existing TH1: hist (Potential memory leak).
TFile::Append:0: RuntimeWarning: Replacing existing TH1: hist (Potential memory leak).
TFile::Append:0: RuntimeWarning: Replacing existing TH1: hist (Potential memory leak).
TFile::Append:0: RuntimeWarning: Replacing existing TH1: hist (Potential memory leak).
TFile::Append:0: RuntimeWarning: Replacing existing TH1: hist (Potential memory leak).
TFile::Append:0: RuntimeWarning: Replacing existing TH1: hist (Potential memory leak).
TFile::Append:0: RuntimeWarning: Replacing existing TH1: hist (Potential memory leak).
TFile::Append:0: RuntimeWarning: Replacing existing TH1: hist (Potential memory leak).
TFile::Append:0: RuntimeWarning: Replacing existing TH1: hist (Potential memory leak).
TFile::Append:0: RuntimeWarning: Replacing existing TH1: hist (Potential memory leak).
TFile::Append:0: RuntimeWarning: Replacing existing TH1: hist (Potential memory leak).
TFile::Append:0: RuntimeWarning: Replacing existing TH1: hist (Potential memory leak).
TFile::Append:0: RuntimeWarning: Replacing existing TH1: hist (Potential memory leak).
TFile::Append:0: RuntimeWarning: Replacing existing TH1: hist (Potential memory leak).
TFile::Append:0: RuntimeWarning: Replacing existing TH1: hist (Potential memory leak).
TFile::Append:0: RuntimeWarning: Replacing existing TH1: hist (Potential memory leak).
TFile::Append:0: RuntimeWarning: Replacing existing TH1: hist (Potential memory leak).
TFile::Append:0: RuntimeWarning: Replacing existing TH1: hist (Potential memory leak).
TFile::Append:0: RuntimeWarning: Replacing existing TH1: hist (Potential memory leak).
TFile::Append:0: RuntimeWarning: Replacing existing TH1: hist (Potential memory leak).
    hist nEntries =  12036.0
    hist integral =  12036.0
    hist_data nEntries =  49785.0
    hist_data integral =  49785.0
    hist nEntries =  9634.0
    hist integral =  9634.0
    hist_data nEntries =  59419.0
    hist_data integral =  59419.0
    hist nEntries =  21505.0
    hist integral =  21505.0
    hist_data nEntries =  80924.0
    hist_data integral =  80924.0
    hist nEntries =  24356.0
    hist integral =  24356.0
    hist_data nEntries =  105280.0
    hist_data integral =  105280.0
Filling MC histograms...
  Process =  ZTo2Nu
      Dataset =  HT600To800  ||   nEvents =  5693589
Applied ZTo2Nu qcd/ewk Weights correctly
          hist nEntries =  122778.0
          hist integral =  2429.0648365
      Dataset =  HT1200To2500  ||   nEvents =  513471
Applied ZTo2Nu qcd/ewk Weights correctly
          hist nEntries =  25075.0
          hist integral =  614.564604759
      Dataset =  HT100To200  ||   nEvents =  24272858
Applied ZTo2Nu qcd/ewk Weights correctly
          hist nEntries =  55.0
          hist integral =  25.3357234374
      Dataset =  HT2500ToInf  ||   nEvents =  405030
Applied ZTo2Nu qcd/ewk Weights correctly
          hist nEntries =  17481.0
          hist integral =  14.6517639682
      Dataset =  HT800To1200  ||   nEvents =  2170137
Applied ZTo2Nu qcd/ewk Weights correctly
          hist nEntries =  72629.0
          hist integral =  1708.50059223
      Dataset =  HT200To400  ||   nEvents =  24761211
Applied ZTo2Nu qcd/ewk Weights correctly
          hist nEntries =  25424.0
          hist integral =  3763.78816414
      Dataset =  HT400To600  ||   nEvents =  9862869
Applied ZTo2Nu qcd/ewk Weights correctly
          hist nEntries =  102097.0
          hist integral =  5055.09217834
  Process =  tbar scalar
      Dataset =  tWChan_MChi1_MPhi100_scalar  ||   nEvents =  250000
          hist nEntries =  19504.0
          hist integral =  150.519604206
      Dataset =  tChan_MChi1_MPhi100_scalar  ||   nEvents =  400000
          hist nEntries =  16035.0
          hist integral =  396.116950035
  Process =  WW
      Dataset =  WWTo1L1Nu2Q  ||   nEvents =  5246469
          hist nEntries =  1363.0
          hist integral =  454.262451172
      Dataset =  WWTo4Q  ||   nEvents =  30324343
          hist nEntries =  75.0
          hist integral =  4.36470698856
      Dataset =  WWTo2L2Nu  ||   nEvents =  1999000
          hist nEntries =  148.0
          hist integral =  31.4430611283
  Process =  ttbarPlusJets
      Dataset =  TTToSemiLepton  ||   nEvents =  152669800
          hist nEntries =  430679.0
          hist integral =  35940.6956177
      Dataset =  TTTo2L2Nu  ||   nEvents =  79140880
          hist nEntries =  89194.0
          hist integral =  3413.6799202
  Process =  ttbar scalar
      Dataset =  ttDM_MChi1_MPhi100_scalar  ||   nEvents =  2625075
          hist nEntries =  92612.0
          hist integral =  894.466535568
  Process =  ZZ
      Dataset =  ZZTo2Q2Nu  ||   nEvents =  30493038
          hist nEntries =  82223.0
          hist integral =  385.857710838
      Dataset =  ZZTo4L  ||   nEvents =  103121112
          hist nEntries =  247.0
          hist integral =  0.10631241306
      Dataset =  ZZTo2L2Q  ||   nEvents =  15462693
          hist nEntries =  1078.0
          hist integral =  8.13501994312
      Dataset =  ZZTo2L2Nu  ||   nEvents =  52855410
          hist nEntries =  5279.0
          hist integral =  2.02534133568
      Dataset =  ZZTo4Q  ||   nEvents =  30636849
          hist nEntries =  424.0
          hist integral =  3.28292081226
  Process =  QCD
      Dataset =  HT700To1000  ||   nEvents =  37233786
          hist nEntries =  1341.0
          hist integral =  8366.099226
      Dataset =  HT500To700  ||   nEvents =  62622029
          hist nEntries =  90.0
          hist integral =  1527.24629021
      Dataset =  HT2000ToInf  ||   nEvents =  5804179
          hist nEntries =  19857.0
          hist integral =  3285.06987953
      Dataset =  HT1000To1500  ||   nEvents =  15210939
          hist nEntries =  5766.0
          hist integral =  15923.5973549
    TFile::Append:0: RuntimeWarning: Replacing existing TH1: hist (Potential memory leak).
TFile::Append:0: RuntimeWarning: Replacing existing TH1: hist (Potential memory leak).
TFile::Append:0: RuntimeWarning: Replacing existing TH1: hist (Potential memory leak).
TFile::Append:0: RuntimeWarning: Replacing existing TH1: hist (Potential memory leak).
TFile::Append:0: RuntimeWarning: Replacing existing TH1: hist (Potential memory leak).
TFile::Append:0: RuntimeWarning: Replacing existing TH1: hist (Potential memory leak).
TFile::Append:0: RuntimeWarning: Replacing existing TH1: hist (Potential memory leak).
TFile::Append:0: RuntimeWarning: Replacing existing TH1: hist (Potential memory leak).
TFile::Append:0: RuntimeWarning: Replacing existing TH1: hist (Potential memory leak).
TFile::Append:0: RuntimeWarning: Replacing existing TH1: hist (Potential memory leak).
TFile::Append:0: RuntimeWarning: Replacing existing TH1: hist (Potential memory leak).
TFile::Append:0: RuntimeWarning: Replacing existing TH1: hist (Potential memory leak).
TFile::Append:0: RuntimeWarning: Replacing existing TH1: hist (Potential memory leak).
TFile::Append:0: RuntimeWarning: Replacing existing TH1: hist (Potential memory leak).
TFile::Append:0: RuntimeWarning: Replacing existing TH1: hist (Potential memory leak).
TFile::Append:0: RuntimeWarning: Replacing existing TH1: hist (Potential memory leak).
TFile::Append:0: RuntimeWarning: Replacing existing TH1: hist (Potential memory leak).
TFile::Append:0: RuntimeWarning: Replacing existing TH1: hist (Potential memory leak).
TFile::Append:0: RuntimeWarning: Replacing existing TH1: hist (Potential memory leak).
TFile::Append:0: RuntimeWarning: Replacing existing TH1: hist (Potential memory leak).
TFile::Append:0: RuntimeWarning: Replacing existing TH1: hist (Potential memory leak).
TFile::Append:0: RuntimeWarning: Replacing existing TH1: hist (Potential memory leak).
TFile::Append:0: RuntimeWarning: Replacing existing TH1: hist (Potential memory leak).
TFile::Append:0: RuntimeWarning: Replacing existing TH1: hist (Potential memory leak).
TFile::Append:0: RuntimeWarning: Replacing existing TH1: hist (Potential memory leak).
TFile::Append:0: RuntimeWarning: Replacing existing TH1: hist (Potential memory leak).
TFile::Append:0: RuntimeWarning: Replacing existing TH1: hist (Potential memory leak).
TFile::Append:0: RuntimeWarning: Replacing existing TH1: hist (Potential memory leak).
  Dataset =  HT1500To2000  ||   nEvents =  11839357
          hist nEntries =  19075.0
          hist integral =  6847.62761974
      Dataset =  HT100To200  ||   nEvents =  82293477
          hist nEntries =  0.0
          hist integral =  0.0
      Dataset =  HT300To500  ||   nEvents =  54552852
          hist nEntries =  0.0
          hist integral =  0.0
      Dataset =  HT200To300  ||   nEvents =  57580393
          hist nEntries =  1.0
          hist integral =  0.804889559746
  Process =  WZ
      Dataset =  WZTo2Q2Nu  ||   nEvents =  17725159
          hist nEntries =  39124.0
          hist integral =  503.317406654
      Dataset =  WZTo2L2Q  ||   nEvents =  26445785
          hist nEntries =  2158.0
          hist integral =  16.6734867841
      Dataset =  WZTo3LNu  ||   nEvents =  19993200
          hist nEntries =  699.0
          hist integral =  5.39771795273
      Dataset =  WZTo1L3Nu  ||   nEvents =  1703772
          hist nEntries =  893.0
          hist integral =  55.9185062647
      Dataset =  WZTo1L1Nu2Q  ||   nEvents =  24311445
          hist nEntries =  19972.0
          hist integral =  309.629801273
  Process =  TTV
      Dataset =  TTZToQQ  ||   nEvents =  749400
          hist nEntries =  4436.0
          hist integral =  110.023765206
      Dataset =  TTWJetsToLNu  ||   nEvents =  5280565
          hist nEntries =  53964.0
          hist integral =  73.3179539442
      Dataset =  TTWJetsToQQ  ||   nEvents =  833298
          hist nEntries =  6023.0
          hist integral =  102.839816213
      Dataset =  TTZToLLNuNu  ||   nEvents =  13692628
          hist nEntries =  587981.0
          hist integral =  379.597123623
  Process =  ZTo2L
      Dataset =  HT600To800  ||   nEvents =  8292957
Applied ZTo2L qcd/ewk Weights correctly
          hist nEntries =  12481.0
          hist integral =  83.3060000539
      Dataset =  HT1200To2500  ||   nEvents =  596079
Applied ZTo2L qcd/ewk Weights correctly
          hist nEntries =  3162.0
          hist integral =  31.3550613113
      Dataset =  HT100To200  ||   nEvents =  11017086
Applied ZTo2L qcd/ewk Weights correctly
          hist nEntries =  2.0
          hist integral =  0.349304050207
      Dataset =  HT2500ToInf  ||   nEvents =  399492
Applied ZTo2L qcd/ewk Weights correctly
          hist nEntries =  2583.0
          hist integral =  1.02570604591
      Dataset =  HT800To1200  ||   nEvents =  2673066
Applied ZTo2L qcd/ewk Weights correctly
          hist nEntries =  8421.0
          hist integral =  76.3987668753
      Dataset =  HT200To400  ||   nEvents =  9609137
Applied ZTo2L qcd/ewk Weights correctly
          hist nEntries =  189.0
          hist integral =  35.8490080833
      Dataset =  HT400To600  ||   nEvents =  9725661
Applied ZTo2L qcd/ewk Weights correctly
          hist nEntries =  3993.0
          hist integral =  100.595330119
  Process =  singleTop
      Dataset =  ST_s-channel  ||   nEvents =  1000000
          hist nEntries =  1152.0
          hist integral =  140.178124785
      Dataset =  ST_t-channel_antitop  ||   nEvents =  38811017
          hist nEntries =  5206.0
          hist integral =  376.248518944
      Dataset =  ST_tW_top  ||   nEvents =  6952830
          hist nEntries =  7874.0
          hist integral =  1425.22325134
      Dataset =  ST_t-channel_top  ||   nEvents =  58403420
          hist nEntries =  11069.0
          hist integral =  880.861018181
      Dataset =  ST_tW_antitop  ||   nEvents =  6933094
          hist nEntries =  7725.0
          hist integral =  1410.51246071
  Process =  WPlusJets
      Dataset =  HT200To400  ||   nEvents =  38984322
Applied WPlusJets qcd/ewk Weights correctly
          hist nEntries =  6019.0
          hist integral =  2421.99684525
      Dataset =  HT70To100  ||   nEvents =  10020533
Applied WPlusJets qcd/ewk Weights correctly
          hist nEntries =  1.0
          hist integral =  7.42044782639
      Dataset =  HT600To800  ||   nEvents =  18687480
Applied WPlusJets qcd/ewk Weights correctly
          hist nEntries =  77313.0
          hist integral =  1949.40545082
 TFile::Append:0: RuntimeWarning: Replacing existing TH1: hist (Potential memory leak).
TFile::Append:0: RuntimeWarning: Replacing existing TH1: hist (Potential memory leak).
TFile::Append:0: RuntimeWarning: Replacing existing TH1: hist (Potential memory leak).
TFile::Append:0: RuntimeWarning: Replacing existing TH1: hist (Potential memory leak).
TFile::Append:0: RuntimeWarning: Replacing existing TH1: hist (Potential memory leak).
     Dataset =  HT1200To2500  ||   nEvents =  6872441
Applied WPlusJets qcd/ewk Weights correctly
          hist nEntries =  83736.0
          hist integral =  628.662963152
      Dataset =  HT100To200  ||   nEvents =  78043017
Applied WPlusJets qcd/ewk Weights correctly
          hist nEntries =  35.0
          hist integral =  24.3432191163
      Dataset =  HT400To600  ||   nEvents =  7687800
Applied WPlusJets qcd/ewk Weights correctly
          hist nEntries =  13939.0
          hist integral =  3641.32303619
      Dataset =  HT2500ToInf  ||   nEvents =  2637821
Applied WPlusJets qcd/ewk Weights correctly
          hist nEntries =  34578.0
          hist integral =  18.2667766856
      Dataset =  HT800To1200  ||   nEvents =  7830536
Applied WPlusJets qcd/ewk Weights correctly
          hist nEntries =  55810.0
          hist integral =  1505.22723103
-----------------------------
Total data background nEvents =  105280.0
Total data background integral =  105280.0
-----------------------------
Total MC background nEvents =  2072917.0
Total MC background integral =  106120.560181
-----------------------------
Total tt+DM signal nEvents =  1852.24
Total tt+DM signal integral =  894.466535645
Total t+DM signal nEvents =  710.78
Total t+DM signal integral =  546.636560059
-----------------------------
FOM for tt+DM signal =  2.74577110345
FOM for t+DM signal =  1.67802685834
-----------------------------
Data bin errors:
    bin 0: 0.0
    bin 1: 192.437002679
    bin 2: 89.4315380612
    bin 3: 71.0703876449
    bin 4: 59.5147040655
    bin 5: 51.1468474102
    bin 6: 46.5725240888
    bin 7: 45.1220566907
    bin 8: 48.9489530021
    bin 9: 53.1319113151
    bin 10: 57.5325994546
    bin 11: 64.9615270756
    bin 12: 74.3101608126
    bin 13: 86.6140866141
    bin 14: 97.8723658649
    bin 15: 87.9374777896
    bin 16: 41.8449519058
-----------------------------
MC background bin errors:
    bin 0: 0.0
    bin 1: 320.746342156
    bin 2: 93.1295592207
    bin 3: 45.9622431849
    bin 4: 30.5712468415
    bin 5: 33.1698544631
    bin 6: 22.7719588629
    bin 7: 29.3022348734
    bin 8: 27.9296531997
    bin 9: 37.5992491715
    bin 10: 40.1708929675
    bin 11: 53.829253278
    bin 12: 52.4760459764
    bin 13: 68.5040617638
    bin 14: 82.4621616183
    bin 15: 77.2976352825
    bin 16: 50.4605334984
-----------------------------
tt+DM bin errors:
    bin 0: 0.0
    bin 1: 35.4015619959
    bin 2: 33.8948056641
    bin 3: 32.618166914
    bin 4: 30.8542935548
    bin 5: 30.3988794775
    bin 6: 30.6704659907
    bin 7: 31.7579669558
    bin 8: 33.5847126882
    bin 9: 36.502023895
    bin 10: 38.8435894973
    bin 11: 41.777209602
    bin 12: 45.4333481216
    bin 13: 51.1224285824
    bin 14: 55.5315147909
    bin 15: 46.5204901264
    bin 16: 21.1060245175
-----------------------------
t+DM bin errors:
    bin 0: 0.0
    bin 1: 25.8487081509
    bin 2: 25.9588167703
    bin 3: 25.2684621469
    bin 4: 26.3049374712
    bin 5: 28.1811944369
    bin 6: 29.2085286319
    bin 7: 32.0374223032
    bin 8: 34.9395703774
    bin 9: 38.5305995874
    bin 10: 43.1500324213
    bin 11: 47.7421697537
    bin 12: 56.9386491661
    bin 13: 65.1783920049
    bin 14: 71.5986915409
    bin 15: 61.9425654923
    bin 16: 29.6137210674
-----------------------------
ZTo2Nu hist info:
    nEvents =  365539.0
    integral =  13610.9979858
tbar scalar hist info:
    nEvents =  710.78
    integral =  546.636560059
TTTo2L2Nu hist info:
    nEvents =  89194.0
    integral =  3413.6799202
singleTop hist info:
    nEvents =  33026.0
    integral =  4233.02334595
TTV hist info:
    nEvents =  652404.0
    integral =  665.778644562
bkgSum hist info:
    nEvents =  2072917.0
    integral =  106120.560181
ttbar scalar hist info:
    nEvents =  1852.24
    integral =  894.466535645
VV hist info:
    nEvents =  153683.0
    integral =  1780.41445541
QCD hist info:
    nEvents =  46130.0
    integral =  35950.4444427
ZTo2L hist info:
    nEvents =  30831.0
    integral =  328.879171848
data hist info:
    nEvents =  105280.0
    integral =  105280.0
WPluInfo in <TCanvas::Print>: png file AH2016_minDeltaPhi12_08_30_2022_old.png has been created
sJets hist info:
    nEvents =  271431.0
    integral =  10196.6460114
TTToSemiLepton hist info:
    nEvents =  430679.0
    integral =  35940.6956177
Finished filling histograms
Creating stacked MC background histogram...
Finished stacking MC background histograms.
Drawing histograms...
Finished drawing histograms
Drawing ratio plot...
Plotting end time: 2022-09-06 13:28:56.788325
