plots/plot.py:938: SyntaxWarning: name 'counter' is used prior to global declaration
  global counter
Plotting start time: 2022-09-06 11:36:57.944448
Cut name =  AH
MC Selection Cuts =  (nVetoElectrons + nLooseMuons) == 0 && njets >= 3 && nbjets >= 1 && METcorrected_pt >= 250 && ntaus == 0 && minDeltaPhi > 0.4 && Flag_goodVertices && Flag_globalSuperTightHalo2016Filter && Flag_HBHENoiseFilter && Flag_HBHENoiseIsoFilter && Flag_EcalDeadCellTriggerPrimitiveFilter && Flag_BadPFMuonFilter && (HLT_PFMETNoMu120_PFMHTNoMu120_IDTight) && PV_npvsGood > 0 && PV_ndof > 4 && abs(PV_z) < 24 && sqrt(pow(PV_x,2)+pow(PV_y,2)) < 2
Data Selection Cuts =  (nVetoElectrons + nLooseMuons) == 0 && njets >= 3 && nbjets >= 1 && METcorrected_pt >= 250 && ntaus == 0 && minDeltaPhi > 0.4 && Flag_goodVertices && Flag_globalSuperTightHalo2016Filter && Flag_HBHENoiseFilter && Flag_HBHENoiseIsoFilter && Flag_EcalDeadCellTriggerPrimitiveFilter && Flag_BadPFMuonFilter && (HLT_PFMETNoMu120_PFMHTNoMu120_IDTight) && PV_npvsGood > 0 && PV_ndof > 4 && abs(PV_z) < 24 && sqrt(pow(PV_x,2)+pow(PV_y,2)) < 2 && Flag_eeBadScFilter
var =  METcorrected_pt
year =  2016
lumi =  36.33
saveDirectory =  plots/CR_2016/METcorrected_pt/
date =  08_30_2022
applying HEM fix for 2018...
Creating histograms..
Histogram options: 
    nbins =  15
    xmin =  250
    xmax =  550
    auto_y =  True
    doLogPlot =  True
    drawData =  True
    mediatorType =  scalar
    mchi =  1
    mphi =  100
    normalizePlots =  False
    useCentralSamples =  True
    doBinned =  False
    savePlots =  True
    combineEleMu =  True
    doSys =  False
    doSysFirstHalf =  False
    doSysSecondHalf =  False
    drawOverflow =  False
    drawUnderflow =  True
    plotSys =  False
    plotSysVar =  CMS_res_j
    plotSysSignal =  False
Drawing data and ratio plot...
Selected MET dataset
Loading data sample root files and event trees...
    ----Loading /hdfs/store/user/vshang/MET_Run2016B/MET/ModuleCommonSkim_06102022/tree_all.root
    nevents in filepath = /hdfs/store/user/vshang/MET_Run2016B/MET/ModuleCommonSkim_06102022/tree_all.root: 182912
    ----Loading /hdfs/store/user/vshang/MET_Run2016C/MET/ModuleCommonSkim_06102022/tree_all.root
    nevents in filepath = /hdfs/store/user/vshang/MET_Run2016C/MET/ModuleCommonSkim_06102022/tree_all.root: 80259
    ----Loading /hdfs/store/user/vshang/MET_Run2016D/MET/ModuleCommonSkim_06102022/tree_all.root
    nevents in filepath = /hdfs/store/user/vshang/MET_Run2016D/MET/ModuleCommonSkim_06102022/tree_all.root: 131680
    ----Loading /hdfs/store/user/vshang/MET_Run2016E/MET/ModuleCommonSkim_06102022/tree_all.root
    nevents in filepath = /hdfs/store/user/vshang/MET_Run2016E/MET/ModuleCommonSkim_06102022/tree_all.root: 127112
    ----Loading /hdfs/store/user/vshang/MET_Run2016F/MET/ModuleCommonSkim_06102022/tree_all.root
    nevents in filepath = /hdfs/store/user/vshang/MET_Run2016F/MET/ModuleCommonSkim_06102022/tree_all.root: 100492
    ----Loading /hdfs/store/user/vshang/MET_Run2016G/MET/ModuleCommonSkim_06102022/tree_all.root
    nevents in filepath = /hdfs/store/user/vshang/MET_Run2016G/MET/ModuleCommonSkim_06102022/tree_all.root: 234544
    ----Loading /hdfs/store/user/vshang/MET_Run2016H/MET/ModuleCommonSkim_06102022/tree_all.root
    nevents in filepath = /hdfs/store/user/vshang/MET_Run2016H/MET/ModuleCommonSkim_06102022/tree_all.root: 262704
    total nevents in  MET :  1119703
Got data sample root files and event trees
Loading MC sample root files and event trees...
    ----Loading HT600To800
    nevents in  ZTo2Nu   HT600To800 :  5693589
    ----Loading HT1200To2500
    nevents in  ZTo2Nu   HT1200To2500 :  513471
    ----Loading HT100To200
    nevents in  ZTo2Nu   HT100To200 :  24272858
    ----Loading HT2500ToInf
    nevents in  ZTo2Nu   HT2500ToInf :  405030
    ----Loading HT800To1200
    nevents in  ZTo2Nu   HT800To1200 :  2170137
    ----Loading HT200To400
    nevents in  ZTo2Nu   HT200To400 :  24761211
    ----Loading HT400To600
    nevents in  ZTo2Nu   HT400To600 :  9862869
    ----Loading tWChan_MChi1_MPhi100_scalar
    nevents in  tbar scalar   tWChan_MChi1_MPhi100_scalar :  250000
    ----Loading tChan_MChi1_MPhi100_scalar
    nevents in Info in <TCanvas::MakeDefCanvas>:  created default TCanvas with name c1
TFile::Append:0: RuntimeWarning: Replacing existing TH1: hist (Potential memory leak).
TFile::Append:0: RuntimeWarning: Replacing existing TH1: hist (Potential memory leak).
 tbar scalar   tChan_MChi1_MPhi100_scalar :  400000
    ----Loading WWTo1L1Nu2Q
    nevents in  WW   WWTo1L1Nu2Q :  5246469
    ----Loading WWTo4Q
    nevents in  WW   WWTo4Q :  30324343
    ----Loading WWTo2L2Nu
    nevents in  WW   WWTo2L2Nu :  1999000
    ----Loading TTToSemiLepton
    nevents in  ttbarPlusJets   TTToSemiLepton :  152669800
    ----Loading TTTo2L2Nu
    nevents in  ttbarPlusJets   TTTo2L2Nu :  79140880
    ----Loading ttDM_MChi1_MPhi100_scalar
    nevents in  ttbar scalar   ttDM_MChi1_MPhi100_scalar :  2625075
    ----Loading ZZTo2Q2Nu
    nevents in  ZZ   ZZTo2Q2Nu :  30493038
    ----Loading ZZTo4L
    nevents in  ZZ   ZZTo4L :  103121112
    ----Loading ZZTo2L2Q
    nevents in  ZZ   ZZTo2L2Q :  15462693
    ----Loading ZZTo2L2Nu
    nevents in  ZZ   ZZTo2L2Nu :  52855410
    ----Loading ZZTo4Q
    nevents in  ZZ   ZZTo4Q :  30636849
    ----Loading HT700To1000
    nevents in  QCD   HT700To1000 :  37233786
    ----Loading HT500To700
    nevents in  QCD   HT500To700 :  62622029
    ----Loading HT2000ToInf
    nevents in  QCD   HT2000ToInf :  5804179
    ----Loading HT1000To1500
    nevents in  QCD   HT1000To1500 :  15210939
    ----Loading HT1500To2000
    nevents in  QCD   HT1500To2000 :  11839357
    ----Loading HT100To200
    nevents in  QCD   HT100To200 :  82293477
    ----Loading HT300To500
    nevents in  QCD   HT300To500 :  54552852
    ----Loading HT200To300
    nevents in  QCD   HT200To300 :  57580393
    ----Loading WZTo2Q2Nu
    nevents in  WZ   WZTo2Q2Nu :  17725159
    ----Loading WZTo2L2Q
    nevents in  WZ   WZTo2L2Q :  26445785
    ----Loading WZTo3LNu
    nevents in  WZ   WZTo3LNu :  19993200
    ----Loading WZTo1L3Nu
    nevents in  WZ   WZTo1L3Nu :  1703772
    ----Loading WZTo1L1Nu2Q
    nevents in  WZ   WZTo1L1Nu2Q :  24311445
    ----Loading TTZToQQ
    nevents in  TTV   TTZToQQ :  749400
    ----Loading TTWJetsToLNu
    nevents in  TTV   TTWJetsToLNu :  5280565
    ----Loading TTWJetsToQQ
    nevents in  TTV   TTWJetsToQQ :  833298
    ----Loading TTZToLLNuNu
    nevents in  TTV   TTZToLLNuNu :  13692628
    ----Loading HT600To800
    nevents in  ZTo2L   HT600To800 :  8292957
    ----Loading HT1200To2500
    nevents in  ZTo2L   HT1200To2500 :  596079
    ----Loading HT100To200
    nevents in  ZTo2L   HT100To200 :  11017086
    ----Loading HT2500ToInf
    nevents in  ZTo2L   HT2500ToInf :  399492
    ----Loading HT800To1200
    nevents in  ZTo2L   HT800To1200 :  2673066
    ----Loading HT200To400
    nevents in  ZTo2L   HT200To400 :  9609137
    ----Loading HT400To600
    nevents in  ZTo2L   HT400To600 :  9725661
    ----Loading ST_s-channel
    nevents in  singleTop   ST_s-channel :  1000000
    ----Loading ST_t-channel_antitop
    nevents in  singleTop   ST_t-channel_antitop :  38811017
    ----Loading ST_tW_top
    nevents in  singleTop   ST_tW_top :  6952830
    ----Loading ST_t-channel_top
    nevents in  singleTop   ST_t-channel_top :  58403420
    ----Loading ST_tW_antitop
    nevents in  singleTop   ST_tW_antitop :  6933094
    ----Loading HT200To400
    nevents in  WPlusJets   HT200To400 :  38984322
    ----Loading HT70To100
    nevents in  WPlusJets   HT70To100 :  10020533
    ----Loading HT600To800
    nevents in  WPlusJets   HT600To800 :  18687480
    ----Loading HT1200To2500
    nevents in  WPlusJets   HT1200To2500 :  6872441
    ----Loading HT100To200
    nevents in  WPlusJets   HT100To200 :  78043017
    ----Loading HT400To600
    nevents in  WPlusJets   HT400To600 :  7687800
    ----Loading HT2500ToInf
    nevents in  WPlusJets   HT2500ToInf :  2637821
    ----Loading HT800To1200
    nevents in  WPlusJets   HT800To1200 :  7830536
Got MC sample root files and event trees
Filling data histograms...
  Dataset =  MET  ||   nEvents =  1119703
    hist nEntries =  6802.0
    hist integral =  6802.0
    hist_data nEntries =  6802.0
    hist_data integral =  6802.0
    hist nEntries =  3039.0
    hist integral =  3039.0
    hist_data nEntries =  9841.0
    hist_data integral =  9841.0
    hist nEntries =  4671.0
    hist integral =  4671.0
    hist_data nEntries =  14512TFile::Append:0: RuntimeWarning: Replacing existing TH1: hist (Potential memory leak).
TFile::Append:0: RuntimeWarning: Replacing existing TH1: hist (Potential memory leak).
TFile::Append:0: RuntimeWarning: Replacing existing TH1: hist (Potential memory leak).
TFile::Append:0: RuntimeWarning: Replacing existing TH1: hist (Potential memory leak).
TFile::Append:0: RuntimeWarning: Replacing existing TH1: hist (Potential memory leak).
TFile::Append:0: RuntimeWarning: Replacing existing TH1: hist (Potential memory leak).
TFile::Append:0: RuntimeWarning: Replacing existing TH1: hist (Potential memory leak).
TFile::Append:0: RuntimeWarning: Replacing existing TH1: hist (Potential memory leak).
TFile::Append:0: RuntimeWarning: Replacing existing TH1: hist (Potential memory leak).
TFile::Append:0: RuntimeWarning: Replacing existing TH1: hist (Potential memory leak).
TFile::Append:0: RuntimeWarning: Replacing existing TH1: hist (Potential memory leak).
TFile::Append:0: RuntimeWarning: Replacing existing TH1: hist (Potential memory leak).
TFile::Append:0: RuntimeWarning: Replacing existing TH1: hist (Potential memory leak).
TFile::Append:0: RuntimeWarning: Replacing existing TH1: hist (Potential memory leak).
TFile::Append:0: RuntimeWarning: Replacing existing TH1: hist (Potential memory leak).
TFile::Append:0: RuntimeWarning: Replacing existing TH1: hist (Potential memory leak).
TFile::Append:0: RuntimeWarning: Replacing existing TH1: hist (Potential memory leak).
TFile::Append:0: RuntimeWarning: Replacing existing TH1: hist (Potential memory leak).
TFile::Append:0: RuntimeWarning: Replacing existing TH1: hist (Potential memory leak).
TFile::Append:0: RuntimeWarning: Replacing existing TH1: hist (Potential memory leak).
TFile::Append:0: RuntimeWarning: Replacing existing TH1: hist (Potential memory leak).
TFile::Append:0: RuntimeWarning: Replacing existing TH1: hist (Potential memory leak).
TFile::Append:0: RuntimeWarning: Replacing existing TH1: hist (Potential memory leak).
TFile::Append:0: RuntimeWarning: Replacing existing TH1: hist (Potential memory leak).
TFile::Append:0: RuntimeWarning: Replacing existing TH1: hist (Potential memory leak).
TFile::Append:0: RuntimeWarning: Replacing existing TH1: hist (Potential memory leak).
TFile::Append:0: RuntimeWarning: Replacing existing TH1: hist (Potential memory leak).
TFile::Append:0: RuntimeWarning: Replacing existing TH1: hist (Potential memory leak).
.0
    hist_data integral =  14512.0
    hist nEntries =  4555.0
    hist integral =  4555.0
    hist_data nEntries =  19067.0
    hist_data integral =  19067.0
    hist nEntries =  3662.0
    hist integral =  3662.0
    hist_data nEntries =  22729.0
    hist_data integral =  22729.0
    hist nEntries =  8153.0
    hist integral =  8153.0
    hist_data nEntries =  30882.0
    hist_data integral =  30882.0
    hist nEntries =  9502.0
    hist integral =  9502.0
    hist_data nEntries =  40384.0
    hist_data integral =  40384.0
Filling MC histograms...
  Process =  ZTo2Nu
      Dataset =  HT600To800  ||   nEvents =  5693589
Applied ZTo2Nu qcd/ewk Weights correctly
          hist nEntries =  87117.0
          hist integral =  1701.19299316
      Dataset =  HT1200To2500  ||   nEvents =  513471
Applied ZTo2Nu qcd/ewk Weights correctly
          hist nEntries =  12941.0
          hist integral =  310.5992589
      Dataset =  HT100To200  ||   nEvents =  24272858
Applied ZTo2Nu qcd/ewk Weights correctly
          hist nEntries =  50.0
          hist integral =  22.146435278
      Dataset =  HT2500ToInf  ||   nEvents =  405030
Applied ZTo2Nu qcd/ewk Weights correctly
          hist nEntries =  6583.0
          hist integral =  5.44693627954
      Dataset =  HT800To1200  ||   nEvents =  2170137
Applied ZTo2Nu qcd/ewk Weights correctly
          hist nEntries =  44723.0
          hist integral =  1032.16845894
      Dataset =  HT200To400  ||   nEvents =  24761211
Applied ZTo2Nu qcd/ewk Weights correctly
          hist nEntries =  23772.0
          hist integral =  3518.42196858
      Dataset =  HT400To600  ||   nEvents =  9862869
Applied ZTo2Nu qcd/ewk Weights correctly
          hist nEntries =  83437.0
          hist integral =  4116.24368286
  Process =  tbar scalar
      Dataset =  tWChan_MChi1_MPhi100_scalar  ||   nEvents =  250000
          hist nEntries =  14267.0
          hist integral =  109.938609004
      Dataset =  tChan_MChi1_MPhi100_scalar  ||   nEvents =  400000
          hist nEntries =  13387.0
          hist integral =  331.465654612
  Process =  WW
      Dataset =  WWTo1L1Nu2Q  ||   nEvents =  5246469
          hist nEntries =  829.0
          hist integral =  274.936029077
      Dataset =  WWTo4Q  ||   nEvents =  30324343
          hist nEntries =  1.0
          hist integral =  0.06576307863
      Dataset =  WWTo2L2Nu  ||   nEvents =  1999000
          hist nEntries =  88.0
          hist integral =  18.2089685202
  Process =  ttbarPlusJets
      Dataset =  TTToSemiLepton  ||   nEvents =  152669800
          hist nEntries =  224606.0
          hist integral =  18652.5601692
      Dataset =  TTTo2L2Nu  ||   nEvents =  79140880
          hist nEntries =  43623.0
          hist integral =  1656.15612316
  Process =  ttbar scalar
      Dataset =  ttDM_MChi1_MPhi100_scalar  ||   nEvents =  2625075
          hist nEntries =  59596.0
          hist integral =  575.374795914
  Process =  ZZ
      Dataset =  ZZTo2Q2Nu  ||   nEvents =  30493038
          hist nEntries =  69688.0
          hist integral =  326.96350646
      Dataset =  ZZTo4L  ||   nEvents =  103121112
          hist nEntries =  41.0
          hist integral =  0.0161017502342
      Dataset =  ZZTo2L2Q  ||   nEvents =  15462693
          hist nEntries =  312.0
          hist integral =  2.24108541824
      Dataset =  ZZTo2L2Nu  ||   nEvents =  52855410
          hist nEntries =  4182.0
          hist integral =  1.59397821315
      Dataset =  ZZTo4Q  ||   nEvents =  30636849
          hist nEntries =  8.0
          hist integral =  0.0358288030966
  Process =  QCD
      Dataset =  HT700To1000  ||   nEvents =  37233786
          hist nEntries =  17.0
          hist integral =  89.9991927147
      Dataset =  HT500To700  ||   nEvents =  62622029
          hist nEntries =  5.0
          hist integral =  84.87266922
      Dataset =  HT2000ToInf  ||   nEvents =  5804179
          hist nEntries =  259.0
          hist integral =  41.4419856519
      Dataset =  HT1000To1500  ||   nEvents =  15210939
          hist nEntries =  46.0
          hist integral =  101.TFile::Append:0: RuntimeWarning: Replacing existing TH1: hist (Potential memory leak).
TFile::Append:0: RuntimeWarning: Replacing existing TH1: hist (Potential memory leak).
TFile::Append:0: RuntimeWarning: Replacing existing TH1: hist (Potential memory leak).
TFile::Append:0: RuntimeWarning: Replacing existing TH1: hist (Potential memory leak).
TFile::Append:0: RuntimeWarning: Replacing existing TH1: hist (Potential memory leak).
TFile::Append:0: RuntimeWarning: Replacing existing TH1: hist (Potential memory leak).
TFile::Append:0: RuntimeWarning: Replacing existing TH1: hist (Potential memory leak).
TFile::Append:0: RuntimeWarning: Replacing existing TH1: hist (Potential memory leak).
TFile::Append:0: RuntimeWarning: Replacing existing TH1: hist (Potential memory leak).
TFile::Append:0: RuntimeWarning: Replacing existing TH1: hist (Potential memory leak).
TFile::Append:0: RuntimeWarning: Replacing existing TH1: hist (Potential memory leak).
TFile::Append:0: RuntimeWarning: Replacing existing TH1: hist (Potential memory leak).
TFile::Append:0: RuntimeWarning: Replacing existing TH1: hist (Potential memory leak).
TFile::Append:0: RuntimeWarning: Replacing existing TH1: hist (Potential memory leak).
TFile::Append:0: RuntimeWarning: Replacing existing TH1: hist (Potential memory leak).
TFile::Append:0: RuntimeWarning: Replacing existing TH1: hist (Potential memory leak).
TFile::Append:0: RuntimeWarning: Replacing existing TH1: hist (Potential memory leak).
TFile::Append:0: RuntimeWarning: Replacing existing TH1: hist (Potential memory leak).
TFile::Append:0: RuntimeWarning: Replacing existing TH1: hist (Potential memory leak).
TFile::Append:0: RuntimeWarning: Replacing existing TH1: hist (Potential memory leak).
TFile::Append:0: RuntimeWarning: Replacing existing TH1: hist (Potential memory leak).
TFile::Append:0: RuntimeWarning: Replacing existing TH1: hist (Potential memory leak).
TFile::Append:0: RuntimeWarning: Replacing existing TH1: hist (Potential memory leak).
TFile::Append:0: RuntimeWarning: Replacing existing TH1: hist (Potential memory leak).
TFile::Append:0: RuntimeWarning: Replacing existing TH1: hist (Potential memory leak).
TFile::Append:0: RuntimeWarning: Replacing existing TH1: hist (Potential memory leak).
TFile::Append:0: RuntimeWarning: Replacing existing TH1: hist (Potential memory leak).
TFile::Append:0: RuntimeWarning: Replacing existing TH1: hist (Potential memory leak).
062170714
      Dataset =  HT1500To2000  ||   nEvents =  11839357
          hist nEntries =  156.0
          hist integral =  50.6378257573
      Dataset =  HT100To200  ||   nEvents =  82293477
          hist nEntries =  0.0
          hist integral =  0.0
      Dataset =  HT300To500  ||   nEvents =  54552852
          hist nEntries =  0.0
          hist integral =  0.0
      Dataset =  HT200To300  ||   nEvents =  57580393
          hist nEntries =  1.0
          hist integral =  0.804889559746
  Process =  WZ
      Dataset =  WZTo2Q2Nu  ||   nEvents =  17725159
          hist nEntries =  29889.0
          hist integral =  383.900852203
      Dataset =  WZTo2L2Q  ||   nEvents =  26445785
          hist nEntries =  368.0
          hist integral =  2.63898172043
      Dataset =  WZTo3LNu  ||   nEvents =  19993200
          hist nEntries =  276.0
          hist integral =  2.0661432445
      Dataset =  WZTo1L3Nu  ||   nEvents =  1703772
          hist nEntries =  675.0
          hist integral =  41.7967913747
      Dataset =  WZTo1L1Nu2Q  ||   nEvents =  24311445
          hist nEntries =  11856.0
          hist integral =  182.355917573
  Process =  TTV
      Dataset =  TTZToQQ  ||   nEvents =  749400
          hist nEntries =  1720.0
          hist integral =  42.204739064
      Dataset =  TTWJetsToLNu  ||   nEvents =  5280565
          hist nEntries =  28583.0
          hist integral =  38.5863506794
      Dataset =  TTWJetsToQQ  ||   nEvents =  833298
          hist nEntries =  1985.0
          hist integral =  33.6613993943
      Dataset =  TTZToLLNuNu  ||   nEvents =  13692628
          hist nEntries =  412084.0
          hist integral =  265.760313749
  Process =  ZTo2L
      Dataset =  HT600To800  ||   nEvents =  8292957
Applied ZTo2L qcd/ewk Weights correctly
          hist nEntries =  1621.0
          hist integral =  11.4643424228
      Dataset =  HT1200To2500  ||   nEvents =  596079
Applied ZTo2L qcd/ewk Weights correctly
          hist nEntries =  207.0
          hist integral =  2.19975832524
      Dataset =  HT100To200  ||   nEvents =  11017086
Applied ZTo2L qcd/ewk Weights correctly
          hist nEntries =  2.0
          hist integral =  0.349304050207
      Dataset =  HT2500ToInf  ||   nEvents =  399492
Applied ZTo2L qcd/ewk Weights correctly
          hist nEntries =  162.0
          hist integral =  0.0711870286341
      Dataset =  HT800To1200  ||   nEvents =  2673066
Applied ZTo2L qcd/ewk Weights correctly
          hist nEntries =  628.0
          hist integral =  6.30530043691
      Dataset =  HT200To400  ||   nEvents =  9609137
Applied ZTo2L qcd/ewk Weights correctly
          hist nEntries =  123.0
          hist integral =  23.558763206
      Dataset =  HT400To600  ||   nEvents =  9725661
Applied ZTo2L qcd/ewk Weights correctly
          hist nEntries =  1285.0
          hist integral =  32.7250953913
  Process =  singleTop
      Dataset =  ST_s-channel  ||   nEvents =  1000000
          hist nEntries =  469.0
          hist integral =  57.7051982433
      Dataset =  ST_t-channel_antitop  ||   nEvents =  38811017
          hist nEntries =  2410.0
          hist integral =  172.456803918
      Dataset =  ST_tW_top  ||   nEvents =  6952830
          hist nEntries =  4024.0
          hist integral =  724.017028809
      Dataset =  ST_t-channel_top  ||   nEvents =  58403420
          hist nEntries =  4961.0
          hist integral =  392.914428353
      Dataset =  ST_tW_antitop  ||   nEvents =  6933094
          hist nEntries =  3900.0
          hist integral =  700.438740492
  Process =  WPlusJets
      Dataset =  HT200To400  ||   nEvents =  38984322
Applied WPlusJets qcd/ewk Weights correctly
          hist nEntries =  4825.0
          hist integral =  1953.11266956
      Dataset =  HT70To100  ||   nEvents =  10020533
Applied WPlusJets qcd/ewk Weights correctly
          hist nEntries =  1.0
          hist integral =  7.42044782639
      Dataset =  HT600To800  ||   nEvents =  18687480
Applied WPlusJets qcd/ewk Weights correctly
          hist nEntries =  37414.0
          hist integral =  954.6368970TFile::Append:0: RuntimeWarning: Replacing existing TH1: hist (Potential memory leak).
TFile::Append:0: RuntimeWarning: Replacing existing TH1: hist (Potential memory leak).
TFile::Append:0: RuntimeWarning: Replacing existing TH1: hist (Potential memory leak).
TFile::Append:0: RuntimeWarning: Replacing existing TH1: hist (Potential memory leak).
TFile::Append:0: RuntimeWarning: Replacing existing TH1: hist (Potential memory leak).
87
      Dataset =  HT1200To2500  ||   nEvents =  6872441
Applied WPlusJets qcd/ewk Weights correctly
          hist nEntries =  24550.0
          hist integral =  190.404212713
      Dataset =  HT100To200  ||   nEvents =  78043017
Applied WPlusJets qcd/ewk Weights correctly
          hist nEntries =  30.0
          hist integral =  20.3288932443
      Dataset =  HT400To600  ||   nEvents =  7687800
Applied WPlusJets qcd/ewk Weights correctly
          hist nEntries =  8637.0
          hist integral =  2263.95282412
      Dataset =  HT2500ToInf  ||   nEvents =  2637821
Applied WPlusJets qcd/ewk Weights correctly
          hist nEntries =  6611.0
          hist integral =  3.68640101328
      Dataset =  HT800To1200  ||   nEvents =  7830536
Applied WPlusJets qcd/ewk Weights correctly
          hist nEntries =  21517.0
          hist integral =  593.590766907
-----------------------------
Total data background nEvents =  40384.0
Total data background integral =  40384.0
-----------------------------
Total MC background nEvents =  1213298.0
Total MC background integral =  41112.1260223
-----------------------------
Total tt+DM signal nEvents =  1191.92
Total tt+DM signal integral =  575.374796448
Total t+DM signal nEvents =  553.08
Total t+DM signal integral =  441.404262085
-----------------------------
FOM for tt+DM signal =  2.83769598878
FOM for t+DM signal =  2.17696553913
-----------------------------
Data bin errors:
    bin 0: 0.0
    bin 1: 109.777046781
    bin 2: 90.3382532486
    bin 3: 74.2899724054
    bin 4: 62.0805927807
    bin 5: 51.9615242271
    bin 6: 44.0454310911
    bin 7: 37.8285606388
    bin 8: 33.4365069946
    bin 9: 28.3372546306
    bin 10: 24.8797106092
    bin 11: 20.1494416796
    bin 12: 19.0262975904
    bin 13: 16.3095064303
    bin 14: 14.4222051019
    bin 15: 13.2664991614
-----------------------------
MC background bin errors:
    bin 0: 0.0
    bin 1: 57.0767858351
    bin 2: 39.8552439923
    bin 3: 27.8411705992
    bin 4: 23.5110365254
    bin 5: 17.4791226345
    bin 6: 14.408765998
    bin 7: 11.840742538
    bin 8: 9.86988762994
    bin 9: 8.26628201272
    bin 10: 6.89243939882
    bin 11: 5.89630925696
    bin 12: 4.87701627791
    bin 13: 4.30392382252
    bin 14: 3.61616469142
    bin 15: 3.14763687214
-----------------------------
tt+DM bin errors:
    bin 0: 0.0
    bin 1: 56.8967775379
    bin 2: 50.1871284932
    bin 3: 43.8035983454
    bin 4: 38.7149243329
    bin 5: 33.7004033802
    bin 6: 30.2020792394
    bin 7: 27.0583205071
    bin 8: 23.8741241549
    bin 9: 21.2882752362
    bin 10: 18.9952346002
    bin 11: 17.2679570858
    bin 12: 15.4926135549
    bin 13: 14.096283528
    bin 14: 12.7371921931
    bin 15: 11.4865495151
-----------------------------
t+DM bin errors:
    bin 0: 0.0
    bin 1: 64.5958237842
    bin 2: 59.1474828784
    bin 3: 54.2137257525
    bin 4: 48.3019234371
    bin 5: 43.8053379928
    bin 6: 39.0864778942
    bin 7: 37.0796085193
    bin 8: 32.4216255829
    bin 9: 30.7142801428
    bin 10: 26.5917264754
    bin 11: 24.4494652226
    bin 12: 23.3279593641
    bin 13: 20.7922180021
    bin 14: 18.2376535029
    bin 15: 16.3961194014
-----------------------------
ZTo2Nu hist info:
    nEvents =  258623.0
    integral =  10706.219696
tbar scalar hist info:
    nEvents =  553.08
    integral =  441.404262085
TTTo2L2Nu hist info:
    nEvents =  43623.0
    integral =  1656.15612316
singleTop hist info:
    nEvents =  15764.0
    integral =  2047.53218651
TTV hist info:
    nEvents =  444372.0
    integral =  380.212796688
bkgSum hist info:
    nEvents =  1213298.0
    integral =  41112.1260223
ttbar scalar hist info:
    nEvents =  1191.92
    integral =  575.374796448
VV hist info:
    nEvents =  118213.0
    integral =  1236.81998062
QCD hist info:
    nEvents =  484.0
    integral =  368.818731591
ZTo2L hist info:
    nEvents =  4028.0
    integral =  76.6737506911
data hist info:
    nEvents =  40384.0
    integral =  40384.0
WPlusJets hist info:
    nEvents =  103585.0
    integral =  5987.13292503
TTToSemiLepton hist info:
    nEventsInfo in <TCanvas::Print>: png file AH2016_METcorrected_pt_08_30_2022_old.png has been created
 =  224606.0
    integral =  18652.5601692
Finished filling histograms
Creating stacked MC background histogram...
Finished stacking MC background histograms.
Drawing histograms...
Finished drawing histograms
Drawing ratio plot...
Plotting end time: 2022-09-06 11:40:15.109089
