plots/plot.py:978: SyntaxWarning: name 'counter' is used prior to global declaration
  global counter
Plotting start time: 2023-01-12 03:41:09.745809
Cut name =  AH0l2bSR
MC Selection Cuts =  (nVetoElectrons + nLooseMuons) == 0 && njets >= 3 && nbjets >= 2 && METcorrected_pt >= 250 && ntaus == 0 && minDeltaPhi > 0.4 && Flag_goodVertices && Flag_globalSuperTightHalo2016Filter && Flag_HBHENoiseFilter && Flag_HBHENoiseIsoFilter && Flag_EcalDeadCellTriggerPrimitiveFilter && Flag_BadPFMuonFilter && (HLT_PFMETNoMu120_PFMHTNoMu120_IDTight) && PV_npvsGood > 0 && PV_ndof > 4 && abs(PV_z) < 24 && sqrt(pow(PV_x,2)+pow(PV_y,2)) < 2 && minDeltaPhi12 >= 0.8 && M_Tb >= 140 && jet1p_TH_T <= 0.5 && noB2Bleadingfjet
Data Selection Cuts =  (nVetoElectrons + nLooseMuons) == 0 && njets >= 3 && nbjets >= 2 && METcorrected_pt >= 250 && ntaus == 0 && minDeltaPhi > 0.4 && Flag_goodVertices && Flag_globalSuperTightHalo2016Filter && Flag_HBHENoiseFilter && Flag_HBHENoiseIsoFilter && Flag_EcalDeadCellTriggerPrimitiveFilter && Flag_BadPFMuonFilter && (HLT_PFMETNoMu120_PFMHTNoMu120_IDTight) && PV_npvsGood > 0 && PV_ndof > 4 && abs(PV_z) < 24 && sqrt(pow(PV_x,2)+pow(PV_y,2)) < 2 && minDeltaPhi12 >= 0.8 && M_Tb >= 140 && jet1p_TH_T <= 0.5 && noB2Bleadingfjet && Flag_eeBadScFilter
var =  Jet_phi[index_centralJets[2]]
year =  2016
lumi =  36.33
saveDirectory =  plots/SR_2016/METcorrected_pt/
date =  01_10_2023
applying HEM fix for 2018...
Creating histograms..
Histogram options: 
    nbins =  16
    xmin =  0
    xmax =  3.2
    auto_y =  True
    doLogPlot =  False
    drawData =  True
    mediatorType =  scalar
    mchi =  1
    mphi =  100
    normalizePlots =  False
    useCentralSamples =  True
    doBinned =  False
    savePlots =  True
    combineEleMu =  True
    doSys =  False
    doSysFirstHalf =  False
    doSysSecondHalf =  False
    drawOverflow =  True
    drawUnderflow =  False
    plotSys =  False
    plotSysVar =  CMS_trig_m
    plotSysSignal =  False
Drawing data and ratio plot...
Selected MET dataset
Loading data sample root files and event trees...
    ----Loading /hdfs/store/user/vshang/MET_Run2016B/MET/ModuleCommonSkim_11102022/tree_all.root
    nevents in filepath = /hdfs/store/user/vshang/MET_Run2016B/MET/ModuleCommonSkim_11102022/tree_all.root: 219903
    ----Loading /hdfs/store/user/vshang/MET_Run2016C/MET/ModuleCommonSkim_11102022/tree_all.root
    nevents in filepath = /hdfs/store/user/vshang/MET_Run2016C/MET/ModuleCommonSkim_11102022/tree_all.root: 96859
    ----Loading /hdfs/store/user/vshang/MET_Run2016D/MET/ModuleCommonSkim_11102022/tree_all.root
    nevents in filepath = /hdfs/store/user/vshang/MET_Run2016D/MET/ModuleCommonSkim_11102022/tree_all.root: 158485
    ----Loading /hdfs/store/user/vshang/MET_Run2016E/MET/ModuleCommonSkim_11102022/tree_all.root
    nevents in filepath = /hdfs/store/user/vshang/MET_Run2016E/MET/ModuleCommonSkim_11102022/tree_all.root: 153432
    ----Loading /hdfs/store/user/vshang/MET_Run2016F/MET/ModuleCommonSkim_11102022/tree_all.root
    nevents in filepath = /hdfs/store/user/vshang/MET_Run2016F/MET/ModuleCommonSkim_11102022/tree_all.root: 121103
    ----Loading /hdfs/store/user/vshang/MET_Run2016G/MET/ModuleCommonSkim_11102022/tree_all.root
    nevents in filepath = /hdfs/store/user/vshang/MET_Run2016G/MET/ModuleCommonSkim_11102022/tree_all.root: 282188
    ----Loading /hdfs/store/user/vshang/MET_Run2016H/MET/ModuleCommonSkim_11102022/tree_all.root
    nevents in filepath = /hdfs/store/user/vshang/MET_Run2016H/MET/ModuleCommonSkim_11102022/tree_all.root: 316279
    total nevents in  MET :  1348249
Got data sample root files and event trees
Loading MC sample root files and event trees...
    ----Loading HT600To800
    nevents in  ZTo2Nu   HT600To800 :  5693589
    ----Loading HT1200To2500
    nevents in  ZTo2Nu   HT1200To2500 :  513471
    ----Loading HT100To200
    nevents in  ZTo2Nu   HT100To200 :  24272858
    ----Loading HT2500ToInf
    nevents in  ZTo2Nu   HT2500ToInf :  405030
    ----Loading HT800To1200
    nevents in  ZTo2Nu   HT800To1200 :  2170137
    ----Loading HT200To400
    nevents in  ZTo2Nu   HT200To400 :  24761211
    ----Loading HT400To600
    nevents in  ZTo2Nu   HT400To600 :Info in <TCanvas::MakeDefCanvas>:  created default TCanvas with name c1
TFile::Append:0: RuntimeWarning: Replacing existing TH1: hist (Potential memory leak).
  9862869
    ----Loading tWChan_MChi1_MPhi100_scalar
    nevents in  tbar scalar   tWChan_MChi1_MPhi100_scalar :  157000
    ----Loading tChan_MChi1_MPhi100_scalar
    nevents in  tbar scalar   tChan_MChi1_MPhi100_scalar :  244000
    ----Loading WWTo1L1Nu2Q
    nevents in  WW   WWTo1L1Nu2Q :  5246469
    ----Loading WWTo4Q
    nevents in  WW   WWTo4Q :  30324343
    ----Loading WWTo2L2Nu
    nevents in  WW   WWTo2L2Nu :  1999000
    ----Loading TTToSemiLepton
    nevents in  ttbarPlusJets   TTToSemiLepton :  152669800
    ----Loading TTTo2L2Nu
    nevents in  ttbarPlusJets   TTTo2L2Nu :  79140880
    ----Loading ttDM_MChi1_MPhi100_scalar
    nevents in  ttbar scalar   ttDM_MChi1_MPhi100_scalar :  2625075
    ----Loading ZZTo2Q2Nu
    nevents in  ZZ   ZZTo2Q2Nu :  30493038
    ----Loading ZZTo4L
    nevents in  ZZ   ZZTo4L :  103121112
    ----Loading ZZTo2L2Q
    nevents in  ZZ   ZZTo2L2Q :  15462693
    ----Loading ZZTo2L2Nu
    nevents in  ZZ   ZZTo2L2Nu :  52855410
    ----Loading ZZTo4Q
    nevents in  ZZ   ZZTo4Q :  30636849
    ----Loading HT700To1000
    nevents in  QCD   HT700To1000 :  37233786
    ----Loading HT500To700
    nevents in  QCD   HT500To700 :  62622029
    ----Loading HT2000ToInf
    nevents in  QCD   HT2000ToInf :  5804179
    ----Loading HT1000To1500
    nevents in  QCD   HT1000To1500 :  15210939
    ----Loading HT1500To2000
    nevents in  QCD   HT1500To2000 :  11839357
    ----Loading HT100To200
    nevents in  QCD   HT100To200 :  82293477
    ----Loading HT300To500
    nevents in  QCD   HT300To500 :  54552852
    ----Loading HT200To300
    nevents in  QCD   HT200To300 :  57580393
    ----Loading WZTo2Q2Nu
    nevents in  WZ   WZTo2Q2Nu :  17725159
    ----Loading WZTo2L2Q
    nevents in  WZ   WZTo2L2Q :  26445785
    ----Loading WZTo3LNu
    nevents in  WZ   WZTo3LNu :  19993200
    ----Loading WZTo1L3Nu
    nevents in  WZ   WZTo1L3Nu :  1703772
    ----Loading WZTo1L1Nu2Q
    nevents in  WZ   WZTo1L1Nu2Q :  24311445
    ----Loading TTZToQQ
    nevents in  TTV   TTZToQQ :  749400
    ----Loading TTWJetsToLNu
    nevents in  TTV   TTWJetsToLNu :  5280565
    ----Loading TTWJetsToQQ
    nevents in  TTV   TTWJetsToQQ :  833298
    ----Loading TTZToLLNuNu
    nevents in  TTV   TTZToLLNuNu :  13692628
    ----Loading HT600To800
    nevents in  ZTo2L   HT600To800 :  8292957
    ----Loading HT1200To2500
    nevents in  ZTo2L   HT1200To2500 :  596079
    ----Loading HT100To200
    nevents in  ZTo2L   HT100To200 :  11017086
    ----Loading HT2500ToInf
    nevents in  ZTo2L   HT2500ToInf :  399492
    ----Loading HT800To1200
    nevents in  ZTo2L   HT800To1200 :  2673066
    ----Loading HT200To400
    nevents in  ZTo2L   HT200To400 :  9609137
    ----Loading HT400To600
    nevents in  ZTo2L   HT400To600 :  9725661
    ----Loading ST_s-channel
    nevents in  singleTop   ST_s-channel :  1000000
    ----Loading ST_t-channel_antitop
    nevents in  singleTop   ST_t-channel_antitop :  38811017
    ----Loading ST_tW_top
    nevents in  singleTop   ST_tW_top :  6952830
    ----Loading ST_t-channel_top
    nevents in  singleTop   ST_t-channel_top :  58403420
    ----Loading ST_tW_antitop
    nevents in  singleTop   ST_tW_antitop :  6933094
    ----Loading HT200To400
    nevents in  WPlusJets   HT200To400 :  38984322
    ----Loading HT70To100
    nevents in  WPlusJets   HT70To100 :  10020533
    ----Loading HT600To800
    nevents in  WPlusJets   HT600To800 :  18687480
    ----Loading HT1200To2500
    nevents in  WPlusJets   HT1200To2500 :  6872441
    ----Loading HT100To200
    nevents in  WPlusJets   HT100To200 :  78043017
    ----Loading HT400To600
    nevents in  WPlusJets   HT400To600 :  7687800
    ----Loading HT2500ToInf
    nevents in  WPlusJets   HT2500ToInf :  2637821
    ----Loading HT800To1200
    nevents in  WPlusJets   HT800To1200 :  7830536
Got MC sample root files and event trees
Filling data histograms...
  Dataset =  MET  ||   nEvents =  1348249
    hist nEntries =  645.0
    hist integral =  343.0
    hist_data nEntries =  645.0
    hist_data integral =  343.0
    hist nEntries =  297.0
    hiTFile::Append:0: RuntimeWarning: Replacing existing TH1: hist (Potential memory leak).
TFile::Append:0: RuntimeWarning: Replacing existing TH1: hist (Potential memory leak).
TFile::Append:0: RuntimeWarning: Replacing existing TH1: hist (Potential memory leak).
TFile::Append:0: RuntimeWarning: Replacing existing TH1: hist (Potential memory leak).
TFile::Append:0: RuntimeWarning: Replacing existing TH1: hist (Potential memory leak).
TFile::Append:0: RuntimeWarning: Replacing existing TH1: hist (Potential memory leak).
TFile::Append:0: RuntimeWarning: Replacing existing TH1: hist (Potential memory leak).
TFile::Append:0: RuntimeWarning: Replacing existing TH1: hist (Potential memory leak).
TFile::Append:0: RuntimeWarning: Replacing existing TH1: hist (Potential memory leak).
TFile::Append:0: RuntimeWarning: Replacing existing TH1: hist (Potential memory leak).
TFile::Append:0: RuntimeWarning: Replacing existing TH1: hist (Potential memory leak).
TFile::Append:0: RuntimeWarning: Replacing existing TH1: hist (Potential memory leak).
TFile::Append:0: RuntimeWarning: Replacing existing TH1: hist (Potential memory leak).
TFile::Append:0: RuntimeWarning: Replacing existing TH1: hist (Potential memory leak).
TFile::Append:0: RuntimeWarning: Replacing existing TH1: hist (Potential memory leak).
st integral =  164.0
    hist_data nEntries =  942.0
    hist_data integral =  507.0
    hist nEntries =  443.0
    hist integral =  225.0
    hist_data nEntries =  1385.0
    hist_data integral =  732.0
    hist nEntries =  389.0
    hist integral =  202.0
    hist_data nEntries =  1774.0
    hist_data integral =  934.0
    hist nEntries =  322.0
    hist integral =  153.0
    hist_data nEntries =  2096.0
    hist_data integral =  1087.0
    hist nEntries =  706.0
    hist integral =  374.0
    hist_data nEntries =  2802.0
    hist_data integral =  1461.0
    hist nEntries =  858.0
    hist integral =  410.0
    hist_data nEntries =  3660.0
    hist_data integral =  1871.0
Filling MC histograms...
  Process =  ZTo2Nu
      Dataset =  HT600To800  ||   nEvents =  5693589
Applied ZTo2Nu qcd/ewk Weights correctly
          hist weight =  0.0163286232989*leptonWeight*bjetWeight*puWeight*muonTriggerWeight*EE_L1_prefire_Weight*electronTriggerWeight*METTriggerWeight*qcdZTo2NuWeight*ewkZWeight
          hist nEntries =  5263.0
          hist integral =  52.7094304562
      Dataset =  HT1200To2500  ||   nEvents =  513471
Applied ZTo2Nu qcd/ewk Weights correctly
          hist weight =  0.0204004294303*leptonWeight*bjetWeight*puWeight*muonTriggerWeight*EE_L1_prefire_Weight*electronTriggerWeight*METTriggerWeight*qcdZTo2NuWeight*ewkZWeight
          hist nEntries =  791.0
          hist integral =  9.49742087722
      Dataset =  HT100To200  ||   nEvents =  24272858
Applied ZTo2Nu qcd/ewk Weights correctly
          hist weight =  0.419609240082*leptonWeight*bjetWeight*puWeight*muonTriggerWeight*EE_L1_prefire_Weight*electronTriggerWeight*METTriggerWeight*qcdZTo2NuWeight*ewkZWeight
          hist nEntries =  1.0
          hist integral =  0.0
      Dataset =  HT2500ToInf  ||   nEvents =  405030
Applied ZTo2Nu qcd/ewk Weights correctly
          hist weight =  0.000622946078068*leptonWeight*bjetWeight*puWeight*muonTriggerWeight*EE_L1_prefire_Weight*electronTriggerWeight*METTriggerWeight*qcdZTo2NuWeight*ewkZWeight
          hist nEntries =  400.0
          hist integral =  0.160961291753
      Dataset =  HT800To1200  ||   nEvents =  2170137
Applied ZTo2Nu qcd/ewk Weights correctly
          hist weight =  0.0197475403627*leptonWeight*bjetWeight*puWeight*muonTriggerWeight*EE_L1_prefire_Weight*electronTriggerWeight*METTriggerWeight*qcdZTo2NuWeight*ewkZWeight
          hist nEntries =  2745.0
          hist integral =  31.7786160707
      Dataset =  HT200To400  ||   nEvents =  24761211
Applied ZTo2Nu qcd/ewk Weights correctly
          hist weight =  0.113958525696*leptonWeight*bjetWeight*puWeight*muonTriggerWeight*EE_L1_prefire_Weight*electronTriggerWeight*METTriggerWeight*qcdZTo2NuWeight*ewkZWeight
          hist nEntries =  1431.0
          hist integral =  105.128200054
      Dataset =  HT400To600  ||   nEvents =  9862869
Applied ZTo2Nu qcd/ewk Weights correctly
          hist weight =  0.039524087768*leptonWeight*bjetWeight*puWeight*muonTriggerWeight*EE_L1_prefire_Weight*electronTriggerWeight*METTriggerWeight*qcdZTo2NuWeight*ewkZWeight
          hist nEntries =  5012.0
          hist integral =  120.606174469
  Process =  tbar scalar
      Dataset =  tWChan_MChi1_MPhi100_scalar  ||   nEvents =  157000
          hist weight =  0.0127131859873*leptonWeight*bjetWeight*puWeight*muonTriggerWeight*EE_L1_prefire_Weight*electronTriggerWeight*METTriggerWeight
          hist nEntries =  1263.0
          hist integral =  7.83447384834
      Dataset =  tChan_MChi1_MPhi100_scalar  ||   nEvents =  244000
          hist weight =  0.042404852459*leptonWeight*bjetWeight*puWeight*muonTriggerWeight*EE_L1_prefire_Weight*electronTriggerWeight*METTriggerWeight
          hist nEntries =  1399.0
          hist integral =  29.6032270193
  Process =  WW
      Dataset =  WWTo1L1Nu2Q  ||   nEvents =  5246469
          hist weight =  0.346212092362*leptonWeight*bjetWeight*puWeight*muonTriggerWeight*EE_L1_prefire_Weight*electronTriggerWeight*METTriggerWeight
          hist nEntries =  24.0
          hist integral =  4.95780213177
      Dataset =  WWTo4Q  ||   nEveTFile::Append:0: RuntimeWarning: Replacing existing TH1: hist (Potential memory leak).
TFile::Append:0: RuntimeWarning: Replacing existing TH1: hist (Potential memory leak).
TFile::Append:0: RuntimeWarning: Replacing existing TH1: hist (Potential memory leak).
TFile::Append:0: RuntimeWarning: Replacing existing TH1: hist (Potential memory leak).
TFile::Append:0: RuntimeWarning: Replacing existing TH1: hist (Potential memory leak).
TFile::Append:0: RuntimeWarning: Replacing existing TH1: hist (Potential memory leak).
TFile::Append:0: RuntimeWarning: Replacing existing TH1: hist (Potential memory leak).
TFile::Append:0: RuntimeWarning: Replacing existing TH1: hist (Potential memory leak).
TFile::Append:0: RuntimeWarning: Replacing existing TH1: hist (Potential memory leak).
TFile::Append:0: RuntimeWarning: Replacing existing TH1: hist (Potential memory leak).
TFile::Append:0: RuntimeWarning: Replacing existing TH1: hist (Potential memory leak).
TFile::Append:0: RuntimeWarning: Replacing existing TH1: hist (Potential memory leak).
TFile::Append:0: RuntimeWarning: Replacing existing TH1: hist (Potential memory leak).
TFile::Append:0: RuntimeWarning: Replacing existing TH1: hist (Potential memory leak).
TFile::Append:0: RuntimeWarning: Replacing existing TH1: hist (Potential memory leak).
nts =  30324343
          hist weight =  0.0619666051792*leptonWeight*bjetWeight*puWeight*muonTriggerWeight*EE_L1_prefire_Weight*electronTriggerWeight*METTriggerWeight
          hist nEntries =  0.0
          hist integral =  0.0
      Dataset =  WWTo2L2Nu  ||   nEvents =  1999000
          hist weight =  0.221324032016*leptonWeight*bjetWeight*puWeight*muonTriggerWeight*EE_L1_prefire_Weight*electronTriggerWeight*METTriggerWeight
          hist nEntries =  1.0
          hist integral =  0.0
  Process =  ttbarPlusJets
      Dataset =  TTToSemiLepton  ||   nEvents =  152669800
          hist weight =  0.0867023831825*leptonWeight*bjetWeight*puWeight*muonTriggerWeight*EE_L1_prefire_Weight*electronTriggerWeight*METTriggerWeight
          hist nEntries =  28959.0
          hist integral =  1191.10227585
      Dataset =  TTTo2L2Nu  ||   nEvents =  79140880
          hist weight =  0.040080073661*leptonWeight*bjetWeight*puWeight*muonTriggerWeight*EE_L1_prefire_Weight*electronTriggerWeight*METTriggerWeight
          hist nEntries =  5112.0
          hist integral =  96.4140925407
  Process =  ttbar scalar
      Dataset =  ttDM_MChi1_MPhi100_scalar  ||   nEvents =  2625075
          hist weight =  0.0100014670438*leptonWeight*bjetWeight*puWeight*muonTriggerWeight*EE_L1_prefire_Weight*electronTriggerWeight*METTriggerWeight*GenModel__TTbarDMJets_Inclusive_scalar_LO_Mchi_1_Mphi_100_TuneCP5_13TeV_madgraph_mcatnlo_pythia8
          hist nEntries =  16593.0
          hist integral =  79.9947571754
  Process =  ZZ
      Dataset =  ZZTo2Q2Nu  ||   nEvents =  30493038
          hist weight =  0.00481333476842*leptonWeight*bjetWeight*puWeight*muonTriggerWeight*EE_L1_prefire_Weight*electronTriggerWeight*METTriggerWeight
          hist nEntries =  8112.0
          hist integral =  18.992847383
      Dataset =  ZZTo4L  ||   nEvents =  103121112
          hist weight =  0.000426992680219*leptonWeight*bjetWeight*puWeight*muonTriggerWeight*EE_L1_prefire_Weight*electronTriggerWeight*METTriggerWeight
          hist nEntries =  3.0
          hist integral =  0.00053594779456
      Dataset =  ZZTo2L2Q  ||   nEvents =  15462693
          hist weight =  0.00756547387961*leptonWeight*bjetWeight*puWeight*muonTriggerWeight*EE_L1_prefire_Weight*electronTriggerWeight*METTriggerWeight
          hist nEntries =  37.0
          hist integral =  0.156810032437
      Dataset =  ZZTo2L2Nu  ||   nEvents =  52855410
          hist weight =  0.000387663627999*leptonWeight*bjetWeight*puWeight*muonTriggerWeight*EE_L1_prefire_Weight*electronTriggerWeight*METTriggerWeight
          hist nEntries =  196.0
          hist integral =  0.0390736545669
      Dataset =  ZZTo4Q  ||   nEvents =  30636849
          hist weight =  0.00811342772228*leptonWeight*bjetWeight*puWeight*muonTriggerWeight*EE_L1_prefire_Weight*electronTriggerWeight*METTriggerWeight
          hist nEntries =  1.0
          hist integral =  0.0
  Process =  QCD
      Dataset =  HT700To1000  ||   nEvents =  37233786
          hist weight =  6.66518924506*leptonWeight*bjetWeight*puWeight*muonTriggerWeight*EE_L1_prefire_Weight*electronTriggerWeight*METTriggerWeight
          hist nEntries =  3.0
          hist integral =  2.01013493538
      Dataset =  HT500To700  ||   nEvents =  62622029
          hist weight =  18.6227277944*leptonWeight*bjetWeight*puWeight*muonTriggerWeight*EE_L1_prefire_Weight*electronTriggerWeight*METTriggerWeight
          hist nEntries =  0.0
          hist integral =  0.0
      Dataset =  HT2000ToInf  ||   nEvents =  5804179
          hist weight =  0.157984307514*leptonWeight*bjetWeight*puWeight*muonTriggerWeight*EE_L1_prefire_Weight*electronTriggerWeight*METTriggerWeight
          hist nEntries =  25.0
          hist integral =  1.56885464489
      Dataset =  HT1000To1500  ||   nEvents =  15210939
          hist weight =  2.8828141379*leptonWeight*bjetWeight*puWeight*muonTriggerWeight*EE_L1_prefire_Weight*electronTriggerWeight*METTriggerWeight
          hist nEntries =  2.0
          hist integral =  0.0
      Dataset =  HT1500To2000  ||   nEvents =  11839357
          hist weight =  TFile::Append:0: RuntimeWarning: Replacing existing TH1: hist (Potential memory leak).
TFile::Append:0: RuntimeWarning: Replacing existing TH1: hist (Potential memory leak).
TFile::Append:0: RuntimeWarning: Replacing existing TH1: hist (Potential memory leak).
TFile::Append:0: RuntimeWarning: Replacing existing TH1: hist (Potential memory leak).
TFile::Append:0: RuntimeWarning: Replacing existing TH1: hist (Potential memory leak).
TFile::Append:0: RuntimeWarning: Replacing existing TH1: hist (Potential memory leak).
TFile::Append:0: RuntimeWarning: Replacing existing TH1: hist (Potential memory leak).
TFile::Append:0: RuntimeWarning: Replacing existing TH1: hist (Potential memory leak).
TFile::Append:0: RuntimeWarning: Replacing existing TH1: hist (Potential memory leak).
TFile::Append:0: RuntimeWarning: Replacing existing TH1: hist (Potential memory leak).
TFile::Append:0: RuntimeWarning: Replacing existing TH1: hist (Potential memory leak).
TFile::Append:0: RuntimeWarning: Replacing existing TH1: hist (Potential memory leak).
TFile::Append:0: RuntimeWarning: Replacing existing TH1: hist (Potential memory leak).
TFile::Append:0: RuntimeWarning: Replacing existing TH1: hist (Potential memory leak).
0.367922599175*leptonWeight*bjetWeight*puWeight*muonTriggerWeight*EE_L1_prefire_Weight*electronTriggerWeight*METTriggerWeight
          hist nEntries =  7.0
          hist integral =  2.05643676315
      Dataset =  HT100To200  ||   nEvents =  82293477
          hist weight =  12356.7108484*leptonWeight*bjetWeight*puWeight*muonTriggerWeight*EE_L1_prefire_Weight*electronTriggerWeight*METTriggerWeight
          hist nEntries =  0.0
          hist integral =  0.0
      Dataset =  HT300To500  ||   nEvents =  54552852
          hist weight =  231.554181622*leptonWeight*bjetWeight*puWeight*muonTriggerWeight*EE_L1_prefire_Weight*electronTriggerWeight*METTriggerWeight*(event!=159953384)
          hist nEntries =  0.0
          hist integral =  0.0
      Dataset =  HT200To300  ||   nEvents =  57580393
          hist weight =  1080.1760245*leptonWeight*bjetWeight*puWeight*muonTriggerWeight*EE_L1_prefire_Weight*electronTriggerWeight*METTriggerWeight
          hist nEntries =  0.0
          hist integral =  0.0
  Process =  WZ
      Dataset =  WZTo2Q2Nu  ||   nEvents =  17725159
          hist weight =  0.0132979929827*leptonWeight*bjetWeight*puWeight*muonTriggerWeight*EE_L1_prefire_Weight*electronTriggerWeight*METTriggerWeight
          hist nEntries =  936.0
          hist integral =  6.01472774148
      Dataset =  WZTo2L2Q  ||   nEvents =  26445785
          hist weight =  0.00768615301077*leptonWeight*bjetWeight*puWeight*muonTriggerWeight*EE_L1_prefire_Weight*electronTriggerWeight*METTriggerWeight
          hist nEntries =  12.0
          hist integral =  0.0374203268439
      Dataset =  WZTo3LNu  ||   nEvents =  19993200
          hist weight =  0.00804919595162*leptonWeight*bjetWeight*puWeight*muonTriggerWeight*EE_L1_prefire_Weight*electronTriggerWeight*METTriggerWeight
          hist nEntries =  8.0
          hist integral =  0.0314711853862
      Dataset =  WZTo1L3Nu  ||   nEvents =  1703772
          hist weight =  0.0646734950451*leptonWeight*bjetWeight*puWeight*muonTriggerWeight*EE_L1_prefire_Weight*electronTriggerWeight*METTriggerWeight
          hist nEntries =  21.0
          hist integral =  0.460250988603
      Dataset =  WZTo1L1Nu2Q  ||   nEvents =  24311445
          hist weight =  0.0160045731547*leptonWeight*bjetWeight*puWeight*muonTriggerWeight*EE_L1_prefire_Weight*electronTriggerWeight*METTriggerWeight
          hist nEntries =  1174.0
          hist integral =  8.97904276848
  Process =  TTV
      Dataset =  TTZToQQ  ||   nEvents =  749400
          hist weight =  0.0256792113691*leptonWeight*bjetWeight*puWeight*muonTriggerWeight*EE_L1_prefire_Weight*electronTriggerWeight*METTriggerWeight
          hist nEntries =  366.0
          hist integral =  4.26165198535
      Dataset =  TTWJetsToLNu  ||   nEvents =  5280565
          hist weight =  0.00140557288851*leptonWeight*bjetWeight*puWeight*muonTriggerWeight*EE_L1_prefire_Weight*electronTriggerWeight*METTriggerWeight
          hist nEntries =  7233.0
          hist integral =  4.89593936503
      Dataset =  TTWJetsToQQ  ||   nEvents =  833298
          hist weight =  0.0177094460805*leptonWeight*bjetWeight*puWeight*muonTriggerWeight*EE_L1_prefire_Weight*electronTriggerWeight*METTriggerWeight
          hist nEntries =  289.0
          hist integral =  2.22026949003
      Dataset =  TTZToLLNuNu  ||   nEvents =  13692628
          hist weight =  0.000671007566992*leptonWeight*bjetWeight*puWeight*muonTriggerWeight*EE_L1_prefire_Weight*electronTriggerWeight*METTriggerWeight
          hist nEntries =  119886.0
          hist integral =  38.5247449875
  Process =  ZTo2L
      Dataset =  HT600To800  ||   nEvents =  8292957
Applied ZTo2L qcd/ewk Weights correctly
          hist weight =  0.00598858887126*leptonWeight*bjetWeight*puWeight*muonTriggerWeight*EE_L1_prefire_Weight*electronTriggerWeight*METTriggerWeight*qcdZTo2LWeight*ewkZWeight
          hist nEntries =  93.0
          hist integral =  0.405843472108
      Dataset =  HT1200To2500  ||   nEvents =  596079
Applied ZTo2L qcd/ewk Weights correctly
          hist weight =  0.00922757218422*leptonWeight*bjetWeight*puWTFile::Append:0: RuntimeWarning: Replacing existing TH1: hist (Potential memory leak).
TFile::Append:0: RuntimeWarning: Replacing existing TH1: hist (Potential memory leak).
TFile::Append:0: RuntimeWarning: Replacing existing TH1: hist (Potential memory leak).
TFile::Append:0: RuntimeWarning: Replacing existing TH1: hist (Potential memory leak).
TFile::Append:0: RuntimeWarning: Replacing existing TH1: hist (Potential memory leak).
TFile::Append:0: RuntimeWarning: Replacing existing TH1: hist (Potential memory leak).
TFile::Append:0: RuntimeWarning: Replacing existing TH1: hist (Potential memory leak).
TFile::Append:0: RuntimeWarning: Replacing existing TH1: hist (Potential memory leak).
TFile::Append:0: RuntimeWarning: Replacing existing TH1: hist (Potential memory leak).
TFile::Append:0: RuntimeWarning: Replacing existing TH1: hist (Potential memory leak).
TFile::Append:0: RuntimeWarning: Replacing existing TH1: hist (Potential memory leak).
TFile::Append:0: RuntimeWarning: Replacing existing TH1: hist (Potential memory leak).
eight*muonTriggerWeight*EE_L1_prefire_Weight*electronTriggerWeight*METTriggerWeight*qcdZTo2LWeight*ewkZWeight
          hist nEntries =  10.0
          hist integral =  0.0521587524563
      Dataset =  HT100To200  ||   nEvents =  11017086
Applied ZTo2L qcd/ewk Weights correctly
          hist weight =  0.486067005377*leptonWeight*bjetWeight*puWeight*muonTriggerWeight*EE_L1_prefire_Weight*electronTriggerWeight*METTriggerWeight*qcdZTo2LWeight*ewkZWeight
          hist nEntries =  0.0
          hist integral =  0.0
      Dataset =  HT2500ToInf  ||   nEvents =  399492
Applied ZTo2L qcd/ewk Weights correctly
          hist weight =  0.000324202862636*leptonWeight*bjetWeight*puWeight*muonTriggerWeight*EE_L1_prefire_Weight*electronTriggerWeight*METTriggerWeight*qcdZTo2LWeight*ewkZWeight
          hist nEntries =  9.0
          hist integral =  0.00304626169964
      Dataset =  HT800To1200  ||   nEvents =  2673066
Applied ZTo2L qcd/ewk Weights correctly
          hist weight =  0.00856785129885*leptonWeight*bjetWeight*puWeight*muonTriggerWeight*EE_L1_prefire_Weight*electronTriggerWeight*METTriggerWeight*qcdZTo2LWeight*ewkZWeight
          hist nEntries =  35.0
          hist integral =  0.104038141115
      Dataset =  HT200To400  ||   nEvents =  9609137
Applied ZTo2L qcd/ewk Weights correctly
          hist weight =  0.154974031487*leptonWeight*bjetWeight*puWeight*muonTriggerWeight*EE_L1_prefire_Weight*electronTriggerWeight*METTriggerWeight*qcdZTo2LWeight*ewkZWeight
          hist nEntries =  10.0
          hist integral =  0.676709219813
      Dataset =  HT400To600  ||   nEvents =  9725661
Applied ZTo2L qcd/ewk Weights correctly
          hist weight =  0.0212100483453*leptonWeight*bjetWeight*puWeight*muonTriggerWeight*EE_L1_prefire_Weight*electronTriggerWeight*METTriggerWeight*qcdZTo2LWeight*ewkZWeight
          hist nEntries =  69.0
          hist integral =  0.791196446517
  Process =  singleTop
      Dataset =  ST_s-channel  ||   nEvents =  1000000
          hist weight =  0.1220688*leptonWeight*bjetWeight*puWeight*muonTriggerWeight*EE_L1_prefire_Weight*electronTriggerWeight*METTriggerWeight
          hist nEntries =  41.0
          hist integral =  2.63055643812
      Dataset =  ST_t-channel_antitop  ||   nEvents =  38811017
          hist weight =  0.0757752238237*leptonWeight*bjetWeight*puWeight*muonTriggerWeight*EE_L1_prefire_Weight*electronTriggerWeight*METTriggerWeight
          hist nEntries =  176.0
          hist integral =  6.71252192557
      Dataset =  ST_tW_top  ||   nEvents =  6952830
          hist weight =  0.187323794771*leptonWeight*bjetWeight*puWeight*muonTriggerWeight*EE_L1_prefire_Weight*electronTriggerWeight*METTriggerWeight
          hist nEntries =  569.0
          hist integral =  51.0751200914
      Dataset =  ST_t-channel_top  ||   nEvents =  58403420
          hist weight =  0.0846115963757*leptonWeight*bjetWeight*puWeight*muonTriggerWeight*EE_L1_prefire_Weight*electronTriggerWeight*METTriggerWeight
          hist nEntries =  310.0
          hist integral =  11.753919363
      Dataset =  ST_tW_antitop  ||   nEvents =  6933094
          hist weight =  0.187857037565*leptonWeight*bjetWeight*puWeight*muonTriggerWeight*EE_L1_prefire_Weight*electronTriggerWeight*METTriggerWeight
          hist nEntries =  536.0
          hist integral =  45.7706701756
  Process =  WPlusJets
      Dataset =  HT200To400  ||   nEvents =  38984322
Applied WPlusJets qcd/ewk Weights correctly
          hist weight =  0.335209138689*leptonWeight*bjetWeight*puWeight*muonTriggerWeight*EE_L1_prefire_Weight*electronTriggerWeight*METTriggerWeight*qcdWWeight*ewkWWeight
          hist nEntries =  211.0
          hist integral =  37.96072644
      Dataset =  HT70To100  ||   nEvents =  10020533
Applied WPlusJets qcd/ewk Weights correctly
          hist weight =  4.97426234712*leptonWeight*bjetWeight*puWeight*muonTriggerWeight*EE_L1_prefire_Weight*electronTriggerWeight*METTriggerWeight*qcdWWeight*ewkWWeight
          hist nEntries =  0.0
          hist integral =  0.0
      Dataset =  HT600To800  ||   nEvents =  18687480
Applied WPlusTFile::Append:0: RuntimeWarning: Replacing existing TH1: hist (Potential memory leak).
TFile::Append:0: RuntimeWarning: Replacing existing TH1: hist (Potential memory leak).
TFile::Append:0: RuntimeWarning: Replacing existing TH1: hist (Potential memory leak).
TFile::Append:0: RuntimeWarning: Replacing existing TH1: hist (Potential memory leak).
TFile::Append:0: RuntimeWarning: Replacing existing TH1: hist (Potential memory leak).
TFile::Append:0: RuntimeWarning: Replacing existing TH1: hist (Potential memory leak).
Jets qcd/ewk Weights correctly
          hist weight =  0.0234261922956*leptonWeight*bjetWeight*puWeight*muonTriggerWeight*EE_L1_prefire_Weight*electronTriggerWeight*METTriggerWeight*qcdWWeight*ewkWWeight
          hist nEntries =  1844.0
          hist integral =  23.9118468761
      Dataset =  HT1200To2500  ||   nEvents =  6872441
Applied WPlusJets qcd/ewk Weights correctly
          hist weight =  0.00702553430433*leptonWeight*bjetWeight*puWeight*muonTriggerWeight*EE_L1_prefire_Weight*electronTriggerWeight*METTriggerWeight*qcdWWeight*ewkWWeight
          hist nEntries =  1412.0
          hist integral =  5.6395958364
      Dataset =  HT100To200  ||   nEvents =  78043017
Applied WPlusJets qcd/ewk Weights correctly
          hist weight =  0.626114313341*leptonWeight*bjetWeight*puWeight*muonTriggerWeight*EE_L1_prefire_Weight*electronTriggerWeight*METTriggerWeight*qcdWWeight*ewkWWeight
          hist nEntries =  3.0
          hist integral =  0.0
      Dataset =  HT400To600  ||   nEvents =  7687800
Applied WPlusJets qcd/ewk Weights correctly
          hist weight =  0.231132482635*leptonWeight*bjetWeight*puWeight*muonTriggerWeight*EE_L1_prefire_Weight*electronTriggerWeight*METTriggerWeight*qcdWWeight*ewkWWeight
          hist nEntries =  386.0
          hist integral =  49.4140005112
      Dataset =  HT2500ToInf  ||   nEvents =  2637821
Applied WPlusJets qcd/ewk Weights correctly
          hist weight =  0.000442931040431*leptonWeight*bjetWeight*puWeight*muonTriggerWeight*EE_L1_prefire_Weight*electronTriggerWeight*METTriggerWeight*qcdWWeight*ewkWWeight
          hist nEntries =  349.0
          hist integral =  0.101469416404
      Dataset =  HT800To1200  ||   nEvents =  7830536
Applied WPlusJets qcd/ewk Weights correctly
          hist weight =  0.0255220498316*leptonWeight*bjetWeight*puWeight*muonTriggerWeight*EE_L1_prefire_Weight*electronTriggerWeight*METTriggerWeight*qcdWWeight*ewkWWeight
          hist nEntries =  1129.0
          hist integral =  15.1354818046
-----------------------------
Total data background nEvents =  3660.0
Total data background integral =  1871.0
-----------------------------
Total MC background nEvents =  195242.0
Total MC background integral =  1954.74410248
-----------------------------
Total tt+DM signal nEvents =  16593.0
Total tt+DM signal integral =  79.9947571754
Total t+DM signal nEvents =  2662.0
Total t+DM signal integral =  37.4377009869
-----------------------------
FOM for tt+DM signal =  0.644042600004
FOM for t+DM signal =  0.458513341039
-----------------------------
Data bin content:
    bin 0: 1789.0
    bin 1: 129.0
    bin 2: 113.0
    bin 3: 114.0
    bin 4: 105.0
    bin 5: 127.0
    bin 6: 125.0
    bin 7: 137.0
    bin 8: 139.0
    bin 9: 123.0
    bin 10: 117.0
    bin 11: 120.0
    bin 12: 101.0
    bin 13: 123.0
    bin 14: 108.0
    bin 15: 116.0
    bin 16: 74.0
    bin 17: 0.0
-----------------------------
MC background bin content:
    bin 0: 1991.53076172
    bin 1: 122.361869812
    bin 2: 129.370742798
    bin 3: 129.330703735
    bin 4: 125.497436523
    bin 5: 124.177337646
    bin 6: 125.450233459
    bin 7: 118.950553894
    bin 8: 129.85824585
    bin 9: 122.037055969
    bin 10: 125.03604126
    bin 11: 126.768356323
    bin 12: 128.823120117
    bin 13: 118.075637817
    bin 14: 117.209434509
    bin 15: 126.893554688
    bin 16: 84.9037780762
    bin 17: 0.0
-----------------------------
tt+DM bin content:
    bin 0: 80.1167297363
    bin 1: 5.22381877899
    bin 2: 5.02892827988
    bin 3: 5.09519910812
    bin 4: 5.11156702042
    bin 5: 5.00231838226
    bin 6: 5.53987789154
    bin 7: 5.55901575089
    bin 8: 5.22590208054
    bin 9: 4.92440891266
    bin 10: 4.83635473251
    bin 11: 5.00115633011
    bin 12: 5.1478805542
    bin 13: 4.91516447067
    bin 14: 5.01633262634
    bin 15: 4.95661783218
    bin 16: 3.41021442413
    bin 17: 0.0
-----------------------------
t+DM bin content:
    bin 0: 34.9009208679
    bin 1: 2.88615703583
    bin 2: 2.52979564667
    bin 3: 2.55377197266
    bin 4: 1.93810796738
    bin 5: 2.82175254822
    bin 6: Info in <TCanvas::Print>: png file AH0l2bSR2016_Jet_phi[index_centralJets[2]]_01_10_2023.png has been created
2.27209496498
    bin 7: 2.40744924545
    bin 8: 1.86630451679
    bin 9: 2.57152867317
    bin 10: 2.48818492889
    bin 11: 2.05976867676
    bin 12: 2.45686459541
    bin 13: 1.85950553417
    bin 14: 2.63044714928
    bin 15: 2.70342040062
    bin 16: 1.39254713058
    bin 17: 0.0
-----------------------------
Data bin errors:
    bin 0: 42.2965719651
    bin 1: 11.3578166916
    bin 2: 10.6301458127
    bin 3: 10.677078252
    bin 4: 10.246950766
    bin 5: 11.2694276696
    bin 6: 11.1803398875
    bin 7: 11.7046999107
    bin 8: 11.7898261226
    bin 9: 11.0905365064
    bin 10: 10.8166538264
    bin 11: 10.9544511501
    bin 12: 10.0498756211
    bin 13: 11.0905365064
    bin 14: 10.3923048454
    bin 15: 10.7703296143
    bin 16: 8.60232526704
    bin 17: 0.0
-----------------------------
MC background bin errors:
    bin 0: 17.6145807644
    bin 1: 3.49457768929
    bin 2: 3.66697873667
    bin 3: 3.57608497859
    bin 4: 3.4928658793
    bin 5: 3.43766117535
    bin 6: 3.47369058419
    bin 7: 3.3308923173
    bin 8: 4.20049507929
    bin 9: 3.37876070089
    bin 10: 3.60896770411
    bin 11: 3.54326060079
    bin 12: 3.59035870757
    bin 13: 3.37993971951
    bin 14: 3.35904198123
    bin 15: 3.46471381115
    bin 16: 2.8350454525
    bin 17: 0.0
-----------------------------
tt+DM bin errors:
    bin 0: 0.912536792011
    bin 1: 0.232891528449
    bin 2: 0.227236937726
    bin 3: 0.229708434643
    bin 4: 0.230686797198
    bin 5: 0.228719743873
    bin 6: 0.2399542957
    bin 7: 0.240703298994
    bin 8: 0.23347445675
    bin 9: 0.22562160527
    bin 10: 0.223508766674
    bin 11: 0.228422004501
    bin 12: 0.231304585015
    bin 13: 0.225689626605
    bin 14: 0.228855459376
    bin 15: 0.226595415597
    bin 16: 0.188924120616
    bin 17: 0.0
-----------------------------
t+DM bin errors:
    bin 0: 1.13717894046
    bin 1: 0.341200386204
    bin 2: 0.301728915888
    bin 3: 0.314820982999
    bin 4: 0.261771030123
    bin 5: 0.32684971322
    bin 6: 0.287629041095
    bin 7: 0.299105350162
    bin 8: 0.260942703014
    bin 9: 0.308602805766
    bin 10: 0.307553597025
    bin 11: 0.273483016083
    bin 12: 0.308125500014
    bin 13: 0.258637705574
    bin 14: 0.316460731468
    bin 15: 0.315377208478
    bin 16: 0.221093231154
    bin 17: 0.0
-----------------------------
ZTo2Nu hist info:
    nEvents =  15643.0
    integral =  319.880803108
tbar scalar hist info:
    nEvents =  2662.0
    integral =  37.4377009869
TTTo2L2Nu hist info:
    nEvents =  5112.0
    integral =  96.4140925407
singleTop hist info:
    nEvents =  1632.0
    integral =  117.942789078
TTV hist info:
    nEvents =  127774.0
    integral =  49.902605772
bkgSum hist info:
    nEvents =  195242.0
    integral =  1954.74410248
ttbar scalar hist info:
    nEvents =  16593.0
    integral =  79.9947571754
VV hist info:
    nEvents =  10525.0
    integral =  39.6699826717
QCD hist info:
    nEvents =  37.0
    integral =  5.63542637229
ZTo2L hist info:
    nEvents =  226.0
    integral =  2.03299229965
data hist info:
    nEvents =  3660.0
    integral =  1871.0
WPlusJets hist info:
    nEvents =  5334.0
    integral =  132.163122654
TTToSemiLepton hist info:
    nEvents =  28959.0
    integral =  1191.10227585
Finished filling histograms
Creating stacked MC background histogram...
Finished stacking MC background histograms.
Drawing histograms...
Finished drawing histograms
Drawing ratio plot...
Plotting end time: 2023-01-12 03:47:59.983785
