Plotting start time: 2021-09-21 21:07:07.666246
Cut name =  AH0lQR
MC Selection Cuts =  (nVetoElectrons + nLooseMuons) == 0 && njets >= 3 && nbjets >= 1 && METcorrected_pt >= 250 && ntaus == 0 && minDeltaPhi12 <= 0.8 && Flag_goodVertices && Flag_globalSuperTightHalo2016Filter && Flag_HBHENoiseFilter && Flag_HBHENoiseIsoFilter && Flag_EcalDeadCellTriggerPrimitiveFilter && Flag_BadPFMuonFilter && Flag_ecalBadCalibFilterV2 && Flag_eeBadScFilter && (HLT_PFMETNoMu120_PFMHTNoMu120_IDTight || HLT_PFMETNoMu120_PFMHTNoMu120_IDTight_PFHT60) && ((METcorrected_phi <= -1.62) || (METcorrected_phi >= -0.82)) && nfjets >= 1 && Jet_pt[index_forwardJets[0]] < Jet_pt[index_centralJets[0]]
Data Selection Cuts =  (nVetoElectrons + nLooseMuons) == 0 && njets >= 3 && nbjets >= 1 && METcorrected_pt >= 250 && ntaus == 0 && minDeltaPhi12 <= 0.8 && Flag_goodVertices && Flag_globalSuperTightHalo2016Filter && Flag_HBHENoiseFilter && Flag_HBHENoiseIsoFilter && Flag_EcalDeadCellTriggerPrimitiveFilter && Flag_BadPFMuonFilter && Flag_ecalBadCalibFilterV2 && Flag_eeBadScFilter && (HLT_PFMETNoMu120_PFMHTNoMu120_IDTight || HLT_PFMETNoMu120_PFMHTNoMu120_IDTight_PFHT60) && ((METcorrected_phi <= -1.62) || (METcorrected_phi >= -0.82)) && nfjets >= 1 && Jet_pt[index_forwardJets[0]] < Jet_pt[index_centralJets[0]] && Flag_eeBadScFilter
var =  Jet_chHEF[index_forwardJets[0]]
year =  2018
lumi =  59.83
saveDirectory =  plots/2018_QCDCR_debugging/RunII_plots/fJet_EF/
date =  09_21_2021
Creating histograms..
Finished making systematic histogram dictionary
Drawing data and ratio plot...
Selected MET dataset
Loading data sample root files and event trees...
    nevents in filepath = /hdfs/store/user/vshang/MET_Run2018A/MET/ModuleCommonSkim_06172021/tree_all.root: 1098394
    nevents in filepath = /hdfs/store/user/vshang/MET_Run2018B/MET/ModuleCommonSkim_06172021/tree_all.root: 556797
    nevents in filepath = /hdfs/store/user/vshang/MET_Run2018C/MET/ModuleCommonSkim_06172021/tree_all.root: 866305
    nevents in filepath = /hdfs/store/user/vshang/MET_Run2018D/MET/ModuleCommonSkim_06172021/tree_all.root: 4509098
    total nevents in  MET :  7030594
Got data sample root files and event trees
Loading MC sample root files and event trees...
    nevents in  ZTo2Nu   HT600To800 :  5748975
    nevents in  ZTo2Nu   HT1200To2500 :  343198
    nevents in  ZTo2Nu   HT100To200 :  23702894
    nevents in  ZTo2Nu   HT2500ToInf :  359639
    nevents in  ZTo2Nu   HT800To1200 :  2066798
    nevents in  ZTo2Nu   HT200To400 :  23276346
    nevents in  ZTo2Nu   HT400To600 :  9511100
    nevents in  WW   WWTo1L1Nu2Q :  4683136
    nevents in  WW   WWTo4Q :  3790800
    nevents in  WW   WWTo2L2Nu :  7758900
    nevents in  ttbarPlusJets   TTToSemiLepton :  300619998
    nevents in  ttbarPlusJets   TTTo2L2Nu :  64310000
    nevents in  ttbar scalar   ttDM_MChi1_MPhi100_scalar :  1842523
    nevents in  ZZ   ZZTo2Q2Nu :  57633049
    nevents in  ZZ   ZZTo4L :  124649500
    nevents in  ZZ   ZZTo2L2Q :  27900469
    nevents in  ZZ   ZZTo2L2Nu :  56428600
    nevents in  QCD   HT700To1000 :  48158738
    nevents in  QCD   HT500To700 :  55152960
    nevents in  QCD   HT2000ToInf :  5475677
    nevents in  QCD   HT1000To1500 :  15466225
    nevents in  QCD   HT1500To2000 :  10955087
    nevents in  QCD   HT100To200 :  93972378
    nevents in  QCD   HT300To500 :  54661579
    nevents in  QCD   HT200To300 :  54289442
    nevents in  WZ   WZTo2Q2Nu :  30887331
    nevents in  WZ   WZTo2L2Q :  28193648
    nevents in  WZ   WZTo3LNu :  11248318
    nevents in  WZ   WZTo1L3Nu :  1690064
    nevents in  WZ   WZTo1L1Nu2Q :  18273533
    nevents in  ttbar pseudoscalar   ttDM_MChi1_MPhi100_pseudo :  1607992
    nevents in  TTV   TTZToQQ :  9572000
    nevents in  TTV   TTWJetsToLNu :  4911941
    nevents in  TTV   TTWJetsToQQ :  835296
    nevents in  TTV   TTZToLLNuNu :  13280000
    nevents in  ZTo2L   HT600To800 :  8862104
    nevents in  ZTo2L   HT1200To2500 :  536416
    nevents in  ZTo2L   HT100To200 :  11530510
    nevents in  ZTo2L   HT2500ToInf :  427051
    nevents in  ZTo2L   HT800To1200 :  31381Info in <TCanvas::MakeDefCanvas>:  created default TCanvas with name c1
TFile::Append:0: RuntimeWarning: Replacing existing TH1: hist (Potential memory leak).
TFile::Append:0: RuntimeWarning: Replacing existing TH1: hist (Potential memory leak).
TFile::Append:0: RuntimeWarning: Replacing existing TH1: hist (Potential memory leak).
TFile::Append:0: RuntimeWarning: Replacing existing TH1: hist (Potential memory leak).
TFile::Append:0: RuntimeWarning: Replacing existing TH1: hist (Potential memory leak).
TFile::Append:0: RuntimeWarning: Replacing existing TH1: hist (Potential memory leak).
TFile::Append:0: RuntimeWarning: Replacing existing TH1: hist (Potential memory leak).
TFile::Append:0: RuntimeWarning: Replacing existing TH1: hist (Potential memory leak).
TFile::Append:0: RuntimeWarning: Replacing existing TH1: hist (Potential memory leak).
TFile::Append:0: RuntimeWarning: Replacing existing TH1: hist (Potential memory leak).
TFile::Append:0: RuntimeWarning: Replacing existing TH1: hist (Potential memory leak).
TFile::Append:0: RuntimeWarning: Replacing existing TH1: hist (Potential memory leak).
TFile::Append:0: RuntimeWarning: Replacing existing TH1: hist (Potential memory leak).
TFile::Append:0: RuntimeWarning: Replacing existing TH1: hist (Potential memory leak).
TFile::Append:0: RuntimeWarning: Replacing existing TH1: hist (Potential memory leak).
TFile::Append:0: RuntimeWarning: Replacing existing TH1: hist (Potential memory leak).
TFile::Append:0: RuntimeWarning: Replacing existing TH1: hist (Potential memory leak).
TFile::Append:0: RuntimeWarning: Replacing existing TH1: hist (Potential memory leak).
TFile::Append:0: RuntimeWarning: Replacing existing TH1: hist (Potential memory leak).
TFile::Append:0: RuntimeWarning: Replacing existing TH1: hist (Potential memory leak).
TFile::Append:0: RuntimeWarning: Replacing existing TH1: hist (Potential memory leak).
29
    nevents in  ZTo2L   HT200To400 :  10860690
    nevents in  ZTo2L   HT400To600 :  46161988
    nevents in  singleTop   ST_s-channel :  19890000
    nevents in  singleTop   ST_t-channel_antitop :  79090800
    nevents in  singleTop   ST_tW_top :  9598000
    nevents in  singleTop   ST_t-channel_top :  154307600
    nevents in  singleTop   ST_tW_antitop :  7527000
    nevents in  WPlusJets   HT200To400 :  25468933
    nevents in  WPlusJets   HT70To100 :  28084244
    nevents in  WPlusJets   HT600To800 :  19771294
    nevents in  WPlusJets   HT1200To2500 :  7633949
    nevents in  WPlusJets   HT100To200 :  29425374
    nevents in  WPlusJets   HT400To600 :  5932701
    nevents in  WPlusJets   HT2500ToInf :  3273980
    nevents in  WPlusJets   HT800To1200 :  8402687
Got MC sample root files and event trees
Filling histograms...
  Dataset =  MET  ||   nEvents =  7030594
    hist nEntries =  4022.0
    hist integral =  4022.0
    hist_data nEntries =  4022.0
    hist_data integral =  4022.0
    hist nEntries =  1972.0
    hist integral =  1972.0
    hist_data nEntries =  5994.0
    hist_data integral =  5994.0
    hist nEntries =  1981.0
    hist integral =  1981.0
    hist_data nEntries =  7975.0
    hist_data integral =  7975.0
    hist nEntries =  8967.0
    hist integral =  8967.0
    hist_data nEntries =  16942.0
    hist_data integral =  16942.0
  Process =  ZTo2Nu
      Dataset =  HT600To800  ||   nEvents =  5748975
Applied ZTo2Nu qcd/ewk Weights correctly
          hist nEntries =  4263.0
          hist integral =  170.938612849
      Dataset =  HT1200To2500  ||   nEvents =  343198
Applied ZTo2Nu qcd/ewk Weights correctly
          hist nEntries =  869.0
          hist integral =  55.9014650881
      Dataset =  HT100To200  ||   nEvents =  23702894
Applied ZTo2Nu qcd/ewk Weights correctly
          hist nEntries =  0.0
          hist integral =  0.0
      Dataset =  HT2500ToInf  ||   nEvents =  359639
Applied ZTo2Nu qcd/ewk Weights correctly
          hist nEntries =  1028.0
          hist integral =  0.994675630704
      Dataset =  HT800To1200  ||   nEvents =  2066798
Applied ZTo2Nu qcd/ewk Weights correctly
          hist nEntries =  3318.0
          hist integral =  161.051748097
      Dataset =  HT200To400  ||   nEvents =  23276346
Applied ZTo2Nu qcd/ewk Weights correctly
          hist nEntries =  104.0
          hist integral =  32.1386551857
      Dataset =  HT400To600  ||   nEvents =  9511100
Applied ZTo2Nu qcd/ewk Weights correctly
          hist nEntries =  1725.0
          hist integral =  174.023023069
  Process =  WW
      Dataset =  WWTo1L1Nu2Q  ||   nEvents =  4683136
          hist nEntries =  41.0
          hist integral =  47.3572089821
      Dataset =  WWTo4Q  ||   nEvents =  3790800
          hist nEntries =  0.0
          hist integral =  0.0
      Dataset =  WWTo2L2Nu  ||   nEvents =  7758900
          hist nEntries =  15.0
          hist integral =  1.62293271348
  Process =  ttbarPlusJets
      Dataset =  TTToSemiLepton  ||   nEvents =  300619998
          hist nEntries =  56109.0
          hist integral =  4015.32682037
      Dataset =  TTTo2L2Nu  ||   nEvents =  64310000
          hist nEntries =  5876.0
          hist integral =  470.73261404
  Process =  ttbar scalar
      Dataset =  ttDM_MChi1_MPhi100_scalar  ||   nEvents =  1842523
          hist nEntries =  2353.0
          hist integral =  55.2403138131
  Process =  ZZ
      Dataset =  ZZTo2Q2Nu  ||   nEvents =  57633049
          hist nEntries =  1380.0
          hist integral =  6.68267227337
      Dataset =  ZZTo4L  ||   nEvents =  124649500
          hist nEntries =  24.0
          hist integral =  0.0200132409809
      Dataset =  ZZTo2L2Q  ||   nEvents =  27900469
          hist nEntries =  111.0
          hist integral =  1.08850214723
      Dataset =  ZZTo2L2Nu  ||   nEvents =  56428600
          hist nEntries =  116.0
          hist integral =  0.0850963836565
  Process =  QCD
      Dataset =  HT700To1000  ||   nEvents =  48158738
          hist nEntries =  227.0
          hist integral =  1761.47557759
      Dataset =  HT500TFile::Append:0: RuntimeWarning: Replacing existing TH1: hist (Potential memory leak).
TFile::Append:0: RuntimeWarning: Replacing existing TH1: hist (Potential memory leak).
TFile::Append:0: RuntimeWarning: Replacing existing TH1: hist (Potential memory leak).
TFile::Append:0: RuntimeWarning: Replacing existing TH1: hist (Potential memory leak).
TFile::Append:0: RuntimeWarning: Replacing existing TH1: hist (Potential memory leak).
TFile::Append:0: RuntimeWarning: Replacing existing TH1: hist (Potential memory leak).
TFile::Append:0: RuntimeWarning: Replacing existing TH1: hist (Potential memory leak).
TFile::Append:0: RuntimeWarning: Replacing existing TH1: hist (Potential memory leak).
TFile::Append:0: RuntimeWarning: Replacing existing TH1: hist (Potential memory leak).
TFile::Append:0: RuntimeWarning: Replacing existing TH1: hist (Potential memory leak).
TFile::Append:0: RuntimeWarning: Replacing existing TH1: hist (Potential memory leak).
TFile::Append:0: RuntimeWarning: Replacing existing TH1: hist (Potential memory leak).
TFile::Append:0: RuntimeWarning: Replacing existing TH1: hist (Potential memory leak).
TFile::Append:0: RuntimeWarning: Replacing existing TH1: hist (Potential memory leak).
TFile::Append:0: RuntimeWarning: Replacing existing TH1: hist (Potential memory leak).
TFile::Append:0: RuntimeWarning: Replacing existing TH1: hist (Potential memory leak).
TFile::Append:0: RuntimeWarning: Replacing existing TH1: hist (Potential memory leak).
TFile::Append:0: RuntimeWarning: Replacing existing TH1: hist (Potential memory leak).
TFile::Append:0: RuntimeWarning: Replacing existing TH1: hist (Potential memory leak).
TFile::Append:0: RuntimeWarning: Replacing existing TH1: hist (Potential memory leak).
TFile::Append:0: RuntimeWarning: Replacing existing TH1: hist (Potential memory leak).
TFile::Append:0: RuntimeWarning: Replacing existing TH1: hist (Potential memory leak).
TFile::Append:0: RuntimeWarning: Replacing existing TH1: hist (Potential memory leak).
TFile::Append:0: RuntimeWarning: Replacing existing TH1: hist (Potential memory leak).
TFile::Append:0: RuntimeWarning: Replacing existing TH1: hist (Potential memory leak).
TFile::Append:0: RuntimeWarning: Replacing existing TH1: hist (Potential memory leak).
TFile::Append:0: RuntimeWarning: Replacing existing TH1: hist (Potential memory leak).
TFile::Append:0: RuntimeWarning: Replacing existing TH1: hist (Potential memory leak).
TFile::Append:0: RuntimeWarning: Replacing existing TH1: hist (Potential memory leak).
To700  ||   nEvents =  55152960
          hist nEntries =  3.0
          hist integral =  78.705368042
      Dataset =  HT2000ToInf  ||   nEvents =  5475677
          hist nEntries =  2778.0
          hist integral =  621.920698643
      Dataset =  HT1000To1500  ||   nEvents =  15466225
          hist nEntries =  860.0
          hist integral =  3566.35121346
      Dataset =  HT1500To2000  ||   nEvents =  10955087
          hist nEntries =  2728.0
          hist integral =  1464.09051895
      Dataset =  HT100To200  ||   nEvents =  93972378
          hist nEntries =  0.0
          hist integral =  0.0
      Dataset =  HT300To500  ||   nEvents =  54661579
          hist nEntries =  0.0
          hist integral =  0.0
      Dataset =  HT200To300  ||   nEvents =  54289442
          hist nEntries =  0.0
          hist integral =  0.0
  Process =  WZ
      Dataset =  WZTo2Q2Nu  ||   nEvents =  30887331
          hist nEntries =  1315.0
          hist integral =  18.4197496995
      Dataset =  WZTo2L2Q  ||   nEvents =  28193648
          hist nEntries =  190.0
          hist integral =  3.20122096874
      Dataset =  WZTo3LNu  ||   nEvents =  11248318
          hist nEntries =  27.0
          hist integral =  0.964413125068
      Dataset =  WZTo1L3Nu  ||   nEvents =  1690064
          hist nEntries =  16.0
          hist integral =  2.07203672826
      Dataset =  WZTo1L1Nu2Q  ||   nEvents =  18273533
          hist nEntries =  521.0
          hist integral =  21.2886595819
  Process =  ttbar pseudoscalar
      Dataset =  ttDM_MChi1_MPhi100_pseudo  ||   nEvents =  1607992
          hist nEntries =  3179.0
          hist integral =  22.6019182652
  Process =  TTV
      Dataset =  TTZToQQ  ||   nEvents =  9572000
          hist nEntries =  5012.0
          hist integral =  15.9497727007
      Dataset =  TTWJetsToLNu  ||   nEvents =  4911941
          hist nEntries =  2779.0
          hist integral =  7.28977474198
      Dataset =  TTWJetsToQQ  ||   nEvents =  835296
          hist nEntries =  611.0
          hist integral =  19.164879512
      Dataset =  TTZToLLNuNu  ||   nEvents =  13280000
          hist nEntries =  16421.0
          hist integral =  17.887526378
  Process =  ZTo2L
      Dataset =  HT600To800  ||   nEvents =  8862104
Applied ZTo2L qcd/ewk Weights correctly
          hist nEntries =  1750.0
          hist integral =  21.2777241319
      Dataset =  HT1200To2500  ||   nEvents =  536416
Applied ZTo2L qcd/ewk Weights correctly
          hist nEntries =  335.0
          hist integral =  6.45290568098
      Dataset =  HT100To200  ||   nEvents =  11530510
Applied ZTo2L qcd/ewk Weights correctly
          hist nEntries =  0.0
          hist integral =  0.0
      Dataset =  HT2500ToInf  ||   nEvents =  427051
Applied ZTo2L qcd/ewk Weights correctly
          hist nEntries =  293.0
          hist integral =  0.166159442393
      Dataset =  HT800To1200  ||   nEvents =  3138129
Applied ZTo2L qcd/ewk Weights correctly
          hist nEntries =  1418.0
          hist integral =  19.4699108452
      Dataset =  HT200To400  ||   nEvents =  10860690
Applied ZTo2L qcd/ewk Weights correctly
          hist nEntries =  10.0
          hist integral =  4.0327500999
      Dataset =  HT400To600  ||   nEvents =  46161988
Applied ZTo2L qcd/ewk Weights correctly
          hist nEntries =  1493.0
          hist integral =  16.376555074
  Process =  singleTop
      Dataset =  ST_s-channel  ||   nEvents =  19890000
          hist nEntries =  1163.0
          hist integral =  12.8864371777
      Dataset =  ST_t-channel_antitop  ||   nEvents =  79090800
          hist nEntries =  1047.0
          hist integral =  53.7479076087
      Dataset =  ST_tW_top  ||   nEvents =  9598000
          hist nEntries =  671.0
          hist integral =  143.863622352
      Dataset =  ST_t-channel_top  ||   nEvents =  154307600
          hist nEntries =  3464.0
          hist integral =  151.63414216
      Dataset =  ST_tW_antitop  ||   nEvents =  7527000
          hist nEntries =  577.0
          hist integral =  161.071936697
  Process =  WPlusJets
      DatasetTFile::Append:0: RuntimeWarning: Replacing existing TH1: hist (Potential memory leak).
TFile::Append:0: RuntimeWarning: Replacing existing TH1: hist (Potential memory leak).
TFile::Append:0: RuntimeWarning: Replacing existing TH1: hist (Potential memory leak).
TFile::Append:0: RuntimeWarning: Replacing existing TH1: hist (Potential memory leak).
TFile::Append:0: RuntimeWarning: Replacing existing TH1: hist (Potential memory leak).
TFile::Append:0: RuntimeWarning: Replacing existing TH1: hist (Potential memory leak).
TFile::Append:0: RuntimeWarning: Replacing existing TH1: hist (Potential memory leak).
TFile::Append:0: RuntimeWarning: Replacing existing TH1: hist (Potential memory leak).
 =  HT200To400  ||   nEvents =  25468933
Applied WPlusJets qcd/ewk Weights correctly
          hist nEntries =  44.0
          hist integral =  54.2889978886
      Dataset =  HT70To100  ||   nEvents =  28084244
Applied WPlusJets qcd/ewk Weights correctly
          hist nEntries =  0.0
          hist integral =  0.0
      Dataset =  HT600To800  ||   nEvents =  19771294
Applied WPlusJets qcd/ewk Weights correctly
          hist nEntries =  5089.0
          hist integral =  215.730643868
      Dataset =  HT1200To2500  ||   nEvents =  7633949
Applied WPlusJets qcd/ewk Weights correctly
          hist nEntries =  7103.0
          hist integral =  61.0879711807
      Dataset =  HT100To200  ||   nEvents =  29425374
Applied WPlusJets qcd/ewk Weights correctly
          hist nEntries =  0.0
          hist integral =  0.0
      Dataset =  HT400To600  ||   nEvents =  5932701
Applied WPlusJets qcd/ewk Weights correctly
          hist nEntries =  411.0
          hist integral =  273.627101839
      Dataset =  HT2500ToInf  ||   nEvents =  3273980
Applied WPlusJets qcd/ewk Weights correctly
          hist nEntries =  4415.0
          hist integral =  0.705676465761
      Dataset =  HT800To1200  ||   nEvents =  8402687
Applied WPlusJets qcd/ewk Weights correctly
          hist nEntries =  4283.0
          hist integral =  167.270987138
-----------------------------
Total data background nEvents =  16942.0
Total data background integral =  16942.0
-----------------------------
Total MC background nEvents =  142033.0
Total MC background integral =  14100.4368553
-----------------------------
Total tt+DM signal nEvents =  2353.0
Total tt+DM signal integral =  55.2403138131
-----------------------------
-----------------------------
FOM for tt+DM signal =  0.46520015747
-----------------------------
Data bin errors:
    bin 0: 0.0
    bin 1: 87.0114934937
    bin 2: 31.224989992
    bin 3: 28.5657137142
    bin 4: 26.9072480941
    bin 5: 25.4558441227
    bin 6: 23.5372045919
    bin 7: 22.8691932521
    bin 8: 23.0
    bin 9: 22.3383079037
    bin 10: 21.4941852602
    bin 11: 20.9045449604
    bin 12: 20.5182845287
    bin 13: 20.9045449604
    bin 14: 18.3847763109
    bin 15: 17.7200451467
    bin 16: 19.5703857908
    bin 17: 16.4924225025
    bin 18: 17.4642491966
    bin 19: 16.1554944214
    bin 20: 19.0
-----------------------------
MC background bin errors:
    bin 0: 0.0
    bin 1: 122.644156707
    bin 2: 50.6149639132
    bin 3: 44.2425343046
    bin 4: 38.5551110083
    bin 5: 35.5240865093
    bin 6: 31.7222485769
    bin 7: 30.625303893
    bin 8: 35.0899783787
    bin 9: 31.6557027951
    bin 10: 30.2609623589
    bin 11: 37.230806427
    bin 12: 33.7293635562
    bin 13: 30.7686070971
    bin 14: 28.3926058664
    bin 15: 43.1955931147
    bin 16: 28.8436994395
    bin 17: 20.9148404766
    bin 18: 25.8837304509
    bin 19: 15.9637211313
    bin 20: 30.4084078826
-----------------------------
tt+DM bin errors:
    bin 0: 0.0
    bin 1: 0.81106774998
    bin 2: 0.268256989492
    bin 3: 0.250540338904
    bin 4: 0.223951532058
    bin 5: 0.244090792236
    bin 6: 0.233227448585
    bin 7: 0.226947160151
    bin 8: 0.217700097287
    bin 9: 0.227963835695
    bin 10: 0.208606752999
    bin 11: 0.207656574684
    bin 12: 0.222941069676
    bin 13: 0.221510111455
    bin 14: 0.201201450347
    bin 15: 0.177234285158
    bin 16: 0.191354567538
    bin 17: 0.176267897063
    bin 18: 0.169246900926
    bin 19: 0.121632876468
    bin 20: 0.144843094468
-----------------------------
-----------------------------
ttbar pseudoscalar hist info:
    nEvents =  3179.0
    integral =  22.6019182652
ZTo2Nu hist info:
    nEvents =  11307.0
    integral =  595.048178911
TTTo2L2Nu hist info:
    nEvents =  5876.0
    integral =  470.73261404
singleTop hist info:
    nEvents =  6922.0
    integral =  523.204045892
TTV hist info:
    nEvents =  24823.0
    integral =  60.2919532657
bkgSum hist info:
    nEvents =  142033.0
    integral =  14100.4368553
ttbar scalar hist info:
    nEvents =  2353.0
    integral =  55.2403138131
VV hist info:
Info in <TCanvas::Print>: png file plots/2018_QCDCR_debugging/RunII_plots/fJet_EF/09_21_2021/AH0lQR2018_Jet_chHEF[index_forwardJets[0]]_09_21_2021_withHEMfix_noleadingfjet.png has been created
    nEvents =  3756.0
    integral =  102.802498937
QCD hist info:
    nEvents =  6596.0
    integral =  7492.54346657
ZTo2L hist info:
    nEvents =  5299.0
    integral =  67.7760061175
data hist info:
    nEvents =  16942.0
    integral =  16942.0
WPlusJets hist info:
    nEvents =  21345.0
    integral =  772.711396456
TTToSemiLepton hist info:
    nEvents =  56109.0
    integral =  4015.32682037
Finished filling histograms
Creating stacked MC background histogram...
Finished stacking MC background histograms.
Drawing histograms...
Finished drawing histograms
Drawing ratio plot...
Finished drawing ratio plot
Plotting end time: 2021-09-21 21:18:59.554515
