Plotting start time: 2021-07-08 18:30:18.441655
Cut name =  SL1lWR
MC Selection Cuts =  (njets >= 2 && nbjets == 0 && nTightElectrons == 1 && nVetoElectrons == 1 && nLooseMuons == 0 && METcorrected_pt >= 250 && M_T >= 140 && M_T2ll <= 80 && Flag_goodVertices && Flag_globalSuperTightHalo2016Filter && Flag_HBHENoiseFilter && Flag_HBHENoiseIsoFilter && Flag_EcalDeadCellTriggerPrimitiveFilter && Flag_BadPFMuonFilter && ((HLT_Ele27_WPTight_Gsf) || (HLT_Ele115_CaloIdVT_GsfTrkIdT || HLT_Photon175))) || (njets >= 2 && nbjets == 0 && nVetoElectrons == 0 && nTightMuons == 1 && nLooseMuons == 1 && METcorrected_pt >= 250 && M_T >= 140 && M_T2ll <= 80 && Flag_goodVertices && Flag_globalSuperTightHalo2016Filter && Flag_HBHENoiseFilter && Flag_HBHENoiseIsoFilter && Flag_EcalDeadCellTriggerPrimitiveFilter && Flag_BadPFMuonFilter && (HLT_IsoMu24 || HLT_IsoTkMu24))
Data Selection Cuts =  (njets >= 2 && nbjets == 0 && nTightElectrons == 1 && nVetoElectrons == 1 && nLooseMuons == 0 && METcorrected_pt >= 250 && M_T >= 140 && M_T2ll <= 80 && Flag_goodVertices && Flag_globalSuperTightHalo2016Filter && Flag_HBHENoiseFilter && Flag_HBHENoiseIsoFilter && Flag_EcalDeadCellTriggerPrimitiveFilter && Flag_BadPFMuonFilter && ((HLT_Ele27_WPTight_Gsf) || (HLT_Ele115_CaloIdVT_GsfTrkIdT || HLT_Photon175))) || (njets >= 2 && nbjets == 0 && nVetoElectrons == 0 && nTightMuons == 1 && nLooseMuons == 1 && METcorrected_pt >= 250 && M_T >= 140 && M_T2ll <= 80 && Flag_goodVertices && Flag_globalSuperTightHalo2016Filter && Flag_HBHENoiseFilter && Flag_HBHENoiseIsoFilter && Flag_EcalDeadCellTriggerPrimitiveFilter && Flag_BadPFMuonFilter && (HLT_IsoMu24 || HLT_IsoTkMu24)) && Flag_eeBadScFilter
var =  METcorrected_pt
year =  2016
lumi =  35.92
saveDirectory =  plots/CR_2018/METcorrected_pt/
date =  07_08_2021
Creating histograms..
Finished making systematic histogram dictionary
Drawing data and ratio plot...
Selected both SingleMuon and SingleElectron dataset
Loading data sample root files and event trees...
    nevents in filepath = /hdfs/store/user/vshang/SingleElectron_Run2016B/SingleElectron/ModuleCommonSkim_06172021/tree_all.root: 44602
    nevents in filepath = /hdfs/store/user/vshang/SingleElectron_Run2016C/SingleElectron/ModuleCommonSkim_06172021/tree_all.root: 20610
    nevents in filepath = /hdfs/store/user/vshang/SingleElectron_Run2016D/SingleElectron/ModuleCommonSkim_06172021/tree_all.root: 32658
    nevents in filepath = /hdfs/store/user/vshang/SingleElectron_Run2016E/SingleElectron/ModuleCommonSkim_06172021/tree_all.root: 31632
    nevents in filepath = /hdfs/store/user/vshang/SingleElectron_Run2016F/SingleElectron/ModuleCommonSkim_06172021/tree_all.root: 22110
    nevents in filepath = /hdfs/store/user/vshang/SingleElectron_Run2016G/SingleElectron/ModuleCommonSkim_06172021/tree_all.root: 50905
    nevents in filepath = /hdfs/store/user/vshang/SingleElectron_Run2016H/SingleElectron/ModuleCommonSkim_06172021/tree_all.root: 56343
    total nevents in  SingleElectron :  258860
    nevents in filepath = /hdfs/store/user/vshang/SingleMuon_Run2016B/SingleMuon/ModuleCommonSkim_06172021/tree_all.root: 67431
    nevents in filepath = /hdfs/store/user/vshang/SingleMuon_Run2016C/SingleMuon/ModuleCommonSkim_06172021/tree_all.root: 30689
    nevents in filepath = /hdfs/store/user/vshang/SingleMuon_Run2016D/SingleMuon/ModuleCommonSkim_06172021/tree_all.root: 49980
    nevents in filepath = /hdfs/store/user/vshang/SingleMuon_Run2016E/SingleMuon/ModuleCommonSkim_06172021/tree_all.root: 49513
    nevents in filepath = /hdfs/store/user/vshang/SingleMuon_Run2016F/SingleMuon/ModuleCommonSkim_06172021/tree_all.root: 37983
    nevents in filepath = /hdfs/store/user/vshang/SingleMuon_Run2016G/SingleMuon/ModuleCommonSkim_06172021/tree_all.root: 86609
    nevents in filepath = /hdfs/store/user/vshang/SingleMuon_Run2016H/SingleMuon/ModuleCommonSkim_06172021/tree_all.root: 96654
    total nevents in  SingleMuon :  418859
Got data sample root files and event trees
Loading MC sample root files and event trees...
    nevents in  ZTo2Nu   HT600To800 :  5693589
    nevents in  ZTo2Nu   HT1200To2500 :  513471
    nevents in  ZTo2Nu   HT100To200 :  24272858
    nevents in  ZTo2Nu   HT2500ToInf :  405030
    nevents in  ZTo2Nu   HT800To1200 :  2170137
    nevents in  ZTo2Nu   HT200To400 :  24761211
    nevents in  ZTo2Nu   HT400To600 :  9862869
    nevents in  tbar scalar   tWChan_Mchi1Mphi100 :  200000
    nevents in  tbar scalar   tChan_Mchi1Mphi100 :  500000
    nevents in  WW   WWTo1L1Nu2Q :  5246469
    nevents in  WW   WWTo4Q :  30324343
    nevents in  WW   WWTo2L2Nu :  1999000
    nevents in  ttbarPlusJets   TTToSemiLepton :  152669800
    nevents in  ttbarPlusJets   TTTo2L2Nu :  79140880
    nevents in  ttbar scalar   ttDM_MChi1_MPhi150_scalar :  701498
    nevents in  ttbar scalar   ttDM_MChi1_MPhi100_scalar :  2625075
    nevents in  ttbar scalar   ttDM_MChi45_MPhi100_scalar :  687505
    nevents in  ttbar scalar   ttDM_MChi49_MPhi100_scalar :  694868
    nevents in  ttbar scalar   ttDM_MChi40_MPhi100_scalar :  695095
    nevents in  ttbar scalar   ttDM_MChi1_MPhi400_scalar :  591935
    nevents in  ttbar scalar   ttDM_MChi20_MPhi100_scalar :  692945
    nevents in  ttbar scalar   ttDM_MChi1_MPhi450_scalar :  582267
    nevents in  ttbar scalar   ttDM_MChi1_MPhi350_scalar :  621981
    nevents in  ttbar scalar   ttDM_MChi1_MPhi250_scalar :  657288
    nevents in  ttbar scalar   ttDM_MChi1_MPhi500_scalar :  566704
    nevents in  ttbar scalar   ttDM_MChi30_MPhi100_scalar :  674738
    nevents in  ttbar scalar   ttDM_MChi55_MPhi100_scalar :  672995
    nevents in  ttbar scalar   ttDM_MChi1_MPhi50_scalar :  2657730
    nevents in  ttbar scalar   ttDM_MChi1_MPhi300_scalar :  620040
    nevents in  ttbar scalar   ttDM_MChi51_MPhi100_scalar :  695537
    nevents in  ttbar scalar   ttDM_MChi1_MPhi200_scalar :  667423
    nevents in  ZZ   ZZTo2Q2Nu :  52855410
    nevents in  ZZ   ZZTo4L :  103121112
    nevents in  ZZ   ZZTo2L2Q :  15462693
    nevents in  ZZ   ZZTo2L2Nu :  52855410
    nevents in  ZZ   ZZTo4Q :  30636849
    nevents in  QCD   HT700To1000 :  37233786
    nevents in  QCD   HT500To700 :  62622029
    nevents in  QCD   HT2000ToInf :  5804179
    nevents in  QCD   HT1000To1500 :  15210939
    nevents in  QCD   HT1500To2000 :  11839357
    nevents in  QCD   HT100To200 :  82293477
    nevents in  QCD   HT300To500 :  54552852
    nevents in  QCD   HT200To300 :  57580393
    nevents in  WZ   WZTo2Q2Nu :  17725159
    nevents in  WZ   WZTo2L2Q :  26445785
    nevents in  WZ   WZTo3LNu :  19993200
    nevents in  WZ   WZTo1L3Nu :  1703772
    nevents in  WZ   WZTo1L1Nu2Q :  24311445
    nevents in  ttbar pseudoscalar   ttDM_MChi51_MPhi100_pseudo :  849943
    nevents in  ttbar pseudoscalar   ttDM_MChi1_MPhi50_pseudo :  3331566
    nevents in  ttbar pseudoscalar   ttDM_MChi55_MPhi100_pseudo :  837659
    nevents in  ttbar pseudoscalar   ttDM_MChi45_MPhi100_pseudo :  893340
    nevents in  ttbar pseudoscalar   ttDM_MChi49_MPhi100_pseudo :  854284
    nevents in  ttbar pseudoscalar   ttDM_MChi40_MPhi100_pseudo :  860907
    nevents in  ttbar pseudoscalar   ttDM_MChi1_MPhi150_pseudo :  840541
    nevents in  ttbar pseudoscalar   ttDM_MChi20_MPhi100_pseudo :  888809
    nevents in  ttbar pseudoscalar   ttDM_MChi1_MPhi500_pseudo :  739039
    nevents in  ttbar pseudoscalar   ttDM_MChi1_MPhi400_pseudo :  748579
    nevents in  ttbar pseudoscalar   ttDM_MChi1_MPhi100_pseudo :  3284035
    nevents in  ttbar pseudoscalar   ttDM_MChi30_MPhi100_pseudo :  864332
    nevents in  ttbar pseudoscalar   ttDM_MChi1_MPhi250_pseudo :  756613
    nevents in  ttbar pseudoscalar   ttDM_MChi1_MPhi200_pseudo :  806271
    nevents in  ttbar pseudoscalar   ttDM_MChi1_MPhi450_pseudo :  721165
    nevents in  ttbar pseudoscalar   ttDM_MChi1_MPhi300_pseudo :  775970
    nevents in  ttbar pseudoscalar   ttDM_MChi1_MPhi350_pseudo :  748532
    nevents in  TTV   TTZToQQ :  749400
    nevents in  TTV   TTWJetsToLNu :  5280565
    nevents in  TTV   TTWJetsToQQ :  833298
    nevents in  TTV   TTZToLLNuNu :  13692628
    nevents in  ZTo2L   HT600To800 :  8292957
    nevents in  ZTo2L   HT1200To2500 :  596079
    nevents in  ZTo2LInfo in <TCanvas::MakeDefCanvas>:  created default TCanvas with name c1
TFile::Append:0: RuntimeWarning: Replacing existing TH1: hist (Potential memory leak).
TFile::Append:0: RuntimeWarning: Replacing existing TH1: hist (Potential memory leak).
TFile::Append:0: RuntimeWarning: Replacing existing TH1: hist (Potential memory leak).
TFile::Append:0: RuntimeWarning: Replacing existing TH1: hist (Potential memory leak).
TFile::Append:0: RuntimeWarning: Replacing existing TH1: hist (Potential memory leak).
   HT100To200 :  11017086
    nevents in  ZTo2L   HT2500ToInf :  399492
    nevents in  ZTo2L   HT800To1200 :  2673066
    nevents in  ZTo2L   HT200To400 :  9609137
    nevents in  ZTo2L   HT400To600 :  9725661
    nevents in  singleTop   ST_s-channel :  1000000
    nevents in  singleTop   ST_t-channel_antitop :  38811017
    nevents in  singleTop   ST_tW_top :  6952830
    nevents in  singleTop   ST_t-channel_top :  58403420
    nevents in  singleTop   ST_tW_antitop :  6933094
    nevents in  WPlusJets   HT200To400 :  38984322
    nevents in  WPlusJets   HT70To100 :  10020533
    nevents in  WPlusJets   HT600To800 :  18687480
    nevents in  WPlusJets   HT1200To2500 :  6872441
    nevents in  WPlusJets   HT100To200 :  78043017
    nevents in  WPlusJets   HT400To600 :  7687800
    nevents in  WPlusJets   HT2500ToInf :  3285704
    nevents in  WPlusJets   HT800To1200 :  7830536
Got MC sample root files and event trees
Filling histograms...
  Dataset =  SingleElectron  ||   nEvents =  258860
  Using cut =  njets >= 2 && nbjets == 0 && nTightElectrons == 1 && nVetoElectrons == 1 && nLooseMuons == 0 && METcorrected_pt >= 250 && M_T >= 140 && M_T2ll <= 80 && Flag_goodVertices && Flag_globalSuperTightHalo2016Filter && Flag_HBHENoiseFilter && Flag_HBHENoiseIsoFilter && Flag_EcalDeadCellTriggerPrimitiveFilter && Flag_BadPFMuonFilter && ((HLT_Ele27_WPTight_Gsf) || (HLT_Ele115_CaloIdVT_GsfTrkIdT || HLT_Photon175)) && Flag_eeBadScFilter
    hist nEntries =  264.0
    hist integral =  264.0
    hist_data nEntries =  264.0
    hist_data integral =  264.0
  Using cut =  njets >= 2 && nbjets == 0 && nTightElectrons == 1 && nVetoElectrons == 1 && nLooseMuons == 0 && METcorrected_pt >= 250 && M_T >= 140 && M_T2ll <= 80 && Flag_goodVertices && Flag_globalSuperTightHalo2016Filter && Flag_HBHENoiseFilter && Flag_HBHENoiseIsoFilter && Flag_EcalDeadCellTriggerPrimitiveFilter && Flag_BadPFMuonFilter && ((HLT_Ele27_WPTight_Gsf) || (HLT_Ele115_CaloIdVT_GsfTrkIdT || HLT_Photon175)) && Flag_eeBadScFilter
    hist nEntries =  102.0
    hist integral =  102.0
    hist_data nEntries =  366.0
    hist_data integral =  366.0
  Using cut =  njets >= 2 && nbjets == 0 && nTightElectrons == 1 && nVetoElectrons == 1 && nLooseMuons == 0 && METcorrected_pt >= 250 && M_T >= 140 && M_T2ll <= 80 && Flag_goodVertices && Flag_globalSuperTightHalo2016Filter && Flag_HBHENoiseFilter && Flag_HBHENoiseIsoFilter && Flag_EcalDeadCellTriggerPrimitiveFilter && Flag_BadPFMuonFilter && ((HLT_Ele27_WPTight_Gsf) || (HLT_Ele115_CaloIdVT_GsfTrkIdT || HLT_Photon175)) && Flag_eeBadScFilter
    hist nEntries =  214.0
    hist integral =  214.0
    hist_data nEntries =  580.0
    hist_data integral =  580.0
  Using cut =  njets >= 2 && nbjets == 0 && nTightElectrons == 1 && nVetoElectrons == 1 && nLooseMuons == 0 && METcorrected_pt >= 250 && M_T >= 140 && M_T2ll <= 80 && Flag_goodVertices && Flag_globalSuperTightHalo2016Filter && Flag_HBHENoiseFilter && Flag_HBHENoiseIsoFilter && Flag_EcalDeadCellTriggerPrimitiveFilter && Flag_BadPFMuonFilter && ((HLT_Ele27_WPTight_Gsf) || (HLT_Ele115_CaloIdVT_GsfTrkIdT || HLT_Photon175)) && Flag_eeBadScFilter
    hist nEntries =  188.0
    hist integral =  188.0
    hist_data nEntries =  768.0
    hist_data integral =  768.0
  Using cut =  njets >= 2 && nbjets == 0 && nTightElectrons == 1 && nVetoElectrons == 1 && nLooseMuons == 0 && METcorrected_pt >= 250 && M_T >= 140 && M_T2ll <= 80 && Flag_goodVertices && Flag_globalSuperTightHalo2016Filter && Flag_HBHENoiseFilter && Flag_HBHENoiseIsoFilter && Flag_EcalDeadCellTriggerPrimitiveFilter && Flag_BadPFMuonFilter && ((HLT_Ele27_WPTight_Gsf) || (HLT_Ele115_CaloIdVT_GsfTrkIdT || HLT_Photon175)) && Flag_eeBadScFilter
    hist nEntries =  156.0
    hist integral =  156.0
    hist_data nEntries =  924.0
    hist_data integral =  924.0
  Using cut =  njets >= 2 && nbjets == 0 && nTightElectrons == 1 && nVetoElectrons == 1 && nLooseMuons == 0 && METcorrected_pt >= 250 && M_T >= 140 && M_T2ll <= 80 && Flag_goodVertices && Flag_globalSuperTightHalo2016Filter && Flag_HBHENoiseFilter && Flag_HBHENoiseIsoFilter &TFile::Append:0: RuntimeWarning: Replacing existing TH1: hist (Potential memory leak).
TFile::Append:0: RuntimeWarning: Replacing existing TH1: hist (Potential memory leak).
TFile::Append:0: RuntimeWarning: Replacing existing TH1: hist (Potential memory leak).
TFile::Append:0: RuntimeWarning: Replacing existing TH1: hist (Potential memory leak).
TFile::Append:0: RuntimeWarning: Replacing existing TH1: hist (Potential memory leak).
TFile::Append:0: RuntimeWarning: Replacing existing TH1: hist (Potential memory leak).
TFile::Append:0: RuntimeWarning: Replacing existing TH1: hist (Potential memory leak).
TFile::Append:0: RuntimeWarning: Replacing existing TH1: hist (Potential memory leak).
& Flag_EcalDeadCellTriggerPrimitiveFilter && Flag_BadPFMuonFilter && ((HLT_Ele27_WPTight_Gsf) || (HLT_Ele115_CaloIdVT_GsfTrkIdT || HLT_Photon175)) && Flag_eeBadScFilter
    hist nEntries =  352.0
    hist integral =  352.0
    hist_data nEntries =  1276.0
    hist_data integral =  1276.0
  Using cut =  njets >= 2 && nbjets == 0 && nTightElectrons == 1 && nVetoElectrons == 1 && nLooseMuons == 0 && METcorrected_pt >= 250 && M_T >= 140 && M_T2ll <= 80 && Flag_goodVertices && Flag_globalSuperTightHalo2016Filter && Flag_HBHENoiseFilter && Flag_HBHENoiseIsoFilter && Flag_EcalDeadCellTriggerPrimitiveFilter && Flag_BadPFMuonFilter && ((HLT_Ele27_WPTight_Gsf) || (HLT_Ele115_CaloIdVT_GsfTrkIdT || HLT_Photon175)) && Flag_eeBadScFilter
    hist nEntries =  392.0
    hist integral =  392.0
    hist_data nEntries =  1668.0
    hist_data integral =  1668.0
  Dataset =  SingleMuon  ||   nEvents =  418859
  Using cut =  njets >= 2 && nbjets == 0 && nVetoElectrons == 0 && nTightMuons == 1 && nLooseMuons == 1 && METcorrected_pt >= 250 && M_T >= 140 && M_T2ll <= 80 && Flag_goodVertices && Flag_globalSuperTightHalo2016Filter && Flag_HBHENoiseFilter && Flag_HBHENoiseIsoFilter && Flag_EcalDeadCellTriggerPrimitiveFilter && Flag_BadPFMuonFilter && (HLT_IsoMu24 || HLT_IsoTkMu24) && Flag_eeBadScFilter
    hist nEntries =  366.0
    hist integral =  366.0
    hist_data nEntries =  2034.0
    hist_data integral =  2034.0
  Using cut =  njets >= 2 && nbjets == 0 && nVetoElectrons == 0 && nTightMuons == 1 && nLooseMuons == 1 && METcorrected_pt >= 250 && M_T >= 140 && M_T2ll <= 80 && Flag_goodVertices && Flag_globalSuperTightHalo2016Filter && Flag_HBHENoiseFilter && Flag_HBHENoiseIsoFilter && Flag_EcalDeadCellTriggerPrimitiveFilter && Flag_BadPFMuonFilter && (HLT_IsoMu24 || HLT_IsoTkMu24) && Flag_eeBadScFilter
    hist nEntries =  144.0
    hist integral =  144.0
    hist_data nEntries =  2178.0
    hist_data integral =  2178.0
  Using cut =  njets >= 2 && nbjets == 0 && nVetoElectrons == 0 && nTightMuons == 1 && nLooseMuons == 1 && METcorrected_pt >= 250 && M_T >= 140 && M_T2ll <= 80 && Flag_goodVertices && Flag_globalSuperTightHalo2016Filter && Flag_HBHENoiseFilter && Flag_HBHENoiseIsoFilter && Flag_EcalDeadCellTriggerPrimitiveFilter && Flag_BadPFMuonFilter && (HLT_IsoMu24 || HLT_IsoTkMu24) && Flag_eeBadScFilter
    hist nEntries =  258.0
    hist integral =  258.0
    hist_data nEntries =  2436.0
    hist_data integral =  2436.0
  Using cut =  njets >= 2 && nbjets == 0 && nVetoElectrons == 0 && nTightMuons == 1 && nLooseMuons == 1 && METcorrected_pt >= 250 && M_T >= 140 && M_T2ll <= 80 && Flag_goodVertices && Flag_globalSuperTightHalo2016Filter && Flag_HBHENoiseFilter && Flag_HBHENoiseIsoFilter && Flag_EcalDeadCellTriggerPrimitiveFilter && Flag_BadPFMuonFilter && (HLT_IsoMu24 || HLT_IsoTkMu24) && Flag_eeBadScFilter
    hist nEntries =  249.0
    hist integral =  249.0
    hist_data nEntries =  2685.0
    hist_data integral =  2685.0
  Using cut =  njets >= 2 && nbjets == 0 && nVetoElectrons == 0 && nTightMuons == 1 && nLooseMuons == 1 && METcorrected_pt >= 250 && M_T >= 140 && M_T2ll <= 80 && Flag_goodVertices && Flag_globalSuperTightHalo2016Filter && Flag_HBHENoiseFilter && Flag_HBHENoiseIsoFilter && Flag_EcalDeadCellTriggerPrimitiveFilter && Flag_BadPFMuonFilter && (HLT_IsoMu24 || HLT_IsoTkMu24) && Flag_eeBadScFilter
    hist nEntries =  193.0
    hist integral =  193.0
    hist_data nEntries =  2878.0
    hist_data integral =  2878.0
  Using cut =  njets >= 2 && nbjets == 0 && nVetoElectrons == 0 && nTightMuons == 1 && nLooseMuons == 1 && METcorrected_pt >= 250 && M_T >= 140 && M_T2ll <= 80 && Flag_goodVertices && Flag_globalSuperTightHalo2016Filter && Flag_HBHENoiseFilter && Flag_HBHENoiseIsoFilter && Flag_EcalDeadCellTriggerPrimitiveFilter && Flag_BadPFMuonFilter && (HLT_IsoMu24 || HLT_IsoTkMu24) && Flag_eeBadScFilter
    hist nEntries =  482.0
    hist integral =  482.0
    hist_data nEntries =  3360.0
    hist_data integral =  3360.0
  Using cut =  njets >= 2 && nbjets == 0 && nVetoElectrons == 0 && nTightMuons == 1 && nLooseMuons == 1 && METTFile::Append:0: RuntimeWarning: Replacing existing TH1: hist (Potential memory leak).
TFile::Append:0: RuntimeWarning: Replacing existing TH1: hist (Potential memory leak).
TFile::Append:0: RuntimeWarning: Replacing existing TH1: hist (Potential memory leak).
TFile::Append:0: RuntimeWarning: Replacing existing TH1: hist (Potential memory leak).
TFile::Append:0: RuntimeWarning: Replacing existing TH1: hist (Potential memory leak).
TFile::Append:0: RuntimeWarning: Replacing existing TH1: hist (Potential memory leak).
TFile::Append:0: RuntimeWarning: Replacing existing TH1: hist (Potential memory leak).
TFile::Append:0: RuntimeWarning: Replacing existing TH1: hist (Potential memory leak).
TFile::Append:0: RuntimeWarning: Replacing existing TH1: hist (Potential memory leak).
TFile::Append:0: RuntimeWarning: Replacing existing TH1: hist (Potential memory leak).
TFile::Append:0: RuntimeWarning: Replacing existing TH1: hist (Potential memory leak).
TFile::Append:0: RuntimeWarning: Replacing existing TH1: hist (Potential memory leak).
TFile::Append:0: RuntimeWarning: Replacing existing TH1: hist (Potential memory leak).
TFile::Append:0: RuntimeWarning: Replacing existing TH1: hist (Potential memory leak).
TFile::Append:0: RuntimeWarning: Replacing existing TH1: hist (Potential memory leak).
TFile::Append:0: RuntimeWarning: Replacing existing TH1: hist (Potential memory leak).
TFile::Append:0: RuntimeWarning: Replacing existing TH1: hist (Potential memory leak).
TFile::Append:0: RuntimeWarning: Replacing existing TH1: hist (Potential memory leak).
TFile::Append:0: RuntimeWarning: Replacing existing TH1: hist (Potential memory leak).
TFile::Append:0: RuntimeWarning: Replacing existing TH1: hist (Potential memory leak).
TFile::Append:0: RuntimeWarning: Replacing existing TH1: hist (Potential memory leak).
TFile::Append:0: RuntimeWarning: Replacing existing TH1: hist (Potential memory leak).
TFile::Append:0: RuntimeWarning: Replacing existing TH1: hist (Potential memory leak).
TFile::Append:0: RuntimeWarning: Replacing existing TH1: hist (Potential memory leak).
TFile::Append:0: RuntimeWarning: Replacing existing TH1: hist (Potential memory leak).
corrected_pt >= 250 && M_T >= 140 && M_T2ll <= 80 && Flag_goodVertices && Flag_globalSuperTightHalo2016Filter && Flag_HBHENoiseFilter && Flag_HBHENoiseIsoFilter && Flag_EcalDeadCellTriggerPrimitiveFilter && Flag_BadPFMuonFilter && (HLT_IsoMu24 || HLT_IsoTkMu24) && Flag_eeBadScFilter
    hist nEntries =  552.0
    hist integral =  552.0
    hist_data nEntries =  3912.0
    hist_data integral =  3912.0
  Process =  ZTo2Nu
      Dataset =  HT600To800  ||   nEvents =  5693589
Applied ZTo2Nu qcd/ewk Weights correctly
          hist nEntries =  97.0
          hist integral =  1.86652702093
      Dataset =  HT1200To2500  ||   nEvents =  513471
Applied ZTo2Nu qcd/ewk Weights correctly
          hist nEntries =  22.0
          hist integral =  0.516879770905
      Dataset =  HT100To200  ||   nEvents =  24272858
Applied ZTo2Nu qcd/ewk Weights correctly
          hist nEntries =  1.0
          hist integral =  0.577769875526
      Dataset =  HT2500ToInf  ||   nEvents =  405030
Applied ZTo2Nu qcd/ewk Weights correctly
          hist nEntries =  22.0
          hist integral =  0.0166705153097
      Dataset =  HT800To1200  ||   nEvents =  2170137
Applied ZTo2Nu qcd/ewk Weights correctly
          hist nEntries =  51.0
          hist integral =  1.20068448223
      Dataset =  HT200To400  ||   nEvents =  24761211
Applied ZTo2Nu qcd/ewk Weights correctly
          hist nEntries =  13.0
          hist integral =  1.93975506723
      Dataset =  HT400To600  ||   nEvents =  9862869
Applied ZTo2Nu qcd/ewk Weights correctly
          hist nEntries =  90.0
          hist integral =  4.32475158572
  Process =  tbar scalar
      Dataset =  tWChan_Mchi1Mphi100  ||   nEvents =  200000
          hist nEntries =  1643.0
          hist integral =  15.3539122939
      Dataset =  tChan_Mchi1Mphi100  ||   nEvents =  500000
          hist nEntries =  516.0
          hist integral =  10.2792536691
  Process =  WW
      Dataset =  WWTo1L1Nu2Q  ||   nEvents =  5246469
          hist nEntries =  315.0
          hist integral =  101.516494185
      Dataset =  WWTo4Q  ||   nEvents =  30324343
          hist nEntries =  0.0
          hist integral =  0.0
      Dataset =  WWTo2L2Nu  ||   nEvents =  1999000
          hist nEntries =  935.0
          hist integral =  191.081351519
  Process =  ttbarPlusJets
      Dataset =  TTToSemiLepton  ||   nEvents =  152669800
          hist nEntries =  344.0
          hist integral =  26.3120634928
      Dataset =  TTTo2L2Nu  ||   nEvents =  79140880
          hist nEntries =  17931.0
          hist integral =  699.347107887
  Process =  ttbar scalar
      Dataset =  ttDM_MChi1_MPhi150_scalar  ||   nEvents =  701498
          hist nEntries =  1723.0
          hist integral =  21.176474601
      Dataset =  ttDM_MChi1_MPhi100_scalar  ||   nEvents =  2625075
          hist nEntries =  3196.0
          hist integral =  31.5756005347
      Dataset =  ttDM_MChi45_MPhi100_scalar  ||   nEvents =  687505
          hist nEntries =  845.0
          hist integral =  33.3014642298
      Dataset =  ttDM_MChi49_MPhi100_scalar  ||   nEvents =  694868
          hist nEntries =  841.0
          hist integral =  32.7509447336
      Dataset =  ttDM_MChi40_MPhi100_scalar  ||   nEvents =  695095
          hist nEntries =  861.0
          hist integral =  32.5968511403
      Dataset =  ttDM_MChi1_MPhi400_scalar  ||   nEvents =  591935
          hist nEntries =  4459.0
          hist integral =  3.53150811791
      Dataset =  ttDM_MChi20_MPhi100_scalar  ||   nEvents =  692945
          hist nEntries =  821.0
          hist integral =  30.7551348805
      Dataset =  ttDM_MChi1_MPhi450_scalar  ||   nEvents =  582267
          hist nEntries =  4641.0
          hist integral =  2.31840185449
      Dataset =  ttDM_MChi1_MPhi350_scalar  ||   nEvents =  621981
          hist nEntries =  4512.0
          hist integral =  5.56699057668
      Dataset =  ttDM_MChi1_MPhi250_scalar  ||   nEvents =  657288
          hist nEntries =  3412.0
          hist integral =  10.0898538381
      Dataset =  ttDM_MChi1_MPhi500_scalar  ||   nEvents =  566704
          hist nETFile::Append:0: RuntimeWarning: Replacing existing TH1: hist (Potential memory leak).
TFile::Append:0: RuntimeWarning: Replacing existing TH1: hist (Potential memory leak).
TFile::Append:0: RuntimeWarning: Replacing existing TH1: hist (Potential memory leak).
TFile::Append:0: RuntimeWarning: Replacing existing TH1: hist (Potential memory leak).
TFile::Append:0: RuntimeWarning: Replacing existing TH1: hist (Potential memory leak).
TFile::Append:0: RuntimeWarning: Replacing existing TH1: hist (Potential memory leak).
TFile::Append:0: RuntimeWarning: Replacing existing TH1: hist (Potential memory leak).
TFile::Append:0: RuntimeWarning: Replacing existing TH1: hist (Potential memory leak).
TFile::Append:0: RuntimeWarning: Replacing existing TH1: hist (Potential memory leak).
TFile::Append:0: RuntimeWarning: Replacing existing TH1: hist (Potential memory leak).
TFile::Append:0: RuntimeWarning: Replacing existing TH1: hist (Potential memory leak).
TFile::Append:0: RuntimeWarning: Replacing existing TH1: hist (Potential memory leak).
TFile::Append:0: RuntimeWarning: Replacing existing TH1: hist (Potential memory leak).
TFile::Append:0: RuntimeWarning: Replacing existing TH1: hist (Potential memory leak).
TFile::Append:0: RuntimeWarning: Replacing existing TH1: hist (Potential memory leak).
TFile::Append:0: RuntimeWarning: Replacing existing TH1: hist (Potential memory leak).
TFile::Append:0: RuntimeWarning: Replacing existing TH1: hist (Potential memory leak).
TFile::Append:0: RuntimeWarning: Replacing existing TH1: hist (Potential memory leak).
TFile::Append:0: RuntimeWarning: Replacing existing TH1: hist (Potential memory leak).
TFile::Append:0: RuntimeWarning: Replacing existing TH1: hist (Potential memory leak).
TFile::Append:0: RuntimeWarning: Replacing existing TH1: hist (Potential memory leak).
TFile::Append:0: RuntimeWarning: Replacing existing TH1: hist (Potential memory leak).
TFile::Append:0: RuntimeWarning: Replacing existing TH1: hist (Potential memory leak).
TFile::Append:0: RuntimeWarning: Replacing existing TH1: hist (Potential memory leak).
TFile::Append:0: RuntimeWarning: Replacing existing TH1: hist (Potential memory leak).
TFile::Append:0: RuntimeWarning: Replacing existing TH1: hist (Potential memory leak).
TFile::Append:0: RuntimeWarning: Replacing existing TH1: hist (Potential memory leak).
TFile::Append:0: RuntimeWarning: Replacing existing TH1: hist (Potential memory leak).
TFile::Append:0: RuntimeWarning: Replacing existing TH1: hist (Potential memory leak).
TFile::Append:0: RuntimeWarning: Replacing existing TH1: hist (Potential memory leak).
ntries =  4649.0
          hist integral =  1.65314648673
      Dataset =  ttDM_MChi30_MPhi100_scalar  ||   nEvents =  674738
          hist nEntries =  840.0
          hist integral =  32.5332762748
      Dataset =  ttDM_MChi55_MPhi100_scalar  ||   nEvents =  672995
          hist nEntries =  2100.0
          hist integral =  0.487187080085
      Dataset =  ttDM_MChi1_MPhi50_scalar  ||   nEvents =  2657730
          hist nEntries =  1183.0
          hist integral =  48.5525548458
      Dataset =  ttDM_MChi1_MPhi300_scalar  ||   nEvents =  620040
          hist nEntries =  3980.0
          hist integral =  7.4179353863
      Dataset =  ttDM_MChi51_MPhi100_scalar  ||   nEvents =  695537
          hist nEntries =  1649.0
          hist integral =  0.750063600019
      Dataset =  ttDM_MChi1_MPhi200_scalar  ||   nEvents =  667423
          hist nEntries =  2559.0
          hist integral =  14.3331276178
  Process =  ZZ
      Dataset =  ZZTo2Q2Nu  ||   nEvents =  52855410
          hist nEntries =  34230.0
          hist integral =  88.5021579266
      Dataset =  ZZTo4L  ||   nEvents =  103121112
          hist nEntries =  662.0
          hist integral =  0.255710012047
      Dataset =  ZZTo2L2Q  ||   nEvents =  15462693
          hist nEntries =  66.0
          hist integral =  0.448166917544
      Dataset =  ZZTo2L2Nu  ||   nEvents =  52855410
          hist nEntries =  34230.0
          hist integral =  12.3552435488
      Dataset =  ZZTo4Q  ||   nEvents =  30636849
          hist nEntries =  0.0
          hist integral =  0.0
  Process =  QCD
      Dataset =  HT700To1000  ||   nEvents =  37233786
          hist nEntries =  2.0
          hist integral =  11.9395232201
      Dataset =  HT500To700  ||   nEvents =  62622029
          hist nEntries =  1.0
          hist integral =  10.5382032394
      Dataset =  HT2000ToInf  ||   nEvents =  5804179
          hist nEntries =  15.0
          hist integral =  2.55775265396
      Dataset =  HT1000To1500  ||   nEvents =  15210939
          hist nEntries =  1.0
          hist integral =  0.445945858955
      Dataset =  HT1500To2000  ||   nEvents =  11839357
          hist nEntries =  8.0
          hist integral =  2.70314789563
      Dataset =  HT100To200  ||   nEvents =  82293477
          hist nEntries =  0.0
          hist integral =  0.0
      Dataset =  HT300To500  ||   nEvents =  54552852
          hist nEntries =  1.0
          hist integral =  201.523773193
      Dataset =  HT200To300  ||   nEvents =  57580393
          hist nEntries =  0.0
          hist integral =  0.0
  Process =  WZ
      Dataset =  WZTo2Q2Nu  ||   nEvents =  17725159
          hist nEntries =  50.0
          hist integral =  0.660225586966
      Dataset =  WZTo2L2Q  ||   nEvents =  26445785
          hist nEntries =  160.0
          hist integral =  1.09444541112
      Dataset =  WZTo3LNu  ||   nEvents =  19993200
          hist nEntries =  2307.0
          hist integral =  17.1091974974
      Dataset =  WZTo1L3Nu  ||   nEvents =  1703772
          hist nEntries =  4358.0
          hist integral =  264.204051971
      Dataset =  WZTo1L1Nu2Q  ||   nEvents =  24311445
          hist nEntries =  1691.0
          hist integral =  25.2637707889
  Process =  ttbar pseudoscalar
      Dataset =  ttDM_MChi51_MPhi100_pseudo  ||   nEvents =  849943
          hist nEntries =  3421.0
          hist integral =  2.60047389194
      Dataset =  ttDM_MChi1_MPhi50_pseudo  ||   nEvents =  3331566
          hist nEntries =  8956.0
          hist integral =  29.8769387305
      Dataset =  ttDM_MChi55_MPhi100_pseudo  ||   nEvents =  837659
          hist nEntries =  3997.0
          hist integral =  1.19075766765
      Dataset =  ttDM_MChi45_MPhi100_pseudo  ||   nEvents =  893340
          hist nEntries =  3228.0
          hist integral =  25.0821236372
      Dataset =  ttDM_MChi49_MPhi100_pseudo  ||   nEvents =  854284
          hist nEntries =  3161.0
          hist integral =  25.4646288157
      Dataset =  ttDM_MChi40_MPhi100_pseudo  ||   nEvents =  860907
          hist nEntries =  3105.0
          hist integral =  24.95TFile::Append:0: RuntimeWarning: Replacing existing TH1: hist (Potential memory leak).
TFile::Append:0: RuntimeWarning: Replacing existing TH1: hist (Potential memory leak).
TFile::Append:0: RuntimeWarning: Replacing existing TH1: hist (Potential memory leak).
TFile::Append:0: RuntimeWarning: Replacing existing TH1: hist (Potential memory leak).
TFile::Append:0: RuntimeWarning: Replacing existing TH1: hist (Potential memory leak).
TFile::Append:0: RuntimeWarning: Replacing existing TH1: hist (Potential memory leak).
TFile::Append:0: RuntimeWarning: Replacing existing TH1: hist (Potential memory leak).
TFile::Append:0: RuntimeWarning: Replacing existing TH1: hist (Potential memory leak).
TFile::Append:0: RuntimeWarning: Replacing existing TH1: hist (Potential memory leak).
TFile::Append:0: RuntimeWarning: Replacing existing TH1: hist (Potential memory leak).
TFile::Append:0: RuntimeWarning: Replacing existing TH1: hist (Potential memory leak).
TFile::Append:0: RuntimeWarning: Replacing existing TH1: hist (Potential memory leak).
TFile::Append:0: RuntimeWarning: Replacing existing TH1: hist (Potential memory leak).
TFile::Append:0: RuntimeWarning: Replacing existing TH1: hist (Potential memory leak).
TFile::Append:0: RuntimeWarning: Replacing existing TH1: hist (Potential memory leak).
TFile::Append:0: RuntimeWarning: Replacing existing TH1: hist (Potential memory leak).
TFile::Append:0: RuntimeWarning: Replacing existing TH1: hist (Potential memory leak).
TFile::Append:0: RuntimeWarning: Replacing existing TH1: hist (Potential memory leak).
TFile::Append:0: RuntimeWarning: Replacing existing TH1: hist (Potential memory leak).
TFile::Append:0: RuntimeWarning: Replacing existing TH1: hist (Potential memory leak).
TFile::Append:0: RuntimeWarning: Replacing existing TH1: hist (Potential memory leak).
TFile::Append:0: RuntimeWarning: Replacing existing TH1: hist (Potential memory leak).
TFile::Append:0: RuntimeWarning: Replacing existing TH1: hist (Potential memory leak).
TFile::Append:0: RuntimeWarning: Replacing existing TH1: hist (Potential memory leak).
TFile::Append:0: RuntimeWarning: Replacing existing TH1: hist (Potential memory leak).
TFile::Append:0: RuntimeWarning: Replacing existing TH1: hist (Potential memory leak).
TFile::Append:0: RuntimeWarning: Replacing existing TH1: hist (Potential memory leak).
TFile::Append:0: RuntimeWarning: Replacing existing TH1: hist (Potential memory leak).
26205659
      Dataset =  ttDM_MChi1_MPhi150_pseudo  ||   nEvents =  840541
          hist nEntries =  3717.0
          hist integral =  20.2728201449
      Dataset =  ttDM_MChi20_MPhi100_pseudo  ||   nEvents =  888809
          hist nEntries =  3159.0
          hist integral =  24.9370650947
      Dataset =  ttDM_MChi1_MPhi500_pseudo  ||   nEvents =  739039
          hist nEntries =  6096.0
          hist integral =  1.75415368751
      Dataset =  ttDM_MChi1_MPhi400_pseudo  ||   nEvents =  748579
          hist nEntries =  5499.0
          hist integral =  3.34288136661
      Dataset =  ttDM_MChi1_MPhi100_pseudo  ||   nEvents =  3284035
          hist nEntries =  11802.0
          hist integral =  25.0522475839
      Dataset =  ttDM_MChi30_MPhi100_pseudo  ||   nEvents =  864332
          hist nEntries =  3169.0
          hist integral =  25.5468928218
      Dataset =  ttDM_MChi1_MPhi250_pseudo  ||   nEvents =  756613
          hist nEntries =  4368.0
          hist integral =  12.6357689649
      Dataset =  ttDM_MChi1_MPhi200_pseudo  ||   nEvents =  806271
          hist nEntries =  4189.0
          hist integral =  16.3739494681
      Dataset =  ttDM_MChi1_MPhi450_pseudo  ||   nEvents =  721165
          hist nEntries =  5667.0
          hist integral =  2.35912042484
      Dataset =  ttDM_MChi1_MPhi300_pseudo  ||   nEvents =  775970
          hist nEntries =  4987.0
          hist integral =  9.93287052214
      Dataset =  ttDM_MChi1_MPhi350_pseudo  ||   nEvents =  748532
          hist nEntries =  5262.0
          hist integral =  6.20503117889
  Process =  TTV
      Dataset =  TTZToQQ  ||   nEvents =  749400
          hist nEntries =  89.0
          hist integral =  2.20473788679
      Dataset =  TTWJetsToLNu  ||   nEvents =  5280565
          hist nEntries =  4510.0
          hist integral =  6.30308432132
      Dataset =  TTWJetsToQQ  ||   nEvents =  833298
          hist nEntries =  128.0
          hist integral =  2.23524685204
      Dataset =  TTZToLLNuNu  ||   nEvents =  13692628
          hist nEntries =  25442.0
          hist integral =  16.7632526904
  Process =  ZTo2L
      Dataset =  HT600To800  ||   nEvents =  8292957
Applied ZTo2L qcd/ewk Weights correctly
          hist nEntries =  430.0
          hist integral =  2.51716361195
      Dataset =  HT1200To2500  ||   nEvents =  596079
Applied ZTo2L qcd/ewk Weights correctly
          hist nEntries =  321.0
          hist integral =  3.378323677
      Dataset =  HT100To200  ||   nEvents =  11017086
Applied ZTo2L qcd/ewk Weights correctly
          hist nEntries =  10.0
          hist integral =  4.46700519323
      Dataset =  HT2500ToInf  ||   nEvents =  399492
Applied ZTo2L qcd/ewk Weights correctly
          hist nEntries =  1316.0
          hist integral =  0.630016306415
      Dataset =  HT800To1200  ||   nEvents =  2673066
Applied ZTo2L qcd/ewk Weights correctly
          hist nEntries =  327.0
          hist integral =  3.12279053591
      Dataset =  HT200To400  ||   nEvents =  9609137
Applied ZTo2L qcd/ewk Weights correctly
          hist nEntries =  45.0
          hist integral =  6.16583493352
      Dataset =  HT400To600  ||   nEvents =  9725661
Applied ZTo2L qcd/ewk Weights correctly
          hist nEntries =  252.0
          hist integral =  5.00282017514
  Process =  singleTop
      Dataset =  ST_s-channel  ||   nEvents =  1000000
          hist nEntries =  2.0
          hist integral =  0.218384213746
      Dataset =  ST_t-channel_antitop  ||   nEvents =  38811017
          hist nEntries =  15.0
          hist integral =  0.977100610733
      Dataset =  ST_tW_top  ||   nEvents =  6952830
          hist nEntries =  268.0
          hist integral =  49.7474736124
      Dataset =  ST_t-channel_top  ||   nEvents =  58403420
          hist nEntries =  11.0
          hist integral =  0.876358725131
      Dataset =  ST_tW_antitop  ||   nEvents =  6933094
          hist nEntries =  258.0
          hist integral =  49.4756883681
  Process =  WPlusJets
      Dataset =  HT200To400  ||   nEvents =  38984322
Applied WPlusJets qcd/ewk Weights correctly
     TFile::Append:0: RuntimeWarning: Replacing existing TH1: hist (Potential memory leak).
TFile::Append:0: RuntimeWarning: Replacing existing TH1: hist (Potential memory leak).
TFile::Append:0: RuntimeWarning: Replacing existing TH1: hist (Potential memory leak).
TFile::Append:0: RuntimeWarning: Replacing existing TH1: hist (Potential memory leak).
TFile::Append:0: RuntimeWarning: Replacing existing TH1: hist (Potential memory leak).
TFile::Append:0: RuntimeWarning: Replacing existing TH1: hist (Potential memory leak).
TFile::Append:0: RuntimeWarning: Replacing existing TH1: hist (Potential memory leak).
     hist nEntries =  1805.0
          hist integral =  721.936627388
      Dataset =  HT70To100  ||   nEvents =  10020533
Applied WPlusJets qcd/ewk Weights correctly
          hist nEntries =  10.0
          hist integral =  72.771469593
      Dataset =  HT600To800  ||   nEvents =  18687480
Applied WPlusJets qcd/ewk Weights correctly
          hist nEntries =  6540.0
          hist integral =  148.786913395
      Dataset =  HT1200To2500  ||   nEvents =  6872441
Applied WPlusJets qcd/ewk Weights correctly
          hist nEntries =  10905.0
          hist integral =  321.94230032
      Dataset =  HT100To200  ||   nEvents =  78043017
Applied WPlusJets qcd/ewk Weights correctly
          hist nEntries =  367.0
          hist integral =  296.156962408
      Dataset =  HT400To600  ||   nEvents =  7687800
Applied WPlusJets qcd/ewk Weights correctly
          hist nEntries =  1475.0
          hist integral =  367.078380346
      Dataset =  HT2500ToInf  ||   nEvents =  3285704
Applied WPlusJets qcd/ewk Weights correctly
          hist nEntries =  18614.0
          hist integral =  8.27514569461
      Dataset =  HT800To1200  ||   nEvents =  7830536
Applied WPlusJets qcd/ewk Weights correctly
          hist nEntries =  4839.0
          hist integral =  28.3750383854
-----------------------------
Total data background nEvents =  3912.0
Total data background integral =  3912.0
-----------------------------
Total MC background nEvents =  175582.0
Total MC background integral =  3787.70954323
-----------------------------
Total tt+DM signal nEvents =  42271.0
Total tt+DM signal integral =  309.390517235
-----------------------------
Total t+DM signal nEvents =  2159.0
Total t+DM signal integral =  25.6331662536
-----------------------------
FOM for tt+DM signal =  5.02711319653
FOM for t+DM signal =  0.416498958966
-----------------------------
Data bin errors:
    bin 0: 0.0
    bin 1: 40.7921561087
    bin 2: 29.3598365118
    bin 3: 22.3830292856
    bin 4: 17.6635217327
    bin 5: 13.4907375632
    bin 6: 10.8166538264
    bin 7: 8.42614977318
    bin 8: 7.34846922835
    bin 9: 6.63324958071
-----------------------------
MC background bin errors:
    bin 0: 0.0
    bin 1: 24.4539792691
    bin 2: 17.0515975539
    bin 3: 13.2529875238
    bin 4: 201.931194695
    bin 5: 6.22529305197
    bin 6: 5.03267244559
    bin 7: 3.81414260657
    bin 8: 7.75110661468
    bin 9: 1.85678209952
-----------------------------
tt+DM bin errors:
    bin 0: 0.0
    bin 1: 1.92689556137
    bin 2: 1.51675442102
    bin 3: 1.13139402171
    bin 4: 0.920155315167
    bin 5: 0.71478789173
    bin 6: 0.584412796196
    bin 7: 0.46328158302
    bin 8: 0.341214504832
    bin 9: 0.334802278519
-----------------------------
t+DM bin errors:
    bin 0: 0.0
    bin 1: 0.339900357569
    bin 2: 0.282476421071
    bin 3: 0.241559572774
    bin 4: 0.201916992291
    bin 5: 0.154714255095
    bin 6: 0.141131242156
    bin 7: 0.10193863908
    bin 8: 0.0869683666714
    bin 9: 0.0733422970557
-----------------------------
ttDM_MChi51_MPhi100_pseudo hist info:
    nEvents =  3421.0
    integral =  2.60047389194
ttDM_MChi45_MPhi100_pseudo hist info:
    nEvents =  3228.0
    integral =  25.0821236372
TTTo2L2Nu hist info:
    nEvents =  17931.0
    integral =  699.347107887
tWChan_Mchi1Mphi100 hist info:
    nEvents =  1643.0
    integral =  15.3539122939
ttDM_MChi40_MPhi100_pseudo hist info:
    nEvents =  3105.0
    integral =  24.9526205659
ttDM_MChi40_MPhi100_scalar hist info:
    nEvents =  861.0
    integral =  32.5968511403
ttDM_MChi20_MPhi100_scalar hist info:
    nEvents =  821.0
    integral =  30.7551348805
ttDM_MChi1_MPhi400_scalar hist info:
    nEvents =  4459.0
    integral =  3.53150811791
ttDM_MChi20_MPhi100_pseudo hist info:
    nEvents =  3159.0
    integral =  24.9370650947
ttDM_MChi1_MPhi250_scalar hist info:
    nEvents =  3412.0
    integral =  10.0898538381
ttDM_MChi1_MPhi400_pseudo hist info:
    nEvents =  5499.0
    integral =  3.34288136661
ttbar scalar hist info:
    nEvents =  42271.0
    integral =  309.390517235
QCD hist info:
    nEvents =  28.0
    integral =  229.708347395
ttDM_MChi1_MPhi500_pseudo hist info:
    nEvents =  6096.0
    integral =  1.75415368751
tChan_Mchi1Mphi100 hist info:
    nEvents =  516.0
    integral =  10.2792536691
ttDM_MChi1_MPhi150_scalar hist info:
    nEvents =  1723.0
    integral =  21.176474601
ttbar pseudoscalar hist info:
    nEvents =  83783.0
    integral =  257.58035183
ttDM_MChi55_MPhi100_pseudo hist info:
    nEvents =  3997.0
    integral =  1.19075766765
tbar scalar hist info:
    nEvents =  2159.0
    integral =  25.6331662536
ttDM_MChi45_MPhi100_scalar hist info:
    nEvents =  845.0
    integral =  33.3014642298
ttDM_MChi1_MPhi300_scalar hist info:
    nEvents =  3980.0
    integral =  7.4179353863
ttDM_MChi49_MPhi100_scalar hist info:
    nEvents =  841.0
    integral =  32.7509447336
TTV hist info:
    nEvents =  30169.0
    integral =  27.5063217878
tttDM_MChi1_MPhi100_scalar hist info:
    nEvents =  5355.0
    integral =  57.2087670565
TTToSemiLepton hist info:
    nEvents =  344.0
    integral =  26.3120634928
ttDM_MChi30_MPhi100_scalar hist info:
    nEvents =  840.0
    integral =  32.5332762748
singleTop hist info:
    nEvents =  554.0
    integral =  101.295006096
WPlusJets hist info:
    nEvents =  44555.0
    integral =  1965.32286358
ttDM_MChi1_MPhi350_pseudo hist info:
    nEvents =  5262.0
    integral =  6.20503117889
TTbarSL hist info:
    nEvents =  48444.0
    integral =  753.165532112
ZTo2Nu hist info:
    nEvents =  296.0
    integral =  10.4430385754
ttDM_MChi1_MPhi100_scalar hist info:
    nEvents =  3196.0
    integral =  31.5756005347
bkgSum hist info:
    nEvents =  175582.0
    integral =  3787.70954323
ttDM_MChi1_MPhi350_scalar hist info:
    nEvents =  4512.0
    integral =  5.56699057668
ttDM_MChi1_MPhi500_scalar hist info:
    nEvents =  4649.0
    integral =  1.65314648673
ttDM_MChi1_MPhi100_pseudo hist info:
    nEvents =  11802.0
    integral =  25.0522475839
VV hist info:
    nEvents =  79004.0
    integral =  702.49080658
ttDM_MChi1_MPhi250_pseudo hist info:
    nEvents =  4368.0
    integral =  12.6357689649
ttDM_MChi1_MPhi450_pseudo hist info:
    nEvents =  5667.0
    integral =  2.35912042484
data hist info:
    nEvents =  3912.0
    integral =  3912.0
ttDM_MChi55_MPhi100_scalar hist info:
    nEvents =  2100.0
    integral =  0.487187080085
ttDM_MChi1_MPhi200_scalar hist info:
    nEvents =  2559.0
    integral =  14.3331276178
ttDM_MChi1_MPhi50_pseudo hist info:
    nEvents =  8956.0
    integral =  29.8769387305
ttDM_MChi49_MPhi100_pseudo hist info:
    nEvents =  3161.0
    integral =  25.4646288157
ttDM_MChi1_MPhi150_pseudo hist info:
    nEvents =  3717.0
    integral =  20.2728201449
ttDM_MChi1_MPhi300_pseudo hist info:
    nEvents =  4987.0
    integral =  9.93287052214
ttDM_MChi1_MPhi450_scalar hist info:
    nEvents =  4641.0
    integral =  2.31840185449
ttDM_MChi30_MPhi100_pseudo hist info:
    nEvents =  3169.0
    integral =  25.5468928218
ttDM_MChi1_MPhi200_pseudo hist info:
    nEvents =  4189.0
    integral =  16.3739494681
ZTo2L hist info:
    nEvents =  2701.0
    integral =  25.2839541435
ttDM_MChi1_MPhi50_scalar hist info:
    nEvents =  1183.0
    integral =  48.5525548458
ttDM_MChi51_MPhi100_scalar hist info:
    nEvents =  1649.0
    integral =  0.750063600019
Finished filling histograms
Creating stacked MC background histogram...
Finished stacking MC background histograms.
Creating binned histogram root files...
--------------------------
    Bin 1
    ---------
    bkgSum bin content: 1507.63720703, bkgSum bin error: 24.4539792691
    QCD bin content: 2.28771877289, QCD bin error: 0.82599211056
    ZTo2L bin content: 13.073600769, ZTo2L bin error: 1.42497068601
    VV bin content: 240.8309021, VV bin error: 5.79532119442
    singleTop bin content: 47.214050293, singleTop bin error: 3.04876575352
    WPlusJets bin content: 807.446960449, WPlusJets bin error: 23.1253408604
    TTV bin content: 10.1767702103, TTV bin error: 0.222359495044
    TTTo2L2Nu bin content: 367.882141113, TTTo2L2Nu bin error: 3.96135749434
    TTToSemiLepton bin content: 13.6628608704, TTToSemiLepton bin error: 1.10239463147
    ZTo2Nu bin content: 5.06223201752, ZTo2Nu bin error: 0.815546766059
    TTbarSL bin content: 391.721801758, TTbarSL bin error: 4.11789641279
    data_obs bin content: 1664.0, data_obs bin error: 40.7921561087
    ttDM_MChi1_MPhi150_scalar bin content: 7.35476446152, ttDM_MChi1_MPhi150_scalar bin error: 0.313692014372
    ttDM_MChi1_MPhi100_scalar bin content: 11.7474727631, ttDM_MChi1_MPhi100_scalar bin error: 0.353870940291
    ttDM_MChi45_MPhi100_scalar bin content: 13.4817314148, ttDM_MChi45_MPhi100_scalar bin error: 0.757540032745
    ttDM_MChi49_MPhi100_scalar bin content: 11.9574642181, ttDM_MChi49_MPhi100_scalar bin error: 0.709447834678
    ttDM_MChi40_MPhi100_scalar bin content: 12.2082242966, ttDM_MChi40_MPhi100_scalar bin error: 0.706807039527
    ttDM_MChi1_MPhi400_scalar bin content: 0.867728292942, ttDM_MChi1_MPhi400_scalar bin error: 0.0271824160856
    ttDM_MChi20_MPhi100_scalar bin content: 12.0364341736, ttDM_MChi20_MPhi100_scalar bin error: 0.695058146994
    ttDM_MChi1_MPhi450_scalar bin content: 0.549962460995, ttDM_MChi1_MPhi450_scalar bin error: 0.0172598369159
    ttDM_MChi1_MPhi350_scalar bin content: 1.46197867393, ttDM_MChi1_MPhi350_scalar bin error: 0.0442552475724
    ttDM_MChi1_MPhi250_scalar bin content: 2.93134331703, ttDM_MChi1_MPhi250_scalar bin error: 0.0972106533874
    ttDM_MChi1_MPhi500_scalar bin content: 0.396755814552, ttDM_MChi1_MPhi500_scalar bin error: 0.0123436937831
    ttDM_MChi30_MPhi100_scalar bin content: 12.0462903976, ttDM_MChi30_MPhi100_scalar bin error: 0.709254317801
    ttDM_MChi55_MPhi100_scalar bin content: 0.145886927843, ttDM_MChi55_MPhi100_scalar bin error: 0.00607453423392
    ttDM_MChi1_MPhi50_scalar bin content: 19.6809043884, ttDM_MChi1_MPhi50_scalar bin error: 0.939401301702
    ttDM_MChi1_MPhi300_scalar bin content: 1.9956227541, ttDM_MChi1_MPhi300_scalar bin error: 0.0638123739994
    ttDM_MChi51_MPhi100_scalar bin content: 0.235231205821, ttDM_MChi51_MPhi100_scalar bin error: 0.0106828596034
    ttDM_MChi1_MPhi200_scalar bin content: 4.4393453598, ttDM_MChi1_MPhi200_scalar bin error: 0.164611378524
    ttDM_MChi51_MPhi100_pseudo bin content: 0.88791513443, ttDM_MChi51_MPhi100_pseudo bin error: 0.027001778674
    ttDM_MChi1_MPhi50_pseudo bin content: 10.8352851868, ttDM_MChi1_MPhi50_pseudo bin error: 0.198194720278
    ttDM_MChi55_MPhi100_pseudo bin content: 0.382881999016, ttDM_MChi55_MPhi100_pseudo bin error: 0.0111165577818
    ttDM_MChi45_MPhi100_pseudo bin content: 9.10084915161, ttDM_MChi45_MPhi100_pseudo bin error: 0.278687570837
    ttDM_MChi49_MPhi100_pseudo bin content: 8.88200473785, ttDM_MChi49_MPhi100_pseudo bin error: 0.278409634503
    ttDM_MChi40_MPhi100_pseudo bin content: 8.55795955658, ttDM_MChi40_MPhi100_pseudo bin error: 0.273799615293
    ttDM_MChi1_MPhi150_pseudo bin content: 6.55920886993, ttDM_MChi1_MPhi150_pseudo bin error: 0.196485407507
    ttDM_MChi20_MPhi100_pseudo bin content: 8.75956630707, ttDM_MChi20_MPhi100_pseudo bin error: 0.273604551341
    ttDM_MChi1_MPhi500_pseudo bin content: 0.431099385023, ttDM_MChi1_MPhi500_pseudo bin error: 0.0116028699679
    ttDM_MChi1_MPhi400_pseudo bin content: 0.906864523888, ttDM_MChi1_MPhi400_pseudo bin error: 0.0243509700115
    ttDM_MChi1_MPhi100_pseudo bin content: 8.70591545105, ttDM_MChi1_MPhi100_pseudo bin error: 0.141814768609
    ttDM_MChi30_MPhi100_pseudo bin content: 9.08094120026, ttDM_MChi30_MPhi100_pseudo bin error: 0.282694137795
    ttDM_MChi1_MPhi250_pseudo bin content: 3.89295339584, ttDM_MChi1_MPhi250_pseudo bin error: 0.110116900353
    ttDM_MChi1_MPhi200_pseudo bin content: 5.1345744133, ttDM_MChi1_MPhi200_pseudo bin error: 0.147344536304
    ttDM_MChi1_MPhi450_pseudo bin content: 0.610816657543, ttDM_MChi1_MPhi450_pseudo bin error: 0.0165708996265
    ttDM_MChi1_MPhi300_pseudo bin content: 2.91127109528, ttDM_MChi1_MPhi300_pseudo bin error: 0.0790751518229
    ttDM_MChi1_MPhi350_pseudo bin content: 1.70604968071, ttDM_MChi1_MPhi350_pseudo bin error: 0.0465356265787
    tDM_MChi1_MPhi100_scalar bin content: 7.54955387115, tDM_MChi1_MPhi100_scalar bin error: 0.339900357569
    tttDM_MChi1_MPhi100_scalar bin content: 19.2970275879, tttDM_MChi1_MPhi100_scalar bin error: 0.49066984364
--------------------------
    Bin 2
    ---------
    bkgSum bin content: 807.079406738, bkgSum bin error: 17.0515975539
    QCD bin content: 1.97760415077, QCD bin error: 0.756547742613
    ZTo2L bin content: 5.56924533844, ZTo2L bin error: 0.915981792599
    VV bin content: 155.395568848, VV bin error: 4.61292251763
    singleTop bin content: 20.2613830566, singleTop bin error: 1.9907324207
    WPlusJets bin content: 447.574615479, WPlusJets bin error: 16.0147694872
    TTV bin content: 6.33732509613, TTV bin error: 0.1813856486
    TTTo2L2Nu bin content: 162.420608521, TTTo2L2Nu bin error: 2.63222722479
    TTToSemiLepton bin content: 6.01081848145, TTToSemiLepton bin error: 0.745851835543
    ZTo2Nu bin content: 1.53220772743, ZTo2Nu bin error: 0.335953385328
    TTbarSL bin content: 174.768768311, TTbarSL bin error: 2.74186357739
    data_obs bin content: 862.0, data_obs bin error: 29.3598365118
    ttDM_MChi1_MPhi150_scalar bin content: 4.62749767303, ttDM_MChi1_MPhi150_scalar bin error: 0.24941803933
    ttDM_MChi1_MPhi100_scalar bin content: 7.2481803894, ttDM_MChi1_MPhi100_scalar bin error: 0.279091299434
    ttDM_MChi45_MPhi100_scalar bin content: 7.73295116425, ttDM_MChi45_MPhi100_scalar bin error: 0.572422419631
    ttDM_MChi49_MPhi100_scalar bin content: 8.27460670471, ttDM_MChi49_MPhi100_scalar bin error: 0.587640160117
    ttDM_MChi40_MPhi100_scalar bin content: 7.26180362701, ttDM_MChi40_MPhi100_scalar bin error: 0.542214003788
    ttDM_MChi1_MPhi400_scalar bin content: 0.676865816116, ttDM_MChi1_MPhi400_scalar bin error: 0.0240043715388
    ttDM_MChi20_MPhi100_scalar bin content: 7.91346597672, ttDM_MChi20_MPhi100_scalar bin error: 0.564154109682
    ttDM_MChi1_MPhi450_scalar bin content: 0.407041877508, ttDM_MChi1_MPhi450_scalar bin error: 0.0147818165322
    ttDM_MChi1_MPhi350_scalar bin content: 1.03112459183, ttDM_MChi1_MPhi350_scalar bin error: 0.0371573305815
    ttDM_MChi1_MPhi250_scalar bin content: 2.08037137985, ttDM_MChi1_MPhi250_scalar bin error: 0.0813911593569
    ttDM_MChi1_MPhi500_scalar bin content: 0.297518342733, ttDM_MChi1_MPhi500_scalar bin error: 0.0106508231365
    ttDM_MChi30_MPhi100_scalar bin content: 6.92568731308, ttDM_MChi30_MPhi100_scalar bin error: 0.542068580407
    ttDM_MChi55_MPhi100_scalar bin content: 0.105985827744, ttDM_MChi55_MPhi100_scalar bin error: 0.00516567550138
    ttDM_MChi1_MPhi50_scalar bin content: 12.2767219543, ttDM_MChi1_MPhi50_scalar bin error: 0.741831327819
    ttDM_MChi1_MPhi300_scalar bin content: 1.49834942818, ttDM_MChi1_MPhi300_scalar bin error: 0.054957907075
    ttDM_MChi51_MPhi100_scalar bin content: 0.169275745749, ttDM_MChi51_MPhi100_scalar bin error: 0.00913930596151
    ttDM_MChi1_MPhi200_scalar bin content: 3.14275288582, ttDM_MChi1_MPhi200_scalar bin error: 0.13781293401
    ttDM_MChi51_MPhi100_pseudo bin content: 0.580851912498, ttDM_MChi51_MPhi100_pseudo bin error: 0.0218860479246
    ttDM_MChi1_MPhi50_pseudo bin content: 6.56194496155, ttDM_MChi1_MPhi50_pseudo bin error: 0.153848219542
    ttDM_MChi55_MPhi100_pseudo bin content: 0.260416120291, ttDM_MChi55_MPhi100_pseudo bin error: 0.00916767552653
    ttDM_MChi45_MPhi100_pseudo bin content: 5.48101615906, ttDM_MChi45_MPhi100_pseudo bin error: 0.215958463156
    ttDM_MChi49_MPhi100_pseudo bin content: 6.01082849503, ttDM_MChi49_MPhi100_pseudo bin error: 0.229340674704
    ttDM_MChi40_MPhi100_pseudo bin content: 5.97037935257, ttDM_MChi40_MPhi100_pseudo bin error: 0.228792995726
    ttDM_MChi1_MPhi150_pseudo bin content: 4.7579665184, ttDM_MChi1_MPhi150_pseudo bin error: 0.167005444901
    ttDM_MChi20_MPhi100_pseudo bin content: 5.68284702301, ttDM_MChi20_MPhi100_pseudo bin error: 0.220030502428
    ttDM_MChi1_MPhi500_pseudo bin content: 0.346003860235, ttDM_MChi1_MPhi500_pseudo bin error: 0.0103715856606
    ttDM_MChi1_MPhi400_pseudo bin content: 0.670204520226, ttDM_MChi1_MPhi400_pseudo bin error: 0.0210083945024
    ttDM_MChi1_MPhi100_pseudo bin content: 5.57426071167, ttDM_MChi1_MPhi100_pseudo bin error: 0.113238322071
    ttDM_MChi30_MPhi100_pseudo bin content: 5.48336744308, ttDM_MChi30_MPhi100_pseudo bin error: 0.219641512033
    ttDM_MChi1_MPhi250_pseudo bin content: 2.64471721649, ttDM_MChi1_MPhi250_pseudo bin error: 0.0907719356218
    ttDM_MChi1_MPhi200_pseudo bin content: 3.50142335892, ttDM_MChi1_MPhi200_pseudo bin error: 0.122112032707
    ttDM_MChi1_MPhi450_pseudo bin content: 0.478208661079, ttDM_MChi1_MPhi450_pseudo bin error: 0.0147223229534
    ttDM_MChi1_MPhi300_pseudo bin content: 2.12962150574, ttDM_MChi1_MPhi300_pseudo bin error: 0.0679726351802
    ttDM_MChi1_MPhi350_pseudo bin content: 1.2919011116, ttDM_MChi1_MPhi350_pseudo bin error: 0.0406285596966
    tDM_MChi1_MPhi100_scalar bin content: 5.43671035767, tDM_MChi1_MPhi100_scalar bin error: 0.282476421071
    tttDM_MChi1_MPhi100_scalar bin content: 12.6848907471, tttDM_MChi1_MPhi100_scalar bin error: 0.397095557619
--------------------------
    Bin 3
    ---------
    bkgSum bin content: 451.531829834, bkgSum bin error: 13.2529875238
    QCD bin content: 4.68058776855, QCD bin error: 4.30503616454
    ZTo2L bin content: 2.26373958588, ZTo2L bin error: 0.343131159393
    VV bin content: 100.139160156, VV bin error: 3.69848180799
    singleTop bin content: 11.0982456207, singleTop bin error: 1.48769146245
    WPlusJets bin content: 248.499359131, WPlusJets bin error: 11.7259351544
    TTV bin content: 3.78350734711, TTV bin error: 0.122602465629
    TTTo2L2Nu bin content: 77.0663604736, TTTo2L2Nu bin error: 1.81057729837
    TTToSemiLepton bin content: 2.55356192589, TTToSemiLepton bin error: 0.480057993547
    ZTo2Nu bin content: 1.44731354713, ZTo2Nu bin error: 0.278167081471
    TTbarSL bin content: 83.403427124, TTbarSL bin error: 1.87714602392
    data_obs bin content: 501.0, data_obs bin error: 22.3830292856
    ttDM_MChi1_MPhi150_scalar bin content: 3.11442732811, ttDM_MChi1_MPhi150_scalar bin error: 0.202502557894
    ttDM_MChi1_MPhi100_scalar bin content: 4.4298620224, ttDM_MChi1_MPhi100_scalar bin error: 0.216570102105
    ttDM_MChi45_MPhi100_scalar bin content: 4.03116846085, ttDM_MChi45_MPhi100_scalar bin error: 0.410886942566
    ttDM_MChi49_MPhi100_scalar bin content: 4.82048559189, ttDM_MChi49_MPhi100_scalar bin error: 0.449362504774
    ttDM_MChi40_MPhi100_scalar bin content: 4.75705194473, ttDM_MChi40_MPhi100_scalar bin error: 0.443073049633
    ttDM_MChi1_MPhi400_scalar bin content: 0.526777386665, ttDM_MChi1_MPhi400_scalar bin error: 0.0211287483085
    ttDM_MChi20_MPhi100_scalar bin content: 3.35232877731, ttDM_MChi20_MPhi100_scalar bin error: 0.368334885515
    ttDM_MChi1_MPhi450_scalar bin content: 0.34009295702, ttDM_MChi1_MPhi450_scalar bin error: 0.0135481965485
    ttDM_MChi1_MPhi350_scalar bin content: 0.797056853771, ttDM_MChi1_MPhi350_scalar bin error: 0.0325871236056
    ttDM_MChi1_MPhi250_scalar bin content: 1.48001551628, ttDM_MChi1_MPhi250_scalar bin error: 0.0692825989023
    ttDM_MChi1_MPhi500_scalar bin content: 0.239166900516, ttDM_MChi1_MPhi500_scalar bin error: 0.00960092930169
    ttDM_MChi30_MPhi100_scalar bin content: 4.51543521881, ttDM_MChi30_MPhi100_scalar bin error: 0.438417809524
    ttDM_MChi55_MPhi100_scalar bin content: 0.0673375576735, ttDM_MChi55_MPhi100_scalar bin error: 0.00410410196101
    ttDM_MChi1_MPhi50_scalar bin content: 6.1492228508, ttDM_MChi1_MPhi50_scalar bin error: 0.525128809405
    ttDM_MChi1_MPhi300_scalar bin content: 1.10314071178, ttDM_MChi1_MPhi300_scalar bin error: 0.0471179848798
    ttDM_MChi51_MPhi100_scalar bin content: 0.114420980215, ttDM_MChi51_MPhi100_scalar bin error: 0.00750887103165
    ttDM_MChi1_MPhi200_scalar bin content: 2.06876897812, ttDM_MChi1_MPhi200_scalar bin error: 0.112051567322
    ttDM_MChi51_MPhi100_pseudo bin content: 0.383014380932, ttDM_MChi51_MPhi100_pseudo bin error: 0.0177777430122
    ttDM_MChi1_MPhi50_pseudo bin content: 4.2665348053, ttDM_MChi1_MPhi50_pseudo bin error: 0.124032527699
    ttDM_MChi55_MPhi100_pseudo bin content: 0.180847033858, ttDM_MChi55_MPhi100_pseudo bin error: 0.00766528359965
    ttDM_MChi45_MPhi100_pseudo bin content: 3.81994318962, ttDM_MChi45_MPhi100_pseudo bin error: 0.179319994395
    ttDM_MChi49_MPhi100_pseudo bin content: 3.50171065331, ttDM_MChi49_MPhi100_pseudo bin error: 0.174873945867
    ttDM_MChi40_MPhi100_pseudo bin content: 3.43862485886, ttDM_MChi40_MPhi100_pseudo bin error: 0.173228953869
    ttDM_MChi1_MPhi150_pseudo bin content: 3.12832546234, ttDM_MChi1_MPhi150_pseudo bin error: 0.135079943407
    ttDM_MChi20_MPhi100_pseudo bin content: 3.38444471359, ttDM_MChi20_MPhi100_pseudo bin error: 0.170321958135
    ttDM_MChi1_MPhi500_pseudo bin content: 0.261835515499, ttDM_MChi1_MPhi500_pseudo bin error: 0.00904217045865
    ttDM_MChi1_MPhi400_pseudo bin content: 0.486472249031, ttDM_MChi1_MPhi400_pseudo bin error: 0.0178307114745
    ttDM_MChi1_MPhi100_pseudo bin content: 3.65403151512, ttDM_MChi1_MPhi100_pseudo bin error: 0.0918610025249
    ttDM_MChi30_MPhi100_pseudo bin content: 3.53241801262, ttDM_MChi30_MPhi100_pseudo bin error: 0.175337196074
    ttDM_MChi1_MPhi250_pseudo bin content: 1.83909249306, ttDM_MChi1_MPhi250_pseudo bin error: 0.0758659151848
    ttDM_MChi1_MPhi200_pseudo bin content: 2.44962215424, ttDM_MChi1_MPhi200_pseudo bin error: 0.101969758888
    ttDM_MChi1_MPhi450_pseudo bin content: 0.337477982044, ttDM_MChi1_MPhi450_pseudo bin error: 0.0122933044434
    ttDM_MChi1_MPhi300_pseudo bin content: 1.38250946999, ttDM_MChi1_MPhi300_pseudo bin error: 0.0547565288385
    ttDM_MChi1_MPhi350_pseudo bin content: 0.910822272301, ttDM_MChi1_MPhi350_pseudo bin error: 0.0341302757786
    tDM_MChi1_MPhi100_scalar bin content: 3.94166111946, tDM_MChi1_MPhi100_scalar bin error: 0.241559572774
    tttDM_MChi1_MPhi100_scalar bin content: 8.37152290344, tttDM_MChi1_MPhi100_scalar bin error: 0.324428168204
--------------------------
    Bin 4
    ---------
    bkgSum bin content: 481.040130615, bkgSum bin error: 201.931194695
    QCD bin content: 201.745849609, QCD bin error: 201.523852889
    ZTo2L bin content: 1.14687585831, ZTo2L bin error: 0.12764334731
    VV bin content: 63.7503623962, VV bin error: 2.97198832092
    singleTop bin content: 8.75777339935, singleTop bin error: 1.3140652651
    WPlusJets bin content: 159.970565796, WPlusJets bin error: 12.3207205727
    TTV bin content: 2.4572520256, TTV bin error: 0.0889481200286
    TTTo2L2Nu bin content: 40.9660606384, TTTo2L2Nu bin error: 1.32368232129
    TTToSemiLepton bin content: 1.64986562729, TTToSemiLepton bin error: 0.434769007057
    ZTo2Nu bin content: 0.595483660698, ZTo2Nu bin error: 0.138226808062
    TTbarSL bin content: 45.0731735229, TTbarSL bin error: 1.39609123815
    data_obs bin content: 312.0, data_obs bin error: 17.6635217327
    ttDM_MChi1_MPhi150_scalar bin content: 2.10365056992, ttDM_MChi1_MPhi150_scalar bin error: 0.167364165134
    ttDM_MChi1_MPhi100_scalar bin content: 2.92734122276, ttDM_MChi1_MPhi100_scalar bin error: 0.177350694218
    ttDM_MChi45_MPhi100_scalar bin content: 2.83621191978, ttDM_MChi45_MPhi100_scalar bin error: 0.3494134763
    ttDM_MChi49_MPhi100_scalar bin content: 2.73778557777, ttDM_MChi49_MPhi100_scalar bin error: 0.339174323997
    ttDM_MChi40_MPhi100_scalar bin content: 2.72677016258, ttDM_MChi40_MPhi100_scalar bin error: 0.333270246758
    ttDM_MChi1_MPhi400_scalar bin content: 0.388785928488, ttDM_MChi1_MPhi400_scalar bin error: 0.0182322343066
    ttDM_MChi20_MPhi100_scalar bin content: 2.9599545002, ttDM_MChi20_MPhi100_scalar bin error: 0.346251078226
    ttDM_MChi1_MPhi450_scalar bin content: 0.275353968143, ttDM_MChi1_MPhi450_scalar bin error: 0.0122077212663
    ttDM_MChi1_MPhi350_scalar bin content: 0.622942388058, ttDM_MChi1_MPhi350_scalar bin error: 0.0286711265093
    ttDM_MChi1_MPhi250_scalar bin content: 1.04975533485, ttDM_MChi1_MPhi250_scalar bin error: 0.0580061029028
    ttDM_MChi1_MPhi500_scalar bin content: 0.179029151797, ttDM_MChi1_MPhi500_scalar bin error: 0.00829923180947
    ttDM_MChi30_MPhi100_scalar bin content: 3.07750916481, ttDM_MChi30_MPhi100_scalar bin error: 0.357115584563
    ttDM_MChi55_MPhi100_scalar bin content: 0.0520141981542, ttDM_MChi55_MPhi100_scalar bin error: 0.00362441207053
    ttDM_MChi1_MPhi50_scalar bin content: 3.93102741241, ttDM_MChi1_MPhi50_scalar bin error: 0.420836773361
    ttDM_MChi1_MPhi300_scalar bin content: 0.716807484627, ttDM_MChi1_MPhi300_scalar bin error: 0.0381003666333
    ttDM_MChi51_MPhi100_scalar bin content: 0.0685872510076, ttDM_MChi51_MPhi100_scalar bin error: 0.00579725784731
    ttDM_MChi1_MPhi200_scalar bin content: 1.36776959896, ttDM_MChi1_MPhi200_scalar bin error: 0.0909028651919
    ttDM_MChi51_MPhi100_pseudo bin content: 0.23795619607, ttDM_MChi51_MPhi100_pseudo bin error: 0.0139560251712
    ttDM_MChi1_MPhi50_pseudo bin content: 2.7005739212, ttDM_MChi1_MPhi50_pseudo bin error: 0.0984240849971
    ttDM_MChi55_MPhi100_pseudo bin content: 0.108324110508, ttDM_MChi55_MPhi100_pseudo bin error: 0.0058679912886
    ttDM_MChi45_MPhi100_pseudo bin content: 2.48271751404, ttDM_MChi45_MPhi100_pseudo bin error: 0.145050809365
    ttDM_MChi49_MPhi100_pseudo bin content: 2.3235449791, ttDM_MChi49_MPhi100_pseudo bin error: 0.143210479239
    ttDM_MChi40_MPhi100_pseudo bin content: 2.3879468441, ttDM_MChi40_MPhi100_pseudo bin error: 0.144908530728
    ttDM_MChi1_MPhi150_pseudo bin content: 1.86598706245, ttDM_MChi1_MPhi150_pseudo bin error: 0.104570143461
    ttDM_MChi20_MPhi100_pseudo bin content: 2.38090515137, ttDM_MChi20_MPhi100_pseudo bin error: 0.142298158466
    ttDM_MChi1_MPhi500_pseudo bin content: 0.201790511608, ttDM_MChi1_MPhi500_pseudo bin error: 0.00791959444854
    ttDM_MChi1_MPhi400_pseudo bin content: 0.341851055622, ttDM_MChi1_MPhi400_pseudo bin error: 0.015030982358
    ttDM_MChi1_MPhi100_pseudo bin content: 2.41605353355, ttDM_MChi1_MPhi100_pseudo bin error: 0.0745385504021
    ttDM_MChi30_MPhi100_pseudo bin content: 2.52751350403, ttDM_MChi30_MPhi100_pseudo bin error: 0.14889743696
    ttDM_MChi1_MPhi250_pseudo bin content: 1.30936920643, ttDM_MChi1_MPhi250_pseudo bin error: 0.0638556608804
    ttDM_MChi1_MPhi200_pseudo bin content: 1.71481442451, ttDM_MChi1_MPhi200_pseudo bin error: 0.0852100193013
    ttDM_MChi1_MPhi450_pseudo bin content: 0.249970301986, ttDM_MChi1_MPhi450_pseudo bin error: 0.0105956932966
    ttDM_MChi1_MPhi300_pseudo bin content: 1.12132287025, ttDM_MChi1_MPhi300_pseudo bin error: 0.0491772801693
    ttDM_MChi1_MPhi350_pseudo bin content: 0.639130890369, ttDM_MChi1_MPhi350_pseudo bin error: 0.0284952105254
    tDM_MChi1_MPhi100_scalar bin content: 2.80237817764, tDM_MChi1_MPhi100_scalar bin error: 0.201916992291
    tttDM_MChi1_MPhi100_scalar bin content: 5.72971916199, tttDM_MChi1_MPhi100_scalar bin error: 0.268744749745
--------------------------
    Bin 5
    ---------
    bkgSum bin content: 166.762466431, bkgSum bin error: 6.22529305197
    QCD bin content: 0.515980303288, QCD bin error: 0.39753797062
    ZTo2L bin content: 0.973349511623, ZTo2L bin error: 0.278583070723
    VV bin content: 39.5390167236, VV bin error: 2.25934886279
    singleTop bin content: 4.27072668076, singleTop bin error: 1.00310273741
    WPlusJets bin content: 98.0678405762, WPlusJets bin error: 5.60590776476
    TTV bin content: 1.51474571228, TTV bin error: 0.0707372678942
    TTTo2L2Nu bin content: 20.4443302155, TTTo2L2Nu bin error: 0.931019038873
    TTToSemiLepton bin content: 0.676257908344, TTToSemiLepton bin error: 0.288733588466
    ZTo2Nu bin content: 0.760223686695, ZTo2Nu bin error: 0.162440967726
    TTbarSL bin content: 22.6353340149, TTbarSL bin error: 0.977326607088
    data_obs bin content: 182.0, data_obs bin error: 13.4907375632
    ttDM_MChi1_MPhi150_scalar bin content: 1.43909585476, ttDM_MChi1_MPhi150_scalar bin error: 0.139567467214
    ttDM_MChi1_MPhi100_scalar bin content: 1.59428274632, ttDM_MChi1_MPhi100_scalar bin error: 0.131148397943
    ttDM_MChi45_MPhi100_scalar bin content: 1.70432460308, ttDM_MChi45_MPhi100_scalar bin error: 0.265062986576
    ttDM_MChi49_MPhi100_scalar bin content: 1.72220504284, ttDM_MChi49_MPhi100_scalar bin error: 0.267313884975
    ttDM_MChi40_MPhi100_scalar bin content: 1.83123290539, ttDM_MChi40_MPhi100_scalar bin error: 0.282597722905
    ttDM_MChi1_MPhi400_scalar bin content: 0.278070181608, ttDM_MChi1_MPhi400_scalar bin error: 0.0154781081274
    ttDM_MChi20_MPhi100_scalar bin content: 1.099588871, ttDM_MChi20_MPhi100_scalar bin error: 0.211058553119
    ttDM_MChi1_MPhi450_scalar bin content: 0.201044142246, ttDM_MChi1_MPhi450_scalar bin error: 0.0104178089536
    ttDM_MChi1_MPhi350_scalar bin content: 0.430557698011, ttDM_MChi1_MPhi350_scalar bin error: 0.0238224204597
    ttDM_MChi1_MPhi250_scalar bin content: 0.739083111286, ttDM_MChi1_MPhi250_scalar bin error: 0.0484470055928
    ttDM_MChi1_MPhi500_scalar bin content: 0.131921514869, ttDM_MChi1_MPhi500_scalar bin error: 0.00711585038301
    ttDM_MChi30_MPhi100_scalar bin content: 2.35849785805, ttDM_MChi30_MPhi100_scalar bin error: 0.313102411799
    ttDM_MChi55_MPhi100_scalar bin content: 0.031590975821, ttDM_MChi55_MPhi100_scalar bin error: 0.00279820948309
    ttDM_MChi1_MPhi50_scalar bin content: 2.27999591827, ttDM_MChi1_MPhi50_scalar bin error: 0.31648602231
    ttDM_MChi1_MPhi300_scalar bin content: 0.571451961994, ttDM_MChi1_MPhi300_scalar bin error: 0.0339661024625
    ttDM_MChi51_MPhi100_scalar bin content: 0.0502051226795, ttDM_MChi51_MPhi100_scalar bin error: 0.00500617814211
    ttDM_MChi1_MPhi200_scalar bin content: 0.909362912178, ttDM_MChi1_MPhi200_scalar bin error: 0.0736477814592
    ttDM_MChi51_MPhi100_pseudo bin content: 0.165747568011, ttDM_MChi51_MPhi100_pseudo bin error: 0.0116329415448
    ttDM_MChi1_MPhi50_pseudo bin content: 1.99388682842, ttDM_MChi1_MPhi50_pseudo bin error: 0.084795447573
    ttDM_MChi55_MPhi100_pseudo bin content: 0.0822227448225, ttDM_MChi55_MPhi100_pseudo bin error: 0.00514578532947
    ttDM_MChi45_MPhi100_pseudo bin content: 1.39535522461, ttDM_MChi45_MPhi100_pseudo bin error: 0.108796504802
    ttDM_MChi49_MPhi100_pseudo bin content: 1.55171108246, ttDM_MChi49_MPhi100_pseudo bin error: 0.116268899765
    ttDM_MChi40_MPhi100_pseudo bin content: 1.51995301247, ttDM_MChi40_MPhi100_pseudo bin error: 0.114857819089
    ttDM_MChi1_MPhi150_pseudo bin content: 1.35623693466, ttDM_MChi1_MPhi150_pseudo bin error: 0.089131513643
    ttDM_MChi20_MPhi100_pseudo bin content: 1.68008065224, ttDM_MChi20_MPhi100_pseudo bin error: 0.120059683942
    ttDM_MChi1_MPhi500_pseudo bin content: 0.124935165048, ttDM_MChi1_MPhi500_pseudo bin error: 0.00620454295362
    ttDM_MChi1_MPhi400_pseudo bin content: 0.267523288727, ttDM_MChi1_MPhi400_pseudo bin error: 0.0132661003259
    ttDM_MChi1_MPhi100_pseudo bin content: 1.52095317841, ttDM_MChi1_MPhi100_pseudo bin error: 0.0588002897995
    ttDM_MChi30_MPhi100_pseudo bin content: 1.53562223911, ttDM_MChi30_MPhi100_pseudo bin error: 0.115249930934
    ttDM_MChi1_MPhi250_pseudo bin content: 0.85287886858, ttDM_MChi1_MPhi250_pseudo bin error: 0.0517347118137
    ttDM_MChi1_MPhi200_pseudo bin content: 1.13011443615, ttDM_MChi1_MPhi200_pseudo bin error: 0.0691439906541
    ttDM_MChi1_MPhi450_pseudo bin content: 0.181345000863, ttDM_MChi1_MPhi450_pseudo bin error: 0.00901505161356
    ttDM_MChi1_MPhi300_pseudo bin content: 0.787724971771, ttDM_MChi1_MPhi300_pseudo bin error: 0.0412553422242
    ttDM_MChi1_MPhi350_pseudo bin content: 0.455405145884, ttDM_MChi1_MPhi350_pseudo bin error: 0.0240613159679
    tDM_MChi1_MPhi100_scalar bin content: 1.73207128048, tDM_MChi1_MPhi100_scalar bin error: 0.154714255095
    tttDM_MChi1_MPhi100_scalar bin content: 3.32635402679, tttDM_MChi1_MPhi100_scalar bin error: 0.202821110866
--------------------------
    Bin 6
    ---------
    bkgSum bin content: 112.474754333, bkgSum bin error: 5.03267244559
    QCD bin content: 0.0, QCD bin error: 0.0
    ZTo2L bin content: 0.406152307987, ZTo2L bin error: 0.0695314642764
    VV bin content: 29.858959198, VV bin error: 2.05473823472
    singleTop bin content: 1.96890306473, singleTop bin error: 0.627770590211
    WPlusJets bin content: 65.3108978271, WPlusJets bin error: 4.47557504243
    TTV bin content: 1.0763477087, TTV bin error: 0.0697503512208
    TTTo2L2Nu bin content: 12.9195280075, TTTo2L2Nu bin error: 0.777266694234
    TTToSemiLepton bin content: 0.576064288616, TTToSemiLepton bin error: 0.236279676062
    ZTo2Nu bin content: 0.357899695635, ZTo2Nu bin error: 0.106318021308
    TTbarSL bin content: 14.5719404221, TTbarSL bin error: 0.815375196324
    data_obs bin content: 117.0, data_obs bin error: 10.8166538264
    ttDM_MChi1_MPhi150_scalar bin content: 0.621159017086, ttDM_MChi1_MPhi150_scalar bin error: 0.0896771003414
    ttDM_MChi1_MPhi100_scalar bin content: 1.01183545589, ttDM_MChi1_MPhi100_scalar bin error: 0.103792148542
    ttDM_MChi45_MPhi100_scalar bin content: 1.13871526718, ttDM_MChi45_MPhi100_scalar bin error: 0.219454322942
    ttDM_MChi49_MPhi100_scalar bin content: 1.39119517803, ttDM_MChi49_MPhi100_scalar bin error: 0.244345105058
    ttDM_MChi40_MPhi100_scalar bin content: 1.27563083172, ttDM_MChi40_MPhi100_scalar bin error: 0.235179098818
    ttDM_MChi1_MPhi400_scalar bin content: 0.208675056696, ttDM_MChi1_MPhi400_scalar bin error: 0.0133250965963
    ttDM_MChi20_MPhi100_scalar bin content: 0.859999299049, ttDM_MChi20_MPhi100_scalar bin error: 0.18854049323
    ttDM_MChi1_MPhi450_scalar bin content: 0.142959818244, ttDM_MChi1_MPhi450_scalar bin error: 0.00879852337357
    ttDM_MChi1_MPhi350_scalar bin content: 0.300671458244, ttDM_MChi1_MPhi350_scalar bin error: 0.020018378792
    ttDM_MChi1_MPhi250_scalar bin content: 0.524908781052, ttDM_MChi1_MPhi250_scalar bin error: 0.0410568193914
    ttDM_MChi1_MPhi500_scalar bin content: 0.098507873714, ttDM_MChi1_MPhi500_scalar bin error: 0.00616592658846
    ttDM_MChi30_MPhi100_scalar bin content: 1.03667855263, ttDM_MChi30_MPhi100_scalar bin error: 0.21236204217
    ttDM_MChi55_MPhi100_scalar bin content: 0.0236402768642, ttDM_MChi55_MPhi100_scalar bin error: 0.00245853281774
    ttDM_MChi1_MPhi50_scalar bin content: 1.6400219202, ttDM_MChi1_MPhi50_scalar bin error: 0.266315301371
    ttDM_MChi1_MPhi300_scalar bin content: 0.401165783405, ttDM_MChi1_MPhi300_scalar bin error: 0.028546630421
    ttDM_MChi51_MPhi100_scalar bin content: 0.0289611574262, ttDM_MChi51_MPhi100_scalar bin error: 0.00375829556432
    ttDM_MChi1_MPhi200_scalar bin content: 0.781921446323, ttDM_MChi1_MPhi200_scalar bin error: 0.0690371121491
    ttDM_MChi51_MPhi100_pseudo bin content: 0.108254812658, ttDM_MChi51_MPhi100_pseudo bin error: 0.0093454035255
    ttDM_MChi1_MPhi50_pseudo bin content: 1.13922584057, ttDM_MChi1_MPhi50_pseudo bin error: 0.063613674193
    ttDM_MChi55_MPhi100_pseudo bin content: 0.0538416057825, ttDM_MChi55_MPhi100_pseudo bin error: 0.00415744551213
    ttDM_MChi45_MPhi100_pseudo bin content: 0.845599889755, ttDM_MChi45_MPhi100_pseudo bin error: 0.0859595166074
    ttDM_MChi49_MPhi100_pseudo bin content: 1.0861954689, ttDM_MChi49_MPhi100_pseudo bin error: 0.0978581721065
    ttDM_MChi40_MPhi100_pseudo bin content: 1.03041505814, ttDM_MChi40_MPhi100_pseudo bin error: 0.0952315343498
    ttDM_MChi1_MPhi150_pseudo bin content: 0.891474545002, ttDM_MChi1_MPhi150_pseudo bin error: 0.0728952782027
    ttDM_MChi20_MPhi100_pseudo bin content: 1.0574555397, ttDM_MChi20_MPhi100_pseudo bin error: 0.0934102052783
    ttDM_MChi1_MPhi500_pseudo bin content: 0.105760760605, ttDM_MChi1_MPhi500_pseudo bin error: 0.00575666527093
    ttDM_MChi1_MPhi400_pseudo bin content: 0.176649972796, ttDM_MChi1_MPhi400_pseudo bin error: 0.0106703203495
    ttDM_MChi1_MPhi100_pseudo bin content: 1.11760532856, ttDM_MChi1_MPhi100_pseudo bin error: 0.0510146761109
    ttDM_MChi30_MPhi100_pseudo bin content: 1.05625700951, ttDM_MChi30_MPhi100_pseudo bin error: 0.0955780431042
    ttDM_MChi1_MPhi250_pseudo bin content: 0.618133723736, ttDM_MChi1_MPhi250_pseudo bin error: 0.0441560681581
    ttDM_MChi1_MPhi200_pseudo bin content: 0.650508761406, ttDM_MChi1_MPhi200_pseudo bin error: 0.0522178297215
    ttDM_MChi1_MPhi450_pseudo bin content: 0.136653617024, ttDM_MChi1_MPhi450_pseudo bin error: 0.00780304677574
    ttDM_MChi1_MPhi300_pseudo bin content: 0.434513837099, ttDM_MChi1_MPhi300_pseudo bin error: 0.0304991588163
    ttDM_MChi1_MPhi350_pseudo bin content: 0.300422281027, ttDM_MChi1_MPhi350_pseudo bin error: 0.0196070355408
    tDM_MChi1_MPhi100_scalar bin content: 1.35770773888, tDM_MChi1_MPhi100_scalar bin error: 0.141131242156
    tttDM_MChi1_MPhi100_scalar bin content: 2.36954307556, tttDM_MChi1_MPhi100_scalar bin error: 0.175188006471
--------------------------
    Bin 7
    ---------
    bkgSum bin content: 69.2528457642, bkgSum bin error: 3.81414260657
    QCD bin content: 0.0, QCD bin error: 0.0
    ZTo2L bin content: 0.328455686569, ZTo2L bin error: 0.0692969749964
    VV bin content: 19.1059436798, VV bin error: 1.5227178702
    singleTop bin content: 1.59428787231, singleTop bin error: 0.651649179362
    WPlusJets bin content: 40.0702018738, WPlusJets bin error: 3.38734201703
    TTV bin content: 0.733075857162, TTV bin error: 0.067279899809
    TTTo2L2Nu bin content: 7.05501556396, TTTo2L2Nu bin error: 0.550141388213
    TTToSemiLepton bin content: 0.091355279088, TTToSemiLepton bin error: 0.091355278531
    ZTo2Nu bin content: 0.274516195059, ZTo2Nu bin error: 0.0997573461747
    TTbarSL bin content: 7.8794465065, TTbarSL bin error: 0.56171871863
    data_obs bin content: 71.0, data_obs bin error: 8.42614977318
    ttDM_MChi1_MPhi150_scalar bin content: 0.621423184872, ttDM_MChi1_MPhi150_scalar bin error: 0.0903627448453
    ttDM_MChi1_MPhi100_scalar bin content: 0.802919387817, ttDM_MChi1_MPhi100_scalar bin error: 0.0916884499839
    ttDM_MChi45_MPhi100_scalar bin content: 0.487505108118, ttDM_MChi45_MPhi100_scalar bin error: 0.143076144518
    ttDM_MChi49_MPhi100_scalar bin content: 0.564276754856, ttDM_MChi49_MPhi100_scalar bin error: 0.155154819096
    ttDM_MChi40_MPhi100_scalar bin content: 0.788917720318, ttDM_MChi40_MPhi100_scalar bin error: 0.180148929019
    ttDM_MChi1_MPhi400_scalar bin content: 0.14404450357, ttDM_MChi1_MPhi400_scalar bin error: 0.0111361489793
    ttDM_MChi20_MPhi100_scalar bin content: 0.909257173538, ttDM_MChi20_MPhi100_scalar bin error: 0.194848061438
    ttDM_MChi1_MPhi450_scalar bin content: 0.0910940468311, ttDM_MChi1_MPhi450_scalar bin error: 0.00698781678549
    ttDM_MChi1_MPhi350_scalar bin content: 0.237414091825, ttDM_MChi1_MPhi350_scalar bin error: 0.0178826664212
    ttDM_MChi1_MPhi250_scalar bin content: 0.37281408906, ttDM_MChi1_MPhi250_scalar bin error: 0.034408393401
    ttDM_MChi1_MPhi500_scalar bin content: 0.073904722929, ttDM_MChi1_MPhi500_scalar bin error: 0.00528498877168
    ttDM_MChi30_MPhi100_scalar bin content: 0.918651998043, ttDM_MChi30_MPhi100_scalar bin error: 0.197834088287
    ttDM_MChi55_MPhi100_scalar bin content: 0.0166065096855, ttDM_MChi55_MPhi100_scalar bin error: 0.00205784913521
    ttDM_MChi1_MPhi50_scalar bin content: 0.871357917786, ttDM_MChi1_MPhi50_scalar bin error: 0.197544679588
    ttDM_MChi1_MPhi300_scalar bin content: 0.327582359314, ttDM_MChi1_MPhi300_scalar bin error: 0.0256547092764
    ttDM_MChi51_MPhi100_scalar bin content: 0.0208648201078, ttDM_MChi51_MPhi100_scalar bin error: 0.00320013855041
    ttDM_MChi1_MPhi200_scalar bin content: 0.420114994049, ttDM_MChi1_MPhi200_scalar bin error: 0.0505475469153
    ttDM_MChi51_MPhi100_pseudo bin content: 0.0754133462906, ttDM_MChi51_MPhi100_pseudo bin error: 0.00807471934649
    ttDM_MChi1_MPhi50_pseudo bin content: 0.70562338829, ttDM_MChi1_MPhi50_pseudo bin error: 0.0511150796459
    ttDM_MChi55_MPhi100_pseudo bin content: 0.042698752135, ttDM_MChi55_MPhi100_pseudo bin error: 0.00374866624474
    ttDM_MChi45_MPhi100_pseudo bin content: 0.570213794708, ttDM_MChi45_MPhi100_pseudo bin error: 0.0704069955979
    ttDM_MChi49_MPhi100_pseudo bin content: 0.65181773901, ttDM_MChi49_MPhi100_pseudo bin error: 0.0755077619383
    ttDM_MChi40_MPhi100_pseudo bin content: 0.601360917091, ttDM_MChi40_MPhi100_pseudo bin error: 0.0723203699019
    ttDM_MChi1_MPhi150_pseudo bin content: 0.46134108305, ttDM_MChi1_MPhi150_pseudo bin error: 0.0522217051396
    ttDM_MChi20_MPhi100_pseudo bin content: 0.569768488407, ttDM_MChi20_MPhi100_pseudo bin error: 0.0693506416828
    ttDM_MChi1_MPhi500_pseudo bin content: 0.0732088088989, ttDM_MChi1_MPhi500_pseudo bin error: 0.00475137969276
    ttDM_MChi1_MPhi400_pseudo bin content: 0.137265145779, ttDM_MChi1_MPhi400_pseudo bin error: 0.00944106692478
    ttDM_MChi1_MPhi100_pseudo bin content: 0.683399140835, ttDM_MChi1_MPhi100_pseudo bin error: 0.0396180100955
    ttDM_MChi30_MPhi100_pseudo bin content: 0.744329988956, ttDM_MChi30_MPhi100_pseudo bin error: 0.0810620894492
    ttDM_MChi1_MPhi250_pseudo bin content: 0.414693951607, ttDM_MChi1_MPhi250_pseudo bin error: 0.0359579635089
    ttDM_MChi1_MPhi200_pseudo bin content: 0.517226815224, ttDM_MChi1_MPhi200_pseudo bin error: 0.0470747426663
    ttDM_MChi1_MPhi450_pseudo bin content: 0.100578173995, ttDM_MChi1_MPhi450_pseudo bin error: 0.00671618325013
    ttDM_MChi1_MPhi300_pseudo bin content: 0.337636768818, ttDM_MChi1_MPhi300_pseudo bin error: 0.0269468165894
    ttDM_MChi1_MPhi350_pseudo bin content: 0.227595880628, ttDM_MChi1_MPhi350_pseudo bin error: 0.0170565243079
    tDM_MChi1_MPhi100_scalar bin content: 0.8057949543, tDM_MChi1_MPhi100_scalar bin error: 0.10193863908
    tttDM_MChi1_MPhi100_scalar bin content: 1.60871434212, tttDM_MChi1_MPhi100_scalar bin error: 0.137106739433
--------------------------
    Bin 8
    ---------
    bkgSum bin content: 55.6336250305, bkgSum bin error: 7.75110661468
    QCD bin content: 0.0, QCD bin error: 0.0
    ZTo2L bin content: 0.182726800442, ZTo2L bin error: 0.0502907850511
    VV bin content: 13.6224460602, VV bin error: 1.17033776301
    singleTop bin content: 1.18681335449, singleTop bin error: 0.48658793724
    WPlusJets bin content: 36.5167312622, WPlusJets bin error: 7.63271581894
    TTV bin content: 0.435875594616, TTV bin error: 0.0377387173952
    TTTo2L2Nu bin content: 3.1614010334, TTTo2L2Nu bin error: 0.364667722129
    TTToSemiLepton bin content: 0.435845851898, TTToSemiLepton bin error: 0.276055787523
    ZTo2Nu bin content: 0.091790869832, ZTo2Nu bin error: 0.0412548175321
    TTbarSL bin content: 4.03312253952, TTbarSL bin error: 0.458926525903
    data_obs bin content: 54.0, data_obs bin error: 7.34846922835
    ttDM_MChi1_MPhi150_scalar bin content: 0.380343168974, ttDM_MChi1_MPhi150_scalar bin error: 0.0698681633137
    ttDM_MChi1_MPhi100_scalar bin content: 0.551977217197, ttDM_MChi1_MPhi100_scalar bin error: 0.0763137561072
    ttDM_MChi45_MPhi100_scalar bin content: 0.37610322237, ttDM_MChi45_MPhi100_scalar bin error: 0.122533272375
    ttDM_MChi49_MPhi100_scalar bin content: 0.37107694149, ttDM_MChi49_MPhi100_scalar bin error: 0.121502684637
    ttDM_MChi40_MPhi100_scalar bin content: 0.60782200098, ttDM_MChi40_MPhi100_scalar bin error: 0.154008512243
    ttDM_MChi1_MPhi400_scalar bin content: 0.107559323311, ttDM_MChi1_MPhi400_scalar bin error: 0.00960668850302
    ttDM_MChi20_MPhi100_scalar bin content: 0.401931643486, ttDM_MChi20_MPhi100_scalar bin error: 0.123158306512
    ttDM_MChi1_MPhi450_scalar bin content: 0.0753676667809, ttDM_MChi1_MPhi450_scalar bin error: 0.00638680389636
    ttDM_MChi1_MPhi350_scalar bin content: 0.165133163333, ttDM_MChi1_MPhi350_scalar bin error: 0.0148356019313
    ttDM_MChi1_MPhi250_scalar bin content: 0.282363593578, ttDM_MChi1_MPhi250_scalar bin error: 0.0301406661499
    ttDM_MChi1_MPhi500_scalar bin content: 0.0503634884953, ttDM_MChi1_MPhi500_scalar bin error: 0.00437955838892
    ttDM_MChi30_MPhi100_scalar bin content: 0.403685331345, ttDM_MChi30_MPhi100_scalar bin error: 0.128715162455
    ttDM_MChi55_MPhi100_scalar bin content: 0.0130852749571, ttDM_MChi55_MPhi100_scalar bin error: 0.00183784649166
    ttDM_MChi1_MPhi50_scalar bin content: 0.393097341061, ttDM_MChi1_MPhi50_scalar bin error: 0.128901537789
    ttDM_MChi1_MPhi300_scalar bin content: 0.18245883286, ttDM_MChi1_MPhi300_scalar bin error: 0.0191363784035
    ttDM_MChi51_MPhi100_scalar bin content: 0.0159084331244, ttDM_MChi51_MPhi100_scalar bin error: 0.00295234495693
    ttDM_MChi1_MPhi200_scalar bin content: 0.360789060593, ttDM_MChi1_MPhi200_scalar bin error: 0.0470721104605
    ttDM_MChi51_MPhi100_pseudo bin content: 0.0504132136703, ttDM_MChi51_MPhi100_pseudo bin error: 0.00660939811873
    ttDM_MChi1_MPhi50_pseudo bin content: 0.427506864071, ttDM_MChi1_MPhi50_pseudo bin error: 0.0391687073701
    ttDM_MChi55_MPhi100_pseudo bin content: 0.0258221682161, ttDM_MChi55_MPhi100_pseudo bin error: 0.00290741638039
    ttDM_MChi45_MPhi100_pseudo bin content: 0.404533743858, ttDM_MChi45_MPhi100_pseudo bin error: 0.0579566203289
    ttDM_MChi49_MPhi100_pseudo bin content: 0.474606215954, ttDM_MChi49_MPhi100_pseudo bin error: 0.0648535360391
    ttDM_MChi40_MPhi100_pseudo bin content: 0.492580443621, ttDM_MChi40_MPhi100_pseudo bin error: 0.0660587979471
    ttDM_MChi1_MPhi150_pseudo bin content: 0.380103260279, ttDM_MChi1_MPhi150_pseudo bin error: 0.0473395751365
    ttDM_MChi20_MPhi100_pseudo bin content: 0.379409253597, ttDM_MChi20_MPhi100_pseudo bin error: 0.0565035669666
    ttDM_MChi1_MPhi500_pseudo bin content: 0.0556876435876, ttDM_MChi1_MPhi500_pseudo bin error: 0.00414721958519
    ttDM_MChi1_MPhi400_pseudo bin content: 0.0915206968784, ttDM_MChi1_MPhi400_pseudo bin error: 0.00784257951685
    ttDM_MChi1_MPhi100_pseudo bin content: 0.3681384027, ttDM_MChi1_MPhi100_pseudo bin error: 0.0291758172553
    ttDM_MChi30_MPhi100_pseudo bin content: 0.465706735849, ttDM_MChi30_MPhi100_pseudo bin error: 0.0652553468495
    ttDM_MChi1_MPhi250_pseudo bin content: 0.261390417814, ttDM_MChi1_MPhi250_pseudo bin error: 0.0281827076111
    ttDM_MChi1_MPhi200_pseudo bin content: 0.369070351124, ttDM_MChi1_MPhi200_pseudo bin error: 0.0401763395197
    ttDM_MChi1_MPhi450_pseudo bin content: 0.072311617434, ttDM_MChi1_MPhi450_pseudo bin error: 0.00570897882521
    ttDM_MChi1_MPhi300_pseudo bin content: 0.237279593945, ttDM_MChi1_MPhi300_pseudo bin error: 0.0226498068525
    ttDM_MChi1_MPhi350_pseudo bin content: 0.177015975118, ttDM_MChi1_MPhi350_pseudo bin error: 0.0151241906515
    tDM_MChi1_MPhi100_scalar bin content: 0.517547369003, tDM_MChi1_MPhi100_scalar bin error: 0.0869683666714
    tttDM_MChi1_MPhi100_scalar bin content: 1.0695245266, tttDM_MChi1_MPhi100_scalar bin error: 0.115703440626
--------------------------
    Bin 9
    ---------
    bkgSum bin content: 136.297271729, bkgSum bin error: 1.85678209952
    QCD bin content: 18.5006065369, QCD bin error: 0.165251028709
    ZTo2L bin content: 1.33980822563, ZTo2L bin error: 0.0284635491648
    VV bin content: 40.2484474182, VV bin error: 1.10722834278
    singleTop bin content: 4.9428229332, singleTop bin error: 0.339297241213
    WPlusJets bin content: 61.8656921387, WPlusJets bin error: 1.40148489361
    TTV bin content: 0.991422235966, TTV bin error: 0.0265937068591
    TTTo2L2Nu bin content: 7.43166255951, TTTo2L2Nu bin error: 0.313844172164
    TTToSemiLepton bin content: 0.655433237553, TTToSemiLepton bin error: 0.112910292479
    ZTo2Nu bin content: 0.321371167898, ZTo2Nu bin error: 0.0482746022858
    TTbarSL bin content: 9.07851791382, TTbarSL bin error: 0.3345954629
    data_obs bin content: 149.0, data_obs bin error: 12.2065556157
    ttDM_MChi1_MPhi150_scalar bin content: 0.914113342762, ttDM_MChi1_MPhi150_scalar bin error: 0.0620033342885
    ttDM_MChi1_MPhi100_scalar bin content: 1.26172935963, ttDM_MChi1_MPhi100_scalar bin error: 0.0665503365304
    ttDM_MChi45_MPhi100_scalar bin content: 1.5127530098, ttDM_MChi45_MPhi100_scalar bin error: 0.149183405287
    ttDM_MChi49_MPhi100_scalar bin content: 0.911848723888, ttDM_MChi49_MPhi100_scalar bin error: 0.103601312062
    ttDM_MChi40_MPhi100_scalar bin content: 1.13939762115, ttDM_MChi40_MPhi100_scalar bin error: 0.0882457511856
    ttDM_MChi1_MPhi400_scalar bin content: 0.333001613617, ttDM_MChi1_MPhi400_scalar bin error: 0.00832263406779
    ttDM_MChi20_MPhi100_scalar bin content: 1.22217440605, ttDM_MChi20_MPhi100_scalar bin error: 0.168248832713
    ttDM_MChi1_MPhi450_scalar bin content: 0.235484912992, ttDM_MChi1_MPhi450_scalar bin error: 0.00529571580169
    ttDM_MChi1_MPhi350_scalar bin content: 0.520111680031, ttDM_MChi1_MPhi350_scalar bin error: 0.0126994039945
    ttDM_MChi1_MPhi250_scalar bin content: 0.629198729992, ttDM_MChi1_MPhi250_scalar bin error: 0.0213246972086
    ttDM_MChi1_MPhi500_scalar bin content: 0.185978680849, ttDM_MChi1_MPhi500_scalar bin error: 0.0041231608282
    ttDM_MChi30_MPhi100_scalar bin content: 1.25084042549, ttDM_MChi30_MPhi100_scalar bin error: 0.101627261799
    ttDM_MChi55_MPhi100_scalar bin content: 0.031039532274, ttDM_MChi55_MPhi100_scalar bin error: 0.0014069228919
    ttDM_MChi1_MPhi50_scalar bin content: 1.3302052021, ttDM_MChi1_MPhi50_scalar bin error: 0.14746797066
    ttDM_MChi1_MPhi300_scalar bin content: 0.621356070042, ttDM_MChi1_MPhi300_scalar bin error: 0.0178876844998
    ttDM_MChi51_MPhi100_scalar bin content: 0.0466088838875, ttDM_MChi51_MPhi100_scalar bin error: 0.00253742593534
    ttDM_MChi1_MPhi200_scalar bin content: 0.842302381992, ttDM_MChi1_MPhi200_scalar bin error: 0.040021038947
    ttDM_MChi51_MPhi100_pseudo bin content: 0.110907331109, ttDM_MChi51_MPhi100_pseudo bin error: 0.00572160331568
    ttDM_MChi1_MPhi50_pseudo bin content: 1.24635696411, ttDM_MChi1_MPhi50_pseudo bin error: 0.0356397306965
    ttDM_MChi55_MPhi100_pseudo bin content: 0.0537031330168, ttDM_MChi55_MPhi100_pseudo bin error: 0.00230079910688
    ttDM_MChi45_MPhi100_pseudo bin content: 0.98189496994, ttDM_MChi45_MPhi100_pseudo bin error: 0.0482252448122
    ttDM_MChi49_MPhi100_pseudo bin content: 0.982209444046, ttDM_MChi49_MPhi100_pseudo bin error: 0.0485680555843
    ttDM_MChi40_MPhi100_pseudo bin content: 0.953400492668, ttDM_MChi40_MPhi100_pseudo bin error: 0.0483089456599
    ttDM_MChi1_MPhi150_pseudo bin content: 0.872176408768, ttDM_MChi1_MPhi150_pseudo bin error: 0.0438344944315
    ttDM_MChi20_MPhi100_pseudo bin content: 1.04258799553, ttDM_MChi20_MPhi100_pseudo bin error: 0.0489581129204
    ttDM_MChi1_MPhi500_pseudo bin content: 0.153832033277, ttDM_MChi1_MPhi500_pseudo bin error: 0.00348935610424
    ttDM_MChi1_MPhi400_pseudo bin content: 0.264529913664, ttDM_MChi1_MPhi400_pseudo bin error: 0.00705324864058
    ttDM_MChi1_MPhi100_pseudo bin content: 1.01189029217, ttDM_MChi1_MPhi100_pseudo bin error: 0.0256442373151
    ttDM_MChi30_MPhi100_pseudo bin content: 1.12073671818, ttDM_MChi30_MPhi100_pseudo bin error: 0.0562569463402
    ttDM_MChi1_MPhi250_pseudo bin content: 0.80253970623, ttDM_MChi1_MPhi250_pseudo bin error: 0.0263003489012
    ttDM_MChi1_MPhi200_pseudo bin content: 0.906594753265, ttDM_MChi1_MPhi200_pseudo bin error: 0.0347537138273
    ttDM_MChi1_MPhi450_pseudo bin content: 0.191758409142, ttDM_MChi1_MPhi450_pseudo bin error: 0.00448944523809
    ttDM_MChi1_MPhi300_pseudo bin content: 0.590990424156, ttDM_MChi1_MPhi300_pseudo bin error: 0.0192793502103
    ttDM_MChi1_MPhi350_pseudo bin content: 0.496687948704, ttDM_MChi1_MPhi350_pseudo bin error: 0.012353953532
    tDM_MChi1_MPhi100_scalar bin content: 1.48974132538, tDM_MChi1_MPhi100_scalar bin error: 0.0733422970557
    tttDM_MChi1_MPhi100_scalar bin content: 2.7514705658, tttDM_MChi1_MPhi100_scalar bin error: 0.0990355483133
Finished creating binned histogram root files...
Plotting end time: 2021-07-08 18:40:36.498853
