plots/plot.py:886: SyntaxWarning: name 'counter' is used prior to global declaration
  global counter
Plotting start time: 2022-03-03 17:03:07.394472
Cut name =  AH
MC Selection Cuts =  (nVetoElectrons + nLooseMuons) == 0 && njets >= 3 && nbjets >= 1 && METcorrected_pt >= 250 && ntaus == 0 && Flag_goodVertices && Flag_globalSuperTightHalo2016Filter && Flag_HBHENoiseFilter && Flag_HBHENoiseIsoFilter && Flag_EcalDeadCellTriggerPrimitiveFilter && Flag_BadPFMuonFilter && (HLT_PFMETNoMu120_PFMHTNoMu120_IDTight) && PV_npvsGood > 0 && PV_ndof > 4 && abs(PV_z) < 24 && sqrt(pow(PV_x,2)+pow(PV_y,2)) < 2
Data Selection Cuts =  (nVetoElectrons + nLooseMuons) == 0 && njets >= 3 && nbjets >= 1 && METcorrected_pt >= 250 && ntaus == 0 && Flag_goodVertices && Flag_globalSuperTightHalo2016Filter && Flag_HBHENoiseFilter && Flag_HBHENoiseIsoFilter && Flag_EcalDeadCellTriggerPrimitiveFilter && Flag_BadPFMuonFilter && (HLT_PFMETNoMu120_PFMHTNoMu120_IDTight) && PV_npvsGood > 0 && PV_ndof > 4 && abs(PV_z) < 24 && sqrt(pow(PV_x,2)+pow(PV_y,2)) < 2 && Flag_eeBadScFilter
var =  njets
year =  2016
lumi =  35.92
saveDirectory =  plots/systematics/CMS_scale_j/
date =  03_02_2022
applying HEM fix for 2018...
Creating histograms..
Histogram options: 
    nbins =  12
    xmin =  0
    xmax =  12
    auto_y =  True
    doLogPlot =  False
    drawData =  False
    mediatorType =  scalar
    mchi =  1
    mphi =  100
    normalizePlots =  False
    useCentralSamples =  True
    doBinned =  False
    savePlots =  True
    combineEleMu =  True
    doSys =  False
    doSysFirstHalf =  False
    doSysSecondHalf =  False
    drawOverflow =  True
    drawUnderflow =  False
    plotSys =  True
    plotSysSignal =  False
Adding background up/down variation histograms...
    QCD_sysUp histogram made
    QCD_sysDown histogram made
    ZTo2L_sysUp histogram made
    ZTo2L_sysDown histogram made
    VV_sysUp histogram made
    VV_sysDown histogram made
    singleTop_sysUp histogram made
    singleTop_sysDown histogram made
    WPlusJets_sysUp histogram made
    WPlusJets_sysDown histogram made
    TTV_sysUp histogram made
    TTV_sysDown histogram made
    TTTo2L2Nu_sysUp histogram made
    TTTo2L2Nu_sysDown histogram made
    TTToSemiLepton_sysUp histogram made
    TTToSemiLepton_sysDown histogram made
    ZTo2Nu_sysUp histogram made
    ZTo2Nu_sysDown histogram made
    bkgSum_sysUp histogram made
    bkgSum_sysDown histogram made
    ttbar scalar_sysUp histogram made
    ttbar scalar_sysDown histogram made
    tbar scalar_sysUp histogram made
    tbar scalar_sysDown histogram made
Loading data sample root files and event trees...
Got data sample root files and event trees
Loading MC sample root files and event trees...
    nevents in  ZTo2Nu   HT600To800 :  5693589
    nevents in  ZTo2Nu   HT1200To2500 :  513471
    nevents in  ZTo2Nu   HT100To200 :  24272858
    nevents in  ZTo2Nu   HT2500ToInf :  405030
    nevents in  ZTo2Nu   HT800To1200 :  2170137
    nevents in  ZTo2Nu   HT200To400 :  24761211
    nevents in  ZTo2Nu   HT400To600 :  9862869
    nevents in  tbar scalar   tWChan_Mchi1Mphi100 :  200000
    nevents in  tbar scalar   tChan_Mchi1Mphi100 :  500000
    nevents in  WW   WWTo1L1Nu2Q :  5246469
    nevents in  WW   WWTo4Q :  30324343
    nevents in  WW   WWTo2L2Nu :  1999000
    nevents in  ttbarPlusJets   TTToSemiLepton :  152669800
    nevents in  ttbarPlusJets   TTTo2L2Nu :  79140880
    nevents in  ttbar scalar   ttDM_MChi1_MPhi100_scalar :  2625075
    nevents in  ZZ   ZZTo2Q2Nu :  30493038
    nevents in  ZZ   ZZTo4L :  103121112
    nevents in  ZZ   ZZTo2L2Q :  15462693
    nevents in  ZZ   ZZTo2L2Nu :  52855410
    nevents in  ZZ   ZZTo4Q :  30636849
    nevents in  QCD   HT700To1000 :  37233786
    nevents in  QCD   HT500To700 :  62622029
    nevents in  QCD   HT2000ToInf :  5804179
    nevents in  QCD   HT1000To1500 :  15210939
    nevents in  QCD   HT1500To2000 :  11839357
    nevents in  QCD   HT100To200 :  82293477
    nevents in  QCD   HT300To500 :  54552852
    nevents in  QCD   HT200To300 :  57580393
    nevents in  WZ   WZTo2Q2Nu :  17725159
    nevents in  WZ   WZTo2L2Q :  26445785
    nevents in  WZ   WZTo3LNu :  19993200
    nevents iInfo in <TCanvas::MakeDefCanvas>:  created default TCanvas with name c1
TFile::Append:0: RuntimeWarning: Replacing existing TH1: hist (Potential memory leak).
TFile::Append:0: RuntimeWarning: Replacing existing TH1: hist (Potential memory leak).
TFile::Append:0: RuntimeWarning: Replacing existing TH1: hist (Potential memory leak).
TFile::Append:0: RuntimeWarning: Replacing existing TH1: hist (Potential memory leak).
TFile::Append:0: RuntimeWarning: Replacing existing TH1: hist (Potential memory leak).
TFile::Append:0: RuntimeWarning: Replacing existing TH1: hist (Potential memory leak).
TFile::Append:0: RuntimeWarning: Replacing existing TH1: hist (Potential memory leak).
TFile::Append:0: RuntimeWarning: Replacing existing TH1: hist (Potential memory leak).
TFile::Append:0: RuntimeWarning: Replacing existing TH1: hist (Potential memory leak).
TFile::Append:0: RuntimeWarning: Replacing existing TH1: hist (Potential memory leak).
n  WZ   WZTo1L3Nu :  1703772
    nevents in  WZ   WZTo1L1Nu2Q :  24311445
    nevents in  TTV   TTZToQQ :  749400
    nevents in  TTV   TTWJetsToLNu :  5280565
    nevents in  TTV   TTWJetsToQQ :  833298
    nevents in  TTV   TTZToLLNuNu :  13692628
    nevents in  ZTo2L   HT600To800 :  8292957
    nevents in  ZTo2L   HT1200To2500 :  596079
    nevents in  ZTo2L   HT100To200 :  11017086
    nevents in  ZTo2L   HT2500ToInf :  399492
    nevents in  ZTo2L   HT800To1200 :  2673066
    nevents in  ZTo2L   HT200To400 :  9609137
    nevents in  ZTo2L   HT400To600 :  9725661
    nevents in  singleTop   ST_s-channel :  1000000
    nevents in  singleTop   ST_t-channel_antitop :  38811017
    nevents in  singleTop   ST_tW_top :  6952830
    nevents in  singleTop   ST_t-channel_top :  58403420
    nevents in  singleTop   ST_tW_antitop :  6933094
    nevents in  WPlusJets   HT200To400 :  38984322
    nevents in  WPlusJets   HT70To100 :  10020533
    nevents in  WPlusJets   HT600To800 :  18687480
    nevents in  WPlusJets   HT1200To2500 :  6872441
    nevents in  WPlusJets   HT100To200 :  78043017
    nevents in  WPlusJets   HT400To600 :  7687800
    nevents in  WPlusJets   HT2500ToInf :  2637821
    nevents in  WPlusJets   HT800To1200 :  7830536
Got MC sample root files and event trees
Filling data histograms...
Filling MC histograms...
  Process =  ZTo2Nu
      Dataset =  HT600To800  ||   nEvents =  5693589
Applied ZTo2Nu qcd/ewk Weights correctly
          hist nEntries =  122114.0
          hist integral =  2411.5405913
          Adding up/down varations for systematic given by plotSysVar to MC background histograms...
      Dataset =  HT1200To2500  ||   nEvents =  513471
Applied ZTo2Nu qcd/ewk Weights correctly
          hist nEntries =  25056.0
          hist integral =  620.665734679
          Adding up/down varations for systematic given by plotSysVar to MC background histograms...
      Dataset =  HT100To200  ||   nEvents =  24272858
Applied ZTo2Nu qcd/ewk Weights correctly
          hist nEntries =  54.0
          hist integral =  24.9622888565
          Adding up/down varations for systematic given by plotSysVar to MC background histograms...
      Dataset =  HT2500ToInf  ||   nEvents =  405030
Applied ZTo2Nu qcd/ewk Weights correctly
          hist nEntries =  17481.0
          hist integral =  14.731092887
          Adding up/down varations for systematic given by plotSysVar to MC background histograms...
      Dataset =  HT800To1200  ||   nEvents =  2170137
Applied ZTo2Nu qcd/ewk Weights correctly
          hist nEntries =  72434.0
          hist integral =  1711.99696646
          Adding up/down varations for systematic given by plotSysVar to MC background histograms...
      Dataset =  HT200To400  ||   nEvents =  24761211
Applied ZTo2Nu qcd/ewk Weights correctly
          hist nEntries =  25127.0
          hist integral =  3677.13681027
          Adding up/down varations for systematic given by plotSysVar to MC background histograms...
      Dataset =  HT400To600  ||   nEvents =  9862869
Applied ZTo2Nu qcd/ewk Weights correctly
          hist nEntries =  101093.0
          hist integral =  4969.21291872
          Adding up/down varations for systematic given by plotSysVar to MC background histograms...
  Process =  tbar scalar
      Dataset =  tWChan_Mchi1Mphi100  ||   nEvents =  200000
          hist nEntries =  15778.0
          hist integral =  145.134698065
          Adding up/down varations for systematic given by plotSysVar to MC background histograms...
      Dataset =  tChan_Mchi1Mphi100  ||   nEvents =  500000
          hist nEntries =  19161.0
          hist integral =  364.433590783
          Adding up/down varations for systematic given by plotSysVar to MC background histograms...
  Process =  WW
      Dataset =  WWTo1L1Nu2Q  ||   nEvents =  5246469
          hist nEntries =  1349.0
          hist integral =  449.459027618
          Adding up/down varations for systematic given by plotSysVar to MC background histograms...
      Dataset =  WWTo4Q  ||   nEvents =  30324343
          hist nEntries =  75.0
   TFile::Append:0: RuntimeWarning: Replacing existing TH1: hist (Potential memory leak).
TFile::Append:0: RuntimeWarning: Replacing existing TH1: hist (Potential memory leak).
TFile::Append:0: RuntimeWarning: Replacing existing TH1: hist (Potential memory leak).
TFile::Append:0: RuntimeWarning: Replacing existing TH1: hist (Potential memory leak).
TFile::Append:0: RuntimeWarning: Replacing existing TH1: hist (Potential memory leak).
TFile::Append:0: RuntimeWarning: Replacing existing TH1: hist (Potential memory leak).
TFile::Append:0: RuntimeWarning: Replacing existing TH1: hist (Potential memory leak).
TFile::Append:0: RuntimeWarning: Replacing existing TH1: hist (Potential memory leak).
TFile::Append:0: RuntimeWarning: Replacing existing TH1: hist (Potential memory leak).
TFile::Append:0: RuntimeWarning: Replacing existing TH1: hist (Potential memory leak).
       hist integral =  4.30682907999
          Adding up/down varations for systematic given by plotSysVar to MC background histograms...
      Dataset =  WWTo2L2Nu  ||   nEvents =  1999000
          hist nEntries =  146.0
          hist integral =  31.7142752558
          Adding up/down varations for systematic given by plotSysVar to MC background histograms...
  Process =  ttbarPlusJets
      Dataset =  TTToSemiLepton  ||   nEvents =  152669800
          hist nEntries =  425047.0
          hist integral =  34972.8882532
          Adding up/down varations for systematic given by plotSysVar to MC background histograms...
      Dataset =  TTTo2L2Nu  ||   nEvents =  79140880
          hist nEntries =  87573.0
          hist integral =  3312.26717514
          Adding up/down varations for systematic given by plotSysVar to MC background histograms...
  Process =  ttbar scalar
      Dataset =  ttDM_MChi1_MPhi100_scalar  ||   nEvents =  2625075
          hist nEntries =  91793.0
          hist integral =  872.901978493
          Adding up/down varations for systematic given by plotSysVar to MC background histograms...
  Process =  ZZ
      Dataset =  ZZTo2Q2Nu  ||   nEvents =  30493038
          hist nEntries =  81783.0
          hist integral =  378.817669005
          Adding up/down varations for systematic given by plotSysVar to MC background histograms...
      Dataset =  ZZTo4L  ||   nEvents =  103121112
          hist nEntries =  245.0
          hist integral =  0.111490738578
          Adding up/down varations for systematic given by plotSysVar to MC background histograms...
      Dataset =  ZZTo2L2Q  ||   nEvents =  15462693
          hist nEntries =  1072.0
          hist integral =  8.24139716849
          Adding up/down varations for systematic given by plotSysVar to MC background histograms...
      Dataset =  ZZTo2L2Nu  ||   nEvents =  52855410
          hist nEntries =  5249.0
          hist integral =  2.04821003648
          Adding up/down varations for systematic given by plotSysVar to MC background histograms...
      Dataset =  ZZTo4Q  ||   nEvents =  30636849
          hist nEntries =  423.0
          hist integral =  3.23400155874
          Adding up/down varations for systematic given by plotSysVar to MC background histograms...
  Process =  QCD
      Dataset =  HT700To1000  ||   nEvents =  37233786
          hist nEntries =  1308.0
          hist integral =  8127.21523666
          Adding up/down varations for systematic given by plotSysVar to MC background histograms...
DEBUG OUTPUT HERE: 
cut =  6.5899696582*leptonWeight*bjetWeight*puWeight*muonTriggerWeight*EE_L1_prefire_Weight*electronTriggerWeight*((nVetoElectrons + nLooseMuons) == 0 && njets >= 3 && nbjets >= 1 && METcorrected_pt >= 250 && ntaus == 0 && Flag_goodVertices && Flag_globalSuperTightHalo2016Filter && Flag_HBHENoiseFilter && Flag_HBHENoiseIsoFilter && Flag_EcalDeadCellTriggerPrimitiveFilter && Flag_BadPFMuonFilter && (HLT_PFMETNoMu120_PFMHTNoMu120_IDTight) && PV_npvsGood > 0 && PV_ndof > 4 && abs(PV_z) < 24 && sqrt(pow(PV_x,2)+pow(PV_y,2)) < 2)
cutUp =  6.5899696582*leptonWeight*bjetWeight*puWeight*muonTriggerWeight*EE_L1_prefire_Weight*electronTriggerWeight*((nVetoElectrons + nLooseMuons) == 0 && njetsScaleUp >= 3 && nbjetsScaleUp >= 1 && METcorrected_ptScaleUp >= 250 && ntaus == 0 && Flag_goodVertices && Flag_globalSuperTightHalo2016Filter && Flag_HBHENoiseFilter && Flag_HBHENoiseIsoFilter && Flag_EcalDeadCellTriggerPrimitiveFilter && Flag_BadPFMuonFilter && (HLT_PFMETNoMu120_PFMHTNoMu120_IDTight) && PV_npvsGood > 0 && PV_ndof > 4 && abs(PV_z) < 24 && sqrt(pow(PV_x,2)+pow(PV_y,2)) < 2)
cutDown =  6.5899696582*leptonWeight*bjetWeight*puWeight*muonTriggerWeight*EE_L1_prefire_Weight*electronTriggerWeight*((nVetoElectrons + nLooseMuons) == 0 && njetsScaleDown >= 3 && nbjetsScaleDown >= 1 && METcorrected_ptScaleDown >= 250 && ntaus == 0 && Flag_goodVertices && Flag_globalSuperTightHalo2016Filter && Flag_HBHENoiseFilter && Flag_HBHENoiseIsoFilter && Flag_EcalDeadCellTriggerPrimitiveFilter && Flag_BadPFMuonFilter && (HLT_PFMETNoMu120_PFMHTNoTFile::Append:0: RuntimeWarning: Replacing existing TH1: hist (Potential memory leak).
TFile::Append:0: RuntimeWarning: Replacing existing TH1: hist (Potential memory leak).
TFile::Append:0: RuntimeWarning: Replacing existing TH1: hist (Potential memory leak).
TFile::Append:0: RuntimeWarning: Replacing existing TH1: hist (Potential memory leak).
TFile::Append:0: RuntimeWarning: Replacing existing TH1: hist (Potential memory leak).
TFile::Append:0: RuntimeWarning: Replacing existing TH1: hist (Potential memory leak).
TFile::Append:0: RuntimeWarning: Replacing existing TH1: hist (Potential memory leak).
TFile::Append:0: RuntimeWarning: Replacing existing TH1: hist (Potential memory leak).
TFile::Append:0: RuntimeWarning: Replacing existing TH1: hist (Potential memory leak).
TFile::Append:0: RuntimeWarning: Replacing existing TH1: hist (Potential memory leak).
TFile::Append:0: RuntimeWarning: Replacing existing TH1: hist (Potential memory leak).
TFile::Append:0: RuntimeWarning: Replacing existing TH1: hist (Potential memory leak).
TFile::Append:0: RuntimeWarning: Replacing existing TH1: hist (Potential memory leak).
TFile::Append:0: RuntimeWarning: Replacing existing TH1: hist (Potential memory leak).
TFile::Append:0: RuntimeWarning: Replacing existing TH1: hist (Potential memory leak).
TFile::Append:0: RuntimeWarning: Replacing existing TH1: hist (Potential memory leak).
TFile::Append:0: RuntimeWarning: Replacing existing TH1: hist (Potential memory leak).
Mu120_IDTight) && PV_npvsGood > 0 && PV_ndof > 4 && abs(PV_z) < 24 && sqrt(pow(PV_x,2)+pow(PV_y,2)) < 2)
var =  njets
varUp =  njetsScaleUp
varDown =  njetsScaleDown
      Dataset =  HT500To700  ||   nEvents =  62622029
          hist nEntries =  83.0
          hist integral =  1393.60227966
          Adding up/down varations for systematic given by plotSysVar to MC background histograms...
      Dataset =  HT2000ToInf  ||   nEvents =  5804179
          hist nEntries =  19855.0
          hist integral =  3248.87749624
          Adding up/down varations for systematic given by plotSysVar to MC background histograms...
      Dataset =  HT1000To1500  ||   nEvents =  15210939
          hist nEntries =  5717.0
          hist integral =  15669.1921544
          Adding up/down varations for systematic given by plotSysVar to MC background histograms...
      Dataset =  HT1500To2000  ||   nEvents =  11839357
          hist nEntries =  19044.0
          hist integral =  6771.17455742
          Adding up/down varations for systematic given by plotSysVar to MC background histograms...
      Dataset =  HT100To200  ||   nEvents =  82293477
          hist nEntries =  0.0
          hist integral =  0.0
          Adding up/down varations for systematic given by plotSysVar to MC background histograms...
      Dataset =  HT300To500  ||   nEvents =  54552852
          hist nEntries =  0.0
          hist integral =  0.0
          Adding up/down varations for systematic given by plotSysVar to MC background histograms...
      Dataset =  HT200To300  ||   nEvents =  57580393
          hist nEntries =  1.0
          hist integral =  0.800851106644
          Adding up/down varations for systematic given by plotSysVar to MC background histograms...
  Process =  WZ
      Dataset =  WZTo2Q2Nu  ||   nEvents =  17725159
          hist nEntries =  38859.0
          hist integral =  497.49696319
          Adding up/down varations for systematic given by plotSysVar to MC background histograms...
      Dataset =  WZTo2L2Q  ||   nEvents =  26445785
          hist nEntries =  2146.0
          hist integral =  17.1760554221
          Adding up/down varations for systematic given by plotSysVar to MC background histograms...
      Dataset =  WZTo3LNu  ||   nEvents =  19993200
          hist nEntries =  695.0
          hist integral =  5.5086062029
          Adding up/down varations for systematic given by plotSysVar to MC background histograms...
      Dataset =  WZTo1L3Nu  ||   nEvents =  1703772
          hist nEntries =  890.0
          hist integral =  55.9069192
          Adding up/down varations for systematic given by plotSysVar to MC background histograms...
      Dataset =  WZTo1L1Nu2Q  ||   nEvents =  24311445
          hist nEntries =  19855.0
          hist integral =  305.242096972
          Adding up/down varations for systematic given by plotSysVar to MC background histograms...
  Process =  TTV
      Dataset =  TTZToQQ  ||   nEvents =  749400
          hist nEntries =  4408.0
          hist integral =  108.349353105
          Adding up/down varations for systematic given by plotSysVar to MC background histograms...
      Dataset =  TTWJetsToLNu  ||   nEvents =  5280565
          hist nEntries =  53661.0
          hist integral =  72.0407795608
          Adding up/down varations for systematic given by plotSysVar to MC background histograms...
      Dataset =  TTWJetsToQQ  ||   nEvents =  833298
          hist nEntries =  5971.0
          hist integral =  100.835972667
          Adding up/down varations for systematic given by plotSysVar to MC background histograms...
      Dataset =  TTZToLLNuNu  ||   nEvents =  13692628
          hist nEntries =  583688.0
          hist integral =  371.861675858
          Adding up/down varations for systematic given by plotSysVar to MC background histograms...
  Process =  ZTo2L
      Dataset =  HT600To800  ||   nEvents =  8292957
Applied ZTo2L qcd/ewk Weights correctly
          hist nEntries =  12429.0
          hist integral =  86.5355365602
          Adding up/down varations for systematic given by plotSyTFile::Append:0: RuntimeWarning: Replacing existing TH1: hist (Potential memory leak).
TFile::Append:0: RuntimeWarning: Replacing existing TH1: hist (Potential memory leak).
TFile::Append:0: RuntimeWarning: Replacing existing TH1: hist (Potential memory leak).
TFile::Append:0: RuntimeWarning: Replacing existing TH1: hist (Potential memory leak).
TFile::Append:0: RuntimeWarning: Replacing existing TH1: hist (Potential memory leak).
TFile::Append:0: RuntimeWarning: Replacing existing TH1: hist (Potential memory leak).
TFile::Append:0: RuntimeWarning: Replacing existing TH1: hist (Potential memory leak).
TFile::Append:0: RuntimeWarning: Replacing existing TH1: hist (Potential memory leak).
TFile::Append:0: RuntimeWarning: Replacing existing TH1: hist (Potential memory leak).
TFile::Append:0: RuntimeWarning: Replacing existing TH1: hist (Potential memory leak).
TFile::Append:0: RuntimeWarning: Replacing existing TH1: hist (Potential memory leak).
TFile::Append:0: RuntimeWarning: Replacing existing TH1: hist (Potential memory leak).
TFile::Append:0: RuntimeWarning: Replacing existing TH1: hist (Potential memory leak).
TFile::Append:0: RuntimeWarning: Replacing existing TH1: hist (Potential memory leak).
TFile::Append:0: RuntimeWarning: Replacing existing TH1: hist (Potential memory leak).
TFile::Append:0: RuntimeWarning: Replacing existing TH1: hist (Potential memory leak).
sVar to MC background histograms...
      Dataset =  HT1200To2500  ||   nEvents =  596079
Applied ZTo2L qcd/ewk Weights correctly
          hist nEntries =  3161.0
          hist integral =  33.0216166172
          Adding up/down varations for systematic given by plotSysVar to MC background histograms...
      Dataset =  HT100To200  ||   nEvents =  11017086
Applied ZTo2L qcd/ewk Weights correctly
          hist nEntries =  2.0
          hist integral =  0.354203402996
          Adding up/down varations for systematic given by plotSysVar to MC background histograms...
      Dataset =  HT2500ToInf  ||   nEvents =  399492
Applied ZTo2L qcd/ewk Weights correctly
          hist nEntries =  2583.0
          hist integral =  1.06851736968
          Adding up/down varations for systematic given by plotSysVar to MC background histograms...
      Dataset =  HT800To1200  ||   nEvents =  2673066
Applied ZTo2L qcd/ewk Weights correctly
          hist nEntries =  8404.0
          hist integral =  80.361525177
          Adding up/down varations for systematic given by plotSysVar to MC background histograms...
      Dataset =  HT200To400  ||   nEvents =  9609137
Applied ZTo2L qcd/ewk Weights correctly
          hist nEntries =  185.0
          hist integral =  34.9115485847
          Adding up/down varations for systematic given by plotSysVar to MC background histograms...
      Dataset =  HT400To600  ||   nEvents =  9725661
Applied ZTo2L qcd/ewk Weights correctly
          hist nEntries =  3959.0
          hist integral =  101.12953488
          Adding up/down varations for systematic given by plotSysVar to MC background histograms...
  Process =  singleTop
      Dataset =  ST_s-channel  ||   nEvents =  1000000
          hist nEntries =  1148.0
          hist integral =  137.411272764
          Adding up/down varations for systematic given by plotSysVar to MC background histograms...
      Dataset =  ST_t-channel_antitop  ||   nEvents =  38811017
          hist nEntries =  5101.0
          hist integral =  364.014151543
          Adding up/down varations for systematic given by plotSysVar to MC background histograms...
      Dataset =  ST_tW_top  ||   nEvents =  6952830
          hist nEntries =  7821.0
          hist integral =  1394.39170304
          Adding up/down varations for systematic given by plotSysVar to MC background histograms...
      Dataset =  ST_t-channel_top  ||   nEvents =  58403420
          hist nEntries =  10715.0
          hist integral =  846.385870844
          Adding up/down varations for systematic given by plotSysVar to MC background histograms...
      Dataset =  ST_tW_antitop  ||   nEvents =  6933094
          hist nEntries =  7665.0
          hist integral =  1380.32013041
          Adding up/down varations for systematic given by plotSysVar to MC background histograms...
  Process =  WPlusJets
      Dataset =  HT200To400  ||   nEvents =  38984322
Applied WPlusJets qcd/ewk Weights correctly
          hist nEntries =  5940.0
          hist integral =  2369.95264015
          Adding up/down varations for systematic given by plotSysVar to MC background histograms...
      Dataset =  HT70To100  ||   nEvents =  10020533
Applied WPlusJets qcd/ewk Weights correctly
          hist nEntries =  1.0
          hist integral =  8.03520584106
          Adding up/down varations for systematic given by plotSysVar to MC background histograms...
      Dataset =  HT600To800  ||   nEvents =  18687480
Applied WPlusJets qcd/ewk Weights correctly
          hist nEntries =  76921.0
          hist integral =  1950.58925067
          Adding up/down varations for systematic given by plotSysVar to MC background histograms...
      Dataset =  HT1200To2500  ||   nEvents =  6872441
Applied WPlusJets qcd/ewk Weights correctly
          hist nEntries =  83699.0
          hist integral =  639.949351072
          Adding up/down varations for systematic given by plotSysVar to MC background histograms...
      Dataset =  HT100To200  ||   nEvents =  78043017
Applied WPlusJets qcd/ewk Weights correctly
          hist nEntries =  35.0
         TFile::Append:0: RuntimeWarning: Replacing existing TH1: hist (Potential memory leak).
TFile::Append:0: RuntimeWarning: Replacing existing TH1: hist (Potential memory leak).
TFile::Append:0: RuntimeWarning: Replacing existing TH1: hist (Potential memory leak).
 hist integral =  24.5872416496
          Adding up/down varations for systematic given by plotSysVar to MC background histograms...
      Dataset =  HT400To600  ||   nEvents =  7687800
Applied WPlusJets qcd/ewk Weights correctly
          hist nEntries =  13803.0
          hist integral =  3600.70181656
          Adding up/down varations for systematic given by plotSysVar to MC background histograms...
      Dataset =  HT2500ToInf  ||   nEvents =  2637821
Applied WPlusJets qcd/ewk Weights correctly
          hist nEntries =  34578.0
          hist integral =  18.4417110458
          Adding up/down varations for systematic given by plotSysVar to MC background histograms...
      Dataset =  HT800To1200  ||   nEvents =  7830536
Applied WPlusJets qcd/ewk Weights correctly
          hist nEntries =  55675.0
          hist integral =  1521.00881103
          Adding up/down varations for systematic given by plotSysVar to MC background histograms...
-----------------------------
Total data background nEvents =  0.0
Total data background integral =  0.0
-----------------------------
Total MC background nEvents =  2056327.0
Total MC background integral =  103931.787863
-----------------------------
Total tt+DM signal nEvents =  91793.0
Total tt+DM signal integral =  872.901978493
-----------------------------
Total t+DM signal nEvents =  34939.0
Total t+DM signal integral =  509.568302246
-----------------------------
FOM for tt+DM signal =  2.70764222849
FOM for t+DM signal =  1.58062266721
-----------------------------
Data bin errors:
    bin 0: 0.0
    bin 1: 0.0
    bin 2: 0.0
    bin 3: 0.0
    bin 4: 0.0
    bin 5: 0.0
    bin 6: 0.0
    bin 7: 0.0
    bin 8: 0.0
    bin 9: 0.0
    bin 10: 0.0
    bin 11: 0.0
    bin 12: 0.0
-----------------------------
MC background bin errors:
    bin 0: 0.0
    bin 1: 0.0
    bin 2: 0.0
    bin 3: 0.0
    bin 4: 233.694987514
    bin 5: 216.062528603
    bin 6: 152.761809394
    bin 7: 104.730135272
    bin 8: 61.4045909208
    bin 9: 33.237084121
    bin 10: 16.372959317
    bin 11: 9.03527879881
    bin 12: 3.79886164161
-----------------------------
tt+DM bin errors:
    bin 0: 0.0
    bin 1: 0.0
    bin 2: 0.0
    bin 3: 0.0
    bin 4: 1.02595857445
    bin 5: 1.44753509975
    bin 6: 1.55979541211
    bin 7: 1.34290483574
    bin 8: 0.998724457107
    bin 9: 0.640160827831
    bin 10: 0.378245517493
    bin 11: 0.213903435847
    bin 12: 0.114619490479
-----------------------------
t+DM bin errors:
    bin 0: 0.0
    bin 1: 0.0
    bin 2: 0.0
    bin 3: 0.0
    bin 4: 1.73311256372
    bin 5: 1.67596285615
    bin 6: 1.33705143054
    bin 7: 0.917487282105
    bin 8: 0.561335475056
    bin 9: 0.307903484745
    bin 10: 0.173037192558
    bin 11: 0.0793821838274
    bin 12: 0.0310671747915
-----------------------------
ZTo2Nu hist info:
    nEvents =  363359.0
    integral =  13430.2466625
ZTo2Nu histUp info:
    nEvents =  371729.0
    integral =  13929.2585535
ZTo2Nu histDown info:
    nEvents =  349982.0
    integral =  12702.036256
tbar scalar hist info:
    nEvents =  34939.0
    integral =  509.568302246
tbar scalar histUp info:
    nEvents =  35668.0
    integral =  520.669897148
tbar scalar histDown info:
    nEvents =  33705.0
    integral =  490.466832059
TTTo2L2Nu hist info:
    nEvents =  87573.0
    integral =  3312.26717514
TTTo2L2Nu histUp info:
    nEvents =  91094.0
    integral =  3444.26071948
TTTo2L2Nu histDown info:
    nEvents =  83132.0
    integral =  3148.41268826
singleTop hist info:
    nEvents =  32450.0
    integral =  4122.52320915
singleTop histUp info:
    nEvents =  33907.0
    integral =  4298.1220485
singleTop histDown info:
    nEvents =  30737.0
    integral =  3920.10905051
TTV hist info:
    nEvents =  647728.0
    integral =  653.087799072
TTV histUp info:
    nEvents =  665049.0
    integral =  671.774702787
TTV histDown info:
    nEvents =  626568.0
    integral =  630.986846685
bkgSum hist info:
    nEvents =  2056327.0
    integral =  103931.787863
bkgSum histUp info:
    nEvents =  2118731.0
    integral =  108803.734833
bkgSum histDown Info in <TCanvas::Print>: png file plots/systematics/CMS_scale_j/03_02_2022/AH2016_njets_CMS_scale_j_03_02_2022_nominDeltaPhicut.png has been created
info:
    nEvents =  1973888.0
    integral =  98096.0587025
ttbar scalar hist info:
    nEvents =  91793.0
    integral =  872.901978493
ttbar scalar histUp info:
    nEvents =  94511.0
    integral =  898.454260647
ttbar scalar histDown info:
    nEvents =  88550.0
    integral =  842.751562774
VV hist info:
    nEvents =  152787.0
    integral =  1759.26361473
VV histUp info:
    nEvents =  157081.0
    integral =  1807.46159247
VV histDown info:
    nEvents =  145218.0
    integral =  1675.91652632
QCD hist info:
    nEvents =  46008.0
    integral =  35210.8637152
QCD histUp info:
    nEvents =  47788.0
    integral =  37203.0475533
QCD histDown info:
    nEvents =  44006.0
    integral =  33029.0639589
ZTo2L hist info:
    nEvents =  30723.0
    integral =  337.382494614
ZTo2L histUp info:
    nEvents =  31335.0
    integral =  347.135849193
ZTo2L histDown info:
    nEvents =  29759.0
    integral =  321.540655226
data hist info:
    nEvents =  0.0
    integral =  0.0
WPlusJets hist info:
    nEvents =  270652.0
    integral =  10133.2658532
WPlusJets histUp info:
    nEvents =  275936.0
    integral =  10520.1524609
WPlusJets histDown info:
    nEvents =  262314.0
    integral =  9550.17736089
TTToSemiLepton hist info:
    nEvents =  425047.0
    integral =  34972.8882532
TTToSemiLepton histUp info:
    nEvents =  444812.0
    integral =  36582.5193434
TTToSemiLepton histDown info:
    nEvents =  402172.0
    integral =  33117.816287
Finished filling histograms
Creating stacked MC background histogram...
Finished stacking MC background histograms.
Drawing histograms...
Finished drawing histograms
Drawing ratio plot...
Finished drawing ratio plot
Plotting end time: 2022-03-03 17:08:28.815248
