Error in <TTreeFormula::Compile>:  Bad numerical expression : "HLT_Ele115_CaloIdVT_GsfTrkIdT"
Info in <TSelectorDraw::AbortProcess>: Variable compilation failed: {METcorrected_pt,((nTightElectrons == 1 && nVetoElectrons == 1 && nLooseMuons == 0 && njets >= 2 && nbjets >= 1 && METcorrected_pt >= 160 && Flag_goodVertices && Flag_globalSuperTightHalo2016Filter && Flag_HBHENoiseFilter && Flag_HBHENoiseIsoFilter && Flag_EcalDeadCellTriggerPrimitiveFilter && Flag_BadPFMuonFilter && Flag_ecalBadCalibFilterV2 && ((passEle32WPTightGsf2017) || (HLT_Ele115_CaloIdVT_GsfTrkIdT || HLT_Photon200))) || (nTightMuons == 1 && nLooseMuons == 1 && nVetoElectrons == 0 && njets >= 2 && nbjets >= 1 && METcorrected_pt >= 160 && Flag_goodVertices && Flag_globalSuperTightHalo2016Filter && Flag_HBHENoiseFilter && Flag_HBHENoiseIsoFilter && Flag_EcalDeadCellTriggerPrimitiveFilter && Flag_BadPFMuonFilter && Flag_ecalBadCalibFilterV2 && (HLT_IsoMu27))) && nbjets == 1 && M_T >= 160 && M_T2W >= 200 && minDeltaPhi12 >= 1.2 && M_Tb >= 180 && EE_L1_prefire == 0 && Flag_eeBadScFilter}
TFile::Append:0: RuntimeWarning: Replacing existing TH1: hist (Potential memory leak).
Info in <TCanvas::MakeDefCanvas>:  created default TCanvas with name c1
TFile::Append:0: RuntimeWarning: Replacing existing TH1: hist (Potential memory leak).
TFile::Append:0: RuntimeWarning: Replacing existing TH1: hist (Potential memory leak).
TFile::Append:0: RuntimeWarning: Replacing existing TH1: hist (Potential memory leak).
TFile::Append:0: RuntimeWarning: Replacing existing TH1: hist (Potential memory leak).
TFile::Append:0: RuntimeWarning: Replacing existing TH1: hist (Potential memory leak).
TFile::Append:0: RuntimeWarning: Replacing existing TH1: hist (Potential memory leak).
TFile::Append:0: RuntimeWarning: Replacing existing TH1: hist (Potential memory leak).
TFile::Append:0: RuntimeWarning: Replacing existing TH1: hist (Potential memory leak).
TFile::Append:0: RuntimeWarning: Replacing existing TH1: hist (Potential memory leak).
TFile::Append:0: RuntimeWarning: Replacing existing TH1: hist (Potential memory leak).
TFile::Append:0: RuntimeWarning: Replacing existing TH1: hist (Potential memory leak).
Plotting start time: 2021-02-04 19:01:53.393319
Cut name =  SL1bSR
MC Selection Cuts =  ((nTightElectrons == 1 && nVetoElectrons == 1 && nLooseMuons == 0 && njets >= 2 && nbjets >= 1 && METcorrected_pt >= 160 && Flag_goodVertices && Flag_globalSuperTightHalo2016Filter && Flag_HBHENoiseFilter && Flag_HBHENoiseIsoFilter && Flag_EcalDeadCellTriggerPrimitiveFilter && Flag_BadPFMuonFilter && Flag_ecalBadCalibFilterV2 && ((passEle32WPTightGsf2017) || (HLT_Ele115_CaloIdVT_GsfTrkIdT || HLT_Photon200))) || (nTightMuons == 1 && nLooseMuons == 1 && nVetoElectrons == 0 && njets >= 2 && nbjets >= 1 && METcorrected_pt >= 160 && Flag_goodVertices && Flag_globalSuperTightHalo2016Filter && Flag_HBHENoiseFilter && Flag_HBHENoiseIsoFilter && Flag_EcalDeadCellTriggerPrimitiveFilter && Flag_BadPFMuonFilter && Flag_ecalBadCalibFilterV2 && (HLT_IsoMu27))) && nbjets == 1 && M_T >= 160 && M_T2W >= 200 && minDeltaPhi12 >= 1.2 && M_Tb >= 180 && EE_L1_prefire == 0
Data Selection Cuts =  ((nTightElectrons == 1 && nVetoElectrons == 1 && nLooseMuons == 0 && njets >= 2 && nbjets >= 1 && METcorrected_pt >= 160 && Flag_goodVertices && Flag_globalSuperTightHalo2016Filter && Flag_HBHENoiseFilter && Flag_HBHENoiseIsoFilter && Flag_EcalDeadCellTriggerPrimitiveFilter && Flag_BadPFMuonFilter && Flag_ecalBadCalibFilterV2 && ((passEle32WPTightGsf2017) || (HLT_Ele115_CaloIdVT_GsfTrkIdT || HLT_Photon200))) || (nTightMuons == 1 && nLooseMuons == 1 && nVetoElectrons == 0 && njets >= 2 && nbjets >= 1 && METcorrected_pt >= 160 && Flag_goodVertices && Flag_globalSuperTightHalo2016Filter && Flag_HBHENoiseFilter && Flag_HBHENoiseIsoFilter && Flag_EcalDeadCellTriggerPrimitiveFilter && Flag_BadPFMuonFilter && Flag_ecalBadCalibFilterV2 && (HLT_IsoMu27))) && nbjets == 1 && M_T >= 160 && M_T2W >= 200 && minDeltaPhi12 >= 1.2 && M_Tb >= 180 && EE_L1_prefire == 0 && Flag_eeBadScFilter
var =  METcorrected_pt
year =  2017
lumi =  41.53
saveDirectory =  plots/SR_2016/METcorrected_pt/
date =  01_25_2021
Creating histograms..
Drawing data and ratio plot...
Selected MET dataset
Loading data sample root files and event trees...
Got data sample root files and event trees
Loading MC sample root files and event trees...
Got MC sample root files and event trees
Filling histograms...
  Dataset =  MET  ||   nEvents =  21577871
    hist nEntries =  0.0
    hist integral =  0.0
    hist_data nEntries =  0.0
    hist_data integral =  0.0
    hist nEntries =  247.0
    hist integral =  247.0
    hist_data nEntries =  247.0
    hist_data integral =  247.0
    hist nEntries =  126.0
    hist integral =  126.0
    hist_data nEntries =  373.0
    hist_data integral =  373.0
    hist nEntries =  261.0
    hist integral =  261.0
    hist_data nEntries =  634.0
    hist_data integral =  634.0
    hist nEntries =  393.0
    hist integral =  393.0
    hist_data nEntries =  1027.0
    hist_data integral =  1027.0
  Process =  WW
      Dataset =  WWTo1L1Nu2Q  ||   nEvents =  5054286
          hist nEntries =  68.0
          hist integral =  40.3053247333
      Dataset =  WWTo4Q  ||   nEvents =  2000000
          hist nEntries =  0.0
          hist integral =  0.0
      Dataset =  WWTo2L2Nu  ||   nEvents =  2000000
          hist nEntries =  50.0
          hist integral =  9.76258216798
  Process =  ttbarPlusJets
      Dataset =  TTToSemiLepton  ||   nEvents =  241306985
          hist nEntries =  1143.0
          hist integral =  51.7928428091
      Dataset =  TTTo2L2Nu  ||   nEvents =  9000000
          hist nEntries =  2559.0
          hist integral =  950.246370077
  Process =  ZTo2Nu
      Dataset =  HT600To800  ||   nEvents =  11346835
Applied ZTo2Nu qcd/ewk Weights correctly
          hist nEntries =  14.0
          hist integral =  0.175492064096
      Dataset =  HT1200To2500  ||   nEvents =  679821
Applied ZTo2Nu qcd/ewk Weights correctly
          hist nEntries =  1.0
          hist integral =  0.010968664661
      Dataset =  HT100To200  ||   nEvents =  22737266
Applied ZTo2Nu qcd/ewk Weights correctly
          hist nEntries =  0.0
          hist integral =  0.0
      Dataset =  HT2500ToInf  ||  TFile::Append:0: RuntimeWarning: Replacing existing TH1: hist (Potential memory leak).
TFile::Append:0: RuntimeWarning: Replacing existing TH1: hist (Potential memory leak).
TFile::Append:0: RuntimeWarning: Replacing existing TH1: hist (Potential memory leak).
TFile::Append:0: RuntimeWarning: Replacing existing TH1: hist (Potential memory leak).
TFile::Append:0: RuntimeWarning: Replacing existing TH1: hist (Potential memory leak).
TFile::Append:0: RuntimeWarning: Replacing existing TH1: hist (Potential memory leak).
TFile::Append:0: RuntimeWarning: Replacing existing TH1: hist (Potential memory leak).
TFile::Append:0: RuntimeWarning: Replacing existing TH1: hist (Potential memory leak).
TFile::Append:0: RuntimeWarning: Replacing existing TH1: hist (Potential memory leak).
TFile::Append:0: RuntimeWarning: Replacing existing TH1: hist (Potential memory leak).
TFile::Append:0: RuntimeWarning: Replacing existing TH1: hist (Potential memory leak).
TFile::Append:0: RuntimeWarning: Replacing existing TH1: hist (Potential memory leak).
TFile::Append:0: RuntimeWarning: Replacing existing TH1: hist (Potential memory leak).
TFile::Append:0: RuntimeWarning: Replacing existing TH1: hist (Potential memory leak).
TFile::Append:0: RuntimeWarning: Replacing existing TH1: hist (Potential memory leak).
TFile::Append:0: RuntimeWarning: Replacing existing TH1: hist (Potential memory leak).
TFile::Append:0: RuntimeWarning: Replacing existing TH1: hist (Potential memory leak).
TFile::Append:0: RuntimeWarning: Replacing existing TH1: hist (Potential memory leak).
TFile::Append:0: RuntimeWarning: Replacing existing TH1: hist (Potential memory leak).
TFile::Append:0: RuntimeWarning: Replacing existing TH1: hist (Potential memory leak).
TFile::Append:0: RuntimeWarning: Replacing existing TH1: hist (Potential memory leak).
TFile::Append:0: RuntimeWarning: Replacing existing TH1: hist (Potential memory leak).
TFile::Append:0: RuntimeWarning: Replacing existing TH1: hist (Potential memory leak).
TFile::Append:0: RuntimeWarning: Replacing existing TH1: hist (Potential memory leak).
TFile::Append:0: RuntimeWarning: Replacing existing TH1: hist (Potential memory leak).
TFile::Append:0: RuntimeWarning: Replacing existing TH1: hist (Potential memory leak).
TFile::Append:0: RuntimeWarning: Replacing existing TH1: hist (Potential memory leak).
TFile::Append:0: RuntimeWarning: Replacing existing TH1: hist (Potential memory leak).
TFile::Append:0: RuntimeWarning: Replacing existing TH1: hist (Potential memory leak).
 nEvents =  6734
Applied ZTo2Nu qcd/ewk Weights correctly
          hist nEntries =  0.0
          hist integral =  0.0
      Dataset =  HT800To1200  ||   nEvents =  2058077
Applied ZTo2Nu qcd/ewk Weights correctly
          hist nEntries =  6.0
          hist integral =  0.254577886313
      Dataset =  HT200To400  ||   nEvents =  21675916
Applied ZTo2Nu qcd/ewk Weights correctly
          hist nEntries =  2.0
          hist integral =  0.266521386802
      Dataset =  HT400To600  ||   nEvents =  9542035
Applied ZTo2Nu qcd/ewk Weights correctly
          hist nEntries =  12.0
          hist integral =  0.677126649767
  Process =  ZZ
      Dataset =  ZZTo2Q2Nu  ||   nEvents =  62172314
          hist nEntries =  20.0
          hist integral =  0.0447017131373
      Dataset =  ZZTo4L  ||   nEvents =  6964071
          hist nEntries =  1.0
          hist integral =  0.00694684544578
      Dataset =  ZZTo2L2Q  ||   nEvents =  27840918
          hist nEntries =  22.0
          hist integral =  0.111583200749
      Dataset =  ZZTo2L2Nu  ||   nEvents =  8744768
          hist nEntries =  370.0
          hist integral =  0.907568743452
  Process =  QCD
      Dataset =  HT700To1000  ||   nEvents =  46840955
          hist nEntries =  0.0
          hist integral =  0.0
      Dataset =  HT500To700  ||   nEvents =  56111970
          hist nEntries =  0.0
          hist integral =  0.0
      Dataset =  HT2000ToInf  ||   nEvents =  5941306
          hist nEntries =  0.0
          hist integral =  0.0
      Dataset =  HT1000To1500  ||   nEvents =  16882838
          hist nEntries =  0.0
          hist integral =  0.0
      Dataset =  HT1500To2000  ||   nEvents =  11634434
          hist nEntries =  1.0
          hist integral =  0.351990699768
      Dataset =  HT100To200  ||   nEvents =  93231801
          hist nEntries =  0.0
          hist integral =  0.0
      Dataset =  HT300To500  ||   nEvents =  59569132
          hist nEntries =  0.0
          hist integral =  0.0
      Dataset =  HT200To300  ||   nEvents =  56374650
          hist nEntries =  0.0
          hist integral =  0.0
  Process =  ZTo2L
      Dataset =  HT600To800  ||   nEvents =  8743640
Applied ZTo2L qcd/ewk Weights correctly
          hist nEntries =  41.0
          hist integral =  0.294650089578
      Dataset =  HT1200To2500  ||   nEvents =  625517
Applied ZTo2L qcd/ewk Weights correctly
          hist nEntries =  7.0
          hist integral =  0.108249741897
      Dataset =  HT100To200  ||   nEvents =  15147827
Applied ZTo2L qcd/ewk Weights correctly
          hist nEntries =  2.0
          hist integral =  0.905604839325
      Dataset =  HT2500ToInf  ||   nEvents =  419308
Applied ZTo2L qcd/ewk Weights correctly
          hist nEntries =  8.0
          hist integral =  0.00288965684013
      Dataset =  HT800To1200  ||   nEvents =  3114980
Applied ZTo2L qcd/ewk Weights correctly
          hist nEntries =  14.0
          hist integral =  0.149524579756
      Dataset =  HT200To400  ||   nEvents =  11929310
Applied ZTo2L qcd/ewk Weights correctly
          hist nEntries =  13.0
          hist integral =  2.11589036812
      Dataset =  HT400To600  ||   nEvents =  11343818
Applied ZTo2L qcd/ewk Weights correctly
          hist nEntries =  22.0
          hist integral =  0.478421002626
  Process =  singleTop
      Dataset =  ST_s-channel  ||   nEvents =  9883805
          hist nEntries =  9.0
          hist integral =  0.0743444184773
      Dataset =  ST_t-channel_antitop  ||   nEvents =  3675910
          hist nEntries =  1.0
          hist integral =  0.881024181843
      Dataset =  ST_tW_top  ||   nEvents =  7794186
          hist nEntries =  429.0
          hist integral =  70.7112878561
      Dataset =  ST_t-channel_top  ||   nEvents =  5982064
          hist nEntries =  2.0
          hist integral =  1.52470195293
      Dataset =  ST_tW_antitop  ||   nEvents =  7977430
          hist nEntries =  407.0
          hist integral =  68.7457218766
  Process =  WZ
      Dataset =  WZTo2L2Q  ||   nEvents =  27582164
          hist nEntries =  9.0
          hist integral =TFile::Append:0: RuntimeWarning: Replacing existing TH1: hist (Potential memory leak).
TFile::Append:0: RuntimeWarning: Replacing existing TH1: hist (Potential memory leak).
TFile::Append:0: RuntimeWarning: Replacing existing TH1: hist (Potential memory leak).
TFile::Append:0: RuntimeWarning: Replacing existing TH1: hist (Potential memory leak).
TFile::Append:0: RuntimeWarning: Replacing existing TH1: hist (Potential memory leak).
TFile::Append:0: RuntimeWarning: Replacing existing TH1: hist (Potential memory leak).
TFile::Append:0: RuntimeWarning: Replacing existing TH1: hist (Potential memory leak).
TFile::Append:0: RuntimeWarning: Replacing existing TH1: hist (Potential memory leak).
TFile::Append:0: RuntimeWarning: Replacing existing TH1: hist (Potential memory leak).
TFile::Append:0: RuntimeWarning: Replacing existing TH1: hist (Potential memory leak).
TFile::Append:0: RuntimeWarning: Replacing existing TH1: hist (Potential memory leak).
TFile::Append:0: RuntimeWarning: Replacing existing TH1: hist (Potential memory leak).
TFile::Append:0: RuntimeWarning: Replacing existing TH1: hist (Potential memory leak).
TFile::Append:0: RuntimeWarning: Replacing existing TH1: hist (Potential memory leak).
TFile::Append:0: RuntimeWarning: Replacing existing TH1: hist (Potential memory leak).
Info in <TCanvas::Print>: png file SL1bSR2017_METcorrected_pt_01_25_2021_noEEl1prefire.png has been created
  0.0606543943286
      Dataset =  WZTo3LNu  ||   nEvents =  10987679
          hist nEntries =  97.0
          hist integral =  1.55169300083
      Dataset =  WZTo1L3Nu  ||   nEvents =  4994395
          hist nEntries =  777.0
          hist integral =  19.4145168364
      Dataset =  WZTo1L1Nu2Q  ||   nEvents =  19086373
          hist nEntries =  247.0
          hist integral =  5.75288406387
  Process =  WPlusJets
      Dataset =  HT200To400  ||   nEvents =  21250517
Applied WPlusJets qcd/ewk Weights correctly
          hist nEntries =  131.0
          hist integral =  116.340872049
      Dataset =  HT70To100  ||   nEvents =  22255124
Applied WPlusJets qcd/ewk Weights correctly
          hist nEntries =  0.0
          hist integral =  0.0
      Dataset =  HT600To800  ||   nEvents =  21709087
Applied WPlusJets qcd/ewk Weights correctly
          hist nEntries =  668.0
          hist integral =  12.9255667627
      Dataset =  HT1200To2500  ||   nEvents =  20258624
Applied WPlusJets qcd/ewk Weights correctly
          hist nEntries =  1483.0
          hist integral =  2.43326826766
      Dataset =  HT100To200  ||   nEvents =  35862893
Applied WPlusJets qcd/ewk Weights correctly
          hist nEntries =  32.0
          hist integral =  54.8213022128
      Dataset =  HT400To600  ||   nEvents =  14313274
Applied WPlusJets qcd/ewk Weights correctly
          hist nEntries =  270.0
          hist integral =  39.6709902883
      Dataset =  HT2500ToInf  ||   nEvents =  21495421
Applied WPlusJets qcd/ewk Weights correctly
          hist nEntries =  2319.0
          hist integral =  0.0275890079793
      Dataset =  HT800To1200  ||   nEvents =  20432728
Applied WPlusJets qcd/ewk Weights correctly
          hist nEntries =  1010.0
          hist integral =  8.36094219983
  Process =  TTV
      Dataset =  TTZToQQ  ||   nEvents =  9690000
          hist nEntries =  671.0
          hist integral =  1.40128003806
      Dataset =  TTWJetsToLNu  ||   nEvents =  9729743
          hist nEntries =  9024.0
          hist integral =  7.90259530395
      Dataset =  TTWJetsToQQ  ||   nEvents =  811306
          hist nEntries =  55.0
          hist integral =  1.06179932691
      Dataset =  TTZToLLNuNu  ||   nEvents =  15496140
          hist nEntries =  38909.0
          hist integral =  24.7079230547
Total data background nEvents =  1027.0
Total data background integral =  1027.0
-----------------------------
Total MC background nEvents =  60926.0
Total MC background integral =  1497.34074068
-----------------------------
Total tt+DM signal nEvents =  0.0
Total tt+DM signal integral =  0.0
-----------------------------
Total t+DM signal nEvents =  0.0
Total t+DM signal integral =  0.0
-----------------------------
FOM for tt+DM signal =  0.0
FOM for t+DM signal =  0.0
-----------------------------
Finished filling histograms
Creating stacked MC background histogram...
Finished stacking MC background histograms.
Drawing histograms...
Finished drawing histograms
Drawing ratio plot...
Finished drawing ratio plot
Plotting end time: 2021-02-04 19:21:43.395818
