plots/plotv2.py:986: SyntaxWarning: name 'counter' is used prior to global declaration
  global counter
Plotting start time: 2023-01-23 02:17:37.632009
Cut name =  AH0lQR
MC Selection Cuts =  (nVetoElectrons + nLooseMuons) == 0 && njets >= 3 && nbjets >= 1 && METcorrected_pt >= 250 && ntaus == 0 && minDeltaPhi12 <= 0.8 && noB2Bleadingfjet && Flag_goodVertices && Flag_globalSuperTightHalo2016Filter && Flag_HBHENoiseFilter && Flag_HBHENoiseIsoFilter && Flag_EcalDeadCellTriggerPrimitiveFilter && Flag_BadPFMuonFilter && Flag_ecalBadCalibFilterV2 && (HLT_PFMETNoMu120_PFMHTNoMu120_IDTight || HLT_PFMETNoMu120_PFMHTNoMu120_IDTight_PFHT60) && PV_npvsGood > 0 && PV_ndof > 4 && abs(PV_z) < 24 && sqrt(pow(PV_x,2)+pow(PV_y,2)) < 2
Data Selection Cuts =  (nVetoElectrons + nLooseMuons) == 0 && njets >= 3 && nbjets >= 1 && METcorrected_pt >= 250 && ntaus == 0 && minDeltaPhi12 <= 0.8 && noB2Bleadingfjet && Flag_goodVertices && Flag_globalSuperTightHalo2016Filter && Flag_HBHENoiseFilter && Flag_HBHENoiseIsoFilter && Flag_EcalDeadCellTriggerPrimitiveFilter && Flag_BadPFMuonFilter && Flag_ecalBadCalibFilterV2 && (HLT_PFMETNoMu120_PFMHTNoMu120_IDTight || HLT_PFMETNoMu120_PFMHTNoMu120_IDTight_PFHT60) && PV_npvsGood > 0 && PV_ndof > 4 && abs(PV_z) < 24 && sqrt(pow(PV_x,2)+pow(PV_y,2)) < 2 && Flag_eeBadScFilter
var =  METcorrected_pt
year =  2017
lumi =  41.53
saveDirectory =  plots/CR_2017/METcorrected_pt/
date =  01_20_2023
applying HEM fix for 2018...
Creating histograms..
Histogram options: 
    nbins =  15
    xmin =  250
    xmax =  550
    auto_y =  True
    doLogPlot =  True
    drawData =  True
    mediatorType =  scalar
    mchi =  1
    mphi =  100
    normalizePlots =  False
    doBinned =  False
    savePlots =  True
    combineEleMu =  True
    doSys =  False
    doSysFirstHalf =  False
    doSysSecondHalf =  False
    drawOverflow =  True
    drawUnderflow =  False
    plotSys =  False
    plotSysVar =  CMS_trig_m
    plotSysSignal =  False
Drawing data and ratio plot...
Selected MET dataset
Loading data sample root files and event trees...
    ----Loading /hdfs/store/user/vshang/MET_Run2017B/MET/ModuleCommonSkim_11102022/tree_all.root
    nevents in filepath = /hdfs/store/user/vshang/MET_Run2017B/MET/ModuleCommonSkim_11102022/tree_all.root: 194530
    ----Loading /hdfs/store/user/vshang/MET_Run2017C/MET/ModuleCommonSkim_11102022/tree_all.root
    nevents in filepath = /hdfs/store/user/vshang/MET_Run2017C/MET/ModuleCommonSkim_11102022/tree_all.root: 389999
    ----Loading /hdfs/store/user/vshang/MET_Run2017D/MET/ModuleCommonSkim_11102022/tree_all.root
    nevents in filepath = /hdfs/store/user/vshang/MET_Run2017D/MET/ModuleCommonSkim_11102022/tree_all.root: 187004
    ----Loading /hdfs/store/user/vshang/MET_Run2017E/MET/ModuleCommonSkim_11102022/tree_all.root
    nevents in filepath = /hdfs/store/user/vshang/MET_Run2017E/MET/ModuleCommonSkim_11102022/tree_all.root: 491747
    ----Loading /hdfs/store/user/vshang/MET_Run2017F/MET/ModuleCommonSkim_11102022/tree_all.root
    nevents in filepath = /hdfs/store/user/vshang/MET_Run2017F/MET/ModuleCommonSkim_11102022/tree_all.root: 825014
    total nevents in  MET :  2088294
Got data sample root files and event trees
Loading MC sample root files and event trees...
Loading process:  ZTo2Nu
    ----Loading 1LHEZpT400-inf
    nevents in  ZTo2Nu   1LHEZpT400-inf :  1626479
    ----Loading 2LHEZpT50-150
    nevents in  ZTo2Nu   2LHEZpT50-150 :  5940577
    ----Loading 2LHEZpT400-inf
    nevents in  ZTo2Nu   2LHEZpT400-inf :  6336209
    ----Loading 1LHEZpT250-400
    nevents in  ZTo2Nu   1LHEZpT250-400 :  12090580
    ----Loading 2LHEZpT250-400
    nevents in  ZTo2Nu   2LHEZpT250-400 :  13203465
    ----Loading 1LHEZpT150-250
    nevents in  ZTo2Nu   1LHEZpT150-250 :  25299535
    ----Loading 2LHEZpT150-250
    nevents in  ZTo2Nu   2LHEZpT150-250 :  41996008
    ----Loading 1LHEZpT50-150
    nevents in  ZTo2Nu   1LHEZpT50-150 :  5704336
Loading process:  tbar scalar
    ----Loading tWChan_MChi1_MPhi100_scalar
    nevents in  tbar scalar   tWChan_MChi1_MPhi100_scalar :  165000
    ----Loading tChan_MChi1_MPhi100_scalar
    nevents in  tbar scalar   tChan_MChi1_MPhi100_scalar :  275000
Loading process:  WW
    ----Loading WWTo1L1Nu2Q
    nevents in  WW   WWTo1L1Nu2Q :  3169582
    ----Loading WWTo4Q
    nevents in  WW   WWTo4Q :  1992402
    ----Loading WWTo2L2Nu
    nevents in  WW   WWTo2L2Nu :  1992522
Loading process:  ttbarPlusJets
    ----Loading TTToSemiLepton
    nevents in  ttbarPlusJets   TTToSemiLepton :  239169221
    ----Loading TTTo2L2Nu
    nevents in  ttbarPlusJets   TTTo2L2Nu :  8926992
Loading process:  ttbar scalar
    ----Loading ttDM_MChi1_MPhi100_scalar
    nevents in  ttbar scalar   ttDM_MChi1_MPhi100_scalar :  1540506
Loading process:  ZZ
    ----Loading ZZTo2Q2Nu
    nevents in  ZZ   ZZTo2Q2Nu :  39202099
    ----Loading ZZTo4L
    nevents in  ZZ   ZZTo4L :  6893887
    ----Loading ZZTo2L2Q
    nevents in  ZZ   ZZTo2L2Q :  17513566
    ----Loading ZZTo2L2Nu
    nevents in  ZZ   ZZTo2L2Nu :  8733658
Loading process:  QCD
    ----Loading Pt50to80
    nevents in  QCD   Pt50to80 :  38179535
    ----Loading Pt2400to3200
    nevents in  QCD   Pt2400to3200 :  1910526
    ----Loading Pt30to50
    nevents in  QCD   Pt30to50 :  35500760
    ----Loading Pt470to600
    nevents in  QCD   Pt470to600 :  55331892
    ----Loading Pt300to470
    nevents in  QCD   Pt300to470 :  110887780
    ----Loading Pt170to300
    nevents in  QCD   Pt170to300 :  56298920
    ----Loading Pt800to1000
    nevents in  QCD   Pt800to1000 :  77660008
    ----Loading Pt600to800
    nevents in  QCD   Pt600to800 :  128548964
    ----Loading Pt120to170
    nevents in  QCD   Pt120to170 :  29854280
    ----Loading Pt1000to1400
    nevents in  QCD   Pt1000to1400 :  35706078
    ----Loading Pt1400to1800
    nevents in  QCD   Pt1400to1800 :  11353270
    ----Loading Pt15to30
    nevents in  QCD   Pt15to30 :  19169000
    ----Loading Pt3200toInf
    nevents in  QCD   Pt3200toInf :  757837
    ----Loading Pt80to120
    nevents in  QCD   Pt80to120 :  56387936
    ----Loading Pt1800to2400
    nevents in  QCD   Pt1800to2400 :  2923941
Loading process:  WZ
    ----Loading WZTo2Q2Nu
    nevents in  WZ   WZTo2Q2Nu :  18476383
    ----Loading WZTo2L2Q
    nevents in  WZ   WZTo2L2Q :  16664610
    ----Loading WZTo3LNu
    nevents in  WZ   WZTo3LNu :  6887413
    ----Loading WZTo1L3Nu
    nevents in  WZ   WZTo1L3Nu :  2717911
    ----Loading WZTo1L1Nu2Q
    nevents in  WZ   WZTo1L1Nu2Q :  11347099
Loading process:  TTV
    ----Loading TTZToQQ
    nevents in  TTV   TTZToQQ :  4602104
    ----Loading TTWJetsToLNu
    nevents in  TTV   TTWJetsToLNu :  5394782
    ----Loading TTWJetsToQQ
    nevents in  TTV   TTWJetsToQQ :  441560
    ----Loading TTZToLLNuNu
    nevents in  TTV   TTZToLLNuNu :  7316018
Loading process:  ZTo2L
    ----Loading 1LHEZpT400-inf
    nevents in  ZTo2L   1LHEZpT400-inf :  1337440
    ----Loading 2LHEZpT50-150
    nevents in  ZTo2L   2LHEZpT50-150 :  20454601
    ----Loading 2LHEZpT400-inf
    nevents in  ZTo2L   2LHEZpT400-inf :  4520161
    ----Loading 1LHEZpT250-400
    nevents in  ZTo2L   1LHEZpT250-400 :  6302049
    ----Loading 2LHEZpT250-400
    nevents in  ZTo2L   2LHEZpT250-400 :  20585656
    ----Loading 1LHEZpT150-250
    nevents in  ZTo2L   1LHEZpT150-250 :  11871687
    ----Loading 2LHEZpT150-250
    nevents in  ZTo2L   2LHEZpT150-250 :  8544359
    ----Loading 1LHEZpT50-150
    nevents in  ZTo2L   1LHEZpT50-150 :  14777924
Loading process:  singleTop
    ----Loading ST_s-channel
    nevents in  singleTop   ST_s-channel :  6167441
    ----Loading ST_t-channel_antitop
    nevents in  singleTop   ST_t-channel_antitop :  3675910
    ----Loading ST_tW_top
    nevents in  singleTop   ST_tW_top :  7734344
    ----Loading ST_t-channel_top
    nevents in  singleTop   ST_t-channel_top :  5982064
    ----Loading ST_tW_antitop
    nevents in  singleTop   ST_tW_antitop :  7916640
Loading process:  WPlusJets
    ----Loading 2LHEWpT100-150
    nevents in  WPlusJets   2LHEWpT100-150 :  33581046
    ----Loading 1LHEWpT100-150
    nevents in  WPlusJets   1LHEWpT100-150 :  73598264
    ----Loading 2LHEWpT250-400
    nevents in  WPlusJets   2LHEWpT250-400 :  22214536
    ----Loading 1LHEWpT400-inf
    nevents in  WPlusJets   1LHEWpTInfo in <TCanvas::MakeDefCanvas>:  created default TCanvas with name c1
TFile::Append:0: RuntimeWarning: Replacing existing TH1: hist (Potential memory leak).
TFile::Append:0: RuntimeWarning: Replacing existing TH1: hist (Potential memory leak).
TFile::Append:0: RuntimeWarning: Replacing existing TH1: hist (Potential memory leak).
TFile::Append:0: RuntimeWarning: Replacing existing TH1: hist (Potential memory leak).
TFile::Append:0: RuntimeWarning: Replacing existing TH1: hist (Potential memory leak).
TFile::Append:0: RuntimeWarning: Replacing existing TH1: hist (Potential memory leak).
TFile::Append:0: RuntimeWarning: Replacing existing TH1: hist (Potential memory leak).
TFile::Append:0: RuntimeWarning: Replacing existing TH1: hist (Potential memory leak).
TFile::Append:0: RuntimeWarning: Replacing existing TH1: hist (Potential memory leak).
TFile::Append:0: RuntimeWarning: Replacing existing TH1: hist (Potential memory leak).
TFile::Append:0: RuntimeWarning: Replacing existing TH1: hist (Potential memory leak).
TFile::Append:0: RuntimeWarning: Replacing existing TH1: hist (Potential memory leak).
400-inf :  9564596
    ----Loading 2LHEWpT150-250
    nevents in  WPlusJets   2LHEWpT150-250 :  168404529
    ----Loading 1LHEWpT150-250
    nevents in  WPlusJets   1LHEWpT150-250 :  63460137
    ----Loading 2LHEWpT400-inf
    nevents in  WPlusJets   2LHEWpT400-inf :  12101448
    ----Loading 1LHEWpT250-400
    nevents in  WPlusJets   1LHEWpT250-400 :  41110415
Got MC sample root files and event trees
Filling data histograms...
  Dataset =  MET  ||   nEvents =  2088294
   Using cut =  (nVetoElectrons + nLooseMuons) == 0 && njets >= 3 && nbjets >= 1 && METcorrected_pt >= 250 && ntaus == 0 && minDeltaPhi12 <= 0.8 && noB2Bleadingfjet && Flag_goodVertices && Flag_globalSuperTightHalo2016Filter && Flag_HBHENoiseFilter && Flag_HBHENoiseIsoFilter && Flag_EcalDeadCellTriggerPrimitiveFilter && Flag_BadPFMuonFilter && Flag_ecalBadCalibFilterV2 && (HLT_PFMETNoMu120_PFMHTNoMu120_IDTight) && PV_npvsGood > 0 && PV_ndof > 4 && abs(PV_z) < 24 && sqrt(pow(PV_x,2)+pow(PV_y,2)) < 2 && Flag_eeBadScFilter
    hist nEntries =  6507.0
    hist integral =  6507.0
    hist_data nEntries =  6507.0
    hist_data integral =  6507.0
    hist nEntries =  13027.0
    hist integral =  13027.0
    hist_data nEntries =  19534.0
    hist_data integral =  19534.0
    hist nEntries =  5860.0
    hist integral =  5860.0
    hist_data nEntries =  25394.0
    hist_data integral =  25394.0
    hist nEntries =  13831.0
    hist integral =  13831.0
    hist_data nEntries =  39225.0
    hist_data integral =  39225.0
    hist nEntries =  19977.0
    hist integral =  19977.0
    hist_data nEntries =  59202.0
    hist_data integral =  59202.0
Filling MC histograms...
  Process =  ZTo2Nu
      Dataset =  1LHEZpT400-inf  ||   nEvents =  1626479
          hist weight =  0.0057476321551*leptonWeight*bjetWeight*puWeight*muonTriggerWeight*EE_L1_prefire_Weight*electronTriggerWeight*genWeightSign*METTriggerWeight
          hist nEntries =  135.0
          hist integral =  0.566481085727
      Dataset =  2LHEZpT50-150  ||   nEvents =  5940577
          hist weight =  2.28113178232*leptonWeight*bjetWeight*puWeight*muonTriggerWeight*EE_L1_prefire_Weight*electronTriggerWeight*genWeightSign*METTriggerWeight
          hist nEntries =  92.0
          hist integral =  70.20672746
      Dataset =  2LHEZpT400-inf  ||   nEvents =  6336209
          hist weight =  0.00555288122598*leptonWeight*bjetWeight*puWeight*muonTriggerWeight*EE_L1_prefire_Weight*electronTriggerWeight*genWeightSign*METTriggerWeight
          hist nEntries =  98738.0
          hist integral =  187.480203688
      Dataset =  1LHEZpT250-400  ||   nEvents =  12090580
          hist weight =  0.00704499122457*leptonWeight*bjetWeight*puWeight*muonTriggerWeight*EE_L1_prefire_Weight*electronTriggerWeight*genWeightSign*METTriggerWeight
          hist nEntries =  847.0
          hist integral =  3.02706094357
      Dataset =  2LHEZpT250-400  ||   nEvents =  13203465
          hist weight =  0.0162742295299*leptonWeight*bjetWeight*puWeight*muonTriggerWeight*EE_L1_prefire_Weight*electronTriggerWeight*genWeightSign*METTriggerWeight
          hist nEntries =  142811.0
          hist integral =  782.212298334
      Dataset =  1LHEZpT150-250  ||   nEvents =  25299535
          hist weight =  0.0296132399271*leptonWeight*bjetWeight*puWeight*muonTriggerWeight*EE_L1_prefire_Weight*electronTriggerWeight*genWeightSign*METTriggerWeight
          hist nEntries =  139.0
          hist integral =  1.83017503901
      Dataset =  2LHEZpT150-250  ||   nEvents =  41996008
          hist weight =  0.0292715440953*leptonWeight*bjetWeight*puWeight*muonTriggerWeight*EE_L1_prefire_Weight*electronTriggerWeight*genWeightSign*METTriggerWeight
          hist nEntries =  51249.0
          hist integral =  503.697369717
      Dataset =  1LHEZpT50-150  ||   nEvents =  5704336
          hist weight =  4.36024753801*leptonWeight*bjetWeight*puWeight*muonTriggerWeight*EE_L1_prefire_Weight*electronTriggerWeight*genWeightSign*METTriggerWeight
          hist nEntries =  0.0
          hist integral =  0.0
  Process =  tbar scalar
      Dataset =  tWChan_MChi1_MPhTFile::Append:0: RuntimeWarning: Replacing existing TH1: hist (Potential memory leak).
TFile::Append:0: RuntimeWarning: Replacing existing TH1: hist (Potential memory leak).
TFile::Append:0: RuntimeWarning: Replacing existing TH1: hist (Potential memory leak).
TFile::Append:0: RuntimeWarning: Replacing existing TH1: hist (Potential memory leak).
TFile::Append:0: RuntimeWarning: Replacing existing TH1: hist (Potential memory leak).
TFile::Append:0: RuntimeWarning: Replacing existing TH1: hist (Potential memory leak).
TFile::Append:0: RuntimeWarning: Replacing existing TH1: hist (Potential memory leak).
TFile::Append:0: RuntimeWarning: Replacing existing TH1: hist (Potential memory leak).
TFile::Append:0: RuntimeWarning: Replacing existing TH1: hist (Potential memory leak).
TFile::Append:0: RuntimeWarning: Replacing existing TH1: hist (Potential memory leak).
TFile::Append:0: RuntimeWarning: Replacing existing TH1: hist (Potential memory leak).
TFile::Append:0: RuntimeWarning: Replacing existing TH1: hist (Potential memory leak).
TFile::Append:0: RuntimeWarning: Replacing existing TH1: hist (Potential memory leak).
TFile::Append:0: RuntimeWarning: Replacing existing TH1: hist (Potential memory leak).
i100_scalar  ||   nEvents =  165000
          hist weight =  0.0138282315152*leptonWeight*bjetWeight*puWeight*muonTriggerWeight*EE_L1_prefire_Weight*electronTriggerWeight*genWeightSign*METTriggerWeight
          hist nEntries =  1828.0
          hist integral =  22.7344183028
      Dataset =  tChan_MChi1_MPhi100_scalar  ||   nEvents =  275000
          hist weight =  0.0430099781818*leptonWeight*bjetWeight*puWeight*muonTriggerWeight*EE_L1_prefire_Weight*electronTriggerWeight*genWeightSign*METTriggerWeight
          hist nEntries =  912.0
          hist integral =  34.0959123671
  Process =  WW
      Dataset =  WWTo1L1Nu2Q  ||   nEvents =  3169582
          hist weight =  1.05790990736*leptonWeight*bjetWeight*puWeight*muonTriggerWeight*EE_L1_prefire_Weight*electronTriggerWeight*genWeightSign*METTriggerWeight
          hist nEntries =  176.0
          hist integral =  82.4371674061
      Dataset =  WWTo4Q  ||   nEvents =  1992402
          hist weight =  0.994893048692*leptonWeight*bjetWeight*puWeight*muonTriggerWeight*EE_L1_prefire_Weight*electronTriggerWeight*genWeightSign*METTriggerWeight
          hist nEntries =  1.0
          hist integral =  1.07710456848
      Dataset =  WWTo2L2Nu  ||   nEvents =  1992522
          hist weight =  0.230939683477*leptonWeight*bjetWeight*puWeight*muonTriggerWeight*EE_L1_prefire_Weight*electronTriggerWeight*genWeightSign*METTriggerWeight
          hist nEntries =  35.0
          hist integral =  7.79952406883
  Process =  ttbarPlusJets
      Dataset =  TTToSemiLepton  ||   nEvents =  239169221
          hist weight =  0.0632667340586*leptonWeight*bjetWeight*puWeight*muonTriggerWeight*EE_L1_prefire_Weight*electronTriggerWeight*genWeightSign*METTriggerWeight
          hist nEntries =  219003.0
          hist integral =  11873.9730225
      Dataset =  TTTo2L2Nu  ||   nEvents =  8926992
          hist weight =  0.406182093588*leptonWeight*bjetWeight*puWeight*muonTriggerWeight*EE_L1_prefire_Weight*electronTriggerWeight*genWeightSign*METTriggerWeight
          hist nEntries =  3716.0
          hist integral =  1310.02188015
  Process =  ttbar scalar
      Dataset =  ttDM_MChi1_MPhi100_scalar  ||   nEvents =  1540506
          hist weight =  0.0194822253857*leptonWeight*bjetWeight*puWeight*muonTriggerWeight*EE_L1_prefire_Weight*electronTriggerWeight*genWeightSign*METTriggerWeight*GenModel__TTbarDMJets_Inclusive_scalar_LO_Mchi_1_Mphi_100_TuneCP5_13TeV_madgraph_mcatnlo_pythia8
          hist nEntries =  9560.0
          hist integral =  168.424319029
  Process =  ZZ
      Dataset =  ZZTo2Q2Nu  ||   nEvents =  39202099
          hist weight =  0.00483501967586*leptonWeight*bjetWeight*puWeight*muonTriggerWeight*EE_L1_prefire_Weight*electronTriggerWeight*genWeightSign*METTriggerWeight
          hist nEntries =  10305.0
          hist integral =  23.7080250829
      Dataset =  ZZTo4L  ||   nEvents =  6893887
          hist weight =  0.00798203538874*leptonWeight*bjetWeight*puWeight*muonTriggerWeight*EE_L1_prefire_Weight*electronTriggerWeight*genWeightSign*METTriggerWeight
          hist nEntries =  8.0
          hist integral =  0.055838777218
      Dataset =  ZZTo2L2Q  ||   nEvents =  17513566
          hist weight =  0.0087453714452*leptonWeight*bjetWeight*puWeight*muonTriggerWeight*EE_L1_prefire_Weight*electronTriggerWeight*genWeightSign*METTriggerWeight
          hist nEntries =  672.0
          hist integral =  2.88420619816
      Dataset =  ZZTo2L2Nu  ||   nEvents =  8733658
          hist weight =  0.00268381610546*leptonWeight*bjetWeight*puWeight*muonTriggerWeight*EE_L1_prefire_Weight*electronTriggerWeight*genWeightSign*METTriggerWeight
          hist nEntries =  90.0
          hist integral =  0.199206201825
  Process =  QCD
      Dataset =  Pt50to80  ||   nEvents =  38179535
          hist weight =  17088.6392409*leptonWeight*bjetWeight*puWeight*muonTriggerWeight*EE_L1_prefire_Weight*electronTriggerWeight*genWeightSign*METTriggerWeight
          hist nEntries =  1.0
          hist integral =  108.172668457
      Dataset =  Pt2400to3200  ||   nEvents =  1910526
          hist weight =  0.0TFile::Append:0: RuntimeWarning: Replacing existing TH1: hist (Potential memory leak).
TFile::Append:0: RuntimeWarning: Replacing existing TH1: hist (Potential memory leak).
TFile::Append:0: RuntimeWarning: Replacing existing TH1: hist (Potential memory leak).
TFile::Append:0: RuntimeWarning: Replacing existing TH1: hist (Potential memory leak).
TFile::Append:0: RuntimeWarning: Replacing existing TH1: hist (Potential memory leak).
TFile::Append:0: RuntimeWarning: Replacing existing TH1: hist (Potential memory leak).
TFile::Append:0: RuntimeWarning: Replacing existing TH1: hist (Potential memory leak).
TFile::Append:0: RuntimeWarning: Replacing existing TH1: hist (Potential memory leak).
TFile::Append:0: RuntimeWarning: Replacing existing TH1: hist (Potential memory leak).
TFile::Append:0: RuntimeWarning: Replacing existing TH1: hist (Potential memory leak).
TFile::Append:0: RuntimeWarning: Replacing existing TH1: hist (Potential memory leak).
TFile::Append:0: RuntimeWarning: Replacing existing TH1: hist (Potential memory leak).
TFile::Append:0: RuntimeWarning: Replacing existing TH1: hist (Potential memory leak).
TFile::Append:0: RuntimeWarning: Replacing existing TH1: hist (Potential memory leak).
0011381738851*leptonWeight*bjetWeight*puWeight*muonTriggerWeight*EE_L1_prefire_Weight*electronTriggerWeight*genWeightSign*METTriggerWeight
          hist nEntries =  14862.0
          hist integral =  1.64770478196
      Dataset =  Pt30to50  ||   nEvents =  35500760
          hist weight =  125055.266422*leptonWeight*bjetWeight*puWeight*muonTriggerWeight*EE_L1_prefire_Weight*electronTriggerWeight*genWeightSign*METTriggerWeight
          hist nEntries =  0.0
          hist integral =  0.0
      Dataset =  Pt470to600  ||   nEvents =  55331892
          hist weight =  0.414385125309*leptonWeight*bjetWeight*puWeight*muonTriggerWeight*EE_L1_prefire_Weight*electronTriggerWeight*genWeightSign*METTriggerWeight
          hist nEntries =  25110.0
          hist integral =  9191.185987
      Dataset =  Pt300to470  ||   nEvents =  110887780
          hist weight =  2.55799060997*leptonWeight*bjetWeight*puWeight*muonTriggerWeight*EE_L1_prefire_Weight*electronTriggerWeight*genWeightSign*METTriggerWeight
          hist nEntries =  6217.0
          hist integral =  13012.6154452
      Dataset =  Pt170to300  ||   nEvents =  56298920
          hist weight =  76.3488002967*leptonWeight*bjetWeight*puWeight*muonTriggerWeight*EE_L1_prefire_Weight*electronTriggerWeight*genWeightSign*METTriggerWeight
          hist nEntries =  62.0
          hist integral =  3813.28343201
      Dataset =  Pt800to1000  ||   nEvents =  77660008
          hist weight =  0.0140536735458*leptonWeight*bjetWeight*puWeight*muonTriggerWeight*EE_L1_prefire_Weight*electronTriggerWeight*genWeightSign*METTriggerWeight
          hist nEntries =  172781.0
          hist integral =  2189.46434975
      Dataset =  Pt600to800  ||   nEvents =  128548964
          hist weight =  0.0505600729695*leptonWeight*bjetWeight*puWeight*muonTriggerWeight*EE_L1_prefire_Weight*electronTriggerWeight*genWeightSign*METTriggerWeight
          hist nEntries =  148434.0
          hist integral =  6687.28227997
      Dataset =  Pt120to170  ||   nEvents =  29854280
          hist weight =  566.591088447*leptonWeight*bjetWeight*puWeight*muonTriggerWeight*EE_L1_prefire_Weight*electronTriggerWeight*genWeightSign*METTriggerWeight*(event!=3468768)
          hist nEntries =  2.0
          hist integral =  304.116607666
      Dataset =  Pt1000to1400  ||   nEvents =  35706078
          hist weight =  0.00868841153599*leptonWeight*bjetWeight*puWeight*muonTriggerWeight*EE_L1_prefire_Weight*electronTriggerWeight*genWeightSign*METTriggerWeight
          hist nEntries =  114450.0
          hist integral =  903.603226662
      Dataset =  Pt1400to1800  ||   nEvents =  11353270
          hist weight =  0.00237183225626*leptonWeight*bjetWeight*puWeight*muonTriggerWeight*EE_L1_prefire_Weight*electronTriggerWeight*genWeightSign*METTriggerWeight
          hist nEntries =  46305.0
          hist integral =  104.586339831
      Dataset =  Pt15to30  ||   nEvents =  19169000
          hist weight =  2699482.49778*leptonWeight*bjetWeight*puWeight*muonTriggerWeight*EE_L1_prefire_Weight*electronTriggerWeight*genWeightSign*METTriggerWeight
          hist nEntries =  0.0
          hist integral =  0.0
      Dataset =  Pt3200toInf  ||   nEvents =  757837
          hist weight =  7.43645533274e-06*leptonWeight*bjetWeight*puWeight*muonTriggerWeight*EE_L1_prefire_Weight*electronTriggerWeight*genWeightSign*METTriggerWeight
          hist nEntries =  7862.0
          hist integral =  0.0559808072867
      Dataset =  Pt80to120  ||   nEvents =  56387936
          hist weight =  1720.47581241*leptonWeight*bjetWeight*puWeight*muonTriggerWeight*EE_L1_prefire_Weight*electronTriggerWeight*genWeightSign*METTriggerWeight
          hist nEntries =  0.0
          hist integral =  0.0
      Dataset =  Pt1800to2400  ||   nEvents =  2923941
          hist weight =  0.00124180614452*leptonWeight*bjetWeight*puWeight*muonTriggerWeight*EE_L1_prefire_Weight*electronTriggerWeight*genWeightSign*METTriggerWeight
          hist nEntries =  16323.0
          hist integral =  19.5130761862
  Process =  WZ
      Dataset =  WZTo2Q2Nu  ||   nEvents =  18476383
 TFile::Append:0: RuntimeWarning: Replacing existing TH1: hist (Potential memory leak).
TFile::Append:0: RuntimeWarning: Replacing existing TH1: hist (Potential memory leak).
TFile::Append:0: RuntimeWarning: Replacing existing TH1: hist (Potential memory leak).
TFile::Append:0: RuntimeWarning: Replacing existing TH1: hist (Potential memory leak).
TFile::Append:0: RuntimeWarning: Replacing existing TH1: hist (Potential memory leak).
TFile::Append:0: RuntimeWarning: Replacing existing TH1: hist (Potential memory leak).
TFile::Append:0: RuntimeWarning: Replacing existing TH1: hist (Potential memory leak).
TFile::Append:0: RuntimeWarning: Replacing existing TH1: hist (Potential memory leak).
TFile::Append:0: RuntimeWarning: Replacing existing TH1: hist (Potential memory leak).
TFile::Append:0: RuntimeWarning: Replacing existing TH1: hist (Potential memory leak).
TFile::Append:0: RuntimeWarning: Replacing existing TH1: hist (Potential memory leak).
TFile::Append:0: RuntimeWarning: Replacing existing TH1: hist (Potential memory leak).
TFile::Append:0: RuntimeWarning: Replacing existing TH1: hist (Potential memory leak).
         hist weight =  0.0154149619003*leptonWeight*bjetWeight*puWeight*muonTriggerWeight*EE_L1_prefire_Weight*electronTriggerWeight*genWeightSign*METTriggerWeight
          hist nEntries =  7549.0
          hist integral =  62.8650245667
      Dataset =  WZTo2L2Q  ||   nEvents =  16664610
          hist weight =  0.0157775327475*leptonWeight*bjetWeight*puWeight*muonTriggerWeight*EE_L1_prefire_Weight*electronTriggerWeight*genWeightSign*METTriggerWeight
          hist nEntries =  931.0
          hist integral =  7.22316762805
      Dataset =  WZTo3LNu  ||   nEvents =  6887413
          hist weight =  0.0304627528507*leptonWeight*bjetWeight*puWeight*muonTriggerWeight*EE_L1_prefire_Weight*electronTriggerWeight*genWeightSign*METTriggerWeight
          hist nEntries =  145.0
          hist integral =  2.23878573626
      Dataset =  WZTo1L3Nu  ||   nEvents =  2717911
          hist weight =  0.0510661533803*leptonWeight*bjetWeight*puWeight*muonTriggerWeight*EE_L1_prefire_Weight*electronTriggerWeight*genWeightSign*METTriggerWeight
          hist nEntries =  277.0
          hist integral =  7.28146814182
      Dataset =  WZTo1L1Nu2Q  ||   nEvents =  11347099
          hist weight =  0.0426752071168*leptonWeight*bjetWeight*puWeight*muonTriggerWeight*EE_L1_prefire_Weight*electronTriggerWeight*genWeightSign*METTriggerWeight
          hist nEntries =  3201.0
          hist integral =  66.0688169599
  Process =  TTV
      Dataset =  TTZToQQ  ||   nEvents =  4602104
          hist weight =  0.00460591764115*leptonWeight*bjetWeight*puWeight*muonTriggerWeight*EE_L1_prefire_Weight*electronTriggerWeight*genWeightSign*METTriggerWeight
          hist nEntries =  21405.0
          hist integral =  39.2584598511
      Dataset =  TTWJetsToLNu  ||   nEvents =  5394782
          hist weight =  0.00165433876661*leptonWeight*bjetWeight*puWeight*muonTriggerWeight*EE_L1_prefire_Weight*electronTriggerWeight*genWeightSign*METTriggerWeight
          hist nEntries =  25456.0
          hist integral =  17.7373813391
      Dataset =  TTWJetsToQQ  ||   nEvents =  441560
          hist weight =  0.0405932330827*leptonWeight*bjetWeight*puWeight*muonTriggerWeight*EE_L1_prefire_Weight*electronTriggerWeight*genWeightSign*METTriggerWeight
          hist nEntries =  2466.0
          hist integral =  42.8016300499
      Dataset =  TTZToLLNuNu  ||   nEvents =  7316018
          hist weight =  0.0013805455372*leptonWeight*bjetWeight*puWeight*muonTriggerWeight*EE_L1_prefire_Weight*electronTriggerWeight*genWeightSign*METTriggerWeight
          hist nEntries =  77050.0
          hist integral =  36.5416915417
  Process =  ZTo2L
      Dataset =  1LHEZpT400-inf  ||   nEvents =  1337440
          hist weight =  0.00374795953463*leptonWeight*bjetWeight*puWeight*muonTriggerWeight*EE_L1_prefire_Weight*electronTriggerWeight*genWeightSign*METTriggerWeight
          hist nEntries =  2492.0
          hist integral =  5.63023596257
      Dataset =  2LHEZpT50-150  ||   nEvents =  20454601
          hist weight =  0.343129157103*leptonWeight*bjetWeight*puWeight*muonTriggerWeight*EE_L1_prefire_Weight*electronTriggerWeight*genWeightSign*METTriggerWeight
          hist nEntries =  25.0
          hist integral =  3.36046428047
      Dataset =  2LHEZpT400-inf  ||   nEvents =  4520161
          hist weight =  0.00412712644527*leptonWeight*bjetWeight*puWeight*muonTriggerWeight*EE_L1_prefire_Weight*electronTriggerWeight*genWeightSign*METTriggerWeight
          hist nEntries =  80620.0
          hist integral =  128.657594562
      Dataset =  1LHEZpT250-400  ||   nEvents =  6302049
          hist weight =  0.00722914245827*leptonWeight*bjetWeight*puWeight*muonTriggerWeight*EE_L1_prefire_Weight*electronTriggerWeight*genWeightSign*METTriggerWeight
          hist nEntries =  732.0
          hist integral =  2.91056405567
      Dataset =  2LHEZpT250-400  ||   nEvents =  20585656
          hist weight =  0.00552774222983*leptonWeight*bjetWeight*puWeight*muonTriggerWeight*EE_L1_prefire_Weight*electronTriggerWeight*genWeightSign*METTriggerWeight
          hist nEntries =  18050.0
          hist iTFile::Append:0: RuntimeWarning: Replacing existing TH1: hist (Potential memory leak).
TFile::Append:0: RuntimeWarning: Replacing existing TH1: hist (Potential memory leak).
TFile::Append:0: RuntimeWarning: Replacing existing TH1: hist (Potential memory leak).
TFile::Append:0: RuntimeWarning: Replacing existing TH1: hist (Potential memory leak).
TFile::Append:0: RuntimeWarning: Replacing existing TH1: hist (Potential memory leak).
TFile::Append:0: RuntimeWarning: Replacing existing TH1: hist (Potential memory leak).
TFile::Append:0: RuntimeWarning: Replacing existing TH1: hist (Potential memory leak).
TFile::Append:0: RuntimeWarning: Replacing existing TH1: hist (Potential memory leak).
TFile::Append:0: RuntimeWarning: Replacing existing TH1: hist (Potential memory leak).
TFile::Append:0: RuntimeWarning: Replacing existing TH1: hist (Potential memory leak).
TFile::Append:0: RuntimeWarning: Replacing existing TH1: hist (Potential memory leak).
TFile::Append:0: RuntimeWarning: Replacing existing TH1: hist (Potential memory leak).
TFile::Append:0: RuntimeWarning: Replacing existing TH1: hist (Potential memory leak).
TFile::Append:0: RuntimeWarning: Replacing existing TH1: hist (Potential memory leak).
ntegral =  29.5031333365
      Dataset =  1LHEZpT150-250  ||   nEvents =  11871687
          hist weight =  0.033233271733*leptonWeight*bjetWeight*puWeight*muonTriggerWeight*EE_L1_prefire_Weight*electronTriggerWeight*genWeightSign*METTriggerWeight
          hist nEntries =  16.0
          hist integral =  0.1839039388
      Dataset =  2LHEZpT150-250  ||   nEvents =  8544359
          hist weight =  0.0764559284084*leptonWeight*bjetWeight*puWeight*muonTriggerWeight*EE_L1_prefire_Weight*electronTriggerWeight*genWeightSign*METTriggerWeight
          hist nEntries =  316.0
          hist integral =  8.96226503327
      Dataset =  1LHEZpT50-150  ||   nEvents =  14777924
          hist weight =  0.88551700496*leptonWeight*bjetWeight*puWeight*muonTriggerWeight*EE_L1_prefire_Weight*electronTriggerWeight*genWeightSign*METTriggerWeight
          hist nEntries =  1.0
          hist integral =  1.31909418106
  Process =  singleTop
      Dataset =  ST_s-channel  ||   nEvents =  6167441
          hist weight =  0.0251842214624*leptonWeight*bjetWeight*puWeight*muonTriggerWeight*EE_L1_prefire_Weight*electronTriggerWeight*genWeightSign*METTriggerWeight
          hist nEntries =  5033.0
          hist integral =  61.6952633858
      Dataset =  ST_t-channel_antitop  ||   nEvents =  3675910
          hist weight =  0.767239214235*leptonWeight*bjetWeight*puWeight*muonTriggerWeight*EE_L1_prefire_Weight*electronTriggerWeight*genWeightSign*METTriggerWeight
          hist nEntries =  209.0
          hist integral =  143.790321708
      Dataset =  ST_tW_top  ||   nEvents =  7734344
          hist weight =  0.187451230512*leptonWeight*bjetWeight*puWeight*muonTriggerWeight*EE_L1_prefire_Weight*electronTriggerWeight*genWeightSign*METTriggerWeight
          hist nEntries =  2780.0
          hist integral =  449.197070599
      Dataset =  ST_t-channel_top  ||   nEvents =  5982064
          hist weight =  0.786576171703*leptonWeight*bjetWeight*puWeight*muonTriggerWeight*EE_L1_prefire_Weight*electronTriggerWeight*genWeightSign*METTriggerWeight
          hist nEntries =  531.0
          hist integral =  375.87914896
      Dataset =  ST_tW_antitop  ||   nEvents =  7916640
          hist weight =  0.183449556883*leptonWeight*bjetWeight*puWeight*muonTriggerWeight*EE_L1_prefire_Weight*electronTriggerWeight*genWeightSign*METTriggerWeight
          hist nEntries =  2739.0
          hist integral =  431.139882088
  Process =  WPlusJets
      Dataset =  2LHEWpT100-150  ||   nEvents =  33581046
          hist weight =  0.348294508158*leptonWeight*bjetWeight*puWeight*muonTriggerWeight*EE_L1_prefire_Weight*electronTriggerWeight*genWeightSign*METTriggerWeight
          hist nEntries =  333.0
          hist integral =  29.7902900903
      Dataset =  1LHEWpT100-150  ||   nEvents =  73598264
          hist weight =  0.160289267149*leptonWeight*bjetWeight*puWeight*muonTriggerWeight*EE_L1_prefire_Weight*electronTriggerWeight*genWeightSign*METTriggerWeight
          hist nEntries =  5.0
          hist integral =  0.281384122791
      Dataset =  2LHEWpT250-400  ||   nEvents =  22214536
          hist weight =  0.0337070240855*leptonWeight*bjetWeight*puWeight*muonTriggerWeight*EE_L1_prefire_Weight*electronTriggerWeight*genWeightSign*METTriggerWeight
          hist nEntries =  87591.0
          hist integral =  950.822562069
      Dataset =  1LHEWpT400-inf  ||   nEvents =  9564596
          hist weight =  0.00386442877462*leptonWeight*bjetWeight*puWeight*muonTriggerWeight*EE_L1_prefire_Weight*electronTriggerWeight*genWeightSign*METTriggerWeight
          hist nEntries =  7732.0
          hist integral =  17.4271253645
      Dataset =  2LHEWpT150-250  ||   nEvents =  168404529
          hist weight =  0.0267792245659*leptonWeight*bjetWeight*puWeight*muonTriggerWeight*EE_L1_prefire_Weight*electronTriggerWeight*genWeightSign*METTriggerWeight
          hist nEntries =  38243.0
          hist integral =  319.347894819
      Dataset =  1LHEWpT150-250  ||   nEvents =  63460137
          hist weight =  0.0469289295735*leptonWeight*bjetWeight*puWeight*muonTriggerWeight*EE_L1_prefire_TFile::Append:0: RuntimeWarning: Replacing existing TH1: hist (Potential memory leak).
TFile::Append:0: RuntimeWarning: Replacing existing TH1: hist (Potential memory leak).
Weight*electronTriggerWeight*genWeightSign*METTriggerWeight
          hist nEntries =  264.0
          hist integral =  5.30496016052
      Dataset =  2LHEWpT400-inf  ||   nEvents =  12101448
          hist weight =  0.0102954621629*leptonWeight*bjetWeight*puWeight*muonTriggerWeight*EE_L1_prefire_Weight*electronTriggerWeight*genWeightSign*METTriggerWeight
          hist nEntries =  186217.0
          hist integral =  674.607209206
      Dataset =  1LHEWpT250-400  ||   nEvents =  41110415
          hist weight =  0.00814226273318*leptonWeight*bjetWeight*puWeight*muonTriggerWeight*EE_L1_prefire_Weight*electronTriggerWeight*genWeightSign*METTriggerWeight
          hist nEntries =  8297.0
          hist integral =  34.4255000409
-----------------------------
Total data background nEvents =  59202.0
Total data background integral =  59202.0
-----------------------------
Total MC background nEvents =  1661132.0
Total MC background integral =  55142.9520264
-----------------------------
Total tt+DM signal nEvents =  9560.0
Total tt+DM signal integral =  168.424319029
Total t+DM signal nEvents =  2740.0
Total t+DM signal integral =  56.8303307295
-----------------------------
FOM for tt+DM signal =  0.417667578471
FOM for t+DM signal =  0.194854177615
-----------------------------
Data bin content:
    bin 0: 0.0
    bin 1: 20117.0
    bin 2: 12608.0
    bin 3: 8025.0
    bin 4: 5378.0
    bin 5: 3680.0
    bin 6: 2478.0
    bin 7: 1706.0
    bin 8: 1277.0
    bin 9: 948.0
    bin 10: 704.0
    bin 11: 504.0
    bin 12: 376.0
    bin 13: 295.0
    bin 14: 220.0
    bin 15: 164.0
    bin 16: 722.0
-----------------------------
MC background bin content:
    bin 0: 0.0
    bin 1: 19064.4765625
    bin 2: 11478.75
    bin 3: 7540.10986328
    bin 4: 4798.93505859
    bin 5: 3468.58081055
    bin 6: 2296.58276367
    bin 7: 1584.66357422
    bin 8: 1258.91394043
    bin 9: 863.557495117
    bin 10: 647.329589844
    bin 11: 458.335693359
    bin 12: 356.562713623
    bin 13: 275.289489746
    bin 14: 211.159088135
    bin 15: 160.436401367
    bin 16: 679.268981934
-----------------------------
tt+DM bin content:
    bin 0: 0.0
    bin 1: 38.9524154663
    bin 2: 27.8420619965
    bin 3: 21.2967758179
    bin 4: 16.3911628723
    bin 5: 11.8399486542
    bin 6: 10.0431604385
    bin 7: 7.16046905518
    bin 8: 6.32934093475
    bin 9: 5.21846246719
    bin 10: 4.07025575638
    bin 11: 3.29072141647
    bin 12: 2.41133236885
    bin 13: 2.35153245926
    bin 14: 1.7335613966
    bin 15: 1.48587763309
    bin 16: 8.00724029541
-----------------------------
t+DM bin content:
    bin 0: 0.0
    bin 1: 10.3180541992
    bin 2: 8.16155433655
    bin 3: 7.45063877106
    bin 4: 5.83458709717
    bin 5: 4.03660583496
    bin 6: 3.29529428482
    bin 7: 3.09451150894
    bin 8: 1.85573148727
    bin 9: 1.85980033875
    bin 10: 1.80057454109
    bin 11: 1.41992604733
    bin 12: 1.44175946712
    bin 13: 1.03694105148
    bin 14: 0.871663093567
    bin 15: 0.711295723915
    bin 16: 3.64139294624
-----------------------------
Data bin errors:
    bin 0: 0.0
    bin 1: 141.834410493
    bin 2: 112.285350781
    bin 3: 89.5823643358
    bin 4: 73.3348484692
    bin 5: 60.6630035524
    bin 6: 49.7795138586
    bin 7: 41.3037528561
    bin 8: 35.7351367704
    bin 9: 30.7896086367
    bin 10: 26.5329983228
    bin 11: 22.4499443206
    bin 12: 19.3907194297
    bin 13: 17.1755640373
    bin 14: 14.8323969742
    bin 15: 12.8062484749
    bin 16: 26.8700576851
-----------------------------
MC background bin errors:
    bin 0: 0.0
    bin 1: 541.831083633
    bin 2: 265.544734024
    bin 3: 206.200591458
    bin 4: 97.0218070541
    bin 5: 143.036706053
    bin 6: 32.407919913
    bin 7: 23.6487560649
    bin 8: 109.684945889
    bin 9: 15.5000393706
    bin 10: 11.4939706981
    bin 11: 8.56543430388
    bin 12: 6.68608413228
    bin 13: 5.59070297034
    bin 14: 5.89721232584
    bin 15: 4.02795193743
    bin 16: 9.42410507237
-----------------------------
tt+DM bin errors:
    bin 0: 0.0
    bin 1: 0.897635869927
    bin 2: 0.765193224555
   Info in <TCanvas::Print>: png file AH0lQR2017_METcorrected_pt_01_20_2023_NLO.png has been created
 bin 3: 0.664763363122
    bin 4: 0.582236386204
    bin 5: 0.49161489995
    bin 6: 0.460382471472
    bin 7: 0.384849276055
    bin 8: 0.362497430694
    bin 9: 0.330521797599
    bin 10: 0.292549381135
    bin 11: 0.265216915313
    bin 12: 0.224459320589
    bin 13: 0.223308844878
    bin 14: 0.190705690454
    bin 15: 0.176516970971
    bin 16: 0.414042753326
-----------------------------
t+DM bin errors:
    bin 0: 0.0
    bin 1: 0.597171320551
    bin 2: 0.51759108572
    bin 3: 0.495753961936
    bin 4: 0.435465635413
    bin 5: 0.355784239477
    bin 6: 0.323739792358
    bin 7: 0.31861362844
    bin 8: 0.228938765571
    bin 9: 0.243235814295
    bin 10: 0.225841674156
    bin 11: 0.198780823184
    bin 12: 0.217985469388
    bin 13: 0.170508829357
    bin 14: 0.182016210694
    bin 15: 0.157864349836
    bin 16: 0.343260757754
-----------------------------
ZTo2Nu hist info:
    nEvents =  294011.0
    integral =  1549.02029419
tbar scalar hist info:
    nEvents =  2740.0
    integral =  56.8303307295
TTTo2L2Nu hist info:
    nEvents =  3716.0
    integral =  1310.02188015
singleTop hist info:
    nEvents =  11292.0
    integral =  1461.70170689
TTV hist info:
    nEvents =  126377.0
    integral =  136.339162946
bkgSum hist info:
    nEvents =  1661132.0
    integral =  55142.9520264
ttbar scalar hist info:
    nEvents =  9560.0
    integral =  168.424319029
VV hist info:
    nEvents =  23390.0
    integral =  263.838335037
QCD hist info:
    nEvents =  552409.0
    integral =  36335.524334
ZTo2L hist info:
    nEvents =  102252.0
    integral =  180.52725184
data hist info:
    nEvents =  59202.0
    integral =  59202.0
WPlusJets hist info:
    nEvents =  328682.0
    integral =  2032.00697327
TTToSemiLepton hist info:
    nEvents =  219003.0
    integral =  11873.9730225
Finished filling histograms
Creating stacked MC background histogram...
Finished stacking MC background histograms.
Drawing histograms...
Finished drawing histograms
Drawing ratio plot...
Plotting end time: 2023-01-23 03:01:18.990657
