Plotting start time: 2021-09-18 16:25:15.044261
Cut name =  AH0lQR
MC Selection Cuts =  (nVetoElectrons + nLooseMuons) == 0 && njets >= 3 && nbjets >= 1 && METcorrected_pt >= 250 && ntaus == 0 && minDeltaPhi12 <= 0.8 && Flag_goodVertices && Flag_globalSuperTightHalo2016Filter && Flag_HBHENoiseFilter && Flag_HBHENoiseIsoFilter && Flag_EcalDeadCellTriggerPrimitiveFilter && Flag_BadPFMuonFilter && Flag_ecalBadCalibFilterV2 && Flag_eeBadScFilter && (HLT_PFMETNoMu120_PFMHTNoMu120_IDTight || HLT_PFMETNoMu120_PFMHTNoMu120_IDTight_PFHT60) && PV_npvsGood > 0 && PV_ndof > 4 && abs(PV_z) < 24 && sqrt(pow(PV_x,2)+pow(PV_y,2)) < 2 && nfjets == 0
Data Selection Cuts =  (nVetoElectrons + nLooseMuons) == 0 && njets >= 3 && nbjets >= 1 && METcorrected_pt >= 250 && ntaus == 0 && minDeltaPhi12 <= 0.8 && Flag_goodVertices && Flag_globalSuperTightHalo2016Filter && Flag_HBHENoiseFilter && Flag_HBHENoiseIsoFilter && Flag_EcalDeadCellTriggerPrimitiveFilter && Flag_BadPFMuonFilter && Flag_ecalBadCalibFilterV2 && Flag_eeBadScFilter && (HLT_PFMETNoMu120_PFMHTNoMu120_IDTight || HLT_PFMETNoMu120_PFMHTNoMu120_IDTight_PFHT60) && PV_npvsGood > 0 && PV_ndof > 4 && abs(PV_z) < 24 && sqrt(pow(PV_x,2)+pow(PV_y,2)) < 2 && nfjets == 0 && Flag_eeBadScFilter
var =  Jet_pt[index_centralJets[0]]
year =  2017
lumi =  41.53
saveDirectory =  plots/2018_QCDCR_debugging/RunII_plots/Jet_pt/
date =  09_17_2021
Creating histograms..
Finished making systematic histogram dictionary
Drawing data and ratio plot...
Selected MET dataset
Loading data sample root files and event trees...
    nevents in filepath = /hdfs/store/user/vshang/MET_Run2017B/MET/ModuleCommonSkim_09072021/tree_all.root: 158890
    nevents in filepath = /hdfs/store/user/vshang/MET_Run2017C/MET/ModuleCommonSkim_09072021/tree_all.root: 319228
    nevents in filepath = /hdfs/store/user/vshang/MET_Run2017D/MET/ModuleCommonSkim_09072021/tree_all.root: 152718
    nevents in filepath = /hdfs/store/user/vshang/MET_Run2017E/MET/ModuleCommonSkim_09072021/tree_all.root: 397268
    nevents in filepath = /hdfs/store/user/vshang/MET_Run2017F/MET/ModuleCommonSkim_09072021/tree_all.root: 659041
    total nevents in  MET :  1687145
Got data sample root files and event trees
Loading MC sample root files and event trees...
    nevents in  ZTo2Nu   HT600To800 :  5649241
    nevents in  ZTo2Nu   HT1200To2500 :  340873
    nevents in  ZTo2Nu   HT100To200 :  22737266
    nevents in  ZTo2Nu   HT2500ToInf :  6734
    nevents in  ZTo2Nu   HT800To1200 :  2058077
    nevents in  ZTo2Nu   HT200To400 :  21446397
    nevents in  ZTo2Nu   HT400To600 :  9542035
    nevents in  WW   WWTo1L1Nu2Q :  5054286
    nevents in  WW   WWTo4Q :  2000000
    nevents in  WW   WWTo2L2Nu :  2000000
    nevents in  ttbarPlusJets   TTToSemiLepton :  241119449
    nevents in  ttbarPlusJets   TTTo2L2Nu :  9000000
    nevents in  ttbar scalar   ttDM_MChi1_MPhi100_scalar :  1542620
    nevents in  ZZ   ZZTo2Q2Nu :  62115355
    nevents in  ZZ   ZZTo4L :  6964071
    nevents in  ZZ   ZZTo2L2Q :  27441872
    nevents in  ZZ   ZZTo2L2Nu :  8744768
    nevents in  QCD   HT700To1000 :  46840955
    nevents in  QCD   HT500To700 :  56207744
    nevents in  QCD   HT2000ToInf :  5941306
    nevents in  QCD   HT1000To1500 :  16824762
    nevents in  QCD   HT1500To2000 :  11634434
    nevents in  QCD   HT100To200 :  93231801
    nevents in  QCD   HT300To500 :  59569132
    nevents in  QCD   HT200To300 :  59197363
    nevents in  WZ   WZTo2Q2Nu :  30748033
    nevents in  WZ   WZTo2L2Q :  27582164
    nevents in  WZ   WZTo3LNu :  10987679
    nevents in  WZ   WZTo1L3Nu :  4994395
    nevents in  WZ   WZTo1L1Nu2Q :  19086373
    nevents in  ttbar pseudoscalar   ttDM_MChi1_MPhi100_pseudo :  2017188
    nevents in  TTV   TTZToQQ :  9690000
    nevents in  TTV   TTWJetsToLNu :  9920372
    nevents in  TTV   TTWJetsToQQ :  811306
    nevents in  TTV   TTZToLLNuNu :  15496140
    nevents in  ZTo2L   HT600To800 :  8743640
    nevents in  ZTo2L   HT1200To2500 :  625517
    nevents in  ZTo2L   HT100To200 :  15147827
    nevents in  ZTo2L   HT2500ToInf :  419308
    nevents in  ZInfo in <TCanvas::MakeDefCanvas>:  created default TCanvas with name c1
TFile::Append:0: RuntimeWarning: Replacing existing TH1: hist (Potential memory leak).
TFile::Append:0: RuntimeWarning: Replacing existing TH1: hist (Potential memory leak).
TFile::Append:0: RuntimeWarning: Replacing existing TH1: hist (Potential memory leak).
TFile::Append:0: RuntimeWarning: Replacing existing TH1: hist (Potential memory leak).
TFile::Append:0: RuntimeWarning: Replacing existing TH1: hist (Potential memory leak).
TFile::Append:0: RuntimeWarning: Replacing existing TH1: hist (Potential memory leak).
TFile::Append:0: RuntimeWarning: Replacing existing TH1: hist (Potential memory leak).
TFile::Append:0: RuntimeWarning: Replacing existing TH1: hist (Potential memory leak).
TFile::Append:0: RuntimeWarning: Replacing existing TH1: hist (Potential memory leak).
TFile::Append:0: RuntimeWarning: Replacing existing TH1: hist (Potential memory leak).
TFile::Append:0: RuntimeWarning: Replacing existing TH1: hist (Potential memory leak).
TFile::Append:0: RuntimeWarning: Replacing existing TH1: hist (Potential memory leak).
TFile::Append:0: RuntimeWarning: Replacing existing TH1: hist (Potential memory leak).
TFile::Append:0: RuntimeWarning: Replacing existing TH1: hist (Potential memory leak).
TFile::Append:0: RuntimeWarning: Replacing existing TH1: hist (Potential memory leak).
TFile::Append:0: RuntimeWarning: Replacing existing TH1: hist (Potential memory leak).
TFile::Append:0: RuntimeWarning: Replacing existing TH1: hist (Potential memory leak).
To2L   HT800To1200 :  3114980
    nevents in  ZTo2L   HT200To400 :  11929310
    nevents in  ZTo2L   HT400To600 :  11343818
    nevents in  singleTop   ST_s-channel :  9883805
    nevents in  singleTop   ST_t-channel_antitop :  3675910
    nevents in  singleTop   ST_tW_top :  7794186
    nevents in  singleTop   ST_t-channel_top :  5982064
    nevents in  singleTop   ST_tW_antitop :  7977430
    nevents in  WPlusJets   HT200To400 :  21250517
    nevents in  WPlusJets   HT70To100 :  22226705
    nevents in  WPlusJets   HT600To800 :  21709087
    nevents in  WPlusJets   HT1200To2500 :  20258624
    nevents in  WPlusJets   HT100To200 :  35862893
    nevents in  WPlusJets   HT400To600 :  14313274
    nevents in  WPlusJets   HT2500ToInf :  21495421
    nevents in  WPlusJets   HT800To1200 :  20432728
Got MC sample root files and event trees
Filling histograms...
  Dataset =  MET  ||   nEvents =  1687145
   Using cut =  (nVetoElectrons + nLooseMuons) == 0 && njets >= 3 && nbjets >= 1 && METcorrected_pt >= 250 && ntaus == 0 && minDeltaPhi12 <= 0.8 && Flag_goodVertices && Flag_globalSuperTightHalo2016Filter && Flag_HBHENoiseFilter && Flag_HBHENoiseIsoFilter && Flag_EcalDeadCellTriggerPrimitiveFilter && Flag_BadPFMuonFilter && Flag_ecalBadCalibFilterV2 && Flag_eeBadScFilter && (HLT_PFMETNoMu120_PFMHTNoMu120_IDTight) && PV_npvsGood > 0 && PV_ndof > 4 && abs(PV_z) < 24 && sqrt(pow(PV_x,2)+pow(PV_y,2)) < 2 && nfjets == 0 && Flag_eeBadScFilter
    hist nEntries =  4887.0
    hist integral =  4887.0
    hist_data nEntries =  4887.0
    hist_data integral =  4887.0
    hist nEntries =  9792.0
    hist integral =  9792.0
    hist_data nEntries =  14679.0
    hist_data integral =  14679.0
    hist nEntries =  4383.0
    hist integral =  4383.0
    hist_data nEntries =  19062.0
    hist_data integral =  19062.0
    hist nEntries =  10229.0
    hist integral =  10229.0
    hist_data nEntries =  29291.0
    hist_data integral =  29291.0
    hist nEntries =  14778.0
    hist integral =  14778.0
    hist_data nEntries =  44069.0
    hist_data integral =  44069.0
  Process =  ZTo2Nu
      Dataset =  HT600To800  ||   nEvents =  5649241
Applied ZTo2Nu qcd/ewk Weights correctly
          hist nEntries =  20095.0
          hist integral =  491.020938953
      Dataset =  HT1200To2500  ||   nEvents =  340873
Applied ZTo2Nu qcd/ewk Weights correctly
          hist nEntries =  4260.0
          hist integral =  170.135489205
      Dataset =  HT100To200  ||   nEvents =  22737266
Applied ZTo2Nu qcd/ewk Weights correctly
          hist nEntries =  1.0
          hist integral =  0.0989078357816
      Dataset =  HT2500ToInf  ||   nEvents =  6734
Applied ZTo2Nu qcd/ewk Weights correctly
          hist nEntries =  107.0
          hist integral =  3.31744691869
      Dataset =  HT800To1200  ||   nEvents =  2058077
Applied ZTo2Nu qcd/ewk Weights correctly
          hist nEntries =  14521.0
          hist integral =  434.218382526
      Dataset =  HT200To400  ||   nEvents =  21446397
Applied ZTo2Nu qcd/ewk Weights correctly
          hist nEntries =  551.0
          hist integral =  105.528418228
      Dataset =  HT400To600  ||   nEvents =  9542035
Applied ZTo2Nu qcd/ewk Weights correctly
          hist nEntries =  9334.0
          hist integral =  571.15523652
  Process =  WW
      Dataset =  WWTo1L1Nu2Q  ||   nEvents =  5054286
          hist nEntries =  128.0
          hist integral =  75.5746211261
      Dataset =  WWTo4Q  ||   nEvents =  2000000
          hist nEntries =  0.0
          hist integral =  0.0
      Dataset =  WWTo2L2Nu  ||   nEvents =  2000000
          hist nEntries =  26.0
          hist integral =  5.76987056434
  Process =  ttbarPlusJets
      Dataset =  TTToSemiLepton  ||   nEvents =  241119449
          hist nEntries =  151754.0
          hist integral =  8932.98038432
      Dataset =  TTTo2L2Nu  ||   nEvents =  9000000
          hist nEntries =  2568.0
          hist integral =  955.400343299
  Process =  ttbar scalar
      Dataset =  ttDM_MChi1_MPhi100_scalar  ||   nEvents =  1542620
          hist nEntries =  6709.0
          hist integTFile::Append:0: RuntimeWarning: Replacing existing TH1: hist (Potential memory leak).
TFile::Append:0: RuntimeWarning: Replacing existing TH1: hist (Potential memory leak).
TFile::Append:0: RuntimeWarning: Replacing existing TH1: hist (Potential memory leak).
TFile::Append:0: RuntimeWarning: Replacing existing TH1: hist (Potential memory leak).
TFile::Append:0: RuntimeWarning: Replacing existing TH1: hist (Potential memory leak).
TFile::Append:0: RuntimeWarning: Replacing existing TH1: hist (Potential memory leak).
TFile::Append:0: RuntimeWarning: Replacing existing TH1: hist (Potential memory leak).
TFile::Append:0: RuntimeWarning: Replacing existing TH1: hist (Potential memory leak).
TFile::Append:0: RuntimeWarning: Replacing existing TH1: hist (Potential memory leak).
TFile::Append:0: RuntimeWarning: Replacing existing TH1: hist (Potential memory leak).
TFile::Append:0: RuntimeWarning: Replacing existing TH1: hist (Potential memory leak).
TFile::Append:0: RuntimeWarning: Replacing existing TH1: hist (Potential memory leak).
TFile::Append:0: RuntimeWarning: Replacing existing TH1: hist (Potential memory leak).
TFile::Append:0: RuntimeWarning: Replacing existing TH1: hist (Potential memory leak).
TFile::Append:0: RuntimeWarning: Replacing existing TH1: hist (Potential memory leak).
TFile::Append:0: RuntimeWarning: Replacing existing TH1: hist (Potential memory leak).
TFile::Append:0: RuntimeWarning: Replacing existing TH1: hist (Potential memory leak).
TFile::Append:0: RuntimeWarning: Replacing existing TH1: hist (Potential memory leak).
TFile::Append:0: RuntimeWarning: Replacing existing TH1: hist (Potential memory leak).
TFile::Append:0: RuntimeWarning: Replacing existing TH1: hist (Potential memory leak).
TFile::Append:0: RuntimeWarning: Replacing existing TH1: hist (Potential memory leak).
TFile::Append:0: RuntimeWarning: Replacing existing TH1: hist (Potential memory leak).
TFile::Append:0: RuntimeWarning: Replacing existing TH1: hist (Potential memory leak).
TFile::Append:0: RuntimeWarning: Replacing existing TH1: hist (Potential memory leak).
TFile::Append:0: RuntimeWarning: Replacing existing TH1: hist (Potential memory leak).
TFile::Append:0: RuntimeWarning: Replacing existing TH1: hist (Potential memory leak).
TFile::Append:0: RuntimeWarning: Replacing existing TH1: hist (Potential memory leak).
TFile::Append:0: RuntimeWarning: Replacing existing TH1: hist (Potential memory leak).
TFile::Append:0: RuntimeWarning: Replacing existing TH1: hist (Potential memory leak).
ral =  123.364633312
  Process =  ZZ
      Dataset =  ZZTo2Q2Nu  ||   nEvents =  62115355
          hist nEntries =  8126.0
          hist integral =  22.8802568316
      Dataset =  ZZTo4L  ||   nEvents =  6964071
          hist nEntries =  7.0
          hist integral =  0.0544577524997
      Dataset =  ZZTo2L2Q  ||   nEvents =  27441872
          hist nEntries =  511.0
          hist integral =  2.8117456222
      Dataset =  ZZTo2L2Nu  ||   nEvents =  8744768
          hist nEntries =  67.0
          hist integral =  0.150083509972
  Process =  QCD
      Dataset =  HT700To1000  ||   nEvents =  46840955
          hist nEntries =  1224.0
          hist integral =  6016.26583491
      Dataset =  HT500To700  ||   nEvents =  56207744
          hist nEntries =  61.0
          hist integral =  940.836890429
      Dataset =  HT2000ToInf  ||   nEvents =  5941306
          hist nEntries =  14201.0
          hist integral =  1873.28930029
      Dataset =  HT1000To1500  ||   nEvents =  16824762
          hist nEntries =  4726.0
          hist integral =  11679.6059952
      Dataset =  HT1500To2000  ||   nEvents =  11634434
          hist nEntries =  13503.0
          hist integral =  4408.19347143
      Dataset =  HT100To200  ||   nEvents =  93231801
          hist nEntries =  0.0
          hist integral =  0.0
      Dataset =  HT300To500  ||   nEvents =  59569132
          hist nEntries =  2.0
          hist integral =  256.816754103
      Dataset =  HT200To300  ||   nEvents =  59197363
          hist nEntries =  0.0
          hist integral =  0.0
  Process =  WZ
      Dataset =  WZTo2Q2Nu  ||   nEvents =  30748033
          hist nEntries =  5784.0
          hist integral =  48.4334895387
      Dataset =  WZTo2L2Q  ||   nEvents =  27582164
          hist nEntries =  676.0
          hist integral =  6.16762670863
      Dataset =  WZTo3LNu  ||   nEvents =  10987679
          hist nEntries =  106.0
          hist integral =  1.99708353262
      Dataset =  WZTo1L3Nu  ||   nEvents =  4994395
          hist nEntries =  186.0
          hist integral =  4.60205117159
      Dataset =  WZTo1L1Nu2Q  ||   nEvents =  19086373
          hist nEntries =  2363.0
          hist integral =  55.0020099804
  Process =  ttbar pseudoscalar
      Dataset =  ttDM_MChi1_MPhi100_pseudo  ||   nEvents =  2017188
          hist nEntries =  10222.0
          hist integral =  38.4411948547
  Process =  TTV
      Dataset =  TTZToQQ  ||   nEvents =  9690000
          hist nEntries =  14461.0
          hist integral =  30.1180937141
      Dataset =  TTWJetsToLNu  ||   nEvents =  9920372
          hist nEntries =  17701.0
          hist integral =  14.9175741854
      Dataset =  TTWJetsToQQ  ||   nEvents =  811306
          hist nEntries =  1639.0
          hist integral =  34.6360856164
      Dataset =  TTZToLLNuNu  ||   nEvents =  15496140
          hist nEntries =  50534.0
          hist integral =  31.0332380566
  Process =  ZTo2L
      Dataset =  HT600To800  ||   nEvents =  8743640
Applied ZTo2L qcd/ewk Weights correctly
          hist nEntries =  7644.0
          hist integral =  47.9758218531
      Dataset =  HT1200To2500  ||   nEvents =  625517
Applied ZTo2L qcd/ewk Weights correctly
          hist nEntries =  1432.0
          hist integral =  12.6539185997
      Dataset =  HT100To200  ||   nEvents =  15147827
Applied ZTo2L qcd/ewk Weights correctly
          hist nEntries =  2.0
          hist integral =  0.281228266656
      Dataset =  HT2500ToInf  ||   nEvents =  419308
Applied ZTo2L qcd/ewk Weights correctly
          hist nEntries =  1274.0
          hist integral =  0.358633888914
      Dataset =  HT800To1200  ||   nEvents =  3114980
Applied ZTo2L qcd/ewk Weights correctly
          hist nEntries =  5365.0
          hist integral =  39.4702119725
      Dataset =  HT200To400  ||   nEvents =  11929310
Applied ZTo2L qcd/ewk Weights correctly
          hist nEntries =  54.0
          hist integral =  6.75220156834
      Dataset =  HT400To600  ||   nEvents =  11343818
Applied ZTo2L qcd/ewk Weights correctly
          hist nEntries =  1861.0
          hist TFile::Append:0: RuntimeWarning: Replacing existing TH1: hist (Potential memory leak).
TFile::Append:0: RuntimeWarning: Replacing existing TH1: hist (Potential memory leak).
TFile::Append:0: RuntimeWarning: Replacing existing TH1: hist (Potential memory leak).
TFile::Append:0: RuntimeWarning: Replacing existing TH1: hist (Potential memory leak).
TFile::Append:0: RuntimeWarning: Replacing existing TH1: hist (Potential memory leak).
TFile::Append:0: RuntimeWarning: Replacing existing TH1: hist (Potential memory leak).
TFile::Append:0: RuntimeWarning: Replacing existing TH1: hist (Potential memory leak).
TFile::Append:0: RuntimeWarning: Replacing existing TH1: hist (Potential memory leak).
TFile::Append:0: RuntimeWarning: Replacing existing TH1: hist (Potential memory leak).
TFile::Append:0: RuntimeWarning: Replacing existing TH1: hist (Potential memory leak).
TFile::Append:0: RuntimeWarning: Replacing existing TH1: hist (Potential memory leak).
TFile::Append:0: RuntimeWarning: Replacing existing TH1: hist (Potential memory leak).
TFile::Append:0: RuntimeWarning: Replacing existing TH1: hist (Potential memory leak).
integral =  40.5844237674
  Process =  singleTop
      Dataset =  ST_s-channel  ||   nEvents =  9883805
          hist nEntries =  4136.0
          hist integral =  62.3459076658
      Dataset =  ST_t-channel_antitop  ||   nEvents =  3675910
          hist nEntries =  139.0
          hist integral =  97.6560047194
      Dataset =  ST_tW_top  ||   nEvents =  7794186
          hist nEntries =  1952.0
          hist integral =  342.179628536
      Dataset =  ST_t-channel_top  ||   nEvents =  5982064
          hist nEntries =  340.0
          hist integral =  255.801580124
      Dataset =  ST_tW_antitop  ||   nEvents =  7977430
          hist nEntries =  1926.0
          hist integral =  327.600027591
  Process =  WPlusJets
      Dataset =  HT200To400  ||   nEvents =  21250517
Applied WPlusJets qcd/ewk Weights correctly
          hist nEntries =  306.0
          hist integral =  221.450574934
      Dataset =  HT70To100  ||   nEvents =  22226705
Applied WPlusJets qcd/ewk Weights correctly
          hist nEntries =  0.0
          hist integral =  0.0
      Dataset =  HT600To800  ||   nEvents =  21709087
Applied WPlusJets qcd/ewk Weights correctly
          hist nEntries =  22802.0
          hist integral =  469.578781586
      Dataset =  HT1200To2500  ||   nEvents =  20258624
Applied WPlusJets qcd/ewk Weights correctly
          hist nEntries =  85058.0
          hist integral =  157.01243131
      Dataset =  HT100To200  ||   nEvents =  35862893
Applied WPlusJets qcd/ewk Weights correctly
          hist nEntries =  0.0
          hist integral =  0.0
      Dataset =  HT400To600  ||   nEvents =  14313274
Applied WPlusJets qcd/ewk Weights correctly
          hist nEntries =  4870.0
          hist integral =  705.956363771
      Dataset =  HT2500ToInf  ||   nEvents =  21495421
Applied WPlusJets qcd/ewk Weights correctly
          hist nEntries =  145777.0
          hist integral =  1.97545841398
      Dataset =  HT800To1200  ||   nEvents =  20432728
Applied WPlusJets qcd/ewk Weights correctly
          hist nEntries =  43298.0
          hist integral =  389.697392083
-----------------------------
Total data background nEvents =  44069.0
Total data background integral =  44069.0
-----------------------------
Total MC background nEvents =  667459.0
Total MC background integral =  40352.3434391
-----------------------------
Total tt+DM signal nEvents =  6709.0
Total tt+DM signal integral =  123.364633312
-----------------------------
-----------------------------
FOM for tt+DM signal =  0.614124313394
-----------------------------
Data bin errors:
    bin 0: 0.0
    bin 1: 0.0
    bin 2: 3.16227766017
    bin 3: 4.24264068712
    bin 4: 7.87400787401
    bin 5: 12.449899598
    bin 6: 18.0554700853
    bin 7: 26.3818119165
    bin 8: 33.0
    bin 9: 40.5832477754
    bin 10: 45.3762052182
    bin 11: 49.7493718553
    bin 12: 51.9037570894
    bin 13: 52.5737577124
    bin 14: 52.1152568832
    bin 15: 52.4785670536
    bin 16: 52.3832034148
    bin 17: 49.3254498206
    bin 18: 47.7074417675
    bin 19: 45.1884941108
    bin 20: 43.6233882224
    bin 21: 41.701318924
    bin 22: 38.4447655735
    bin 23: 35.9304884464
    bin 24: 33.674916481
    bin 25: 31.1448230048
    bin 26: 29.1547594742
    bin 27: 26.4386081328
    bin 28: 25.2586618806
    bin 29: 24.2074368738
    bin 30: 21.6564078277
-----------------------------
MC background bin errors:
    bin 0: 0.0
    bin 1: 0.0
    bin 2: 0.27393777085
    bin 3: 0.623688257598
    bin 4: 1.81467341253
    bin 5: 14.5757562074
    bin 6: 20.9181499267
    bin 7: 49.0311924202
    bin 8: 60.5401115765
    bin 9: 74.0673642431
    bin 10: 98.6078185049
    bin 11: 78.1894752606
    bin 12: 94.5774998706
    bin 13: 82.2851410516
    bin 14: 83.2956532982
    bin 15: 268.278972718
    bin 16: 77.7172309944
    bin 17: 78.6509132941
    bin 18: 74.4001010217
    bin 19: 61.0406653046
    bin 20: 57.7182890033
    bin 21: 52.3758683901
    bin 22: 47.8740626079
    bin 23: 40.4350223347
    bin 24: 35.8538776079
    bin 25: 30.8169598681
    bin 26: 25.4453768511
    bin 27: 23.8373576Info in <TCanvas::Print>: png file plots/2018_QCDCR_debugging/RunII_plots/Jet_pt/09_17_2021/AH0lQR2017_Jet_pt[index_centralJets[0]]_09_17_2021_0fjet.png has been created
282
    bin 28: 16.7342636478
    bin 29: 15.1495272891
    bin 30: 12.7344830539
-----------------------------
tt+DM bin errors:
    bin 0: 0.0
    bin 1: 0.0
    bin 2: 0.0
    bin 3: 0.0216362780554
    bin 4: 0.0680045789364
    bin 5: 0.15531871307
    bin 6: 0.211529478763
    bin 7: 0.29282142414
    bin 8: 0.353891000057
    bin 9: 0.375666846729
    bin 10: 0.40490433595
    bin 11: 0.397304743755
    bin 12: 0.403064458109
    bin 13: 0.401876252811
    bin 14: 0.406284474418
    bin 15: 0.409692531947
    bin 16: 0.370772135278
    bin 17: 0.390952276641
    bin 18: 0.333380262096
    bin 19: 0.335893459759
    bin 20: 0.324361443073
    bin 21: 0.280843515473
    bin 22: 0.262195358364
    bin 23: 0.249889964695
    bin 24: 0.221818783407
    bin 25: 0.197252954138
    bin 26: 0.18803709109
    bin 27: 0.204420326621
    bin 28: 0.178733635321
    bin 29: 0.151793647738
    bin 30: 0.163503807854
-----------------------------
-----------------------------
ttbar pseudoscalar hist info:
    nEvents =  10222.0
    integral =  38.4411948547
ZTo2Nu hist info:
    nEvents =  48869.0
    integral =  1775.47482689
TTTo2L2Nu hist info:
    nEvents =  2568.0
    integral =  955.400343299
singleTop hist info:
    nEvents =  8493.0
    integral =  1085.58315036
TTV hist info:
    nEvents =  84335.0
    integral =  110.70499078
bkgSum hist info:
    nEvents =  667459.0
    integral =  40352.3434391
ttbar scalar hist info:
    nEvents =  6709.0
    integral =  123.364633312
VV hist info:
    nEvents =  17980.0
    integral =  223.44329543
QCD hist info:
    nEvents =  33717.0
    integral =  25175.0080594
ZTo2L hist info:
    nEvents =  17632.0
    integral =  148.076440281
data hist info:
    nEvents =  44069.0
    integral =  44069.0
WPlusJets hist info:
    nEvents =  302111.0
    integral =  1945.67103894
TTToSemiLepton hist info:
    nEvents =  151754.0
    integral =  8932.98038432
Finished filling histograms
Creating stacked MC background histogram...
Finished stacking MC background histograms.
Drawing histograms...
Finished drawing histograms
Drawing ratio plot...
Finished drawing ratio plot
Plotting end time: 2021-09-18 16:35:04.709735
