Plotting start time: 2021-10-17 21:08:42.097255
Cut name =  AH0l1fSR
MC Selection Cuts =  (nVetoElectrons + nLooseMuons) == 0 && njets >= 3 && nbjets == 1 && METcorrected_pt >= 250 && ntaus == 0 && minDeltaPhi > 0.4 && Flag_goodVertices && Flag_globalSuperTightHalo2016Filter && Flag_HBHENoiseFilter && Flag_HBHENoiseIsoFilter && Flag_EcalDeadCellTriggerPrimitiveFilter && Flag_BadPFMuonFilter && Flag_ecalBadCalibFilterV2 && (HLT_PFMETNoMu120_PFMHTNoMu120_IDTight || HLT_PFMETNoMu120_PFMHTNoMu120_IDTight_PFHT60) && PV_npvsGood > 0 && PV_ndof > 4 && abs(PV_z) < 24 && sqrt(pow(PV_x,2)+pow(PV_y,2)) < 2 && nfjets >= 1 && minDeltaPhi12 >= 0.8 && M_Tb >= 140
Data Selection Cuts =  (nVetoElectrons + nLooseMuons) == 0 && njets >= 3 && nbjets == 1 && METcorrected_pt >= 250 && ntaus == 0 && minDeltaPhi > 0.4 && Flag_goodVertices && Flag_globalSuperTightHalo2016Filter && Flag_HBHENoiseFilter && Flag_HBHENoiseIsoFilter && Flag_EcalDeadCellTriggerPrimitiveFilter && Flag_BadPFMuonFilter && Flag_ecalBadCalibFilterV2 && (HLT_PFMETNoMu120_PFMHTNoMu120_IDTight || HLT_PFMETNoMu120_PFMHTNoMu120_IDTight_PFHT60) && PV_npvsGood > 0 && PV_ndof > 4 && abs(PV_z) < 24 && sqrt(pow(PV_x,2)+pow(PV_y,2)) < 2 && nfjets >= 1 && minDeltaPhi12 >= 0.8 && M_Tb >= 140 && Flag_eeBadScFilter
var =  METcorrected_pt
year =  2017
lumi =  8.306
saveDirectory =  plots/SR_2017/METcorrected_pt/
date =  10_13_2021
applying HEM fix for 2018...
partially unblinding 1/5 data...
Creating histograms..
Finished making systematic histogram dictionary
Drawing data and ratio plot...
Selected MET dataset
Loading data sample root files and event trees...
    nevents in filepath = /hdfs/store/user/vshang/MET_Run2017B/MET/ModuleCommonSkim_09072021/tree_all.root: 158890
    nevents in filepath = /hdfs/store/user/vshang/MET_Run2017C/MET/ModuleCommonSkim_09072021/tree_all.root: 319228
    nevents in filepath = /hdfs/store/user/vshang/MET_Run2017D/MET/ModuleCommonSkim_09072021/tree_all.root: 152718
    nevents in filepath = /hdfs/store/user/vshang/MET_Run2017E/MET/ModuleCommonSkim_09072021/tree_all.root: 397268
    nevents in filepath = /hdfs/store/user/vshang/MET_Run2017F/MET/ModuleCommonSkim_09072021/tree_all.root: 659041
    total nevents in  MET :  1687145
Got data sample root files and event trees
Loading MC sample root files and event trees...
    nevents in  ZTo2Nu   HT600To800 :  5649241
    nevents in  ZTo2Nu   HT1200To2500 :  340873
    nevents in  ZTo2Nu   HT100To200 :  22737266
    nevents in  ZTo2Nu   HT2500ToInf :  6734
    nevents in  ZTo2Nu   HT800To1200 :  2058077
    nevents in  ZTo2Nu   HT200To400 :  21446397
    nevents in  ZTo2Nu   HT400To600 :  9542035
    nevents in  WW   WWTo1L1Nu2Q :  5054286
    nevents in  WW   WWTo4Q :  2000000
    nevents in  WW   WWTo2L2Nu :  2000000
    nevents in  ttbarPlusJets   TTToSemiLepton :  241119449
    nevents in  ttbarPlusJets   TTTo2L2Nu :  9000000
    nevents in  ttbar scalar   ttDM_MChi1_MPhi100_scalar :  1542620
    nevents in  ZZ   ZZTo2Q2Nu :  62115355
    nevents in  ZZ   ZZTo4L :  6964071
    nevents in  ZZ   ZZTo2L2Q :  27441872
    nevents in  ZZ   ZZTo2L2Nu :  8744768
    nevents in  QCD   Pt50to80 :  38179535
    nevents in  QCD   Pt2400to3200 :  1910526
    nevents in  QCD   Pt30to50 :  35500760
    nevents in  QCD   Pt470to600 :  55331892
    nevents in  QCD   Pt300to470 :  110887780
    nevents in  QCD   Pt170to300 :  56298920
    nevents in  QCD   Pt800to1000 :  76225000
    nevents in  QCD   Pt600to800 :  128548964
    nevents in  QCD   Pt120to170 :  29854280
    nevents in  QCD   Pt1000to1400 :  35706078
    nevents in  QCD   Pt1400to1800 :  11353270
    nevents in  QCD   Pt15to30 :  19169000
    nevents in  QCD   Pt3200toInf :  757837
    nevents in  QCD   Pt80to120 :  56387936
    nevents in  QCD   Pt1800to2400 :  2923941
    nevents in  WZ   WZTo2Q2Nu :  30748033
    nevents in  WZ   WZTo2L2Q :  27582164
    nevents in  WZ   WZTo3LNu :  10987679
    nevents in  WZ   WZTo1L3Nu :  4994395
    nevents in  WZ   WZTo1L1Nu2Q :  19086373
    nevents in  ttbar pseudoscalar   ttDM_MChi1_MPhi100_pseudo :  2017188
    neInfo in <TCanvas::MakeDefCanvas>:  created default TCanvas with name c1
TFile::Append:0: RuntimeWarning: Replacing existing TH1: hist (Potential memory leak).
TFile::Append:0: RuntimeWarning: Replacing existing TH1: hist (Potential memory leak).
TFile::Append:0: RuntimeWarning: Replacing existing TH1: hist (Potential memory leak).
TFile::Append:0: RuntimeWarning: Replacing existing TH1: hist (Potential memory leak).
TFile::Append:0: RuntimeWarning: Replacing existing TH1: hist (Potential memory leak).
TFile::Append:0: RuntimeWarning: Replacing existing TH1: hist (Potential memory leak).
TFile::Append:0: RuntimeWarning: Replacing existing TH1: hist (Potential memory leak).
TFile::Append:0: RuntimeWarning: Replacing existing TH1: hist (Potential memory leak).
TFile::Append:0: RuntimeWarning: Replacing existing TH1: hist (Potential memory leak).
TFile::Append:0: RuntimeWarning: Replacing existing TH1: hist (Potential memory leak).
TFile::Append:0: RuntimeWarning: Replacing existing TH1: hist (Potential memory leak).
TFile::Append:0: RuntimeWarning: Replacing existing TH1: hist (Potential memory leak).
TFile::Append:0: RuntimeWarning: Replacing existing TH1: hist (Potential memory leak).
TFile::Append:0: RuntimeWarning: Replacing existing TH1: hist (Potential memory leak).
vents in  TTV   TTZToQQ :  9690000
    nevents in  TTV   TTWJetsToLNu :  9920372
    nevents in  TTV   TTWJetsToQQ :  811306
    nevents in  TTV   TTZToLLNuNu :  15496140
    nevents in  ZTo2L   HT600To800 :  8743640
    nevents in  ZTo2L   HT1200To2500 :  625517
    nevents in  ZTo2L   HT100To200 :  15147827
    nevents in  ZTo2L   HT2500ToInf :  419308
    nevents in  ZTo2L   HT800To1200 :  3114980
    nevents in  ZTo2L   HT200To400 :  11929310
    nevents in  ZTo2L   HT400To600 :  11343818
    nevents in  singleTop   ST_s-channel :  9883805
    nevents in  singleTop   ST_t-channel_antitop :  3675910
    nevents in  singleTop   ST_tW_top :  7794186
    nevents in  singleTop   ST_t-channel_top :  5982064
    nevents in  singleTop   ST_tW_antitop :  7977430
    nevents in  WPlusJets   HT200To400 :  21250517
    nevents in  WPlusJets   HT70To100 :  22226705
    nevents in  WPlusJets   HT600To800 :  21709087
    nevents in  WPlusJets   HT1200To2500 :  20258624
    nevents in  WPlusJets   HT100To200 :  35862893
    nevents in  WPlusJets   HT400To600 :  14313274
    nevents in  WPlusJets   HT2500ToInf :  21495421
    nevents in  WPlusJets   HT800To1200 :  20432728
Got MC sample root files and event trees
Filling histograms...
  Dataset =  MET  ||   nEvents =  1687145
   Using cut =  (nVetoElectrons + nLooseMuons) == 0 && njets >= 3 && nbjets == 1 && METcorrected_pt >= 250 && ntaus == 0 && minDeltaPhi > 0.4 && Flag_goodVertices && Flag_globalSuperTightHalo2016Filter && Flag_HBHENoiseFilter && Flag_HBHENoiseIsoFilter && Flag_EcalDeadCellTriggerPrimitiveFilter && Flag_BadPFMuonFilter && Flag_ecalBadCalibFilterV2 && (HLT_PFMETNoMu120_PFMHTNoMu120_IDTight) && PV_npvsGood > 0 && PV_ndof > 4 && abs(PV_z) < 24 && sqrt(pow(PV_x,2)+pow(PV_y,2)) < 2 && nfjets >= 1 && minDeltaPhi12 >= 0.8 && M_Tb >= 140 && Flag_eeBadScFilter
    hist nEntries =  138.0
    hist integral =  138.0
    hist_data nEntries =  138.0
    hist_data integral =  138.0
    hist nEntries =  270.0
    hist integral =  270.0
    hist_data nEntries =  408.0
    hist_data integral =  408.0
    hist nEntries =  116.0
    hist integral =  116.0
    hist_data nEntries =  524.0
    hist_data integral =  524.0
    hist nEntries =  332.0
    hist integral =  332.0
    hist_data nEntries =  856.0
    hist_data integral =  856.0
    hist nEntries =  432.0
    hist integral =  432.0
    hist_data nEntries =  1288.0
    hist_data integral =  1288.0
  Process =  ZTo2Nu
      Dataset =  HT600To800  ||   nEvents =  5649241
Applied ZTo2Nu qcd/ewk Weights correctly
          hist nEntries =  12382.0
          hist integral =  50.1471723318
      Dataset =  HT1200To2500  ||   nEvents =  340873
Applied ZTo2Nu qcd/ewk Weights correctly
          hist nEntries =  666.0
          hist integral =  4.31562879682
      Dataset =  HT100To200  ||   nEvents =  22737266
Applied ZTo2Nu qcd/ewk Weights correctly
          hist nEntries =  12.0
          hist integral =  0.985046108486
      Dataset =  HT2500ToInf  ||   nEvents =  6734
Applied ZTo2Nu qcd/ewk Weights correctly
          hist nEntries =  6.0
          hist integral =  0.0197293964447
      Dataset =  HT800To1200  ||   nEvents =  2058077
Applied ZTo2Nu qcd/ewk Weights correctly
          hist nEntries =  4818.0
          hist integral =  22.7431809306
      Dataset =  HT200To400  ||   nEvents =  21446397
Applied ZTo2Nu qcd/ewk Weights correctly
          hist nEntries =  2989.0
          hist integral =  103.596669826
      Dataset =  HT400To600  ||   nEvents =  9542035
Applied ZTo2Nu qcd/ewk Weights correctly
          hist nEntries =  12652.0
          hist integral =  134.664251864
  Process =  WW
      Dataset =  WWTo1L1Nu2Q  ||   nEvents =  5054286
          hist nEntries =  77.0
          hist integral =  7.3581511043
      Dataset =  WWTo4Q  ||   nEvents =  2000000
          hist nEntries =  0.0
          hist integral =  0.0
      Dataset =  WWTo2L2Nu  ||   nEvents =  2000000
          hist nEntries =  5.0
          hist integral =  0.192168233916
  Process =  ttbarPlusJets
      Dataset =  TTToSemiLepton  ||   nEvents =  24111TFile::Append:0: RuntimeWarning: Replacing existing TH1: hist (Potential memory leak).
TFile::Append:0: RuntimeWarning: Replacing existing TH1: hist (Potential memory leak).
TFile::Append:0: RuntimeWarning: Replacing existing TH1: hist (Potential memory leak).
TFile::Append:0: RuntimeWarning: Replacing existing TH1: hist (Potential memory leak).
TFile::Append:0: RuntimeWarning: Replacing existing TH1: hist (Potential memory leak).
TFile::Append:0: RuntimeWarning: Replacing existing TH1: hist (Potential memory leak).
TFile::Append:0: RuntimeWarning: Replacing existing TH1: hist (Potential memory leak).
TFile::Append:0: RuntimeWarning: Replacing existing TH1: hist (Potential memory leak).
TFile::Append:0: RuntimeWarning: Replacing existing TH1: hist (Potential memory leak).
TFile::Append:0: RuntimeWarning: Replacing existing TH1: hist (Potential memory leak).
TFile::Append:0: RuntimeWarning: Replacing existing TH1: hist (Potential memory leak).
TFile::Append:0: RuntimeWarning: Replacing existing TH1: hist (Potential memory leak).
TFile::Append:0: RuntimeWarning: Replacing existing TH1: hist (Potential memory leak).
TFile::Append:0: RuntimeWarning: Replacing existing TH1: hist (Potential memory leak).
TFile::Append:0: RuntimeWarning: Replacing existing TH1: hist (Potential memory leak).
TFile::Append:0: RuntimeWarning: Replacing existing TH1: hist (Potential memory leak).
TFile::Append:0: RuntimeWarning: Replacing existing TH1: hist (Potential memory leak).
TFile::Append:0: RuntimeWarning: Replacing existing TH1: hist (Potential memory leak).
TFile::Append:0: RuntimeWarning: Replacing existing TH1: hist (Potential memory leak).
TFile::Append:0: RuntimeWarning: Replacing existing TH1: hist (Potential memory leak).
TFile::Append:0: RuntimeWarning: Replacing existing TH1: hist (Potential memory leak).
TFile::Append:0: RuntimeWarning: Replacing existing TH1: hist (Potential memory leak).
TFile::Append:0: RuntimeWarning: Replacing existing TH1: hist (Potential memory leak).
TFile::Append:0: RuntimeWarning: Replacing existing TH1: hist (Potential memory leak).
TFile::Append:0: RuntimeWarning: Replacing existing TH1: hist (Potential memory leak).
TFile::Append:0: RuntimeWarning: Replacing existing TH1: hist (Potential memory leak).
TFile::Append:0: RuntimeWarning: Replacing existing TH1: hist (Potential memory leak).
TFile::Append:0: RuntimeWarning: Replacing existing TH1: hist (Potential memory leak).
TFile::Append:0: RuntimeWarning: Replacing existing TH1: hist (Potential memory leak).
TFile::Append:0: RuntimeWarning: Replacing existing TH1: hist (Potential memory leak).
TFile::Append:0: RuntimeWarning: Replacing existing TH1: hist (Potential memory leak).
TFile::Append:0: RuntimeWarning: Replacing existing TH1: hist (Potential memory leak).
9449
          hist nEntries =  46989.0
          hist integral =  503.416216016
      Dataset =  TTTo2L2Nu  ||   nEvents =  9000000
          hist nEntries =  602.0
          hist integral =  39.9403929189
  Process =  ttbar scalar
      Dataset =  ttDM_MChi1_MPhi100_scalar  ||   nEvents =  1542620
          hist nEntries =  4851.0
          hist integral =  16.9336135685
  Process =  ZZ
      Dataset =  ZZTo2Q2Nu  ||   nEvents =  62115355
          hist nEntries =  12606.0
          hist integral =  6.64399060607
      Dataset =  ZZTo4L  ||   nEvents =  6964071
          hist nEntries =  0.0
          hist integral =  0.0
      Dataset =  ZZTo2L2Q  ||   nEvents =  27441872
          hist nEntries =  76.0
          hist integral =  0.0692444505294
      Dataset =  ZZTo2L2Nu  ||   nEvents =  8744768
          hist nEntries =  98.0
          hist integral =  0.0419284093659
  Process =  QCD
      Dataset =  Pt50to80  ||   nEvents =  38179535
          hist nEntries =  0.0
          hist integral =  0.0
      Dataset =  Pt2400to3200  ||   nEvents =  1910526
          hist nEntries =  10.0
          hist integral =  0.00021232906613
      Dataset =  Pt30to50  ||   nEvents =  35500760
          hist nEntries =  0.0
          hist integral =  0.0
      Dataset =  Pt470to600  ||   nEvents =  55331892
          hist nEntries =  41.0
          hist integral =  1.81448601931
      Dataset =  Pt300to470  ||   nEvents =  110887780
          hist nEntries =  54.0
          hist integral =  19.6632581949
      Dataset =  Pt170to300  ||   nEvents =  56298920
          hist nEntries =  4.0
          hist integral =  67.5664577484
      Dataset =  Pt800to1000  ||   nEvents =  76225000
          hist nEntries =  135.0
          hist integral =  0.307859680615
      Dataset =  Pt600to800  ||   nEvents =  128548964
          hist nEntries =  130.0
          hist integral =  0.786147076404
      Dataset =  Pt120to170  ||   nEvents =  29854280
          hist nEntries =  2.0
          hist integral =  13.0836110115
      Dataset =  Pt1000to1400  ||   nEvents =  35706078
          hist nEntries =  82.0
          hist integral =  0.108292204444
      Dataset =  Pt1400to1800  ||   nEvents =  11353270
          hist nEntries =  24.0
          hist integral =  0.00763902444305
      Dataset =  Pt15to30  ||   nEvents =  19169000
          hist nEntries =  0.0
          hist integral =  0.0
      Dataset =  Pt3200toInf  ||   nEvents =  757837
          hist nEntries =  2.0
          hist integral =  3.49562242263e-06
      Dataset =  Pt80to120  ||   nEvents =  56387936
          hist nEntries =  0.0
          hist integral =  0.0
      Dataset =  Pt1800to2400  ||   nEvents =  2923941
          hist nEntries =  10.0
          hist integral =  0.00166261224786
  Process =  WZ
      Dataset =  WZTo2Q2Nu  ||   nEvents =  30748033
          hist nEntries =  6984.0
          hist integral =  10.5473558083
      Dataset =  WZTo2L2Q  ||   nEvents =  27582164
          hist nEntries =  70.0
          hist integral =  0.107914942317
      Dataset =  WZTo3LNu  ||   nEvents =  10987679
          hist nEntries =  28.0
          hist integral =  0.0777994517466
      Dataset =  WZTo1L3Nu  ||   nEvents =  4994395
          hist nEntries =  254.0
          hist integral =  1.14469558187
      Dataset =  WZTo1L1Nu2Q  ||   nEvents =  19086373
          hist nEntries =  1119.0
          hist integral =  4.7696970515
  Process =  ttbar pseudoscalar
      Dataset =  ttDM_MChi1_MPhi100_pseudo  ||   nEvents =  2017188
          hist nEntries =  23998.0
          hist integral =  17.2707337439
  Process =  TTV
      Dataset =  TTZToQQ  ||   nEvents =  9690000
          hist nEntries =  2383.0
          hist integral =  0.919038103602
      Dataset =  TTWJetsToLNu  ||   nEvents =  9920372
          hist nEntries =  7418.0
          hist integral =  1.15960654244
      Dataset =  TTWJetsToQQ  ||   nEvents =  811306
          hist nEntries =  233.0
          hist integral =  0.868261552416
      Dataset =  TTZToLLNuNu  ||   nEvents =  15496140
          hist nEntries =  76671TFile::Append:0: RuntimeWarning: Replacing existing TH1: hist (Potential memory leak).
TFile::Append:0: RuntimeWarning: Replacing existing TH1: hist (Potential memory leak).
TFile::Append:0: RuntimeWarning: Replacing existing TH1: hist (Potential memory leak).
TFile::Append:0: RuntimeWarning: Replacing existing TH1: hist (Potential memory leak).
TFile::Append:0: RuntimeWarning: Replacing existing TH1: hist (Potential memory leak).
TFile::Append:0: RuntimeWarning: Replacing existing TH1: hist (Potential memory leak).
TFile::Append:0: RuntimeWarning: Replacing existing TH1: hist (Potential memory leak).
TFile::Append:0: RuntimeWarning: Replacing existing TH1: hist (Potential memory leak).
TFile::Append:0: RuntimeWarning: Replacing existing TH1: hist (Potential memory leak).
TFile::Append:0: RuntimeWarning: Replacing existing TH1: hist (Potential memory leak).
TFile::Append:0: RuntimeWarning: Replacing existing TH1: hist (Potential memory leak).
TFile::Append:0: RuntimeWarning: Replacing existing TH1: hist (Potential memory leak).
TFile::Append:0: RuntimeWarning: Replacing existing TH1: hist (Potential memory leak).
TFile::Append:0: RuntimeWarning: Replacing existing TH1: hist (Potential memory leak).
TFile::Append:0: RuntimeWarning: Replacing existing TH1: hist (Potential memory leak).
TFile::Append:0: RuntimeWarning: Replacing existing TH1: hist (Potential memory leak).
TFile::Append:0: RuntimeWarning: Replacing existing TH1: hist (Potential memory leak).
TFile::Append:0: RuntimeWarning: Replacing existing TH1: hist (Potential memory leak).
TFile::Append:0: RuntimeWarning: Replacing existing TH1: hist (Potential memory leak).
TFile::Append:0: RuntimeWarning: Replacing existing TH1: hist (Potential memory leak).
.0
          hist integral =  8.87686834484
  Process =  ZTo2L
      Dataset =  HT600To800  ||   nEvents =  8743640
Applied ZTo2L qcd/ewk Weights correctly
          hist nEntries =  273.0
          hist integral =  0.354685904225
      Dataset =  HT1200To2500  ||   nEvents =  625517
Applied ZTo2L qcd/ewk Weights correctly
          hist nEntries =  24.0
          hist integral =  0.0463839146541
      Dataset =  HT100To200  ||   nEvents =  15147827
Applied ZTo2L qcd/ewk Weights correctly
          hist nEntries =  1.0
          hist integral =  0.00299362954684
      Dataset =  HT2500ToInf  ||   nEvents =  419308
Applied ZTo2L qcd/ewk Weights correctly
          hist nEntries =  9.0
          hist integral =  0.000441528169176
      Dataset =  HT800To1200  ||   nEvents =  3114980
Applied ZTo2L qcd/ewk Weights correctly
          hist nEntries =  93.0
          hist integral =  0.158816264709
      Dataset =  HT200To400  ||   nEvents =  11929310
Applied ZTo2L qcd/ewk Weights correctly
          hist nEntries =  45.0
          hist integral =  1.3049373813
      Dataset =  HT400To600  ||   nEvents =  11343818
Applied ZTo2L qcd/ewk Weights correctly
          hist nEntries =  261.0
          hist integral =  1.16370193474
  Process =  singleTop
      Dataset =  ST_s-channel  ||   nEvents =  9883805
          hist nEntries =  338.0
          hist integral =  0.892968076747
      Dataset =  ST_t-channel_antitop  ||   nEvents =  3675910
          hist nEntries =  15.0
          hist integral =  1.88323815016
      Dataset =  ST_tW_top  ||   nEvents =  7794186
          hist nEntries =  589.0
          hist integral =  18.9392695054
      Dataset =  ST_t-channel_top  ||   nEvents =  5982064
          hist nEntries =  68.0
          hist integral =  8.82250285661
      Dataset =  ST_tW_antitop  ||   nEvents =  7977430
          hist nEntries =  625.0
          hist integral =  19.8855192363
  Process =  WPlusJets
      Dataset =  HT200To400  ||   nEvents =  21250517
Applied WPlusJets qcd/ewk Weights correctly
          hist nEntries =  437.0
          hist integral =  61.6271696209
      Dataset =  HT70To100  ||   nEvents =  22226705
Applied WPlusJets qcd/ewk Weights correctly
          hist nEntries =  0.0
          hist integral =  0.0
      Dataset =  HT600To800  ||   nEvents =  21709087
Applied WPlusJets qcd/ewk Weights correctly
          hist nEntries =  6560.0
          hist integral =  24.4178831279
      Dataset =  HT1200To2500  ||   nEvents =  20258624
Applied WPlusJets qcd/ewk Weights correctly
          hist nEntries =  5723.0
          hist integral =  1.86593738012
      Dataset =  HT100To200  ||   nEvents =  35862893
Applied WPlusJets qcd/ewk Weights correctly
          hist nEntries =  8.0
          hist integral =  0.650150862522
      Dataset =  HT400To600  ||   nEvents =  14313274
Applied WPlusJets qcd/ewk Weights correctly
          hist nEntries =  2664.0
          hist integral =  72.2323955148
      Dataset =  HT2500ToInf  ||   nEvents =  21495421
Applied WPlusJets qcd/ewk Weights correctly
          hist nEntries =  3980.0
          hist integral =  0.0097235757421
      Dataset =  HT800To1200  ||   nEvents =  20432728
Applied WPlusJets qcd/ewk Weights correctly
          hist nEntries =  6669.0
          hist integral =  10.4863623977
-----------------------------
Total data background nEvents =  1288.0
Total data background integral =  1288.0
-----------------------------
Total MC background nEvents =  218014.0
Total MC background integral =  1230.68970537
-----------------------------
Total tt+DM signal nEvents =  242.55
Total tt+DM signal integral =  16.9336135149
-----------------------------
-----------------------------
FOM for tt+DM signal =  0.48269784456
-----------------------------
Data bin errors:
    bin 0: 0.0
    bin 1: 20.0748598999
    bin 2: 17.0880074906
    bin 3: 13.0384048104
    bin 4: 10.3923048454
    bin 5: 8.66025403784
    bin 6: 7.93725393319
    bin 7: 7.14142842854
    bin 8: 4.89897948557
    bin 9: 4.89897948557
    bin 10: 3.74165738677
    bin 11: 4.12310562562
    binInfo in <TCanvas::Print>: png file plots/SR_2017/METcorrected_pt/10_13_2021/AH0l1fSR2017_METcorrected_pt_10_13_2021_partialUnblind.png has been created
 12: 3.60555127546
    bin 13: 2.82842712475
    bin 14: 1.73205080757
    bin 15: 2.2360679775
-----------------------------
MC background bin errors:
    bin 0: 0.0
    bin 1: 29.3102912064
    bin 2: 20.4970352254
    bin 3: 4.12493849196
    bin 4: 2.00094846583
    bin 5: 1.55400717143
    bin 6: 1.67358710662
    bin 7: 0.90724786395
    bin 8: 0.70879583358
    bin 9: 0.600437416636
    bin 10: 0.476528053919
    bin 11: 0.413337431578
    bin 12: 0.33123278603
    bin 13: 0.328871801721
    bin 14: 0.231429708285
    bin 15: 0.209546964495
-----------------------------
tt+DM bin errors:
    bin 0: 0.0
    bin 1: 2.4475379392
    bin 2: 2.17882238374
    bin 3: 1.85337555334
    bin 4: 1.64946986424
    bin 5: 1.45954541747
    bin 6: 1.35519318275
    bin 7: 1.14570258754
    bin 8: 0.998181372013
    bin 9: 0.979036550611
    bin 10: 0.910631304209
    bin 11: 0.663520982016
    bin 12: 0.686101376315
    bin 13: 0.66651638705
    bin 14: 0.543657997527
    bin 15: 0.498603505076
-----------------------------
-----------------------------
ttbar pseudoscalar hist info:
    nEvents =  23998.0
    integral =  345.414680481
ZTo2Nu hist info:
    nEvents =  33525.0
    integral =  316.471685171
TTTo2L2Nu hist info:
    nEvents =  602.0
    integral =  39.9403929189
singleTop hist info:
    nEvents =  1635.0
    integral =  50.4234976172
TTV hist info:
    nEvents =  86705.0
    integral =  11.8237746805
bkgSum hist info:
    nEvents =  218014.0
    integral =  1230.68970537
ttbar scalar hist info:
    nEvents =  4851.0
    integral =  338.672270298
VV hist info:
    nEvents =  21317.0
    integral =  30.9529452473
QCD hist info:
    nEvents =  494.0
    integral =  103.339630123
ZTo2L hist info:
    nEvents =  706.0
    integral =  3.03196061729
data hist info:
    nEvents =  1288.0
    integral =  1288.0
WPlusJets hist info:
    nEvents =  26041.0
    integral =  171.289622486
TTToSemiLepton hist info:
    nEvents =  46989.0
    integral =  503.416216016
Finished filling histograms
Creating stacked MC background histogram...
Finished stacking MC background histograms.
Drawing histograms...
Finished drawing histograms
Drawing ratio plot...
Finished drawing ratio plot
Plotting end time: 2021-10-17 21:16:28.091252
