Plotting start time: 2021-04-09 05:01:35.312941
Cut name =  AH2b2FJSR
MC Selection Cuts =  (nVetoElectrons + nLooseMuons) == 0 && njets >= 3 && nbjets >= 2 && METcorrected_pt >= 250 && ntaus == 0 && minDeltaPhi > 0.4 &&Flag_goodVertices && Flag_globalSuperTightHalo2016Filter && Flag_HBHENoiseFilter && Flag_HBHENoiseIsoFilter && Flag_EcalDeadCellTriggerPrimitiveFilter && Flag_BadPFMuonFilter && Flag_ecalBadCalibFilterV2 && (HLT_PFMETNoMu120_PFMHTNoMu120_IDTight || HLT_PFMETNoMu120_PFMHTNoMu120_IDTight_PFHT60 || HLT_PFMET120_PFMHT120_IDTight || HLT_PFMET120_PFMHT120_IDTight_PFHT60 || HLT_PFMET200_HBHECleaned || HLT_PFMET200_HBHE_BeamHaloCleaned) && minDeltaPhi12 >= 0.8 && M_Tb >= 140 && jet1p_TH_T <= 0.5 && nFatJet >= 2 && FatJet_deepTag_TvsQCD >= 0
Data Selection Cuts =  (nVetoElectrons + nLooseMuons) == 0 && njets >= 3 && nbjets >= 2 && METcorrected_pt >= 250 && ntaus == 0 && minDeltaPhi > 0.4 &&Flag_goodVertices && Flag_globalSuperTightHalo2016Filter && Flag_HBHENoiseFilter && Flag_HBHENoiseIsoFilter && Flag_EcalDeadCellTriggerPrimitiveFilter && Flag_BadPFMuonFilter && Flag_ecalBadCalibFilterV2 && (HLT_PFMETNoMu120_PFMHTNoMu120_IDTight || HLT_PFMETNoMu120_PFMHTNoMu120_IDTight_PFHT60 || HLT_PFMET120_PFMHT120_IDTight || HLT_PFMET120_PFMHT120_IDTight_PFHT60 || HLT_PFMET200_HBHECleaned || HLT_PFMET200_HBHE_BeamHaloCleaned) && minDeltaPhi12 >= 0.8 && M_Tb >= 140 && jet1p_TH_T <= 0.5 && nFatJet >= 2 && FatJet_deepTag_TvsQCD >= 0 && Flag_eeBadScFilter
var =  METcorrected_pt
year =  2017
lumi =  41.53
saveDirectory =  plots/SR_2017/METcorrected_pt/
date =  04_08_2021
Creating histograms..
Loading data sample root files and event trees...
Got data sample root files and event trees
Loading MC sample root files and event trees...
    nevents in  ZTo2Nu   HT600To800 :  5649241
    nevents in  ZTo2Nu   HT1200To2500 :  340873
    nevents in  ZTo2Nu   HT100To200 :  22737266
    nevents in  ZTo2Nu   HT2500ToInf :  6734
    nevents in  ZTo2Nu   HT800To1200 :  2058077
    nevents in  ZTo2Nu   HT200To400 :  21446397
    nevents in  ZTo2Nu   HT400To600 :  9542035
    nevents in  WW   WWTo1L1Nu2Q :  5054286
    nevents in  WW   WWTo4Q :  2000000
    nevents in  WW   WWTo2L2Nu :  2000000
    nevents in  ttbarPlusJets   TTToSemiLepton :  241119449
    nevents in  ttbarPlusJets   TTTo2L2Nu :  9000000
    nevents in  ttbar scalar   ttDM_MChi1_MPhi100_scalar :  1542620
    nevents in  ZZ   ZZTo2Q2Nu :  62115355
    nevents in  ZZ   ZZTo4L :  6964071
    nevents in  ZZ   ZZTo2L2Q :  27441872
    nevents in  ZZ   ZZTo2L2Nu :  8744768
    nevents in  QCD   HT700To1000 :  46840955
    nevents in  QCD   HT500To700 :  56207744
    nevents in  QCD   HT2000ToInf :  5941306
    nevents in  QCD   HT1000To1500 :  16824762
    nevents in  QCD   HT1500To2000 :  11634434
    nevents in  QCD   HT100To200 :  93231801
    nevents in  QCD   HT300To500 :  59569132
    nevents in  QCD   HT200To300 :  59197363
    nevents in  WZ   WZTo2Q2Nu :  30748033
    nevents in  WZ   WZTo2L2Q :  27582164
    nevents in  WZ   WZTo3LNu :  10987679
    nevents in  WZ   WZTo1L3Nu :  4994395
    nevents in  WZ   WZTo1L1Nu2Q :  19086373
    nevents in  ttbar pseudoscalar   ttDM_MChi1_MPhi100_pseudo :  2017188
    nevents in  TTV   TTZToQQ :  9690000
    nevents in  TTV   TTWJetsToLNu :  9920372
    nevents in  TTV   TTWJetsToQQ :  811306
    nevents in  TTV   TTZToLLNuNu :  15496140
    nevents in  ZTo2L   HT600To800 :  8743640
    nevents in  ZTo2L   HT1200To2500 :  625517
    nevents in  ZTo2L   HT100To200 :  15147827
    nevents in  ZTo2L   HT2500ToInf :  419308
    nevents in  ZTo2L   HT800To1200 :  3114980
    nevents in  ZTo2L   HT200To400 :  11929310
    nevents in  ZTo2L   HT400To600 :  11343818
    nevents in  singleTop   ST_s-channel :  9883805
    nevents in  singleTop   ST_t-channel_antitop :  3675910
    nevents in  singleTop   ST_tW_top :  7794186
    nevents in  singleTop   ST_t-channel_top :  5982064
    nevents in  singleTop   ST_tW_antitop :  7977430
    nevents in  WPlusJets   HT200To400 :  21250517
    nevents in  WPlusJets   HT70To100 :  22226705
    nevents in Info in <TCanvas::MakeDefCanvas>:  created default TCanvas with name c1
TFile::Append:0: RuntimeWarning: Replacing existing TH1: hist (Potential memory leak).
TFile::Append:0: RuntimeWarning: Replacing existing TH1: hist (Potential memory leak).
TFile::Append:0: RuntimeWarning: Replacing existing TH1: hist (Potential memory leak).
TFile::Append:0: RuntimeWarning: Replacing existing TH1: hist (Potential memory leak).
TFile::Append:0: RuntimeWarning: Replacing existing TH1: hist (Potential memory leak).
TFile::Append:0: RuntimeWarning: Replacing existing TH1: hist (Potential memory leak).
TFile::Append:0: RuntimeWarning: Replacing existing TH1: hist (Potential memory leak).
TFile::Append:0: RuntimeWarning: Replacing existing TH1: hist (Potential memory leak).
TFile::Append:0: RuntimeWarning: Replacing existing TH1: hist (Potential memory leak).
TFile::Append:0: RuntimeWarning: Replacing existing TH1: hist (Potential memory leak).
TFile::Append:0: RuntimeWarning: Replacing existing TH1: hist (Potential memory leak).
TFile::Append:0: RuntimeWarning: Replacing existing TH1: hist (Potential memory leak).
TFile::Append:0: RuntimeWarning: Replacing existing TH1: hist (Potential memory leak).
TFile::Append:0: RuntimeWarning: Replacing existing TH1: hist (Potential memory leak).
TFile::Append:0: RuntimeWarning: Replacing existing TH1: hist (Potential memory leak).
TFile::Append:0: RuntimeWarning: Replacing existing TH1: hist (Potential memory leak).
TFile::Append:0: RuntimeWarning: Replacing existing TH1: hist (Potential memory leak).
TFile::Append:0: RuntimeWarning: Replacing existing TH1: hist (Potential memory leak).
TFile::Append:0: RuntimeWarning: Replacing existing TH1: hist (Potential memory leak).
TFile::Append:0: RuntimeWarning: Replacing existing TH1: hist (Potential memory leak).
TFile::Append:0: RuntimeWarning: Replacing existing TH1: hist (Potential memory leak).
TFile::Append:0: RuntimeWarning: Replacing existing TH1: hist (Potential memory leak).
TFile::Append:0: RuntimeWarning: Replacing existing TH1: hist (Potential memory leak).
TFile::Append:0: RuntimeWarning: Replacing existing TH1: hist (Potential memory leak).
TFile::Append:0: RuntimeWarning: Replacing existing TH1: hist (Potential memory leak).
TFile::Append:0: RuntimeWarning: Replacing existing TH1: hist (Potential memory leak).
 WPlusJets   HT600To800 :  21709087
    nevents in  WPlusJets   HT1200To2500 :  20258624
    nevents in  WPlusJets   HT100To200 :  35862893
    nevents in  WPlusJets   HT400To600 :  14313274
    nevents in  WPlusJets   HT2500ToInf :  21495421
    nevents in  WPlusJets   HT800To1200 :  20432728
Got MC sample root files and event trees
Filling histograms...
  Process =  ZTo2Nu
      Dataset =  HT600To800  ||   nEvents =  5649241
Applied ZTo2Nu qcd/ewk Weights correctly
          hist nEntries =  6727.0
          hist integral =  143.720719576
      Dataset =  HT1200To2500  ||   nEvents =  340873
Applied ZTo2Nu qcd/ewk Weights correctly
          hist nEntries =  797.0
          hist integral =  27.3260138482
      Dataset =  HT100To200  ||   nEvents =  22737266
Applied ZTo2Nu qcd/ewk Weights correctly
          hist nEntries =  0.0
          hist integral =  0.0
      Dataset =  HT2500ToInf  ||   nEvents =  6734
Applied ZTo2Nu qcd/ewk Weights correctly
          hist nEntries =  13.0
          hist integral =  0.374880388379
      Dataset =  HT800To1200  ||   nEvents =  2058077
Applied ZTo2Nu qcd/ewk Weights correctly
          hist nEntries =  4201.0
          hist integral =  108.278375268
      Dataset =  HT200To400  ||   nEvents =  21446397
Applied ZTo2Nu qcd/ewk Weights correctly
          hist nEntries =  71.0
          hist integral =  12.418145474
      Dataset =  HT400To600  ||   nEvents =  9542035
Applied ZTo2Nu qcd/ewk Weights correctly
          hist nEntries =  2517.0
          hist integral =  134.072127581
  Process =  WW
      Dataset =  WWTo1L1Nu2Q  ||   nEvents =  5054286
          hist nEntries =  8.0
          hist integral =  3.95971123874
      Dataset =  WWTo4Q  ||   nEvents =  2000000
          hist nEntries =  0.0
          hist integral =  0.0
      Dataset =  WWTo2L2Nu  ||   nEvents =  2000000
          hist nEntries =  0.0
          hist integral =  0.0
  Process =  ttbarPlusJets
      Dataset =  TTToSemiLepton  ||   nEvents =  241119449
          hist nEntries =  26862.0
          hist integral =  1384.49443388
      Dataset =  TTTo2L2Nu  ||   nEvents =  9000000
          hist nEntries =  580.0
          hist integral =  190.176238894
  Process =  ttbar scalar
      Dataset =  ttDM_MChi1_MPhi100_scalar  ||   nEvents =  1542620
          hist nEntries =  7709.0
          hist integral =  127.019963503
  Process =  ZZ
      Dataset =  ZZTo2Q2Nu  ||   nEvents =  62115355
          hist nEntries =  5311.0
          hist integral =  13.8897414207
      Dataset =  ZZTo4L  ||   nEvents =  6964071
          hist nEntries =  0.0
          hist integral =  0.0
      Dataset =  ZZTo2L2Q  ||   nEvents =  27441872
          hist nEntries =  32.0
          hist integral =  0.159765890799
      Dataset =  ZZTo2L2Nu  ||   nEvents =  8744768
          hist nEntries =  22.0
          hist integral =  0.0474271716739
  Process =  QCD
      Dataset =  HT700To1000  ||   nEvents =  46840955
          hist nEntries =  2.0
          hist integral =  0.793158113956
      Dataset =  HT500To700  ||   nEvents =  56207744
          hist nEntries =  0.0
          hist integral =  0.0
      Dataset =  HT2000ToInf  ||   nEvents =  5941306
          hist nEntries =  79.0
          hist integral =  7.93400132656
      Dataset =  HT1000To1500  ||   nEvents =  16824762
          hist nEntries =  15.0
          hist integral =  17.8532004356
      Dataset =  HT1500To2000  ||   nEvents =  11634434
          hist nEntries =  44.0
          hist integral =  12.359181881
      Dataset =  HT100To200  ||   nEvents =  93231801
          hist nEntries =  0.0
          hist integral =  0.0
      Dataset =  HT300To500  ||   nEvents =  59569132
          hist nEntries =  0.0
          hist integral =  0.0
      Dataset =  HT200To300  ||   nEvents =  59197363
          hist nEntries =  0.0
          hist integral =  0.0
  Process =  WZ
      Dataset =  WZTo2Q2Nu  ||   nEvents =  30748033
          hist nEntries =  926.0
          hist integral =  7.22186837345
      Dataset =  WZTo2L2Q  ||   nEvents =  27582164
          hist nEntries =  5.0
TFile::Append:0: RuntimeWarning: Replacing existing TH1: hist (Potential memory leak).
TFile::Append:0: RuntimeWarning: Replacing existing TH1: hist (Potential memory leak).
TFile::Append:0: RuntimeWarning: Replacing existing TH1: hist (Potential memory leak).
TFile::Append:0: RuntimeWarning: Replacing existing TH1: hist (Potential memory leak).
TFile::Append:0: RuntimeWarning: Replacing existing TH1: hist (Potential memory leak).
TFile::Append:0: RuntimeWarning: Replacing existing TH1: hist (Potential memory leak).
TFile::Append:0: RuntimeWarning: Replacing existing TH1: hist (Potential memory leak).
TFile::Append:0: RuntimeWarning: Replacing existing TH1: hist (Potential memory leak).
TFile::Append:0: RuntimeWarning: Replacing existing TH1: hist (Potential memory leak).
TFile::Append:0: RuntimeWarning: Replacing existing TH1: hist (Potential memory leak).
TFile::Append:0: RuntimeWarning: Replacing existing TH1: hist (Potential memory leak).
TFile::Append:0: RuntimeWarning: Replacing existing TH1: hist (Potential memory leak).
TFile::Append:0: RuntimeWarning: Replacing existing TH1: hist (Potential memory leak).
TFile::Append:0: RuntimeWarning: Replacing existing TH1: hist (Potential memory leak).
TFile::Append:0: RuntimeWarning: Replacing existing TH1: hist (Potential memory leak).
TFile::Append:0: RuntimeWarning: Replacing existing TH1: hist (Potential memory leak).
TFile::Append:0: RuntimeWarning: Replacing existing TH1: hist (Potential memory leak).
TFile::Append:0: RuntimeWarning: Replacing existing TH1: hist (Potential memory leak).
TFile::Append:0: RuntimeWarning: Replacing existing TH1: hist (Potential memory leak).
TFile::Append:0: RuntimeWarning: Replacing existing TH1: hist (Potential memory leak).
TFile::Append:0: RuntimeWarning: Replacing existing TH1: hist (Potential memory leak).
TFile::Append:0: RuntimeWarning: Replacing existing TH1: hist (Potential memory leak).
TFile::Append:0: RuntimeWarning: Replacing existing TH1: hist (Potential memory leak).
TFile::Append:0: RuntimeWarning: Replacing existing TH1: hist (Potential memory leak).
TFile::Append:0: RuntimeWarning: Replacing existing TH1: hist (Potential memory leak).
TFile::Append:0: RuntimeWarning: Replacing existing TH1: hist (Potential memory leak).
          hist integral =  0.0400769952685
      Dataset =  WZTo3LNu  ||   nEvents =  10987679
          hist nEntries =  7.0
          hist integral =  0.122976769693
      Dataset =  WZTo1L3Nu  ||   nEvents =  4994395
          hist nEntries =  24.0
          hist integral =  0.564796568826
      Dataset =  WZTo1L1Nu2Q  ||   nEvents =  19086373
          hist nEntries =  485.0
          hist integral =  10.4095596075
  Process =  ttbar pseudoscalar
      Dataset =  ttDM_MChi1_MPhi100_pseudo  ||   nEvents =  2017188
          hist nEntries =  27756.0
          hist integral =  94.0388023853
  Process =  TTV
      Dataset =  TTZToQQ  ||   nEvents =  9690000
          hist nEntries =  5708.0
          hist integral =  10.5329070538
      Dataset =  TTWJetsToLNu  ||   nEvents =  9920372
          hist nEntries =  12841.0
          hist integral =  9.674451828
      Dataset =  TTWJetsToQQ  ||   nEvents =  811306
          hist nEntries =  341.0
          hist integral =  6.00799668767
      Dataset =  TTZToLLNuNu  ||   nEvents =  15496140
          hist nEntries =  114783.0
          hist integral =  63.1687694788
  Process =  ZTo2L
      Dataset =  HT600To800  ||   nEvents =  8743640
Applied ZTo2L qcd/ewk Weights correctly
          hist nEntries =  122.0
          hist integral =  0.783478128724
      Dataset =  HT1200To2500  ||   nEvents =  625517
Applied ZTo2L qcd/ewk Weights correctly
          hist nEntries =  24.0
          hist integral =  0.248292401433
      Dataset =  HT100To200  ||   nEvents =  15147827
Applied ZTo2L qcd/ewk Weights correctly
          hist nEntries =  0.0
          hist integral =  0.0
      Dataset =  HT2500ToInf  ||   nEvents =  419308
Applied ZTo2L qcd/ewk Weights correctly
          hist nEntries =  16.0
          hist integral =  0.00355132517871
      Dataset =  HT800To1200  ||   nEvents =  3114980
Applied ZTo2L qcd/ewk Weights correctly
          hist nEntries =  64.0
          hist integral =  0.490583977662
      Dataset =  HT200To400  ||   nEvents =  11929310
Applied ZTo2L qcd/ewk Weights correctly
          hist nEntries =  0.0
          hist integral =  0.0
      Dataset =  HT400To600  ||   nEvents =  11343818
Applied ZTo2L qcd/ewk Weights correctly
          hist nEntries =  28.0
          hist integral =  0.670757874846
  Process =  singleTop
      Dataset =  ST_s-channel  ||   nEvents =  9883805
          hist nEntries =  399.0
          hist integral =  5.37878534198
      Dataset =  ST_t-channel_antitop  ||   nEvents =  3675910
          hist nEntries =  15.0
          hist integral =  6.3792457357
      Dataset =  ST_tW_top  ||   nEvents =  7794186
          hist nEntries =  410.0
          hist integral =  63.9057203531
      Dataset =  ST_t-channel_top  ||   nEvents =  5982064
          hist nEntries =  47.0
          hist integral =  27.7537575364
      Dataset =  ST_tW_antitop  ||   nEvents =  7977430
          hist nEntries =  511.0
          hist integral =  78.9715474853
  Process =  WPlusJets
      Dataset =  HT200To400  ||   nEvents =  21250517
Applied WPlusJets qcd/ewk Weights correctly
          hist nEntries =  2.0
          hist integral =  2.18137478828
      Dataset =  HT70To100  ||   nEvents =  22226705
Applied WPlusJets qcd/ewk Weights correctly
          hist nEntries =  0.0
          hist integral =  0.0
      Dataset =  HT600To800  ||   nEvents =  21709087
Applied WPlusJets qcd/ewk Weights correctly
          hist nEntries =  2654.0
          hist integral =  52.0233116448
      Dataset =  HT1200To2500  ||   nEvents =  20258624
Applied WPlusJets qcd/ewk Weights correctly
          hist nEntries =  6564.0
          hist integral =  11.2613363564
      Dataset =  HT100To200  ||   nEvents =  35862893
Applied WPlusJets qcd/ewk Weights correctly
          hist nEntries =  0.0
          hist integral =  0.0
      Dataset =  HT400To600  ||   nEvents =  14313274
Applied WPlusJets qcd/ewk Weights correctly
          hist nEntries =  352.0
          hist integral =  50.2440394387
      Dataset =  HT2500ToInf  ||   nEvents =  21495421
Applied WPlusJets qcd/ewk WeightsTFile::Append:0: RuntimeWarning: Replacing existing TH1: hist (Potential memory leak).
TFile::Append:0: RuntimeWarning: Replacing existing TH1: hist (Potential memory leak).
Info in <TCanvas::Print>: png file plots/SR_2017/METcorrected_pt/04_08_2021/AH2b2FJSR2017_METcorrected_pt_04_08_2021.png has been created
 correctly
          hist nEntries =  6088.0
          hist integral =  0.073721328401
      Dataset =  HT800To1200  ||   nEvents =  20432728
Applied WPlusJets qcd/ewk Weights correctly
          hist nEntries =  4858.0
          hist integral =  41.1711345613
-----------------------------
Total data background nEvents =  0.0
Total data background integral =  0.0
-----------------------------
Total MC background nEvents =  204555.0
Total MC background integral =  2507.14116669
-----------------------------
Total tt+DM signal nEvents =  385.45
Total tt+DM signal integral =  127.019963551
-----------------------------
-----------------------------
FOM for tt+DM signal =  2.53677874268
-----------------------------
Data bin errors:
    bin 0: 0.0
    bin 1: 0.0
    bin 2: 0.0
    bin 3: 0.0
    bin 4: 0.0
    bin 5: 0.0
    bin 6: 0.0
    bin 7: 0.0
    bin 8: 0.0
    bin 9: 0.0
    bin 10: 0.0
    bin 11: 0.0
    bin 12: 0.0
    bin 13: 0.0
    bin 14: 0.0
    bin 15: 0.0
-----------------------------
MC background bin errors:
    bin 0: 0.0
    bin 1: 7.90815424129
    bin 2: 7.19871910211
    bin 3: 5.72976035306
    bin 4: 5.31842504008
    bin 5: 6.48520466975
    bin 6: 3.58386931744
    bin 7: 3.87681211155
    bin 8: 2.60629272186
    bin 9: 2.01753031006
    bin 10: 2.42644343595
    bin 11: 1.84244692278
    bin 12: 1.07441918743
    bin 13: 2.01791497443
    bin 14: 1.2477676325
    bin 15: 0.976642651991
-----------------------------
tt+DM bin errors:
    bin 0: 0.0
    bin 1: 12.6544444068
    bin 2: 11.5997375035
    bin 3: 10.6204783565
    bin 4: 9.28678142498
    bin 5: 9.40442996212
    bin 6: 7.7679206927
    bin 7: 7.81742514624
    bin 8: 6.72494492498
    bin 9: 5.76150510336
    bin 10: 5.66826738619
    bin 11: 5.29021708685
    bin 12: 4.65477190075
    bin 13: 4.04056481859
    bin 14: 3.25829827146
    bin 15: 3.36983197082
-----------------------------
-----------------------------
Finished filling histograms
Creating stacked MC background histogram...
Finished stacking MC background histograms.
Drawing histograms...
Finished drawing histograms
Plotting end time: 2021-04-09 05:11:27.191208
