Plotting start time: 2021-04-09 04:33:05.624291
Cut name =  SL1l2bSR
MC Selection Cuts =  ((nTightElectrons == 1 && nVetoElectrons == 1 && nLooseMuons == 0 && njets >= 2 && nbjets >= 1 && METcorrected_pt >= 250 && Flag_goodVertices && Flag_globalSuperTightHalo2016Filter && Flag_HBHENoiseFilter && Flag_HBHENoiseIsoFilter && Flag_EcalDeadCellTriggerPrimitiveFilter && Flag_BadPFMuonFilter && Flag_ecalBadCalibFilterV2 && ((passEle32WPTightGsf2017) || (HLT_Ele115_CaloIdVT_GsfTrkIdT || HLT_Photon200))) || (nTightMuons == 1 && nLooseMuons == 1 && nVetoElectrons == 0 && njets >= 2 && nbjets >= 1 && METcorrected_pt >= 250 && Flag_goodVertices && Flag_globalSuperTightHalo2016Filter && Flag_HBHENoiseFilter && Flag_HBHENoiseIsoFilter && Flag_EcalDeadCellTriggerPrimitiveFilter && Flag_BadPFMuonFilter && Flag_ecalBadCalibFilterV2 && (HLT_IsoMu27))) && nbjets >= 2 && M_T >= 140 && M_T2W >= 180 && minDeltaPhi12 >= 0.8 && M_Tb >= 140
Data Selection Cuts =  ((nTightElectrons == 1 && nVetoElectrons == 1 && nLooseMuons == 0 && njets >= 2 && nbjets >= 1 && METcorrected_pt >= 250 && Flag_goodVertices && Flag_globalSuperTightHalo2016Filter && Flag_HBHENoiseFilter && Flag_HBHENoiseIsoFilter && Flag_EcalDeadCellTriggerPrimitiveFilter && Flag_BadPFMuonFilter && Flag_ecalBadCalibFilterV2 && ((passEle32WPTightGsf2017) || (HLT_Ele115_CaloIdVT_GsfTrkIdT || HLT_Photon200))) || (nTightMuons == 1 && nLooseMuons == 1 && nVetoElectrons == 0 && njets >= 2 && nbjets >= 1 && METcorrected_pt >= 250 && Flag_goodVertices && Flag_globalSuperTightHalo2016Filter && Flag_HBHENoiseFilter && Flag_HBHENoiseIsoFilter && Flag_EcalDeadCellTriggerPrimitiveFilter && Flag_BadPFMuonFilter && Flag_ecalBadCalibFilterV2 && (HLT_IsoMu27))) && nbjets >= 2 && M_T >= 140 && M_T2W >= 180 && minDeltaPhi12 >= 0.8 && M_Tb >= 140 && Flag_eeBadScFilter
var =  METcorrected_pt
year =  2017
lumi =  41.53
saveDirectory =  plots/SR_2017/METcorrected_pt/
date =  04_08_2021
Creating histograms..
Loading data sample root files and event trees...
Got data sample root files and event trees
Loading MC sample root files and event trees...
    nevents in  ZTo2Nu   HT600To800 :  5649241
    nevents in  ZTo2Nu   HT1200To2500 :  340873
    nevents in  ZTo2Nu   HT100To200 :  22737266
    nevents in  ZTo2Nu   HT2500ToInf :  6734
    nevents in  ZTo2Nu   HT800To1200 :  2058077
    nevents in  ZTo2Nu   HT200To400 :  21446397
    nevents in  ZTo2Nu   HT400To600 :  9542035
    nevents in  WW   WWTo1L1Nu2Q :  5054286
    nevents in  WW   WWTo4Q :  2000000
    nevents in  WW   WWTo2L2Nu :  2000000
    nevents in  ttbarPlusJets   TTToSemiLepton :  241119449
    nevents in  ttbarPlusJets   TTTo2L2Nu :  9000000
    nevents in  ttbar scalar   ttDM_MChi1_MPhi100_scalar :  1542620
    nevents in  ZZ   ZZTo2Q2Nu :  62115355
    nevents in  ZZ   ZZTo4L :  6964071
    nevents in  ZZ   ZZTo2L2Q :  27441872
    nevents in  ZZ   ZZTo2L2Nu :  8744768
    nevents in  QCD   HT700To1000 :  46840955
    nevents in  QCD   HT500To700 :  56207744
    nevents in  QCD   HT2000ToInf :  5941306
    nevents in  QCD   HT1000To1500 :  16824762
    nevents in  QCD   HT1500To2000 :  11634434
    nevents in  QCD   HT100To200 :  93231801
    nevents in  QCD   HT300To500 :  59569132
    nevents in  QCD   HT200To300 :  59197363
    nevents in  WZ   WZTo2Q2Nu :  30748033
    nevents in  WZ   WZTo2L2Q :  27582164
    nevents in  WZ   WZTo3LNu :  10987679
    nevents in  WZ   WZTo1L3Nu :  4994395
    nevents in  WZ   WZTo1L1Nu2Q :  19086373
    nevents in  ttbar pseudoscalar   ttDM_MChi1_MPhi100_pseudo :  2017188
    nevents in  TTV   TTZToQQ :  9690000
    nevents in  TTV   TTWJetsToLNu :  9920372
    nevents in  TTV   TTWJetsToQQ :  811306
    nevents in  TTV   TTZToLLNuNu :  15496140
    nevents in  ZTo2L   HT600To800 :  8743640
    nevents in  ZTo2L   HT1200To2500 :  625517
    nevents in  ZTo2L   HT100To200 :  15147827
    nevents in  ZTo2L   HT2500ToInf :  419308
    nevents in  ZTo2L   HT800To1200 :  3114980
    nevents in  ZTo2L   HT200To400 :  11929310
    nevents in  ZTo2L   HT400To600 :  11343818
    nevents in  singleTop   ST_s-channeInfo in <TCanvas::MakeDefCanvas>:  created default TCanvas with name c1
TFile::Append:0: RuntimeWarning: Replacing existing TH1: hist (Potential memory leak).
TFile::Append:0: RuntimeWarning: Replacing existing TH1: hist (Potential memory leak).
TFile::Append:0: RuntimeWarning: Replacing existing TH1: hist (Potential memory leak).
TFile::Append:0: RuntimeWarning: Replacing existing TH1: hist (Potential memory leak).
TFile::Append:0: RuntimeWarning: Replacing existing TH1: hist (Potential memory leak).
TFile::Append:0: RuntimeWarning: Replacing existing TH1: hist (Potential memory leak).
TFile::Append:0: RuntimeWarning: Replacing existing TH1: hist (Potential memory leak).
TFile::Append:0: RuntimeWarning: Replacing existing TH1: hist (Potential memory leak).
TFile::Append:0: RuntimeWarning: Replacing existing TH1: hist (Potential memory leak).
TFile::Append:0: RuntimeWarning: Replacing existing TH1: hist (Potential memory leak).
TFile::Append:0: RuntimeWarning: Replacing existing TH1: hist (Potential memory leak).
TFile::Append:0: RuntimeWarning: Replacing existing TH1: hist (Potential memory leak).
TFile::Append:0: RuntimeWarning: Replacing existing TH1: hist (Potential memory leak).
TFile::Append:0: RuntimeWarning: Replacing existing TH1: hist (Potential memory leak).
TFile::Append:0: RuntimeWarning: Replacing existing TH1: hist (Potential memory leak).
TFile::Append:0: RuntimeWarning: Replacing existing TH1: hist (Potential memory leak).
TFile::Append:0: RuntimeWarning: Replacing existing TH1: hist (Potential memory leak).
TFile::Append:0: RuntimeWarning: Replacing existing TH1: hist (Potential memory leak).
TFile::Append:0: RuntimeWarning: Replacing existing TH1: hist (Potential memory leak).
TFile::Append:0: RuntimeWarning: Replacing existing TH1: hist (Potential memory leak).
TFile::Append:0: RuntimeWarning: Replacing existing TH1: hist (Potential memory leak).
TFile::Append:0: RuntimeWarning: Replacing existing TH1: hist (Potential memory leak).
TFile::Append:0: RuntimeWarning: Replacing existing TH1: hist (Potential memory leak).
TFile::Append:0: RuntimeWarning: Replacing existing TH1: hist (Potential memory leak).
l :  9883805
    nevents in  singleTop   ST_t-channel_antitop :  3675910
    nevents in  singleTop   ST_tW_top :  7794186
    nevents in  singleTop   ST_t-channel_top :  5982064
    nevents in  singleTop   ST_tW_antitop :  7977430
    nevents in  WPlusJets   HT200To400 :  21250517
    nevents in  WPlusJets   HT70To100 :  22226705
    nevents in  WPlusJets   HT600To800 :  21709087
    nevents in  WPlusJets   HT1200To2500 :  20258624
    nevents in  WPlusJets   HT100To200 :  35862893
    nevents in  WPlusJets   HT400To600 :  14313274
    nevents in  WPlusJets   HT2500ToInf :  21495421
    nevents in  WPlusJets   HT800To1200 :  20432728
Got MC sample root files and event trees
Filling histograms...
  Process =  ZTo2Nu
      Dataset =  HT600To800  ||   nEvents =  5649241
Applied ZTo2Nu qcd/ewk Weights correctly
          hist nEntries =  0.0
          hist integral =  0.0
      Dataset =  HT1200To2500  ||   nEvents =  340873
Applied ZTo2Nu qcd/ewk Weights correctly
          hist nEntries =  0.0
          hist integral =  0.0
      Dataset =  HT100To200  ||   nEvents =  22737266
Applied ZTo2Nu qcd/ewk Weights correctly
          hist nEntries =  0.0
          hist integral =  0.0
      Dataset =  HT2500ToInf  ||   nEvents =  6734
Applied ZTo2Nu qcd/ewk Weights correctly
          hist nEntries =  0.0
          hist integral =  0.0
      Dataset =  HT800To1200  ||   nEvents =  2058077
Applied ZTo2Nu qcd/ewk Weights correctly
          hist nEntries =  1.0
          hist integral =  0.0230851955712
      Dataset =  HT200To400  ||   nEvents =  21446397
Applied ZTo2Nu qcd/ewk Weights correctly
          hist nEntries =  0.0
          hist integral =  0.0
      Dataset =  HT400To600  ||   nEvents =  9542035
Applied ZTo2Nu qcd/ewk Weights correctly
          hist nEntries =  2.0
          hist integral =  0.106760710478
  Process =  WW
      Dataset =  WWTo1L1Nu2Q  ||   nEvents =  5054286
          hist nEntries =  2.0
          hist integral =  0.862341433764
      Dataset =  WWTo4Q  ||   nEvents =  2000000
          hist nEntries =  0.0
          hist integral =  0.0
      Dataset =  WWTo2L2Nu  ||   nEvents =  2000000
          hist nEntries =  2.0
          hist integral =  0.165678053396
  Process =  ttbarPlusJets
      Dataset =  TTToSemiLepton  ||   nEvents =  241119449
          hist nEntries =  296.0
          hist integral =  11.0371082262
      Dataset =  TTTo2L2Nu  ||   nEvents =  9000000
          hist nEntries =  252.0
          hist integral =  80.8112079501
  Process =  ttbar scalar
      Dataset =  ttDM_MChi1_MPhi100_scalar  ||   nEvents =  1542620
          hist nEntries =  1553.0
          hist integral =  24.6605435312
  Process =  ZZ
      Dataset =  ZZTo2Q2Nu  ||   nEvents =  62115355
          hist nEntries =  1.0
          hist integral =  2.91467258648e-05
      Dataset =  ZZTo4L  ||   nEvents =  6964071
          hist nEntries =  0.0
          hist integral =  0.0
      Dataset =  ZZTo2L2Q  ||   nEvents =  27441872
          hist nEntries =  2.0
          hist integral =  0.00929923774675
      Dataset =  ZZTo2L2Nu  ||   nEvents =  8744768
          hist nEntries =  25.0
          hist integral =  0.0516504688349
  Process =  QCD
      Dataset =  HT700To1000  ||   nEvents =  46840955
          hist nEntries =  0.0
          hist integral =  0.0
      Dataset =  HT500To700  ||   nEvents =  56207744
          hist nEntries =  0.0
          hist integral =  0.0
      Dataset =  HT2000ToInf  ||   nEvents =  5941306
          hist nEntries =  0.0
          hist integral =  0.0
      Dataset =  HT1000To1500  ||   nEvents =  16824762
          hist nEntries =  0.0
          hist integral =  0.0
      Dataset =  HT1500To2000  ||   nEvents =  11634434
          hist nEntries =  0.0
          hist integral =  0.0
      Dataset =  HT100To200  ||   nEvents =  93231801
          hist nEntries =  0.0
          hist integral =  0.0
      Dataset =  HT300To500  ||   nEvents =  59569132
          hist nEntries =  0.0
          hist integral =  0.0
      Dataset =  HT200To300  ||   nEvents =  59197363
          hist nEntrieTFile::Append:0: RuntimeWarning: Replacing existing TH1: hist (Potential memory leak).
TFile::Append:0: RuntimeWarning: Replacing existing TH1: hist (Potential memory leak).
TFile::Append:0: RuntimeWarning: Replacing existing TH1: hist (Potential memory leak).
TFile::Append:0: RuntimeWarning: Replacing existing TH1: hist (Potential memory leak).
TFile::Append:0: RuntimeWarning: Replacing existing TH1: hist (Potential memory leak).
TFile::Append:0: RuntimeWarning: Replacing existing TH1: hist (Potential memory leak).
TFile::Append:0: RuntimeWarning: Replacing existing TH1: hist (Potential memory leak).
TFile::Append:0: RuntimeWarning: Replacing existing TH1: hist (Potential memory leak).
TFile::Append:0: RuntimeWarning: Replacing existing TH1: hist (Potential memory leak).
TFile::Append:0: RuntimeWarning: Replacing existing TH1: hist (Potential memory leak).
TFile::Append:0: RuntimeWarning: Replacing existing TH1: hist (Potential memory leak).
TFile::Append:0: RuntimeWarning: Replacing existing TH1: hist (Potential memory leak).
TFile::Append:0: RuntimeWarning: Replacing existing TH1: hist (Potential memory leak).
TFile::Append:0: RuntimeWarning: Replacing existing TH1: hist (Potential memory leak).
TFile::Append:0: RuntimeWarning: Replacing existing TH1: hist (Potential memory leak).
TFile::Append:0: RuntimeWarning: Replacing existing TH1: hist (Potential memory leak).
TFile::Append:0: RuntimeWarning: Replacing existing TH1: hist (Potential memory leak).
TFile::Append:0: RuntimeWarning: Replacing existing TH1: hist (Potential memory leak).
TFile::Append:0: RuntimeWarning: Replacing existing TH1: hist (Potential memory leak).
TFile::Append:0: RuntimeWarning: Replacing existing TH1: hist (Potential memory leak).
TFile::Append:0: RuntimeWarning: Replacing existing TH1: hist (Potential memory leak).
TFile::Append:0: RuntimeWarning: Replacing existing TH1: hist (Potential memory leak).
TFile::Append:0: RuntimeWarning: Replacing existing TH1: hist (Potential memory leak).
TFile::Append:0: RuntimeWarning: Replacing existing TH1: hist (Potential memory leak).
TFile::Append:0: RuntimeWarning: Replacing existing TH1: hist (Potential memory leak).
TFile::Append:0: RuntimeWarning: Replacing existing TH1: hist (Potential memory leak).
TFile::Append:0: RuntimeWarning: Replacing existing TH1: hist (Potential memory leak).
s =  0.0
          hist integral =  0.0
  Process =  WZ
      Dataset =  WZTo2Q2Nu  ||   nEvents =  30748033
          hist nEntries =  0.0
          hist integral =  0.0
      Dataset =  WZTo2L2Q  ||   nEvents =  27582164
          hist nEntries =  0.0
          hist integral =  0.0
      Dataset =  WZTo3LNu  ||   nEvents =  10987679
          hist nEntries =  4.0
          hist integral =  0.0659770565107
      Dataset =  WZTo1L3Nu  ||   nEvents =  4994395
          hist nEntries =  28.0
          hist integral =  0.579958886025
      Dataset =  WZTo1L1Nu2Q  ||   nEvents =  19086373
          hist nEntries =  58.0
          hist integral =  1.16627590358
  Process =  ttbar pseudoscalar
      Dataset =  ttDM_MChi1_MPhi100_pseudo  ||   nEvents =  2017188
          hist nEntries =  6844.0
          hist integral =  22.5027644038
  Process =  TTV
      Dataset =  TTZToQQ  ||   nEvents =  9690000
          hist nEntries =  311.0
          hist integral =  0.561452122638
      Dataset =  TTWJetsToLNu  ||   nEvents =  9920372
          hist nEntries =  4269.0
          hist integral =  3.04843789712
      Dataset =  TTWJetsToQQ  ||   nEvents =  811306
          hist nEntries =  18.0
          hist integral =  0.298619415611
      Dataset =  TTZToLLNuNu  ||   nEvents =  15496140
          hist nEntries =  20265.0
          hist integral =  10.7922405899
  Process =  ZTo2L
      Dataset =  HT600To800  ||   nEvents =  8743640
Applied ZTo2L qcd/ewk Weights correctly
          hist nEntries =  7.0
          hist integral =  0.0451536669061
      Dataset =  HT1200To2500  ||   nEvents =  625517
Applied ZTo2L qcd/ewk Weights correctly
          hist nEntries =  4.0
          hist integral =  0.0450519779697
      Dataset =  HT100To200  ||   nEvents =  15147827
Applied ZTo2L qcd/ewk Weights correctly
          hist nEntries =  0.0
          hist integral =  0.0
      Dataset =  HT2500ToInf  ||   nEvents =  419308
Applied ZTo2L qcd/ewk Weights correctly
          hist nEntries =  1.0
          hist integral =  0.000492250022944
      Dataset =  HT800To1200  ||   nEvents =  3114980
Applied ZTo2L qcd/ewk Weights correctly
          hist nEntries =  5.0
          hist integral =  0.0518007557839
      Dataset =  HT200To400  ||   nEvents =  11929310
Applied ZTo2L qcd/ewk Weights correctly
          hist nEntries =  1.0
          hist integral =  0.0588959343731
      Dataset =  HT400To600  ||   nEvents =  11343818
Applied ZTo2L qcd/ewk Weights correctly
          hist nEntries =  2.0
          hist integral =  0.053465437144
  Process =  singleTop
      Dataset =  ST_s-channel  ||   nEvents =  9883805
          hist nEntries =  4.0
          hist integral =  0.0348805105314
      Dataset =  ST_t-channel_antitop  ||   nEvents =  3675910
          hist nEntries =  0.0
          hist integral =  0.0
      Dataset =  ST_tW_top  ||   nEvents =  7794186
          hist nEntries =  106.0
          hist integral =  15.4032478631
      Dataset =  ST_t-channel_top  ||   nEvents =  5982064
          hist nEntries =  0.0
          hist integral =  0.0
      Dataset =  ST_tW_antitop  ||   nEvents =  7977430
          hist nEntries =  118.0
          hist integral =  16.6195554733
  Process =  WPlusJets
      Dataset =  HT200To400  ||   nEvents =  21250517
Applied WPlusJets qcd/ewk Weights correctly
          hist nEntries =  3.0
          hist integral =  2.49854505062
      Dataset =  HT70To100  ||   nEvents =  22226705
Applied WPlusJets qcd/ewk Weights correctly
          hist nEntries =  0.0
          hist integral =  0.0
      Dataset =  HT600To800  ||   nEvents =  21709087
Applied WPlusJets qcd/ewk Weights correctly
          hist nEntries =  69.0
          hist integral =  1.07334333286
      Dataset =  HT1200To2500  ||   nEvents =  20258624
Applied WPlusJets qcd/ewk Weights correctly
          hist nEntries =  259.0
          hist integral =  0.355840592645
      Dataset =  HT100To200  ||   nEvents =  35862893
Applied WPlusJets qcd/ewk Weights correctly
          hist nEntries =  1.0
          hist integral =  2.6535217762
      Dataset =  HT400TTFile::Append:0: RuntimeWarning: Replacing existing TH1: hist (Potential memory leak).
TFile::Append:0: RuntimeWarning: Replacing existing TH1: hist (Potential memory leak).
TFile::Append:0: RuntimeWarning: Replacing existing TH1: hist (Potential memory leak).
Info in <TCanvas::Print>: png file plots/SR_2017/METcorrected_pt/04_08_2021/SL1l2bSR2017_METcorrected_pt_04_08_2021.png has been created
o600  ||   nEvents =  14313274
Applied WPlusJets qcd/ewk Weights correctly
          hist nEntries =  23.0
          hist integral =  2.8107816726
      Dataset =  HT2500ToInf  ||   nEvents =  21495421
Applied WPlusJets qcd/ewk Weights correctly
          hist nEntries =  474.0
          hist integral =  0.00469863691251
      Dataset =  HT800To1200  ||   nEvents =  20432728
Applied WPlusJets qcd/ewk Weights correctly
          hist nEntries =  145.0
          hist integral =  0.929948762059
-----------------------------
Total data background nEvents =  0.0
Total data background integral =  0.0
-----------------------------
Total MC background nEvents =  26758.0
Total MC background integral =  152.219347954
-----------------------------
Total tt+DM signal nEvents =  77.65
Total tt+DM signal integral =  24.6605435848
-----------------------------
-----------------------------
FOM for tt+DM signal =  1.99879252562
-----------------------------
Data bin errors:
    bin 0: 0.0
    bin 1: 0.0
    bin 2: 0.0
    bin 3: 0.0
    bin 4: 0.0
    bin 5: 0.0
    bin 6: 0.0
    bin 7: 0.0
    bin 8: 0.0
    bin 9: 0.0
-----------------------------
MC background bin errors:
    bin 0: 0.0
    bin 1: 5.50800589942
    bin 2: 2.75962608459
    bin 3: 2.16984091188
    bin 4: 1.35412376354
    bin 5: 1.11259837732
    bin 6: 0.633184813693
    bin 7: 0.822040600357
    bin 8: 0.736571767831
    bin 9: 0.282063084811
-----------------------------
tt+DM bin errors:
    bin 0: 0.0
    bin 1: 7.8156469922
    bin 2: 6.51360208929
    bin 3: 5.19413545446
    bin 4: 3.87983399192
    bin 5: 3.31637532766
    bin 6: 2.82290034379
    bin 7: 2.2418846452
    bin 8: 1.72250207713
    bin 9: 1.7153538337
-----------------------------
-----------------------------
Finished filling histograms
Creating stacked MC background histogram...
Finished stacking MC background histograms.
Drawing histograms...
Finished drawing histograms
Plotting end time: 2021-04-09 04:45:46.722020
