Plotting start time: 2022-01-28 20:03:28.668911
Cut name =  AH0lQR
MC Selection Cuts =  (nVetoElectrons + nLooseMuons) == 0 && njets >= 3 && nbjets >= 1 && METcorrected_pt >= 250 && ntaus == 0 && minDeltaPhi12 <= 0.8 && Flag_goodVertices && Flag_globalSuperTightHalo2016Filter && Flag_HBHENoiseFilter && Flag_HBHENoiseIsoFilter && Flag_EcalDeadCellTriggerPrimitiveFilter && Flag_BadPFMuonFilter && Flag_ecalBadCalibFilterV2 && (HLT_PFMETNoMu120_PFMHTNoMu120_IDTight || HLT_PFMETNoMu120_PFMHTNoMu120_IDTight_PFHT60) && PV_npvsGood > 0 && PV_ndof > 4 && abs(PV_z) < 24 && sqrt(pow(PV_x,2)+pow(PV_y,2)) < 2 && ((METcorrected_phi <= -1.62) || (METcorrected_phi >= -0.82))
Data Selection Cuts =  (nVetoElectrons + nLooseMuons) == 0 && njets >= 3 && nbjets >= 1 && METcorrected_pt >= 250 && ntaus == 0 && minDeltaPhi12 <= 0.8 && Flag_goodVertices && Flag_globalSuperTightHalo2016Filter && Flag_HBHENoiseFilter && Flag_HBHENoiseIsoFilter && Flag_EcalDeadCellTriggerPrimitiveFilter && Flag_BadPFMuonFilter && Flag_ecalBadCalibFilterV2 && (HLT_PFMETNoMu120_PFMHTNoMu120_IDTight || HLT_PFMETNoMu120_PFMHTNoMu120_IDTight_PFHT60) && PV_npvsGood > 0 && PV_ndof > 4 && abs(PV_z) < 24 && sqrt(pow(PV_x,2)+pow(PV_y,2)) < 2 && ((METcorrected_phi <= -1.62) || (METcorrected_phi >= -0.82)) && Flag_eeBadScFilter
var =  METcorrected_pt
year =  2018
lumi =  59.83
saveDirectory =  plots/CR_2016/METcorrected_pt/
date =  1_28_2022
applying HEM fix for 2018...
Creating histograms..
Finished making systematic histogram dictionary
Drawing data and ratio plot...
Selected MET dataset
Loading data sample root files and event trees...
    ----Loading /hdfs/store/user/vshang/MET_Run2018A/MET/ModuleCommonSkim_01182022/tree_all.root
    nevents in filepath = /hdfs/store/user/vshang/MET_Run2018A/MET/ModuleCommonSkim_01182022/tree_all.root: 418310
    ----Loading /hdfs/store/user/vshang/MET_Run2018B/MET/ModuleCommonSkim_01182022/tree_all.root
    nevents in filepath = /hdfs/store/user/vshang/MET_Run2018B/MET/ModuleCommonSkim_01182022/tree_all.root: 209921
    ----Loading /hdfs/store/user/vshang/MET_Run2018C/MET/ModuleCommonSkim_01182022/tree_all.root
    nevents in filepath = /hdfs/store/user/vshang/MET_Run2018C/MET/ModuleCommonSkim_01182022/tree_all.root: 328658
    ----Loading /hdfs/store/user/vshang/MET_Run2018D/MET/ModuleCommonSkim_01182022/tree_all.root
    nevents in filepath = /hdfs/store/user/vshang/MET_Run2018D/MET/ModuleCommonSkim_01182022/tree_all.root: 1507254
    total nevents in  MET :  2464143
Got data sample root files and event trees
Loading MC sample root files and event trees...
    ----Loading HT600To800
    nevents in  ZTo2Nu   HT600To800 :  5748975
    ----Loading HT1200To2500
    nevents in  ZTo2Nu   HT1200To2500 :  343198
    ----Loading HT100To200
    nevents in  ZTo2Nu   HT100To200 :  23702894
    ----Loading HT2500ToInf
    nevents in  ZTo2Nu   HT2500ToInf :  359639
    ----Loading HT800To1200
    nevents in  ZTo2Nu   HT800To1200 :  2066798
    ----Loading HT200To400
    nevents in  ZTo2Nu   HT200To400 :  23276346
    ----Loading HT400To600
    nevents in  ZTo2Nu   HT400To600 :  9511100
    ----Loading WWTo1L1Nu2Q
    nevents in  WW   WWTo1L1Nu2Q :  4683136
    ----Loading WWTo4Q
    nevents in  WW   WWTo4Q :  3790800
    ----Loading WWTo2L2Nu
    nevents in  WW   WWTo2L2Nu :  7758900
    ----Loading TTToSemiLepton
    nevents in  ttbarPlusJets   TTToSemiLepton :  300619998
    ----Loading TTTo2L2Nu
    nevents in  ttbarPlusJets   TTTo2L2Nu :  64310000
    ----Loading ttDM_MChi1_MPhi100_scalar
    nevents in  ttbar scalar   ttDM_MChi1_MPhi100_scalar :  141744
    ----Loading ZZTo2Q2Nu
    nevents in  ZZ   ZZTo2Q2Nu :  57633049
    ----Loading ZZTo4L
    nevents in  ZZ   ZZTo4L :  124649500
    ----Loading ZZTo2L2Q
    nevents in  ZZ   ZZTo2L2Q :  27900469
    ----Loading ZZTo2L2Nu
    nevents in  ZZ   ZZTo2L2Nu :  56428600
    ----Loading Pt50to80
    nevents in  QCD   Pt50to80 :  25580000
    ----Loading Pt2400to3200
    nevents in  QCD   Pt2400to3200 :  2394000
    ----Loading Pt30to50
    nevents in  QCD   Pt30to50 :  18488000
    ----Loading Pt470Info in <TCanvas::MakeDefCanvas>:  created default TCanvas with name c1
TFile::Append:0: RuntimeWarning: Replacing existing TH1: hist (Potential memory leak).
TFile::Append:0: RuntimeWarning: Replacing existing TH1: hist (Potential memory leak).
TFile::Append:0: RuntimeWarning: Replacing existing TH1: hist (Potential memory leak).
TFile::Append:0: RuntimeWarning: Replacing existing TH1: hist (Potential memory leak).
TFile::Append:0: RuntimeWarning: Replacing existing TH1: hist (Potential memory leak).
to600
    nevents in  QCD   Pt470to600 :  42459973
    ----Loading Pt300to470
    nevents in  QCD   Pt300to470 :  41744000
    ----Loading Pt170to300
    nevents in  QCD   Pt170to300 :  29710000
    ----Loading Pt800to1000
    nevents in  QCD   Pt800to1000 :  36062000
    ----Loading Pt600to800
    nevents in  QCD   Pt600to800 :  64061000
    ----Loading Pt120to170
    nevents in  QCD   Pt120to170 :  25255000
    ----Loading Pt1000to1400
    nevents in  QCD   Pt1000to1400 :  18485000
    ----Loading Pt1400to1800
    nevents in  QCD   Pt1400to1800 :  6928000
    ----Loading Pt15to30
    nevents in  QCD   Pt15to30 :  19451000
    ----Loading Pt3200toInf
    nevents in  QCD   Pt3200toInf :  925000
    ----Loading Pt80to120
    nevents in  QCD   Pt80to120 :  29535000
    ----Loading Pt1800to2400
    nevents in  QCD   Pt1800to2400 :  4017800
    ----Loading WZTo2Q2Nu
    nevents in  WZ   WZTo2Q2Nu :  30887331
    ----Loading WZTo2L2Q
    nevents in  WZ   WZTo2L2Q :  28193648
    ----Loading WZTo3LNu
    nevents in  WZ   WZTo3LNu :  11248318
    ----Loading WZTo1L3Nu
    nevents in  WZ   WZTo1L3Nu :  1690064
    ----Loading WZTo1L1Nu2Q
    nevents in  WZ   WZTo1L1Nu2Q :  18273533
    ----Loading ttDM_MChi1_MPhi100_pseudo
    nevents in  ttbar pseudoscalar   ttDM_MChi1_MPhi100_pseudo :  285785
    ----Loading TTZToQQ
    nevents in  TTV   TTZToQQ :  9572000
    ----Loading TTWJetsToLNu
    nevents in  TTV   TTWJetsToLNu :  4911941
    ----Loading TTWJetsToQQ
    nevents in  TTV   TTWJetsToQQ :  835296
    ----Loading TTZToLLNuNu
    nevents in  TTV   TTZToLLNuNu :  13280000
    ----Loading HT600To800
    nevents in  ZTo2L   HT600To800 :  8862104
    ----Loading HT1200To2500
    nevents in  ZTo2L   HT1200To2500 :  536416
    ----Loading HT100To200
    nevents in  ZTo2L   HT100To200 :  11530510
    ----Loading HT2500ToInf
    nevents in  ZTo2L   HT2500ToInf :  427051
    ----Loading HT800To1200
    nevents in  ZTo2L   HT800To1200 :  3138129
    ----Loading HT200To400
    nevents in  ZTo2L   HT200To400 :  10860690
    ----Loading HT400To600
    nevents in  ZTo2L   HT400To600 :  46161988
    ----Loading ST_s-channel
    nevents in  singleTop   ST_s-channel :  19890000
    ----Loading ST_t-channel_antitop
    nevents in  singleTop   ST_t-channel_antitop :  79090800
    ----Loading ST_tW_top
    nevents in  singleTop   ST_tW_top :  9598000
    ----Loading ST_t-channel_top
    nevents in  singleTop   ST_t-channel_top :  154307600
    ----Loading ST_tW_antitop
    nevents in  singleTop   ST_tW_antitop :  7527000
    ----Loading HT200To400
    nevents in  WPlusJets   HT200To400 :  25468933
    ----Loading HT70To100
    nevents in  WPlusJets   HT70To100 :  28084244
    ----Loading HT600To800
    nevents in  WPlusJets   HT600To800 :  19771294
    ----Loading HT1200To2500
    nevents in  WPlusJets   HT1200To2500 :  7633949
    ----Loading HT100To200
    nevents in  WPlusJets   HT100To200 :  29425374
    ----Loading HT400To600
    nevents in  WPlusJets   HT400To600 :  5932701
    ----Loading HT2500ToInf
    nevents in  WPlusJets   HT2500ToInf :  3273980
    ----Loading HT800To1200
    nevents in  WPlusJets   HT800To1200 :  8402687
Got MC sample root files and event trees
Filling histograms...
  Dataset =  MET  ||   nEvents =  2464143
    hist nEntries =  19147.0
    hist integral =  19147.0
    hist_data nEntries =  19147.0
    hist_data integral =  19147.0
    hist nEntries =  9335.0
    hist integral =  9335.0
    hist_data nEntries =  28482.0
    hist_data integral =  28482.0
    hist nEntries =  9545.0
    hist integral =  9545.0
    hist_data nEntries =  38027.0
    hist_data integral =  38027.0
    hist nEntries =  43148.0
    hist integral =  43148.0
    hist_data nEntries =  81175.0
    hist_data integral =  81175.0
  Process =  ZTo2Nu
      Dataset =  HT600To800  ||   nEvents =  5748975
Applied ZTo2Nu qcd/ewk Weights correctly
          hist nEntries =  23945.0
          hist integral =  947.692744255
      Dataset =  HT1200To2500  ||   nEvents =  343198
Applied ZTo2Nu qcd/ewk Weights correctly
          hist nEntries =  4981.0
   TFile::Append:0: RuntimeWarning: Replacing existing TH1: hist (Potential memory leak).
TFile::Append:0: RuntimeWarning: Replacing existing TH1: hist (Potential memory leak).
TFile::Append:0: RuntimeWarning: Replacing existing TH1: hist (Potential memory leak).
TFile::Append:0: RuntimeWarning: Replacing existing TH1: hist (Potential memory leak).
TFile::Append:0: RuntimeWarning: Replacing existing TH1: hist (Potential memory leak).
TFile::Append:0: RuntimeWarning: Replacing existing TH1: hist (Potential memory leak).
TFile::Append:0: RuntimeWarning: Replacing existing TH1: hist (Potential memory leak).
TFile::Append:0: RuntimeWarning: Replacing existing TH1: hist (Potential memory leak).
TFile::Append:0: RuntimeWarning: Replacing existing TH1: hist (Potential memory leak).
TFile::Append:0: RuntimeWarning: Replacing existing TH1: hist (Potential memory leak).
TFile::Append:0: RuntimeWarning: Replacing existing TH1: hist (Potential memory leak).
TFile::Append:0: RuntimeWarning: Replacing existing TH1: hist (Potential memory leak).
TFile::Append:0: RuntimeWarning: Replacing existing TH1: hist (Potential memory leak).
TFile::Append:0: RuntimeWarning: Replacing existing TH1: hist (Potential memory leak).
TFile::Append:0: RuntimeWarning: Replacing existing TH1: hist (Potential memory leak).
TFile::Append:0: RuntimeWarning: Replacing existing TH1: hist (Potential memory leak).
TFile::Append:0: RuntimeWarning: Replacing existing TH1: hist (Potential memory leak).
TFile::Append:0: RuntimeWarning: Replacing existing TH1: hist (Potential memory leak).
TFile::Append:0: RuntimeWarning: Replacing existing TH1: hist (Potential memory leak).
TFile::Append:0: RuntimeWarning: Replacing existing TH1: hist (Potential memory leak).
TFile::Append:0: RuntimeWarning: Replacing existing TH1: hist (Potential memory leak).
TFile::Append:0: RuntimeWarning: Replacing existing TH1: hist (Potential memory leak).
TFile::Append:0: RuntimeWarning: Replacing existing TH1: hist (Potential memory leak).
TFile::Append:0: RuntimeWarning: Replacing existing TH1: hist (Potential memory leak).
TFile::Append:0: RuntimeWarning: Replacing existing TH1: hist (Potential memory leak).
TFile::Append:0: RuntimeWarning: Replacing existing TH1: hist (Potential memory leak).
TFile::Append:0: RuntimeWarning: Replacing existing TH1: hist (Potential memory leak).
TFile::Append:0: RuntimeWarning: Replacing existing TH1: hist (Potential memory leak).
TFile::Append:0: RuntimeWarning: Replacing existing TH1: hist (Potential memory leak).
TFile::Append:0: RuntimeWarning: Replacing existing TH1: hist (Potential memory leak).
       hist integral =  325.294704437
      Dataset =  HT100To200  ||   nEvents =  23702894
Applied ZTo2Nu qcd/ewk Weights correctly
          hist nEntries =  1.0
          hist integral =  0.0305085852742
      Dataset =  HT2500ToInf  ||   nEvents =  359639
Applied ZTo2Nu qcd/ewk Weights correctly
          hist nEntries =  6675.0
          hist integral =  6.47964082658
      Dataset =  HT800To1200  ||   nEvents =  2066798
Applied ZTo2Nu qcd/ewk Weights correctly
          hist nEntries =  17673.0
          hist integral =  857.041514397
      Dataset =  HT200To400  ||   nEvents =  23276346
Applied ZTo2Nu qcd/ewk Weights correctly
          hist nEntries =  631.0
          hist integral =  198.423521101
      Dataset =  HT400To600  ||   nEvents =  9511100
Applied ZTo2Nu qcd/ewk Weights correctly
          hist nEntries =  10583.0
          hist integral =  1071.18490753
  Process =  WW
      Dataset =  WWTo1L1Nu2Q  ||   nEvents =  4683136
          hist nEntries =  181.0
          hist integral =  212.893627107
      Dataset =  WWTo4Q  ||   nEvents =  3790800
          hist nEntries =  2.0
          hist integral =  1.61301743984
      Dataset =  WWTo2L2Nu  ||   nEvents =  7758900
          hist nEntries =  92.0
          hist integral =  9.69007821009
  Process =  ttbarPlusJets
      Dataset =  TTToSemiLepton  ||   nEvents =  300619998
          hist nEntries =  234862.0
          hist integral =  16747.6985168
      Dataset =  TTTo2L2Nu  ||   nEvents =  64310000
          hist nEntries =  23287.0
          hist integral =  1863.91920853
  Process =  ttbar scalar
      Dataset =  ttDM_MChi1_MPhi100_scalar  ||   nEvents =  141744
          hist nEntries =  9984.0
          hist integral =  3012.18253899
  Process =  ZZ
      Dataset =  ZZTo2Q2Nu  ||   nEvents =  57633049
          hist nEntries =  8662.0
          hist integral =  40.9731448889
      Dataset =  ZZTo4L  ||   nEvents =  124649500
          hist nEntries =  132.0
          hist integral =  0.112963589141
      Dataset =  ZZTo2L2Q  ||   nEvents =  27900469
          hist nEntries =  671.0
          hist integral =  6.33646406233
      Dataset =  ZZTo2L2Nu  ||   nEvents =  56428600
          hist nEntries =  643.0
          hist integral =  0.465040670708
  Process =  QCD
      Dataset =  Pt50to80  ||   nEvents =  25580000
          hist nEntries =  0.0
          hist integral =  0.0
      Dataset =  Pt2400to3200  ||   nEvents =  2394000
          hist nEntries =  18192.0
          hist integral =  2.74622561969
      Dataset =  Pt30to50  ||   nEvents =  18488000
          hist nEntries =  0.0
          hist integral =  0.0
      Dataset =  Pt470to600  ||   nEvents =  42459973
          hist nEntries =  16790.0
          hist integral =  12809.3350329
      Dataset =  Pt300to470  ||   nEvents =  41744000
          hist nEntries =  1843.0
          hist integral =  17732.8249598
      Dataset =  Pt170to300  ||   nEvents =  29710000
          hist nEntries =  19.0
          hist integral =  4035.40527344
      Dataset =  Pt800to1000  ||   nEvents =  36062000
          hist nEntries =  75475.0
          hist integral =  3243.17793846
      Dataset =  Pt600to800  ||   nEvents =  64061000
          hist nEntries =  67605.0
          hist integral =  9701.60039711
      Dataset =  Pt120to170  ||   nEvents =  25255000
          hist nEntries =  0.0
          hist integral =  0.0
      Dataset =  Pt1000to1400  ||   nEvents =  18485000
          hist nEntries =  55462.0
          hist integral =  1359.73050499
      Dataset =  Pt1400to1800  ||   nEvents =  6928000
          hist nEntries =  25891.0
          hist integral =  160.677999735
      Dataset =  Pt15to30  ||   nEvents =  19451000
          hist nEntries =  0.0
          hist integral =  0.0
      Dataset =  Pt3200toInf  ||   nEvents =  925000
          hist nEntries =  9943.0
          hist integral =  0.0995055763051
      Dataset =  Pt80to120  ||   nEvents =  29535000
          hist nEntries =  0.0
          hist integral =  0.0
      Dataset =  Pt1800to2400  ||   nEvents =  4017800
          hist nEntrTFile::Append:0: RuntimeWarning: Replacing existing TH1: hist (Potential memory leak).
TFile::Append:0: RuntimeWarning: Replacing existing TH1: hist (Potential memory leak).
TFile::Append:0: RuntimeWarning: Replacing existing TH1: hist (Potential memory leak).
TFile::Append:0: RuntimeWarning: Replacing existing TH1: hist (Potential memory leak).
TFile::Append:0: RuntimeWarning: Replacing existing TH1: hist (Potential memory leak).
TFile::Append:0: RuntimeWarning: Replacing existing TH1: hist (Potential memory leak).
TFile::Append:0: RuntimeWarning: Replacing existing TH1: hist (Potential memory leak).
TFile::Append:0: RuntimeWarning: Replacing existing TH1: hist (Potential memory leak).
TFile::Append:0: RuntimeWarning: Replacing existing TH1: hist (Potential memory leak).
TFile::Append:0: RuntimeWarning: Replacing existing TH1: hist (Potential memory leak).
TFile::Append:0: RuntimeWarning: Replacing existing TH1: hist (Potential memory leak).
TFile::Append:0: RuntimeWarning: Replacing existing TH1: hist (Potential memory leak).
TFile::Append:0: RuntimeWarning: Replacing existing TH1: hist (Potential memory leak).
TFile::Append:0: RuntimeWarning: Replacing existing TH1: hist (Potential memory leak).
TFile::Append:0: RuntimeWarning: Replacing existing TH1: hist (Potential memory leak).
TFile::Append:0: RuntimeWarning: Replacing existing TH1: hist (Potential memory leak).
TFile::Append:0: RuntimeWarning: Replacing existing TH1: hist (Potential memory leak).
TFile::Append:0: RuntimeWarning: Replacing existing TH1: hist (Potential memory leak).
TFile::Append:0: RuntimeWarning: Replacing existing TH1: hist (Potential memory leak).
TFile::Append:0: RuntimeWarning: Replacing existing TH1: hist (Potential memory leak).
TFile::Append:0: RuntimeWarning: Replacing existing TH1: hist (Potential memory leak).
TFile::Append:0: RuntimeWarning: Replacing existing TH1: hist (Potential memory leak).
TFile::Append:0: RuntimeWarning: Replacing existing TH1: hist (Potential memory leak).
TFile::Append:0: RuntimeWarning: Replacing existing TH1: hist (Potential memory leak).
TFile::Append:0: RuntimeWarning: Replacing existing TH1: hist (Potential memory leak).
TFile::Append:0: RuntimeWarning: Replacing existing TH1: hist (Potential memory leak).
TFile::Append:0: RuntimeWarning: Replacing existing TH1: hist (Potential memory leak).
ies =  20699.0
          hist integral =  30.9705408514
  Process =  WZ
      Dataset =  WZTo2Q2Nu  ||   nEvents =  30887331
          hist nEntries =  7225.0
          hist integral =  99.3245971203
      Dataset =  WZTo2L2Q  ||   nEvents =  28193648
          hist nEntries =  881.0
          hist integral =  14.7807981372
      Dataset =  WZTo3LNu  ||   nEvents =  11248318
          hist nEntries =  140.0
          hist integral =  4.83048652858
      Dataset =  WZTo1L3Nu  ||   nEvents =  1690064
          hist nEntries =  89.0
          hist integral =  11.9150156304
      Dataset =  WZTo1L1Nu2Q  ||   nEvents =  18273533
          hist nEntries =  2795.0
          hist integral =  113.073846102
  Process =  ttbar pseudoscalar
      Dataset =  ttDM_MChi1_MPhi100_pseudo  ||   nEvents =  285785
          hist nEntries =  10944.0
          hist integral =  438.103827
  Process =  TTV
      Dataset =  TTZToQQ  ||   nEvents =  9572000
          hist nEntries =  18600.0
          hist integral =  58.9423705041
      Dataset =  TTWJetsToLNu  ||   nEvents =  4911941
          hist nEntries =  11184.0
          hist integral =  29.3717237562
      Dataset =  TTWJetsToQQ  ||   nEvents =  835296
          hist nEntries =  2295.0
          hist integral =  71.1998301744
      Dataset =  TTZToLLNuNu  ||   nEvents =  13280000
          hist nEntries =  58671.0
          hist integral =  63.7200527787
  Process =  ZTo2L
      Dataset =  HT600To800  ||   nEvents =  8862104
Applied ZTo2L qcd/ewk Weights correctly
          hist nEntries =  9521.0
          hist integral =  113.261710167
      Dataset =  HT1200To2500  ||   nEvents =  536416
Applied ZTo2L qcd/ewk Weights correctly
          hist nEntries =  1664.0
          hist integral =  31.1979660988
      Dataset =  HT100To200  ||   nEvents =  11530510
Applied ZTo2L qcd/ewk Weights correctly
          hist nEntries =  0.0
          hist integral =  0.0
      Dataset =  HT2500ToInf  ||   nEvents =  427051
Applied ZTo2L qcd/ewk Weights correctly
          hist nEntries =  1641.0
          hist integral =  0.84436653275
      Dataset =  HT800To1200  ||   nEvents =  3138129
Applied ZTo2L qcd/ewk Weights correctly
          hist nEntries =  7187.0
          hist integral =  96.5741201639
      Dataset =  HT200To400  ||   nEvents =  10860690
Applied ZTo2L qcd/ewk Weights correctly
          hist nEntries =  51.0
          hist integral =  19.7153905034
      Dataset =  HT400To600  ||   nEvents =  46161988
Applied ZTo2L qcd/ewk Weights correctly
          hist nEntries =  9395.0
          hist integral =  100.409345089
  Process =  singleTop
      Dataset =  ST_s-channel  ||   nEvents =  19890000
          hist nEntries =  8901.0
          hist integral =  98.8773437142
      Dataset =  ST_t-channel_antitop  ||   nEvents =  79090800
          hist nEntries =  4085.0
          hist integral =  206.747460932
      Dataset =  ST_tW_top  ||   nEvents =  9598000
          hist nEntries =  2795.0
          hist integral =  607.140598297
      Dataset =  ST_t-channel_top  ||   nEvents =  154307600
          hist nEntries =  12640.0
          hist integral =  548.727581263
      Dataset =  ST_tW_antitop  ||   nEvents =  7527000
          hist nEntries =  2370.0
          hist integral =  655.635725498
  Process =  WPlusJets
      Dataset =  HT200To400  ||   nEvents =  25468933
Applied WPlusJets qcd/ewk Weights correctly
          hist nEntries =  393.0
          hist integral =  484.79196775
      Dataset =  HT70To100  ||   nEvents =  28084244
Applied WPlusJets qcd/ewk Weights correctly
          hist nEntries =  1.0
          hist integral =  5.45741415024
      Dataset =  HT600To800  ||   nEvents =  19771294
Applied WPlusJets qcd/ewk Weights correctly
          hist nEntries =  26782.0
          hist integral =  1106.23940372
      Dataset =  HT1200To2500  ||   nEvents =  7633949
Applied WPlusJets qcd/ewk Weights correctly
          hist nEntries =  39872.0
          hist integral =  337.867084026
      Dataset =  HT100To200  ||   nEvents =  29425374
Applied WPlusJets qcd/ewk Weights correctly
 TFile::Append:0: RuntimeWarning: Replacing existing TH1: hist (Potential memory leak).
TFile::Append:0: RuntimeWarning: Replacing existing TH1: hist (Potential memory leak).
TFile::Append:0: RuntimeWarning: Replacing existing TH1: hist (Potential memory leak).
Info in <TCanvas::Print>: pdf file plots/CR_2016/METcorrected_pt/1_28_2022/AH0lQR2018_METcorrected_pt_1_28_2022_withHEMfix.pdf has been created
         hist nEntries =  0.0
          hist integral =  0.0
      Dataset =  HT400To600  ||   nEvents =  5932701
Applied WPlusJets qcd/ewk Weights correctly
          hist nEntries =  2460.0
          hist integral =  1640.55032635
      Dataset =  HT2500ToInf  ||   nEvents =  3273980
Applied WPlusJets qcd/ewk Weights correctly
          hist nEntries =  26704.0
          hist integral =  4.1400128752
      Dataset =  HT800To1200  ||   nEvents =  8402687
Applied WPlusJets qcd/ewk Weights correctly
          hist nEntries =  22459.0
          hist integral =  872.128839493
-----------------------------
Total data background nEvents =  81175.0
Total data background integral =  81175.0
-----------------------------
Total MC background nEvents =  905741.0
Total MC background integral =  78763.882019
-----------------------------
Total tt+DM signal nEvents =  9984.0
Total tt+DM signal integral =  3012.18253899
-----------------------------
-----------------------------
FOM for tt+DM signal =  10.7329159944
-----------------------------
Data bin errors:
    bin 0: 0.0
    bin 1: 163.318706828
    bin 2: 131.670042151
    bin 3: 105.014284743
    bin 4: 86.2148479092
    bin 5: 70.9506871003
    bin 6: 60.6300255649
    bin 7: 49.6990945592
    bin 8: 42.9068759058
    bin 9: 35.7631094845
    bin 10: 31.7332633052
    bin 11: 27.3495886624
    bin 12: 23.9582971014
    bin 13: 20.3715487875
    bin 14: 18.6010752377
    bin 15: 16.6433169771
-----------------------------
MC background bin errors:
    bin 0: 0.0
    bin 1: 681.995718124
    bin 2: 574.915121052
    bin 3: 496.281764427
    bin 4: 319.008319692
    bin 5: 98.3315122049
    bin 6: 97.9062841582
    bin 7: 61.184915694
    bin 8: 31.498102357
    bin 9: 25.1387843388
    bin 10: 23.8647179095
    bin 11: 19.5022647671
    bin 12: 8.81565373495
    bin 13: 17.6538884655
    bin 14: 6.32517482794
    bin 15: 5.47743172988
-----------------------------
tt+DM bin errors:
    bin 0: 0.0
    bin 1: 15.0554958761
    bin 2: 13.1333625669
    bin 3: 11.1699471369
    bin 4: 10.0226124888
    bin 5: 8.84650488524
    bin 6: 8.30103085504
    bin 7: 7.6101751074
    bin 8: 6.28509765677
    bin 9: 5.55768041491
    bin 10: 5.1928370865
    bin 11: 4.28305947161
    bin 12: 3.59362583063
    bin 13: 3.40534827866
    bin 14: 3.59290815992
    bin 15: 3.22464789695
-----------------------------
-----------------------------
ttbar pseudoscalar hist info:
    nEvents =  10944.0
    integral =  438.103827
ZTo2Nu hist info:
    nEvents =  64489.0
    integral =  3406.14755821
TTTo2L2Nu hist info:
    nEvents =  23287.0
    integral =  1863.91920853
singleTop hist info:
    nEvents =  30791.0
    integral =  2117.12869072
TTV hist info:
    nEvents =  90750.0
    integral =  223.233970165
bkgSum hist info:
    nEvents =  905741.0
    integral =  78763.882019
ttbar scalar hist info:
    nEvents =  9984.0
    integral =  3012.18253899
VV hist info:
    nEvents =  21513.0
    integral =  516.009077549
QCD hist info:
    nEvents =  291919.0
    integral =  49076.5672836
ZTo2L hist info:
    nEvents =  29459.0
    integral =  362.002889156
data hist info:
    nEvents =  81175.0
    integral =  81175.0
WPlusJets hist info:
    nEvents =  118671.0
    integral =  4451.17514038
TTToSemiLepton hist info:
    nEvents =  234862.0
    integral =  16747.6985168
Finished filling histograms
Creating stacked MC background histogram...
Finished stacking MC background histograms.
Drawing histograms...
Finished drawing histograms
Drawing ratio plot...
Finished drawing ratio plot
Plotting end time: 2022-01-28 20:13:51.178430
