plots/plot.py:943: SyntaxWarning: name 'counter' is used prior to global declaration
  global counter
Plotting start time: 2023-07-17 13:12:38.592201
Cut name =  SL1l0fSR
MC Selection Cuts =  (nTightElectrons == 1 && nVetoElectrons == 1 && nLooseMuons == 0 && njets >= 2 && METcorrected_pt >= 250 && Flag_goodVertices && Flag_globalSuperTightHalo2016Filter && Flag_HBHENoiseFilter && Flag_HBHENoiseIsoFilter && Flag_EcalDeadCellTriggerPrimitiveFilter && Flag_BadPFMuonFilter && ((HLT_Ele27_WPTight_Gsf) || (HLT_Ele115_CaloIdVT_GsfTrkIdT || HLT_Photon175)) && PV_npvsGood > 0 && PV_ndof > 4 && abs(PV_z) < 24 && sqrt(pow(PV_x,2)+pow(PV_y,2)) < 2 && nfjets == 0 && M_T >= 140 && M_T2W >= 180 && minDeltaPhi12 >= 0.8 && M_Tb >= 140) || (nTightMuons == 1 && nLooseMuons == 1 && nVetoElectrons == 0 && njets >= 2 && METcorrected_pt >= 250 && Flag_goodVertices && Flag_globalSuperTightHalo2016Filter && Flag_HBHENoiseFilter && Flag_HBHENoiseIsoFilter && Flag_EcalDeadCellTriggerPrimitiveFilter && Flag_BadPFMuonFilter && (HLT_IsoMu24 || HLT_IsoTkMu24) && PV_npvsGood > 0 && PV_ndof > 4 && abs(PV_z) < 24 && sqrt(pow(PV_x,2)+pow(PV_y,2)) < 2 && nfjets == 0 && M_T >= 140 && M_T2W >= 180 && minDeltaPhi12 >= 0.8 && M_Tb >= 140)
Data Selection Cuts =  (nTightElectrons == 1 && nVetoElectrons == 1 && nLooseMuons == 0 && njets >= 2 && METcorrected_pt >= 250 && Flag_goodVertices && Flag_globalSuperTightHalo2016Filter && Flag_HBHENoiseFilter && Flag_HBHENoiseIsoFilter && Flag_EcalDeadCellTriggerPrimitiveFilter && Flag_BadPFMuonFilter && ((HLT_Ele27_WPTight_Gsf) || (HLT_Ele115_CaloIdVT_GsfTrkIdT || HLT_Photon175)) && PV_npvsGood > 0 && PV_ndof > 4 && abs(PV_z) < 24 && sqrt(pow(PV_x,2)+pow(PV_y,2)) < 2 && nfjets == 0 && M_T >= 140 && M_T2W >= 180 && minDeltaPhi12 >= 0.8 && M_Tb >= 140) || (nTightMuons == 1 && nLooseMuons == 1 && nVetoElectrons == 0 && njets >= 2 && METcorrected_pt >= 250 && Flag_goodVertices && Flag_globalSuperTightHalo2016Filter && Flag_HBHENoiseFilter && Flag_HBHENoiseIsoFilter && Flag_EcalDeadCellTriggerPrimitiveFilter && Flag_BadPFMuonFilter && (HLT_IsoMu24 || HLT_IsoTkMu24) && PV_npvsGood > 0 && PV_ndof > 4 && abs(PV_z) < 24 && sqrt(pow(PV_x,2)+pow(PV_y,2)) < 2 && nfjets == 0 && M_T >= 140 && M_T2W >= 180 && minDeltaPhi12 >= 0.8 && M_Tb >= 140) && Flag_eeBadScFilter
var =  nbjets
year =  2016
lumi =  36.31
saveDirectory =  plots/SR_2016/METcorrected_pt/
date =  06_30_2023
applying HEM fix for 2018...
Creating histograms..
Histogram options: 
    nbins =  5
    xmin =  0
    xmax =  5
    auto_y =  True
    doLogPlot =  False
    drawData =  True
    mediatorType =  scalar
    mchi =  1
    mphi =  100
    normalizePlots =  False
    doBinned =  False
    savePlots =  True
    combineEleMu =  True
    doSys =  False
    doSysFirstHalf =  False
    doSysSecondHalf =  False
    drawOverflow =  True
    drawUnderflow =  False
    plotSys =  False
    plotSysVar =  CMS_eff_b_light_2018
    plotSysSignal =  False
Drawing data and ratio plot...
Selected SingleMuon, SingleElectron, and SinglePhoton dataset
Loading data sample root files and event trees...
    ----Loading /hdfs/store/user/vshang/SingleElectron_Run2016B/SingleElectron/ModuleCommonSkim_12242022/tree_all.root
    ----Loading /hdfs/store/user/vshang/SingleElectron_Run2016C/SingleElectron/ModuleCommonSkim_12242022/tree_all.root
    ----Loading /hdfs/store/user/vshang/SingleElectron_Run2016D/SingleElectron/ModuleCommonSkim_12242022/tree_all.root
    ----Loading /hdfs/store/user/vshang/SingleElectron_Run2016E/SingleElectron/ModuleCommonSkim_12242022/tree_all.root
    ----Loading /hdfs/store/user/vshang/SingleElectron_Run2016F/SingleElectron/ModuleCommonSkim_12242022/tree_all.root
    ----Loading /hdfs/store/user/vshang/SingleElectron_Run2016G/SingleElectron/ModuleCommonSkim_12242022/tree_all.root
    ----Loading /hdfs/store/user/vshang/SingleElectron_Run2016H/SingleElectron/ModuleCommonSkim_12242022/tree_all.root
    total nevents in  SingleElectron :  155195
    ----Loading /hdfs/store/user/vshang/SinglePhoton_Run2016B/SinglePhoton/ModuleCommonSkim_12242022/tree_all.root
    ----Loading /hdfs/store/user/vshang/SinglePhoton_Run2016C/SinglePhoton/ModuleCommonSkim_12242022/tree_all.root
    ----Loading /hdfs/store/user/vshang/SinglePhoton_Run2016D/SinglePhoton/ModuleCommonSkim_12242022/tree_all.root
    ----Loading /hdfs/store/user/vshang/SinglePhoton_Run2016E/SinglePhoton/ModuleCommonSkim_12242022/tree_all.root
    ----Loading /hdfs/store/user/vshang/SinglePhoton_Run2016F/SinglePhoton/ModuleCommonSkim_12242022/tree_all.root
    ----Loading /hdfs/store/user/vshang/SinglePhoton_Run2016G/SinglePhoton/ModuleCommonSkim_12242022/tree_all.root
    ----Loading /hdfs/store/user/vshang/SinglePhoton_Run2016H/SinglePhoton/ModuleCommonSkim_12242022/tree_all.root
    total nevents in  SinglePhoton :  193430
    ----Loading /hdfs/store/user/vshang/SingleMuon_Run2016B/SingleMuon/ModuleCommonSkim_12242022/tree_all.root
    ----Loading /hdfs/store/user/vshang/SingleMuon_Run2016C/SingleMuon/ModuleCommonSkim_12242022/tree_all.root
    ----Loading /hdfs/store/user/vshang/SingleMuon_Run2016D/SingleMuon/ModuleCommonSkim_12242022/tree_all.root
    ----Loading /hdfs/store/user/vshang/SingleMuon_Run2016E/SingleMuon/ModuleCommonSkim_12242022/tree_all.root
    ----Loading /hdfs/store/user/vshang/SingleMuon_Run2016F/SingleMuon/ModuleCommonSkim_12242022/tree_all.root
    ----Loading /hdfs/store/user/vshang/SingleMuon_Run2016G/SingleMuon/ModuleCommonSkim_12242022/tree_all.root
    ----Loading /hdfs/store/user/vshang/SingleMuon_Run2016H/SingleMuon/ModuleCommonSkim_12242022/tree_all.root
    total nevents in  SingleMuon :  239418
Got data sample root files and event trees
Loading MC sample root files and event trees...
Loading process:  ZTo2Nu
    ----Loading HT600To800
    nevents in  ZTo2Nu   HT600To800 :  5693589
    ----Loading HT1200To2500
    nevents in  ZTo2Nu   HT1200To2500 :  513471
    ----Loading HT100To200
    nevents in  ZTo2Nu   HT100To200 :  24272858
    ----Loading HT2500ToInf
    nevents in  ZTo2Nu   HT2500ToInf :  405030
    ----Loading HT400To600
    nevents in  ZTo2Nu   HT400To600 :  9862869
    ----Loading HT200To400
    nevents in  ZTo2Nu   HT200To400 :  24761211
    ----Loading HT800To1200
    nevents in  ZTo2Nu   HT800To1200 :  2170137
Loading process:  tbar scalar
    ----Loading tChan_MChi1_MPhi100_scalar
    nevents in  tbar scalar   tChan_MChi1_MPhi100_scalar :  332000
    ----Loading tWChan_MChi1_MPhi100_scalar
    nevents in  tbar scalar   tWChan_MChi1_MPhi100_scalar :  201000
Loading process:  TTV
    ----Loading TTZToQQ
    nevents in  TTV   TTZToQQ :  351164
    ----Loading TTWJetsToLNu
    nevents in  TTV   TTWJetsToLNu :  2716249
    ----Loading TTWJetsToQQ
    nevents in  TTV   TTWJetsToQQ :  430310
    ----Loading TTZToLLNuNu
    nevents in  TTV   TTZToLLNuNu :  6387280
Loading process:  WW
    ----Loading WWTo1L1Nu2Q
    nevents in  WW   WWTo1L1Nu2Q :  3267135
    ----Loading WWTo4Q
    nevents in  WW   WWTo4Q :  19083133
    ----Loading WWTo2L2Nu
    nevents in  WW   WWTo2L2Nu :  1999000
Loading process:  ttbarPlusJets
    ----Loading TTToSemiLepton
    nevents in  ttbarPlusJets   TTToSemiLepton :  152669800
    ----Loading TTTo2L2Nu
    nevents in  ttbarPlusJets   TTTo2L2Nu :  79140880
Loading process:  Other
    ----Loading ZH_HToBB_ZToNuNu
    nevents in  Other   ZH_HToBB_ZToNuNu :  1242519
    ----Loading tZq
    nevents in  Other   tZq :  3618998
    ----Loading WplusH_HToBB_WToLNu
    nevents in  Other   WplusH_HToBB_WToLNu :  2322111
    ----Loading GluGluHToZZTo4L
    nevents in  Other   GluGluHToZZTo4L :  999800
    ----Loading ttHTobb
    nevents in  Other   ttHTobb :  3799066
    ----Loading ZZZ
    nevents in  Other   ZZZ :  213197
    ----Loading TTGJets
    nevents in  Other   TTGJets :  4774447
    ----Loading WplusH_HToBB_WToQQ
    nevents in  Other   WplusH_HToBB_WToQQ :  469869
    ----Loading WminusH_HToBB_WToLNu
    nevents in  Other   WminusH_HToBB_WToLNu :  2293443
    ----Loading WWW
    nevents in  Other   WWW :  210538
    ----Loading ttHToNonbb
    nevents in  Other   ttHToNonbb :  3905798
    ----Loading WWZ
    nevents in  Other   WWZ :  221468
    ----Loading WZZ
    nevents in  Other   WZZ :  216366
    ----Loading WWG
    nevents in  Other   WWG :  827630
    ----Info in <TCanvas::MakeDefCanvas>:  created default TCanvas with name c1
Loading TTTT
    nevents in  Other   TTTT :  104640
    ----Loading WminusH_HToBB_WToQQ
    nevents in  Other   WminusH_HToBB_WToQQ :  471984
    ----Loading WZG
    nevents in  Other   WZG :  844854
    ----Loading VHToNonbb
    nevents in  Other   VHToNonbb :  461452
Loading process:  ttbar scalar
    ----Loading ttDM_MChi1_MPhi100_scalar
    nevents in  ttbar scalar   ttDM_MChi1_MPhi100_scalar :  2621245
Loading process:  ZZ
    ----Loading ZZTo2Q2Nu
    nevents in  ZZ   ZZTo2Q2Nu :  18722534
    ----Loading ZZTo4L
    nevents in  ZZ   ZZTo4L :  103121112
    ----Loading ZZTo2L2Q
    nevents in  ZZ   ZZTo2L2Q :  9762305
    ----Loading ZZTo2L2Nu
    nevents in  ZZ   ZZTo2L2Nu :  52855410
    ----Loading ZZTo4Q
    nevents in  ZZ   ZZTo4Q :  18954431
Loading process:  QCD
    ----Loading HT700To1000
    nevents in  QCD   HT700To1000 :  37233786
    ----Loading HT500To700
    nevents in  QCD   HT500To700 :  62622029
    ----Loading HT100To200
    nevents in  QCD   HT100To200 :  82293477
    ----Loading HT300To500
    nevents in  QCD   HT300To500 :  54552852
    ----Loading HT200To300
    nevents in  QCD   HT200To300 :  57580393
    ----Loading HT2000ToInf
    nevents in  QCD   HT2000ToInf :  5804179
    ----Loading HT1000To1500
    nevents in  QCD   HT1000To1500 :  15210939
    ----Loading HT1500To2000
    nevents in  QCD   HT1500To2000 :  11839357
Loading process:  ZTo2L
    ----Loading HT600To800
    nevents in  ZTo2L   HT600To800 :  8292957
    ----Loading HT1200To2500
    nevents in  ZTo2L   HT1200To2500 :  596079
    ----Loading HT100To200
    nevents in  ZTo2L   HT100To200 :  11017086
    ----Loading HT2500ToInf
    nevents in  ZTo2L   HT2500ToInf :  399492
    ----Loading HT400To600
    nevents in  ZTo2L   HT400To600 :  9725661
    ----Loading HT200To400
    nevents in  ZTo2L   HT200To400 :  9609137
    ----Loading HT800To1200
    nevents in  ZTo2L   HT800To1200 :  2673066
Loading process:  singleTop
    ----Loading ST_s-channel
    nevents in  singleTop   ST_s-channel :  622990
    ----Loading ST_t-channel_antitop
    nevents in  singleTop   ST_t-channel_antitop :  38811017
    ----Loading ST_t-channel_top
    nevents in  singleTop   ST_t-channel_top :  58403420
    ----Loading ST_tW_top
    nevents in  singleTop   ST_tW_top :  6952830
    ----Loading ST_tW_antitop
    nevents in  singleTop   ST_tW_antitop :  6933094
Loading process:  WZ
    ----Loading WZTo2Q2Nu
    nevents in  WZ   WZTo2Q2Nu :  10330111
    ----Loading WZTo3LNu
    nevents in  WZ   WZTo3LNu :  19993200
    ----Loading WZTo1L1Nu2Q
    nevents in  WZ   WZTo1L1Nu2Q :  14109151
    ----Loading WZTo1L3Nu
    nevents in  WZ   WZTo1L3Nu :  942046
    ----Loading WZTo2L2Q
    nevents in  WZ   WZTo2L2Q :  15836703
Loading process:  WPlusJets
    ----Loading HT600To800
    nevents in  WPlusJets   HT600To800 :  18687480
    ----Loading HT70To100
    nevents in  WPlusJets   HT70To100 :  10020533
    ----Loading HT1200To2500
    nevents in  WPlusJets   HT1200To2500 :  6872441
    ----Loading HT100To200
    nevents in  WPlusJets   HT100To200 :  78043017
    ----Loading HT2500ToInf
    nevents in  WPlusJets   HT2500ToInf :  2637821
    ----Loading HT800To1200
    nevents in  WPlusJets   HT800To1200 :  7830536
    ----Loading HT200To400
    nevents in  WPlusJets   HT200To400 :  38984322
    ----Loading HT400To600
    nevents in  WPlusJets   HT400To600 :  7687800
Got MC sample root files and event trees
Filling data histograms...
  Dataset =  SingleElectron  ||   nEvents =  155195
  Using cut =  nTightElectrons == 1 && nVetoElectrons == 1 && nLooseMuons == 0 && njets >= 2 && METcorrected_pt >= 250 && Flag_goodVertices && Flag_globalSuperTightHalo2016Filter && Flag_HBHENoiseFilter && Flag_HBHENoiseIsoFilter && Flag_EcalDeadCellTriggerPrimitiveFilter && Flag_BadPFMuonFilter && ((HLT_Ele27_WPTight_Gsf) || (HLT_Ele115_CaloIdVT_GsfTrkIdT)) && PV_npvsGood > 0 && PV_ndof > 4 && abs(PV_z) < 24 && sqrt(pow(PV_x,2)+pow(PV_y,2)) < 2 && nfjets == 0 && M_T >= 140 && M_T2W >= 180 && minDeltaPhi12 >= 0.8 && M_Tb >= 140 && Flag_eeBadScFilter
    hist nEntries =  52.0
    histTFile::Append:0: RuntimeWarning: Replacing existing TH1: hist (Potential memory leak).
TFile::Append:0: RuntimeWarning: Replacing existing TH1: hist (Potential memory leak).
TFile::Append:0: RuntimeWarning: Replacing existing TH1: hist (Potential memory leak).
TFile::Append:0: RuntimeWarning: Replacing existing TH1: hist (Potential memory leak).
TFile::Append:0: RuntimeWarning: Replacing existing TH1: hist (Potential memory leak).
TFile::Append:0: RuntimeWarning: Replacing existing TH1: hist (Potential memory leak).
 integral =  52.0
    hist_data nEntries =  52.0
    hist_data integral =  52.0
  Using cut =  nTightElectrons == 1 && nVetoElectrons == 1 && nLooseMuons == 0 && njets >= 2 && METcorrected_pt >= 250 && Flag_goodVertices && Flag_globalSuperTightHalo2016Filter && Flag_HBHENoiseFilter && Flag_HBHENoiseIsoFilter && Flag_EcalDeadCellTriggerPrimitiveFilter && Flag_BadPFMuonFilter && ((HLT_Ele27_WPTight_Gsf) || (HLT_Ele115_CaloIdVT_GsfTrkIdT)) && PV_npvsGood > 0 && PV_ndof > 4 && abs(PV_z) < 24 && sqrt(pow(PV_x,2)+pow(PV_y,2)) < 2 && nfjets == 0 && M_T >= 140 && M_T2W >= 180 && minDeltaPhi12 >= 0.8 && M_Tb >= 140 && Flag_eeBadScFilter
    hist nEntries =  19.0
    hist integral =  19.0
    hist_data nEntries =  71.0
    hist_data integral =  71.0
  Using cut =  nTightElectrons == 1 && nVetoElectrons == 1 && nLooseMuons == 0 && njets >= 2 && METcorrected_pt >= 250 && Flag_goodVertices && Flag_globalSuperTightHalo2016Filter && Flag_HBHENoiseFilter && Flag_HBHENoiseIsoFilter && Flag_EcalDeadCellTriggerPrimitiveFilter && Flag_BadPFMuonFilter && ((HLT_Ele27_WPTight_Gsf) || (HLT_Ele115_CaloIdVT_GsfTrkIdT)) && PV_npvsGood > 0 && PV_ndof > 4 && abs(PV_z) < 24 && sqrt(pow(PV_x,2)+pow(PV_y,2)) < 2 && nfjets == 0 && M_T >= 140 && M_T2W >= 180 && minDeltaPhi12 >= 0.8 && M_Tb >= 140 && Flag_eeBadScFilter
    hist nEntries =  25.0
    hist integral =  25.0
    hist_data nEntries =  96.0
    hist_data integral =  96.0
  Using cut =  nTightElectrons == 1 && nVetoElectrons == 1 && nLooseMuons == 0 && njets >= 2 && METcorrected_pt >= 250 && Flag_goodVertices && Flag_globalSuperTightHalo2016Filter && Flag_HBHENoiseFilter && Flag_HBHENoiseIsoFilter && Flag_EcalDeadCellTriggerPrimitiveFilter && Flag_BadPFMuonFilter && ((HLT_Ele27_WPTight_Gsf) || (HLT_Ele115_CaloIdVT_GsfTrkIdT)) && PV_npvsGood > 0 && PV_ndof > 4 && abs(PV_z) < 24 && sqrt(pow(PV_x,2)+pow(PV_y,2)) < 2 && nfjets == 0 && M_T >= 140 && M_T2W >= 180 && minDeltaPhi12 >= 0.8 && M_Tb >= 140 && Flag_eeBadScFilter
    hist nEntries =  37.0
    hist integral =  37.0
    hist_data nEntries =  133.0
    hist_data integral =  133.0
  Using cut =  nTightElectrons == 1 && nVetoElectrons == 1 && nLooseMuons == 0 && njets >= 2 && METcorrected_pt >= 250 && Flag_goodVertices && Flag_globalSuperTightHalo2016Filter && Flag_HBHENoiseFilter && Flag_HBHENoiseIsoFilter && Flag_EcalDeadCellTriggerPrimitiveFilter && Flag_BadPFMuonFilter && ((HLT_Ele27_WPTight_Gsf) || (HLT_Ele115_CaloIdVT_GsfTrkIdT)) && PV_npvsGood > 0 && PV_ndof > 4 && abs(PV_z) < 24 && sqrt(pow(PV_x,2)+pow(PV_y,2)) < 2 && nfjets == 0 && M_T >= 140 && M_T2W >= 180 && minDeltaPhi12 >= 0.8 && M_Tb >= 140 && Flag_eeBadScFilter
    hist nEntries =  30.0
    hist integral =  30.0
    hist_data nEntries =  163.0
    hist_data integral =  163.0
  Using cut =  nTightElectrons == 1 && nVetoElectrons == 1 && nLooseMuons == 0 && njets >= 2 && METcorrected_pt >= 250 && Flag_goodVertices && Flag_globalSuperTightHalo2016Filter && Flag_HBHENoiseFilter && Flag_HBHENoiseIsoFilter && Flag_EcalDeadCellTriggerPrimitiveFilter && Flag_BadPFMuonFilter && ((HLT_Ele27_WPTight_Gsf) || (HLT_Ele115_CaloIdVT_GsfTrkIdT)) && PV_npvsGood > 0 && PV_ndof > 4 && abs(PV_z) < 24 && sqrt(pow(PV_x,2)+pow(PV_y,2)) < 2 && nfjets == 0 && M_T >= 140 && M_T2W >= 180 && minDeltaPhi12 >= 0.8 && M_Tb >= 140 && Flag_eeBadScFilter
    hist nEntries =  53.0
    hist integral =  53.0
    hist_data nEntries =  216.0
    hist_data integral =  216.0
  Using cut =  nTightElectrons == 1 && nVetoElectrons == 1 && nLooseMuons == 0 && njets >= 2 && METcorrected_pt >= 250 && Flag_goodVertices && Flag_globalSuperTightHalo2016Filter && Flag_HBHENoiseFilter && Flag_HBHENoiseIsoFilter && Flag_EcalDeadCellTriggerPrimitiveFilter && Flag_BadPFMuonFilter && ((HLT_Ele27_WPTight_Gsf) || (HLT_Ele115_CaloIdVT_GsfTrkIdT)) && PV_npvsGood > 0 && PV_ndof > 4 && abs(PV_z) < 24 && sqrt(pow(PV_x,2)+pow(PV_y,2)) < 2 && nfjets == 0 && M_T >= 140 && M_T2W >= 180 && minDeltaPhi12 >= 0.8 && M_Tb >= 140 && Flag_eeBadScFilter
    hist nEntries =  61.0
    hist integral =  61.0
    hist_data nEntries =  277.0
    hist_data integrTFile::Append:0: RuntimeWarning: Replacing existing TH1: hist (Potential memory leak).
TFile::Append:0: RuntimeWarning: Replacing existing TH1: hist (Potential memory leak).
TFile::Append:0: RuntimeWarning: Replacing existing TH1: hist (Potential memory leak).
TFile::Append:0: RuntimeWarning: Replacing existing TH1: hist (Potential memory leak).
TFile::Append:0: RuntimeWarning: Replacing existing TH1: hist (Potential memory leak).
TFile::Append:0: RuntimeWarning: Replacing existing TH1: hist (Potential memory leak).
al =  277.0
  Dataset =  SinglePhoton  ||   nEvents =  193430
  Using cut =  nTightElectrons == 1 && nVetoElectrons == 1 && nLooseMuons == 0 && njets >= 2 && METcorrected_pt >= 250 && Flag_goodVertices && Flag_globalSuperTightHalo2016Filter && Flag_HBHENoiseFilter && Flag_HBHENoiseIsoFilter && Flag_EcalDeadCellTriggerPrimitiveFilter && Flag_BadPFMuonFilter && ((!HLT_Ele27_WPTight_Gsf) && (!HLT_Ele115_CaloIdVT_GsfTrkIdT) && HLT_Photon175) && PV_npvsGood > 0 && PV_ndof > 4 && abs(PV_z) < 24 && sqrt(pow(PV_x,2)+pow(PV_y,2)) < 2 && nfjets == 0 && M_T >= 140 && M_T2W >= 180 && minDeltaPhi12 >= 0.8 && M_Tb >= 140 && Flag_eeBadScFilter
    hist nEntries =  0.0
    hist integral =  0.0
    hist_data nEntries =  277.0
    hist_data integral =  277.0
  Using cut =  nTightElectrons == 1 && nVetoElectrons == 1 && nLooseMuons == 0 && njets >= 2 && METcorrected_pt >= 250 && Flag_goodVertices && Flag_globalSuperTightHalo2016Filter && Flag_HBHENoiseFilter && Flag_HBHENoiseIsoFilter && Flag_EcalDeadCellTriggerPrimitiveFilter && Flag_BadPFMuonFilter && ((!HLT_Ele27_WPTight_Gsf) && (!HLT_Ele115_CaloIdVT_GsfTrkIdT) && HLT_Photon175) && PV_npvsGood > 0 && PV_ndof > 4 && abs(PV_z) < 24 && sqrt(pow(PV_x,2)+pow(PV_y,2)) < 2 && nfjets == 0 && M_T >= 140 && M_T2W >= 180 && minDeltaPhi12 >= 0.8 && M_Tb >= 140 && Flag_eeBadScFilter
    hist nEntries =  0.0
    hist integral =  0.0
    hist_data nEntries =  277.0
    hist_data integral =  277.0
  Using cut =  nTightElectrons == 1 && nVetoElectrons == 1 && nLooseMuons == 0 && njets >= 2 && METcorrected_pt >= 250 && Flag_goodVertices && Flag_globalSuperTightHalo2016Filter && Flag_HBHENoiseFilter && Flag_HBHENoiseIsoFilter && Flag_EcalDeadCellTriggerPrimitiveFilter && Flag_BadPFMuonFilter && ((!HLT_Ele27_WPTight_Gsf) && (!HLT_Ele115_CaloIdVT_GsfTrkIdT) && HLT_Photon175) && PV_npvsGood > 0 && PV_ndof > 4 && abs(PV_z) < 24 && sqrt(pow(PV_x,2)+pow(PV_y,2)) < 2 && nfjets == 0 && M_T >= 140 && M_T2W >= 180 && minDeltaPhi12 >= 0.8 && M_Tb >= 140 && Flag_eeBadScFilter
    hist nEntries =  0.0
    hist integral =  0.0
    hist_data nEntries =  277.0
    hist_data integral =  277.0
  Using cut =  nTightElectrons == 1 && nVetoElectrons == 1 && nLooseMuons == 0 && njets >= 2 && METcorrected_pt >= 250 && Flag_goodVertices && Flag_globalSuperTightHalo2016Filter && Flag_HBHENoiseFilter && Flag_HBHENoiseIsoFilter && Flag_EcalDeadCellTriggerPrimitiveFilter && Flag_BadPFMuonFilter && ((!HLT_Ele27_WPTight_Gsf) && (!HLT_Ele115_CaloIdVT_GsfTrkIdT) && HLT_Photon175) && PV_npvsGood > 0 && PV_ndof > 4 && abs(PV_z) < 24 && sqrt(pow(PV_x,2)+pow(PV_y,2)) < 2 && nfjets == 0 && M_T >= 140 && M_T2W >= 180 && minDeltaPhi12 >= 0.8 && M_Tb >= 140 && Flag_eeBadScFilter
    hist nEntries =  0.0
    hist integral =  0.0
    hist_data nEntries =  277.0
    hist_data integral =  277.0
  Using cut =  nTightElectrons == 1 && nVetoElectrons == 1 && nLooseMuons == 0 && njets >= 2 && METcorrected_pt >= 250 && Flag_goodVertices && Flag_globalSuperTightHalo2016Filter && Flag_HBHENoiseFilter && Flag_HBHENoiseIsoFilter && Flag_EcalDeadCellTriggerPrimitiveFilter && Flag_BadPFMuonFilter && ((!HLT_Ele27_WPTight_Gsf) && (!HLT_Ele115_CaloIdVT_GsfTrkIdT) && HLT_Photon175) && PV_npvsGood > 0 && PV_ndof > 4 && abs(PV_z) < 24 && sqrt(pow(PV_x,2)+pow(PV_y,2)) < 2 && nfjets == 0 && M_T >= 140 && M_T2W >= 180 && minDeltaPhi12 >= 0.8 && M_Tb >= 140 && Flag_eeBadScFilter
    hist nEntries =  0.0
    hist integral =  0.0
    hist_data nEntries =  277.0
    hist_data integral =  277.0
  Using cut =  nTightElectrons == 1 && nVetoElectrons == 1 && nLooseMuons == 0 && njets >= 2 && METcorrected_pt >= 250 && Flag_goodVertices && Flag_globalSuperTightHalo2016Filter && Flag_HBHENoiseFilter && Flag_HBHENoiseIsoFilter && Flag_EcalDeadCellTriggerPrimitiveFilter && Flag_BadPFMuonFilter && ((!HLT_Ele27_WPTight_Gsf) && (!HLT_Ele115_CaloIdVT_GsfTrkIdT) && HLT_Photon175) && PV_npvsGood > 0 && PV_ndof > 4 && abs(PV_z) < 24 && sqrt(pow(PV_x,2)+pow(PV_y,2)) < 2 && nfjets == 0 && M_T >= 140 && M_T2W >= 180 && minDeltaPhi12 >= 0.8 && M_Tb >= 140 && Flag_eeBadScFilter
    hist nEntrTFile::Append:0: RuntimeWarning: Replacing existing TH1: hist (Potential memory leak).
TFile::Append:0: RuntimeWarning: Replacing existing TH1: hist (Potential memory leak).
TFile::Append:0: RuntimeWarning: Replacing existing TH1: hist (Potential memory leak).
TFile::Append:0: RuntimeWarning: Replacing existing TH1: hist (Potential memory leak).
TFile::Append:0: RuntimeWarning: Replacing existing TH1: hist (Potential memory leak).
TFile::Append:0: RuntimeWarning: Replacing existing TH1: hist (Potential memory leak).
TFile::Append:0: RuntimeWarning: Replacing existing TH1: hist (Potential memory leak).
ies =  0.0
    hist integral =  0.0
    hist_data nEntries =  277.0
    hist_data integral =  277.0
  Using cut =  nTightElectrons == 1 && nVetoElectrons == 1 && nLooseMuons == 0 && njets >= 2 && METcorrected_pt >= 250 && Flag_goodVertices && Flag_globalSuperTightHalo2016Filter && Flag_HBHENoiseFilter && Flag_HBHENoiseIsoFilter && Flag_EcalDeadCellTriggerPrimitiveFilter && Flag_BadPFMuonFilter && ((!HLT_Ele27_WPTight_Gsf) && (!HLT_Ele115_CaloIdVT_GsfTrkIdT) && HLT_Photon175) && PV_npvsGood > 0 && PV_ndof > 4 && abs(PV_z) < 24 && sqrt(pow(PV_x,2)+pow(PV_y,2)) < 2 && nfjets == 0 && M_T >= 140 && M_T2W >= 180 && minDeltaPhi12 >= 0.8 && M_Tb >= 140 && Flag_eeBadScFilter
    hist nEntries =  2.0
    hist integral =  2.0
    hist_data nEntries =  279.0
    hist_data integral =  279.0
  Dataset =  SingleMuon  ||   nEvents =  239418
  Using cut =  nTightMuons == 1 && nLooseMuons == 1 && nVetoElectrons == 0 && njets >= 2 && METcorrected_pt >= 250 && Flag_goodVertices && Flag_globalSuperTightHalo2016Filter && Flag_HBHENoiseFilter && Flag_HBHENoiseIsoFilter && Flag_EcalDeadCellTriggerPrimitiveFilter && Flag_BadPFMuonFilter && (HLT_IsoMu24 || HLT_IsoTkMu24) && PV_npvsGood > 0 && PV_ndof > 4 && abs(PV_z) < 24 && sqrt(pow(PV_x,2)+pow(PV_y,2)) < 2 && nfjets == 0 && M_T >= 140 && M_T2W >= 180 && minDeltaPhi12 >= 0.8 && M_Tb >= 140 && Flag_eeBadScFilter
    hist nEntries =  64.0
    hist integral =  64.0
    hist_data nEntries =  343.0
    hist_data integral =  343.0
  Using cut =  nTightMuons == 1 && nLooseMuons == 1 && nVetoElectrons == 0 && njets >= 2 && METcorrected_pt >= 250 && Flag_goodVertices && Flag_globalSuperTightHalo2016Filter && Flag_HBHENoiseFilter && Flag_HBHENoiseIsoFilter && Flag_EcalDeadCellTriggerPrimitiveFilter && Flag_BadPFMuonFilter && (HLT_IsoMu24 || HLT_IsoTkMu24) && PV_npvsGood > 0 && PV_ndof > 4 && abs(PV_z) < 24 && sqrt(pow(PV_x,2)+pow(PV_y,2)) < 2 && nfjets == 0 && M_T >= 140 && M_T2W >= 180 && minDeltaPhi12 >= 0.8 && M_Tb >= 140 && Flag_eeBadScFilter
    hist nEntries =  25.0
    hist integral =  25.0
    hist_data nEntries =  368.0
    hist_data integral =  368.0
  Using cut =  nTightMuons == 1 && nLooseMuons == 1 && nVetoElectrons == 0 && njets >= 2 && METcorrected_pt >= 250 && Flag_goodVertices && Flag_globalSuperTightHalo2016Filter && Flag_HBHENoiseFilter && Flag_HBHENoiseIsoFilter && Flag_EcalDeadCellTriggerPrimitiveFilter && Flag_BadPFMuonFilter && (HLT_IsoMu24 || HLT_IsoTkMu24) && PV_npvsGood > 0 && PV_ndof > 4 && abs(PV_z) < 24 && sqrt(pow(PV_x,2)+pow(PV_y,2)) < 2 && nfjets == 0 && M_T >= 140 && M_T2W >= 180 && minDeltaPhi12 >= 0.8 && M_Tb >= 140 && Flag_eeBadScFilter
    hist nEntries =  48.0
    hist integral =  48.0
    hist_data nEntries =  416.0
    hist_data integral =  416.0
  Using cut =  nTightMuons == 1 && nLooseMuons == 1 && nVetoElectrons == 0 && njets >= 2 && METcorrected_pt >= 250 && Flag_goodVertices && Flag_globalSuperTightHalo2016Filter && Flag_HBHENoiseFilter && Flag_HBHENoiseIsoFilter && Flag_EcalDeadCellTriggerPrimitiveFilter && Flag_BadPFMuonFilter && (HLT_IsoMu24 || HLT_IsoTkMu24) && PV_npvsGood > 0 && PV_ndof > 4 && abs(PV_z) < 24 && sqrt(pow(PV_x,2)+pow(PV_y,2)) < 2 && nfjets == 0 && M_T >= 140 && M_T2W >= 180 && minDeltaPhi12 >= 0.8 && M_Tb >= 140 && Flag_eeBadScFilter
    hist nEntries =  43.0
    hist integral =  43.0
    hist_data nEntries =  459.0
    hist_data integral =  459.0
  Using cut =  nTightMuons == 1 && nLooseMuons == 1 && nVetoElectrons == 0 && njets >= 2 && METcorrected_pt >= 250 && Flag_goodVertices && Flag_globalSuperTightHalo2016Filter && Flag_HBHENoiseFilter && Flag_HBHENoiseIsoFilter && Flag_EcalDeadCellTriggerPrimitiveFilter && Flag_BadPFMuonFilter && (HLT_IsoMu24 || HLT_IsoTkMu24) && PV_npvsGood > 0 && PV_ndof > 4 && abs(PV_z) < 24 && sqrt(pow(PV_x,2)+pow(PV_y,2)) < 2 && nfjets == 0 && M_T >= 140 && M_T2W >= 180 && minDeltaPhi12 >= 0.8 && M_Tb >= 140 && Flag_eeBadScFilter
    hist nEntries =  27.0
    hist integral =  27.0
    hist_data nEntries =  486.0
    hist_data integral =  486.0
  Using cut =  nTightMuons == 1 && nLooseMuons == 1 && nVetoElectronsTFile::Append:0: RuntimeWarning: Replacing existing TH1: hist (Potential memory leak).
TFile::Append:0: RuntimeWarning: Replacing existing TH1: hist (Potential memory leak).
TFile::Append:0: RuntimeWarning: Replacing existing TH1: hist (Potential memory leak).
TFile::Append:0: RuntimeWarning: Replacing existing TH1: hist (Potential memory leak).
TFile::Append:0: RuntimeWarning: Replacing existing TH1: hist (Potential memory leak).
TFile::Append:0: RuntimeWarning: Replacing existing TH1: hist (Potential memory leak).
TFile::Append:0: RuntimeWarning: Replacing existing TH1: hist (Potential memory leak).
TFile::Append:0: RuntimeWarning: Replacing existing TH1: hist (Potential memory leak).
TFile::Append:0: RuntimeWarning: Replacing existing TH1: hist (Potential memory leak).
TFile::Append:0: RuntimeWarning: Replacing existing TH1: hist (Potential memory leak).
 == 0 && njets >= 2 && METcorrected_pt >= 250 && Flag_goodVertices && Flag_globalSuperTightHalo2016Filter && Flag_HBHENoiseFilter && Flag_HBHENoiseIsoFilter && Flag_EcalDeadCellTriggerPrimitiveFilter && Flag_BadPFMuonFilter && (HLT_IsoMu24 || HLT_IsoTkMu24) && PV_npvsGood > 0 && PV_ndof > 4 && abs(PV_z) < 24 && sqrt(pow(PV_x,2)+pow(PV_y,2)) < 2 && nfjets == 0 && M_T >= 140 && M_T2W >= 180 && minDeltaPhi12 >= 0.8 && M_Tb >= 140 && Flag_eeBadScFilter
    hist nEntries =  75.0
    hist integral =  75.0
    hist_data nEntries =  561.0
    hist_data integral =  561.0
  Using cut =  nTightMuons == 1 && nLooseMuons == 1 && nVetoElectrons == 0 && njets >= 2 && METcorrected_pt >= 250 && Flag_goodVertices && Flag_globalSuperTightHalo2016Filter && Flag_HBHENoiseFilter && Flag_HBHENoiseIsoFilter && Flag_EcalDeadCellTriggerPrimitiveFilter && Flag_BadPFMuonFilter && (HLT_IsoMu24 || HLT_IsoTkMu24) && PV_npvsGood > 0 && PV_ndof > 4 && abs(PV_z) < 24 && sqrt(pow(PV_x,2)+pow(PV_y,2)) < 2 && nfjets == 0 && M_T >= 140 && M_T2W >= 180 && minDeltaPhi12 >= 0.8 && M_Tb >= 140 && Flag_eeBadScFilter
    hist nEntries =  88.0
    hist integral =  88.0
    hist_data nEntries =  649.0
    hist_data integral =  649.0
Filling MC histograms...
  Process =  ZTo2Nu
      Dataset =  HT600To800  ||   nEvents =  5693589
Applied ZTo2Nu qcd/ewk Weights correctly
          hist weight =  0.0163196342412*leptonWeight*bjetWeight*puWeight*muonTriggerWeight*EE_L1_prefire_Weight*electronTriggerWeight*genWeightSign*qcdZTo2NuWeight*ewkZWeight
          hist nEntries =  8.0
          hist integral =  0.160364832729
      Dataset =  HT1200To2500  ||   nEvents =  513471
Applied ZTo2Nu qcd/ewk Weights correctly
          hist weight =  0.0203891988058*leptonWeight*bjetWeight*puWeight*muonTriggerWeight*EE_L1_prefire_Weight*electronTriggerWeight*genWeightSign*qcdZTo2NuWeight*ewkZWeight
          hist nEntries =  4.0
          hist integral =  0.0985594466329
      Dataset =  HT100To200  ||   nEvents =  24272858
Applied ZTo2Nu qcd/ewk Weights correctly
          hist weight =  0.419378241326*leptonWeight*bjetWeight*puWeight*muonTriggerWeight*EE_L1_prefire_Weight*electronTriggerWeight*genWeightSign*qcdZTo2NuWeight*ewkZWeight
          hist nEntries =  1.0
          hist integral =  0.521303415298
      Dataset =  HT2500ToInf  ||   nEvents =  405030
Applied ZTo2Nu qcd/ewk Weights correctly
          hist weight =  0.000622603140508*leptonWeight*bjetWeight*puWeight*muonTriggerWeight*EE_L1_prefire_Weight*electronTriggerWeight*genWeightSign*qcdZTo2NuWeight*ewkZWeight
          hist nEntries =  3.0
          hist integral =  0.00207215774572
      Dataset =  HT400To600  ||   nEvents =  9862869
Applied ZTo2Nu qcd/ewk Weights correctly
          hist weight =  0.0395023293932*leptonWeight*bjetWeight*puWeight*muonTriggerWeight*EE_L1_prefire_Weight*electronTriggerWeight*genWeightSign*qcdZTo2NuWeight*ewkZWeight
          hist nEntries =  13.0
          hist integral =  0.597182281315
      Dataset =  HT200To400  ||   nEvents =  24761211
Applied ZTo2Nu qcd/ewk Weights correctly
          hist weight =  0.113895790476*leptonWeight*bjetWeight*puWeight*muonTriggerWeight*EE_L1_prefire_Weight*electronTriggerWeight*genWeightSign*qcdZTo2NuWeight*ewkZWeight
          hist nEntries =  1.0
          hist integral =  0.148863315582
      Dataset =  HT800To1200  ||   nEvents =  2170137
Applied ZTo2Nu qcd/ewk Weights correctly
          hist weight =  0.0197366691596*leptonWeight*bjetWeight*puWeight*muonTriggerWeight*EE_L1_prefire_Weight*electronTriggerWeight*genWeightSign*qcdZTo2NuWeight*ewkZWeight
          hist nEntries =  8.0
          hist integral =  0.168288748246
  Process =  tbar scalar
      Dataset =  tChan_MChi1_MPhi100_scalar  ||   nEvents =  332000
          hist weight =  0.0311478554217*leptonWeight*bjetWeight*puWeight*muonTriggerWeight*EE_L1_prefire_Weight*electronTriggerWeight*genWeightSign
          hist nEntries =  430.0
          hist integral =  12.3828478493
      Dataset =  tWChan_MChi1_MPhi100_scalar  ||   nEvents =  201000
          hist weight =  0.00992473333333*leptonWeTFile::Append:0: RuntimeWarning: Replacing existing TH1: hist (Potential memory leak).
TFile::Append:0: RuntimeWarning: Replacing existing TH1: hist (Potential memory leak).
TFile::Append:0: RuntimeWarning: Replacing existing TH1: hist (Potential memory leak).
TFile::Append:0: RuntimeWarning: Replacing existing TH1: hist (Potential memory leak).
TFile::Append:0: RuntimeWarning: Replacing existing TH1: hist (Potential memory leak).
TFile::Append:0: RuntimeWarning: Replacing existing TH1: hist (Potential memory leak).
TFile::Append:0: RuntimeWarning: Replacing existing TH1: hist (Potential memory leak).
TFile::Append:0: RuntimeWarning: Replacing existing TH1: hist (Potential memory leak).
TFile::Append:0: RuntimeWarning: Replacing existing TH1: hist (Potential memory leak).
TFile::Append:0: RuntimeWarning: Replacing existing TH1: hist (Potential memory leak).
TFile::Append:0: RuntimeWarning: Replacing existing TH1: hist (Potential memory leak).
TFile::Append:0: RuntimeWarning: Replacing existing TH1: hist (Potential memory leak).
TFile::Append:0: RuntimeWarning: Replacing existing TH1: hist (Potential memory leak).
TFile::Append:0: RuntimeWarning: Replacing existing TH1: hist (Potential memory leak).
ight*bjetWeight*puWeight*muonTriggerWeight*EE_L1_prefire_Weight*electronTriggerWeight*genWeightSign
          hist nEntries =  1456.0
          hist integral =  13.6871275604
  Process =  TTV
      Dataset =  TTZToQQ  ||   nEvents =  351164
          hist weight =  0.0547704405919*leptonWeight*bjetWeight*puWeight*muonTriggerWeight*EE_L1_prefire_Weight*electronTriggerWeight*genWeightSign
          hist nEntries =  55.0
          hist integral =  1.79143518209
      Dataset =  TTWJetsToLNu  ||   nEvents =  2716249
          hist weight =  0.00273102097783*leptonWeight*bjetWeight*puWeight*muonTriggerWeight*EE_L1_prefire_Weight*electronTriggerWeight*genWeightSign
          hist nEntries =  5057.0
          hist integral =  6.432924682
      Dataset =  TTWJetsToQQ  ||   nEvents =  430310
          hist weight =  0.0342755734238*leptonWeight*bjetWeight*puWeight*muonTriggerWeight*EE_L1_prefire_Weight*electronTriggerWeight*genWeightSign
          hist nEntries =  41.0
          hist integral =  0.5559271276
      Dataset =  TTZToLLNuNu  ||   nEvents =  6387280
          hist weight =  0.0014376697123*leptonWeight*bjetWeight*puWeight*muonTriggerWeight*EE_L1_prefire_Weight*electronTriggerWeight*genWeightSign
          hist nEntries =  40410.0
          hist integral =  24.8273985347
  Process =  WW
      Dataset =  WWTo1L1Nu2Q  ||   nEvents =  3267135
          hist weight =  0.555652297808*leptonWeight*bjetWeight*puWeight*muonTriggerWeight*EE_L1_prefire_Weight*electronTriggerWeight*genWeightSign
          hist nEntries =  18.0
          hist integral =  3.63577139378
      Dataset =  WWTo4Q  ||   nEvents =  19083133
          hist weight =  0.0984147692101*leptonWeight*bjetWeight*puWeight*muonTriggerWeight*EE_L1_prefire_Weight*electronTriggerWeight*genWeightSign
          hist nEntries =  0.0
          hist integral =  0.0
      Dataset =  WWTo2L2Nu  ||   nEvents =  1999000
          hist weight =  0.221202191096*leptonWeight*bjetWeight*puWeight*muonTriggerWeight*EE_L1_prefire_Weight*electronTriggerWeight*genWeightSign
          hist nEntries =  33.0
          hist integral =  7.09858071804
  Process =  ttbarPlusJets
      Dataset =  TTToSemiLepton  ||   nEvents =  152669800
          hist weight =  0.0866546527211*leptonWeight*bjetWeight*puWeight*muonTriggerWeight*EE_L1_prefire_Weight*electronTriggerWeight*genWeightSign
          hist nEntries =  190.0
          hist integral =  13.8747708201
      Dataset =  TTTo2L2Nu  ||   nEvents =  79140880
          hist weight =  0.0400580092109*leptonWeight*bjetWeight*puWeight*muonTriggerWeight*EE_L1_prefire_Weight*electronTriggerWeight*genWeightSign
          hist nEntries =  8553.0
          hist integral =  319.116130844
  Process =  Other
      Dataset =  ZH_HToBB_ZToNuNu  ||   nEvents =  1242519
          hist weight =  0.00300995799662*leptonWeight*bjetWeight*puWeight*muonTriggerWeight*EE_L1_prefire_Weight*electronTriggerWeight*genWeightSign
          hist nEntries =  2.0
          hist integral =  0.00121111015324
      Dataset =  tZq  ||   nEvents =  3618998
          hist weight =  0.000760513821782*leptonWeight*bjetWeight*puWeight*muonTriggerWeight*EE_L1_prefire_Weight*electronTriggerWeight*genWeightSign
          hist nEntries =  314.0
          hist integral =  0.0550828568521
      Dataset =  WplusH_HToBB_WToLNu  ||   nEvents =  2322111
          hist weight =  0.00249247947234*leptonWeight*bjetWeight*puWeight*muonTriggerWeight*EE_L1_prefire_Weight*electronTriggerWeight*genWeightSign
          hist nEntries =  16.0
          hist integral =  0.0403711590916
      Dataset =  GluGluHToZZTo4L  ||   nEvents =  999800
          hist weight =  0.000435807161432*leptonWeight*bjetWeight*puWeight*muonTriggerWeight*EE_L1_prefire_Weight*electronTriggerWeight*genWeightSign
          hist nEntries =  0.0
          hist integral =  0.0
      Dataset =  ttHTobb  ||   nEvents =  3799066
          hist weight =  0.00146231468471*leptonWeight*bjetWeight*puWeight*muonTriggerWeight*EE_L1_prefire_Weight*electronTriggerWeight*genWeightSign
          hist nEntries =  356.0
          hist integral =TFile::Append:0: RuntimeWarning: Replacing existing TH1: hist (Potential memory leak).
TFile::Append:0: RuntimeWarning: Replacing existing TH1: hist (Potential memory leak).
TFile::Append:0: RuntimeWarning: Replacing existing TH1: hist (Potential memory leak).
TFile::Append:0: RuntimeWarning: Replacing existing TH1: hist (Potential memory leak).
TFile::Append:0: RuntimeWarning: Replacing existing TH1: hist (Potential memory leak).
TFile::Append:0: RuntimeWarning: Replacing existing TH1: hist (Potential memory leak).
TFile::Append:0: RuntimeWarning: Replacing existing TH1: hist (Potential memory leak).
TFile::Append:0: RuntimeWarning: Replacing existing TH1: hist (Potential memory leak).
TFile::Append:0: RuntimeWarning: Replacing existing TH1: hist (Potential memory leak).
TFile::Append:0: RuntimeWarning: Replacing existing TH1: hist (Potential memory leak).
TFile::Append:0: RuntimeWarning: Replacing existing TH1: hist (Potential memory leak).
TFile::Append:0: RuntimeWarning: Replacing existing TH1: hist (Potential memory leak).
TFile::Append:0: RuntimeWarning: Replacing existing TH1: hist (Potential memory leak).
TFile::Append:0: RuntimeWarning: Replacing existing TH1: hist (Potential memory leak).
TFile::Append:0: RuntimeWarning: Replacing existing TH1: hist (Potential memory leak).
  0.467344240285
      Dataset =  ZZZ  ||   nEvents =  213197
          hist weight =  0.00238436750986*leptonWeight*bjetWeight*puWeight*muonTriggerWeight*EE_L1_prefire_Weight*electronTriggerWeight*genWeightSign
          hist nEntries =  21.0
          hist integral =  0.0426163896918
      Dataset =  TTGJets  ||   nEvents =  4774447
          hist weight =  0.0281159409666*leptonWeight*bjetWeight*puWeight*muonTriggerWeight*EE_L1_prefire_Weight*electronTriggerWeight*genWeightSign
          hist nEntries =  502.0
          hist integral =  3.81307756528
      Dataset =  WplusH_HToBB_WToQQ  ||   nEvents =  469869
          hist weight =  0.0254859077743*leptonWeight*bjetWeight*puWeight*muonTriggerWeight*EE_L1_prefire_Weight*electronTriggerWeight*genWeightSign
          hist nEntries =  0.0
          hist integral =  0.0
      Dataset =  WminusH_HToBB_WToLNu  ||   nEvents =  2293443
          hist weight =  0.00160062447595*leptonWeight*bjetWeight*puWeight*muonTriggerWeight*EE_L1_prefire_Weight*electronTriggerWeight*genWeightSign
          hist nEntries =  13.0
          hist integral =  0.0197230021004
      Dataset =  WWW  ||   nEvents =  210538
          hist weight =  0.0359757668449*leptonWeight*bjetWeight*puWeight*muonTriggerWeight*EE_L1_prefire_Weight*electronTriggerWeight*genWeightSign
          hist nEntries =  12.0
          hist integral =  0.356478124857
      Dataset =  ttHToNonbb  ||   nEvents =  3905798
          hist weight =  0.00199873367747*leptonWeight*bjetWeight*puWeight*muonTriggerWeight*EE_L1_prefire_Weight*electronTriggerWeight*genWeightSign
          hist nEntries =  510.0
          hist integral =  0.893080342561
      Dataset =  WWZ  ||   nEvents =  221468
          hist weight =  0.0270519894522*leptonWeight*bjetWeight*puWeight*muonTriggerWeight*EE_L1_prefire_Weight*electronTriggerWeight*genWeightSign
          hist nEntries =  38.0
          hist integral =  0.897131880745
      Dataset =  WZZ  ||   nEvents =  216366
          hist weight =  0.00939777968812*leptonWeight*bjetWeight*puWeight*muonTriggerWeight*EE_L1_prefire_Weight*electronTriggerWeight*genWeightSign
          hist nEntries =  60.0
          hist integral =  0.452026315033
      Dataset =  WWG  ||   nEvents =  827630
          hist weight =  0.00941937459976*leptonWeight*bjetWeight*puWeight*muonTriggerWeight*EE_L1_prefire_Weight*electronTriggerWeight*genWeightSign
          hist nEntries =  20.0
          hist integral =  0.165995120071
      Dataset =  TTTT  ||   nEvents =  104640
          hist weight =  0.00312299311927*leptonWeight*bjetWeight*puWeight*muonTriggerWeight*EE_L1_prefire_Weight*electronTriggerWeight*genWeightSign
          hist nEntries =  161.0
          hist integral =  0.25598780904
      Dataset =  WminusH_HToBB_WToQQ  ||   nEvents =  471984
          hist weight =  0.0160938760636*leptonWeight*bjetWeight*puWeight*muonTriggerWeight*EE_L1_prefire_Weight*electronTriggerWeight*genWeightSign
          hist nEntries =  0.0
          hist integral =  0.0
      Dataset =  WZG  ||   nEvents =  844854
          hist weight =  0.00177197634147*leptonWeight*bjetWeight*puWeight*muonTriggerWeight*EE_L1_prefire_Weight*electronTriggerWeight*genWeightSign
          hist nEntries =  14.0
          hist integral =  0.0260538235307
      Dataset =  VHToNonbb  ||   nEvents =  461452
          hist weight =  0.0749094597055*leptonWeight*bjetWeight*puWeight*muonTriggerWeight*EE_L1_prefire_Weight*electronTriggerWeight*genWeightSign
          hist nEntries =  0.0
          hist integral =  0.0
  Process =  ttbar scalar
      Dataset =  ttDM_MChi1_MPhi100_scalar  ||   nEvents =  2621245
          hist weight =  0.0100105666201*leptonWeight*bjetWeight*puWeight*muonTriggerWeight*EE_L1_prefire_Weight*electronTriggerWeight*genWeightSign*GenModel__TTbarDMJets_Inclusive_scalar_LO_Mchi_1_Mphi_100_TuneCP5_13TeV_madgraph_mcatnlo_pythia8
          hist nEntries =  6463.0
          hist integral =  61.5654161097
  Process =  ZZ
      Dataset =  ZZTo2Q2Nu  ||   nEvents =  18722534
          hist weight =  0.00783507189785*leptonWeight*bjetWeight*pTFile::Append:0: RuntimeWarning: Replacing existing TH1: hist (Potential memory leak).
TFile::Append:0: RuntimeWarning: Replacing existing TH1: hist (Potential memory leak).
TFile::Append:0: RuntimeWarning: Replacing existing TH1: hist (Potential memory leak).
TFile::Append:0: RuntimeWarning: Replacing existing TH1: hist (Potential memory leak).
TFile::Append:0: RuntimeWarning: Replacing existing TH1: hist (Potential memory leak).
TFile::Append:0: RuntimeWarning: Replacing existing TH1: hist (Potential memory leak).
TFile::Append:0: RuntimeWarning: Replacing existing TH1: hist (Potential memory leak).
TFile::Append:0: RuntimeWarning: Replacing existing TH1: hist (Potential memory leak).
TFile::Append:0: RuntimeWarning: Replacing existing TH1: hist (Potential memory leak).
TFile::Append:0: RuntimeWarning: Replacing existing TH1: hist (Potential memory leak).
TFile::Append:0: RuntimeWarning: Replacing existing TH1: hist (Potential memory leak).
TFile::Append:0: RuntimeWarning: Replacing existing TH1: hist (Potential memory leak).
TFile::Append:0: RuntimeWarning: Replacing existing TH1: hist (Potential memory leak).
TFile::Append:0: RuntimeWarning: Replacing existing TH1: hist (Potential memory leak).
uWeight*muonTriggerWeight*EE_L1_prefire_Weight*electronTriggerWeight*genWeightSign
          hist nEntries =  8.0
          hist integral =  0.063543934375
      Dataset =  ZZTo4L  ||   nEvents =  103121112
          hist weight =  0.000426757616811*leptonWeight*bjetWeight*puWeight*muonTriggerWeight*EE_L1_prefire_Weight*electronTriggerWeight*genWeightSign
          hist nEntries =  25.0
          hist integral =  0.00922563692438
      Dataset =  ZZTo2L2Q  ||   nEvents =  9762305
          hist weight =  0.0119764953052*leptonWeight*bjetWeight*puWeight*muonTriggerWeight*EE_L1_prefire_Weight*electronTriggerWeight*genWeightSign
          hist nEntries =  6.0
          hist integral =  0.0457705883309
      Dataset =  ZZTo2L2Nu  ||   nEvents =  52855410
          hist weight =  0.000387450215598*leptonWeight*bjetWeight*puWeight*muonTriggerWeight*EE_L1_prefire_Weight*electronTriggerWeight*genWeightSign
          hist nEntries =  2340.0
          hist integral =  0.862516798836
      Dataset =  ZZTo4Q  ||   nEvents =  18954431
          hist weight =  0.0131068571776*leptonWeight*bjetWeight*puWeight*muonTriggerWeight*EE_L1_prefire_Weight*electronTriggerWeight*genWeightSign
          hist nEntries =  0.0
          hist integral =  0.0
  Process =  QCD
      Dataset =  HT700To1000  ||   nEvents =  37233786
          hist weight =  6.66151999692*leptonWeight*bjetWeight*puWeight*muonTriggerWeight*EE_L1_prefire_Weight*electronTriggerWeight*genWeightSign
          hist nEntries =  0.0
          hist integral =  0.0
      Dataset =  HT500To700  ||   nEvents =  62622029
          hist weight =  18.612475811*leptonWeight*bjetWeight*puWeight*muonTriggerWeight*EE_L1_prefire_Weight*electronTriggerWeight*genWeightSign
          hist nEntries =  0.0
          hist integral =  0.0
      Dataset =  HT100To200  ||   nEvents =  82293477
          hist weight =  12349.9083652*leptonWeight*bjetWeight*puWeight*muonTriggerWeight*EE_L1_prefire_Weight*electronTriggerWeight*genWeightSign
          hist nEntries =  0.0
          hist integral =  0.0
      Dataset =  HT300To500  ||   nEvents =  54552852
          hist weight =  231.42670891*leptonWeight*bjetWeight*puWeight*muonTriggerWeight*EE_L1_prefire_Weight*electronTriggerWeight*genWeightSign*(event!=159953384)
          hist nEntries =  0.0
          hist integral =  0.0
      Dataset =  HT200To300  ||   nEvents =  57580393
          hist weight =  1079.58137764*leptonWeight*bjetWeight*puWeight*muonTriggerWeight*EE_L1_prefire_Weight*electronTriggerWeight*genWeightSign
          hist nEntries =  0.0
          hist integral =  0.0
      Dataset =  HT2000ToInf  ||   nEvents =  5804179
          hist weight =  0.157897335696*leptonWeight*bjetWeight*puWeight*muonTriggerWeight*EE_L1_prefire_Weight*electronTriggerWeight*genWeightSign
          hist nEntries =  0.0
          hist integral =  0.0
      Dataset =  HT1000To1500  ||   nEvents =  15210939
          hist weight =  2.88122712214*leptonWeight*bjetWeight*puWeight*muonTriggerWeight*EE_L1_prefire_Weight*electronTriggerWeight*genWeightSign
          hist nEntries =  0.0
          hist integral =  0.0
      Dataset =  HT1500To2000  ||   nEvents =  11839357
          hist weight =  0.367720054391*leptonWeight*bjetWeight*puWeight*muonTriggerWeight*EE_L1_prefire_Weight*electronTriggerWeight*genWeightSign
          hist nEntries =  0.0
          hist integral =  0.0
  Process =  ZTo2L
      Dataset =  HT600To800  ||   nEvents =  8292957
Applied ZTo2L qcd/ewk Weights correctly
          hist weight =  0.00598529209786*leptonWeight*bjetWeight*puWeight*muonTriggerWeight*EE_L1_prefire_Weight*electronTriggerWeight*genWeightSign*qcdZTo2LWeight*ewkZWeight
          hist nEntries =  21.0
          hist integral =  0.131374303252
      Dataset =  HT1200To2500  ||   nEvents =  596079
Applied ZTo2L qcd/ewk Weights correctly
          hist weight =  0.00922249232065*leptonWeight*bjetWeight*puWeight*muonTriggerWeight*EE_L1_prefire_Weight*electronTriggerWeight*genWeightSign*qcdZTo2LWeight*ewkZWeight
          hist nEntries =  10.0
          hist integral =  0.071412994TFile::Append:0: RuntimeWarning: Replacing existing TH1: hist (Potential memory leak).
TFile::Append:0: RuntimeWarning: Replacing existing TH1: hist (Potential memory leak).
TFile::Append:0: RuntimeWarning: Replacing existing TH1: hist (Potential memory leak).
TFile::Append:0: RuntimeWarning: Replacing existing TH1: hist (Potential memory leak).
TFile::Append:0: RuntimeWarning: Replacing existing TH1: hist (Potential memory leak).
TFile::Append:0: RuntimeWarning: Replacing existing TH1: hist (Potential memory leak).
TFile::Append:0: RuntimeWarning: Replacing existing TH1: hist (Potential memory leak).
TFile::Append:0: RuntimeWarning: Replacing existing TH1: hist (Potential memory leak).
TFile::Append:0: RuntimeWarning: Replacing existing TH1: hist (Potential memory leak).
TFile::Append:0: RuntimeWarning: Replacing existing TH1: hist (Potential memory leak).
TFile::Append:0: RuntimeWarning: Replacing existing TH1: hist (Potential memory leak).
TFile::Append:0: RuntimeWarning: Replacing existing TH1: hist (Potential memory leak).
TFile::Append:0: RuntimeWarning: Replacing existing TH1: hist (Potential memory leak).
TFile::Append:0: RuntimeWarning: Replacing existing TH1: hist (Potential memory leak).
5263
      Dataset =  HT100To200  ||   nEvents =  11017086
Applied ZTo2L qcd/ewk Weights correctly
          hist weight =  0.485799421008*leptonWeight*bjetWeight*puWeight*muonTriggerWeight*EE_L1_prefire_Weight*electronTriggerWeight*genWeightSign*qcdZTo2LWeight*ewkZWeight
          hist nEntries =  1.0
          hist integral =  0.524715662003
      Dataset =  HT2500ToInf  ||   nEvents =  399492
Applied ZTo2L qcd/ewk Weights correctly
          hist weight =  0.00032402438597*leptonWeight*bjetWeight*puWeight*muonTriggerWeight*EE_L1_prefire_Weight*electronTriggerWeight*genWeightSign*qcdZTo2LWeight*ewkZWeight
          hist nEntries =  17.0
          hist integral =  0.00792438862845
      Dataset =  HT400To600  ||   nEvents =  9725661
Applied ZTo2L qcd/ewk Weights correctly
          hist weight =  0.0211983720181*leptonWeight*bjetWeight*puWeight*muonTriggerWeight*EE_L1_prefire_Weight*electronTriggerWeight*genWeightSign*qcdZTo2LWeight*ewkZWeight
          hist nEntries =  7.0
          hist integral =  0.152884781361
      Dataset =  HT200To400  ||   nEvents =  9609137
Applied ZTo2L qcd/ewk Weights correctly
          hist weight =  0.154888716854*leptonWeight*bjetWeight*puWeight*muonTriggerWeight*EE_L1_prefire_Weight*electronTriggerWeight*genWeightSign*qcdZTo2LWeight*ewkZWeight
          hist nEntries =  0.0
          hist integral =  0.0
      Dataset =  HT800To1200  ||   nEvents =  2673066
Applied ZTo2L qcd/ewk Weights correctly
          hist weight =  0.0085631346177*leptonWeight*bjetWeight*puWeight*muonTriggerWeight*EE_L1_prefire_Weight*electronTriggerWeight*genWeightSign*qcdZTo2LWeight*ewkZWeight
          hist nEntries =  11.0
          hist integral =  0.0891200825572
  Process =  singleTop
      Dataset =  ST_s-channel  ||   nEvents =  622990
          hist weight =  0.19583235686*leptonWeight*bjetWeight*puWeight*muonTriggerWeight*EE_L1_prefire_Weight*electronTriggerWeight*genWeightSign
          hist nEntries =  2.0
          hist integral =  0.405584096909
      Dataset =  ST_t-channel_antitop  ||   nEvents =  38811017
          hist weight =  0.0757522200462*leptonWeight*bjetWeight*puWeight*muonTriggerWeight*EE_L1_prefire_Weight*electronTriggerWeight*genWeightSign
          hist nEntries =  2.0
          hist integral =  0.163672447205
      Dataset =  ST_t-channel_top  ||   nEvents =  58403420
          hist weight =  0.0845650169117*leptonWeight*bjetWeight*puWeight*muonTriggerWeight*EE_L1_prefire_Weight*electronTriggerWeight*genWeightSign
          hist nEntries =  5.0
          hist integral =  0.371748693287
      Dataset =  ST_tW_top  ||   nEvents =  6952830
          hist weight =  0.187220671295*leptonWeight*bjetWeight*puWeight*muonTriggerWeight*EE_L1_prefire_Weight*electronTriggerWeight*genWeightSign
          hist nEntries =  254.0
          hist integral =  44.7050417662
      Dataset =  ST_tW_antitop  ||   nEvents =  6933094
          hist weight =  0.187753620534*leptonWeight*bjetWeight*puWeight*muonTriggerWeight*EE_L1_prefire_Weight*electronTriggerWeight*genWeightSign
          hist nEntries =  244.0
          hist integral =  43.9175503254
  Process =  WZ
      Dataset =  WZTo2Q2Nu  ||   nEvents =  10330111
          hist weight =  0.0228051063536*leptonWeight*bjetWeight*puWeight*muonTriggerWeight*EE_L1_prefire_Weight*electronTriggerWeight*genWeightSign
          hist nEntries =  2.0
          hist integral =  0.00118995457888
      Dataset =  WZTo3LNu  ||   nEvents =  19993200
          hist weight =  0.00804476479503*leptonWeight*bjetWeight*puWeight*muonTriggerWeight*EE_L1_prefire_Weight*electronTriggerWeight*genWeightSign
          hist nEntries =  96.0
          hist integral =  0.738179676235
      Dataset =  WZTo1L1Nu2Q  ||   nEvents =  14109151
          hist weight =  0.0275622608334*leptonWeight*bjetWeight*puWeight*muonTriggerWeight*EE_L1_prefire_Weight*electronTriggerWeight*genWeightSign
          hist nEntries =  262.0
          hist integral =  3.32512577064
      Dataset =  WZTo1L3Nu  ||   nEvents =  942046
          hist weight =  0.116903240394*leptonWeight*bjetWeight*puWeight*muoTFile::Append:0: RuntimeWarning: Replacing existing TH1: hist (Potential memory leak).
TFile::Append:0: RuntimeWarning: Replacing existing TH1: hist (Potential memory leak).
TFile::Append:0: RuntimeWarning: Replacing existing TH1: hist (Potential memory leak).
TFile::Append:0: RuntimeWarning: Replacing existing TH1: hist (Potential memory leak).
TFile::Append:0: RuntimeWarning: Replacing existing TH1: hist (Potential memory leak).
TFile::Append:0: RuntimeWarning: Replacing existing TH1: hist (Potential memory leak).
TFile::Append:0: RuntimeWarning: Replacing existing TH1: hist (Potential memory leak).
TFile::Append:0: RuntimeWarning: Replacing existing TH1: hist (Potential memory leak).
TFile::Append:0: RuntimeWarning: Replacing existing TH1: hist (Potential memory leak).
nTriggerWeight*EE_L1_prefire_Weight*electronTriggerWeight*genWeightSign
          hist nEntries =  273.0
          hist integral =  14.5854469538
      Dataset =  WZTo2L2Q  ||   nEvents =  15836703
          hist weight =  0.0128280772835*leptonWeight*bjetWeight*puWeight*muonTriggerWeight*EE_L1_prefire_Weight*electronTriggerWeight*genWeightSign
          hist nEntries =  8.0
          hist integral =  -0.0274330992252
  Process =  WPlusJets
      Dataset =  HT600To800  ||   nEvents =  18687480
Applied WPlusJets qcd/ewk Weights correctly
          hist weight =  0.0234132959607*leptonWeight*bjetWeight*puWeight*muonTriggerWeight*EE_L1_prefire_Weight*electronTriggerWeight*genWeightSign*qcdWWeight*ewkWWeight
          hist nEntries =  499.0
          hist integral =  11.2106324024
      Dataset =  HT70To100  ||   nEvents =  10020533
Applied WPlusJets qcd/ewk Weights correctly
          hist weight =  4.97152396983*leptonWeight*bjetWeight*puWeight*muonTriggerWeight*EE_L1_prefire_Weight*electronTriggerWeight*genWeightSign*qcdWWeight*ewkWWeight
          hist nEntries =  0.0
          hist integral =  0.0
      Dataset =  HT1200To2500  ||   nEvents =  6872441
Applied WPlusJets qcd/ewk Weights correctly
          hist weight =  0.00702166668292*leptonWeight*bjetWeight*puWeight*muonTriggerWeight*EE_L1_prefire_Weight*electronTriggerWeight*genWeightSign*qcdWWeight*ewkWWeight
          hist nEntries =  823.0
          hist integral =  5.21842556447
      Dataset =  HT100To200  ||   nEvents =  78043017
Applied WPlusJets qcd/ewk Weights correctly
          hist weight =  0.625769631638*leptonWeight*bjetWeight*puWeight*muonTriggerWeight*EE_L1_prefire_Weight*electronTriggerWeight*genWeightSign*qcdWWeight*ewkWWeight
          hist nEntries =  16.0
          hist integral =  13.2057353258
      Dataset =  HT2500ToInf  ||   nEvents =  2637821
Applied WPlusJets qcd/ewk Weights correctly
          hist weight =  0.000442687202809*leptonWeight*bjetWeight*puWeight*muonTriggerWeight*EE_L1_prefire_Weight*electronTriggerWeight*genWeightSign*qcdWWeight*ewkWWeight
          hist nEntries =  528.0
          hist integral =  0.243275194662
      Dataset =  HT800To1200  ||   nEvents =  7830536
Applied WPlusJets qcd/ewk Weights correctly
          hist weight =  0.0255079997078*leptonWeight*bjetWeight*puWeight*muonTriggerWeight*EE_L1_prefire_Weight*electronTriggerWeight*genWeightSign*qcdWWeight*ewkWWeight
          hist nEntries =  409.0
          hist integral =  9.28847686946
      Dataset =  HT200To400  ||   nEvents =  38984322
Applied WPlusJets qcd/ewk Weights correctly
          hist weight =  0.335024602967*leptonWeight*bjetWeight*puWeight*muonTriggerWeight*EE_L1_prefire_Weight*electronTriggerWeight*genWeightSign*qcdWWeight*ewkWWeight
          hist nEntries =  105.0
          hist integral =  40.3914928436
      Dataset =  HT400To600  ||   nEvents =  7687800
Applied WPlusJets qcd/ewk Weights correctly
          hist weight =  0.231005242072*leptonWeight*bjetWeight*puWeight*muonTriggerWeight*EE_L1_prefire_Weight*electronTriggerWeight*genWeightSign*qcdWWeight*ewkWWeight
          hist nEntries =  107.0
          hist integral =  25.9564278424
-----------------------------
Total data background nEvents =  649.0
Total data background integral =  649.0
-----------------------------
Total MC background nEvents =  62515.0
Total MC background integral =  602.174789025
-----------------------------
Total tt+DM signal nEvents =  6463.0
Total tt+DM signal integral =  61.5654161097
Total t+DM signal nEvents =  1886.0
Total t+DM signal integral =  26.0699744634
-----------------------------
FOM for tt+DM signal =  0.715006734405
FOM for t+DM signal =  0.51512297918
-----------------------------
Data bin content:
    bin 0: 0.0
    bin 1: 0.0
    bin 2: 511.0
    bin 3: 133.0
    bin 4: 5.0
    bin 5: 0.0
    bin 6: 0.0
-----------------------------
MC background bin content:
    bin 0: 0.0
    bin 1: 0.0
    bin 2: 473.874359131
    bin 3: 120.307060242
    bin 4: 7.75800275803
    bin 5: 0.235041752458
    bin 6: 0.000325141823851
--------------------------Info in <TCanvas::Print>: png file SL1l0fSR2016_nbjets_06_30_2023_LOSUSYkfactorsAndNbjetSFs.png has been created
---
tt+DM bin content:
    bin 0: 0.0
    bin 1: 0.0
    bin 2: 33.9516410828
    bin 3: 26.0800437927
    bin 4: 1.5214933157
    bin 5: 0.0122379185632
    bin 6: 0.0
-----------------------------
t+DM bin content:
    bin 0: 0.0
    bin 1: 0.0
    bin 2: 19.4622612
    bin 3: 6.32066822052
    bin 4: 0.252675682306
    bin 5: 0.0343693606555
    bin 6: 0.0
-----------------------------
Data bin errors:
    bin 0: 0.0
    bin 1: 0.0
    bin 2: 22.6053091109
    bin 3: 11.5325625947
    bin 4: 2.2360679775
    bin 5: 0.0
    bin 6: 0.0
-----------------------------
MC background bin errors:
    bin 0: 0.0
    bin 1: 0.0
    bin 2: 8.12565686324
    bin 3: 3.62831015239
    bin 4: 0.872648876659
    bin 5: 0.0859032905868
    bin 6: 0.00243779530817
-----------------------------
tt+DM bin errors:
    bin 0: 0.0
    bin 1: 0.0
    bin 2: 0.591088520316
    bin 3: 0.515907250603
    bin 4: 0.124521462805
    bin 5: 0.0122379184321
    bin 6: 0.0
-----------------------------
t+DM bin errors:
    bin 0: 0.0
    bin 1: 0.0
    bin 2: 0.620076766274
    bin 3: 0.377320149412
    bin 4: 0.065234926287
    bin 5: 0.0343693603577
    bin 6: 0.0
-----------------------------
ZTo2Nu hist info:
    nEvents =  38.0
    integral =  1.6966341841
    bin 1 integral =  1.03775787354
tbar scalar hist info:
    nEvents =  1886.0
    integral =  26.0699744634
    bin 1 integral =  19.4622612
TTTo2L2Nu hist info:
    nEvents =  8553.0
    integral =  319.116130844
    bin 1 integral =  259.251678467
singleTop hist info:
    nEvents =  507.0
    integral =  89.5635948181
    bin 1 integral =  55.9704666138
TTV hist info:
    nEvents =  45563.0
    integral =  33.6076861989
    bin 1 integral =  19.6893157959
bkgSum hist info:
    nEvents =  62515.0
    integral =  602.174789025
    bin 1 integral =  473.874359131
Other hist info:
    nEvents =  2039.0
    integral =  7.48617927148
    bin 1 integral =  5.70336341858
ttbar scalar hist info:
    nEvents =  6463.0
    integral =  61.5654161097
    bin 1 integral =  33.9516410828
VV hist info:
    nEvents =  3071.0
    integral =  30.3379180003
    bin 1 integral =  27.9528617859
QCD hist info:
    nEvents =  0.0
    integral =  0.0
    bin 1 integral =  0.0
ZTo2L hist info:
    nEvents =  67.0
    integral =  0.977432236075
    bin 1 integral =  0.927615702152
data hist info:
    nEvents =  649.0
    integral =  649.0
    bin 1 integral =  511.0
WPlusJets hist info:
    nEvents =  2487.0
    integral =  105.514465988
    bin 1 integral =  93.9952697754
TTToSemiLepton hist info:
    nEvents =  190.0
    integral =  13.8747708201
    bin 1 integral =  9.3460483551
Finished filling histograms
Creating stacked MC background histogram...
Finished stacking MC background histograms.
Drawing histograms...
Finished drawing histograms
Drawing ratio plot...
Plotting end time: 2023-07-17 13:17:54.541771
