plots/plotv2.py:981: SyntaxWarning: name 'counter' is used prior to global declaration
  global counter
Plotting start time: 2023-02-01 19:32:24.363806
Cut name =  AH0l1fSR
MC Selection Cuts =  (nVetoElectrons + nLooseMuons) == 0 && njets >= 3 && nbjets == 1 && METcorrected_pt >= 250 && ntaus == 0 && minDeltaPhi > 0.4 && Flag_goodVertices && Flag_globalSuperTightHalo2016Filter && Flag_HBHENoiseFilter && Flag_HBHENoiseIsoFilter && Flag_EcalDeadCellTriggerPrimitiveFilter && Flag_BadPFMuonFilter && (HLT_PFMETNoMu120_PFMHTNoMu120_IDTight) && PV_npvsGood > 0 && PV_ndof > 4 && abs(PV_z) < 24 && sqrt(pow(PV_x,2)+pow(PV_y,2)) < 2 && nfjets >= 1 && minDeltaPhi12 >= 0.8 && M_Tb >= 140 && noB2Bleadingfjet
Data Selection Cuts =  (nVetoElectrons + nLooseMuons) == 0 && njets >= 3 && nbjets == 1 && METcorrected_pt >= 250 && ntaus == 0 && minDeltaPhi > 0.4 && Flag_goodVertices && Flag_globalSuperTightHalo2016Filter && Flag_HBHENoiseFilter && Flag_HBHENoiseIsoFilter && Flag_EcalDeadCellTriggerPrimitiveFilter && Flag_BadPFMuonFilter && (HLT_PFMETNoMu120_PFMHTNoMu120_IDTight) && PV_npvsGood > 0 && PV_ndof > 4 && abs(PV_z) < 24 && sqrt(pow(PV_x,2)+pow(PV_y,2)) < 2 && nfjets >= 1 && minDeltaPhi12 >= 0.8 && M_Tb >= 140 && noB2Bleadingfjet && Flag_eeBadScFilter
var =  Jet_pt[index_centralJets[0]]
year =  2016
lumi =  36.33
saveDirectory =  plots/SR_2016/METcorrected_pt/
date =  02_01_2023
applying HEM fix for 2018...
Creating histograms..
Histogram options: 
    nbins =  30
    xmin =  0
    xmax =  900
    auto_y =  True
    doLogPlot =  False
    drawData =  True
    mediatorType =  scalar
    mchi =  1
    mphi =  100
    normalizePlots =  False
    doBinned =  False
    savePlots =  True
    combineEleMu =  True
    doSys =  False
    doSysFirstHalf =  False
    doSysSecondHalf =  False
    drawOverflow =  True
    drawUnderflow =  False
    plotSys =  False
    plotSysVar =  CMS_trig_m
    plotSysSignal =  False
Drawing data and ratio plot...
Selected MET dataset
Loading data sample root files and event trees...
    ----Loading /hdfs/store/user/vshang/MET_Run2016B/MET/ModuleCommonSkim_11102022/tree_all.root
    ----Loading /hdfs/store/user/vshang/MET_Run2016C/MET/ModuleCommonSkim_11102022/tree_all.root
    ----Loading /hdfs/store/user/vshang/MET_Run2016D/MET/ModuleCommonSkim_11102022/tree_all.root
    ----Loading /hdfs/store/user/vshang/MET_Run2016E/MET/ModuleCommonSkim_11102022/tree_all.root
    ----Loading /hdfs/store/user/vshang/MET_Run2016F/MET/ModuleCommonSkim_11102022/tree_all.root
    ----Loading /hdfs/store/user/vshang/MET_Run2016G/MET/ModuleCommonSkim_11102022/tree_all.root
    ----Loading /hdfs/store/user/vshang/MET_Run2016H/MET/ModuleCommonSkim_11102022/tree_all.root
    total nevents in  MET :  1348249
Got data sample root files and event trees
Loading MC sample root files and event trees...
Loading process:  ZTo2Nu
    ----Loading HT600To800
    nevents in  ZTo2Nu   HT600To800 :  5693589
    ----Loading HT1200To2500
    nevents in  ZTo2Nu   HT1200To2500 :  513471
    ----Loading HT100To200
    nevents in  ZTo2Nu   HT100To200 :  24272858
    ----Loading HT2500ToInf
    nevents in  ZTo2Nu   HT2500ToInf :  405030
    ----Loading HT400To600
    nevents in  ZTo2Nu   HT400To600 :  9862869
    ----Loading HT200To400
    nevents in  ZTo2Nu   HT200To400 :  24761211
    ----Loading HT800To1200
    nevents in  ZTo2Nu   HT800To1200 :  2170137
Loading process:  tbar scalar
    ----Loading tChan_MChi1_MPhi100_scalar
    nevents in  tbar scalar   tChan_MChi1_MPhi100_scalar :  332000
    ----Loading tWChan_MChi1_MPhi100_scalar
    nevents in  tbar scalar   tWChan_MChi1_MPhi100_scalar :  201000
Loading process:  TTV
    ----Loading TTZToQQ
    nevents in  TTV   TTZToQQ :  351164
    ----Loading TTWJetsToLNu
    nevents in  TTV   TTWJetsToLNu :  2716249
    ----Loading TTWJetsToQQ
    nevents in  TTV   TTWJetsToQQ :  430310
    ----Loading TTZToLLNuNu
    nevents in  TTV   TTZToLLNuNu :  6387280
Loading process:  WW
    ----Loading WWTo1L1Nu2Q
    nevents in  WW   WWTo1L1Nu2Q :  3267135
    ----Loading WWTo4Q
    nevents in  WW   WWTo4Q :  19083133
    ----Loading WWTo2L2Nu
    nevents in  WW   WWTo2L2Nu :  1999000
Loading process:  ttbarPlusJetInfo in <TCanvas::MakeDefCanvas>:  created default TCanvas with name c1
TFile::Append:0: RuntimeWarning: Replacing existing TH1: hist (Potential memory leak).
TFile::Append:0: RuntimeWarning: Replacing existing TH1: hist (Potential memory leak).
TFile::Append:0: RuntimeWarning: Replacing existing TH1: hist (Potential memory leak).
TFile::Append:0: RuntimeWarning: Replacing existing TH1: hist (Potential memory leak).
TFile::Append:0: RuntimeWarning: Replacing existing TH1: hist (Potential memory leak).
s
    ----Loading TTToSemiLepton
    nevents in  ttbarPlusJets   TTToSemiLepton :  152669800
    ----Loading TTTo2L2Nu
    nevents in  ttbarPlusJets   TTTo2L2Nu :  79140880
Loading process:  ttbar scalar
    ----Loading ttDM_MChi1_MPhi100_scalar
    nevents in  ttbar scalar   ttDM_MChi1_MPhi100_scalar :  2621245
Loading process:  ZZ
    ----Loading ZZTo2Q2Nu
    nevents in  ZZ   ZZTo2Q2Nu :  18722534
    ----Loading ZZTo4L
    nevents in  ZZ   ZZTo4L :  103121112
    ----Loading ZZTo2L2Q
    nevents in  ZZ   ZZTo2L2Q :  9762305
    ----Loading ZZTo2L2Nu
    nevents in  ZZ   ZZTo2L2Nu :  52855410
    ----Loading ZZTo4Q
    nevents in  ZZ   ZZTo4Q :  18954431
Loading process:  QCD
    ----Loading HT700To1000
    nevents in  QCD   HT700To1000 :  37233786
    ----Loading HT500To700
    nevents in  QCD   HT500To700 :  62622029
    ----Loading HT100To200
    nevents in  QCD   HT100To200 :  82293477
    ----Loading HT300To500
    nevents in  QCD   HT300To500 :  54552852
    ----Loading HT200To300
    nevents in  QCD   HT200To300 :  57580393
    ----Loading HT2000ToInf
    nevents in  QCD   HT2000ToInf :  5804179
    ----Loading HT1000To1500
    nevents in  QCD   HT1000To1500 :  15210939
    ----Loading HT1500To2000
    nevents in  QCD   HT1500To2000 :  11839357
Loading process:  ZTo2L
    ----Loading HT600To800
    nevents in  ZTo2L   HT600To800 :  8292957
    ----Loading HT1200To2500
    nevents in  ZTo2L   HT1200To2500 :  596079
    ----Loading HT100To200
    nevents in  ZTo2L   HT100To200 :  11017086
    ----Loading HT2500ToInf
    nevents in  ZTo2L   HT2500ToInf :  399492
    ----Loading HT400To600
    nevents in  ZTo2L   HT400To600 :  9725661
    ----Loading HT200To400
    nevents in  ZTo2L   HT200To400 :  9609137
    ----Loading HT800To1200
    nevents in  ZTo2L   HT800To1200 :  2673066
Loading process:  singleTop
    ----Loading ST_s-channel
    nevents in  singleTop   ST_s-channel :  622990
    ----Loading ST_t-channel_antitop
    nevents in  singleTop   ST_t-channel_antitop :  38811017
    ----Loading ST_t-channel_top
    nevents in  singleTop   ST_t-channel_top :  58403420
    ----Loading ST_tW_top
    nevents in  singleTop   ST_tW_top :  6952830
    ----Loading ST_tW_antitop
    nevents in  singleTop   ST_tW_antitop :  6933094
Loading process:  WZ
    ----Loading WZTo2Q2Nu
    nevents in  WZ   WZTo2Q2Nu :  10330111
    ----Loading WZTo3LNu
    nevents in  WZ   WZTo3LNu :  19993200
    ----Loading WZTo1L1Nu2Q
    nevents in  WZ   WZTo1L1Nu2Q :  14109151
    ----Loading WZTo1L3Nu
    nevents in  WZ   WZTo1L3Nu :  942046
    ----Loading WZTo2L2Q
    nevents in  WZ   WZTo2L2Q :  15836703
Loading process:  WPlusJets
    ----Loading HT600To800
    nevents in  WPlusJets   HT600To800 :  18687480
    ----Loading HT70To100
    nevents in  WPlusJets   HT70To100 :  10020533
    ----Loading HT1200To2500
    nevents in  WPlusJets   HT1200To2500 :  6872441
    ----Loading HT100To200
    nevents in  WPlusJets   HT100To200 :  78043017
    ----Loading HT2500ToInf
    nevents in  WPlusJets   HT2500ToInf :  2637821
    ----Loading HT800To1200
    nevents in  WPlusJets   HT800To1200 :  7830536
    ----Loading HT200To400
    nevents in  WPlusJets   HT200To400 :  38984322
    ----Loading HT400To600
    nevents in  WPlusJets   HT400To600 :  7687800
Got MC sample root files and event trees
Filling data histograms...
  Dataset =  MET  ||   nEvents =  1348249
    hist nEntries =  843.0
    hist integral =  843.0
    hist_data nEntries =  843.0
    hist_data integral =  843.0
    hist nEntries =  355.0
    hist integral =  355.0
    hist_data nEntries =  1198.0
    hist_data integral =  1198.0
    hist nEntries =  543.0
    hist integral =  543.0
    hist_data nEntries =  1741.0
    hist_data integral =  1741.0
    hist nEntries =  545.0
    hist integral =  545.0
    hist_data nEntries =  2286.0
    hist_data integral =  2286.0
    hist nEntries =  412.0
    hist integral =  412.0
    hist_data nEntries =  2698.0
    hist_data integral =  2698.0
    hist nEntries =  937.0
    hist integral =  937.0
    hist_data nEntries =  3635.0
    hist_datTFile::Append:0: RuntimeWarning: Replacing existing TH1: hist (Potential memory leak).
TFile::Append:0: RuntimeWarning: Replacing existing TH1: hist (Potential memory leak).
TFile::Append:0: RuntimeWarning: Replacing existing TH1: hist (Potential memory leak).
TFile::Append:0: RuntimeWarning: Replacing existing TH1: hist (Potential memory leak).
TFile::Append:0: RuntimeWarning: Replacing existing TH1: hist (Potential memory leak).
TFile::Append:0: RuntimeWarning: Replacing existing TH1: hist (Potential memory leak).
TFile::Append:0: RuntimeWarning: Replacing existing TH1: hist (Potential memory leak).
TFile::Append:0: RuntimeWarning: Replacing existing TH1: hist (Potential memory leak).
TFile::Append:0: RuntimeWarning: Replacing existing TH1: hist (Potential memory leak).
TFile::Append:0: RuntimeWarning: Replacing existing TH1: hist (Potential memory leak).
TFile::Append:0: RuntimeWarning: Replacing existing TH1: hist (Potential memory leak).
TFile::Append:0: RuntimeWarning: Replacing existing TH1: hist (Potential memory leak).
TFile::Append:0: RuntimeWarning: Replacing existing TH1: hist (Potential memory leak).
a integral =  3635.0
    hist nEntries =  1051.0
    hist integral =  1051.0
    hist_data nEntries =  4686.0
    hist_data integral =  4686.0
Filling MC histograms...
  Process =  ZTo2Nu
      Dataset =  HT600To800  ||   nEvents =  5693589
Applied ZTo2Nu ewk Weights correctly
          hist weight =  0.0163286232989*leptonWeight*bjetWeight*puWeight*muonTriggerWeight*EE_L1_prefire_Weight*electronTriggerWeight*genWeightSign*METTriggerWeight*ewkZWeight
          hist nEntries =  13085.0
          hist integral =  183.390487146
      Dataset =  HT1200To2500  ||   nEvents =  513471
Applied ZTo2Nu ewk Weights correctly
          hist weight =  0.0204004294303*leptonWeight*bjetWeight*puWeight*muonTriggerWeight*EE_L1_prefire_Weight*electronTriggerWeight*genWeightSign*METTriggerWeight*ewkZWeight
          hist nEntries =  1470.0
          hist integral =  25.7156901052
      Dataset =  HT100To200  ||   nEvents =  24272858
Applied ZTo2Nu ewk Weights correctly
          hist weight =  0.419609240082*leptonWeight*bjetWeight*puWeight*muonTriggerWeight*EE_L1_prefire_Weight*electronTriggerWeight*genWeightSign*METTriggerWeight*ewkZWeight
          hist nEntries =  8.0
          hist integral =  2.15565032139
      Dataset =  HT2500ToInf  ||   nEvents =  405030
Applied ZTo2Nu ewk Weights correctly
          hist weight =  0.000622946078068*leptonWeight*bjetWeight*puWeight*muonTriggerWeight*EE_L1_prefire_Weight*electronTriggerWeight*genWeightSign*METTriggerWeight*ewkZWeight
          hist nEntries =  484.0
          hist integral =  0.292127354711
      Dataset =  HT400To600  ||   nEvents =  9862869
Applied ZTo2Nu ewk Weights correctly
          hist weight =  0.039524087768*leptonWeight*bjetWeight*puWeight*muonTriggerWeight*EE_L1_prefire_Weight*electronTriggerWeight*genWeightSign*METTriggerWeight*ewkZWeight
          hist nEntries =  12194.0
          hist integral =  428.901407458
      Dataset =  HT200To400  ||   nEvents =  24761211
Applied ZTo2Nu ewk Weights correctly
          hist weight =  0.113958525696*leptonWeight*bjetWeight*puWeight*muonTriggerWeight*EE_L1_prefire_Weight*electronTriggerWeight*genWeightSign*METTriggerWeight*ewkZWeight
          hist nEntries =  2889.0
          hist integral =  297.699957706
      Dataset =  HT800To1200  ||   nEvents =  2170137
Applied ZTo2Nu ewk Weights correctly
          hist weight =  0.0197475403627*leptonWeight*bjetWeight*puWeight*muonTriggerWeight*EE_L1_prefire_Weight*electronTriggerWeight*genWeightSign*METTriggerWeight*ewkZWeight
          hist nEntries =  6095.0
          hist integral =  101.54601266
  Process =  tbar scalar
      Dataset =  tChan_MChi1_MPhi100_scalar  ||   nEvents =  332000
          hist weight =  0.0311650120482*leptonWeight*bjetWeight*puWeight*muonTriggerWeight*EE_L1_prefire_Weight*electronTriggerWeight*genWeightSign*METTriggerWeight
          hist nEntries =  3468.0
          hist integral =  102.663512025
      Dataset =  tWChan_MChi1_MPhi100_scalar  ||   nEvents =  201000
          hist weight =  0.0099302*leptonWeight*bjetWeight*puWeight*muonTriggerWeight*EE_L1_prefire_Weight*electronTriggerWeight*genWeightSign*METTriggerWeight
          hist nEntries =  1883.0
          hist integral =  17.8604565858
  Process =  TTV
      Dataset =  TTZToQQ  ||   nEvents =  351164
          hist weight =  0.0548006088323*leptonWeight*bjetWeight*puWeight*muonTriggerWeight*EE_L1_prefire_Weight*electronTriggerWeight*genWeightSign*METTriggerWeight
          hist nEntries =  189.0
          hist integral =  5.52733514365
      Dataset =  TTWJetsToLNu  ||   nEvents =  2716249
          hist weight =  0.00273252525818*leptonWeight*bjetWeight*puWeight*muonTriggerWeight*EE_L1_prefire_Weight*electronTriggerWeight*genWeightSign*METTriggerWeight
          hist nEntries =  3889.0
          hist integral =  4.34115251573
      Dataset =  TTWJetsToQQ  ||   nEvents =  430310
          hist weight =  0.0342944528363*leptonWeight*bjetWeight*puWeight*muonTriggerWeight*EE_L1_prefire_Weight*electronTriggerWeight*genWeightSign*METTriggerWeight
          hist nEntries =  234.0
          hist integTFile::Append:0: RuntimeWarning: Replacing existing TH1: hist (Potential memory leak).
TFile::Append:0: RuntimeWarning: Replacing existing TH1: hist (Potential memory leak).
TFile::Append:0: RuntimeWarning: Replacing existing TH1: hist (Potential memory leak).
TFile::Append:0: RuntimeWarning: Replacing existing TH1: hist (Potential memory leak).
TFile::Append:0: RuntimeWarning: Replacing existing TH1: hist (Potential memory leak).
TFile::Append:0: RuntimeWarning: Replacing existing TH1: hist (Potential memory leak).
TFile::Append:0: RuntimeWarning: Replacing existing TH1: hist (Potential memory leak).
TFile::Append:0: RuntimeWarning: Replacing existing TH1: hist (Potential memory leak).
TFile::Append:0: RuntimeWarning: Replacing existing TH1: hist (Potential memory leak).
TFile::Append:0: RuntimeWarning: Replacing existing TH1: hist (Potential memory leak).
TFile::Append:0: RuntimeWarning: Replacing existing TH1: hist (Potential memory leak).
TFile::Append:0: RuntimeWarning: Replacing existing TH1: hist (Potential memory leak).
TFile::Append:0: RuntimeWarning: Replacing existing TH1: hist (Potential memory leak).
TFile::Append:0: RuntimeWarning: Replacing existing TH1: hist (Potential memory leak).
ral =  2.90899853222
      Dataset =  TTZToLLNuNu  ||   nEvents =  6387280
          hist weight =  0.00143846159868*leptonWeight*bjetWeight*puWeight*muonTriggerWeight*EE_L1_prefire_Weight*electronTriggerWeight*genWeightSign*METTriggerWeight
          hist nEntries =  71659.0
          hist integral =  42.1683535418
  Process =  WW
      Dataset =  WWTo1L1Nu2Q  ||   nEvents =  3267135
          hist weight =  0.555958358011*leptonWeight*bjetWeight*puWeight*muonTriggerWeight*EE_L1_prefire_Weight*electronTriggerWeight*genWeightSign*METTriggerWeight
          hist nEntries =  118.0
          hist integral =  37.5268010497
      Dataset =  WWTo4Q  ||   nEvents =  19083133
          hist weight =  0.09846897729*leptonWeight*bjetWeight*puWeight*muonTriggerWeight*EE_L1_prefire_Weight*electronTriggerWeight*genWeightSign*METTriggerWeight
          hist nEntries =  0.0
          hist integral =  0.0
      Dataset =  WWTo2L2Nu  ||   nEvents =  1999000
          hist weight =  0.221324032016*leptonWeight*bjetWeight*puWeight*muonTriggerWeight*EE_L1_prefire_Weight*electronTriggerWeight*genWeightSign*METTriggerWeight
          hist nEntries =  17.0
          hist integral =  3.04994926136
  Process =  ttbarPlusJets
      Dataset =  TTToSemiLepton  ||   nEvents =  152669800
          hist weight =  0.0867023831825*leptonWeight*bjetWeight*puWeight*muonTriggerWeight*EE_L1_prefire_Weight*electronTriggerWeight*genWeightSign*METTriggerWeight
          hist nEntries =  23748.0
          hist integral =  1938.65076798
      Dataset =  TTTo2L2Nu  ||   nEvents =  79140880
          hist weight =  0.040080073661*leptonWeight*bjetWeight*puWeight*muonTriggerWeight*EE_L1_prefire_Weight*electronTriggerWeight*genWeightSign*METTriggerWeight
          hist nEntries =  4661.0
          hist integral =  173.803465769
  Process =  ttbar scalar
      Dataset =  ttDM_MChi1_MPhi100_scalar  ||   nEvents =  2621245
          hist weight =  0.0100160805648*leptonWeight*bjetWeight*puWeight*muonTriggerWeight*EE_L1_prefire_Weight*electronTriggerWeight*genWeightSign*METTriggerWeight*GenModel__TTbarDMJets_Inclusive_scalar_LO_Mchi_1_Mphi_100_TuneCP5_13TeV_madgraph_mcatnlo_pythia8
          hist nEntries =  7527.0
          hist integral =  70.4371233582
  Process =  ZZ
      Dataset =  ZZTo2Q2Nu  ||   nEvents =  18722534
          hist weight =  0.00783938755299*leptonWeight*bjetWeight*puWeight*muonTriggerWeight*EE_L1_prefire_Weight*electronTriggerWeight*genWeightSign*METTriggerWeight
          hist nEntries =  8305.0
          hist integral =  27.307639597
      Dataset =  ZZTo4L  ||   nEvents =  103121112
          hist weight =  0.000426992680219*leptonWeight*bjetWeight*puWeight*muonTriggerWeight*EE_L1_prefire_Weight*electronTriggerWeight*genWeightSign*METTriggerWeight
          hist nEntries =  12.0
          hist integral =  0.00424422803553
      Dataset =  ZZTo2L2Q  ||   nEvents =  9762305
          hist weight =  0.0119830921079*leptonWeight*bjetWeight*puWeight*muonTriggerWeight*EE_L1_prefire_Weight*electronTriggerWeight*genWeightSign*METTriggerWeight
          hist nEntries =  41.0
          hist integral =  0.186762281344
      Dataset =  ZZTo2L2Nu  ||   nEvents =  52855410
          hist weight =  0.000387663627999*leptonWeight*bjetWeight*puWeight*muonTriggerWeight*EE_L1_prefire_Weight*electronTriggerWeight*genWeightSign*METTriggerWeight
          hist nEntries =  696.0
          hist integral =  0.257614104194
      Dataset =  ZZTo4Q  ||   nEvents =  18954431
          hist weight =  0.0131140765977*leptonWeight*bjetWeight*puWeight*muonTriggerWeight*EE_L1_prefire_Weight*electronTriggerWeight*genWeightSign*METTriggerWeight
          hist nEntries =  1.0
          hist integral =  0.00905907712877
  Process =  QCD
      Dataset =  HT700To1000  ||   nEvents =  37233786
          hist weight =  6.66518924506*leptonWeight*bjetWeight*puWeight*muonTriggerWeight*EE_L1_prefire_Weight*electronTriggerWeight*genWeightSign*METTriggerWeight
          hist nEntries =  6.0
          hist integral =  31.1392028332
      Dataset =  HT500To700  ||   nEvents =  62622029
     TFile::Append:0: RuntimeWarning: Replacing existing TH1: hist (Potential memory leak).
TFile::Append:0: RuntimeWarning: Replacing existing TH1: hist (Potential memory leak).
TFile::Append:0: RuntimeWarning: Replacing existing TH1: hist (Potential memory leak).
TFile::Append:0: RuntimeWarning: Replacing existing TH1: hist (Potential memory leak).
TFile::Append:0: RuntimeWarning: Replacing existing TH1: hist (Potential memory leak).
TFile::Append:0: RuntimeWarning: Replacing existing TH1: hist (Potential memory leak).
TFile::Append:0: RuntimeWarning: Replacing existing TH1: hist (Potential memory leak).
TFile::Append:0: RuntimeWarning: Replacing existing TH1: hist (Potential memory leak).
TFile::Append:0: RuntimeWarning: Replacing existing TH1: hist (Potential memory leak).
TFile::Append:0: RuntimeWarning: Replacing existing TH1: hist (Potential memory leak).
TFile::Append:0: RuntimeWarning: Replacing existing TH1: hist (Potential memory leak).
TFile::Append:0: RuntimeWarning: Replacing existing TH1: hist (Potential memory leak).
     hist weight =  18.6227277944*leptonWeight*bjetWeight*puWeight*muonTriggerWeight*EE_L1_prefire_Weight*electronTriggerWeight*genWeightSign*METTriggerWeight
          hist nEntries =  2.0
          hist integral =  38.0176792145
      Dataset =  HT100To200  ||   nEvents =  82293477
          hist weight =  12356.7108484*leptonWeight*bjetWeight*puWeight*muonTriggerWeight*EE_L1_prefire_Weight*electronTriggerWeight*genWeightSign*METTriggerWeight
          hist nEntries =  0.0
          hist integral =  0.0
      Dataset =  HT300To500  ||   nEvents =  54552852
          hist weight =  231.554181622*leptonWeight*bjetWeight*puWeight*muonTriggerWeight*EE_L1_prefire_Weight*electronTriggerWeight*genWeightSign*METTriggerWeight*(event!=159953384)
          hist nEntries =  0.0
          hist integral =  0.0
      Dataset =  HT200To300  ||   nEvents =  57580393
          hist weight =  1080.1760245*leptonWeight*bjetWeight*puWeight*muonTriggerWeight*EE_L1_prefire_Weight*electronTriggerWeight*genWeightSign*METTriggerWeight
          hist nEntries =  0.0
          hist integral =  0.0
      Dataset =  HT2000ToInf  ||   nEvents =  5804179
          hist weight =  0.157984307514*leptonWeight*bjetWeight*puWeight*muonTriggerWeight*EE_L1_prefire_Weight*electronTriggerWeight*genWeightSign*METTriggerWeight
          hist nEntries =  11.0
          hist integral =  1.53591778874
      Dataset =  HT1000To1500  ||   nEvents =  15210939
          hist weight =  2.8828141379*leptonWeight*bjetWeight*puWeight*muonTriggerWeight*EE_L1_prefire_Weight*electronTriggerWeight*genWeightSign*METTriggerWeight
          hist nEntries =  8.0
          hist integral =  15.1192937344
      Dataset =  HT1500To2000  ||   nEvents =  11839357
          hist weight =  0.367922599175*leptonWeight*bjetWeight*puWeight*muonTriggerWeight*EE_L1_prefire_Weight*electronTriggerWeight*genWeightSign*METTriggerWeight
          hist nEntries =  14.0
          hist integral =  4.41153396666
  Process =  ZTo2L
      Dataset =  HT600To800  ||   nEvents =  8292957
Applied ZTo2L ewk Weights correctly
          hist weight =  0.00598858887126*leptonWeight*bjetWeight*puWeight*muonTriggerWeight*EE_L1_prefire_Weight*electronTriggerWeight*genWeightSign*METTriggerWeight*ewkZWeight
          hist nEntries =  344.0
          hist integral =  1.68791361596
      Dataset =  HT1200To2500  ||   nEvents =  596079
Applied ZTo2L ewk Weights correctly
          hist weight =  0.00922757218422*leptonWeight*bjetWeight*puWeight*muonTriggerWeight*EE_L1_prefire_Weight*electronTriggerWeight*genWeightSign*METTriggerWeight*ewkZWeight
          hist nEntries =  20.0
          hist integral =  0.158213527202
      Dataset =  HT100To200  ||   nEvents =  11017086
Applied ZTo2L ewk Weights correctly
          hist weight =  0.486067005377*leptonWeight*bjetWeight*puWeight*muonTriggerWeight*EE_L1_prefire_Weight*electronTriggerWeight*genWeightSign*METTriggerWeight*ewkZWeight
          hist nEntries =  0.0
          hist integral =  0.0
      Dataset =  HT2500ToInf  ||   nEvents =  399492
Applied ZTo2L ewk Weights correctly
          hist weight =  0.000324202862636*leptonWeight*bjetWeight*puWeight*muonTriggerWeight*EE_L1_prefire_Weight*electronTriggerWeight*genWeightSign*METTriggerWeight*ewkZWeight
          hist nEntries =  10.0
          hist integral =  0.00287504517473
      Dataset =  HT400To600  ||   nEvents =  9725661
Applied ZTo2L ewk Weights correctly
          hist weight =  0.0212100483453*leptonWeight*bjetWeight*puWeight*muonTriggerWeight*EE_L1_prefire_Weight*electronTriggerWeight*genWeightSign*METTriggerWeight*ewkZWeight
          hist nEntries =  268.0
          hist integral =  4.91992468201
      Dataset =  HT200To400  ||   nEvents =  9609137
Applied ZTo2L ewk Weights correctly
          hist weight =  0.154974031487*leptonWeight*bjetWeight*puWeight*muonTriggerWeight*EE_L1_prefire_Weight*electronTriggerWeight*genWeightSign*METTriggerWeight*ewkZWeight
          hist nEntries =  19.0
          hist integral =  2.6344743669
      Dataset =  HT800To1200  ||   nEvents =  2673066
Applied ZTo2L ewk WeightsTFile::Append:0: RuntimeWarning: Replacing existing TH1: hist (Potential memory leak).
TFile::Append:0: RuntimeWarning: Replacing existing TH1: hist (Potential memory leak).
TFile::Append:0: RuntimeWarning: Replacing existing TH1: hist (Potential memory leak).
TFile::Append:0: RuntimeWarning: Replacing existing TH1: hist (Potential memory leak).
TFile::Append:0: RuntimeWarning: Replacing existing TH1: hist (Potential memory leak).
TFile::Append:0: RuntimeWarning: Replacing existing TH1: hist (Potential memory leak).
TFile::Append:0: RuntimeWarning: Replacing existing TH1: hist (Potential memory leak).
TFile::Append:0: RuntimeWarning: Replacing existing TH1: hist (Potential memory leak).
TFile::Append:0: RuntimeWarning: Replacing existing TH1: hist (Potential memory leak).
TFile::Append:0: RuntimeWarning: Replacing existing TH1: hist (Potential memory leak).
TFile::Append:0: RuntimeWarning: Replacing existing TH1: hist (Potential memory leak).
TFile::Append:0: RuntimeWarning: Replacing existing TH1: hist (Potential memory leak).
TFile::Append:0: RuntimeWarning: Replacing existing TH1: hist (Potential memory leak).
TFile::Append:0: RuntimeWarning: Replacing existing TH1: hist (Potential memory leak).
 correctly
          hist weight =  0.00856785129885*leptonWeight*bjetWeight*puWeight*muonTriggerWeight*EE_L1_prefire_Weight*electronTriggerWeight*genWeightSign*METTriggerWeight*ewkZWeight
          hist nEntries =  109.0
          hist integral =  0.73126196349
  Process =  singleTop
      Dataset =  ST_s-channel  ||   nEvents =  622990
          hist weight =  0.19594022376*leptonWeight*bjetWeight*puWeight*muonTriggerWeight*EE_L1_prefire_Weight*electronTriggerWeight*genWeightSign*METTriggerWeight
          hist nEntries =  21.0
          hist integral =  2.64178100228
      Dataset =  ST_t-channel_antitop  ||   nEvents =  38811017
          hist weight =  0.0757752238237*leptonWeight*bjetWeight*puWeight*muonTriggerWeight*EE_L1_prefire_Weight*electronTriggerWeight*genWeightSign*METTriggerWeight
          hist nEntries =  215.0
          hist integral =  15.2572082579
      Dataset =  ST_t-channel_top  ||   nEvents =  58403420
          hist weight =  0.0846115963757*leptonWeight*bjetWeight*puWeight*muonTriggerWeight*EE_L1_prefire_Weight*electronTriggerWeight*genWeightSign*METTriggerWeight
          hist nEntries =  457.0
          hist integral =  35.9228957361
      Dataset =  ST_tW_top  ||   nEvents =  6952830
          hist weight =  0.187323794771*leptonWeight*bjetWeight*puWeight*muonTriggerWeight*EE_L1_prefire_Weight*electronTriggerWeight*genWeightSign*METTriggerWeight
          hist nEntries =  495.0
          hist integral =  86.1774434969
      Dataset =  ST_tW_antitop  ||   nEvents =  6933094
          hist weight =  0.187857037565*leptonWeight*bjetWeight*puWeight*muonTriggerWeight*EE_L1_prefire_Weight*electronTriggerWeight*genWeightSign*METTriggerWeight
          hist nEntries =  502.0
          hist integral =  88.8210683167
  Process =  WZ
      Dataset =  WZTo2Q2Nu  ||   nEvents =  10330111
          hist weight =  0.0228176676901*leptonWeight*bjetWeight*puWeight*muonTriggerWeight*EE_L1_prefire_Weight*electronTriggerWeight*genWeightSign*METTriggerWeight
          hist nEntries =  4905.0
          hist integral =  52.714071542
      Dataset =  WZTo3LNu  ||   nEvents =  19993200
          hist weight =  0.00804919595162*leptonWeight*bjetWeight*puWeight*muonTriggerWeight*EE_L1_prefire_Weight*electronTriggerWeight*genWeightSign*METTriggerWeight
          hist nEntries =  35.0
          hist integral =  0.237426402047
      Dataset =  WZTo1L1Nu2Q  ||   nEvents =  14109151
          hist weight =  0.0275774424698*leptonWeight*bjetWeight*puWeight*muonTriggerWeight*EE_L1_prefire_Weight*electronTriggerWeight*genWeightSign*METTriggerWeight
          hist nEntries =  1598.0
          hist integral =  20.6210072059
      Dataset =  WZTo1L3Nu  ||   nEvents =  942046
          hist weight =  0.116967632154*leptonWeight*bjetWeight*puWeight*muonTriggerWeight*EE_L1_prefire_Weight*electronTriggerWeight*genWeightSign*METTriggerWeight
          hist nEntries =  102.0
          hist integral =  5.73999453336
      Dataset =  WZTo2L2Q  ||   nEvents =  15836703
          hist weight =  0.0128351431482*leptonWeight*bjetWeight*puWeight*muonTriggerWeight*EE_L1_prefire_Weight*electronTriggerWeight*genWeightSign*METTriggerWeight
          hist nEntries =  67.0
          hist integral =  0.192280504853
  Process =  WPlusJets
      Dataset =  HT600To800  ||   nEvents =  18687480
Applied WPlusJets ewk Weights correctly
          hist weight =  0.0234261922956*leptonWeight*bjetWeight*puWeight*muonTriggerWeight*EE_L1_prefire_Weight*electronTriggerWeight*genWeightSign*METTriggerWeight*ewkWWeight
          hist nEntries =  5988.0
          hist integral =  111.492021656
      Dataset =  HT70To100  ||   nEvents =  10020533
Applied WPlusJets ewk Weights correctly
          hist weight =  4.97426234712*leptonWeight*bjetWeight*puWeight*muonTriggerWeight*EE_L1_prefire_Weight*electronTriggerWeight*genWeightSign*METTriggerWeight*ewkWWeight
          hist nEntries =  0.0
          hist integral =  0.0
      Dataset =  HT1200To2500  ||   nEvents =  6872441
Applied WPlusJets ewk Weights correctly
          hist weight =  0.00702553430433*leptonWeight*TFile::Append:0: RuntimeWarning: Replacing existing TH1: hist (Potential memory leak).
TFile::Append:0: RuntimeWarning: Replacing existing TH1: hist (Potential memory leak).
TFile::Append:0: RuntimeWarning: Replacing existing TH1: hist (Potential memory leak).
TFile::Append:0: RuntimeWarning: Replacing existing TH1: hist (Potential memory leak).
TFile::Append:0: RuntimeWarning: Replacing existing TH1: hist (Potential memory leak).
bjetWeight*puWeight*muonTriggerWeight*EE_L1_prefire_Weight*electronTriggerWeight*genWeightSign*METTriggerWeight*ewkWWeight
          hist nEntries =  2471.0
          hist integral =  14.0305575766
      Dataset =  HT100To200  ||   nEvents =  78043017
Applied WPlusJets ewk Weights correctly
          hist weight =  0.626114313341*leptonWeight*bjetWeight*puWeight*muonTriggerWeight*EE_L1_prefire_Weight*electronTriggerWeight*genWeightSign*METTriggerWeight*ewkWWeight
          hist nEntries =  6.0
          hist integral =  1.83974772692
      Dataset =  HT2500ToInf  ||   nEvents =  2637821
Applied WPlusJets ewk Weights correctly
          hist weight =  0.000442931040431*leptonWeight*bjetWeight*puWeight*muonTriggerWeight*EE_L1_prefire_Weight*electronTriggerWeight*genWeightSign*METTriggerWeight*ewkWWeight
          hist nEntries =  460.0
          hist integral =  0.190486350009
      Dataset =  HT800To1200  ||   nEvents =  7830536
Applied WPlusJets ewk Weights correctly
          hist weight =  0.0255220498316*leptonWeight*bjetWeight*puWeight*muonTriggerWeight*EE_L1_prefire_Weight*electronTriggerWeight*genWeightSign*METTriggerWeight*ewkWWeight
          hist nEntries =  2916.0
          hist integral =  58.8260057792
      Dataset =  HT200To400  ||   nEvents =  38984322
Applied WPlusJets ewk Weights correctly
          hist weight =  0.335209138689*leptonWeight*bjetWeight*puWeight*muonTriggerWeight*EE_L1_prefire_Weight*electronTriggerWeight*genWeightSign*METTriggerWeight*ewkWWeight
          hist nEntries =  616.0
          hist integral =  176.171569407
      Dataset =  HT400To600  ||   nEvents =  7687800
Applied WPlusJets ewk Weights correctly
          hist weight =  0.231132482635*leptonWeight*bjetWeight*puWeight*muonTriggerWeight*EE_L1_prefire_Weight*electronTriggerWeight*genWeightSign*METTriggerWeight*ewkWWeight
          hist nEntries =  1382.0
          hist integral =  264.56605345
-----------------------------
Total data background nEvents =  4686.0
Total data background integral =  4686.0
-----------------------------
Total MC background nEvents =  172842.0
Total MC background integral =  4311.24329424
-----------------------------
Total tt+DM signal nEvents =  7527.0
Total tt+DM signal integral =  70.4371233582
Total t+DM signal nEvents =  5351.0
Total t+DM signal integral =  120.523969688
-----------------------------
FOM for tt+DM signal =  0.517550197213
FOM for t+DM signal =  0.647337856
-----------------------------
Data bin content:
    bin 0: 0.0
    bin 1: 0.0
    bin 2: 13.0
    bin 3: 152.0
    bin 4: 395.0
    bin 5: 604.0
    bin 6: 689.0
    bin 7: 645.0
    bin 8: 514.0
    bin 9: 392.0
    bin 10: 280.0
    bin 11: 230.0
    bin 12: 184.0
    bin 13: 138.0
    bin 14: 102.0
    bin 15: 77.0
    bin 16: 66.0
    bin 17: 54.0
    bin 18: 37.0
    bin 19: 25.0
    bin 20: 19.0
    bin 21: 15.0
    bin 22: 6.0
    bin 23: 7.0
    bin 24: 6.0
    bin 25: 8.0
    bin 26: 6.0
    bin 27: 1.0
    bin 28: 3.0
    bin 29: 3.0
    bin 30: 2.0
    bin 31: 13.0
-----------------------------
MC background bin content:
    bin 0: 0.0
    bin 1: 0.0
    bin 2: 10.5696811676
    bin 3: 123.628364563
    bin 4: 392.925170898
    bin 5: 596.793334961
    bin 6: 643.330078125
    bin 7: 599.407165527
    bin 8: 463.199645996
    bin 9: 380.047485352
    bin 10: 267.672485352
    bin 11: 195.31930542
    bin 12: 142.674713135
    bin 13: 107.368331909
    bin 14: 92.330116272
    bin 15: 64.6696014404
    bin 16: 46.7750320435
    bin 17: 38.9114074707
    bin 18: 29.4607448578
    bin 19: 22.6264839172
    bin 20: 22.5953025818
    bin 21: 13.0769996643
    bin 22: 11.3841819763
    bin 23: 9.19301795959
    bin 24: 7.9502658844
    bin 25: 6.31907606125
    bin 26: 4.64554786682
    bin 27: 3.65679502487
    bin 28: 2.79782700539
    bin 29: 2.35488080978
    bin 30: 1.72899985313
    bin 31: 7.83125114441
-----------------------------
tt+DM bin content:
    bin 0: 0.0
    bin 1: 0.0
    bin 2: 0.0393526181579
    bin 3: 1.30939853191
    bin 4: 6.42411899567
    bin 5: 10.2144374847
    bin 6: 11.4155445099
    bin 7: 10.1074228287
    bin 8: 8.05109786987
    bin 9: 5.83119821548
    bin 10: 3.89413022995
    bin 11: 2.71925258636
    bin 12: 2.28845000267
    bin 13: 1.56986176968
    bin 14: 1.32751893997
    bin 15: 1.24002921581
    bin 16: 0.77607434988
    bin 17: 0.75344568491
    bin 18: 0.454620987177
    bin 19: 0.564306974411
    bin 20: 0.280511289835
    bin 21: 0.280966848135
    bin 22: 0.224917083979
    bin 23: 0.0687792003155
    bin 24: 0.0596980676055
    bin 25: 0.0831776857376
    bin 26: 0.0998202115297
    bin 27: 0.07337936759
    bin 28: 0.0650455057621
    bin 29: 0.0299406349659
    bin 30: 0.0
    bin 31: 0.190625667572
-----------------------------
t+DM bin content:
    bin 0: 0.0
    bin 1: 0.0
    bin 2: 0.0798593014479
    bin 3: 3.01463937759
    bin 4: 11.762676239
    bin 5: 18.80027771
    bin 6: 18.5051574707
    bin 7: 16.2091941833
    bin 8: 12.4091272354
    bin 9: 9.17082214355
    bin 10: 6.33212566376
    bin 11: 4.44014501572
    bin 12: 3.20951485634
    bin 13: 3.1193125248
    bin 14: 1.97213983536
    bin 15: 2.17970347404
    bin 16: 1.86961662769
    bin 17: 1.46235537529
    bin 18: 1.10318648815
    bin 19: 0.849956810474
    bin 20: 0.71951007843
    bin 21: 0.658000707626
    bin 22: 0.570094704628
    bin 23: 0.324928104877
    bin 24: 0.404753386974
    bin 25: 0.274732142687
    bin 26: 0.24336963892
    bin 27: 0.127866625786
    bin 28: 0.139113932848
    bin 29: 0.112637765706
    bin 30: 0.0628536194563
    bin 31: 0.396298646927
-----------------------------
Data bin errors:
    bin 0: 0.0
    bin 1: 0.0
    bin 2: 3.60555127546
    bin 3: 12.3288280059
    bin 4: 19.8746069144
    bin 5: 24.5764114549
    bin 6: 26.2488094968
    bin 7: 25.3968501984
    bin 8: 22.6715680975
    bin 9: 19.7989898732
    bin 10: 16.7332005307
    bin 11: 15.1657508881
    bin 12: 13.5646599663
    bin 13: 11.7473401245
    bin 14: 10.0995049384
    bin 15: 8.77496438739
    bin 16: 8.12403840464
    bin 17: 7.34846922835
    bin 18: 6.0827625303
    bin 19: 5.0
    bin 20: 4.35889894354
    bin 21: 3.87298334621
    bin 22: 2.44948974278
    bin 23: 2.64575131106
    bin 24: 2.44948974278
    bin 25: 2.82842712475
    bin 26: 2.44948974278
    bin 27: 1.0
    bin 28: 1.73205080757
    bin 29: 1.73205080757
    bin 30: 1.41421356237
    bin 31: 3.60555127546
-----------------------------
MC background bin errors:
    bin 0: 0.0
    bin 1: 0.0
    bin 2: 1.25382740019
    bin 3: 3.80320974053
    bin 4: 6.88968696831
    bin 5: 8.22924271066
    bin 6: 10.4754160033
    bin 7: 21.5439995375
    bin 8: 9.28039319938
    bin 9: 20.2752503562
    bin 10: 8.86701925488
    bin 11: 6.29476431424
    bin 12: 3.39399877342
    bin 13: 2.6662820411
    bin 14: 3.39788996557
    bin 15: 2.23781921106
    bin 16: 1.54440908438
    bin 17: 1.47970584883
    bin 18: 2.51221091947
    bin 19: 1.29175602079
    bin 20: 3.41820457446
    bin 21: 0.781198397787
    bin 22: 0.763581279712
    bin 23: 0.663926700912
    bin 24: 0.74160649493
    bin 25: 0.627587734716
    bin 26: 0.516945487968
    bin 27: 0.534955346751
    bin 28: 0.394168419068
    bin 29: 0.264184043768
    bin 30: 0.268450016768
    bin 31: 0.967161079143
-----------------------------
tt+DM bin errors:
    bin 0: 0.0
    bin 1: 0.0
    bin 2: 0.0197713197587
    bin 3: 0.114678265533
    bin 4: 0.255464010719
    bin 5: 0.324087002465
    bin 6: 0.340594744538
    bin 7: 0.322347377136
    bin 8: 0.288834585869
    bin 9: 0.246254647533
    bin 10: 0.200029122829
    bin 11: 0.166052135394
    bin 12: 0.154527593225
    bin 13: 0.126015783277
    bin 14: 0.118854329712
    bin 15: 0.111721966766
    bin 16: 0.0900051007565
    bin 17: 0.0885782695912
    bin 18: 0.0671079626986
    bin 19: 0.0756036594671
    bin 20: 0.0528159572018
    bin 21: 0.0533920974787
    bin 22: 0.0502671416852
    bin 23: 0.0308500155135
    bin 24: 0.0245321057961
    bin 25: 0.0295122906941
    bin 26: 0.0332389681621
    bin 27: 0.0277648358283
    bin 28: 0.0249431793166
    bin 29: 0.0169108793706
    bin 30: 0.0
    bin 31: 0.0505740390531
--------Info in <TCanvas::Print>: png file AH0l1fSR2016_Jet_pt[index_centralJets[0]]_02_01_2023_NLOwithGenWeightsAndEWKkfactors.png has been created
---------------------
t+DM bin errors:
    bin 0: 0.0
    bin 1: 0.0
    bin 2: 0.0438950855279
    bin 3: 0.300629080507
    bin 4: 0.595643828564
    bin 5: 0.749113877221
    bin 6: 0.742830506193
    bin 7: 0.685443245629
    bin 8: 0.59925198227
    bin 9: 0.510261882216
    bin 10: 0.426139998128
    bin 11: 0.35205782994
    bin 12: 0.301483118474
    bin 13: 0.294975054288
    bin 14: 0.217975164238
    bin 15: 0.237748035139
    bin 16: 0.220591809758
    bin 17: 0.193196137162
    bin 18: 0.16457546043
    bin 19: 0.151113500948
    bin 20: 0.133484183099
    bin 21: 0.124542240726
    bin 22: 0.115235451349
    bin 23: 0.0921705597165
    bin 24: 0.0983366258895
    bin 25: 0.0787966050454
    bin 26: 0.0794077246521
    bin 27: 0.0444578607632
    bin 28: 0.0606062613258
    bin 29: 0.0477288492838
    bin 30: 0.0364788876531
    bin 31: 0.107564105135
-----------------------------
ZTo2Nu hist info:
    nEvents =  36225.0
    integral =  1039.70132667
tbar scalar hist info:
    nEvents =  5351.0
    integral =  120.523969688
TTTo2L2Nu hist info:
    nEvents =  4661.0
    integral =  173.803465769
singleTop hist info:
    nEvents =  1690.0
    integral =  228.820396528
TTV hist info:
    nEvents =  75971.0
    integral =  54.9458393231
bkgSum hist info:
    nEvents =  172842.0
    integral =  4311.24329424
ttbar scalar hist info:
    nEvents =  7527.0
    integral =  70.4371233582
VV hist info:
    nEvents =  15897.0
    integral =  147.846849278
QCD hist info:
    nEvents =  41.0
    integral =  90.2236274928
ZTo2L hist info:
    nEvents =  770.0
    integral =  10.1346633293
data hist info:
    nEvents =  4686.0
    integral =  4686.0
WPlusJets hist info:
    nEvents =  13839.0
    integral =  627.116438687
TTToSemiLepton hist info:
    nEvents =  23748.0
    integral =  1938.65076798
Finished filling histograms
Creating stacked MC background histogram...
Finished stacking MC background histograms.
Drawing histograms...
Finished drawing histograms
Drawing ratio plot...
Plotting end time: 2023-02-01 19:45:29.513920
