Plotting start time: 2021-08-26 15:13:35.533529
Cut name =  AH0lQR
MC Selection Cuts =  (nVetoElectrons + nLooseMuons) == 0 && njets >= 3 && nbjets >= 1 && METcorrected_pt >= 250 && ntaus == 0 && minDeltaPhi12 <= 0.8 && Flag_goodVertices && Flag_globalSuperTightHalo2016Filter && Flag_HBHENoiseFilter && Flag_HBHENoiseIsoFilter && Flag_EcalDeadCellTriggerPrimitiveFilter && Flag_BadPFMuonFilter && (HLT_PFMETNoMu120_PFMHTNoMu120_IDTight) && nfjets == 0
Data Selection Cuts =  (nVetoElectrons + nLooseMuons) == 0 && njets >= 3 && nbjets >= 1 && METcorrected_pt >= 250 && ntaus == 0 && minDeltaPhi12 <= 0.8 && Flag_goodVertices && Flag_globalSuperTightHalo2016Filter && Flag_HBHENoiseFilter && Flag_HBHENoiseIsoFilter && Flag_EcalDeadCellTriggerPrimitiveFilter && Flag_BadPFMuonFilter && (HLT_PFMETNoMu120_PFMHTNoMu120_IDTight) && nfjets == 0 && Flag_eeBadScFilter
var =  Jet_eta[index_centralJets[0]]
year =  2016
lumi =  35.92
saveDirectory =  plots/2018_QCDCR_debugging/RunII_plots/Jet_eta/
date =  08_25_2021
Creating histograms..
Finished making systematic histogram dictionary
Drawing data and ratio plot...
Selected MET dataset
Loading data sample root files and event trees...
    nevents in filepath = /hdfs/store/user/vshang/MET_Run2016B/MET/ModuleCommonSkim_07152021/tree_all.root: 182912
    nevents in filepath = /hdfs/store/user/vshang/MET_Run2016C/MET/ModuleCommonSkim_07152021/tree_all.root: 80259
    nevents in filepath = /hdfs/store/user/vshang/MET_Run2016D/MET/ModuleCommonSkim_07152021/tree_all.root: 131680
    nevents in filepath = /hdfs/store/user/vshang/MET_Run2016E/MET/ModuleCommonSkim_07152021/tree_all.root: 127112
    nevents in filepath = /hdfs/store/user/vshang/MET_Run2016F/MET/ModuleCommonSkim_07152021/tree_all.root: 100492
    nevents in filepath = /hdfs/store/user/vshang/MET_Run2016G/MET/ModuleCommonSkim_07152021/tree_all.root: 234544
    nevents in filepath = /hdfs/store/user/vshang/MET_Run2016H/MET/ModuleCommonSkim_07152021/tree_all.root: 262704
    total nevents in  MET :  1119703
Got data sample root files and event trees
Loading MC sample root files and event trees...
    nevents in  ZTo2Nu   HT600To800 :  5693589
    nevents in  ZTo2Nu   HT1200To2500 :  513471
    nevents in  ZTo2Nu   HT100To200 :  24272858
    nevents in  ZTo2Nu   HT2500ToInf :  405030
    nevents in  ZTo2Nu   HT800To1200 :  2170137
    nevents in  ZTo2Nu   HT200To400 :  24761211
    nevents in  ZTo2Nu   HT400To600 :  9862869
    nevents in  tbar scalar   tWChan_Mchi1Mphi100 :  200000
    nevents in  tbar scalar   tChan_Mchi1Mphi100 :  500000
    nevents in  WW   WWTo1L1Nu2Q :  5246469
    nevents in  WW   WWTo4Q :  30324343
    nevents in  WW   WWTo2L2Nu :  1999000
    nevents in  ttbarPlusJets   TTToSemiLepton :  152669800
    nevents in  ttbarPlusJets   TTTo2L2Nu :  79140880
    nevents in  ttbar scalar   ttDM_MChi1_MPhi100_scalar :  2625075
    nevents in  ZZ   ZZTo2Q2Nu :  52855410
    nevents in  ZZ   ZZTo4L :  103121112
    nevents in  ZZ   ZZTo2L2Q :  15462693
    nevents in  ZZ   ZZTo2L2Nu :  52855410
    nevents in  ZZ   ZZTo4Q :  30636849
    nevents in  QCD   HT700To1000 :  37233786
    nevents in  QCD   HT500To700 :  62622029
    nevents in  QCD   HT2000ToInf :  5804179
    nevents in  QCD   HT1000To1500 :  15210939
    nevents in  QCD   HT1500To2000 :  11839357
    nevents in  QCD   HT100To200 :  82293477
    nevents in  QCD   HT300To500 :  54552852
    nevents in  QCD   HT200To300 :  57580393
    nevents in  WZ   WZTo2Q2Nu :  17725159
    nevents in  WZ   WZTo2L2Q :  26445785
    nevents in  WZ   WZTo3LNu :  19993200
    nevents in  WZ   WZTo1L3Nu :  1703772
    nevents in  WZ   WZTo1L1Nu2Q :  24311445
    nevents in  TTV   TTZToQQ :  749400
    nevents in  TTV   TTWJetsToLNu :  5280565
    nevents in  TTV   TTWJetsToQQ :  833298
    nevents in  TTV   TTZToLLNuNu :  13692628
    nevents in  ZTo2L   HT600To800 :  8292957
    nevents in  ZTo2L   HT1200To2500 :  596079
    nevents in  ZTo2L   HT100To200 :  11017086
    nevents in  ZTo2L   HT2500ToInf :  399492
    nevents in  ZTo2L   HT800To1200 :  2673066
    nevents in  ZTo2L   Info in <TCanvas::MakeDefCanvas>:  created default TCanvas with name c1
TFile::Append:0: RuntimeWarning: Replacing existing TH1: hist (Potential memory leak).
TFile::Append:0: RuntimeWarning: Replacing existing TH1: hist (Potential memory leak).
TFile::Append:0: RuntimeWarning: Replacing existing TH1: hist (Potential memory leak).
TFile::Append:0: RuntimeWarning: Replacing existing TH1: hist (Potential memory leak).
TFile::Append:0: RuntimeWarning: Replacing existing TH1: hist (Potential memory leak).
TFile::Append:0: RuntimeWarning: Replacing existing TH1: hist (Potential memory leak).
TFile::Append:0: RuntimeWarning: Replacing existing TH1: hist (Potential memory leak).
TFile::Append:0: RuntimeWarning: Replacing existing TH1: hist (Potential memory leak).
TFile::Append:0: RuntimeWarning: Replacing existing TH1: hist (Potential memory leak).
TFile::Append:0: RuntimeWarning: Replacing existing TH1: hist (Potential memory leak).
TFile::Append:0: RuntimeWarning: Replacing existing TH1: hist (Potential memory leak).
TFile::Append:0: RuntimeWarning: Replacing existing TH1: hist (Potential memory leak).
TFile::Append:0: RuntimeWarning: Replacing existing TH1: hist (Potential memory leak).
TFile::Append:0: RuntimeWarning: Replacing existing TH1: hist (Potential memory leak).
TFile::Append:0: RuntimeWarning: Replacing existing TH1: hist (Potential memory leak).
TFile::Append:0: RuntimeWarning: Replacing existing TH1: hist (Potential memory leak).
TFile::Append:0: RuntimeWarning: Replacing existing TH1: hist (Potential memory leak).
TFile::Append:0: RuntimeWarning: Replacing existing TH1: hist (Potential memory leak).
TFile::Append:0: RuntimeWarning: Replacing existing TH1: hist (Potential memory leak).
TFile::Append:0: RuntimeWarning: Replacing existing TH1: hist (Potential memory leak).
TFile::Append:0: RuntimeWarning: Replacing existing TH1: hist (Potential memory leak).
HT200To400 :  9609137
    nevents in  ZTo2L   HT400To600 :  9725661
    nevents in  singleTop   ST_s-channel :  1000000
    nevents in  singleTop   ST_t-channel_antitop :  38811017
    nevents in  singleTop   ST_tW_top :  6952830
    nevents in  singleTop   ST_t-channel_top :  58403420
    nevents in  singleTop   ST_tW_antitop :  6933094
    nevents in  WPlusJets   HT200To400 :  38984322
    nevents in  WPlusJets   HT70To100 :  10020533
    nevents in  WPlusJets   HT600To800 :  18687480
    nevents in  WPlusJets   HT1200To2500 :  6872441
    nevents in  WPlusJets   HT100To200 :  78043017
    nevents in  WPlusJets   HT400To600 :  7687800
    nevents in  WPlusJets   HT2500ToInf :  3285704
    nevents in  WPlusJets   HT800To1200 :  7830536
Got MC sample root files and event trees
Filling histograms...
  Dataset =  MET  ||   nEvents =  1119703
    hist nEntries =  6557.0
    hist integral =  6557.0
    hist_data nEntries =  6557.0
    hist_data integral =  6557.0
    hist nEntries =  2953.0
    hist integral =  2953.0
    hist_data nEntries =  9510.0
    hist_data integral =  9510.0
    hist nEntries =  4696.0
    hist integral =  4696.0
    hist_data nEntries =  14206.0
    hist_data integral =  14206.0
    hist nEntries =  4661.0
    hist integral =  4661.0
    hist_data nEntries =  18867.0
    hist_data integral =  18867.0
    hist nEntries =  3659.0
    hist integral =  3659.0
    hist_data nEntries =  22526.0
    hist_data integral =  22526.0
    hist nEntries =  8257.0
    hist integral =  8257.0
    hist_data nEntries =  30783.0
    hist_data integral =  30783.0
    hist nEntries =  9227.0
    hist integral =  9227.0
    hist_data nEntries =  40010.0
    hist_data integral =  40010.0
  Process =  ZTo2Nu
      Dataset =  HT600To800  ||   nEvents =  5693589
Applied ZTo2Nu qcd/ewk Weights correctly
          hist nEntries =  24901.0
          hist integral =  527.209527493
      Dataset =  HT1200To2500  ||   nEvents =  513471
Applied ZTo2Nu qcd/ewk Weights correctly
          hist nEntries =  9988.0
          hist integral =  260.784528971
      Dataset =  HT100To200  ||   nEvents =  24272858
Applied ZTo2Nu qcd/ewk Weights correctly
          hist nEntries =  1.0
          hist integral =  0.595787227154
      Dataset =  HT2500ToInf  ||   nEvents =  405030
Applied ZTo2Nu qcd/ewk Weights correctly
          hist nEntries =  9297.0
          hist integral =  8.09840405034
      Dataset =  HT800To1200  ||   nEvents =  2170137
Applied ZTo2Nu qcd/ewk Weights correctly
          hist nEntries =  21820.0
          hist integral =  549.88515687
      Dataset =  HT200To400  ||   nEvents =  24761211
Applied ZTo2Nu qcd/ewk Weights correctly
          hist nEntries =  633.0
          hist integral =  94.9318521023
      Dataset =  HT400To600  ||   nEvents =  9862869
Applied ZTo2Nu qcd/ewk Weights correctly
          hist nEntries =  10569.0
          hist integral =  549.504552841
  Process =  tbar scalar
      Dataset =  tWChan_Mchi1Mphi100  ||   nEvents =  200000
          hist nEntries =  1730.0
          hist integral =  16.4774325453
      Dataset =  tChan_Mchi1Mphi100  ||   nEvents =  500000
          hist nEntries =  826.0
          hist integral =  15.9680784792
  Process =  WW
      Dataset =  WWTo1L1Nu2Q  ||   nEvents =  5246469
          hist nEntries =  277.0
          hist integral =  94.6969130635
      Dataset =  WWTo4Q  ||   nEvents =  30324343
          hist nEntries =  53.0
          hist integral =  3.3244779408
      Dataset =  WWTo2L2Nu  ||   nEvents =  1999000
          hist nEntries =  41.0
          hist integral =  9.83512521349
  Process =  ttbarPlusJets
      Dataset =  TTToSemiLepton  ||   nEvents =  152669800
          hist nEntries =  106971.0
          hist integral =  9136.76647568
      Dataset =  TTTo2L2Nu  ||   nEvents =  79140880
          hist nEntries =  25948.0
          hist integral =  1020.04281807
  Process =  ttbar scalar
      Dataset =  ttDM_MChi1_MPhi100_scalar  ||   nEvents =  2625075
          hist nEntries =  12460.0
          hist integral =  122.387522548
  Process =  ZZ
      DataTFile::Append:0: RuntimeWarning: Replacing existing TH1: hist (Potential memory leak).
TFile::Append:0: RuntimeWarning: Replacing existing TH1: hist (Potential memory leak).
TFile::Append:0: RuntimeWarning: Replacing existing TH1: hist (Potential memory leak).
TFile::Append:0: RuntimeWarning: Replacing existing TH1: hist (Potential memory leak).
TFile::Append:0: RuntimeWarning: Replacing existing TH1: hist (Potential memory leak).
TFile::Append:0: RuntimeWarning: Replacing existing TH1: hist (Potential memory leak).
TFile::Append:0: RuntimeWarning: Replacing existing TH1: hist (Potential memory leak).
TFile::Append:0: RuntimeWarning: Replacing existing TH1: hist (Potential memory leak).
TFile::Append:0: RuntimeWarning: Replacing existing TH1: hist (Potential memory leak).
TFile::Append:0: RuntimeWarning: Replacing existing TH1: hist (Potential memory leak).
TFile::Append:0: RuntimeWarning: Replacing existing TH1: hist (Potential memory leak).
TFile::Append:0: RuntimeWarning: Replacing existing TH1: hist (Potential memory leak).
TFile::Append:0: RuntimeWarning: Replacing existing TH1: hist (Potential memory leak).
TFile::Append:0: RuntimeWarning: Replacing existing TH1: hist (Potential memory leak).
TFile::Append:0: RuntimeWarning: Replacing existing TH1: hist (Potential memory leak).
TFile::Append:0: RuntimeWarning: Replacing existing TH1: hist (Potential memory leak).
TFile::Append:0: RuntimeWarning: Replacing existing TH1: hist (Potential memory leak).
TFile::Append:0: RuntimeWarning: Replacing existing TH1: hist (Potential memory leak).
TFile::Append:0: RuntimeWarning: Replacing existing TH1: hist (Potential memory leak).
TFile::Append:0: RuntimeWarning: Replacing existing TH1: hist (Potential memory leak).
TFile::Append:0: RuntimeWarning: Replacing existing TH1: hist (Potential memory leak).
TFile::Append:0: RuntimeWarning: Replacing existing TH1: hist (Potential memory leak).
TFile::Append:0: RuntimeWarning: Replacing existing TH1: hist (Potential memory leak).
TFile::Append:0: RuntimeWarning: Replacing existing TH1: hist (Potential memory leak).
TFile::Append:0: RuntimeWarning: Replacing existing TH1: hist (Potential memory leak).
TFile::Append:0: RuntimeWarning: Replacing existing TH1: hist (Potential memory leak).
TFile::Append:0: RuntimeWarning: Replacing existing TH1: hist (Potential memory leak).
TFile::Append:0: RuntimeWarning: Replacing existing TH1: hist (Potential memory leak).
TFile::Append:0: RuntimeWarning: Replacing existing TH1: hist (Potential memory leak).
TFile::Append:0: RuntimeWarning: Replacing existing TH1: hist (Potential memory leak).
set =  ZZTo2Q2Nu  ||   nEvents =  52855410
          hist nEntries =  672.0
          hist integral =  2.0406204937
      Dataset =  ZZTo4L  ||   nEvents =  103121112
          hist nEntries =  116.0
          hist integral =  0.0580886114622
      Dataset =  ZZTo2L2Q  ||   nEvents =  15462693
          hist nEntries =  415.0
          hist integral =  3.45516537037
      Dataset =  ZZTo2L2Nu  ||   nEvents =  52855410
          hist nEntries =  672.0
          hist integral =  0.284878699458
      Dataset =  ZZTo4Q  ||   nEvents =  30636849
          hist nEntries =  295.0
          hist integral =  2.31468886603
  Process =  QCD
      Dataset =  HT700To1000  ||   nEvents =  37233786
          hist nEntries =  852.0
          hist integral =  5451.76806259
      Dataset =  HT500To700  ||   nEvents =  62622029
          hist nEntries =  37.0
          hist integral =  706.98103701
      Dataset =  HT2000ToInf  ||   nEvents =  5804179
          hist nEntries =  14683.0
          hist integral =  2468.24479243
      Dataset =  HT1000To1500  ||   nEvents =  15210939
          hist nEntries =  4039.0
          hist integral =  11458.9712753
      Dataset =  HT1500To2000  ||   nEvents =  11839357
          hist nEntries =  13808.0
          hist integral =  5059.11323643
      Dataset =  HT100To200  ||   nEvents =  82293477
          hist nEntries =  0.0
          hist integral =  0.0
      Dataset =  HT300To500  ||   nEvents =  54552852
          hist nEntries =  0.0
          hist integral =  0.0
      Dataset =  HT200To300  ||   nEvents =  57580393
          hist nEntries =  0.0
          hist integral =  0.0
  Process =  WZ
      Dataset =  WZTo2Q2Nu  ||   nEvents =  17725159
          hist nEntries =  4888.0
          hist integral =  64.5585565567
      Dataset =  WZTo2L2Q  ||   nEvents =  26445785
          hist nEntries =  980.0
          hist integral =  8.4024655465
      Dataset =  WZTo3LNu  ||   nEvents =  19993200
          hist nEntries =  233.0
          hist integral =  1.9656844947
      Dataset =  WZTo1L3Nu  ||   nEvents =  1703772
          hist nEntries =  112.0
          hist integral =  7.47602227703
      Dataset =  WZTo1L1Nu2Q  ||   nEvents =  24311445
          hist nEntries =  4078.0
          hist integral =  65.3953747451
  Process =  TTV
      Dataset =  TTZToQQ  ||   nEvents =  749400
          hist nEntries =  1155.0
          hist integral =  29.668348819
      Dataset =  TTWJetsToLNu  ||   nEvents =  5280565
          hist nEntries =  11201.0
          hist integral =  15.704981979
      Dataset =  TTWJetsToQQ  ||   nEvents =  833298
          hist nEntries =  1883.0
          hist integral =  33.0645973086
      Dataset =  TTZToLLNuNu  ||   nEvents =  13692628
          hist nEntries =  50681.0
          hist integral =  33.5188511908
  Process =  ZTo2L
      Dataset =  HT600To800  ||   nEvents =  8292957
Applied ZTo2L qcd/ewk Weights correctly
          hist nEntries =  6899.0
          hist integral =  48.7145260721
      Dataset =  HT1200To2500  ||   nEvents =  596079
Applied ZTo2L qcd/ewk Weights correctly
          hist nEntries =  1775.0
          hist integral =  18.9557390209
      Dataset =  HT100To200  ||   nEvents =  11017086
Applied ZTo2L qcd/ewk Weights correctly
          hist nEntries =  0.0
          hist integral =  0.0
      Dataset =  HT2500ToInf  ||   nEvents =  399492
Applied ZTo2L qcd/ewk Weights correctly
          hist nEntries =  1502.0
          hist integral =  0.640737118665
      Dataset =  HT800To1200  ||   nEvents =  2673066
Applied ZTo2L qcd/ewk Weights correctly
          hist nEntries =  4923.0
          hist integral =  47.798309356
      Dataset =  HT200To400  ||   nEvents =  9609137
Applied ZTo2L qcd/ewk Weights correctly
          hist nEntries =  31.0
          hist integral =  5.2874454055
      Dataset =  HT400To600  ||   nEvents =  9725661
Applied ZTo2L qcd/ewk Weights correctly
          hist nEntries =  1603.0
          hist integral =  41.9970623851
  Process =  singleTop
      Dataset =  ST_s-channel  ||   nEvents =  1000000
          hist nEntriesTFile::Append:0: RuntimeWarning: Replacing existing TH1: hist (Potential memory leak).
TFile::Append:0: RuntimeWarning: Replacing existing TH1: hist (Potential memory leak).
TFile::Append:0: RuntimeWarning: Replacing existing TH1: hist (Potential memory leak).
TFile::Append:0: RuntimeWarning: Replacing existing TH1: hist (Potential memory leak).
TFile::Append:0: RuntimeWarning: Replacing existing TH1: hist (Potential memory leak).
TFile::Append:0: RuntimeWarning: Replacing existing TH1: hist (Potential memory leak).
TFile::Append:0: RuntimeWarning: Replacing existing TH1: hist (Potential memory leak).
TFile::Append:0: RuntimeWarning: Replacing existing TH1: hist (Potential memory leak).
TFile::Append:0: RuntimeWarning: Replacing existing TH1: hist (Potential memory leak).
TFile::Append:0: RuntimeWarning: Replacing existing TH1: hist (Potential memory leak).
TFile::Append:0: RuntimeWarning: Replacing existing TH1: hist (Potential memory leak).
TFile::Append:0: RuntimeWarning: Replacing existing TH1: hist (Potential memory leak).
 =  556.0
          hist integral =  68.5547741055
      Dataset =  ST_t-channel_antitop  ||   nEvents =  38811017
          hist nEntries =  1729.0
          hist integral =  128.800859451
      Dataset =  ST_tW_top  ||   nEvents =  6952830
          hist nEntries =  1838.0
          hist integral =  343.490230918
      Dataset =  ST_t-channel_top  ||   nEvents =  58403420
          hist nEntries =  3782.0
          hist integral =  309.081214905
      Dataset =  ST_tW_antitop  ||   nEvents =  6933094
          hist nEntries =  1793.0
          hist integral =  341.739200234
  Process =  WPlusJets
      Dataset =  HT200To400  ||   nEvents =  38984322
Applied WPlusJets qcd/ewk Weights correctly
          hist nEntries =  581.0
          hist integral =  235.806355238
      Dataset =  HT70To100  ||   nEvents =  10020533
Applied WPlusJets qcd/ewk Weights correctly
          hist nEntries =  0.0
          hist integral =  0.0
      Dataset =  HT600To800  ||   nEvents =  18687480
Applied WPlusJets qcd/ewk Weights correctly
          hist nEntries =  23142.0
          hist integral =  608.868144989
      Dataset =  HT1200To2500  ||   nEvents =  6872441
Applied WPlusJets qcd/ewk Weights correctly
          hist nEntries =  42654.0
          hist integral =  1403.8547219
      Dataset =  HT100To200  ||   nEvents =  78043017
Applied WPlusJets qcd/ewk Weights correctly
          hist nEntries =  1.0
          hist integral =  0.117727413774
      Dataset =  HT400To600  ||   nEvents =  7687800
Applied WPlusJets qcd/ewk Weights correctly
          hist nEntries =  2813.0
          hist integral =  753.137731552
      Dataset =  HT2500ToInf  ||   nEvents =  3285704
Applied WPlusJets qcd/ewk Weights correctly
          hist nEntries =  21461.0
          hist integral =  9.37089609288
      Dataset =  HT800To1200  ||   nEvents =  7830536
Applied WPlusJets qcd/ewk Weights correctly
          hist nEntries =  22371.0
          hist integral =  153.599347591
-----------------------------
Total data background nEvents =  40010.0
Total data background integral =  40010.0
-----------------------------
Total MC background nEvents =  460753.0
Total MC background integral =  42188.477417
-----------------------------
Total tt+DM signal nEvents =  12460.0
Total tt+DM signal integral =  122.387522548
-----------------------------
Total t+DM signal nEvents =  2556.0
Total t+DM signal integral =  32.4455106854
-----------------------------
FOM for tt+DM signal =  0.595854491826
FOM for t+DM signal =  0.157963842056
-----------------------------
Data bin errors:
    bin 0: 0.0
    bin 1: 17.7482393493
    bin 2: 22.6936114358
    bin 3: 26.495282599
    bin 4: 31.2089730687
    bin 5: 37.349698794
    bin 6: 43.0581002832
    bin 7: 44.0681290731
    bin 8: 46.0651712251
    bin 9: 47.5184174821
    bin 10: 50.6951674225
    bin 11: 52.2876658496
    bin 12: 52.7730992078
    bin 13: 50.9116882454
    bin 14: 49.8598034493
    bin 15: 49.0815647672
    bin 16: 46.9680742633
    bin 17: 46.1302503787
    bin 18: 44.0
    bin 19: 43.4971263419
    bin 20: 39.9499687109
    bin 21: 33.5410196625
    bin 22: 27.440845468
    bin 23: 21.2837966538
    bin 24: 16.3707055437
-----------------------------
MC background bin errors:
    bin 0: 0.0
    bin 1: 25.323107493
    bin 2: 39.8759235183
    bin 3: 39.5650651498
    bin 4: 62.9815110828
    bin 5: 70.1597677535
    bin 6: 76.078570749
    bin 7: 66.6395333467
    bin 8: 72.9253693905
    bin 9: 65.3154020117
    bin 10: 64.6648607068
    bin 11: 70.9822681634
    bin 12: 71.3301771294
    bin 13: 75.3213272535
    bin 14: 68.1787820803
    bin 15: 66.0016139809
    bin 16: 77.7020484308
    bin 17: 68.4563305174
    bin 18: 65.8690422252
    bin 19: 68.6219230399
    bin 20: 67.1296522706
    bin 21: 61.1207571676
    bin 22: 45.9491086516
    bin 23: 34.9929152548
    bin 24: 22.0893891229
-----------------------------
tt+DM bin errors:
    bin 0: 0.0
    bin 1: 0.0699202353416
    bin 2: 0.107735374053
    bin 3: 0.135055055906
    bin 4: 0.157931161879
    bin 5: 0.199868192796
    bin 6: 0.225124Info in <TCanvas::Print>: png file plots/2018_QCDCR_debugging/RunII_plots/Jet_eta/08_25_2021/AH0lQR2016_Jet_eta[index_centralJets[0]]_08_25_2021_nofjets.png has been created
775316
    bin 7: 0.258384536701
    bin 8: 0.274361910777
    bin 9: 0.282822165925
    bin 10: 0.298308869291
    bin 11: 0.314738480879
    bin 12: 0.322440944956
    bin 13: 0.310638272127
    bin 14: 0.311530429826
    bin 15: 0.302808412777
    bin 16: 0.285311839439
    bin 17: 0.277417814707
    bin 18: 0.246240524615
    bin 19: 0.224526338981
    bin 20: 0.186220795113
    bin 21: 0.157625661002
    bin 22: 0.138990836457
    bin 23: 0.103796336899
    bin 24: 0.0612484089269
-----------------------------
t+DM bin errors:
    bin 0: 0.0
    bin 1: 0.0685119017212
    bin 2: 0.0785020602746
    bin 3: 0.076892471679
    bin 4: 0.12690654667
    bin 5: 0.137603878974
    bin 6: 0.146984622039
    bin 7: 0.156999576113
    bin 8: 0.164553191331
    bin 9: 0.170810541237
    bin 10: 0.188773364853
    bin 11: 0.176427731478
    bin 12: 0.177913359162
    bin 13: 0.181790094728
    bin 14: 0.177624946041
    bin 15: 0.180199003907
    bin 16: 0.184798732587
    bin 17: 0.155513560482
    bin 18: 0.154706820117
    bin 19: 0.143737810028
    bin 20: 0.129772909733
    bin 21: 0.114014497522
    bin 22: 0.0996393636536
    bin 23: 0.0840744170652
    bin 24: 0.0627291930506
-----------------------------
ZTo2Nu hist info:
    nEvents =  77209.0
    integral =  1991.00980091
tbar scalar hist info:
    nEvents =  2556.0
    integral =  32.4455106854
TTTo2L2Nu hist info:
    nEvents =  25948.0
    integral =  1020.04281807
singleTop hist info:
    nEvents =  9698.0
    integral =  1191.66629314
TTV hist info:
    nEvents =  64920.0
    integral =  111.956776917
bkgSum hist info:
    nEvents =  460753.0
    integral =  42188.477417
ttbar scalar hist info:
    nEvents =  12460.0
    integral =  122.387522548
VV hist info:
    nEvents =  12832.0
    integral =  263.808062792
QCD hist info:
    nEvents =  33419.0
    integral =  25145.0785675
ZTo2L hist info:
    nEvents =  16733.0
    integral =  163.393819094
data hist info:
    nEvents =  40010.0
    integral =  40010.0
WPlusJets hist info:
    nEvents =  113023.0
    integral =  3164.75496101
TTToSemiLepton hist info:
    nEvents =  106971.0
    integral =  9136.76647568
Finished filling histograms
Creating stacked MC background histogram...
Finished stacking MC background histograms.
Drawing histograms...
Finished drawing histograms
Drawing ratio plot...
Finished drawing ratio plot
Plotting end time: 2021-08-26 15:17:33.581745
