Plotting start time: 2021-09-21 17:04:56.199377
Cut name =  AH0lQR
MC Selection Cuts =  (nVetoElectrons + nLooseMuons) == 0 && njets >= 3 && nbjets >= 1 && METcorrected_pt >= 250 && ntaus == 0 && minDeltaPhi12 <= 0.8 && Flag_goodVertices && Flag_globalSuperTightHalo2016Filter && Flag_HBHENoiseFilter && Flag_HBHENoiseIsoFilter && Flag_EcalDeadCellTriggerPrimitiveFilter && Flag_BadPFMuonFilter && Flag_ecalBadCalibFilterV2 && Flag_eeBadScFilter && (HLT_PFMETNoMu120_PFMHTNoMu120_IDTight || HLT_PFMETNoMu120_PFMHTNoMu120_IDTight_PFHT60) && PV_npvsGood > 0 && PV_ndof > 4 && abs(PV_z) < 24 && sqrt(pow(PV_x,2)+pow(PV_y,2)) < 2 && ((METcorrected_phi <= -1.62) || (METcorrected_phi >= -0.82)) && nfjets >= 1
Data Selection Cuts =  (nVetoElectrons + nLooseMuons) == 0 && njets >= 3 && nbjets >= 1 && METcorrected_pt >= 250 && ntaus == 0 && minDeltaPhi12 <= 0.8 && Flag_goodVertices && Flag_globalSuperTightHalo2016Filter && Flag_HBHENoiseFilter && Flag_HBHENoiseIsoFilter && Flag_EcalDeadCellTriggerPrimitiveFilter && Flag_BadPFMuonFilter && Flag_ecalBadCalibFilterV2 && Flag_eeBadScFilter && (HLT_PFMETNoMu120_PFMHTNoMu120_IDTight || HLT_PFMETNoMu120_PFMHTNoMu120_IDTight_PFHT60) && PV_npvsGood > 0 && PV_ndof > 4 && abs(PV_z) < 24 && sqrt(pow(PV_x,2)+pow(PV_y,2)) < 2 && ((METcorrected_phi <= -1.62) || (METcorrected_phi >= -0.82)) && nfjets >= 1 && Flag_eeBadScFilter
var =  Jet_pt[index_centralJets[0]]/Jet_pt[index_forwardJets[0]]
year =  2018
lumi =  59.83
saveDirectory =  plots/2018_QCDCR_debugging/RunII_plots/Jet_pt_ratio/
date =  09_17_2021
Creating histograms..
Finished making systematic histogram dictionary
Drawing data and ratio plot...
Selected MET dataset
Loading data sample root files and event trees...
    nevents in filepath = /hdfs/store/user/vshang/MET_Run2018A/MET/ModuleCommonSkim_09072021/tree_all.root: 477672
    nevents in filepath = /hdfs/store/user/vshang/MET_Run2018B/MET/ModuleCommonSkim_09072021/tree_all.root: 240395
    nevents in filepath = /hdfs/store/user/vshang/MET_Run2018C/MET/ModuleCommonSkim_09072021/tree_all.root: 360265
    nevents in filepath = /hdfs/store/user/vshang/MET_Run2018D/MET/ModuleCommonSkim_09072021/tree_all.root: 1875529
    total nevents in  MET :  2953861
Got data sample root files and event trees
Loading MC sample root files and event trees...
    nevents in  ZTo2Nu   HT600To800 :  5748975
    nevents in  ZTo2Nu   HT1200To2500 :  343198
    nevents in  ZTo2Nu   HT100To200 :  23702894
    nevents in  ZTo2Nu   HT2500ToInf :  359639
    nevents in  ZTo2Nu   HT800To1200 :  2066798
    nevents in  ZTo2Nu   HT200To400 :  23276346
    nevents in  ZTo2Nu   HT400To600 :  9511100
    nevents in  WW   WWTo1L1Nu2Q :  4683136
    nevents in  WW   WWTo4Q :  3790800
    nevents in  WW   WWTo2L2Nu :  7758900
    nevents in  ttbarPlusJets   TTToSemiLepton :  300619998
    nevents in  ttbarPlusJets   TTTo2L2Nu :  64310000
    nevents in  ttbar scalar   ttDM_MChi1_MPhi100_scalar :  1842523
    nevents in  ZZ   ZZTo2Q2Nu :  57633049
    nevents in  ZZ   ZZTo4L :  124649500
    nevents in  ZZ   ZZTo2L2Q :  27900469
    nevents in  ZZ   ZZTo2L2Nu :  56428600
    nevents in  QCD   HT700To1000 :  48158738
    nevents in  QCD   HT500To700 :  55152960
    nevents in  QCD   HT2000ToInf :  5475677
    nevents in  QCD   HT1000To1500 :  15466225
    nevents in  QCD   HT1500To2000 :  10955087
    nevents in  QCD   HT100To200 :  93972378
    nevents in  QCD   HT300To500 :  54661579
    nevents in  QCD   HT200To300 :  54289442
    nevents in  WZ   WZTo2Q2Nu :  30887331
    nevents in  WZ   WZTo2L2Q :  28193648
    nevents in  WZ   WZTo3LNu :  11248318
    nevents in  WZ   WZTo1L3Nu :  1690064
    nevents in  WZ   WZTo1L1Nu2Q :  18273533
    nevents in  ttbar pseudoscalar   ttDM_MChi1_MPhi100_pseudo :  1607992
    nevents in  TTV   TTZToQQ :  9572000
    nevents in  TTV   TTWJetsToLNu :  4911941
    nevents in  TTV   TTWJetsToQQ :  835296
    nevents in  TTV   TTZToLLNuNu :  13280000
    nevents in  ZTo2L   HT600To800 :  8862104
    nevents in  ZTo2L   HT1200To2500 :  536416
    nevents in  ZTo2L   HT100To200 :  11530510
    neveInfo in <TCanvas::MakeDefCanvas>:  created default TCanvas with name c1
TFile::Append:0: RuntimeWarning: Replacing existing TH1: hist (Potential memory leak).
TFile::Append:0: RuntimeWarning: Replacing existing TH1: hist (Potential memory leak).
TFile::Append:0: RuntimeWarning: Replacing existing TH1: hist (Potential memory leak).
TFile::Append:0: RuntimeWarning: Replacing existing TH1: hist (Potential memory leak).
TFile::Append:0: RuntimeWarning: Replacing existing TH1: hist (Potential memory leak).
TFile::Append:0: RuntimeWarning: Replacing existing TH1: hist (Potential memory leak).
TFile::Append:0: RuntimeWarning: Replacing existing TH1: hist (Potential memory leak).
TFile::Append:0: RuntimeWarning: Replacing existing TH1: hist (Potential memory leak).
TFile::Append:0: RuntimeWarning: Replacing existing TH1: hist (Potential memory leak).
TFile::Append:0: RuntimeWarning: Replacing existing TH1: hist (Potential memory leak).
TFile::Append:0: RuntimeWarning: Replacing existing TH1: hist (Potential memory leak).
TFile::Append:0: RuntimeWarning: Replacing existing TH1: hist (Potential memory leak).
TFile::Append:0: RuntimeWarning: Replacing existing TH1: hist (Potential memory leak).
TFile::Append:0: RuntimeWarning: Replacing existing TH1: hist (Potential memory leak).
TFile::Append:0: RuntimeWarning: Replacing existing TH1: hist (Potential memory leak).
TFile::Append:0: RuntimeWarning: Replacing existing TH1: hist (Potential memory leak).
TFile::Append:0: RuntimeWarning: Replacing existing TH1: hist (Potential memory leak).
TFile::Append:0: RuntimeWarning: Replacing existing TH1: hist (Potential memory leak).
TFile::Append:0: RuntimeWarning: Replacing existing TH1: hist (Potential memory leak).
TFile::Append:0: RuntimeWarning: Replacing existing TH1: hist (Potential memory leak).
TFile::Append:0: RuntimeWarning: Replacing existing TH1: hist (Potential memory leak).
nts in  ZTo2L   HT2500ToInf :  427051
    nevents in  ZTo2L   HT800To1200 :  3138129
    nevents in  ZTo2L   HT200To400 :  10860690
    nevents in  ZTo2L   HT400To600 :  46161988
    nevents in  singleTop   ST_s-channel :  19890000
    nevents in  singleTop   ST_t-channel_antitop :  79090800
    nevents in  singleTop   ST_tW_top :  9598000
    nevents in  singleTop   ST_t-channel_top :  154307600
    nevents in  singleTop   ST_tW_antitop :  7527000
    nevents in  WPlusJets   HT200To400 :  25468933
    nevents in  WPlusJets   HT70To100 :  28084244
    nevents in  WPlusJets   HT600To800 :  19771294
    nevents in  WPlusJets   HT1200To2500 :  7633949
    nevents in  WPlusJets   HT100To200 :  29425374
    nevents in  WPlusJets   HT400To600 :  5932701
    nevents in  WPlusJets   HT2500ToInf :  3273980
    nevents in  WPlusJets   HT800To1200 :  8402687
Got MC sample root files and event trees
Filling histograms...
  Dataset =  MET  ||   nEvents =  2953861
    hist nEntries =  5980.0
    hist integral =  5980.0
    hist_data nEntries =  5980.0
    hist_data integral =  5980.0
    hist nEntries =  2953.0
    hist integral =  2953.0
    hist_data nEntries =  8933.0
    hist_data integral =  8933.0
    hist nEntries =  2934.0
    hist integral =  2934.0
    hist_data nEntries =  11867.0
    hist_data integral =  11867.0
    hist nEntries =  20891.0
    hist integral =  20891.0
    hist_data nEntries =  32758.0
    hist_data integral =  32758.0
  Process =  ZTo2Nu
      Dataset =  HT600To800  ||   nEvents =  5748975
Applied ZTo2Nu qcd/ewk Weights correctly
          hist nEntries =  4650.0
          hist integral =  187.059714453
      Dataset =  HT1200To2500  ||   nEvents =  343198
Applied ZTo2Nu qcd/ewk Weights correctly
          hist nEntries =  872.0
          hist integral =  55.9983019233
      Dataset =  HT100To200  ||   nEvents =  23702894
Applied ZTo2Nu qcd/ewk Weights correctly
          hist nEntries =  0.0
          hist integral =  0.0
      Dataset =  HT2500ToInf  ||   nEvents =  359639
Applied ZTo2Nu qcd/ewk Weights correctly
          hist nEntries =  1028.0
          hist integral =  0.994675592636
      Dataset =  HT800To1200  ||   nEvents =  2066798
Applied ZTo2Nu qcd/ewk Weights correctly
          hist nEntries =  3465.0
          hist integral =  168.474758983
      Dataset =  HT200To400  ||   nEvents =  23276346
Applied ZTo2Nu qcd/ewk Weights correctly
          hist nEntries =  127.0
          hist integral =  39.084556818
      Dataset =  HT400To600  ||   nEvents =  9511100
Applied ZTo2Nu qcd/ewk Weights correctly
          hist nEntries =  2026.0
          hist integral =  205.315409029
  Process =  WW
      Dataset =  WWTo1L1Nu2Q  ||   nEvents =  4683136
          hist nEntries =  43.0
          hist integral =  50.4432566315
      Dataset =  WWTo4Q  ||   nEvents =  3790800
          hist nEntries =  0.0
          hist integral =  0.0
      Dataset =  WWTo2L2Nu  ||   nEvents =  7758900
          hist nEntries =  16.0
          hist integral =  1.8107547909
  Process =  ttbarPlusJets
      Dataset =  TTToSemiLepton  ||   nEvents =  300619998
          hist nEntries =  63774.0
          hist integral =  4557.69208062
      Dataset =  TTTo2L2Nu  ||   nEvents =  64310000
          hist nEntries =  6786.0
          hist integral =  543.534538954
  Process =  ttbar scalar
      Dataset =  ttDM_MChi1_MPhi100_scalar  ||   nEvents =  1842523
          hist nEntries =  2624.0
          hist integral =  61.2550667562
  Process =  ZZ
      Dataset =  ZZTo2Q2Nu  ||   nEvents =  57633049
          hist nEntries =  1494.0
          hist integral =  7.24663765408
      Dataset =  ZZTo4L  ||   nEvents =  124649500
          hist nEntries =  25.0
          hist integral =  0.0210530561744
      Dataset =  ZZTo2L2Q  ||   nEvents =  27900469
          hist nEntries =  119.0
          hist integral =  1.165049545
      Dataset =  ZZTo2L2Nu  ||   nEvents =  56428600
          hist nEntries =  126.0
          hist integral =  0.0933695063832
  Process =  QCD
      Dataset =  HT700To1000  ||   nEvents =  48158738
          hisTFile::Append:0: RuntimeWarning: Replacing existing TH1: hist (Potential memory leak).
TFile::Append:0: RuntimeWarning: Replacing existing TH1: hist (Potential memory leak).
TFile::Append:0: RuntimeWarning: Replacing existing TH1: hist (Potential memory leak).
TFile::Append:0: RuntimeWarning: Replacing existing TH1: hist (Potential memory leak).
TFile::Append:0: RuntimeWarning: Replacing existing TH1: hist (Potential memory leak).
TFile::Append:0: RuntimeWarning: Replacing existing TH1: hist (Potential memory leak).
TFile::Append:0: RuntimeWarning: Replacing existing TH1: hist (Potential memory leak).
TFile::Append:0: RuntimeWarning: Replacing existing TH1: hist (Potential memory leak).
TFile::Append:0: RuntimeWarning: Replacing existing TH1: hist (Potential memory leak).
TFile::Append:0: RuntimeWarning: Replacing existing TH1: hist (Potential memory leak).
TFile::Append:0: RuntimeWarning: Replacing existing TH1: hist (Potential memory leak).
TFile::Append:0: RuntimeWarning: Replacing existing TH1: hist (Potential memory leak).
TFile::Append:0: RuntimeWarning: Replacing existing TH1: hist (Potential memory leak).
TFile::Append:0: RuntimeWarning: Replacing existing TH1: hist (Potential memory leak).
TFile::Append:0: RuntimeWarning: Replacing existing TH1: hist (Potential memory leak).
TFile::Append:0: RuntimeWarning: Replacing existing TH1: hist (Potential memory leak).
TFile::Append:0: RuntimeWarning: Replacing existing TH1: hist (Potential memory leak).
TFile::Append:0: RuntimeWarning: Replacing existing TH1: hist (Potential memory leak).
TFile::Append:0: RuntimeWarning: Replacing existing TH1: hist (Potential memory leak).
TFile::Append:0: RuntimeWarning: Replacing existing TH1: hist (Potential memory leak).
TFile::Append:0: RuntimeWarning: Replacing existing TH1: hist (Potential memory leak).
TFile::Append:0: RuntimeWarning: Replacing existing TH1: hist (Potential memory leak).
TFile::Append:0: RuntimeWarning: Replacing existing TH1: hist (Potential memory leak).
TFile::Append:0: RuntimeWarning: Replacing existing TH1: hist (Potential memory leak).
TFile::Append:0: RuntimeWarning: Replacing existing TH1: hist (Potential memory leak).
TFile::Append:0: RuntimeWarning: Replacing existing TH1: hist (Potential memory leak).
TFile::Append:0: RuntimeWarning: Replacing existing TH1: hist (Potential memory leak).
TFile::Append:0: RuntimeWarning: Replacing existing TH1: hist (Potential memory leak).
TFile::Append:0: RuntimeWarning: Replacing existing TH1: hist (Potential memory leak).
t nEntries =  285.0
          hist integral =  2203.77463531
      Dataset =  HT500To700  ||   nEvents =  55152960
          hist nEntries =  13.0
          hist integral =  362.28969574
      Dataset =  HT2000ToInf  ||   nEvents =  5475677
          hist nEntries =  2778.0
          hist integral =  621.695165634
      Dataset =  HT1000To1500  ||   nEvents =  15466225
          hist nEntries =  919.0
          hist integral =  3795.45441455
      Dataset =  HT1500To2000  ||   nEvents =  10955087
          hist nEntries =  2756.0
          hist integral =  1479.01521707
      Dataset =  HT100To200  ||   nEvents =  93972378
          hist nEntries =  0.0
          hist integral =  0.0
      Dataset =  HT300To500  ||   nEvents =  54661579
          hist nEntries =  0.0
          hist integral =  0.0
      Dataset =  HT200To300  ||   nEvents =  54289442
          hist nEntries =  0.0
          hist integral =  0.0
  Process =  WZ
      Dataset =  WZTo2Q2Nu  ||   nEvents =  30887331
          hist nEntries =  1409.0
          hist integral =  19.5384629406
      Dataset =  WZTo2L2Q  ||   nEvents =  28193648
          hist nEntries =  195.0
          hist integral =  3.26962740347
      Dataset =  WZTo3LNu  ||   nEvents =  11248318
          hist nEntries =  30.0
          hist integral =  1.07802471891
      Dataset =  WZTo1L3Nu  ||   nEvents =  1690064
          hist nEntries =  17.0
          hist integral =  2.14738393575
      Dataset =  WZTo1L1Nu2Q  ||   nEvents =  18273533
          hist nEntries =  557.0
          hist integral =  22.8574971147
  Process =  ttbar pseudoscalar
      Dataset =  ttDM_MChi1_MPhi100_pseudo  ||   nEvents =  1607992
          hist nEntries =  3722.0
          hist integral =  26.4477608614
  Process =  TTV
      Dataset =  TTZToQQ  ||   nEvents =  9572000
          hist nEntries =  5372.0
          hist integral =  17.043501352
      Dataset =  TTWJetsToLNu  ||   nEvents =  4911941
          hist nEntries =  2933.0
          hist integral =  7.69330299646
      Dataset =  TTWJetsToQQ  ||   nEvents =  835296
          hist nEntries =  661.0
          hist integral =  20.5297052618
      Dataset =  TTZToLLNuNu  ||   nEvents =  13280000
          hist nEntries =  18398.0
          hist integral =  20.0045452463
  Process =  ZTo2L
      Dataset =  HT600To800  ||   nEvents =  8862104
Applied ZTo2L qcd/ewk Weights correctly
          hist nEntries =  1812.0
          hist integral =  22.1269096886
      Dataset =  HT1200To2500  ||   nEvents =  536416
Applied ZTo2L qcd/ewk Weights correctly
          hist nEntries =  336.0
          hist integral =  6.48332410306
      Dataset =  HT100To200  ||   nEvents =  11530510
Applied ZTo2L qcd/ewk Weights correctly
          hist nEntries =  0.0
          hist integral =  0.0
      Dataset =  HT2500ToInf  ||   nEvents =  427051
Applied ZTo2L qcd/ewk Weights correctly
          hist nEntries =  293.0
          hist integral =  0.166159446817
      Dataset =  HT800To1200  ||   nEvents =  3138129
Applied ZTo2L qcd/ewk Weights correctly
          hist nEntries =  1440.0
          hist integral =  19.7996675149
      Dataset =  HT200To400  ||   nEvents =  10860690
Applied ZTo2L qcd/ewk Weights correctly
          hist nEntries =  12.0
          hist integral =  4.85725495219
      Dataset =  HT400To600  ||   nEvents =  46161988
Applied ZTo2L qcd/ewk Weights correctly
          hist nEntries =  1640.0
          hist integral =  18.0264430315
  Process =  singleTop
      Dataset =  ST_s-channel  ||   nEvents =  19890000
          hist nEntries =  1207.0
          hist integral =  13.3931535087
      Dataset =  ST_t-channel_antitop  ||   nEvents =  79090800
          hist nEntries =  1236.0
          hist integral =  63.1346495822
      Dataset =  ST_tW_top  ||   nEvents =  9598000
          hist nEntries =  743.0
          hist integral =  158.201752514
      Dataset =  ST_t-channel_top  ||   nEvents =  154307600
          hist nEntries =  4241.0
          hist integral =  184.763045825
      Dataset =  ST_tW_antitop  ||   nEvents =  7527000
          hist nEntriesTFile::Append:0: RuntimeWarning: Replacing existing TH1: hist (Potential memory leak).
TFile::Append:0: RuntimeWarning: Replacing existing TH1: hist (Potential memory leak).
TFile::Append:0: RuntimeWarning: Replacing existing TH1: hist (Potential memory leak).
TFile::Append:0: RuntimeWarning: Replacing existing TH1: hist (Potential memory leak).
TFile::Append:0: RuntimeWarning: Replacing existing TH1: hist (Potential memory leak).
TFile::Append:0: RuntimeWarning: Replacing existing TH1: hist (Potential memory leak).
TFile::Append:0: RuntimeWarning: Replacing existing TH1: hist (Potential memory leak).
TFile::Append:0: RuntimeWarning: Replacing existing TH1: hist (Potential memory leak).
 =  607.0
          hist integral =  169.091696262
  Process =  WPlusJets
      Dataset =  HT200To400  ||   nEvents =  25468933
Applied WPlusJets qcd/ewk Weights correctly
          hist nEntries =  59.0
          hist integral =  73.3715920448
      Dataset =  HT70To100  ||   nEvents =  28084244
Applied WPlusJets qcd/ewk Weights correctly
          hist nEntries =  0.0
          hist integral =  0.0
      Dataset =  HT600To800  ||   nEvents =  19771294
Applied WPlusJets qcd/ewk Weights correctly
          hist nEntries =  5459.0
          hist integral =  232.098946422
      Dataset =  HT1200To2500  ||   nEvents =  7633949
Applied WPlusJets qcd/ewk Weights correctly
          hist nEntries =  7133.0
          hist integral =  61.3704053909
      Dataset =  HT100To200  ||   nEvents =  29425374
Applied WPlusJets qcd/ewk Weights correctly
          hist nEntries =  0.0
          hist integral =  0.0
      Dataset =  HT400To600  ||   nEvents =  5932701
Applied WPlusJets qcd/ewk Weights correctly
          hist nEntries =  478.0
          hist integral =  321.735060275
      Dataset =  HT2500ToInf  ||   nEvents =  3273980
Applied WPlusJets qcd/ewk Weights correctly
          hist nEntries =  4413.0
          hist integral =  0.705185372324
      Dataset =  HT800To1200  ||   nEvents =  8402687
Applied WPlusJets qcd/ewk Weights correctly
          hist nEntries =  4465.0
          hist integral =  175.073911139
-----------------------------
Total data background nEvents =  32758.0
Total data background integral =  32758.0
-----------------------------
Total MC background nEvents =  156448.0
Total MC background integral =  15919.7244215
-----------------------------
Total tt+DM signal nEvents =  2624.0
Total tt+DM signal integral =  61.2550667562
-----------------------------
-----------------------------
FOM for tt+DM signal =  0.485483243394
-----------------------------
Data bin errors:
    bin 0: 0.0
    bin 1: 132.242202039
    bin 2: 54.0647759637
    bin 3: 53.8330753348
    bin 4: 48.2493523273
    bin 5: 44.226688775
    bin 6: 38.6005181312
    bin 7: 32.6955654485
    bin 8: 26.9814751265
    bin 9: 22.4499443206
    bin 10: 19.8997487421
    bin 11: 17.2046505341
    bin 12: 13.8202749611
    bin 13: 11.2694276696
    bin 14: 9.94987437107
    bin 15: 8.88819441732
    bin 16: 7.61577310586
    bin 17: 6.8556546004
    bin 18: 5.0
    bin 19: 4.0
    bin 20: 3.60555127546
-----------------------------
MC background bin errors:
    bin 0: 0.0
    bin 1: 138.057414194
    bin 2: 76.7683051456
    bin 3: 84.8677569569
    bin 4: 69.6638493277
    bin 5: 66.6056283551
    bin 6: 58.1993429355
    bin 7: 47.6357271315
    bin 8: 39.0119200127
    bin 9: 30.1567331729
    bin 10: 26.3429984093
    bin 11: 15.6541529845
    bin 12: 16.6043302113
    bin 13: 10.08844721
    bin 14: 6.88345980807
    bin 15: 8.07334174723
    bin 16: 3.98752708509
    bin 17: 3.42007788909
    bin 18: 2.44537469678
    bin 19: 1.99912615784
    bin 20: 2.34152707374
-----------------------------
tt+DM bin errors:
    bin 0: 0.0
    bin 1: 0.547695018002
    bin 2: 0.534033861276
    bin 3: 0.543995398836
    bin 4: 0.446977727212
    bin 5: 0.391972039333
    bin 6: 0.338444750264
    bin 7: 0.335783525116
    bin 8: 0.238071307458
    bin 9: 0.198183898772
    bin 10: 0.165143049555
    bin 11: 0.133950431635
    bin 12: 0.123508178915
    bin 13: 0.0778271285612
    bin 14: 0.0751342440074
    bin 15: 0.0727617111317
    bin 16: 0.0637070954136
    bin 17: 0.0640289713776
    bin 18: 0.0513842856808
    bin 19: 0.0261760834725
    bin 20: 0.0
-----------------------------
-----------------------------
ttbar pseudoscalar hist info:
    nEvents =  3722.0
    integral =  26.4477608614
ZTo2Nu hist info:
    nEvents =  12168.0
    integral =  656.927421808
TTTo2L2Nu hist info:
    nEvents =  6786.0
    integral =  543.534538954
singleTop hist info:
    nEvents =  8034.0
    integral =  588.584304973
TTV hist info:
    nEvents =  27364.0
    integral =  65.2710542679
bkgSum hist info:
    nEvents =  156448.0
    integral =  15919.7244215
ttbar sInfo in <TCanvas::Print>: png file plots/2018_QCDCR_debugging/RunII_plots/Jet_pt_ratio/09_17_2021/AH0lQR2018_Jet_pt[index_centralJets[0]]overJet_pt[index_forwardJets[0]]_09_17_2021_withHEMfix.png has been created
calar hist info:
    nEvents =  2624.0
    integral =  61.2550667562
VV hist info:
    nEvents =  4031.0
    integral =  109.671114884
QCD hist info:
    nEvents =  6751.0
    integral =  8462.22902012
ZTo2L hist info:
    nEvents =  5533.0
    integral =  71.459758006
data hist info:
    nEvents =  32758.0
    integral =  32758.0
WPlusJets hist info:
    nEvents =  22007.0
    integral =  864.355108529
TTToSemiLepton hist info:
    nEvents =  63774.0
    integral =  4557.69208062
Finished filling histograms
Creating stacked MC background histogram...
Finished stacking MC background histograms.
Drawing histograms...
Finished drawing histograms
Drawing ratio plot...
Finished drawing ratio plot
Plotting end time: 2021-09-21 17:15:36.553381
