plots/plot.py:986: SyntaxWarning: name 'counter' is used prior to global declaration
  global counter
Plotting start time: 2023-02-17 10:40:41.347697
Cut name =  AH0l1fSR
MC Selection Cuts =  (nVetoElectrons + nLooseMuons) == 0 && njets >= 3 && nbjets == 1 && METcorrected_pt >= 250 && ntaus == 0 && minDeltaPhi > 0.4 && Flag_goodVertices && Flag_globalSuperTightHalo2016Filter && Flag_HBHENoiseFilter && Flag_HBHENoiseIsoFilter && Flag_EcalDeadCellTriggerPrimitiveFilter && Flag_BadPFMuonFilter && Flag_ecalBadCalibFilterV2 && (HLT_PFMETNoMu120_PFMHTNoMu120_IDTight || HLT_PFMETNoMu120_PFMHTNoMu120_IDTight_PFHT60) && PV_npvsGood > 0 && PV_ndof > 4 && abs(PV_z) < 24 && sqrt(pow(PV_x,2)+pow(PV_y,2)) < 2 && ((METcorrected_phi <= -1.62) || (METcorrected_phi >= -0.82)) && nfjets >= 1 && minDeltaPhi12 >= 0.8 && M_Tb >= 140 && noB2Bleadingfjet
Data Selection Cuts =  (nVetoElectrons + nLooseMuons) == 0 && njets >= 3 && nbjets == 1 && METcorrected_pt >= 250 && ntaus == 0 && minDeltaPhi > 0.4 && Flag_goodVertices && Flag_globalSuperTightHalo2016Filter && Flag_HBHENoiseFilter && Flag_HBHENoiseIsoFilter && Flag_EcalDeadCellTriggerPrimitiveFilter && Flag_BadPFMuonFilter && Flag_ecalBadCalibFilterV2 && (HLT_PFMETNoMu120_PFMHTNoMu120_IDTight || HLT_PFMETNoMu120_PFMHTNoMu120_IDTight_PFHT60) && PV_npvsGood > 0 && PV_ndof > 4 && abs(PV_z) < 24 && sqrt(pow(PV_x,2)+pow(PV_y,2)) < 2 && ((METcorrected_phi <= -1.62) || (METcorrected_phi >= -0.82)) && nfjets >= 1 && minDeltaPhi12 >= 0.8 && M_Tb >= 140 && noB2Bleadingfjet && Flag_eeBadScFilter
var =  Jet_phi[index_centralJets[1]]
year =  2018
lumi =  59.74
saveDirectory =  plots/SR_2018/METcorrected_pt/
date =  02_16_2023
applying HEM fix for 2018...
Creating histograms..
Histogram options: 
    nbins =  16
    xmin =  0
    xmax =  3.2
    auto_y =  True
    doLogPlot =  False
    drawData =  True
    mediatorType =  scalar
    mchi =  1
    mphi =  100
    normalizePlots =  False
    doBinned =  False
    savePlots =  True
    combineEleMu =  True
    doSys =  False
    doSysFirstHalf =  False
    doSysSecondHalf =  False
    drawOverflow =  True
    drawUnderflow =  False
    plotSys =  False
    plotSysVar =  CMS_trig_m
    plotSysSignal =  False
Drawing data and ratio plot...
Selected MET dataset
Loading data sample root files and event trees...
    ----Loading /hdfs/store/user/vshang/MET_Run2018A/MET/ModuleCommonSkim_11102022/tree_all.root
    ----Loading /hdfs/store/user/vshang/MET_Run2018B/MET/ModuleCommonSkim_11102022/tree_all.root
    ----Loading /hdfs/store/user/vshang/MET_Run2018C/MET/ModuleCommonSkim_11102022/tree_all.root
    ----Loading /hdfs/store/user/vshang/MET_Run2018D/MET/ModuleCommonSkim_11102022/tree_all.root
    total nevents in  MET :  3632470
Got data sample root files and event trees
Loading MC sample root files and event trees...
Loading process:  ZTo2Nu
    ----Loading 2LHEZpT50-150
    nevents in  ZTo2Nu   2LHEZpT50-150 :  6262379
    ----Loading 1LHEZpT250-400
    nevents in  ZTo2Nu   1LHEZpT250-400 :  11226042
    ----Loading 2LHEZpT250-400
    nevents in  ZTo2Nu   2LHEZpT250-400 :  3967083
    ----Loading 1LHEZpT150-250
    nevents in  ZTo2Nu   1LHEZpT150-250 :  26405969
    ----Loading 2LHEZpT400-inf
    nevents in  ZTo2Nu   2LHEZpT400-inf :  8082507
    ----Loading 1LHEZpT400-inf
    nevents in  ZTo2Nu   1LHEZpT400-inf :  1840421
    ----Loading 1LHEZpT50-150
    nevents in  ZTo2Nu   1LHEZpT50-150 :  6153631
    ----Loading 2LHEZpT150-250
    nevents in  ZTo2Nu   2LHEZpT150-250 :  42108287
Loading process:  tbar scalar
    ----Loading tChan_MChi1_MPhi100_scalar
    nevents in  tbar scalar   tChan_MChi1_MPhi100_scalar :  310000
    ----Loading tWChan_MChi1_MPhi100_scalar
    nevents in  tbar scalar   tWChan_MChi1_MPhi100_scalar :  143000
Loading process:  TTV
    ----Loading TTZToQQ
    nevents in  TTV   TTZToQQ :  4543958
    ----Loading TTWJetsToLNu
    nevents in  TTV   TTWJetsToLNu :  2686095
    ----Loading TTWJetsToQQ
    nevents in  TTV   TTWJetsToQQ :  458226
    ----Loading TTZToLLNuNu
    nevents in  TTV   TTZToLLNuNu :  6274046
Loading process:  WW
    ----Loading WWTo1L1Nu2Q
    nevents in  WW   WWTo1L1Nu2Q :  2941220
    ----Loading WWTo4Q
    nevents in  Info in <TCanvas::MakeDefCanvas>:  created default TCanvas with name c1
TFile::Append:0: RuntimeWarning: Replacing existing TH1: hist (Potential memory leak).
TFile::Append:0: RuntimeWarning: Replacing existing TH1: hist (Potential memory leak).
WW   WWTo4Q :  3776486
    ----Loading WWTo2L2Nu
    nevents in  WW   WWTo2L2Nu :  7729266
Loading process:  ttbarPlusJets
    ----Loading TTToSemiLepton
    nevents in  ttbarPlusJets   TTToSemiLepton :  298193168
    ----Loading TTTo2L2Nu
    nevents in  ttbarPlusJets   TTTo2L2Nu :  63791484
Loading process:  ttbar scalar
    ----Loading ttDM_MChi1_MPhi100_scalar
    nevents in  ttbar scalar   ttDM_MChi1_MPhi100_scalar :  1839899
Loading process:  ZZ
    ----Loading ZZTo2Q2Nu
    nevents in  ZZ   ZZTo2Q2Nu :  36391519
    ----Loading ZZTo4L
    nevents in  ZZ   ZZTo4L :  123387004
    ----Loading ZZTo2L2Q
    nevents in  ZZ   ZZTo2L2Q :  17815223
    ----Loading ZZTo2L2Nu
    nevents in  ZZ   ZZTo2L2Nu :  56356048
Loading process:  QCD
    ----Loading Pt170to300
    nevents in  QCD   Pt170to300 :  29710000
    ----Loading Pt15to30
    nevents in  QCD   Pt15to30 :  19451000
    ----Loading Pt800to1000
    nevents in  QCD   Pt800to1000 :  36062000
    ----Loading Pt600to800
    nevents in  QCD   Pt600to800 :  64061000
    ----Loading Pt120to170
    nevents in  QCD   Pt120to170 :  25255000
    ----Loading Pt1000to1400
    nevents in  QCD   Pt1000to1400 :  18485000
    ----Loading Pt1400to1800
    nevents in  QCD   Pt1400to1800 :  6928000
    ----Loading Pt50to80
    nevents in  QCD   Pt50to80 :  25580000
    ----Loading Pt1800to2400
    nevents in  QCD   Pt1800to2400 :  4017800
    ----Loading Pt3200toInf
    nevents in  QCD   Pt3200toInf :  925000
    ----Loading Pt2400to3200
    nevents in  QCD   Pt2400to3200 :  2394000
    ----Loading Pt80to120
    nevents in  QCD   Pt80to120 :  29535000
    ----Loading Pt30to50
    nevents in  QCD   Pt30to50 :  18488000
    ----Loading Pt470to600
    nevents in  QCD   Pt470to600 :  42459973
    ----Loading Pt300to470
    nevents in  QCD   Pt300to470 :  41744000
Loading process:  ZTo2L
    ----Loading 2LHEZpT50-150
    nevents in  ZTo2L   2LHEZpT50-150 :  7396689
    ----Loading 1LHEZpT250-400
    nevents in  ZTo2L   1LHEZpT250-400 :  4772527
    ----Loading 2LHEZpT250-400
    nevents in  ZTo2L   2LHEZpT250-400 :  5986226
    ----Loading 1LHEZpT150-250
    nevents in  ZTo2L   1LHEZpT150-250 :  8123432
    ----Loading 2LHEZpT400-inf
    nevents in  ZTo2L   2LHEZpT400-inf :  1117339
    ----Loading 1LHEZpT400-inf
    nevents in  ZTo2L   1LHEZpT400-inf :  858544
    ----Loading 1LHEZpT50-150
    nevents in  ZTo2L   1LHEZpT50-150 :  5285022
    ----Loading 2LHEZpT150-250
    nevents in  ZTo2L   2LHEZpT150-250 :  14239483
Loading process:  singleTop
    ----Loading ST_s-channel
    nevents in  singleTop   ST_s-channel :  12403008
    ----Loading ST_t-channel_antitop
    nevents in  singleTop   ST_t-channel_antitop :  74227130
    ----Loading ST_t-channel_top
    nevents in  singleTop   ST_t-channel_top :  144094782
    ----Loading ST_tW_top
    nevents in  singleTop   ST_tW_top :  9553912
    ----Loading ST_tW_antitop
    nevents in  singleTop   ST_tW_antitop :  7492620
Loading process:  WZ
    ----Loading WZTo2Q2Nu
    nevents in  WZ   WZTo2Q2Nu :  18549507
    ----Loading WZTo3LNu
    nevents in  WZ   WZTo3LNu :  7049958
    ----Loading WZTo1L1Nu2Q
    nevents in  WZ   WZTo1L1Nu2Q :  10874643
    ----Loading WZTo1L3Nu
    nevents in  WZ   WZTo1L3Nu :  920352
    ----Loading WZTo2L2Q
    nevents in  WZ   WZTo2L2Q :  17048434
Loading process:  WPlusJets
    ----Loading Pt50To100
    nevents in  WPlusJets   Pt50To100 :  7275588
    ----Loading Pt250To400
    nevents in  WPlusJets   Pt250To400 :  3801794
    ----Loading Pt600ToInf
    nevents in  WPlusJets   Pt600ToInf :  1634340
    ----Loading Pt100To250
    nevents in  WPlusJets   Pt100To250 :  187329833
    ----Loading Pt400To600
    nevents in  WPlusJets   Pt400To600 :  4988448
Got MC sample root files and event trees
Filling data histograms...
  Dataset =  MET  ||   nEvents =  3632470
    hist nEntries =  1588.0
    hist integral =  717.0
    hist_data nEntries =  1588.0
    hist_data integral =  717.0
    hist nEntries =  770.0
    hist integral =  363.0
    hist_data nEntries =  2358.0
    hist_data integral =  1080.0
    hist nEntriesTFile::Append:0: RuntimeWarning: Replacing existing TH1: hist (Potential memory leak).
TFile::Append:0: RuntimeWarning: Replacing existing TH1: hist (Potential memory leak).
TFile::Append:0: RuntimeWarning: Replacing existing TH1: hist (Potential memory leak).
TFile::Append:0: RuntimeWarning: Replacing existing TH1: hist (Potential memory leak).
TFile::Append:0: RuntimeWarning: Replacing existing TH1: hist (Potential memory leak).
TFile::Append:0: RuntimeWarning: Replacing existing TH1: hist (Potential memory leak).
TFile::Append:0: RuntimeWarning: Replacing existing TH1: hist (Potential memory leak).
TFile::Append:0: RuntimeWarning: Replacing existing TH1: hist (Potential memory leak).
TFile::Append:0: RuntimeWarning: Replacing existing TH1: hist (Potential memory leak).
TFile::Append:0: RuntimeWarning: Replacing existing TH1: hist (Potential memory leak).
TFile::Append:0: RuntimeWarning: Replacing existing TH1: hist (Potential memory leak).
TFile::Append:0: RuntimeWarning: Replacing existing TH1: hist (Potential memory leak).
TFile::Append:0: RuntimeWarning: Replacing existing TH1: hist (Potential memory leak).
 =  779.0
    hist integral =  355.0
    hist_data nEntries =  3137.0
    hist_data integral =  1435.0
    hist nEntries =  3747.0
    hist integral =  1694.0
    hist_data nEntries =  6884.0
    hist_data integral =  3129.0
Filling MC histograms...
  Process =  ZTo2Nu
      Dataset =  2LHEZpT50-150  ||   nEvents =  6262379
Applied ZTo2Nu ewk Weights correctly
          hist weight =  3.11274070126*leptonWeight*bjetWeight*puWeight*muonTriggerWeight*EE_L1_prefire_Weight*electronTriggerWeight*genWeightSign*METTriggerWeight*ewkZWeight
          hist nEntries =  9.0
          hist integral =  7.69864633679
      Dataset =  1LHEZpT250-400  ||   nEvents =  11226042
Applied ZTo2Nu ewk Weights correctly
          hist weight =  0.0109145093168*leptonWeight*bjetWeight*puWeight*muonTriggerWeight*EE_L1_prefire_Weight*electronTriggerWeight*genWeightSign*METTriggerWeight*ewkZWeight
          hist nEntries =  158.0
          hist integral =  0.364145826665
      Dataset =  2LHEZpT250-400  ||   nEvents =  3967083
Applied ZTo2Nu ewk Weights correctly
          hist weight =  0.0779148709518*leptonWeight*bjetWeight*puWeight*muonTriggerWeight*EE_L1_prefire_Weight*electronTriggerWeight*genWeightSign*METTriggerWeight*ewkZWeight
          hist nEntries =  28424.0
          hist integral =  382.040115356
      Dataset =  1LHEZpT150-250  ||   nEvents =  26405969
Applied ZTo2Nu ewk Weights correctly
          hist weight =  0.040813105552*leptonWeight*bjetWeight*puWeight*muonTriggerWeight*EE_L1_prefire_Weight*electronTriggerWeight*genWeightSign*METTriggerWeight*ewkZWeight
          hist nEntries =  35.0
          hist integral =  0.105191193521
      Dataset =  2LHEZpT400-inf  ||   nEvents =  8082507
Applied ZTo2Nu ewk Weights correctly
          hist weight =  0.00626188483351*leptonWeight*bjetWeight*puWeight*muonTriggerWeight*EE_L1_prefire_Weight*electronTriggerWeight*genWeightSign*METTriggerWeight*ewkZWeight
          hist nEntries =  91780.0
          hist integral =  103.115408421
      Dataset =  1LHEZpT400-inf  ||   nEvents =  1840421
Applied ZTo2Nu ewk Weights correctly
          hist weight =  0.00730673796919*leptonWeight*bjetWeight*puWeight*muonTriggerWeight*EE_L1_prefire_Weight*electronTriggerWeight*genWeightSign*METTriggerWeight*ewkZWeight
          hist nEntries =  31.0
          hist integral =  0.0246226284653
      Dataset =  1LHEZpT50-150  ||   nEvents =  6153631
Applied ZTo2Nu ewk Weights correctly
          hist weight =  5.81417475308*leptonWeight*bjetWeight*puWeight*muonTriggerWeight*EE_L1_prefire_Weight*electronTriggerWeight*genWeightSign*METTriggerWeight*ewkZWeight
          hist nEntries =  0.0
          hist integral =  0.0
      Dataset =  2LHEZpT150-250  ||   nEvents =  42108287
Applied ZTo2Nu ewk Weights correctly
          hist weight =  0.0419942041337*leptonWeight*bjetWeight*puWeight*muonTriggerWeight*EE_L1_prefire_Weight*electronTriggerWeight*genWeightSign*METTriggerWeight*ewkZWeight
          hist nEntries =  21741.0
          hist integral =  158.156448841
  Process =  tbar scalar
      Dataset =  tChan_MChi1_MPhi100_scalar  ||   nEvents =  310000
          hist weight =  0.054883716129*leptonWeight*bjetWeight*puWeight*muonTriggerWeight*EE_L1_prefire_Weight*electronTriggerWeight*genWeightSign*METTriggerWeight
          hist nEntries =  2635.0
          hist integral =  61.7401072979
      Dataset =  tWChan_MChi1_MPhi100_scalar  ||   nEvents =  143000
          hist weight =  0.0229518573427*leptonWeight*bjetWeight*puWeight*muonTriggerWeight*EE_L1_prefire_Weight*electronTriggerWeight*genWeightSign*METTriggerWeight
          hist nEntries =  1119.0
          hist integral =  11.1269042194
  Process =  TTV
      Dataset =  TTZToQQ  ||   nEvents =  4543958
          hist weight =  0.00671029441733*leptonWeight*bjetWeight*puWeight*muonTriggerWeight*EE_L1_prefire_Weight*electronTriggerWeight*genWeightSign*METTriggerWeight
          hist nEntries =  1568.0
          hist integral =  1.88542818464
      Dataset =  TTWJetsToLNu  ||   nEvents =  2686095
          hist weight =  0.00477947578176*leptonWeight*bjetWeight*pTFile::Append:0: RuntimeWarning: Replacing existing TH1: hist (Potential memory leak).
TFile::Append:0: RuntimeWarning: Replacing existing TH1: hist (Potential memory leak).
TFile::Append:0: RuntimeWarning: Replacing existing TH1: hist (Potential memory leak).
TFile::Append:0: RuntimeWarning: Replacing existing TH1: hist (Potential memory leak).
TFile::Append:0: RuntimeWarning: Replacing existing TH1: hist (Potential memory leak).
TFile::Append:0: RuntimeWarning: Replacing existing TH1: hist (Potential memory leak).
TFile::Append:0: RuntimeWarning: Replacing existing TH1: hist (Potential memory leak).
TFile::Append:0: RuntimeWarning: Replacing existing TH1: hist (Potential memory leak).
TFile::Append:0: RuntimeWarning: Replacing existing TH1: hist (Potential memory leak).
TFile::Append:0: RuntimeWarning: Replacing existing TH1: hist (Potential memory leak).
TFile::Append:0: RuntimeWarning: Replacing existing TH1: hist (Potential memory leak).
TFile::Append:0: RuntimeWarning: Replacing existing TH1: hist (Potential memory leak).
TFile::Append:0: RuntimeWarning: Replacing existing TH1: hist (Potential memory leak).
uWeight*muonTriggerWeight*EE_L1_prefire_Weight*electronTriggerWeight*genWeightSign*METTriggerWeight
          hist nEntries =  2640.0
          hist integral =  2.63584901206
      Dataset =  TTWJetsToQQ  ||   nEvents =  458226
          hist weight =  0.0562687058351*leptonWeight*bjetWeight*puWeight*muonTriggerWeight*EE_L1_prefire_Weight*electronTriggerWeight*genWeightSign*METTriggerWeight
          hist nEntries =  154.0
          hist integral =  2.44352121279
      Dataset =  TTZToLLNuNu  ||   nEvents =  6274046
          hist weight =  0.00231569357317*leptonWeight*bjetWeight*puWeight*muonTriggerWeight*EE_L1_prefire_Weight*electronTriggerWeight*genWeightSign*METTriggerWeight
          hist nEntries =  49417.0
          hist integral =  21.6642744541
  Process =  WW
      Dataset =  WWTo1L1Nu2Q  ||   nEvents =  2941220
          hist weight =  1.63993431297*leptonWeight*bjetWeight*puWeight*muonTriggerWeight*EE_L1_prefire_Weight*electronTriggerWeight*genWeightSign*METTriggerWeight
          hist nEntries =  57.0
          hist integral =  3.25205862522
      Dataset =  WWTo4Q  ||   nEvents =  3776486
          hist weight =  0.755037937384*leptonWeight*bjetWeight*puWeight*muonTriggerWeight*EE_L1_prefire_Weight*electronTriggerWeight*genWeightSign*METTriggerWeight
          hist nEntries =  0.0
          hist integral =  0.0
      Dataset =  WWTo2L2Nu  ||   nEvents =  7729266
          hist weight =  0.0856380411801*leptonWeight*bjetWeight*puWeight*muonTriggerWeight*EE_L1_prefire_Weight*electronTriggerWeight*genWeightSign*METTriggerWeight
          hist nEntries =  13.0
          hist integral =  0.965174235404
  Process =  ttbarPlusJets
      Dataset =  TTToSemiLepton  ||   nEvents =  298193168
          hist weight =  0.0729938554461*leptonWeight*bjetWeight*puWeight*muonTriggerWeight*EE_L1_prefire_Weight*electronTriggerWeight*genWeightSign*METTriggerWeight
          hist nEntries =  36402.0
          hist integral =  1079.29195404
      Dataset =  TTTo2L2Nu  ||   nEvents =  63791484
          hist weight =  0.0817648230287*leptonWeight*bjetWeight*puWeight*muonTriggerWeight*EE_L1_prefire_Weight*electronTriggerWeight*genWeightSign*METTriggerWeight
          hist nEntries =  2830.0
          hist integral =  98.6716742516
  Process =  ttbar scalar
      Dataset =  ttDM_MChi1_MPhi100_scalar  ||   nEvents =  1839899
          hist weight =  0.0234644976708*leptonWeight*bjetWeight*puWeight*muonTriggerWeight*EE_L1_prefire_Weight*electronTriggerWeight*genWeightSign*METTriggerWeight*GenModel__TTbarDMJets_Inclusive_scalar_LO_Mchi_1_Mphi_100_TuneCP5_13TeV_madgraph_mcatnlo_pythia8
          hist nEntries =  3978.0
          hist integral =  40.6908955574
  Process =  ZZ
      Dataset =  ZZTo2Q2Nu  ||   nEvents =  36391519
          hist weight =  0.00749222256977*leptonWeight*bjetWeight*puWeight*muonTriggerWeight*EE_L1_prefire_Weight*electronTriggerWeight*genWeightSign*METTriggerWeight
          hist nEntries =  7253.0
          hist integral =  11.5872148275
      Dataset =  ZZTo4L  ||   nEvents =  123387004
          hist weight =  0.000641522181704*leptonWeight*bjetWeight*puWeight*muonTriggerWeight*EE_L1_prefire_Weight*electronTriggerWeight*genWeightSign*METTriggerWeight
          hist nEntries =  9.0
          hist integral =  0.00388226000359
      Dataset =  ZZTo2L2Q  ||   nEvents =  17815223
          hist weight =  0.0123670144348*leptonWeight*bjetWeight*puWeight*muonTriggerWeight*EE_L1_prefire_Weight*electronTriggerWeight*genWeightSign*METTriggerWeight
          hist nEntries =  44.0
          hist integral =  0.239368305542
      Dataset =  ZZTo2L2Nu  ||   nEvents =  56356048
          hist weight =  0.000598289929769*leptonWeight*bjetWeight*puWeight*muonTriggerWeight*EE_L1_prefire_Weight*electronTriggerWeight*genWeightSign*METTriggerWeight
          hist nEntries =  463.0
          hist integral =  0.139369499404
  Process =  QCD
      Dataset =  Pt170to300  ||   nEvents =  29710000
          hist weight =  207.712622013*leptonWeight*bjetWeight*puWeight*muonTriggerWeight*EE_L1_prefire_Weight*electronTriggerWeight*genWeTFile::Append:0: RuntimeWarning: Replacing existing TH1: hist (Potential memory leak).
TFile::Append:0: RuntimeWarning: Replacing existing TH1: hist (Potential memory leak).
TFile::Append:0: RuntimeWarning: Replacing existing TH1: hist (Potential memory leak).
TFile::Append:0: RuntimeWarning: Replacing existing TH1: hist (Potential memory leak).
TFile::Append:0: RuntimeWarning: Replacing existing TH1: hist (Potential memory leak).
TFile::Append:0: RuntimeWarning: Replacing existing TH1: hist (Potential memory leak).
TFile::Append:0: RuntimeWarning: Replacing existing TH1: hist (Potential memory leak).
TFile::Append:0: RuntimeWarning: Replacing existing TH1: hist (Potential memory leak).
TFile::Append:0: RuntimeWarning: Replacing existing TH1: hist (Potential memory leak).
TFile::Append:0: RuntimeWarning: Replacing existing TH1: hist (Potential memory leak).
TFile::Append:0: RuntimeWarning: Replacing existing TH1: hist (Potential memory leak).
TFile::Append:0: RuntimeWarning: Replacing existing TH1: hist (Potential memory leak).
TFile::Append:0: RuntimeWarning: Replacing existing TH1: hist (Potential memory leak).
TFile::Append:0: RuntimeWarning: Replacing existing TH1: hist (Potential memory leak).
ightSign*METTriggerWeight
          hist nEntries =  0.0
          hist integral =  0.0
      Dataset =  Pt15to30  ||   nEvents =  19451000
          hist weight =  3832991.61997*leptonWeight*bjetWeight*puWeight*muonTriggerWeight*EE_L1_prefire_Weight*electronTriggerWeight*genWeightSign*METTriggerWeight
          hist nEntries =  0.0
          hist integral =  0.0
      Dataset =  Pt800to1000  ||   nEvents =  36062000
          hist weight =  0.0436014863291*leptonWeight*bjetWeight*puWeight*muonTriggerWeight*EE_L1_prefire_Weight*electronTriggerWeight*genWeightSign*METTriggerWeight
          hist nEntries =  27.0
          hist integral =  0.565120177343
      Dataset =  Pt600to800  ||   nEvents =  64061000
          hist weight =  0.146037120869*leptonWeight*bjetWeight*puWeight*muonTriggerWeight*EE_L1_prefire_Weight*electronTriggerWeight*genWeightSign*METTriggerWeight
          hist nEntries =  37.0
          hist integral =  3.4643536061
      Dataset =  Pt120to170  ||   nEvents =  25255000
          hist weight =  962.27408434*leptonWeight*bjetWeight*puWeight*muonTriggerWeight*EE_L1_prefire_Weight*electronTriggerWeight*genWeightSign*METTriggerWeight
          hist nEntries =  0.0
          hist integral =  0.0
      Dataset =  Pt1000to1400  ||   nEvents =  18485000
          hist weight =  0.024238571815*leptonWeight*bjetWeight*puWeight*muonTriggerWeight*EE_L1_prefire_Weight*electronTriggerWeight*genWeightSign*METTriggerWeight
          hist nEntries =  29.0
          hist integral =  0.313911079429
      Dataset =  Pt1400to1800  ||   nEvents =  6928000
          hist weight =  0.00558682823326*leptonWeight*bjetWeight*puWeight*muonTriggerWeight*EE_L1_prefire_Weight*electronTriggerWeight*genWeightSign*METTriggerWeight
          hist nEntries =  10.0
          hist integral =  0.0416539339349
      Dataset =  Pt50to80  ||   nEvents =  25580000
          hist weight =  36619.3588741*leptonWeight*bjetWeight*puWeight*muonTriggerWeight*EE_L1_prefire_Weight*electronTriggerWeight*genWeightSign*METTriggerWeight
          hist nEntries =  0.0
          hist integral =  0.0
      Dataset =  Pt1800to2400  ||   nEvents =  4017800
          hist weight =  0.00129581885609*leptonWeight*bjetWeight*puWeight*muonTriggerWeight*EE_L1_prefire_Weight*electronTriggerWeight*genWeightSign*METTriggerWeight
          hist nEntries =  6.0
          hist integral =  0.00466637068894
      Dataset =  Pt3200toInf  ||   nEvents =  925000
          hist weight =  8.71235243243e-06*leptonWeight*bjetWeight*puWeight*muonTriggerWeight*EE_L1_prefire_Weight*electronTriggerWeight*genWeightSign*METTriggerWeight
          hist nEntries =  3.0
          hist integral =  1.36260796353e-05
      Dataset =  Pt2400to3200  ||   nEvents =  2394000
          hist weight =  0.000130809139515*leptonWeight*bjetWeight*puWeight*muonTriggerWeight*EE_L1_prefire_Weight*electronTriggerWeight*genWeightSign*METTriggerWeight
          hist nEntries =  9.0
          hist integral =  0.00018643288422
      Dataset =  Pt80to120  ||   nEvents =  29535000
          hist weight =  4724.99204334*leptonWeight*bjetWeight*puWeight*muonTriggerWeight*EE_L1_prefire_Weight*electronTriggerWeight*genWeightSign*METTriggerWeight
          hist nEntries =  0.0
          hist integral =  0.0
      Dataset =  Pt30to50  ||   nEvents =  18488000
          hist weight =  344454.997836*leptonWeight*bjetWeight*puWeight*muonTriggerWeight*EE_L1_prefire_Weight*electronTriggerWeight*genWeightSign*METTriggerWeight
          hist nEntries =  0.0
          hist integral =  0.0
      Dataset =  Pt470to600  ||   nEvents =  42459973
          hist weight =  0.777492816588*leptonWeight*bjetWeight*puWeight*muonTriggerWeight*EE_L1_prefire_Weight*electronTriggerWeight*genWeightSign*METTriggerWeight
          hist nEntries =  20.0
          hist integral =  7.14737850428
      Dataset =  Pt300to470  ||   nEvents =  41744000
          hist weight =  9.76871502491*leptonWeight*bjetWeight*puWeight*muonTriggerWeight*EE_L1_prefire_Weight*electronTriggerWeight*genWeightSign*METTriggerWeight
          hist nEntries =  12.0
    TFile::Append:0: RuntimeWarning: Replacing existing TH1: hist (Potential memory leak).
TFile::Append:0: RuntimeWarning: Replacing existing TH1: hist (Potential memory leak).
TFile::Append:0: RuntimeWarning: Replacing existing TH1: hist (Potential memory leak).
TFile::Append:0: RuntimeWarning: Replacing existing TH1: hist (Potential memory leak).
TFile::Append:0: RuntimeWarning: Replacing existing TH1: hist (Potential memory leak).
TFile::Append:0: RuntimeWarning: Replacing existing TH1: hist (Potential memory leak).
TFile::Append:0: RuntimeWarning: Replacing existing TH1: hist (Potential memory leak).
TFile::Append:0: RuntimeWarning: Replacing existing TH1: hist (Potential memory leak).
TFile::Append:0: RuntimeWarning: Replacing existing TH1: hist (Potential memory leak).
TFile::Append:0: RuntimeWarning: Replacing existing TH1: hist (Potential memory leak).
TFile::Append:0: RuntimeWarning: Replacing existing TH1: hist (Potential memory leak).
TFile::Append:0: RuntimeWarning: Replacing existing TH1: hist (Potential memory leak).
TFile::Append:0: RuntimeWarning: Replacing existing TH1: hist (Potential memory leak).
      hist integral =  35.6922745705
  Process =  ZTo2L
      Dataset =  2LHEZpT50-150  ||   nEvents =  7396689
Applied ZTo2L ewk Weights correctly
          hist weight =  1.36494315227*leptonWeight*bjetWeight*puWeight*muonTriggerWeight*EE_L1_prefire_Weight*electronTriggerWeight*genWeightSign*METTriggerWeight*ewkZWeight
          hist nEntries =  0.0
          hist integral =  0.0
      Dataset =  1LHEZpT250-400  ||   nEvents =  4772527
Applied ZTo2L ewk Weights correctly
          hist weight =  0.0137316729691*leptonWeight*bjetWeight*puWeight*muonTriggerWeight*EE_L1_prefire_Weight*electronTriggerWeight*genWeightSign*METTriggerWeight*ewkZWeight
          hist nEntries =  3.0
          hist integral =  0.0430254265666
      Dataset =  2LHEZpT250-400  ||   nEvents =  5986226
Applied ZTo2L ewk Weights correctly
          hist weight =  0.0273440394666*leptonWeight*bjetWeight*puWeight*muonTriggerWeight*EE_L1_prefire_Weight*electronTriggerWeight*genWeightSign*METTriggerWeight*ewkZWeight
          hist nEntries =  834.0
          hist integral =  3.19459706731
      Dataset =  1LHEZpT150-250  ||   nEvents =  8123432
Applied ZTo2L ewk Weights correctly
          hist weight =  0.0698633287015*leptonWeight*bjetWeight*puWeight*muonTriggerWeight*EE_L1_prefire_Weight*electronTriggerWeight*genWeightSign*METTriggerWeight*ewkZWeight
          hist nEntries =  0.0
          hist integral =  0.0
      Dataset =  2LHEZpT400-inf  ||   nEvents =  1117339
Applied ZTo2L ewk Weights correctly
          hist weight =  0.0240170691258*leptonWeight*bjetWeight*puWeight*muonTriggerWeight*EE_L1_prefire_Weight*electronTriggerWeight*genWeightSign*METTriggerWeight*ewkZWeight
          hist nEntries =  157.0
          hist integral =  0.235136194155
      Dataset =  1LHEZpT400-inf  ||   nEvents =  858544
Applied ZTo2L ewk Weights correctly
          hist weight =  0.00839865865931*leptonWeight*bjetWeight*puWeight*muonTriggerWeight*EE_L1_prefire_Weight*electronTriggerWeight*genWeightSign*METTriggerWeight*ewkZWeight
          hist nEntries =  0.0
          hist integral =  0.0
      Dataset =  1LHEZpT50-150  ||   nEvents =  5285022
Applied ZTo2L ewk Weights correctly
          hist weight =  3.56177779392*leptonWeight*bjetWeight*puWeight*muonTriggerWeight*EE_L1_prefire_Weight*electronTriggerWeight*genWeightSign*METTriggerWeight*ewkZWeight
          hist nEntries =  0.0
          hist integral =  0.0
      Dataset =  2LHEZpT150-250  ||   nEvents =  14239483
Applied ZTo2L ewk Weights correctly
          hist weight =  0.0659932807954*leptonWeight*bjetWeight*puWeight*muonTriggerWeight*EE_L1_prefire_Weight*electronTriggerWeight*genWeightSign*METTriggerWeight*ewkZWeight
          hist nEntries =  149.0
          hist integral =  1.01658778824
  Process =  singleTop
      Dataset =  ST_s-channel  ||   nEvents =  12403008
          hist weight =  0.0180139849946*leptonWeight*bjetWeight*puWeight*muonTriggerWeight*EE_L1_prefire_Weight*electronTriggerWeight*genWeightSign*METTriggerWeight
          hist nEntries =  393.0
          hist integral =  1.67366238125
      Dataset =  ST_t-channel_antitop  ||   nEvents =  74227130
          hist weight =  0.0546558030736*leptonWeight*bjetWeight*puWeight*muonTriggerWeight*EE_L1_prefire_Weight*electronTriggerWeight*genWeightSign*METTriggerWeight
          hist nEntries =  302.0
          hist integral =  5.87724307179
      Dataset =  ST_t-channel_top  ||   nEvents =  144094782
          hist weight =  0.0469728459702*leptonWeight*bjetWeight*puWeight*muonTriggerWeight*EE_L1_prefire_Weight*electronTriggerWeight*genWeightSign*METTriggerWeight
          hist nEntries =  821.0
          hist integral =  12.5652348399
      Dataset =  ST_tW_top  ||   nEvents =  9553912
          hist weight =  0.218289994716*leptonWeight*bjetWeight*puWeight*muonTriggerWeight*EE_L1_prefire_Weight*electronTriggerWeight*genWeightSign*METTriggerWeight
          hist nEntries =  476.0
          hist integral =  41.7224295139
      Dataset =  ST_tW_antitop  ||   nEvents =  7492620
          hist weight =  0.278822067581*leptonWeight*bjetWeight*puWeiTFile::Append:0: RuntimeWarning: Replacing existing TH1: hist (Potential memory leak).
TFile::Append:0: RuntimeWarning: Replacing existing TH1: hist (Potential memory leak).
TFile::Append:0: RuntimeWarning: Replacing existing TH1: hist (Potential memory leak).
TFile::Append:0: RuntimeWarning: Replacing existing TH1: hist (Potential memory leak).
TFile::Append:0: RuntimeWarning: Replacing existing TH1: hist (Potential memory leak).
TFile::Append:0: RuntimeWarning: Replacing existing TH1: hist (Potential memory leak).
TFile::Append:0: RuntimeWarning: Replacing existing TH1: hist (Potential memory leak).
TFile::Append:0: RuntimeWarning: Replacing existing TH1: hist (Potential memory leak).
TFile::Append:0: RuntimeWarning: Replacing existing TH1: hist (Potential memory leak).
TFile::Append:0: RuntimeWarning: Replacing existing TH1: hist (Potential memory leak).
ght*muonTriggerWeight*EE_L1_prefire_Weight*electronTriggerWeight*genWeightSign*METTriggerWeight
          hist nEntries =  404.0
          hist integral =  52.4543350935
  Process =  WZ
      Dataset =  WZTo2Q2Nu  ||   nEvents =  18549507
          hist weight =  0.0220866743251*leptonWeight*bjetWeight*puWeight*muonTriggerWeight*EE_L1_prefire_Weight*electronTriggerWeight*genWeightSign*METTriggerWeight
          hist nEntries =  4980.0
          hist integral =  29.3436398506
      Dataset =  WZTo3LNu  ||   nEvents =  7049958
          hist weight =  0.0428096848237*leptonWeight*bjetWeight*puWeight*muonTriggerWeight*EE_L1_prefire_Weight*electronTriggerWeight*genWeightSign*METTriggerWeight
          hist nEntries =  9.0
          hist integral =  0.242729596794
      Dataset =  WZTo1L1Nu2Q  ||   nEvents =  10874643
          hist weight =  0.064054369417*leptonWeight*bjetWeight*puWeight*muonTriggerWeight*EE_L1_prefire_Weight*electronTriggerWeight*genWeightSign*METTriggerWeight
          hist nEntries =  684.0
          hist integral =  10.2243199497
      Dataset =  WZTo1L3Nu  ||   nEvents =  920352
          hist weight =  0.216929044539*leptonWeight*bjetWeight*puWeight*muonTriggerWeight*EE_L1_prefire_Weight*electronTriggerWeight*genWeightSign*METTriggerWeight
          hist nEntries =  43.0
          hist integral =  2.34216217697
      Dataset =  WZTo2L2Q  ||   nEvents =  17048434
          hist weight =  0.0221846733841*leptonWeight*bjetWeight*puWeight*muonTriggerWeight*EE_L1_prefire_Weight*electronTriggerWeight*genWeightSign*METTriggerWeight
          hist nEntries =  47.0
          hist integral =  0.364291834645
  Process =  WPlusJets
      Dataset =  Pt50To100  ||   nEvents =  7275588
Applied WPlusJets ewk Weights correctly
          hist weight =  29.3051310767*leptonWeight*bjetWeight*puWeight*muonTriggerWeight*EE_L1_prefire_Weight*electronTriggerWeight*genWeightSign*METTriggerWeight*ewkWWeight
          hist nEntries =  0.0
          hist integral =  0.0
      Dataset =  Pt250To400  ||   nEvents =  3801794
Applied WPlusJets ewk Weights correctly
          hist weight =  0.434010575007*leptonWeight*bjetWeight*puWeight*muonTriggerWeight*EE_L1_prefire_Weight*electronTriggerWeight*genWeightSign*METTriggerWeight*ewkWWeight
          hist nEntries =  3394.0
          hist integral =  238.60249424
      Dataset =  Pt600ToInf  ||   nEvents =  1634340
Applied WPlusJets ewk Weights correctly
          hist weight =  0.0200675869158*leptonWeight*bjetWeight*puWeight*muonTriggerWeight*EE_L1_prefire_Weight*electronTriggerWeight*genWeightSign*METTriggerWeight*ewkWWeight
          hist nEntries =  1585.0
          hist integral =  4.83417467587
      Dataset =  Pt100To250  ||   nEvents =  187329833
Applied WPlusJets ewk Weights correctly
          hist weight =  0.245491341467*leptonWeight*bjetWeight*puWeight*muonTriggerWeight*EE_L1_prefire_Weight*electronTriggerWeight*genWeightSign*METTriggerWeight*ewkWWeight
          hist nEntries =  2517.0
          hist integral =  95.1837174892
      Dataset =  Pt400To600  ||   nEvents =  4988448
Applied WPlusJets ewk Weights correctly
          hist weight =  0.0430046258877*leptonWeight*bjetWeight*puWeight*muonTriggerWeight*EE_L1_prefire_Weight*electronTriggerWeight*genWeightSign*METTriggerWeight*ewkWWeight
          hist nEntries =  6716.0
          hist integral =  43.1880857944
-----------------------------
Total data background nEvents =  6884.0
Total data background integral =  3129.0
-----------------------------
Total MC background nEvents =  266695.0
Total MC background integral =  2464.62176514
-----------------------------
Total tt+DM signal nEvents =  3978.0
Total tt+DM signal integral =  40.6908955574
Total t+DM signal nEvents =  3754.0
Total t+DM signal integral =  72.8670120239
-----------------------------
FOM for tt+DM signal =  0.45044015595
FOM for t+DM signal =  0.594774637506
-----------------------------
Data bin content:
    bin 0: 3755.0
    bin 1: 230.0
    bin 2: 230.0
    bin 3: 197.0
    bin 4: 192.0
    bin 5: 189.0
    bin 6: 185.0
    bin 7: 193.0
    bin 8: 191.0
    bin 9: 169.0
    bin 10: 183.0
    bin 11: 189.0
    bin 12: 198.0
    bin 13: 184.0
    bin 14: 196.0
    bin 15: 240.0
    bin 16: 163.0
    bin 17: 0.0
-----------------------------
MC background bin content:
    bin 0: 3101.44726562
    bin 1: 185.848464966
    bin 2: 179.001266479
    bin 3: 160.489990234
    bin 4: 157.695373535
    bin 5: 149.146514893
    bin 6: 159.006210327
    bin 7: 157.893066406
    bin 8: 136.997924805
    bin 9: 133.597488403
    bin 10: 148.364334106
    bin 11: 128.226196289
    bin 12: 147.59197998
    bin 13: 151.939193726
    bin 14: 173.216796875
    bin 15: 173.151031494
    bin 16: 122.455932617
    bin 17: 0.0
-----------------------------
tt+DM bin content:
    bin 0: 51.4740066528
    bin 1: 3.13334941864
    bin 2: 2.92042350769
    bin 3: 2.68699550629
    bin 4: 2.66184568405
    bin 5: 2.27168083191
    bin 6: 2.32874083519
    bin 7: 2.52058744431
    bin 8: 2.15107226372
    bin 9: 2.33773183823
    bin 10: 1.94026780128
    bin 11: 2.67938828468
    bin 12: 2.82470107079
    bin 13: 3.01484322548
    bin 14: 2.73709607124
    bin 15: 2.77961802483
    bin 16: 1.70255374908
    bin 17: 0.0
-----------------------------
t+DM bin content:
    bin 0: 92.9539413452
    bin 1: 5.50254678726
    bin 2: 5.36875391006
    bin 3: 5.19603538513
    bin 4: 4.93822813034
    bin 5: 6.02598905563
    bin 6: 4.21765756607
    bin 7: 4.04954814911
    bin 8: 3.56576633453
    bin 9: 3.8698580265
    bin 10: 3.45572376251
    bin 11: 3.50025749207
    bin 12: 4.03000497818
    bin 13: 4.61861562729
    bin 14: 5.52279853821
    bin 15: 5.75377559662
    bin 16: 3.2514526844
    bin 17: 0.0
-----------------------------
Data bin errors:
    bin 0: 61.2780547994
    bin 1: 15.1657508881
    bin 2: 15.1657508881
    bin 3: 14.0356688476
    bin 4: 13.8564064606
    bin 5: 13.7477270849
    bin 6: 13.6014705087
    bin 7: 13.8924439894
    bin 8: 13.8202749611
    bin 9: 13.0
    bin 10: 13.5277492585
    bin 11: 13.7477270849
    bin 12: 14.0712472795
    bin 13: 13.5646599663
    bin 14: 14.0
    bin 15: 15.4919333848
    bin 16: 12.7671453348
    bin 17: 0.0
-----------------------------
MC background bin errors:
    bin 0: 43.305051423
    bin 1: 11.5948507606
    bin 2: 7.25222005048
    bin 3: 7.00432855105
    bin 4: 6.76263251132
    bin 5: 7.02516789078
    bin 6: 8.04956285057
    bin 7: 14.0827402021
    bin 8: 5.91268419671
    bin 9: 6.60123351781
    bin 10: 11.7000243144
    bin 11: 6.4913024401
    bin 12: 6.46794810088
    bin 13: 6.98333353686
    bin 14: 6.84001652853
    bin 15: 7.85402834436
    bin 16: 5.40589523871
    bin 17: 0.0
-----------------------------
tt+DM bin errors:
    bin 0: 1.17383265567
    bin 1: 0.294897791148
    bin 2: 0.275181602975
    bin 3: 0.26530450431
    bin 4: 0.264922920359
    bin 5: 0.244128358586
    bin 6: 0.249451941142
    bin 7: 0.258683962307
    bin 8: 0.338244932208
    bin 9: 0.249397316629
    bin 10: 0.219663357509
    bin 11: 0.269819842376
    bin 12: 0.277959601479
    bin 13: 0.281351270666
    bin 14: 0.27341437265
    bin 15: 0.261484963468
    bin 16: 0.212468820306
    bin 17: 0.0
-----------------------------
t+DM bin errors:
    bin 0: 2.25603141705
    bin 1: 0.570278718567
    bin 2: 0.565008127036
    bin 3: 0.537752462757
    bin 4: 0.511771711277
    bin 5: 0.567829164024
    bin 6: 0.474295907161
    bin 7: 0.474748121657
    bin 8: 0.431796088968
    bin 9: 0.445354270858
    bin 10: 0.43759710232
    bin 11: 0.421645565961
    bin 12: 0.510442981934
    bin 13: 0.497499071969
    bin 14: 0.552632467605
    bin 15: 0.573017437336
    bin 16: 0.427079074273
    bin 17: 0.0
-----------------------------
ZTo2Nu hist info:
    nEvents =  142178.0
    integral =  651.504570007
tbar scalar hist info:
    nEvents =  3754.0
    integral =  72.8670120239
TTTo2L2Nu hist info:
    nEvents =  2830.0
    integral =  98.6716742516
singleTop hist info:
    nEvents =  2396.0
    integral =  114.292905331
TTV hist info:
    nEvents =  53779.0
    integral =  28.6290727854
bkgSum hist info:
    nEvents =  266695.0
   Info in <TCanvas::Print>: png file AH0l1fSR2018_Jet_phi[index_centralJets[1]]_02_16_2023_withHEMfix_NLOwithGenWeightsAndEWKkfactors.png has been created
 integral =  2464.62176514
ttbar scalar hist info:
    nEvents =  3978.0
    integral =  40.6908955574
VV hist info:
    nEvents =  13602.0
    integral =  58.7042114735
QCD hist info:
    nEvents =  153.0
    integral =  47.2295583412
ZTo2L hist info:
    nEvents =  1143.0
    integral =  4.48934644647
data hist info:
    nEvents =  6884.0
    integral =  3129.0
WPlusJets hist info:
    nEvents =  14212.0
    integral =  381.808475494
TTToSemiLepton hist info:
    nEvents =  36402.0
    integral =  1079.29195404
Finished filling histograms
Creating stacked MC background histogram...
Finished stacking MC background histograms.
Drawing histograms...
Finished drawing histograms
Drawing ratio plot...
Plotting end time: 2023-02-17 11:12:32.596099
