Info in <TCanvas::MakeDefCanvas>:  created default TCanvas with name c1
TFile::Append:0: RuntimeWarning: Replacing existing TH1: hist (Potential memory leak).
TFile::Append:0: RuntimeWarning: Replacing existing TH1: hist (Potential memory leak).
TFile::Append:0: RuntimeWarning: Replacing existing TH1: hist (Potential memory leak).
TFile::Append:0: RuntimeWarning: Replacing existing TH1: hist (Potential memory leak).
TFile::Append:0: RuntimeWarning: Replacing existing TH1: hist (Potential memory leak).
Plotting start time: 2021-10-05 09:37:23.644512
Cut name =  AH0lQR
MC Selection Cuts =  (nVetoElectrons + nLooseMuons) == 0 && njets >= 3 && nbjets >= 1 && METcorrected_pt >= 250 && ntaus == 0 && minDeltaPhi12 <= 0.8 && Flag_goodVertices && Flag_globalSuperTightHalo2016Filter && Flag_HBHENoiseFilter && Flag_HBHENoiseIsoFilter && Flag_EcalDeadCellTriggerPrimitiveFilter && Flag_BadPFMuonFilter && Flag_ecalBadCalibFilter && Flag_eeBadScFilter && (HLT_PFMETNoMu120_PFMHTNoMu120_IDTight || HLT_PFMETNoMu120_PFMHTNoMu120_IDTight_PFHT60) && PV_npvsGood > 0 && PV_ndof > 4 && abs(PV_z) < 24 && sqrt(pow(PV_x,2)+pow(PV_y,2)) < 2 && ((METcorrected_phi <= -1.62) || (METcorrected_phi >= -0.82)) && nfjets == 0
Data Selection Cuts =  (nVetoElectrons + nLooseMuons) == 0 && njets >= 3 && nbjets >= 1 && METcorrected_pt >= 250 && ntaus == 0 && minDeltaPhi12 <= 0.8 && Flag_goodVertices && Flag_globalSuperTightHalo2016Filter && Flag_HBHENoiseFilter && Flag_HBHENoiseIsoFilter && Flag_EcalDeadCellTriggerPrimitiveFilter && Flag_BadPFMuonFilter && Flag_ecalBadCalibFilter && Flag_eeBadScFilter && (HLT_PFMETNoMu120_PFMHTNoMu120_IDTight || HLT_PFMETNoMu120_PFMHTNoMu120_IDTight_PFHT60) && PV_npvsGood > 0 && PV_ndof > 4 && abs(PV_z) < 24 && sqrt(pow(PV_x,2)+pow(PV_y,2)) < 2 && ((METcorrected_phi <= -1.62) || (METcorrected_phi >= -0.82)) && nfjets == 0 && Flag_eeBadScFilter
var =  Jet_pt[index_centralJets[0]]
year =  2018
lumi =  59.83
saveDirectory =  plots/2018_QCDCR_debugging/RunII_plots/Jet_pt/
date =  10_05_2021
Creating histograms..
Finished making systematic histogram dictionary
Drawing data and ratio plot...
Selected MET dataset
Loading data sample root files and event trees...
    nevents in filepath = /hdfs/store/user/vshang/MET_RunUL2018A/MET/ModuleCommonSkim_09222021/tree_all.root: 465701
    nevents in filepath = /hdfs/store/user/vshang/MET_RunUL2018B/MET/ModuleCommonSkim_09222021/tree_all.root: 229458
    nevents in filepath = /hdfs/store/user/vshang/MET_RunUL2018C/MET/ModuleCommonSkim_09222021/tree_all.root: 261666
    nevents in filepath = /hdfs/store/user/vshang/MET_RunUL2018D/MET/ModuleCommonSkim_09222021/tree_all.root: 1169994
    total nevents in  MET :  2126819
Got data sample root files and event trees
Loading MC sample root files and event trees...
    nevents in  ttbar pseudoscalar   ttDM_MChi1_MPhi100_pseudo :  1607992
    nevents in  ttbar scalar   ttDM_MChi1_MPhi100_scalar :  1842523
    nevents in  QCD   Pt50to80 :  19973000
    nevents in  QCD   Pt2400to3200 :  2997000
    nevents in  QCD   Pt30to50 :  19856000
    nevents in  QCD   Pt470to600 :  52925000
    nevents in  QCD   Pt300to470 :  57955000
    nevents in  QCD   Pt170to300 :  29994000
    nevents in  QCD   Pt800to1000 :  37802000
    nevents in  QCD   Pt600to800 :  67934000
    nevents in  QCD   Pt120to170 :  29895000
    nevents in  QCD   Pt1000to1400 :  19925000
    nevents in  QCD   Pt1400to1800 :  10985000
    nevents in  QCD   Pt15to30 :  19991000
    nevents in  QCD   Pt3200toInf :  1000000
    nevents in  QCD   Pt80to120 :  29967000
    nevents in  QCD   Pt1800to2400 :  5497000
Got MC sample root files and event trees
Filling histograms...
  Dataset =  MET  ||   nEvents =  2126819
    hist nEntries =  15502.0
    hist integral =  15502.0
    hist_data nEntries =  15502.0
    hist_data integral =  15502.0
    hist nEntries =  7509.0
    hist integral =  7509.0
    hist_data nEntries =  23011.0
    hist_data integral =  23011.0
    hist nEntries =  7658.0
    hist integral =  7658.0
    hist_data nEntries =  30669.0
    hist_data integral =  30669.0
    hist nEntries =  33196.0
    hist integral =  33196.0
    hist_data nEntries =  63865.0
    hist_data integral =  63865.0
  Process =  ttbar pseudoscalar
      Dataset =  ttDM_MChi1_MPhi100_pseudo  ||   nEvents =  1607992
          hist nEntries =  7527.0
          hist integral =  53.9822207987
  Process =  ttbar scalar
      Dataset =  ttDM_MChi1_MPhi100_scalar  ||   nEvents =  1842523
          hist nEntries =  7514.0
          hist integral =  175.052519619
  Process =  QCD
      Dataset =  Pt50to80  ||   nEvTFile::Append:0: RuntimeWarning: Replacing existing TH1: hist (Potential memory leak).
TFile::Append:0: RuntimeWarning: Replacing existing TH1: hist (Potential memory leak).
TFile::Append:0: RuntimeWarning: Replacing existing TH1: hist (Potential memory leak).
TFile::Append:0: RuntimeWarning: Replacing existing TH1: hist (Potential memory leak).
TFile::Append:0: RuntimeWarning: Replacing existing TH1: hist (Potential memory leak).
TFile::Append:0: RuntimeWarning: Replacing existing TH1: hist (Potential memory leak).
TFile::Append:0: RuntimeWarning: Replacing existing TH1: hist (Potential memory leak).
TFile::Append:0: RuntimeWarning: Replacing existing TH1: hist (Potential memory leak).
TFile::Append:0: RuntimeWarning: Replacing existing TH1: hist (Potential memory leak).
TFile::Append:0: RuntimeWarning: Replacing existing TH1: hist (Potential memory leak).
TFile::Append:0: RuntimeWarning: Replacing existing TH1: hist (Potential memory leak).
TFile::Append:0: RuntimeWarning: Replacing existing TH1: hist (Potential memory leak).
TFile::Append:0: RuntimeWarning: Replacing existing TH1: hist (Potential memory leak).
TFile::Append:0: RuntimeWarning: Replacing existing TH1: hist (Potential memory leak).
TFile::Append:0: RuntimeWarning: Replacing existing TH1: hist (Potential memory leak).
ents =  19973000
          hist nEntries =  0.0
          hist integral =  0.0
      Dataset =  Pt2400to3200  ||   nEvents =  2997000
          hist nEntries =  19484.0
          hist integral =  2.31432342529
      Dataset =  Pt30to50  ||   nEvents =  19856000
          hist nEntries =  0.0
          hist integral =  0.0
      Dataset =  Pt470to600  ||   nEvents =  52925000
          hist nEntries =  17750.0
          hist integral =  11115.3124577
      Dataset =  Pt300to470  ||   nEvents =  57955000
          hist nEntries =  2144.0
          hist integral =  15253.4296422
      Dataset =  Pt170to300  ||   nEvents =  29994000
          hist nEntries =  12.0
          hist integral =  2500.53625488
      Dataset =  Pt800to1000  ||   nEvents =  37802000
          hist nEntries =  67371.0
          hist integral =  2815.1427033
      Dataset =  Pt600to800  ||   nEvents =  67934000
          hist nEntries =  61148.0
          hist integral =  8467.99327452
      Dataset =  Pt120to170  ||   nEvents =  29895000
          hist nEntries =  0.0
          hist integral =  0.0
      Dataset =  Pt1000to1400  ||   nEvents =  19925000
          hist nEntries =  51320.0
          hist integral =  1183.94326214
      Dataset =  Pt1400to1800  ||   nEvents =  10985000
          hist nEntries =  34578.0
          hist integral =  134.785335621
      Dataset =  Pt15to30  ||   nEvents =  19991000
          hist nEntries =  0.0
          hist integral =  0.0
      Dataset =  Pt3200toInf  ||   nEvents =  1000000
          hist nEntries =  9520.0
          hist integral =  0.0868022739887
      Dataset =  Pt80to120  ||   nEvents =  29967000
          hist nEntries =  0.0
          hist integral =  0.0
      Dataset =  Pt1800to2400  ||   nEvents =  5497000
          hist nEntries =  23465.0
          hist integral =  25.3926604915
-----------------------------
Total data background nEvents =  63865.0
Total data background integral =  63865.0
-----------------------------
Total MC background nEvents =  286792.0
Total MC background integral =  41498.9364952
-----------------------------
Total tt+DM signal nEvents =  7514.0
Total tt+DM signal integral =  175.052519619
-----------------------------
-----------------------------
FOM for tt+DM signal =  0.859310033279
-----------------------------
Data bin errors:
    bin 0: 0.0
    bin 1: 0.0
    bin 2: 2.44948974278
    bin 3: 4.12310562562
    bin 4: 8.48528137424
    bin 5: 14.2478068488
    bin 6: 22.0907220344
    bin 7: 30.1496268634
    bin 8: 38.8587184555
    bin 9: 46.8081189539
    bin 10: 54.5343928177
    bin 11: 57.9913786696
    bin 12: 61.1718889687
    bin 13: 62.5299928035
    bin 14: 62.7056616264
    bin 15: 62.8967407741
    bin 16: 60.9097693314
    bin 17: 60.2826674924
    bin 18: 58.1979381078
    bin 19: 54.1017559789
    bin 20: 52.7067358124
    bin 21: 49.4570520755
    bin 22: 46.7546789102
    bin 23: 44.0681290731
    bin 24: 42.3674403286
    bin 25: 38.3796821248
    bin 26: 35.902646142
    bin 27: 33.7490740614
    bin 28: 31.7804971641
    bin 29: 29.4278779391
    bin 30: 27.2946881279
-----------------------------
MC background bin errors:
    bin 0: 0.0
    bin 1: 0.0
    bin 2: 0.0
    bin 3: 0.0
    bin 4: 0.612217331944
    bin 5: 12.6526112234
    bin 6: 21.6553793559
    bin 7: 36.7810471777
    bin 8: 56.4025011936
    bin 9: 225.743891443
    bin 10: 366.515684763
    bin 11: 483.054997561
    bin 12: 119.614509831
    bin 13: 124.098723818
    bin 14: 209.461776871
    bin 15: 115.783741652
    bin 16: 98.9357055226
    bin 17: 85.8053301496
    bin 18: 67.6611008211
    bin 19: 54.1791061811
    bin 20: 222.37919959
    bin 21: 232.548732075
    bin 22: 30.9105351483
    bin 23: 27.1364649065
    bin 24: 22.8834987817
    bin 25: 17.806513108
    bin 26: 23.0556388456
    bin 27: 15.8479316351
    bin 28: 11.143364832
    bin 29: 11.4885502677
    bin 30: 6.66644140163
-----------------------------
tt+DM bin errors:
    bin 0: 0.0
    bin 1: 0.0
    bin 2: 0.0
    bin 3: 0.0239766827519
    bin 4: 0.0868497096692
    bin 5: 0.198074199232
    bin 6:Info in <TCanvas::Print>: png file plots/2018_QCDCR_debugging/RunII_plots/Jet_pt/10_05_2021/AH0lQRUL2018_Jet_pt[index_centralJets[0]]_10_05_2021_withHEMfix_0fjet.png has been created
 0.295971314231
    bin 7: 0.357097105588
    bin 8: 0.437783460099
    bin 9: 0.516155258071
    bin 10: 0.534912161636
    bin 11: 0.535144731682
    bin 12: 0.547107979099
    bin 13: 0.541311809296
    bin 14: 0.54174739892
    bin 15: 0.539092826381
    bin 16: 0.522981683592
    bin 17: 0.483646719196
    bin 18: 0.445168879517
    bin 19: 0.464665646044
    bin 20: 0.401808030512
    bin 21: 0.360843833104
    bin 22: 0.382056265162
    bin 23: 0.332907654823
    bin 24: 0.306751599295
    bin 25: 0.278179040068
    bin 26: 0.259924656475
    bin 27: 0.237228316805
    bin 28: 0.233990827637
    bin 29: 0.231090153712
    bin 30: 0.222962645292
-----------------------------
-----------------------------
ttbar pseudoscalar hist info:
    nEvents =  7527.0
    integral =  53.9822207987
ZTo2Nu hist info:
    nEvents =  0.0
    integral =  0.0
TTTo2L2Nu hist info:
    nEvents =  0.0
    integral =  0.0
singleTop hist info:
    nEvents =  0.0
    integral =  0.0
TTV hist info:
    nEvents =  0.0
    integral =  0.0
bkgSum hist info:
    nEvents =  286792.0
    integral =  41498.9364952
ttbar scalar hist info:
    nEvents =  7514.0
    integral =  175.052519619
VV hist info:
    nEvents =  0.0
    integral =  0.0
QCD hist info:
    nEvents =  286792.0
    integral =  41498.9364952
ZTo2L hist info:
    nEvents =  0.0
    integral =  0.0
data hist info:
    nEvents =  63865.0
    integral =  63865.0
WPlusJets hist info:
    nEvents =  0.0
    integral =  0.0
TTToSemiLepton hist info:
    nEvents =  0.0
    integral =  0.0
Finished filling histograms
Creating stacked MC background histogram...
Finished stacking MC background histograms.
Drawing histograms...
Finished drawing histograms
Drawing ratio plot...
Finished drawing ratio plot
Plotting end time: 2021-10-05 09:40:55.308361
