Plotting start time: 2021-08-19 01:02:26.141250
Cut name =  AH0l0fSR
MC Selection Cuts =  (nVetoElectrons + nLooseMuons) == 0 && njets >= 3 && nbjets == 1 && METcorrected_pt >= 250 && ntaus == 0 && minDeltaPhi > 0.4 && Flag_goodVertices && Flag_globalSuperTightHalo2016Filter && Flag_HBHENoiseFilter && Flag_HBHENoiseIsoFilter && Flag_EcalDeadCellTriggerPrimitiveFilter && Flag_BadPFMuonFilter && Flag_ecalBadCalibFilterV2 && (HLT_PFMETNoMu120_PFMHTNoMu120_IDTight || HLT_PFMETNoMu120_PFMHTNoMu120_IDTight_PFHT60) && nfjets == 0 && minDeltaPhi12 >= 0.8 && M_Tb >= 140
Data Selection Cuts =  (nVetoElectrons + nLooseMuons) == 0 && njets >= 3 && nbjets == 1 && METcorrected_pt >= 250 && ntaus == 0 && minDeltaPhi > 0.4 && Flag_goodVertices && Flag_globalSuperTightHalo2016Filter && Flag_HBHENoiseFilter && Flag_HBHENoiseIsoFilter && Flag_EcalDeadCellTriggerPrimitiveFilter && Flag_BadPFMuonFilter && Flag_ecalBadCalibFilterV2 && (HLT_PFMETNoMu120_PFMHTNoMu120_IDTight || HLT_PFMETNoMu120_PFMHTNoMu120_IDTight_PFHT60) && nfjets == 0 && minDeltaPhi12 >= 0.8 && M_Tb >= 140 && Flag_eeBadScFilter
var =  Jet_phi[index_centralJets[1]]
year =  2018
lumi =  4.216
saveDirectory =  plots/SR_2018/Jet_phi/
date =  08_18_2021
Creating histograms..
Finished making systematic histogram dictionary
Drawing data and ratio plot...
Selected MET dataset
Loading data sample root files and event trees...
    nevents in filepath = /hdfs/store/user/vshang/MET_Run2018A/MET/ModuleCommonSkim_06172021/tree_all.root: 1098394
    nevents in filepath = /hdfs/store/user/vshang/MET_Run2018B/MET/ModuleCommonSkim_06172021/tree_all.root: 556797
    nevents in filepath = /hdfs/store/user/vshang/MET_Run2018C/MET/ModuleCommonSkim_06172021/tree_all.root: 866305
    nevents in filepath = /hdfs/store/user/vshang/MET_Run2018D/MET/ModuleCommonSkim_06172021/tree_all.root: 4509098
    total nevents in  MET :  7030594
Got data sample root files and event trees
Loading MC sample root files and event trees...
    nevents in  ZTo2Nu   HT600To800 :  5748975
    nevents in  ZTo2Nu   HT1200To2500 :  343198
    nevents in  ZTo2Nu   HT100To200 :  23702894
    nevents in  ZTo2Nu   HT2500ToInf :  359639
    nevents in  ZTo2Nu   HT800To1200 :  2066798
    nevents in  ZTo2Nu   HT200To400 :  23276346
    nevents in  ZTo2Nu   HT400To600 :  9511100
    nevents in  WW   WWTo1L1Nu2Q :  4683136
    nevents in  WW   WWTo4Q :  3790800
    nevents in  WW   WWTo2L2Nu :  7758900
    nevents in  ttbarPlusJets   TTToSemiLepton :  300619998
    nevents in  ttbarPlusJets   TTTo2L2Nu :  64310000
    nevents in  ttbar scalar   ttDM_MChi1_MPhi100_scalar :  1842523
    nevents in  ZZ   ZZTo2Q2Nu :  57633049
    nevents in  ZZ   ZZTo4L :  124649500
    nevents in  ZZ   ZZTo2L2Q :  27900469
    nevents in  ZZ   ZZTo2L2Nu :  56428600
    nevents in  QCD   HT700To1000 :  48158738
    nevents in  QCD   HT500To700 :  55152960
    nevents in  QCD   HT2000ToInf :  5475677
    nevents in  QCD   HT1000To1500 :  15466225
    nevents in  QCD   HT1500To2000 :  10955087
    nevents in  QCD   HT100To200 :  93972378
    nevents in  QCD   HT300To500 :  54661579
    nevents in  QCD   HT200To300 :  54289442
    nevents in  WZ   WZTo2Q2Nu :  30887331
    nevents in  WZ   WZTo2L2Q :  28193648
    nevents in  WZ   WZTo3LNu :  11248318
    nevents in  WZ   WZTo1L3Nu :  1690064
    nevents in  WZ   WZTo1L1Nu2Q :  18273533
    nevents in  ttbar pseudoscalar   ttDM_MChi1_MPhi100_pseudo :  1607992
    nevents in  TTV   TTZToQQ :  9572000
    nevents in  TTV   TTWJetsToLNu :  4911941
    nevents in  TTV   TTWJetsToQQ :  835296
    nevents in  TTV   TTZToLLNuNu :  13280000
    nevents in  ZTo2L   HT600To800 :  8862104
    nevents in  ZTo2L   HT1200To2500 :  536416
    nevents in  ZTo2L   HT100To200 :  11530510
    nevents in  ZTo2L   HT2500ToInf :  427051
    nevents in  ZTo2L   HT800To1200 :  3138129
    nevents in  ZTo2L   HT200To400 :  10860690
    nevents in  ZTo2L   HT400To600 :  46161988
    nevents in  singleTop   ST_s-channel :  19890000
    nevents in  singleTop   ST_t-channel_antitop :  79090800
    nevents in  singleTop   ST_tW_top : Info in <TCanvas::MakeDefCanvas>:  created default TCanvas with name c1
TFile::Append:0: RuntimeWarning: Replacing existing TH1: hist (Potential memory leak).
TFile::Append:0: RuntimeWarning: Replacing existing TH1: hist (Potential memory leak).
TFile::Append:0: RuntimeWarning: Replacing existing TH1: hist (Potential memory leak).
TFile::Append:0: RuntimeWarning: Replacing existing TH1: hist (Potential memory leak).
TFile::Append:0: RuntimeWarning: Replacing existing TH1: hist (Potential memory leak).
TFile::Append:0: RuntimeWarning: Replacing existing TH1: hist (Potential memory leak).
TFile::Append:0: RuntimeWarning: Replacing existing TH1: hist (Potential memory leak).
TFile::Append:0: RuntimeWarning: Replacing existing TH1: hist (Potential memory leak).
TFile::Append:0: RuntimeWarning: Replacing existing TH1: hist (Potential memory leak).
TFile::Append:0: RuntimeWarning: Replacing existing TH1: hist (Potential memory leak).
TFile::Append:0: RuntimeWarning: Replacing existing TH1: hist (Potential memory leak).
TFile::Append:0: RuntimeWarning: Replacing existing TH1: hist (Potential memory leak).
TFile::Append:0: RuntimeWarning: Replacing existing TH1: hist (Potential memory leak).
TFile::Append:0: RuntimeWarning: Replacing existing TH1: hist (Potential memory leak).
TFile::Append:0: RuntimeWarning: Replacing existing TH1: hist (Potential memory leak).
TFile::Append:0: RuntimeWarning: Replacing existing TH1: hist (Potential memory leak).
TFile::Append:0: RuntimeWarning: Replacing existing TH1: hist (Potential memory leak).
TFile::Append:0: RuntimeWarning: Replacing existing TH1: hist (Potential memory leak).
TFile::Append:0: RuntimeWarning: Replacing existing TH1: hist (Potential memory leak).
TFile::Append:0: RuntimeWarning: Replacing existing TH1: hist (Potential memory leak).
TFile::Append:0: RuntimeWarning: Replacing existing TH1: hist (Potential memory leak).
TFile::Append:0: RuntimeWarning: Replacing existing TH1: hist (Potential memory leak).
TFile::Append:0: RuntimeWarning: Replacing existing TH1: hist (Potential memory leak).
 9598000
    nevents in  singleTop   ST_t-channel_top :  154307600
    nevents in  singleTop   ST_tW_antitop :  7527000
    nevents in  WPlusJets   HT200To400 :  25468933
    nevents in  WPlusJets   HT70To100 :  28084244
    nevents in  WPlusJets   HT600To800 :  19771294
    nevents in  WPlusJets   HT1200To2500 :  7633949
    nevents in  WPlusJets   HT100To200 :  29425374
    nevents in  WPlusJets   HT400To600 :  5932701
    nevents in  WPlusJets   HT2500ToInf :  3273980
    nevents in  WPlusJets   HT800To1200 :  8402687
Got MC sample root files and event trees
Filling histograms...
  Dataset =  MET  ||   nEvents =  7030594
    hist nEntries =  1407.0
    hist integral =  1379.0
    hist_data nEntries =  1407.0
    hist_data integral =  1379.0
    hist nEntries =  717.0
    hist integral =  697.0
    hist_data nEntries =  2124.0
    hist_data integral =  2076.0
    hist nEntries =  0.0
    hist integral =  0.0
    hist_data nEntries =  2124.0
    hist_data integral =  2076.0
    hist nEntries =  0.0
    hist integral =  0.0
    hist_data nEntries =  2124.0
    hist_data integral =  2076.0
  Process =  ZTo2Nu
      Dataset =  HT600To800  ||   nEvents =  5748975
Applied ZTo2Nu qcd/ewk Weights correctly
          hist nEntries =  40396.0
          hist integral =  98.461556673
      Dataset =  HT1200To2500  ||   nEvents =  343198
Applied ZTo2Nu qcd/ewk Weights correctly
          hist nEntries =  2689.0
          hist integral =  10.5503889769
      Dataset =  HT100To200  ||   nEvents =  23702894
Applied ZTo2Nu qcd/ewk Weights correctly
          hist nEntries =  12.0
          hist integral =  0.778013761155
      Dataset =  HT2500ToInf  ||   nEvents =  359639
Applied ZTo2Nu qcd/ewk Weights correctly
          hist nEntries =  1816.0
          hist integral =  0.107490167255
      Dataset =  HT800To1200  ||   nEvents =  2066798
Applied ZTo2Nu qcd/ewk Weights correctly
          hist nEntries =  16427.0
          hist integral =  47.5783423185
      Dataset =  HT200To400  ||   nEvents =  23276346
Applied ZTo2Nu qcd/ewk Weights correctly
          hist nEntries =  13364.0
          hist integral =  275.277426243
      Dataset =  HT400To600  ||   nEvents =  9511100
Applied ZTo2Nu qcd/ewk Weights correctly
          hist nEntries =  44097.0
          hist integral =  287.412187576
  Process =  WW
      Dataset =  WWTo1L1Nu2Q  ||   nEvents =  4683136
          hist nEntries =  267.0
          hist integral =  19.513708055
      Dataset =  WWTo4Q  ||   nEvents =  3790800
          hist nEntries =  0.0
          hist integral =  0.0
      Dataset =  WWTo2L2Nu  ||   nEvents =  7758900
          hist nEntries =  124.0
          hist integral =  0.78645435255
  Process =  ttbarPlusJets
      Dataset =  TTToSemiLepton  ||   nEvents =  300619998
          hist nEntries =  122631.0
          hist integral =  589.737177849
      Dataset =  TTTo2L2Nu  ||   nEvents =  64310000
          hist nEntries =  7807.0
          hist integral =  42.5107063651
  Process =  ttbar scalar
      Dataset =  ttDM_MChi1_MPhi100_scalar  ||   nEvents =  1842523
          hist nEntries =  12368.0
          hist integral =  19.8908049464
  Process =  ZZ
      Dataset =  ZZTo2Q2Nu  ||   nEvents =  57633049
          hist nEntries =  48775.0
          hist integral =  16.3409008682
      Dataset =  ZZTo4L  ||   nEvents =  124649500
          hist nEntries =  17.0
          hist integral =  0.000621414244961
      Dataset =  ZZTo2L2Q  ||   nEvents =  27900469
          hist nEntries =  211.0
          hist integral =  0.119519235101
      Dataset =  ZZTo2L2Nu  ||   nEvents =  56428600
          hist nEntries =  2118.0
          hist integral =  0.10873061209
  Process =  QCD
      Dataset =  HT700To1000  ||   nEvents =  48158738
          hist nEntries =  4.0
          hist integral =  1.06549442559
      Dataset =  HT500To700  ||   nEvents =  55152960
          hist nEntries =  0.0
          hist integral =  0.0
      Dataset =  HT2000ToInf  ||   nEvents =  5475677
          hist nEntries =  64.0
          hist integral =  0.948154671118
      Dataset =  HT1000TFile::Append:0: RuntimeWarning: Replacing existing TH1: hist (Potential memory leak).
TFile::Append:0: RuntimeWarning: Replacing existing TH1: hist (Potential memory leak).
TFile::Append:0: RuntimeWarning: Replacing existing TH1: hist (Potential memory leak).
TFile::Append:0: RuntimeWarning: Replacing existing TH1: hist (Potential memory leak).
TFile::Append:0: RuntimeWarning: Replacing existing TH1: hist (Potential memory leak).
TFile::Append:0: RuntimeWarning: Replacing existing TH1: hist (Potential memory leak).
TFile::Append:0: RuntimeWarning: Replacing existing TH1: hist (Potential memory leak).
TFile::Append:0: RuntimeWarning: Replacing existing TH1: hist (Potential memory leak).
TFile::Append:0: RuntimeWarning: Replacing existing TH1: hist (Potential memory leak).
TFile::Append:0: RuntimeWarning: Replacing existing TH1: hist (Potential memory leak).
TFile::Append:0: RuntimeWarning: Replacing existing TH1: hist (Potential memory leak).
TFile::Append:0: RuntimeWarning: Replacing existing TH1: hist (Potential memory leak).
TFile::Append:0: RuntimeWarning: Replacing existing TH1: hist (Potential memory leak).
TFile::Append:0: RuntimeWarning: Replacing existing TH1: hist (Potential memory leak).
TFile::Append:0: RuntimeWarning: Replacing existing TH1: hist (Potential memory leak).
TFile::Append:0: RuntimeWarning: Replacing existing TH1: hist (Potential memory leak).
TFile::Append:0: RuntimeWarning: Replacing existing TH1: hist (Potential memory leak).
TFile::Append:0: RuntimeWarning: Replacing existing TH1: hist (Potential memory leak).
TFile::Append:0: RuntimeWarning: Replacing existing TH1: hist (Potential memory leak).
TFile::Append:0: RuntimeWarning: Replacing existing TH1: hist (Potential memory leak).
TFile::Append:0: RuntimeWarning: Replacing existing TH1: hist (Potential memory leak).
TFile::Append:0: RuntimeWarning: Replacing existing TH1: hist (Potential memory leak).
TFile::Append:0: RuntimeWarning: Replacing existing TH1: hist (Potential memory leak).
TFile::Append:0: RuntimeWarning: Replacing existing TH1: hist (Potential memory leak).
TFile::Append:0: RuntimeWarning: Replacing existing TH1: hist (Potential memory leak).
TFile::Append:0: RuntimeWarning: Replacing existing TH1: hist (Potential memory leak).
TFile::Append:0: RuntimeWarning: Replacing existing TH1: hist (Potential memory leak).
TFile::Append:0: RuntimeWarning: Replacing existing TH1: hist (Potential memory leak).
To1500  ||   nEvents =  15466225
          hist nEntries =  15.0
          hist integral =  4.07513705641
      Dataset =  HT1500To2000  ||   nEvents =  10955087
          hist nEntries =  25.0
          hist integral =  0.811217697337
      Dataset =  HT100To200  ||   nEvents =  93972378
          hist nEntries =  0.0
          hist integral =  0.0
      Dataset =  HT300To500  ||   nEvents =  54661579
          hist nEntries =  0.0
          hist integral =  0.0
      Dataset =  HT200To300  ||   nEvents =  54289442
          hist nEntries =  0.0
          hist integral =  0.0
  Process =  WZ
      Dataset =  WZTo2Q2Nu  ||   nEvents =  30887331
          hist nEntries =  26808.0
          hist integral =  25.3299943805
      Dataset =  WZTo2L2Q  ||   nEvents =  28193648
          hist nEntries =  196.0
          hist integral =  0.185927477665
      Dataset =  WZTo3LNu  ||   nEvents =  11248318
          hist nEntries =  85.0
          hist integral =  0.171177995624
      Dataset =  WZTo1L3Nu  ||   nEvents =  1690064
          hist nEntries =  269.0
          hist integral =  2.4764890857
      Dataset =  WZTo1L1Nu2Q  ||   nEvents =  18273533
          hist nEntries =  3194.0
          hist integral =  8.56625038385
  Process =  ttbar pseudoscalar
      Dataset =  ttDM_MChi1_MPhi100_pseudo  ||   nEvents =  1607992
          hist nEntries =  33000.0
          hist integral =  16.4928649664
  Process =  TTV
      Dataset =  TTZToQQ  ||   nEvents =  9572000
          hist nEntries =  4405.0
          hist integral =  0.959963576868
      Dataset =  TTWJetsToLNu  ||   nEvents =  4911941
          hist nEntries =  7745.0
          hist integral =  1.39825953916
      Dataset =  TTWJetsToQQ  ||   nEvents =  835296
          hist nEntries =  405.0
          hist integral =  0.870910990983
      Dataset =  TTZToLLNuNu  ||   nEvents =  13280000
          hist nEntries =  121398.0
          hist integral =  9.1698127836
  Process =  ZTo2L
      Dataset =  HT600To800  ||   nEvents =  8862104
Applied ZTo2L qcd/ewk Weights correctly
          hist nEntries =  563.0
          hist integral =  0.48663214501
      Dataset =  HT1200To2500  ||   nEvents =  536416
Applied ZTo2L qcd/ewk Weights correctly
          hist nEntries =  41.0
          hist integral =  0.0593288585078
      Dataset =  HT100To200  ||   nEvents =  11530510
Applied ZTo2L qcd/ewk Weights correctly
          hist nEntries =  1.0
          hist integral =  0.0322810411453
      Dataset =  HT2500ToInf  ||   nEvents =  427051
Applied ZTo2L qcd/ewk Weights correctly
          hist nEntries =  60.0
          hist integral =  0.00188800640535
      Dataset =  HT800To1200  ||   nEvents =  3138129
Applied ZTo2L qcd/ewk Weights correctly
          hist nEntries =  198.0
          hist integral =  0.205363454297
      Dataset =  HT200To400  ||   nEvents =  10860690
Applied ZTo2L qcd/ewk Weights correctly
          hist nEntries =  77.0
          hist integral =  1.71201666258
      Dataset =  HT400To600  ||   nEvents =  46161988
Applied ZTo2L qcd/ewk Weights correctly
          hist nEntries =  2270.0
          hist integral =  1.60969092697
  Process =  singleTop
      Dataset =  ST_s-channel  ||   nEvents =  19890000
          hist nEntries =  1876.0
          hist integral =  1.39122490585
      Dataset =  ST_t-channel_antitop  ||   nEvents =  79090800
          hist nEntries =  963.0
          hist integral =  3.267932944
      Dataset =  ST_tW_top  ||   nEvents =  9598000
          hist nEntries =  1969.0
          hist integral =  28.6609219313
      Dataset =  ST_t-channel_top  ||   nEvents =  154307600
          hist nEntries =  2320.0
          hist integral =  6.78866566718
      Dataset =  ST_tW_antitop  ||   nEvents =  7527000
          hist nEntries =  1604.0
          hist integral =  29.7547968626
  Process =  WPlusJets
      Dataset =  HT200To400  ||   nEvents =  25468933
Applied WPlusJets qcd/ewk Weights correctly
          hist nEntries =  1645.0
          hist integral =  124.549564362
      Dataset =  HT70To100  ||   nEvents =  28084244
Applied WPlusJets qcdTFile::Append:0: RuntimeWarning: Replacing existing TH1: hist (Potential memory leak).
TFile::Append:0: RuntimeWarning: Replacing existing TH1: hist (Potential memory leak).
TFile::Append:0: RuntimeWarning: Replacing existing TH1: hist (Potential memory leak).
TFile::Append:0: RuntimeWarning: Replacing existing TH1: hist (Potential memory leak).
TFile::Append:0: RuntimeWarning: Replacing existing TH1: hist (Potential memory leak).
TFile::Append:0: RuntimeWarning: Replacing existing TH1: hist (Potential memory leak).
TFile::Append:0: RuntimeWarning: Replacing existing TH1: hist (Potential memory leak).
/ewk Weights correctly
          hist nEntries =  1.0
          hist integral =  0.390243560076
      Dataset =  HT600To800  ||   nEvents =  19771294
Applied WPlusJets qcd/ewk Weights correctly
          hist nEntries =  15967.0
          hist integral =  42.389182806
      Dataset =  HT1200To2500  ||   nEvents =  7633949
Applied WPlusJets qcd/ewk Weights correctly
          hist nEntries =  7604.0
          hist integral =  4.15718130767
      Dataset =  HT100To200  ||   nEvents =  29425374
Applied WPlusJets qcd/ewk Weights correctly
          hist nEntries =  5.0
          hist integral =  0.69536601752
      Dataset =  HT400To600  ||   nEvents =  5932701
Applied WPlusJets qcd/ewk Weights correctly
          hist nEntries =  3142.0
          hist integral =  132.785368681
      Dataset =  HT2500ToInf  ||   nEvents =  3273980
Applied WPlusJets qcd/ewk Weights correctly
          hist nEntries =  2619.0
          hist integral =  0.0259635726106
      Dataset =  HT800To1200  ||   nEvents =  8402687
Applied WPlusJets qcd/ewk Weights correctly
          hist nEntries =  7769.0
          hist integral =  19.4335884452
-----------------------------
Total data background nEvents =  2124.0
Total data background integral =  2076.0
-----------------------------
Total MC background nEvents =  516058.0
Total MC background integral =  1843.7092247
-----------------------------
Total tt+DM signal nEvents =  618.4
Total tt+DM signal integral =  19.8908047676
-----------------------------
-----------------------------
FOM for tt+DM signal =  0.463240093304
-----------------------------
Data bin errors:
    bin 0: 6.92820323028
    bin 1: 11.401754251
    bin 2: 11.7046999107
    bin 3: 12.2474487139
    bin 4: 11.7046999107
    bin 5: 11.2249721603
    bin 6: 11.8321595662
    bin 7: 10.8627804912
    bin 8: 11.0905365064
    bin 9: 12.3288280059
    bin 10: 12.1655250606
    bin 11: 11.874342087
    bin 12: 10.5830052443
    bin 13: 11.9582607431
    bin 14: 12.0
    bin 15: 11.401754251
-----------------------------
MC background bin errors:
    bin 0: 0.841088756979
    bin 1: 1.57181165216
    bin 2: 1.54850833594
    bin 3: 1.6962782949
    bin 4: 1.59377836602
    bin 5: 1.53483014261
    bin 6: 1.53124911203
    bin 7: 1.525032232
    bin 8: 1.48498406355
    bin 9: 1.53957162238
    bin 10: 1.48472170483
    bin 11: 1.49187585578
    bin 12: 1.56486419544
    bin 13: 1.55825545066
    bin 14: 1.51454915486
    bin 15: 1.51631263368
-----------------------------
tt+DM bin errors:
    bin 0: 0.599294486489
    bin 1: 1.03214164709
    bin 2: 0.996174891469
    bin 3: 1.0146007977
    bin 4: 0.981504907081
    bin 5: 0.961182101361
    bin 6: 0.969371007981
    bin 7: 0.999886593839
    bin 8: 0.985160289517
    bin 9: 1.0391282471
    bin 10: 0.94505740421
    bin 11: 0.962145300167
    bin 12: 0.973153612939
    bin 13: 0.964980305295
    bin 14: 1.00163031012
    bin 15: 0.946253424044
-----------------------------
-----------------------------
ttbar pseudoscalar hist info:
    nEvents =  33000.0
    integral =  329.857299328
ZTo2Nu hist info:
    nEvents =  118801.0
    integral =  720.165405273
TTTo2L2Nu hist info:
    nEvents =  7807.0
    integral =  42.5107063651
singleTop hist info:
    nEvents =  8732.0
    integral =  69.8635424376
TTV hist info:
    nEvents =  133953.0
    integral =  12.3989470005
bkgSum hist info:
    nEvents =  516058.0
    integral =  1843.7092247
ttbar scalar hist info:
    nEvents =  12368.0
    integral =  397.816095352
VV hist info:
    nEvents =  82064.0
    integral =  73.5997731686
QCD hist info:
    nEvents =  108.0
    integral =  6.90000386164
ZTo2L hist info:
    nEvents =  3210.0
    integral =  4.10720109195
data hist info:
    nEvents =  2124.0
    integral =  2076.0
WPlusJets hist info:
    nEvents =  38752.0
    integral =  324.42645216
TTToSemiLepton hist info:
    nEvents =  122631.0
    integral =  589.737177849
Finished filling histograms
Creating stacked MC background histogram...
Finished stacking MC background histograms.
Drawing histograms...
Finished drawing histograms
DraInfo in <TCanvas::Print>: png file plots/SR_2018/Jet_phi/08_18_2021/AH0l0fSR2018_Jet_phi[index_centralJets[1]]_08_18_2021_preHEM_partialunblind.png has been created
wing ratio plot...
Finished drawing ratio plot
Plotting end time: 2021-08-19 01:12:02.948342
