Plotting start time: 2021-08-19 23:01:16.946586
Cut name =  SL1l1bSR
MC Selection Cuts =  (nTightElectrons == 1 && nVetoElectrons == 1 && nLooseMuons == 0 && njets >= 2 && nbjets >= 1 && METcorrected_pt >= 250 && Flag_goodVertices && Flag_globalSuperTightHalo2016Filter && Flag_HBHENoiseFilter && Flag_HBHENoiseIsoFilter && Flag_EcalDeadCellTriggerPrimitiveFilter && Flag_BadPFMuonFilter && Flag_ecalBadCalibFilterV2 && ((HLT_Ele32_WPTight_Gsf) || (HLT_Ele115_CaloIdVT_GsfTrkIdT || HLT_Photon200)) && ((METcorrected_phi <= -1.62) || (METcorrected_phi >= -0.82)) && nbjets == 1 && M_T >= 140 && M_T2W >= 180 && minDeltaPhi12 >= 0.8 && M_Tb >= 140) || (nTightMuons == 1 && nLooseMuons == 1 && nVetoElectrons == 0 && njets >= 2 && nbjets >= 1 && METcorrected_pt >= 250 && Flag_goodVertices && Flag_globalSuperTightHalo2016Filter && Flag_HBHENoiseFilter && Flag_HBHENoiseIsoFilter && Flag_EcalDeadCellTriggerPrimitiveFilter && Flag_BadPFMuonFilter && Flag_ecalBadCalibFilterV2 && (HLT_IsoMu24) && ((METcorrected_phi <= -1.62) || (METcorrected_phi >= -0.82)) && nbjets == 1 && M_T >= 140 && M_T2W >= 180 && minDeltaPhi12 >= 0.8 && M_Tb >= 140)
Data Selection Cuts =  (nTightElectrons == 1 && nVetoElectrons == 1 && nLooseMuons == 0 && njets >= 2 && nbjets >= 1 && METcorrected_pt >= 250 && Flag_goodVertices && Flag_globalSuperTightHalo2016Filter && Flag_HBHENoiseFilter && Flag_HBHENoiseIsoFilter && Flag_EcalDeadCellTriggerPrimitiveFilter && Flag_BadPFMuonFilter && Flag_ecalBadCalibFilterV2 && ((HLT_Ele32_WPTight_Gsf) || (HLT_Ele115_CaloIdVT_GsfTrkIdT || HLT_Photon200)) && ((METcorrected_phi <= -1.62) || (METcorrected_phi >= -0.82)) && nbjets == 1 && M_T >= 140 && M_T2W >= 180 && minDeltaPhi12 >= 0.8 && M_Tb >= 140) || (nTightMuons == 1 && nLooseMuons == 1 && nVetoElectrons == 0 && njets >= 2 && nbjets >= 1 && METcorrected_pt >= 250 && Flag_goodVertices && Flag_globalSuperTightHalo2016Filter && Flag_HBHENoiseFilter && Flag_HBHENoiseIsoFilter && Flag_EcalDeadCellTriggerPrimitiveFilter && Flag_BadPFMuonFilter && Flag_ecalBadCalibFilterV2 && (HLT_IsoMu24) && ((METcorrected_phi <= -1.62) || (METcorrected_phi >= -0.82)) && nbjets == 1 && M_T >= 140 && M_T2W >= 180 && minDeltaPhi12 >= 0.8 && M_Tb >= 140) && Flag_eeBadScFilter
var =  Jet_phi[index_centralJets[0]]
year =  2018
lumi =  7.75
saveDirectory =  plots/SR_2018/Jet_phi/
date =  08_18_2021
Creating histograms..
Finished making systematic histogram dictionary
Drawing data and ratio plot...
Selected both SingleMuon and SingleElectron dataset
Loading data sample root files and event trees...
    nevents in filepath = /hdfs/store/user/vshang/SingleElectron_Run2018A/EGamma/ModuleCommonSkim_06172021/tree_all.root: 143361
    nevents in filepath = /hdfs/store/user/vshang/SingleElectron_Run2018B/EGamma/ModuleCommonSkim_06172021/tree_all.root: 75698
    nevents in filepath = /hdfs/store/user/vshang/SingleElectron_Run2018C/EGamma/ModuleCommonSkim_06172021/tree_all.root: 129594
    nevents in filepath = /hdfs/store/user/vshang/SingleElectron_Run2018D/EGamma/ModuleCommonSkim_06172021/tree_all.root: 660806
    total nevents in  SingleElectron :  1009459
    nevents in filepath = /hdfs/store/user/vshang/SingleMuon_Run2018A/SingleMuon/ModuleCommonSkim_06172021/tree_all.root: 218787
    nevents in filepath = /hdfs/store/user/vshang/SingleMuon_Run2018B/SingleMuon/ModuleCommonSkim_06172021/tree_all.root: 124283
    nevents in filepath = /hdfs/store/user/vshang/SingleMuon_Run2018C/SingleMuon/ModuleCommonSkim_06172021/tree_all.root: 141514
    nevents in filepath = /hdfs/store/user/vshang/SingleMuon_Run2018D/SingleMuon/ModuleCommonSkim_06172021/tree_all.root: 663427
    total nevents in  SingleMuon :  1148011
Got data sample root files and event trees
Loading MC sample root files and event trees...
    nevents in  ZTo2Nu   HT600To800 :  5748975
    nevents in  ZTo2Nu   HT1200To2500 :  343198
    nevents in  ZTo2Nu   HT100To200 :  23702894
    nevents in  ZTo2Nu   HT2500ToInf :  359639
    nevents in  ZTo2Nu   HT800To1200 :  2066798
    nevents in  ZTo2Nu   HT200To400 :  23276346
    nevents in  ZTo2Nu   HT400To600 : Info in <TCanvas::MakeDefCanvas>:  created default TCanvas with name c1
TFile::Append:0: RuntimeWarning: Replacing existing TH1: hist (Potential memory leak).
TFile::Append:0: RuntimeWarning: Replacing existing TH1: hist (Potential memory leak).
 9511100
    nevents in  WW   WWTo1L1Nu2Q :  4683136
    nevents in  WW   WWTo4Q :  3790800
    nevents in  WW   WWTo2L2Nu :  7758900
    nevents in  ttbarPlusJets   TTToSemiLepton :  300619998
    nevents in  ttbarPlusJets   TTTo2L2Nu :  64310000
    nevents in  ttbar scalar   ttDM_MChi1_MPhi100_scalar :  1842523
    nevents in  ZZ   ZZTo2Q2Nu :  57633049
    nevents in  ZZ   ZZTo4L :  124649500
    nevents in  ZZ   ZZTo2L2Q :  27900469
    nevents in  ZZ   ZZTo2L2Nu :  56428600
    nevents in  QCD   HT700To1000 :  48158738
    nevents in  QCD   HT500To700 :  55152960
    nevents in  QCD   HT2000ToInf :  5475677
    nevents in  QCD   HT1000To1500 :  15466225
    nevents in  QCD   HT1500To2000 :  10955087
    nevents in  QCD   HT100To200 :  93972378
    nevents in  QCD   HT300To500 :  54661579
    nevents in  QCD   HT200To300 :  54289442
    nevents in  WZ   WZTo2Q2Nu :  30887331
    nevents in  WZ   WZTo2L2Q :  28193648
    nevents in  WZ   WZTo3LNu :  11248318
    nevents in  WZ   WZTo1L3Nu :  1690064
    nevents in  WZ   WZTo1L1Nu2Q :  18273533
    nevents in  ttbar pseudoscalar   ttDM_MChi1_MPhi100_pseudo :  1607992
    nevents in  TTV   TTZToQQ :  9572000
    nevents in  TTV   TTWJetsToLNu :  4911941
    nevents in  TTV   TTWJetsToQQ :  835296
    nevents in  TTV   TTZToLLNuNu :  13280000
    nevents in  ZTo2L   HT600To800 :  8862104
    nevents in  ZTo2L   HT1200To2500 :  536416
    nevents in  ZTo2L   HT100To200 :  11530510
    nevents in  ZTo2L   HT2500ToInf :  427051
    nevents in  ZTo2L   HT800To1200 :  3138129
    nevents in  ZTo2L   HT200To400 :  10860690
    nevents in  ZTo2L   HT400To600 :  46161988
    nevents in  singleTop   ST_s-channel :  19890000
    nevents in  singleTop   ST_t-channel_antitop :  79090800
    nevents in  singleTop   ST_tW_top :  9598000
    nevents in  singleTop   ST_t-channel_top :  154307600
    nevents in  singleTop   ST_tW_antitop :  7527000
    nevents in  WPlusJets   HT200To400 :  25468933
    nevents in  WPlusJets   HT70To100 :  28084244
    nevents in  WPlusJets   HT600To800 :  19771294
    nevents in  WPlusJets   HT1200To2500 :  7633949
    nevents in  WPlusJets   HT100To200 :  29425374
    nevents in  WPlusJets   HT400To600 :  5932701
    nevents in  WPlusJets   HT2500ToInf :  3273980
    nevents in  WPlusJets   HT800To1200 :  8402687
Got MC sample root files and event trees
Filling histograms...
  Dataset =  SingleElectron  ||   nEvents =  1009459
  Using cut =  nTightElectrons == 1 && nVetoElectrons == 1 && nLooseMuons == 0 && njets >= 2 && nbjets >= 1 && METcorrected_pt >= 250 && Flag_goodVertices && Flag_globalSuperTightHalo2016Filter && Flag_HBHENoiseFilter && Flag_HBHENoiseIsoFilter && Flag_EcalDeadCellTriggerPrimitiveFilter && Flag_BadPFMuonFilter && Flag_ecalBadCalibFilterV2 && ((HLT_Ele32_WPTight_Gsf) || (HLT_Ele115_CaloIdVT_GsfTrkIdT || HLT_Photon200)) && ((METcorrected_phi <= -1.62) || (METcorrected_phi >= -0.82)) && nbjets == 1 && M_T >= 140 && M_T2W >= 180 && minDeltaPhi12 >= 0.8 && M_Tb >= 140 && Flag_eeBadScFilter
    hist nEntries =  0.0
    hist integral =  0.0
    hist_data nEntries =  0.0
    hist_data integral =  0.0
  Using cut =  nTightElectrons == 1 && nVetoElectrons == 1 && nLooseMuons == 0 && njets >= 2 && nbjets >= 1 && METcorrected_pt >= 250 && Flag_goodVertices && Flag_globalSuperTightHalo2016Filter && Flag_HBHENoiseFilter && Flag_HBHENoiseIsoFilter && Flag_EcalDeadCellTriggerPrimitiveFilter && Flag_BadPFMuonFilter && Flag_ecalBadCalibFilterV2 && ((HLT_Ele32_WPTight_Gsf) || (HLT_Ele115_CaloIdVT_GsfTrkIdT || HLT_Photon200)) && ((METcorrected_phi <= -1.62) || (METcorrected_phi >= -0.82)) && nbjets == 1 && M_T >= 140 && M_T2W >= 180 && minDeltaPhi12 >= 0.8 && M_Tb >= 140 && Flag_eeBadScFilter
    hist nEntries =  0.0
    hist integral =  0.0
    hist_data nEntries =  0.0
    hist_data integral =  0.0
  Using cut =  nTightElectrons == 1 && nVetoElectrons == 1 && nLooseMuons == 0 && njets >= 2 && nbjets >= 1 && METcorrected_pt >= 250 && Flag_goodVertices && Flag_globalSuperTightHalo2016Filter && Flag_HBHENoiseFilter && Flag_HBHENoiseIsoFilter && Flag_TFile::Append:0: RuntimeWarning: Replacing existing TH1: hist (Potential memory leak).
TFile::Append:0: RuntimeWarning: Replacing existing TH1: hist (Potential memory leak).
TFile::Append:0: RuntimeWarning: Replacing existing TH1: hist (Potential memory leak).
TFile::Append:0: RuntimeWarning: Replacing existing TH1: hist (Potential memory leak).
TFile::Append:0: RuntimeWarning: Replacing existing TH1: hist (Potential memory leak).
TFile::Append:0: RuntimeWarning: Replacing existing TH1: hist (Potential memory leak).
TFile::Append:0: RuntimeWarning: Replacing existing TH1: hist (Potential memory leak).
EcalDeadCellTriggerPrimitiveFilter && Flag_BadPFMuonFilter && Flag_ecalBadCalibFilterV2 && ((HLT_Ele32_WPTight_Gsf) || (HLT_Ele115_CaloIdVT_GsfTrkIdT || HLT_Photon200)) && ((METcorrected_phi <= -1.62) || (METcorrected_phi >= -0.82)) && nbjets == 1 && M_T >= 140 && M_T2W >= 180 && minDeltaPhi12 >= 0.8 && M_Tb >= 140 && Flag_eeBadScFilter
    hist nEntries =  8.0
    hist integral =  8.0
    hist_data nEntries =  8.0
    hist_data integral =  8.0
  Using cut =  nTightElectrons == 1 && nVetoElectrons == 1 && nLooseMuons == 0 && njets >= 2 && nbjets >= 1 && METcorrected_pt >= 250 && Flag_goodVertices && Flag_globalSuperTightHalo2016Filter && Flag_HBHENoiseFilter && Flag_HBHENoiseIsoFilter && Flag_EcalDeadCellTriggerPrimitiveFilter && Flag_BadPFMuonFilter && Flag_ecalBadCalibFilterV2 && ((HLT_Ele32_WPTight_Gsf) || (HLT_Ele115_CaloIdVT_GsfTrkIdT || HLT_Photon200)) && ((METcorrected_phi <= -1.62) || (METcorrected_phi >= -0.82)) && nbjets == 1 && M_T >= 140 && M_T2W >= 180 && minDeltaPhi12 >= 0.8 && M_Tb >= 140 && Flag_eeBadScFilter
    hist nEntries =  35.0
    hist integral =  35.0
    hist_data nEntries =  43.0
    hist_data integral =  43.0
  Dataset =  SingleMuon  ||   nEvents =  1148011
  Using cut =  nTightMuons == 1 && nLooseMuons == 1 && nVetoElectrons == 0 && njets >= 2 && nbjets >= 1 && METcorrected_pt >= 250 && Flag_goodVertices && Flag_globalSuperTightHalo2016Filter && Flag_HBHENoiseFilter && Flag_HBHENoiseIsoFilter && Flag_EcalDeadCellTriggerPrimitiveFilter && Flag_BadPFMuonFilter && Flag_ecalBadCalibFilterV2 && (HLT_IsoMu24) && ((METcorrected_phi <= -1.62) || (METcorrected_phi >= -0.82)) && nbjets == 1 && M_T >= 140 && M_T2W >= 180 && minDeltaPhi12 >= 0.8 && M_Tb >= 140 && Flag_eeBadScFilter
    hist nEntries =  0.0
    hist integral =  0.0
    hist_data nEntries =  43.0
    hist_data integral =  43.0
  Using cut =  nTightMuons == 1 && nLooseMuons == 1 && nVetoElectrons == 0 && njets >= 2 && nbjets >= 1 && METcorrected_pt >= 250 && Flag_goodVertices && Flag_globalSuperTightHalo2016Filter && Flag_HBHENoiseFilter && Flag_HBHENoiseIsoFilter && Flag_EcalDeadCellTriggerPrimitiveFilter && Flag_BadPFMuonFilter && Flag_ecalBadCalibFilterV2 && (HLT_IsoMu24) && ((METcorrected_phi <= -1.62) || (METcorrected_phi >= -0.82)) && nbjets == 1 && M_T >= 140 && M_T2W >= 180 && minDeltaPhi12 >= 0.8 && M_Tb >= 140 && Flag_eeBadScFilter
    hist nEntries =  0.0
    hist integral =  0.0
    hist_data nEntries =  43.0
    hist_data integral =  43.0
  Using cut =  nTightMuons == 1 && nLooseMuons == 1 && nVetoElectrons == 0 && njets >= 2 && nbjets >= 1 && METcorrected_pt >= 250 && Flag_goodVertices && Flag_globalSuperTightHalo2016Filter && Flag_HBHENoiseFilter && Flag_HBHENoiseIsoFilter && Flag_EcalDeadCellTriggerPrimitiveFilter && Flag_BadPFMuonFilter && Flag_ecalBadCalibFilterV2 && (HLT_IsoMu24) && ((METcorrected_phi <= -1.62) || (METcorrected_phi >= -0.82)) && nbjets == 1 && M_T >= 140 && M_T2W >= 180 && minDeltaPhi12 >= 0.8 && M_Tb >= 140 && Flag_eeBadScFilter
    hist nEntries =  12.0
    hist integral =  12.0
    hist_data nEntries =  55.0
    hist_data integral =  55.0
  Using cut =  nTightMuons == 1 && nLooseMuons == 1 && nVetoElectrons == 0 && njets >= 2 && nbjets >= 1 && METcorrected_pt >= 250 && Flag_goodVertices && Flag_globalSuperTightHalo2016Filter && Flag_HBHENoiseFilter && Flag_HBHENoiseIsoFilter && Flag_EcalDeadCellTriggerPrimitiveFilter && Flag_BadPFMuonFilter && Flag_ecalBadCalibFilterV2 && (HLT_IsoMu24) && ((METcorrected_phi <= -1.62) || (METcorrected_phi >= -0.82)) && nbjets == 1 && M_T >= 140 && M_T2W >= 180 && minDeltaPhi12 >= 0.8 && M_Tb >= 140 && Flag_eeBadScFilter
    hist nEntries =  48.0
    hist integral =  46.0
    hist_data nEntries =  103.0
    hist_data integral =  101.0
  Process =  ZTo2Nu
      Dataset =  HT600To800  ||   nEvents =  5748975
Applied ZTo2Nu qcd/ewk Weights correctly
          hist nEntries =  4.0
          hist integral =  0.01482485421
      Dataset =  HT1200To2500  ||   nEvents =  343198
Applied ZTo2Nu qcd/ewk Weights correctly
          hist nEntries =  1.0
          hist integral =  0.0TFile::Append:0: RuntimeWarning: Replacing existing TH1: hist (Potential memory leak).
TFile::Append:0: RuntimeWarning: Replacing existing TH1: hist (Potential memory leak).
TFile::Append:0: RuntimeWarning: Replacing existing TH1: hist (Potential memory leak).
TFile::Append:0: RuntimeWarning: Replacing existing TH1: hist (Potential memory leak).
TFile::Append:0: RuntimeWarning: Replacing existing TH1: hist (Potential memory leak).
TFile::Append:0: RuntimeWarning: Replacing existing TH1: hist (Potential memory leak).
TFile::Append:0: RuntimeWarning: Replacing existing TH1: hist (Potential memory leak).
TFile::Append:0: RuntimeWarning: Replacing existing TH1: hist (Potential memory leak).
TFile::Append:0: RuntimeWarning: Replacing existing TH1: hist (Potential memory leak).
TFile::Append:0: RuntimeWarning: Replacing existing TH1: hist (Potential memory leak).
TFile::Append:0: RuntimeWarning: Replacing existing TH1: hist (Potential memory leak).
TFile::Append:0: RuntimeWarning: Replacing existing TH1: hist (Potential memory leak).
TFile::Append:0: RuntimeWarning: Replacing existing TH1: hist (Potential memory leak).
TFile::Append:0: RuntimeWarning: Replacing existing TH1: hist (Potential memory leak).
TFile::Append:0: RuntimeWarning: Replacing existing TH1: hist (Potential memory leak).
TFile::Append:0: RuntimeWarning: Replacing existing TH1: hist (Potential memory leak).
TFile::Append:0: RuntimeWarning: Replacing existing TH1: hist (Potential memory leak).
TFile::Append:0: RuntimeWarning: Replacing existing TH1: hist (Potential memory leak).
TFile::Append:0: RuntimeWarning: Replacing existing TH1: hist (Potential memory leak).
TFile::Append:0: RuntimeWarning: Replacing existing TH1: hist (Potential memory leak).
TFile::Append:0: RuntimeWarning: Replacing existing TH1: hist (Potential memory leak).
TFile::Append:0: RuntimeWarning: Replacing existing TH1: hist (Potential memory leak).
TFile::Append:0: RuntimeWarning: Replacing existing TH1: hist (Potential memory leak).
TFile::Append:0: RuntimeWarning: Replacing existing TH1: hist (Potential memory leak).
TFile::Append:0: RuntimeWarning: Replacing existing TH1: hist (Potential memory leak).
TFile::Append:0: RuntimeWarning: Replacing existing TH1: hist (Potential memory leak).
TFile::Append:0: RuntimeWarning: Replacing existing TH1: hist (Potential memory leak).
TFile::Append:0: RuntimeWarning: Replacing existing TH1: hist (Potential memory leak).
TFile::Append:0: RuntimeWarning: Replacing existing TH1: hist (Potential memory leak).
TFile::Append:0: RuntimeWarning: Replacing existing TH1: hist (Potential memory leak).
042931814678
      Dataset =  HT100To200  ||   nEvents =  23702894
Applied ZTo2Nu qcd/ewk Weights correctly
          hist nEntries =  0.0
          hist integral =  0.0
      Dataset =  HT2500ToInf  ||   nEvents =  359639
Applied ZTo2Nu qcd/ewk Weights correctly
          hist nEntries =  2.0
          hist integral =  0.000199741050892
      Dataset =  HT800To1200  ||   nEvents =  2066798
Applied ZTo2Nu qcd/ewk Weights correctly
          hist nEntries =  5.0
          hist integral =  0.0229618179146
      Dataset =  HT200To400  ||   nEvents =  23276346
Applied ZTo2Nu qcd/ewk Weights correctly
          hist nEntries =  2.0
          hist integral =  0.0580673962831
      Dataset =  HT400To600  ||   nEvents =  9511100
Applied ZTo2Nu qcd/ewk Weights correctly
          hist nEntries =  6.0
          hist integral =  0.0902650702046
  Process =  WW
      Dataset =  WWTo1L1Nu2Q  ||   nEvents =  4683136
          hist nEntries =  28.0
          hist integral =  3.77384012938
      Dataset =  WWTo4Q  ||   nEvents =  3790800
          hist nEntries =  0.0
          hist integral =  0.0
      Dataset =  WWTo2L2Nu  ||   nEvents =  7758900
          hist nEntries =  123.0
          hist integral =  1.44663718715
  Process =  ttbarPlusJets
      Dataset =  TTToSemiLepton  ||   nEvents =  300619998
          hist nEntries =  318.0
          hist integral =  2.27052866668
      Dataset =  TTTo2L2Nu  ||   nEvents =  64310000
          hist nEntries =  6489.0
          hist integral =  61.0889474154
  Process =  ttbar scalar
      Dataset =  ttDM_MChi1_MPhi100_scalar  ||   nEvents =  1842523
          hist nEntries =  2641.0
          hist integral =  7.47968171537
  Process =  ZZ
      Dataset =  ZZTo2Q2Nu  ||   nEvents =  57633049
          hist nEntries =  6.0
          hist integral =  0.00209987942071
      Dataset =  ZZTo4L  ||   nEvents =  124649500
          hist nEntries =  27.0
          hist integral =  0.00236352276988
      Dataset =  ZZTo2L2Q  ||   nEvents =  27900469
          hist nEntries =  3.0
          hist integral =  0.00303278781939
      Dataset =  ZZTo2L2Nu  ||   nEvents =  56428600
          hist nEntries =  1755.0
          hist integral =  0.142755209468
  Process =  QCD
      Dataset =  HT700To1000  ||   nEvents =  48158738
          hist nEntries =  0.0
          hist integral =  0.0
      Dataset =  HT500To700  ||   nEvents =  55152960
          hist nEntries =  0.0
          hist integral =  0.0
      Dataset =  HT2000ToInf  ||   nEvents =  5475677
          hist nEntries =  1.0
          hist integral =  0.0122123416513
      Dataset =  HT1000To1500  ||   nEvents =  15466225
          hist nEntries =  0.0
          hist integral =  0.0
      Dataset =  HT1500To2000  ||   nEvents =  10955087
          hist nEntries =  0.0
          hist integral =  0.0
      Dataset =  HT100To200  ||   nEvents =  93972378
          hist nEntries =  0.0
          hist integral =  0.0
      Dataset =  HT300To500  ||   nEvents =  54661579
          hist nEntries =  0.0
          hist integral =  0.0
      Dataset =  HT200To300  ||   nEvents =  54289442
          hist nEntries =  0.0
          hist integral =  0.0
  Process =  WZ
      Dataset =  WZTo2Q2Nu  ||   nEvents =  30887331
          hist nEntries =  6.0
          hist integral =  0.0111850559479
      Dataset =  WZTo2L2Q  ||   nEvents =  28193648
          hist nEntries =  7.0
          hist integral =  0.0132566710236
      Dataset =  WZTo3LNu  ||   nEvents =  11248318
          hist nEntries =  67.0
          hist integral =  0.245228494052
      Dataset =  WZTo1L3Nu  ||   nEvents =  1690064
          hist nEntries =  195.0
          hist integral =  2.90170632303
      Dataset =  WZTo1L1Nu2Q  ||   nEvents =  18273533
          hist nEntries =  144.0
          hist integral =  0.647381301038
  Process =  ttbar pseudoscalar
      Dataset =  ttDM_MChi1_MPhi100_pseudo  ||   nEvents =  1607992
          hist nEntries =  8102.0
          hist integral =  7.09133031964
  Process =  TTV
      Dataset =  TTZToQQ  ||   nEvents =  9572000
          hist nEntries =  424.TFile::Append:0: RuntimeWarning: Replacing existing TH1: hist (Potential memory leak).
TFile::Append:0: RuntimeWarning: Replacing existing TH1: hist (Potential memory leak).
TFile::Append:0: RuntimeWarning: Replacing existing TH1: hist (Potential memory leak).
TFile::Append:0: RuntimeWarning: Replacing existing TH1: hist (Potential memory leak).
TFile::Append:0: RuntimeWarning: Replacing existing TH1: hist (Potential memory leak).
TFile::Append:0: RuntimeWarning: Replacing existing TH1: hist (Potential memory leak).
TFile::Append:0: RuntimeWarning: Replacing existing TH1: hist (Potential memory leak).
TFile::Append:0: RuntimeWarning: Replacing existing TH1: hist (Potential memory leak).
TFile::Append:0: RuntimeWarning: Replacing existing TH1: hist (Potential memory leak).
TFile::Append:0: RuntimeWarning: Replacing existing TH1: hist (Potential memory leak).
TFile::Append:0: RuntimeWarning: Replacing existing TH1: hist (Potential memory leak).
TFile::Append:0: RuntimeWarning: Replacing existing TH1: hist (Potential memory leak).
TFile::Append:0: RuntimeWarning: Replacing existing TH1: hist (Potential memory leak).
TFile::Append:0: RuntimeWarning: Replacing existing TH1: hist (Potential memory leak).
TFile::Append:0: RuntimeWarning: Replacing existing TH1: hist (Potential memory leak).
TFile::Append:0: RuntimeWarning: Replacing existing TH1: hist (Potential memory leak).
TFile::Append:0: RuntimeWarning: Replacing existing TH1: hist (Potential memory leak).
TFile::Append:0: RuntimeWarning: Replacing existing TH1: hist (Potential memory leak).
TFile::Append:0: RuntimeWarning: Replacing existing TH1: hist (Potential memory leak).
TFile::Append:0: RuntimeWarning: Replacing existing TH1: hist (Potential memory leak).
TFile::Append:0: RuntimeWarning: Replacing existing TH1: hist (Potential memory leak).
TFile::Append:0: RuntimeWarning: Replacing existing TH1: hist (Potential memory leak).
TFile::Append:0: RuntimeWarning: Replacing existing TH1: hist (Potential memory leak).
0
          hist integral =  0.155133611523
      Dataset =  TTWJetsToLNu  ||   nEvents =  4911941
          hist nEntries =  2910.0
          hist integral =  0.919327307492
      Dataset =  TTWJetsToQQ  ||   nEvents =  835296
          hist nEntries =  43.0
          hist integral =  0.142975667812
      Dataset =  TTZToLLNuNu  ||   nEvents =  13280000
          hist nEntries =  26619.0
          hist integral =  3.51039835811
  Process =  ZTo2L
      Dataset =  HT600To800  ||   nEvents =  8862104
Applied ZTo2L qcd/ewk Weights correctly
          hist nEntries =  11.0
          hist integral =  0.0130469073192
      Dataset =  HT1200To2500  ||   nEvents =  536416
Applied ZTo2L qcd/ewk Weights correctly
          hist nEntries =  2.0
          hist integral =  0.00626464723609
      Dataset =  HT100To200  ||   nEvents =  11530510
Applied ZTo2L qcd/ewk Weights correctly
          hist nEntries =  0.0
          hist integral =  0.0
      Dataset =  HT2500ToInf  ||   nEvents =  427051
Applied ZTo2L qcd/ewk Weights correctly
          hist nEntries =  4.0
          hist integral =  0.000272260716883
      Dataset =  HT800To1200  ||   nEvents =  3138129
Applied ZTo2L qcd/ewk Weights correctly
          hist nEntries =  8.0
          hist integral =  0.0146208660735
      Dataset =  HT200To400  ||   nEvents =  10860690
Applied ZTo2L qcd/ewk Weights correctly
          hist nEntries =  3.0
          hist integral =  0.132131289691
      Dataset =  HT400To600  ||   nEvents =  46161988
Applied ZTo2L qcd/ewk Weights correctly
          hist nEntries =  52.0
          hist integral =  0.05688954785
  Process =  singleTop
      Dataset =  ST_s-channel  ||   nEvents =  19890000
          hist nEntries =  8.0
          hist integral =  0.00982855027542
      Dataset =  ST_t-channel_antitop  ||   nEvents =  79090800
          hist nEntries =  2.0
          hist integral =  0.0155465528369
      Dataset =  ST_tW_top  ||   nEvents =  9598000
          hist nEntries =  226.0
          hist integral =  5.95981913805
      Dataset =  ST_t-channel_top  ||   nEvents =  154307600
          hist nEntries =  13.0
          hist integral =  0.0738242754014
      Dataset =  ST_tW_antitop  ||   nEvents =  7527000
          hist nEntries =  191.0
          hist integral =  6.26200354099
  Process =  WPlusJets
      Dataset =  HT200To400  ||   nEvents =  25468933
Applied WPlusJets qcd/ewk Weights correctly
          hist nEntries =  65.0
          hist integral =  9.38930723071
      Dataset =  HT70To100  ||   nEvents =  28084244
Applied WPlusJets qcd/ewk Weights correctly
          hist nEntries =  1.0
          hist integral =  0.549400269985
      Dataset =  HT600To800  ||   nEvents =  19771294
Applied WPlusJets qcd/ewk Weights correctly
          hist nEntries =  512.0
          hist integral =  2.11065109074
      Dataset =  HT1200To2500  ||   nEvents =  7633949
Applied WPlusJets qcd/ewk Weights correctly
          hist nEntries =  586.0
          hist integral =  0.463283581659
      Dataset =  HT100To200  ||   nEvents =  29425374
Applied WPlusJets qcd/ewk Weights correctly
          hist nEntries =  5.0
          hist integral =  2.18604400754
      Dataset =  HT400To600  ||   nEvents =  5932701
Applied WPlusJets qcd/ewk Weights correctly
          hist nEntries =  73.0
          hist integral =  5.18363811076
      Dataset =  HT2500ToInf  ||   nEvents =  3273980
Applied WPlusJets qcd/ewk Weights correctly
          hist nEntries =  500.0
          hist integral =  0.00744456346729
      Dataset =  HT800To1200  ||   nEvents =  8402687
Applied WPlusJets qcd/ewk Weights correctly
          hist nEntries =  368.0
          hist integral =  1.35305551067
-----------------------------
Total data background nEvents =  103.0
Total data background integral =  101.0
-----------------------------
Total MC background nEvents =  41815.0
Total MC background integral =  111.266693115
-----------------------------
Total tt+DM signal nEvents =  132.05
Total tt+DM signal integral =  7.47968173027
-----------------------------
-----------------------------
FOMInfo in <TCanvas::Print>: png file plots/SR_2018/Jet_phi/08_18_2021/SL1l1bSR2018_Jet_phi[index_centralJets[0]]_08_18_2021_postHEM_withHEMfix_partialunblind.png has been created
 for tt+DM signal =  0.709088640445
-----------------------------
Data bin errors:
    bin 0: 1.41421356237
    bin 1: 3.0
    bin 2: 3.46410161514
    bin 3: 2.64575131106
    bin 4: 3.87298334621
    bin 5: 2.82842712475
    bin 6: 4.35889894354
    bin 7: 3.16227766017
    bin 8: 3.16227766017
    bin 9: 1.73205080757
    bin 10: 2.2360679775
-----------------------------
MC background bin errors:
    bin 0: 0.397664346211
    bin 1: 0.709704784034
    bin 2: 0.919328739512
    bin 3: 0.677343847338
    bin 4: 0.716153600515
    bin 5: 0.921698035986
    bin 6: 0.5522958145
    bin 7: 0.598186139151
    bin 8: 0.422445023225
    bin 9: 0.408254266287
    bin 10: 1.04293456369
-----------------------------
tt+DM bin errors:
    bin 0: 0.51923513636
    bin 1: 1.02666018026
    bin 2: 1.09440492236
    bin 3: 1.06342876634
    bin 4: 1.07220928169
    bin 5: 1.03509936935
    bin 6: 0.946876029065
    bin 7: 0.902346346565
    bin 8: 0.787859252866
    bin 9: 0.809280296972
    bin 10: 0.921015052475
-----------------------------
-----------------------------
ttbar pseudoscalar hist info:
    nEvents =  8102.0
    integral =  141.826605797
ZTo2Nu hist info:
    nEvents =  20.0
    integral =  0.190612061066
TTTo2L2Nu hist info:
    nEvents =  6489.0
    integral =  61.0889474154
singleTop hist info:
    nEvents =  440.0
    integral =  12.3210221827
TTV hist info:
    nEvents =  29996.0
    integral =  4.72783492506
bkgSum hist info:
    nEvents =  41815.0
    integral =  111.266693115
ttbar scalar hist info:
    nEvents =  2641.0
    integral =  149.593634605
VV hist info:
    nEvents =  2361.0
    integral =  9.18948662281
QCD hist info:
    nEvents =  1.0
    integral =  0.0122123416513
ZTo2L hist info:
    nEvents =  80.0
    integral =  0.22322552558
data hist info:
    nEvents =  103.0
    integral =  101.0
WPlusJets hist info:
    nEvents =  2110.0
    integral =  21.2428244352
TTToSemiLepton hist info:
    nEvents =  318.0
    integral =  2.27052866668
Finished filling histograms
Creating stacked MC background histogram...
Finished stacking MC background histograms.
Drawing histograms...
Finished drawing histograms
Drawing ratio plot...
Finished drawing ratio plot
Plotting end time: 2021-08-19 23:08:34.714185
