plots/plot.py:976: SyntaxWarning: name 'counter' is used prior to global declaration
  global counter
Plotting start time: 2023-01-10 06:30:14.495030
Cut name =  AH0lZR
MC Selection Cuts =  (nVetoElectrons + nLooseMuons) == 0 && njets >= 3 && nbjets == 0 && METcorrected_pt >= 250 && ntaus == 0 && minDeltaPhi12 >= 0.8 && Flag_goodVertices && Flag_globalSuperTightHalo2016Filter && Flag_HBHENoiseFilter && Flag_HBHENoiseIsoFilter && Flag_EcalDeadCellTriggerPrimitiveFilter && Flag_BadPFMuonFilter && (HLT_PFMETNoMu120_PFMHTNoMu120_IDTight)
Data Selection Cuts =  (nVetoElectrons + nLooseMuons) == 0 && njets >= 3 && nbjets == 0 && METcorrected_pt >= 250 && ntaus == 0 && minDeltaPhi12 >= 0.8 && Flag_goodVertices && Flag_globalSuperTightHalo2016Filter && Flag_HBHENoiseFilter && Flag_HBHENoiseIsoFilter && Flag_EcalDeadCellTriggerPrimitiveFilter && Flag_BadPFMuonFilter && (HLT_PFMETNoMu120_PFMHTNoMu120_IDTight) && Flag_eeBadScFilter
var =  METcorrected_pt
year =  2016
lumi =  36.33
saveDirectory =  plots/CR_2016/METcorrected_pt/
date =  12_15_2022
applying HEM fix for 2018...
Creating histograms..
Histogram options: 
    nbins =  15
    xmin =  250
    xmax =  550
    auto_y =  True
    doLogPlot =  True
    drawData =  True
    mediatorType =  scalar
    mchi =  1
    mphi =  100
    normalizePlots =  False
    useCentralSamples =  True
    doBinned =  False
    savePlots =  True
    combineEleMu =  True
    doSys =  False
    doSysFirstHalf =  False
    doSysSecondHalf =  False
    drawOverflow =  True
    drawUnderflow =  False
    plotSys =  False
    plotSysVar =  CMS_trig_m
    plotSysSignal =  False
Drawing data and ratio plot...
Selected MET dataset
Loading data sample root files and event trees...
    ----Loading /hdfs/store/user/vshang/MET_Run2016B/MET/ModuleCommonSkim_11102022/tree_all.root
    nevents in filepath = /hdfs/store/user/vshang/MET_Run2016B/MET/ModuleCommonSkim_11102022/tree_all.root: 219903
    ----Loading /hdfs/store/user/vshang/MET_Run2016C/MET/ModuleCommonSkim_11102022/tree_all.root
    nevents in filepath = /hdfs/store/user/vshang/MET_Run2016C/MET/ModuleCommonSkim_11102022/tree_all.root: 96859
    ----Loading /hdfs/store/user/vshang/MET_Run2016D/MET/ModuleCommonSkim_11102022/tree_all.root
    nevents in filepath = /hdfs/store/user/vshang/MET_Run2016D/MET/ModuleCommonSkim_11102022/tree_all.root: 158485
    ----Loading /hdfs/store/user/vshang/MET_Run2016E/MET/ModuleCommonSkim_11102022/tree_all.root
    nevents in filepath = /hdfs/store/user/vshang/MET_Run2016E/MET/ModuleCommonSkim_11102022/tree_all.root: 153432
    ----Loading /hdfs/store/user/vshang/MET_Run2016F/MET/ModuleCommonSkim_11102022/tree_all.root
    nevents in filepath = /hdfs/store/user/vshang/MET_Run2016F/MET/ModuleCommonSkim_11102022/tree_all.root: 121103
    ----Loading /hdfs/store/user/vshang/MET_Run2016G/MET/ModuleCommonSkim_11102022/tree_all.root
    nevents in filepath = /hdfs/store/user/vshang/MET_Run2016G/MET/ModuleCommonSkim_11102022/tree_all.root: 282188
    ----Loading /hdfs/store/user/vshang/MET_Run2016H/MET/ModuleCommonSkim_11102022/tree_all.root
    nevents in filepath = /hdfs/store/user/vshang/MET_Run2016H/MET/ModuleCommonSkim_11102022/tree_all.root: 316279
    total nevents in  MET :  1348249
Got data sample root files and event trees
Loading MC sample root files and event trees...
    ----Loading HT600To800
    nevents in  ZTo2Nu   HT600To800 :  5693589
    ----Loading HT1200To2500
    nevents in  ZTo2Nu   HT1200To2500 :  513471
    ----Loading HT100To200
    nevents in  ZTo2Nu   HT100To200 :  24272858
    ----Loading HT2500ToInf
    nevents in  ZTo2Nu   HT2500ToInf :  405030
    ----Loading HT800To1200
    nevents in  ZTo2Nu   HT800To1200 :  2170137
    ----Loading HT200To400
    nevents in  ZTo2Nu   HT200To400 :  24761211
    ----Loading HT400To600
    nevents in  ZTo2Nu   HT400To600 :  9862869
    ----Loading tWChan_MChi1_MPhi100_scalar
    nevents in  tbar scalar   tWChan_MChi1_MPhi100_scalar :  157000
    ----Loading tChan_MChi1_MPhi100_scalar
    nevents in  tbar scalar   tChan_MChi1_MPhi100_scalar :  244000
    ----Loading WWTo1L1Nu2Q
    nevents in  WW   WWTo1L1Nu2Q :  5246469
    ----Loading WWTo4Q
    nevents in  WW  Info in <TCanvas::MakeDefCanvas>:  created default TCanvas with name c1
TFile::Append:0: RuntimeWarning: Replacing existing TH1: hist (Potential memory leak).
TFile::Append:0: RuntimeWarning: Replacing existing TH1: hist (Potential memory leak).
TFile::Append:0: RuntimeWarning: Replacing existing TH1: hist (Potential memory leak).
 WWTo4Q :  30324343
    ----Loading WWTo2L2Nu
    nevents in  WW   WWTo2L2Nu :  1999000
    ----Loading TTToSemiLepton
    nevents in  ttbarPlusJets   TTToSemiLepton :  152669800
    ----Loading TTTo2L2Nu
    nevents in  ttbarPlusJets   TTTo2L2Nu :  79140880
    ----Loading ttDM_MChi1_MPhi100_scalar
    nevents in  ttbar scalar   ttDM_MChi1_MPhi100_scalar :  2625075
    ----Loading ZZTo2Q2Nu
    nevents in  ZZ   ZZTo2Q2Nu :  30493038
    ----Loading ZZTo4L
    nevents in  ZZ   ZZTo4L :  103121112
    ----Loading ZZTo2L2Q
    nevents in  ZZ   ZZTo2L2Q :  15462693
    ----Loading ZZTo2L2Nu
    nevents in  ZZ   ZZTo2L2Nu :  52855410
    ----Loading ZZTo4Q
    nevents in  ZZ   ZZTo4Q :  30636849
    ----Loading HT700To1000
    nevents in  QCD   HT700To1000 :  37233786
    ----Loading HT500To700
    nevents in  QCD   HT500To700 :  62622029
    ----Loading HT2000ToInf
    nevents in  QCD   HT2000ToInf :  5804179
    ----Loading HT1000To1500
    nevents in  QCD   HT1000To1500 :  15210939
    ----Loading HT1500To2000
    nevents in  QCD   HT1500To2000 :  11839357
    ----Loading HT100To200
    nevents in  QCD   HT100To200 :  82293477
    ----Loading HT300To500
    nevents in  QCD   HT300To500 :  54552852
    ----Loading HT200To300
    nevents in  QCD   HT200To300 :  57580393
    ----Loading WZTo2Q2Nu
    nevents in  WZ   WZTo2Q2Nu :  17725159
    ----Loading WZTo2L2Q
    nevents in  WZ   WZTo2L2Q :  26445785
    ----Loading WZTo3LNu
    nevents in  WZ   WZTo3LNu :  19993200
    ----Loading WZTo1L3Nu
    nevents in  WZ   WZTo1L3Nu :  1703772
    ----Loading WZTo1L1Nu2Q
    nevents in  WZ   WZTo1L1Nu2Q :  24311445
    ----Loading TTZToQQ
    nevents in  TTV   TTZToQQ :  749400
    ----Loading TTWJetsToLNu
    nevents in  TTV   TTWJetsToLNu :  5280565
    ----Loading TTWJetsToQQ
    nevents in  TTV   TTWJetsToQQ :  833298
    ----Loading TTZToLLNuNu
    nevents in  TTV   TTZToLLNuNu :  13692628
    ----Loading HT600To800
    nevents in  ZTo2L   HT600To800 :  8292957
    ----Loading HT1200To2500
    nevents in  ZTo2L   HT1200To2500 :  596079
    ----Loading HT100To200
    nevents in  ZTo2L   HT100To200 :  11017086
    ----Loading HT2500ToInf
    nevents in  ZTo2L   HT2500ToInf :  399492
    ----Loading HT800To1200
    nevents in  ZTo2L   HT800To1200 :  2673066
    ----Loading HT200To400
    nevents in  ZTo2L   HT200To400 :  9609137
    ----Loading HT400To600
    nevents in  ZTo2L   HT400To600 :  9725661
    ----Loading ST_s-channel
    nevents in  singleTop   ST_s-channel :  1000000
    ----Loading ST_t-channel_antitop
    nevents in  singleTop   ST_t-channel_antitop :  38811017
    ----Loading ST_tW_top
    nevents in  singleTop   ST_tW_top :  6952830
    ----Loading ST_t-channel_top
    nevents in  singleTop   ST_t-channel_top :  58403420
    ----Loading ST_tW_antitop
    nevents in  singleTop   ST_tW_antitop :  6933094
    ----Loading HT200To400
    nevents in  WPlusJets   HT200To400 :  38984322
    ----Loading HT70To100
    nevents in  WPlusJets   HT70To100 :  10020533
    ----Loading HT600To800
    nevents in  WPlusJets   HT600To800 :  18687480
    ----Loading HT1200To2500
    nevents in  WPlusJets   HT1200To2500 :  6872441
    ----Loading HT100To200
    nevents in  WPlusJets   HT100To200 :  78043017
    ----Loading HT400To600
    nevents in  WPlusJets   HT400To600 :  7687800
    ----Loading HT2500ToInf
    nevents in  WPlusJets   HT2500ToInf :  2637821
    ----Loading HT800To1200
    nevents in  WPlusJets   HT800To1200 :  7830536
Got MC sample root files and event trees
Filling data histograms...
  Dataset =  MET  ||   nEvents =  1348249
    hist nEntries =  22395.0
    hist integral =  22395.0
    hist_data nEntries =  22395.0
    hist_data integral =  22395.0
    hist nEntries =  9712.0
    hist integral =  9712.0
    hist_data nEntries =  32107.0
    hist_data integral =  32107.0
    hist nEntries =  16625.0
    hist integral =  16625.0
    hist_data nEntries =  48732.0
    hist_data integral =  48732.0
    hist nEntries =  15911.0
    hist integral =  15911.0
    hist_data nEntries =  64643.0
    hist_data integral =  6464TFile::Append:0: RuntimeWarning: Replacing existing TH1: hist (Potential memory leak).
TFile::Append:0: RuntimeWarning: Replacing existing TH1: hist (Potential memory leak).
TFile::Append:0: RuntimeWarning: Replacing existing TH1: hist (Potential memory leak).
TFile::Append:0: RuntimeWarning: Replacing existing TH1: hist (Potential memory leak).
TFile::Append:0: RuntimeWarning: Replacing existing TH1: hist (Potential memory leak).
TFile::Append:0: RuntimeWarning: Replacing existing TH1: hist (Potential memory leak).
TFile::Append:0: RuntimeWarning: Replacing existing TH1: hist (Potential memory leak).
TFile::Append:0: RuntimeWarning: Replacing existing TH1: hist (Potential memory leak).
TFile::Append:0: RuntimeWarning: Replacing existing TH1: hist (Potential memory leak).
TFile::Append:0: RuntimeWarning: Replacing existing TH1: hist (Potential memory leak).
TFile::Append:0: RuntimeWarning: Replacing existing TH1: hist (Potential memory leak).
TFile::Append:0: RuntimeWarning: Replacing existing TH1: hist (Potential memory leak).
TFile::Append:0: RuntimeWarning: Replacing existing TH1: hist (Potential memory leak).
TFile::Append:0: RuntimeWarning: Replacing existing TH1: hist (Potential memory leak).
3.0
    hist nEntries =  12581.0
    hist integral =  12581.0
    hist_data nEntries =  77224.0
    hist_data integral =  77224.0
    hist nEntries =  30035.0
    hist integral =  30035.0
    hist_data nEntries =  107259.0
    hist_data integral =  107259.0
    hist nEntries =  33305.0
    hist integral =  33305.0
    hist_data nEntries =  140564.0
    hist_data integral =  140564.0
Filling MC histograms...
  Process =  ZTo2Nu
      Dataset =  HT600To800  ||   nEvents =  5693589
Applied ZTo2Nu qcd/ewk Weights correctly
          hist weight =  0.0163286232989*leptonWeight*bjetWeight*puWeight*muonTriggerWeight*EE_L1_prefire_Weight*electronTriggerWeight*METTriggerWeight*qcdZTo2NuWeight*ewkZWeight
          hist nEntries =  466716.0
          hist integral =  9084.05950928
      Dataset =  HT1200To2500  ||   nEvents =  513471
Applied ZTo2Nu qcd/ewk Weights correctly
          hist weight =  0.0204004294303*leptonWeight*bjetWeight*puWeight*muonTriggerWeight*EE_L1_prefire_Weight*electronTriggerWeight*METTriggerWeight*qcdZTo2NuWeight*ewkZWeight
          hist nEntries =  48058.0
          hist integral =  1096.1549778
      Dataset =  HT100To200  ||   nEvents =  24272858
Applied ZTo2Nu qcd/ewk Weights correctly
          hist weight =  0.419609240082*leptonWeight*bjetWeight*puWeight*muonTriggerWeight*EE_L1_prefire_Weight*electronTriggerWeight*METTriggerWeight*qcdZTo2NuWeight*ewkZWeight
          hist nEntries =  360.0
          hist integral =  191.288052786
      Dataset =  HT2500ToInf  ||   nEvents =  405030
Applied ZTo2Nu qcd/ewk Weights correctly
          hist weight =  0.000622946078068*leptonWeight*bjetWeight*puWeight*muonTriggerWeight*EE_L1_prefire_Weight*electronTriggerWeight*METTriggerWeight*qcdZTo2NuWeight*ewkZWeight
          hist nEntries =  34346.0
          hist integral =  27.0075101256
      Dataset =  HT800To1200  ||   nEvents =  2170137
Applied ZTo2Nu qcd/ewk Weights correctly
          hist weight =  0.0197475403627*leptonWeight*bjetWeight*puWeight*muonTriggerWeight*EE_L1_prefire_Weight*electronTriggerWeight*METTriggerWeight*qcdZTo2NuWeight*ewkZWeight
          hist nEntries =  201770.0
          hist integral =  4555.30796814
      Dataset =  HT200To400  ||   nEvents =  24761211
Applied ZTo2Nu qcd/ewk Weights correctly
          hist weight =  0.113958525696*leptonWeight*bjetWeight*puWeight*muonTriggerWeight*EE_L1_prefire_Weight*electronTriggerWeight*METTriggerWeight*qcdZTo2NuWeight*ewkZWeight
          hist nEntries =  178904.0
          hist integral =  26809.450754
      Dataset =  HT400To600  ||   nEvents =  9862869
Applied ZTo2Nu qcd/ewk Weights correctly
          hist weight =  0.039524087768*leptonWeight*bjetWeight*puWeight*muonTriggerWeight*EE_L1_prefire_Weight*electronTriggerWeight*METTriggerWeight*qcdZTo2NuWeight*ewkZWeight
          hist nEntries =  525204.0
          hist integral =  26099.9898987
  Process =  tbar scalar
      Dataset =  tWChan_MChi1_MPhi100_scalar  ||   nEvents =  157000
          hist weight =  0.0127131859873*leptonWeight*bjetWeight*puWeight*muonTriggerWeight*EE_L1_prefire_Weight*electronTriggerWeight*METTriggerWeight
          hist nEntries =  4803.0
          hist integral =  59.8168372512
      Dataset =  tChan_MChi1_MPhi100_scalar  ||   nEvents =  244000
          hist weight =  0.042404852459*leptonWeight*bjetWeight*puWeight*muonTriggerWeight*EE_L1_prefire_Weight*electronTriggerWeight*METTriggerWeight
          hist nEntries =  2689.0
          hist integral =  111.969573259
  Process =  WW
      Dataset =  WWTo1L1Nu2Q  ||   nEvents =  5246469
          hist weight =  0.346212092362*leptonWeight*bjetWeight*puWeight*muonTriggerWeight*EE_L1_prefire_Weight*electronTriggerWeight*METTriggerWeight
          hist nEntries =  6358.0
          hist integral =  2136.69115353
      Dataset =  WWTo4Q  ||   nEvents =  30324343
          hist weight =  0.0619666051792*leptonWeight*bjetWeight*puWeight*muonTriggerWeight*EE_L1_prefire_Weight*electronTriggerWeight*METTriggerWeight
          hist nEntries =  24.0
          hist integral =  1.34552074224
      Dataset =  WWTo2L2Nu  ||   TFile::Append:0: RuntimeWarning: Replacing existing TH1: hist (Potential memory leak).
TFile::Append:0: RuntimeWarning: Replacing existing TH1: hist (Potential memory leak).
TFile::Append:0: RuntimeWarning: Replacing existing TH1: hist (Potential memory leak).
TFile::Append:0: RuntimeWarning: Replacing existing TH1: hist (Potential memory leak).
TFile::Append:0: RuntimeWarning: Replacing existing TH1: hist (Potential memory leak).
TFile::Append:0: RuntimeWarning: Replacing existing TH1: hist (Potential memory leak).
TFile::Append:0: RuntimeWarning: Replacing existing TH1: hist (Potential memory leak).
TFile::Append:0: RuntimeWarning: Replacing existing TH1: hist (Potential memory leak).
TFile::Append:0: RuntimeWarning: Replacing existing TH1: hist (Potential memory leak).
TFile::Append:0: RuntimeWarning: Replacing existing TH1: hist (Potential memory leak).
TFile::Append:0: RuntimeWarning: Replacing existing TH1: hist (Potential memory leak).
TFile::Append:0: RuntimeWarning: Replacing existing TH1: hist (Potential memory leak).
TFile::Append:0: RuntimeWarning: Replacing existing TH1: hist (Potential memory leak).
TFile::Append:0: RuntimeWarning: Replacing existing TH1: hist (Potential memory leak).
nEvents =  1999000
          hist weight =  0.221324032016*leptonWeight*bjetWeight*puWeight*muonTriggerWeight*EE_L1_prefire_Weight*electronTriggerWeight*METTriggerWeight
          hist nEntries =  495.0
          hist integral =  105.09303923
  Process =  ttbarPlusJets
      Dataset =  TTToSemiLepton  ||   nEvents =  152669800
          hist weight =  0.0867023831825*leptonWeight*bjetWeight*puWeight*muonTriggerWeight*EE_L1_prefire_Weight*electronTriggerWeight*METTriggerWeight
          hist nEntries =  80465.0
          hist integral =  6795.18477249
      Dataset =  TTTo2L2Nu  ||   nEvents =  79140880
          hist weight =  0.040080073661*leptonWeight*bjetWeight*puWeight*muonTriggerWeight*EE_L1_prefire_Weight*electronTriggerWeight*METTriggerWeight
          hist nEntries =  13427.0
          hist integral =  516.791091561
  Process =  ttbar scalar
      Dataset =  ttDM_MChi1_MPhi100_scalar  ||   nEvents =  2625075
          hist weight =  0.0100014670438*leptonWeight*bjetWeight*puWeight*muonTriggerWeight*EE_L1_prefire_Weight*electronTriggerWeight*METTriggerWeight*GenModel__TTbarDMJets_Inclusive_scalar_LO_Mchi_1_Mphi_100_TuneCP5_13TeV_madgraph_mcatnlo_pythia8
          hist nEntries =  15052.0
          hist integral =  146.627019763
  Process =  ZZ
      Dataset =  ZZTo2Q2Nu  ||   nEvents =  30493038
          hist weight =  0.00481333476842*leptonWeight*bjetWeight*puWeight*muonTriggerWeight*EE_L1_prefire_Weight*electronTriggerWeight*METTriggerWeight
          hist nEntries =  208292.0
          hist integral =  982.91498661
      Dataset =  ZZTo4L  ||   nEvents =  103121112
          hist weight =  0.000426992680219*leptonWeight*bjetWeight*puWeight*muonTriggerWeight*EE_L1_prefire_Weight*electronTriggerWeight*METTriggerWeight
          hist nEntries =  308.0
          hist integral =  0.124477794179
      Dataset =  ZZTo2L2Q  ||   nEvents =  15462693
          hist weight =  0.00756547387961*leptonWeight*bjetWeight*puWeight*muonTriggerWeight*EE_L1_prefire_Weight*electronTriggerWeight*METTriggerWeight
          hist nEntries =  1279.0
          hist integral =  9.26469996944
      Dataset =  ZZTo2L2Nu  ||   nEvents =  52855410
          hist weight =  0.000387663627999*leptonWeight*bjetWeight*puWeight*muonTriggerWeight*EE_L1_prefire_Weight*electronTriggerWeight*METTriggerWeight
          hist nEntries =  19517.0
          hist integral =  7.23050159961
      Dataset =  ZZTo4Q  ||   nEvents =  30636849
          hist weight =  0.00811342772228*leptonWeight*bjetWeight*puWeight*muonTriggerWeight*EE_L1_prefire_Weight*electronTriggerWeight*METTriggerWeight
          hist nEntries =  30.0
          hist integral =  0.241876377586
  Process =  QCD
      Dataset =  HT700To1000  ||   nEvents =  37233786
          hist weight =  6.66518924506*leptonWeight*bjetWeight*puWeight*muonTriggerWeight*EE_L1_prefire_Weight*electronTriggerWeight*METTriggerWeight
          hist nEntries =  575.0
          hist integral =  3660.26001453
      Dataset =  HT500To700  ||   nEvents =  62622029
          hist weight =  18.6227277944*leptonWeight*bjetWeight*puWeight*muonTriggerWeight*EE_L1_prefire_Weight*electronTriggerWeight*METTriggerWeight
          hist nEntries =  83.0
          hist integral =  1446.93056488
      Dataset =  HT2000ToInf  ||   nEvents =  5804179
          hist weight =  0.157984307514*leptonWeight*bjetWeight*puWeight*muonTriggerWeight*EE_L1_prefire_Weight*electronTriggerWeight*METTriggerWeight
          hist nEntries =  1693.0
          hist integral =  264.293108702
      Dataset =  HT1000To1500  ||   nEvents =  15210939
          hist weight =  2.8828141379*leptonWeight*bjetWeight*puWeight*muonTriggerWeight*EE_L1_prefire_Weight*electronTriggerWeight*METTriggerWeight
          hist nEntries =  959.0
          hist integral =  2654.64719105
      Dataset =  HT1500To2000  ||   nEvents =  11839357
          hist weight =  0.367922599175*leptonWeight*bjetWeight*puWeight*muonTriggerWeight*EE_L1_prefire_Weight*electronTriggerWeight*METTriggerWeight
          hist nEntries =  1889.0
          hist integral =  657.087866783
      DaTFile::Append:0: RuntimeWarning: Replacing existing TH1: hist (Potential memory leak).
TFile::Append:0: RuntimeWarning: Replacing existing TH1: hist (Potential memory leak).
TFile::Append:0: RuntimeWarning: Replacing existing TH1: hist (Potential memory leak).
TFile::Append:0: RuntimeWarning: Replacing existing TH1: hist (Potential memory leak).
TFile::Append:0: RuntimeWarning: Replacing existing TH1: hist (Potential memory leak).
TFile::Append:0: RuntimeWarning: Replacing existing TH1: hist (Potential memory leak).
TFile::Append:0: RuntimeWarning: Replacing existing TH1: hist (Potential memory leak).
TFile::Append:0: RuntimeWarning: Replacing existing TH1: hist (Potential memory leak).
TFile::Append:0: RuntimeWarning: Replacing existing TH1: hist (Potential memory leak).
TFile::Append:0: RuntimeWarning: Replacing existing TH1: hist (Potential memory leak).
TFile::Append:0: RuntimeWarning: Replacing existing TH1: hist (Potential memory leak).
TFile::Append:0: RuntimeWarning: Replacing existing TH1: hist (Potential memory leak).
TFile::Append:0: RuntimeWarning: Replacing existing TH1: hist (Potential memory leak).
TFile::Append:0: RuntimeWarning: Replacing existing TH1: hist (Potential memory leak).
taset =  HT100To200  ||   nEvents =  82293477
          hist weight =  12356.7108484*leptonWeight*bjetWeight*puWeight*muonTriggerWeight*EE_L1_prefire_Weight*electronTriggerWeight*METTriggerWeight
          hist nEntries =  0.0
          hist integral =  0.0
      Dataset =  HT300To500  ||   nEvents =  54552852
          hist weight =  231.554181622*leptonWeight*bjetWeight*puWeight*muonTriggerWeight*EE_L1_prefire_Weight*electronTriggerWeight*METTriggerWeight*(event!=159953384)
          hist nEntries =  1.0
          hist integral =  195.705535889
      Dataset =  HT200To300  ||   nEvents =  57580393
          hist weight =  1080.1760245*leptonWeight*bjetWeight*puWeight*muonTriggerWeight*EE_L1_prefire_Weight*electronTriggerWeight*METTriggerWeight
          hist nEntries =  0.0
          hist integral =  0.0
  Process =  WZ
      Dataset =  WZTo2Q2Nu  ||   nEvents =  17725159
          hist weight =  0.0132979929827*leptonWeight*bjetWeight*puWeight*muonTriggerWeight*EE_L1_prefire_Weight*electronTriggerWeight*METTriggerWeight
          hist nEntries =  211788.0
          hist integral =  2751.14027786
      Dataset =  WZTo2L2Q  ||   nEvents =  26445785
          hist weight =  0.00768615301077*leptonWeight*bjetWeight*puWeight*muonTriggerWeight*EE_L1_prefire_Weight*electronTriggerWeight*METTriggerWeight
          hist nEntries =  3245.0
          hist integral =  24.1760360971
      Dataset =  WZTo3LNu  ||   nEvents =  19993200
          hist weight =  0.00804919595162*leptonWeight*bjetWeight*puWeight*muonTriggerWeight*EE_L1_prefire_Weight*electronTriggerWeight*METTriggerWeight
          hist nEntries =  1786.0
          hist integral =  13.7908075303
      Dataset =  WZTo1L3Nu  ||   nEvents =  1703772
          hist weight =  0.0646734950451*leptonWeight*bjetWeight*puWeight*muonTriggerWeight*EE_L1_prefire_Weight*electronTriggerWeight*METTriggerWeight
          hist nEntries =  4641.0
          hist integral =  290.112051725
      Dataset =  WZTo1L1Nu2Q  ||   nEvents =  24311445
          hist weight =  0.0160045731547*leptonWeight*bjetWeight*puWeight*muonTriggerWeight*EE_L1_prefire_Weight*electronTriggerWeight*METTriggerWeight
          hist nEntries =  39510.0
          hist integral =  613.243864775
  Process =  TTV
      Dataset =  TTZToQQ  ||   nEvents =  749400
          hist weight =  0.0256792113691*leptonWeight*bjetWeight*puWeight*muonTriggerWeight*EE_L1_prefire_Weight*electronTriggerWeight*METTriggerWeight
          hist nEntries =  635.0
          hist integral =  15.426570796
      Dataset =  TTWJetsToLNu  ||   nEvents =  5280565
          hist weight =  0.00140557288851*leptonWeight*bjetWeight*puWeight*muonTriggerWeight*EE_L1_prefire_Weight*electronTriggerWeight*METTriggerWeight
          hist nEntries =  9337.0
          hist integral =  12.7945463806
      Dataset =  TTWJetsToQQ  ||   nEvents =  833298
          hist weight =  0.0177094460805*leptonWeight*bjetWeight*puWeight*muonTriggerWeight*EE_L1_prefire_Weight*electronTriggerWeight*METTriggerWeight
          hist nEntries =  896.0
          hist integral =  15.1385608055
      Dataset =  TTZToLLNuNu  ||   nEvents =  13692628
          hist weight =  0.000671007566992*leptonWeight*bjetWeight*puWeight*muonTriggerWeight*EE_L1_prefire_Weight*electronTriggerWeight*METTriggerWeight
          hist nEntries =  125547.0
          hist integral =  81.8229849339
  Process =  ZTo2L
      Dataset =  HT600To800  ||   nEvents =  8292957
Applied ZTo2L qcd/ewk Weights correctly
          hist weight =  0.00598858887126*leptonWeight*bjetWeight*puWeight*muonTriggerWeight*EE_L1_prefire_Weight*electronTriggerWeight*METTriggerWeight*qcdZTo2LWeight*ewkZWeight
          hist nEntries =  12725.0
          hist integral =  88.6781122684
      Dataset =  HT1200To2500  ||   nEvents =  596079
Applied ZTo2L qcd/ewk Weights correctly
          hist weight =  0.00922757218422*leptonWeight*bjetWeight*puWeight*muonTriggerWeight*EE_L1_prefire_Weight*electronTriggerWeight*METTriggerWeight*qcdZTo2LWeight*ewkZWeight
          hist nEntries =  1335.0
          hist integral =  13.3596926033
    TFile::Append:0: RuntimeWarning: Replacing existing TH1: hist (Potential memory leak).
TFile::Append:0: RuntimeWarning: Replacing existing TH1: hist (Potential memory leak).
TFile::Append:0: RuntimeWarning: Replacing existing TH1: hist (Potential memory leak).
TFile::Append:0: RuntimeWarning: Replacing existing TH1: hist (Potential memory leak).
TFile::Append:0: RuntimeWarning: Replacing existing TH1: hist (Potential memory leak).
TFile::Append:0: RuntimeWarning: Replacing existing TH1: hist (Potential memory leak).
TFile::Append:0: RuntimeWarning: Replacing existing TH1: hist (Potential memory leak).
TFile::Append:0: RuntimeWarning: Replacing existing TH1: hist (Potential memory leak).
TFile::Append:0: RuntimeWarning: Replacing existing TH1: hist (Potential memory leak).
TFile::Append:0: RuntimeWarning: Replacing existing TH1: hist (Potential memory leak).
TFile::Append:0: RuntimeWarning: Replacing existing TH1: hist (Potential memory leak).
TFile::Append:0: RuntimeWarning: Replacing existing TH1: hist (Potential memory leak).
TFile::Append:0: RuntimeWarning: Replacing existing TH1: hist (Potential memory leak).
  Dataset =  HT100To200  ||   nEvents =  11017086
Applied ZTo2L qcd/ewk Weights correctly
          hist weight =  0.486067005377*leptonWeight*bjetWeight*puWeight*muonTriggerWeight*EE_L1_prefire_Weight*electronTriggerWeight*METTriggerWeight*qcdZTo2LWeight*ewkZWeight
          hist nEntries =  5.0
          hist integral =  3.42715638876
      Dataset =  HT2500ToInf  ||   nEvents =  399492
Applied ZTo2L qcd/ewk Weights correctly
          hist weight =  0.000324202862636*leptonWeight*bjetWeight*puWeight*muonTriggerWeight*EE_L1_prefire_Weight*electronTriggerWeight*METTriggerWeight*qcdZTo2LWeight*ewkZWeight
          hist nEntries =  1138.0
          hist integral =  0.410280571319
      Dataset =  HT800To1200  ||   nEvents =  2673066
Applied ZTo2L qcd/ewk Weights correctly
          hist weight =  0.00856785129885*leptonWeight*bjetWeight*puWeight*muonTriggerWeight*EE_L1_prefire_Weight*electronTriggerWeight*METTriggerWeight*qcdZTo2LWeight*ewkZWeight
          hist nEntries =  4901.0
          hist integral =  47.1230562031
      Dataset =  HT200To400  ||   nEvents =  9609137
Applied ZTo2L qcd/ewk Weights correctly
          hist weight =  0.154974031487*leptonWeight*bjetWeight*puWeight*muonTriggerWeight*EE_L1_prefire_Weight*electronTriggerWeight*METTriggerWeight*qcdZTo2LWeight*ewkZWeight
          hist nEntries =  1338.0
          hist integral =  263.84244512
      Dataset =  HT400To600  ||   nEvents =  9725661
Applied ZTo2L qcd/ewk Weights correctly
          hist weight =  0.0212100483453*leptonWeight*bjetWeight*puWeight*muonTriggerWeight*EE_L1_prefire_Weight*electronTriggerWeight*METTriggerWeight*qcdZTo2LWeight*ewkZWeight
          hist nEntries =  9965.0
          hist integral =  258.517641112
  Process =  singleTop
      Dataset =  ST_s-channel  ||   nEvents =  1000000
          hist weight =  0.1220688*leptonWeight*bjetWeight*puWeight*muonTriggerWeight*EE_L1_prefire_Weight*electronTriggerWeight*METTriggerWeight
          hist nEntries =  125.0
          hist integral =  14.8760566413
      Dataset =  ST_t-channel_antitop  ||   nEvents =  38811017
          hist weight =  0.0757752238237*leptonWeight*bjetWeight*puWeight*muonTriggerWeight*EE_L1_prefire_Weight*electronTriggerWeight*METTriggerWeight
          hist nEntries =  839.0
          hist integral =  62.2714734972
      Dataset =  ST_tW_top  ||   nEvents =  6952830
          hist weight =  0.187323794771*leptonWeight*bjetWeight*puWeight*muonTriggerWeight*EE_L1_prefire_Weight*electronTriggerWeight*METTriggerWeight
          hist nEntries =  1947.0
          hist integral =  356.200153112
      Dataset =  ST_t-channel_top  ||   nEvents =  58403420
          hist weight =  0.0846115963757*leptonWeight*bjetWeight*puWeight*muonTriggerWeight*EE_L1_prefire_Weight*electronTriggerWeight*METTriggerWeight
          hist nEntries =  1675.0
          hist integral =  137.844846725
      Dataset =  ST_tW_antitop  ||   nEvents =  6933094
          hist weight =  0.187857037565*leptonWeight*bjetWeight*puWeight*muonTriggerWeight*EE_L1_prefire_Weight*electronTriggerWeight*METTriggerWeight
          hist nEntries =  1970.0
          hist integral =  361.844623089
  Process =  WPlusJets
      Dataset =  HT200To400  ||   nEvents =  38984322
Applied WPlusJets qcd/ewk Weights correctly
          hist weight =  0.335209138689*leptonWeight*bjetWeight*puWeight*muonTriggerWeight*EE_L1_prefire_Weight*electronTriggerWeight*METTriggerWeight*qcdWWeight*ewkWWeight
          hist nEntries =  43617.0
          hist integral =  17802.2757984
      Dataset =  HT70To100  ||   nEvents =  10020533
Applied WPlusJets qcd/ewk Weights correctly
          hist weight =  4.97426234712*leptonWeight*bjetWeight*puWeight*muonTriggerWeight*EE_L1_prefire_Weight*electronTriggerWeight*METTriggerWeight*qcdWWeight*ewkWWeight
          hist nEntries =  0.0
          hist integral =  0.0
      Dataset =  HT600To800  ||   nEvents =  18687480
Applied WPlusJets qcd/ewk Weights correctly
          hist weight =  0.0234261922956*leptonWeight*bjetWeight*puWeight*muonTriggerWeight*EE_L1_prefire_Weight*electronTriggerWeight*MTFile::Append:0: RuntimeWarning: Replacing existing TH1: hist (Potential memory leak).
TFile::Append:0: RuntimeWarning: Replacing existing TH1: hist (Potential memory leak).
TFile::Append:0: RuntimeWarning: Replacing existing TH1: hist (Potential memory leak).
TFile::Append:0: RuntimeWarning: Replacing existing TH1: hist (Potential memory leak).
TFile::Append:0: RuntimeWarning: Replacing existing TH1: hist (Potential memory leak).
ETTriggerWeight*qcdWWeight*ewkWWeight
          hist nEntries =  241120.0
          hist integral =  6087.3299408
      Dataset =  HT1200To2500  ||   nEvents =  6872441
Applied WPlusJets qcd/ewk Weights correctly
          hist weight =  0.00702553430433*leptonWeight*bjetWeight*puWeight*muonTriggerWeight*EE_L1_prefire_Weight*electronTriggerWeight*METTriggerWeight*qcdWWeight*ewkWWeight
          hist nEntries =  105255.0
          hist integral =  752.859449387
      Dataset =  HT100To200  ||   nEvents =  78043017
Applied WPlusJets qcd/ewk Weights correctly
          hist weight =  0.626114313341*leptonWeight*bjetWeight*puWeight*muonTriggerWeight*EE_L1_prefire_Weight*electronTriggerWeight*METTriggerWeight*qcdWWeight*ewkWWeight
          hist nEntries =  220.0
          hist integral =  157.252659142
      Dataset =  HT400To600  ||   nEvents =  7687800
Applied WPlusJets qcd/ewk Weights correctly
          hist weight =  0.231132482635*leptonWeight*bjetWeight*puWeight*muonTriggerWeight*EE_L1_prefire_Weight*electronTriggerWeight*METTriggerWeight*qcdWWeight*ewkWWeight
          hist nEntries =  65926.0
          hist integral =  17379.5331345
      Dataset =  HT2500ToInf  ||   nEvents =  2637821
Applied WPlusJets qcd/ewk Weights correctly
          hist weight =  0.000442931040431*leptonWeight*bjetWeight*puWeight*muonTriggerWeight*EE_L1_prefire_Weight*electronTriggerWeight*METTriggerWeight*qcdWWeight*ewkWWeight
          hist nEntries =  38257.0
          hist integral =  19.2542123199
      Dataset =  HT800To1200  ||   nEvents =  7830536
Applied WPlusJets qcd/ewk Weights correctly
          hist weight =  0.0255220498316*leptonWeight*bjetWeight*puWeight*muonTriggerWeight*EE_L1_prefire_Weight*electronTriggerWeight*METTriggerWeight*qcdWWeight*ewkWWeight
          hist nEntries =  115065.0
          hist integral =  3049.72016907
-----------------------------
Total data background nEvents =  140564.0
Total data background integral =  140564.0
-----------------------------
Total MC background nEvents =  2835561.0
Total MC background integral =  137971.328186
-----------------------------
Total tt+DM signal nEvents =  15052.0
Total tt+DM signal integral =  146.627019763
Total t+DM signal nEvents =  7492.0
Total t+DM signal integral =  171.786410809
-----------------------------
FOM for tt+DM signal =  0.283024438624
FOM for t+DM signal =  0.31623067603
-----------------------------
Data bin content:
    bin 0: 0.0
    bin 1: 37794.0
    bin 2: 26493.0
    bin 3: 18970.0
    bin 4: 13697.0
    bin 5: 10228.0
    bin 6: 7451.0
    bin 7: 5527.0
    bin 8: 4335.0
    bin 9: 3271.0
    bin 10: 2552.0
    bin 11: 1984.0
    bin 12: 1535.0
    bin 13: 1247.0
    bin 14: 989.0
    bin 15: 770.0
    bin 16: 3721.0
-----------------------------
MC background bin content:
    bin 0: 0.0
    bin 1: 37014.6835938
    bin 2: 25580.3125
    bin 3: 18537.8203125
    bin 4: 13615.0527344
    bin 5: 9991.61914062
    bin 6: 7409.26269531
    bin 7: 5523.17089844
    bin 8: 4234.43847656
    bin 9: 3259.15527344
    bin 10: 2542.22119141
    bin 11: 1974.9519043
    bin 12: 1582.04003906
    bin 13: 1243.6151123
    bin 14: 975.33996582
    bin 15: 791.707336426
    bin 16: 3695.93701172
-----------------------------
tt+DM bin content:
    bin 0: 0.0
    bin 1: 33.079624176
    bin 2: 24.4028015137
    bin 3: 19.025812149
    bin 4: 14.5835094452
    bin 5: 10.9720726013
    bin 6: 9.02571296692
    bin 7: 6.92320632935
    bin 8: 5.42284488678
    bin 9: 4.58894634247
    bin 10: 3.51219654083
    bin 11: 2.76248431206
    bin 12: 2.33291983604
    bin 13: 1.55935299397
    bin 14: 1.49687218666
    bin 15: 1.15717744827
    bin 16: 5.78148603439
-----------------------------
t+DM bin content:
    bin 0: 0.0
    bin 1: 32.0678787231
    bin 2: 23.9056186676
    bin 3: 20.518409729
    bin 4: 16.2387619019
    bin 5: 12.8717727661
    bin 6: 10.2195472717
    bin 7: 9.0489320755
    bin 8: 7.91113615036
    bin 9: 6.41203594208
    bin 10: 4.86333370209
    bin 11: 4.03001880646
    bin 12: 3.60557937622
    bin 13: 2.97130250931
    bin 14: 2.114Info in <TCanvas::Print>: png file AH0lZR2016_METcorrected_pt_12_15_2022.png has been created
01629448
    bin 15: 1.98338580132
    bin 16: 13.0246810913
-----------------------------
Data bin errors:
    bin 0: 0.0
    bin 1: 194.406790005
    bin 2: 162.766704212
    bin 3: 137.731623094
    bin 4: 117.034183041
    bin 5: 101.133575038
    bin 6: 86.3191751582
    bin 7: 74.3437959752
    bin 8: 65.8407168855
    bin 9: 57.1926568713
    bin 10: 50.5173237613
    bin 11: 44.5421149026
    bin 12: 39.1790760483
    bin 13: 35.312887166
    bin 14: 31.448370387
    bin 15: 27.748873851
    bin 16: 61.0
-----------------------------
MC background bin errors:
    bin 0: 0.0
    bin 1: 271.824394195
    bin 2: 131.605454181
    bin 3: 111.508456818
    bin 4: 80.7963970066
    bin 5: 58.8709062134
    bin 6: 48.1492052751
    bin 7: 37.4128303607
    bin 8: 31.2761842523
    bin 9: 26.3801877661
    bin 10: 19.9765715861
    bin 11: 16.619426813
    bin 12: 14.7676391955
    bin 13: 13.2310378929
    bin 14: 9.85857124915
    bin 15: 8.03167002685
    bin 16: 13.3285325186
-----------------------------
tt+DM bin errors:
    bin 0: 0.0
    bin 1: 0.59278325631
    bin 2: 0.51067596169
    bin 3: 0.448700373297
    bin 4: 0.392260696411
    bin 5: 0.340777363247
    bin 6: 0.307973422752
    bin 7: 0.269758005053
    bin 8: 0.239512854214
    bin 9: 0.221055121792
    bin 10: 0.191452573666
    bin 11: 0.169164438752
    bin 12: 0.156221938298
    bin 13: 0.125111706876
    bin 14: 0.12635290354
    bin 15: 0.108689164153
    bin 16: 0.247777511631
-----------------------------
t+DM bin errors:
    bin 0: 0.0
    bin 1: 1.0829078607
    bin 2: 0.903448270914
    bin 3: 0.844194644598
    bin 4: 0.749481472705
    bin 5: 0.65732869263
    bin 6: 0.579348618765
    bin 7: 0.543770517635
    bin 8: 0.504840651328
    bin 9: 0.460655397761
    bin 10: 0.390933293044
    bin 11: 0.3523693348
    bin 12: 0.328110500645
    bin 13: 0.304808243593
    bin 14: 0.255010056404
    bin 15: 0.244418284257
    bin 16: 0.680450185838
-----------------------------
ZTo2Nu hist info:
    nEvents =  1455358.0
    integral =  67863.2581787
tbar scalar hist info:
    nEvents =  7492.0
    integral =  171.786410809
TTTo2L2Nu hist info:
    nEvents =  13427.0
    integral =  516.791091561
singleTop hist info:
    nEvents =  6556.0
    integral =  933.0371418
TTV hist info:
    nEvents =  136415.0
    integral =  125.182662725
bkgSum hist info:
    nEvents =  2835561.0
    integral =  137971.328186
ttbar scalar hist info:
    nEvents =  15052.0
    integral =  146.627019763
VV hist info:
    nEvents =  497273.0
    integral =  6935.36916733
QCD hist info:
    nEvents =  5200.0
    integral =  8878.92419052
ZTo2L hist info:
    nEvents =  31407.0
    integral =  675.358389497
data hist info:
    nEvents =  140564.0
    integral =  140564.0
WPlusJets hist info:
    nEvents =  609460.0
    integral =  45248.2248688
TTToSemiLepton hist info:
    nEvents =  80465.0
    integral =  6795.18477249
Finished filling histograms
Creating stacked MC background histogram...
Finished stacking MC background histograms.
Drawing histograms...
Finished drawing histograms
Drawing ratio plot...
Plotting end time: 2023-01-10 06:38:41.934930
