Plotting start time: 2021-08-11 23:03:40.545101
Cut name =  AH0l1fSR
MC Selection Cuts =  (nVetoElectrons + nLooseMuons) == 0 && njets >= 3 && nbjets == 1 && METcorrected_pt >= 250 && ntaus == 0 && minDeltaPhi > 0.4 && Flag_goodVertices && Flag_globalSuperTightHalo2016Filter && Flag_HBHENoiseFilter && Flag_HBHENoiseIsoFilter && Flag_EcalDeadCellTriggerPrimitiveFilter && Flag_BadPFMuonFilter && Flag_ecalBadCalibFilterV2 && (HLT_PFMETNoMu120_PFMHTNoMu120_IDTight || HLT_PFMETNoMu120_PFMHTNoMu120_IDTight_PFHT60) && nfjets >= 1 && minDeltaPhi12 >= 0.8 && M_Tb >= 140
Data Selection Cuts =  (nVetoElectrons + nLooseMuons) == 0 && njets >= 3 && nbjets == 1 && METcorrected_pt >= 250 && ntaus == 0 && minDeltaPhi > 0.4 && Flag_goodVertices && Flag_globalSuperTightHalo2016Filter && Flag_HBHENoiseFilter && Flag_HBHENoiseIsoFilter && Flag_EcalDeadCellTriggerPrimitiveFilter && Flag_BadPFMuonFilter && Flag_ecalBadCalibFilterV2 && (HLT_PFMETNoMu120_PFMHTNoMu120_IDTight || HLT_PFMETNoMu120_PFMHTNoMu120_IDTight_PFHT60) && nfjets >= 1 && minDeltaPhi12 >= 0.8 && M_Tb >= 140 && Flag_eeBadScFilter
var =  Jet_eta[index_centralJets[0]]
year =  2018
lumi =  11.966
saveDirectory =  plots/SR_2018/Jet_eta/
date =  08_11_2021
Creating histograms..
Finished making systematic histogram dictionary
Drawing data and ratio plot...
Selected MET dataset
Loading data sample root files and event trees...
    nevents in filepath = /hdfs/store/user/vshang/MET_Run2018A/MET/ModuleCommonSkim_06172021/tree_all.root: 1098394
    nevents in filepath = /hdfs/store/user/vshang/MET_Run2018B/MET/ModuleCommonSkim_06172021/tree_all.root: 556797
    nevents in filepath = /hdfs/store/user/vshang/MET_Run2018C/MET/ModuleCommonSkim_06172021/tree_all.root: 866305
    nevents in filepath = /hdfs/store/user/vshang/MET_Run2018D/MET/ModuleCommonSkim_06172021/tree_all.root: 4509098
    total nevents in  MET :  7030594
Got data sample root files and event trees
Loading MC sample root files and event trees...
    nevents in  ZTo2Nu   HT600To800 :  5748975
    nevents in  ZTo2Nu   HT1200To2500 :  343198
    nevents in  ZTo2Nu   HT100To200 :  23702894
    nevents in  ZTo2Nu   HT2500ToInf :  359639
    nevents in  ZTo2Nu   HT800To1200 :  2066798
    nevents in  ZTo2Nu   HT200To400 :  23276346
    nevents in  ZTo2Nu   HT400To600 :  9511100
    nevents in  WW   WWTo1L1Nu2Q :  4683136
    nevents in  WW   WWTo4Q :  3790800
    nevents in  WW   WWTo2L2Nu :  7758900
    nevents in  ttbarPlusJets   TTToSemiLepton :  300619998
    nevents in  ttbarPlusJets   TTTo2L2Nu :  64310000
    nevents in  ttbar scalar   ttDM_MChi1_MPhi100_scalar :  1842523
    nevents in  ZZ   ZZTo2Q2Nu :  57633049
    nevents in  ZZ   ZZTo4L :  124649500
    nevents in  ZZ   ZZTo2L2Q :  27900469
    nevents in  ZZ   ZZTo2L2Nu :  56428600
    nevents in  QCD   HT700To1000 :  48158738
    nevents in  QCD   HT500To700 :  55152960
    nevents in  QCD   HT2000ToInf :  5475677
    nevents in  QCD   HT1000To1500 :  15466225
    nevents in  QCD   HT1500To2000 :  10955087
    nevents in  QCD   HT100To200 :  93972378
    nevents in  QCD   HT300To500 :  54661579
    nevents in  QCD   HT200To300 :  54289442
    nevents in  WZ   WZTo2Q2Nu :  30887331
    nevents in  WZ   WZTo2L2Q :  28193648
    nevents in  WZ   WZTo3LNu :  11248318
    nevents in  WZ   WZTo1L3Nu :  1690064
    nevents in  WZ   WZTo1L1Nu2Q :  18273533
    nevents in  ttbar pseudoscalar   ttDM_MChi1_MPhi100_pseudo :  1607992
    nevents in  TTV   TTZToQQ :  9572000
    nevents in  TTV   TTWJetsToLNu :  4911941
    nevents in  TTV   TTWJetsToQQ :  835296
    nevents in  TTV   TTZToLLNuNu :  13280000
    nevents in  ZTo2L   HT600To800 :  8862104
    nevents in  ZTo2L   HT1200To2500 :  536416
    nevents in  ZTo2L   HT100To200 :  11530510
    nevents in  ZTo2L   HT2500ToInf :  427051
    nevents in  ZTo2L   HT800To1200 :  3138129
    nevents in  ZTo2L   HT200To400 :  10860690
    nevents in  ZTo2L   HT400To600 :  46161988
    nevents in  singleTop   ST_s-channel :  19890000
    nevents in  singleTop   ST_t-channel_antitop :  79090800
    nevents in  singleTop   ST_tW_top :Info in <TCanvas::MakeDefCanvas>:  created default TCanvas with name c1
TFile::Append:0: RuntimeWarning: Replacing existing TH1: hist (Potential memory leak).
TFile::Append:0: RuntimeWarning: Replacing existing TH1: hist (Potential memory leak).
TFile::Append:0: RuntimeWarning: Replacing existing TH1: hist (Potential memory leak).
TFile::Append:0: RuntimeWarning: Replacing existing TH1: hist (Potential memory leak).
TFile::Append:0: RuntimeWarning: Replacing existing TH1: hist (Potential memory leak).
TFile::Append:0: RuntimeWarning: Replacing existing TH1: hist (Potential memory leak).
TFile::Append:0: RuntimeWarning: Replacing existing TH1: hist (Potential memory leak).
TFile::Append:0: RuntimeWarning: Replacing existing TH1: hist (Potential memory leak).
TFile::Append:0: RuntimeWarning: Replacing existing TH1: hist (Potential memory leak).
TFile::Append:0: RuntimeWarning: Replacing existing TH1: hist (Potential memory leak).
TFile::Append:0: RuntimeWarning: Replacing existing TH1: hist (Potential memory leak).
TFile::Append:0: RuntimeWarning: Replacing existing TH1: hist (Potential memory leak).
TFile::Append:0: RuntimeWarning: Replacing existing TH1: hist (Potential memory leak).
TFile::Append:0: RuntimeWarning: Replacing existing TH1: hist (Potential memory leak).
TFile::Append:0: RuntimeWarning: Replacing existing TH1: hist (Potential memory leak).
TFile::Append:0: RuntimeWarning: Replacing existing TH1: hist (Potential memory leak).
TFile::Append:0: RuntimeWarning: Replacing existing TH1: hist (Potential memory leak).
TFile::Append:0: RuntimeWarning: Replacing existing TH1: hist (Potential memory leak).
TFile::Append:0: RuntimeWarning: Replacing existing TH1: hist (Potential memory leak).
TFile::Append:0: RuntimeWarning: Replacing existing TH1: hist (Potential memory leak).
TFile::Append:0: RuntimeWarning: Replacing existing TH1: hist (Potential memory leak).
TFile::Append:0: RuntimeWarning: Replacing existing TH1: hist (Potential memory leak).
TFile::Append:0: RuntimeWarning: Replacing existing TH1: hist (Potential memory leak).
  9598000
    nevents in  singleTop   ST_t-channel_top :  154307600
    nevents in  singleTop   ST_tW_antitop :  7527000
    nevents in  WPlusJets   HT200To400 :  25468933
    nevents in  WPlusJets   HT70To100 :  28084244
    nevents in  WPlusJets   HT600To800 :  19771294
    nevents in  WPlusJets   HT1200To2500 :  7633949
    nevents in  WPlusJets   HT100To200 :  29425374
    nevents in  WPlusJets   HT400To600 :  5932701
    nevents in  WPlusJets   HT2500ToInf :  3273980
    nevents in  WPlusJets   HT800To1200 :  8402687
Got MC sample root files and event trees
Filling histograms...
  Dataset =  MET  ||   nEvents =  7030594
    hist nEntries =  408.0
    hist integral =  408.0
    hist_data nEntries =  408.0
    hist_data integral =  408.0
    hist nEntries =  188.0
    hist integral =  188.0
    hist_data nEntries =  596.0
    hist_data integral =  596.0
    hist nEntries =  300.0
    hist integral =  300.0
    hist_data nEntries =  896.0
    hist_data integral =  896.0
    hist nEntries =  1407.0
    hist integral =  1407.0
    hist_data nEntries =  2303.0
    hist_data integral =  2303.0
  Process =  ZTo2Nu
      Dataset =  HT600To800  ||   nEvents =  5748975
Applied ZTo2Nu qcd/ewk Weights correctly
          hist nEntries =  11206.0
          hist integral =  81.5191862583
      Dataset =  HT1200To2500  ||   nEvents =  343198
Applied ZTo2Nu qcd/ewk Weights correctly
          hist nEntries =  589.0
          hist integral =  6.5374867022
      Dataset =  HT100To200  ||   nEvents =  23702894
Applied ZTo2Nu qcd/ewk Weights correctly
          hist nEntries =  1.0
          hist integral =  0.210121825337
      Dataset =  HT2500ToInf  ||   nEvents =  359639
Applied ZTo2Nu qcd/ewk Weights correctly
          hist nEntries =  340.0
          hist integral =  0.0560510006035
      Dataset =  HT800To1200  ||   nEvents =  2066798
Applied ZTo2Nu qcd/ewk Weights correctly
          hist nEntries =  4389.0
          hist integral =  38.2267270088
      Dataset =  HT200To400  ||   nEvents =  23276346
Applied ZTo2Nu qcd/ewk Weights correctly
          hist nEntries =  2291.0
          hist integral =  137.796227932
      Dataset =  HT400To600  ||   nEvents =  9511100
Applied ZTo2Nu qcd/ewk Weights correctly
          hist nEntries =  10671.0
          hist integral =  206.576071262
  Process =  WW
      Dataset =  WWTo1L1Nu2Q  ||   nEvents =  4683136
          hist nEntries =  66.0
          hist integral =  13.0941589624
      Dataset =  WWTo4Q  ||   nEvents =  3790800
          hist nEntries =  0.0
          hist integral =  0.0
      Dataset =  WWTo2L2Nu  ||   nEvents =  7758900
          hist nEntries =  16.0
          hist integral =  0.345134945586
  Process =  ttbarPlusJets
      Dataset =  TTToSemiLepton  ||   nEvents =  300619998
          hist nEntries =  43555.0
          hist integral =  612.825504303
      Dataset =  TTTo2L2Nu  ||   nEvents =  64310000
          hist nEntries =  3499.0
          hist integral =  54.8925859928
  Process =  ttbar scalar
      Dataset =  ttDM_MChi1_MPhi100_scalar  ||   nEvents =  1842523
          hist nEntries =  4724.0
          hist integral =  22.0655995607
  Process =  ZZ
      Dataset =  ZZTo2Q2Nu  ||   nEvents =  57633049
          hist nEntries =  8578.0
          hist integral =  8.40500819683
      Dataset =  ZZTo4L  ||   nEvents =  124649500
          hist nEntries =  9.0
          hist integral =  0.00161817188564
      Dataset =  ZZTo2L2Q  ||   nEvents =  27900469
          hist nEntries =  52.0
          hist integral =  0.0819445750676
      Dataset =  ZZTo2L2Nu  ||   nEvents =  56428600
          hist nEntries =  547.0
          hist integral =  0.0781373912469
  Process =  QCD
      Dataset =  HT700To1000  ||   nEvents =  48158738
          hist nEntries =  11.0
          hist integral =  17.030308485
      Dataset =  HT500To700  ||   nEvents =  55152960
          hist nEntries =  2.0
          hist integral =  19.4704408646
      Dataset =  HT2000ToInf  ||   nEvents =  5475677
          hist nEntries =  8.0
          hist integral =  0.294669933617
      Dataset =  HTTFile::Append:0: RuntimeWarning: Replacing existing TH1: hist (Potential memory leak).
TFile::Append:0: RuntimeWarning: Replacing existing TH1: hist (Potential memory leak).
TFile::Append:0: RuntimeWarning: Replacing existing TH1: hist (Potential memory leak).
TFile::Append:0: RuntimeWarning: Replacing existing TH1: hist (Potential memory leak).
TFile::Append:0: RuntimeWarning: Replacing existing TH1: hist (Potential memory leak).
TFile::Append:0: RuntimeWarning: Replacing existing TH1: hist (Potential memory leak).
TFile::Append:0: RuntimeWarning: Replacing existing TH1: hist (Potential memory leak).
TFile::Append:0: RuntimeWarning: Replacing existing TH1: hist (Potential memory leak).
TFile::Append:0: RuntimeWarning: Replacing existing TH1: hist (Potential memory leak).
TFile::Append:0: RuntimeWarning: Replacing existing TH1: hist (Potential memory leak).
TFile::Append:0: RuntimeWarning: Replacing existing TH1: hist (Potential memory leak).
TFile::Append:0: RuntimeWarning: Replacing existing TH1: hist (Potential memory leak).
TFile::Append:0: RuntimeWarning: Replacing existing TH1: hist (Potential memory leak).
TFile::Append:0: RuntimeWarning: Replacing existing TH1: hist (Potential memory leak).
TFile::Append:0: RuntimeWarning: Replacing existing TH1: hist (Potential memory leak).
TFile::Append:0: RuntimeWarning: Replacing existing TH1: hist (Potential memory leak).
TFile::Append:0: RuntimeWarning: Replacing existing TH1: hist (Potential memory leak).
TFile::Append:0: RuntimeWarning: Replacing existing TH1: hist (Potential memory leak).
TFile::Append:0: RuntimeWarning: Replacing existing TH1: hist (Potential memory leak).
TFile::Append:0: RuntimeWarning: Replacing existing TH1: hist (Potential memory leak).
TFile::Append:0: RuntimeWarning: Replacing existing TH1: hist (Potential memory leak).
TFile::Append:0: RuntimeWarning: Replacing existing TH1: hist (Potential memory leak).
TFile::Append:0: RuntimeWarning: Replacing existing TH1: hist (Potential memory leak).
TFile::Append:0: RuntimeWarning: Replacing existing TH1: hist (Potential memory leak).
TFile::Append:0: RuntimeWarning: Replacing existing TH1: hist (Potential memory leak).
TFile::Append:0: RuntimeWarning: Replacing existing TH1: hist (Potential memory leak).
TFile::Append:0: RuntimeWarning: Replacing existing TH1: hist (Potential memory leak).
TFile::Append:0: RuntimeWarning: Replacing existing TH1: hist (Potential memory leak).
1000To1500  ||   nEvents =  15466225
          hist nEntries =  19.0
          hist integral =  16.5634594858
      Dataset =  HT1500To2000  ||   nEvents =  10955087
          hist nEntries =  19.0
          hist integral =  1.93909894302
      Dataset =  HT100To200  ||   nEvents =  93972378
          hist nEntries =  0.0
          hist integral =  0.0
      Dataset =  HT300To500  ||   nEvents =  54661579
          hist nEntries =  0.0
          hist integral =  0.0
      Dataset =  HT200To300  ||   nEvents =  54289442
          hist nEntries =  0.0
          hist integral =  0.0
  Process =  WZ
      Dataset =  WZTo2Q2Nu  ||   nEvents =  30887331
          hist nEntries =  5834.0
          hist integral =  16.1843674183
      Dataset =  WZTo2L2Q  ||   nEvents =  28193648
          hist nEntries =  55.0
          hist integral =  0.151182374917
      Dataset =  WZTo3LNu  ||   nEvents =  11248318
          hist nEntries =  14.0
          hist integral =  0.079108634498
      Dataset =  WZTo1L3Nu  ||   nEvents =  1690064
          hist nEntries =  51.0
          hist integral =  1.36329121143
      Dataset =  WZTo1L1Nu2Q  ||   nEvents =  18273533
          hist nEntries =  815.0
          hist integral =  6.30129939318
  Process =  ttbar pseudoscalar
      Dataset =  ttDM_MChi1_MPhi100_pseudo  ||   nEvents =  1607992
          hist nEntries =  17066.0
          hist integral =  24.7094534636
  Process =  TTV
      Dataset =  TTZToQQ  ||   nEvents =  9572000
          hist nEntries =  1884.0
          hist integral =  1.18719320744
      Dataset =  TTWJetsToLNu  ||   nEvents =  4911941
          hist nEntries =  3100.0
          hist integral =  1.60549031198
      Dataset =  TTWJetsToQQ  ||   nEvents =  835296
          hist nEntries =  178.0
          hist integral =  1.14470244199
      Dataset =  TTZToLLNuNu  ||   nEvents =  13280000
          hist nEntries =  58108.0
          hist integral =  12.7212994993
  Process =  ZTo2L
      Dataset =  HT600To800  ||   nEvents =  8862104
Applied ZTo2L qcd/ewk Weights correctly
          hist nEntries =  260.0
          hist integral =  0.677986009046
      Dataset =  HT1200To2500  ||   nEvents =  536416
Applied ZTo2L qcd/ewk Weights correctly
          hist nEntries =  10.0
          hist integral =  0.0509028183296
      Dataset =  HT100To200  ||   nEvents =  11530510
Applied ZTo2L qcd/ewk Weights correctly
          hist nEntries =  0.0
          hist integral =  0.0
      Dataset =  HT2500ToInf  ||   nEvents =  427051
Applied ZTo2L qcd/ewk Weights correctly
          hist nEntries =  12.0
          hist integral =  0.00150172961003
      Dataset =  HT800To1200  ||   nEvents =  3138129
Applied ZTo2L qcd/ewk Weights correctly
          hist nEntries =  78.0
          hist integral =  0.244599196129
      Dataset =  HT200To400  ||   nEvents =  10860690
Applied ZTo2L qcd/ewk Weights correctly
          hist nEntries =  24.0
          hist integral =  1.4890690539
      Dataset =  HT400To600  ||   nEvents =  46161988
Applied ZTo2L qcd/ewk Weights correctly
          hist nEntries =  930.0
          hist integral =  1.93628871813
  Process =  singleTop
      Dataset =  ST_s-channel  ||   nEvents =  19890000
          hist nEntries =  460.0
          hist integral =  1.00529823266
      Dataset =  ST_t-channel_antitop  ||   nEvents =  79090800
          hist nEntries =  392.0
          hist integral =  4.01726004481
      Dataset =  ST_tW_top  ||   nEvents =  9598000
          hist nEntries =  574.0
          hist integral =  24.3573105931
      Dataset =  ST_t-channel_top  ||   nEvents =  154307600
          hist nEntries =  1035.0
          hist integral =  8.87643545866
      Dataset =  ST_tW_antitop  ||   nEvents =  7527000
          hist nEntries =  486.0
          hist integral =  26.6455585361
  Process =  WPlusJets
      Dataset =  HT200To400  ||   nEvents =  25468933
Applied WPlusJets qcd/ewk Weights correctly
          hist nEntries =  322.0
          hist integral =  69.7597258091
      Dataset =  HT70To100  ||   nEvents =  28084244
Applied WPlusJets qcd/ewk Weights correTFile::Append:0: RuntimeWarning: Replacing existing TH1: hist (Potential memory leak).
TFile::Append:0: RuntimeWarning: Replacing existing TH1: hist (Potential memory leak).
TFile::Append:0: RuntimeWarning: Replacing existing TH1: hist (Potential memory leak).
TFile::Append:0: RuntimeWarning: Replacing existing TH1: hist (Potential memory leak).
TFile::Append:0: RuntimeWarning: Replacing existing TH1: hist (Potential memory leak).
TFile::Append:0: RuntimeWarning: Replacing existing TH1: hist (Potential memory leak).
TFile::Append:0: RuntimeWarning: Replacing existing TH1: hist (Potential memory leak).
Info in <TCanvas::Print>: png file plots/SR_2018/Jet_eta/08_11_2021/AH0l1fSR2018_Jet_eta[index_centralJets[0]]_08_11_2021_partialunblind.png has been created
ctly
          hist nEntries =  0.0
          hist integral =  0.0
      Dataset =  HT600To800  ||   nEvents =  19771294
Applied WPlusJets qcd/ewk Weights correctly
          hist nEntries =  5171.0
          hist integral =  40.9476618767
      Dataset =  HT1200To2500  ||   nEvents =  7633949
Applied WPlusJets qcd/ewk Weights correctly
          hist nEntries =  1846.0
          hist integral =  2.91232452076
      Dataset =  HT100To200  ||   nEvents =  29425374
Applied WPlusJets qcd/ewk Weights correctly
          hist nEntries =  0.0
          hist integral =  0.0
      Dataset =  HT400To600  ||   nEvents =  5932701
Applied WPlusJets qcd/ewk Weights correctly
          hist nEntries =  955.0
          hist integral =  118.066650152
      Dataset =  HT2500ToInf  ||   nEvents =  3273980
Applied WPlusJets qcd/ewk Weights correctly
          hist nEntries =  523.0
          hist integral =  0.0150660006948
      Dataset =  HT800To1200  ||   nEvents =  8402687
Applied WPlusJets qcd/ewk Weights correctly
          hist nEntries =  2280.0
          hist integral =  16.7522438169
-----------------------------
Total data background nEvents =  2303.0
Total data background integral =  2303.0
-----------------------------
Total MC background nEvents =  171265.0
Total MC background integral =  1574.43779755
-----------------------------
Total tt+DM signal nEvents =  236.2
Total tt+DM signal integral =  22.0655993938
-----------------------------
-----------------------------
FOM for tt+DM signal =  0.556100103021
-----------------------------
Data bin errors:
    bin 0: 0.0
    bin 1: 8.36660026534
    bin 2: 10.4880884817
    bin 3: 13.9642400438
    bin 4: 15.8429795178
    bin 5: 16.5227116419
    bin 6: 17.2336879396
    bin 7: 16.1554944214
    bin 8: 15.9059737206
    bin 9: 14.4222051019
    bin 10: 13.2287565553
    bin 11: 11.5325625947
    bin 12: 8.77496438739
-----------------------------
MC background bin errors:
    bin 0: 0.0
    bin 1: 2.34415602854
    bin 2: 2.80488551629
    bin 3: 2.7167123786
    bin 4: 3.15512176595
    bin 5: 3.24104873879
    bin 6: 3.9680079621
    bin 7: 3.93095394688
    bin 8: 9.31552788393
    bin 9: 3.17256210566
    bin 10: 11.2932203836
    bin 11: 2.27206842926
    bin 12: 1.98525074339
-----------------------------
tt+DM bin errors:
    bin 0: 0.0
    bin 1: 1.28615790842
    bin 2: 1.55742642865
    bin 3: 1.96992903574
    bin 4: 2.39351109305
    bin 5: 2.2612090234
    bin 6: 2.32580993277
    bin 7: 2.36186695767
    bin 8: 2.31291429227
    bin 9: 2.18096741055
    bin 10: 1.77582934505
    bin 11: 1.61406923248
    bin 12: 1.27630330677
-----------------------------
-----------------------------
ttbar pseudoscalar hist info:
    nEvents =  17066.0
    integral =  494.189077377
ZTo2Nu hist info:
    nEvents =  29487.0
    integral =  470.921882629
TTTo2L2Nu hist info:
    nEvents =  3499.0
    integral =  54.8925859928
singleTop hist info:
    nEvents =  2947.0
    integral =  64.9018629789
TTV hist info:
    nEvents =  63270.0
    integral =  16.6586856246
bkgSum hist info:
    nEvents =  171265.0
    integral =  1574.43779755
ttbar scalar hist info:
    nEvents =  4724.0
    integral =  441.311987877
VV hist info:
    nEvents =  16037.0
    integral =  46.0852519274
QCD hist info:
    nEvents =  59.0
    integral =  55.297978282
ZTo2L hist info:
    nEvents =  1314.0
    integral =  4.40034751594
data hist info:
    nEvents =  2303.0
    integral =  2303.0
WPlusJets hist info:
    nEvents =  11097.0
    integral =  248.453679085
TTToSemiLepton hist info:
    nEvents =  43555.0
    integral =  612.825504303
Finished filling histograms
Creating stacked MC background histogram...
Finished stacking MC background histograms.
Drawing histograms...
Finished drawing histograms
Drawing ratio plot...
Finished drawing ratio plot
Plotting end time: 2021-08-11 23:12:20.805474
