Plotting start time: 2021-10-17 22:28:41.822610
Cut name =  AH0l1fSR
MC Selection Cuts =  (nVetoElectrons + nLooseMuons) == 0 && njets >= 3 && nbjets == 1 && METcorrected_pt >= 250 && ntaus == 0 && minDeltaPhi > 0.4 && Flag_goodVertices && Flag_globalSuperTightHalo2016Filter && Flag_HBHENoiseFilter && Flag_HBHENoiseIsoFilter && Flag_EcalDeadCellTriggerPrimitiveFilter && Flag_BadPFMuonFilter && Flag_ecalBadCalibFilterV2 && (HLT_PFMETNoMu120_PFMHTNoMu120_IDTight || HLT_PFMETNoMu120_PFMHTNoMu120_IDTight_PFHT60) && PV_npvsGood > 0 && PV_ndof > 4 && abs(PV_z) < 24 && sqrt(pow(PV_x,2)+pow(PV_y,2)) < 2 && ((METcorrected_phi <= -1.62) || (METcorrected_phi >= -0.82)) && nfjets >= 1 && minDeltaPhi12 >= 0.8 && M_Tb >= 140
Data Selection Cuts =  (nVetoElectrons + nLooseMuons) == 0 && njets >= 3 && nbjets == 1 && METcorrected_pt >= 250 && ntaus == 0 && minDeltaPhi > 0.4 && Flag_goodVertices && Flag_globalSuperTightHalo2016Filter && Flag_HBHENoiseFilter && Flag_HBHENoiseIsoFilter && Flag_EcalDeadCellTriggerPrimitiveFilter && Flag_BadPFMuonFilter && Flag_ecalBadCalibFilterV2 && (HLT_PFMETNoMu120_PFMHTNoMu120_IDTight || HLT_PFMETNoMu120_PFMHTNoMu120_IDTight_PFHT60) && PV_npvsGood > 0 && PV_ndof > 4 && abs(PV_z) < 24 && sqrt(pow(PV_x,2)+pow(PV_y,2)) < 2 && ((METcorrected_phi <= -1.62) || (METcorrected_phi >= -0.82)) && nfjets >= 1 && minDeltaPhi12 >= 0.8 && M_Tb >= 140 && Flag_eeBadScFilter
var =  METcorrected_pt
year =  2018
lumi =  59.83
saveDirectory =  plots/SR_2018/METcorrected_pt/
date =  10_13_2021
applying HEM fix for 2018...
Creating histograms..
Finished making systematic histogram dictionary
Loading data sample root files and event trees...
Got data sample root files and event trees
Loading MC sample root files and event trees...
    nevents in  ZTo2Nu   HT600To800 :  5748975
    nevents in  ZTo2Nu   HT1200To2500 :  343198
    nevents in  ZTo2Nu   HT100To200 :  23702894
    nevents in  ZTo2Nu   HT2500ToInf :  359639
    nevents in  ZTo2Nu   HT800To1200 :  2066798
    nevents in  ZTo2Nu   HT200To400 :  23276346
    nevents in  ZTo2Nu   HT400To600 :  9511100
    nevents in  WW   WWTo1L1Nu2Q :  4683136
    nevents in  WW   WWTo4Q :  3790800
    nevents in  WW   WWTo2L2Nu :  7758900
    nevents in  ttbarPlusJets   TTToSemiLepton :  300619998
    nevents in  ttbarPlusJets   TTTo2L2Nu :  64310000
    nevents in  ttbar scalar   ttDM_MChi1_MPhi100_scalar :  1842523
    nevents in  ZZ   ZZTo2Q2Nu :  57633049
    nevents in  ZZ   ZZTo4L :  124649500
    nevents in  ZZ   ZZTo2L2Q :  27900469
    nevents in  ZZ   ZZTo2L2Nu :  56428600
    nevents in  QCD   Pt50to80 :  25580000
    nevents in  QCD   Pt2400to3200 :  2394000
    nevents in  QCD   Pt30to50 :  18488000
    nevents in  QCD   Pt470to600 :  42459973
    nevents in  QCD   Pt300to470 :  41744000
    nevents in  QCD   Pt170to300 :  29710000
    nevents in  QCD   Pt800to1000 :  36062000
    nevents in  QCD   Pt600to800 :  64061000
    nevents in  QCD   Pt120to170 :  25255000
    nevents in  QCD   Pt1000to1400 :  18485000
    nevents in  QCD   Pt1400to1800 :  6928000
    nevents in  QCD   Pt15to30 :  19451000
    nevents in  QCD   Pt3200toInf :  925000
    nevents in  QCD   Pt80to120 :  29535000
    nevents in  QCD   Pt1800to2400 :  4017800
    nevents in  WZ   WZTo2Q2Nu :  30887331
    nevents in  WZ   WZTo2L2Q :  28193648
    nevents in  WZ   WZTo3LNu :  11248318
    nevents in  WZ   WZTo1L3Nu :  1690064
    nevents in  WZ   WZTo1L1Nu2Q :  18273533
    nevents in  ttbar pseudoscalar   ttDM_MChi1_MPhi100_pseudo :  1607992
    nevents in  TTV   TTZToQQ :  9572000
    nevents in  TTV   TTWJetsToLNu :  4911941
    nevents in  TTV   TTWJetsToQQ :  835296
    nevents in  TTV   TTZToLLNuNu :  13280000
    nevents in  ZTo2L   HT600To800 :  8862104
    nevents in  ZTo2L   HT1200To2500 :  536416
    nevents in  ZTo2L   HT100To200 :  11530510
    nevents in  ZTo2L   HT2500ToInf :  427051
    nevents in  ZTo2L   HT800To1200 :  3138129
    nevents in  ZTo2L   HT200To400 :  10860690
    nevents in  ZTo2L   HT400To600 :  46161988
    nevents in  singleTop   ST_s-channel :  19890000
    nevents in Info in <TCanvas::MakeDefCanvas>:  created default TCanvas with name c1
TFile::Append:0: RuntimeWarning: Replacing existing TH1: hist (Potential memory leak).
TFile::Append:0: RuntimeWarning: Replacing existing TH1: hist (Potential memory leak).
TFile::Append:0: RuntimeWarning: Replacing existing TH1: hist (Potential memory leak).
TFile::Append:0: RuntimeWarning: Replacing existing TH1: hist (Potential memory leak).
TFile::Append:0: RuntimeWarning: Replacing existing TH1: hist (Potential memory leak).
TFile::Append:0: RuntimeWarning: Replacing existing TH1: hist (Potential memory leak).
TFile::Append:0: RuntimeWarning: Replacing existing TH1: hist (Potential memory leak).
TFile::Append:0: RuntimeWarning: Replacing existing TH1: hist (Potential memory leak).
TFile::Append:0: RuntimeWarning: Replacing existing TH1: hist (Potential memory leak).
TFile::Append:0: RuntimeWarning: Replacing existing TH1: hist (Potential memory leak).
TFile::Append:0: RuntimeWarning: Replacing existing TH1: hist (Potential memory leak).
TFile::Append:0: RuntimeWarning: Replacing existing TH1: hist (Potential memory leak).
TFile::Append:0: RuntimeWarning: Replacing existing TH1: hist (Potential memory leak).
TFile::Append:0: RuntimeWarning: Replacing existing TH1: hist (Potential memory leak).
TFile::Append:0: RuntimeWarning: Replacing existing TH1: hist (Potential memory leak).
TFile::Append:0: RuntimeWarning: Replacing existing TH1: hist (Potential memory leak).
TFile::Append:0: RuntimeWarning: Replacing existing TH1: hist (Potential memory leak).
TFile::Append:0: RuntimeWarning: Replacing existing TH1: hist (Potential memory leak).
TFile::Append:0: RuntimeWarning: Replacing existing TH1: hist (Potential memory leak).
TFile::Append:0: RuntimeWarning: Replacing existing TH1: hist (Potential memory leak).
TFile::Append:0: RuntimeWarning: Replacing existing TH1: hist (Potential memory leak).
TFile::Append:0: RuntimeWarning: Replacing existing TH1: hist (Potential memory leak).
TFile::Append:0: RuntimeWarning: Replacing existing TH1: hist (Potential memory leak).
 singleTop   ST_t-channel_antitop :  79090800
    nevents in  singleTop   ST_tW_top :  9598000
    nevents in  singleTop   ST_t-channel_top :  154307600
    nevents in  singleTop   ST_tW_antitop :  7527000
    nevents in  WPlusJets   HT200To400 :  25468933
    nevents in  WPlusJets   HT70To100 :  28084244
    nevents in  WPlusJets   HT600To800 :  19771294
    nevents in  WPlusJets   HT1200To2500 :  7633949
    nevents in  WPlusJets   HT100To200 :  29425374
    nevents in  WPlusJets   HT400To600 :  5932701
    nevents in  WPlusJets   HT2500ToInf :  3273980
    nevents in  WPlusJets   HT800To1200 :  8402687
Got MC sample root files and event trees
Filling histograms...
  Process =  ZTo2Nu
      Dataset =  HT600To800  ||   nEvents =  5748975
Applied ZTo2Nu qcd/ewk Weights correctly
          hist nEntries =  9758.0
          hist integral =  357.123399734
      Dataset =  HT1200To2500  ||   nEvents =  343198
Applied ZTo2Nu qcd/ewk Weights correctly
          hist nEntries =  506.0
          hist integral =  28.6265757829
      Dataset =  HT100To200  ||   nEvents =  23702894
Applied ZTo2Nu qcd/ewk Weights correctly
          hist nEntries =  1.0
          hist integral =  1.06074821949
      Dataset =  HT2500ToInf  ||   nEvents =  359639
Applied ZTo2Nu qcd/ewk Weights correctly
          hist nEntries =  292.0
          hist integral =  0.236360169249
      Dataset =  HT800To1200  ||   nEvents =  2066798
Applied ZTo2Nu qcd/ewk Weights correctly
          hist nEntries =  3837.0
          hist integral =  168.13563323
      Dataset =  HT200To400  ||   nEvents =  23276346
Applied ZTo2Nu qcd/ewk Weights correctly
          hist nEntries =  2026.0
          hist integral =  615.030350268
      Dataset =  HT400To600  ||   nEvents =  9511100
Applied ZTo2Nu qcd/ewk Weights correctly
          hist nEntries =  9299.0
          hist integral =  905.200597286
  Process =  WW
      Dataset =  WWTo1L1Nu2Q  ||   nEvents =  4683136
          hist nEntries =  58.0
          hist integral =  58.2847887278
      Dataset =  WWTo4Q  ||   nEvents =  3790800
          hist nEntries =  0.0
          hist integral =  0.0
      Dataset =  WWTo2L2Nu  ||   nEvents =  7758900
          hist nEntries =  13.0
          hist integral =  1.44037860632
  Process =  ttbarPlusJets
      Dataset =  TTToSemiLepton  ||   nEvents =  300619998
          hist nEntries =  38090.0
          hist integral =  2700.31209135
      Dataset =  TTTo2L2Nu  ||   nEvents =  64310000
          hist nEntries =  3067.0
          hist integral =  243.233998358
  Process =  ttbar scalar
      Dataset =  ttDM_MChi1_MPhi100_scalar  ||   nEvents =  1842523
          hist nEntries =  4100.0
          hist integral =  96.7347868085
  Process =  ZZ
      Dataset =  ZZTo2Q2Nu  ||   nEvents =  57633049
          hist nEntries =  7474.0
          hist integral =  36.9282295704
      Dataset =  ZZTo4L  ||   nEvents =  124649500
          hist nEntries =  9.0
          hist integral =  0.00817619333975
      Dataset =  ZZTo2L2Q  ||   nEvents =  27900469
          hist nEntries =  46.0
          hist integral =  0.361638769973
      Dataset =  ZZTo2L2Nu  ||   nEvents =  56428600
          hist nEntries =  472.0
          hist integral =  0.341530278791
  Process =  QCD
      Dataset =  Pt50to80  ||   nEvents =  25580000
          hist nEntries =  0.0
          hist integral =  0.0
      Dataset =  Pt2400to3200  ||   nEvents =  2394000
          hist nEntries =  9.0
          hist integral =  0.00122843575809
      Dataset =  Pt30to50  ||   nEvents =  18488000
          hist nEntries =  0.0
          hist integral =  0.0
      Dataset =  Pt470to600  ||   nEvents =  42459973
          hist nEntries =  21.0
          hist integral =  17.4402332902
      Dataset =  Pt300to470  ||   nEvents =  41744000
          hist nEntries =  12.0
          hist integral =  122.829902649
      Dataset =  Pt170to300  ||   nEvents =  29710000
          hist nEntries =  0.0
          hist integral =  0.0
      Dataset =  Pt800to1000  ||   nEvents =  36062000
          hist nEntries =  27.0
          hist integral TFile::Append:0: RuntimeWarning: Replacing existing TH1: hist (Potential memory leak).
TFile::Append:0: RuntimeWarning: Replacing existing TH1: hist (Potential memory leak).
TFile::Append:0: RuntimeWarning: Replacing existing TH1: hist (Potential memory leak).
TFile::Append:0: RuntimeWarning: Replacing existing TH1: hist (Potential memory leak).
TFile::Append:0: RuntimeWarning: Replacing existing TH1: hist (Potential memory leak).
TFile::Append:0: RuntimeWarning: Replacing existing TH1: hist (Potential memory leak).
TFile::Append:0: RuntimeWarning: Replacing existing TH1: hist (Potential memory leak).
TFile::Append:0: RuntimeWarning: Replacing existing TH1: hist (Potential memory leak).
TFile::Append:0: RuntimeWarning: Replacing existing TH1: hist (Potential memory leak).
TFile::Append:0: RuntimeWarning: Replacing existing TH1: hist (Potential memory leak).
TFile::Append:0: RuntimeWarning: Replacing existing TH1: hist (Potential memory leak).
TFile::Append:0: RuntimeWarning: Replacing existing TH1: hist (Potential memory leak).
TFile::Append:0: RuntimeWarning: Replacing existing TH1: hist (Potential memory leak).
TFile::Append:0: RuntimeWarning: Replacing existing TH1: hist (Potential memory leak).
TFile::Append:0: RuntimeWarning: Replacing existing TH1: hist (Potential memory leak).
TFile::Append:0: RuntimeWarning: Replacing existing TH1: hist (Potential memory leak).
TFile::Append:0: RuntimeWarning: Replacing existing TH1: hist (Potential memory leak).
TFile::Append:0: RuntimeWarning: Replacing existing TH1: hist (Potential memory leak).
TFile::Append:0: RuntimeWarning: Replacing existing TH1: hist (Potential memory leak).
TFile::Append:0: RuntimeWarning: Replacing existing TH1: hist (Potential memory leak).
TFile::Append:0: RuntimeWarning: Replacing existing TH1: hist (Potential memory leak).
TFile::Append:0: RuntimeWarning: Replacing existing TH1: hist (Potential memory leak).
TFile::Append:0: RuntimeWarning: Replacing existing TH1: hist (Potential memory leak).
TFile::Append:0: RuntimeWarning: Replacing existing TH1: hist (Potential memory leak).
TFile::Append:0: RuntimeWarning: Replacing existing TH1: hist (Potential memory leak).
TFile::Append:0: RuntimeWarning: Replacing existing TH1: hist (Potential memory leak).
TFile::Append:0: RuntimeWarning: Replacing existing TH1: hist (Potential memory leak).
TFile::Append:0: RuntimeWarning: Replacing existing TH1: hist (Potential memory leak).
TFile::Append:0: RuntimeWarning: Replacing existing TH1: hist (Potential memory leak).
=  1.19776028395
      Dataset =  Pt600to800  ||   nEvents =  64061000
          hist nEntries =  38.0
          hist integral =  5.9135684073
      Dataset =  Pt120to170  ||   nEvents =  25255000
          hist nEntries =  0.0
          hist integral =  0.0
      Dataset =  Pt1000to1400  ||   nEvents =  18485000
          hist nEntries =  29.0
          hist integral =  0.68277821783
      Dataset =  Pt1400to1800  ||   nEvents =  6928000
          hist nEntries =  10.0
          hist integral =  0.0604644152336
      Dataset =  Pt15to30  ||   nEvents =  19451000
          hist nEntries =  0.0
          hist integral =  0.0
      Dataset =  Pt3200toInf  ||   nEvents =  925000
          hist nEntries =  3.0
          hist integral =  2.73843584182e-05
      Dataset =  Pt80to120  ||   nEvents =  29535000
          hist nEntries =  0.0
          hist integral =  0.0
      Dataset =  Pt1800to2400  ||   nEvents =  4017800
          hist nEntries =  6.0
          hist integral =  0.00838148838375
  Process =  WZ
      Dataset =  WZTo2Q2Nu  ||   nEvents =  30887331
          hist nEntries =  5102.0
          hist integral =  71.1488320827
      Dataset =  WZTo2L2Q  ||   nEvents =  28193648
          hist nEntries =  47.0
          hist integral =  0.665433207294
      Dataset =  WZTo3LNu  ||   nEvents =  11248318
          hist nEntries =  10.0
          hist integral =  0.29264954105
      Dataset =  WZTo1L3Nu  ||   nEvents =  1690064
          hist nEntries =  44.0
          hist integral =  5.82201486966
      Dataset =  WZTo1L1Nu2Q  ||   nEvents =  18273533
          hist nEntries =  701.0
          hist integral =  27.3709304184
  Process =  ttbar pseudoscalar
      Dataset =  ttDM_MChi1_MPhi100_pseudo  ||   nEvents =  1607992
          hist nEntries =  14877.0
          hist integral =  108.36685729
  Process =  TTV
      Dataset =  TTZToQQ  ||   nEvents =  9572000
          hist nEntries =  1612.0
          hist integral =  5.12419819552
      Dataset =  TTWJetsToLNu  ||   nEvents =  4911941
          hist nEntries =  2704.0
          hist integral =  7.06477826834
      Dataset =  TTWJetsToQQ  ||   nEvents =  835296
          hist nEntries =  158.0
          hist integral =  5.12744527683
      Dataset =  TTZToLLNuNu  ||   nEvents =  13280000
          hist nEntries =  50694.0
          hist integral =  55.8677265048
  Process =  ZTo2L
      Dataset =  HT600To800  ||   nEvents =  8862104
Applied ZTo2L qcd/ewk Weights correctly
          hist nEntries =  226.0
          hist integral =  2.97139186412
      Dataset =  HT1200To2500  ||   nEvents =  536416
Applied ZTo2L qcd/ewk Weights correctly
          hist nEntries =  9.0
          hist integral =  0.23284513317
      Dataset =  HT100To200  ||   nEvents =  11530510
Applied ZTo2L qcd/ewk Weights correctly
          hist nEntries =  0.0
          hist integral =  0.0
      Dataset =  HT2500ToInf  ||   nEvents =  427051
Applied ZTo2L qcd/ewk Weights correctly
          hist nEntries =  10.0
          hist integral =  0.00662589247804
      Dataset =  HT800To1200  ||   nEvents =  3138129
Applied ZTo2L qcd/ewk Weights correctly
          hist nEntries =  71.0
          hist integral =  1.13041318208
      Dataset =  HT200To400  ||   nEvents =  10860690
Applied ZTo2L qcd/ewk Weights correctly
          hist nEntries =  22.0
          hist integral =  6.7586401552
      Dataset =  HT400To600  ||   nEvents =  46161988
Applied ZTo2L qcd/ewk Weights correctly
          hist nEntries =  804.0
          hist integral =  8.41342236241
  Process =  singleTop
      Dataset =  ST_s-channel  ||   nEvents =  19890000
          hist nEntries =  403.0
          hist integral =  4.47482424788
      Dataset =  ST_t-channel_antitop  ||   nEvents =  79090800
          hist nEntries =  339.0
          hist integral =  17.2443229556
      Dataset =  ST_tW_top  ||   nEvents =  9598000
          hist nEntries =  497.0
          hist integral =  106.598556519
      Dataset =  ST_t-channel_top  ||   nEvents =  154307600
          hist nEntries =  915.0
          hist integral =  39.4548756965
      TFile::Append:0: RuntimeWarning: Replacing existing TH1: hist (Potential memory leak).
TFile::Append:0: RuntimeWarning: Replacing existing TH1: hist (Potential memory leak).
TFile::Append:0: RuntimeWarning: Replacing existing TH1: hist (Potential memory leak).
TFile::Append:0: RuntimeWarning: Replacing existing TH1: hist (Potential memory leak).
TFile::Append:0: RuntimeWarning: Replacing existing TH1: hist (Potential memory leak).
TFile::Append:0: RuntimeWarning: Replacing existing TH1: hist (Potential memory leak).
TFile::Append:0: RuntimeWarning: Replacing existing TH1: hist (Potential memory leak).
TFile::Append:0: RuntimeWarning: Replacing existing TH1: hist (Potential memory leak).
TFile::Append:0: RuntimeWarning: Replacing existing TH1: hist (Potential memory leak).
Dataset =  ST_tW_antitop  ||   nEvents =  7527000
          hist nEntries =  416.0
          hist integral =  114.24930796
  Process =  WPlusJets
      Dataset =  HT200To400  ||   nEvents =  25468933
Applied WPlusJets qcd/ewk Weights correctly
          hist nEntries =  276.0
          hist integral =  305.424204171
      Dataset =  HT70To100  ||   nEvents =  28084244
Applied WPlusJets qcd/ewk Weights correctly
          hist nEntries =  0.0
          hist integral =  0.0
      Dataset =  HT600To800  ||   nEvents =  19771294
Applied WPlusJets qcd/ewk Weights correctly
          hist nEntries =  4542.0
          hist integral =  180.915529966
      Dataset =  HT1200To2500  ||   nEvents =  7633949
Applied WPlusJets qcd/ewk Weights correctly
          hist nEntries =  1637.0
          hist integral =  13.0279176384
      Dataset =  HT100To200  ||   nEvents =  29425374
Applied WPlusJets qcd/ewk Weights correctly
          hist nEntries =  0.0
          hist integral =  0.0
      Dataset =  HT400To600  ||   nEvents =  5932701
Applied WPlusJets qcd/ewk Weights correctly
          hist nEntries =  824.0
          hist integral =  513.609558821
      Dataset =  HT2500ToInf  ||   nEvents =  3273980
Applied WPlusJets qcd/ewk Weights correctly
          hist nEntries =  445.0
          hist integral =  0.0645870487788
      Dataset =  HT800To1200  ||   nEvents =  8402687
Applied WPlusJets qcd/ewk Weights correctly
          hist nEntries =  1990.0
          hist integral =  73.7779896855
-----------------------------
Total data background nEvents =  0.0
Total data background integral =  0.0
-----------------------------
Total MC background nEvents =  149601.0
Total MC background integral =  6831.29784393
-----------------------------
Total tt+DM signal nEvents =  205.0
Total tt+DM signal integral =  96.7347876549
-----------------------------
-----------------------------
FOM for tt+DM signal =  1.17039126591
-----------------------------
Data bin errors:
    bin 0: 0.0
    bin 1: 0.0
    bin 2: 0.0
    bin 3: 0.0
    bin 4: 0.0
    bin 5: 0.0
    bin 6: 0.0
    bin 7: 0.0
    bin 8: 0.0
    bin 9: 0.0
    bin 10: 0.0
    bin 11: 0.0
    bin 12: 0.0
    bin 13: 0.0
    bin 14: 0.0
    bin 15: 0.0
-----------------------------
MC background bin errors:
    bin 0: 0.0
    bin 1: 36.9512498427
    bin 2: 27.0691519083
    bin 3: 18.3566989383
    bin 4: 12.0178556202
    bin 5: 10.0848183277
    bin 6: 8.14071407127
    bin 7: 6.169654782
    bin 8: 5.27289381319
    bin 9: 4.54762273991
    bin 10: 3.23718588886
    bin 11: 3.74081942843
    bin 12: 2.9439700437
    bin 13: 1.96119729611
    bin 14: 2.33727842544
    bin 15: 1.20732621874
-----------------------------
tt+DM bin errors:
    bin 0: 0.0
    bin 1: 14.0720578624
    bin 2: 13.1597427429
    bin 3: 11.2824117387
    bin 4: 10.3481247127
    bin 5: 8.87973158047
    bin 6: 7.64209780736
    bin 7: 8.86667279082
    bin 8: 6.87932400756
    bin 9: 6.16931317563
    bin 10: 4.9319296582
    bin 11: 4.58684491045
    bin 12: 3.95680841047
    bin 13: 3.34520845274
    bin 14: 3.08438734468
    bin 15: 3.25364607766
-----------------------------
-----------------------------
ttbar pseudoscalar hist info:
    nEvents =  14877.0
    integral =  2167.3371315
ZTo2Nu hist info:
    nEvents =  25719.0
    integral =  2075.41368675
TTTo2L2Nu hist info:
    nEvents =  3067.0
    integral =  243.233998358
singleTop hist info:
    nEvents =  2570.0
    integral =  282.02188611
TTV hist info:
    nEvents =  55168.0
    integral =  73.1841498613
bkgSum hist info:
    nEvents =  149601.0
    integral =  6831.29784393
ttbar scalar hist info:
    nEvents =  4100.0
    integral =  1934.6957531
VV hist info:
    nEvents =  13976.0
    integral =  202.664602518
QCD hist info:
    nEvents =  155.0
    integral =  148.134344599
ZTo2L hist info:
    nEvents =  1142.0
    integral =  19.5133389472
data hist info:
    nEvents =  0.0
    integral =  0.0
WPlusJets hist info:
    nEvents =  9714.0
    integral =  1086.81977034
TTToSemiLepton hist info:
    nEvents =  38090.0
    integral =  2700.312091Info in <TCanvas::Print>: png file plots/SR_2018/METcorrected_pt/10_13_2021/AH0l1fSR2018_METcorrected_pt_10_13_2021_withHEMfix.png has been created
35
Finished filling histograms
Creating stacked MC background histogram...
Finished stacking MC background histograms.
Drawing histograms...
Finished drawing histograms
Plotting end time: 2021-10-17 22:33:18.358097
