Plotting start time: 2021-09-15 05:45:09.535625
Cut name =  AH0lQR
MC Selection Cuts =  (nVetoElectrons + nLooseMuons) == 0 && njets >= 3 && nbjets >= 1 && METcorrected_pt >= 250 && ntaus == 0 && minDeltaPhi12 <= 0.8 && Flag_goodVertices && Flag_globalSuperTightHalo2016Filter && Flag_HBHENoiseFilter && Flag_HBHENoiseIsoFilter && Flag_EcalDeadCellTriggerPrimitiveFilter && Flag_BadPFMuonFilter && (HLT_PFMETNoMu120_PFMHTNoMu120_IDTight) && PV_npvsGood > 0 && PV_ndof > 4 && abs(PV_z) < 24 && sqrt(pow(PV_x,2)+pow(PV_y,2)) < 2 && nfjets >= 2 && Jet_pt[index_forwardJets[0]] > Jet_pt[index_centralJets[0]]
Data Selection Cuts =  (nVetoElectrons + nLooseMuons) == 0 && njets >= 3 && nbjets >= 1 && METcorrected_pt >= 250 && ntaus == 0 && minDeltaPhi12 <= 0.8 && Flag_goodVertices && Flag_globalSuperTightHalo2016Filter && Flag_HBHENoiseFilter && Flag_HBHENoiseIsoFilter && Flag_EcalDeadCellTriggerPrimitiveFilter && Flag_BadPFMuonFilter && (HLT_PFMETNoMu120_PFMHTNoMu120_IDTight) && PV_npvsGood > 0 && PV_ndof > 4 && abs(PV_z) < 24 && sqrt(pow(PV_x,2)+pow(PV_y,2)) < 2 && nfjets >= 2 && Jet_pt[index_forwardJets[0]] > Jet_pt[index_centralJets[0]] && Flag_eeBadScFilter
var =  Jet_phi[index_forwardJets[1]]
year =  2016
lumi =  35.92
saveDirectory =  plots/2018_QCDCR_debugging/RunII_plots/fJet_phi/
date =  09_14_2021
Creating histograms..
Finished making systematic histogram dictionary
Drawing data and ratio plot...
Selected MET dataset
Loading data sample root files and event trees...
    nevents in filepath = /hdfs/store/user/vshang/MET_Run2016B/MET/ModuleCommonSkim_09072021/tree_all.root: 182912
    nevents in filepath = /hdfs/store/user/vshang/MET_Run2016C/MET/ModuleCommonSkim_09072021/tree_all.root: 80259
    nevents in filepath = /hdfs/store/user/vshang/MET_Run2016D/MET/ModuleCommonSkim_09072021/tree_all.root: 131680
    nevents in filepath = /hdfs/store/user/vshang/MET_Run2016E/MET/ModuleCommonSkim_09072021/tree_all.root: 127112
    nevents in filepath = /hdfs/store/user/vshang/MET_Run2016F/MET/ModuleCommonSkim_09072021/tree_all.root: 100492
    nevents in filepath = /hdfs/store/user/vshang/MET_Run2016G/MET/ModuleCommonSkim_09072021/tree_all.root: 234544
    nevents in filepath = /hdfs/store/user/vshang/MET_Run2016H/MET/ModuleCommonSkim_09072021/tree_all.root: 262704
    total nevents in  MET :  1119703
Got data sample root files and event trees
Loading MC sample root files and event trees...
    nevents in  ZTo2Nu   HT600To800 :  5693589
    nevents in  ZTo2Nu   HT1200To2500 :  513471
    nevents in  ZTo2Nu   HT100To200 :  24272858
    nevents in  ZTo2Nu   HT2500ToInf :  405030
    nevents in  ZTo2Nu   HT800To1200 :  2170137
    nevents in  ZTo2Nu   HT200To400 :  24761211
    nevents in  ZTo2Nu   HT400To600 :  9862869
    nevents in  tbar scalar   tWChan_Mchi1Mphi100 :  200000
    nevents in  tbar scalar   tChan_Mchi1Mphi100 :  500000
    nevents in  WW   WWTo1L1Nu2Q :  5246469
    nevents in  WW   WWTo4Q :  30324343
    nevents in  WW   WWTo2L2Nu :  1999000
    nevents in  ttbarPlusJets   TTToSemiLepton :  152669800
    nevents in  ttbarPlusJets   TTTo2L2Nu :  79140880
    nevents in  ttbar scalar   ttDM_MChi1_MPhi100_scalar :  2625075
    nevents in  ZZ   ZZTo2Q2Nu :  52855410
    nevents in  ZZ   ZZTo4L :  103121112
    nevents in  ZZ   ZZTo2L2Q :  15462693
    nevents in  ZZ   ZZTo2L2Nu :  52855410
    nevents in  ZZ   ZZTo4Q :  30636849
    nevents in  QCD   HT700To1000 :  37233786
    nevents in  QCD   HT500To700 :  62622029
    nevents in  QCD   HT2000ToInf :  5804179
    nevents in  QCD   HT1000To1500 :  15210939
    nevents in  QCD   HT1500To2000 :  11839357
    nevents in  QCD   HT100To200 :  82293477
    nevents in  QCD   HT300To500 :  54552852
    nevents in  QCD   HT200To300 :  57580393
    nevents in  WZ   WZTo2Q2Nu :  17725159
    nevents in  WZ   WZTo2L2Q :  26445785
    nevents in  WZ   WZTo3LNu :  19993200
    nevents in  WZ   WZTo1L3Nu :  1703772
    nevents in  WZ   WZTo1L1Nu2Q :  24311445
    nevents in  TTV   TTZToQQ :  749400
    nevents in  TTV   TTWJetsToLNu :  5280565
    nevents in  TTV   TTWJetsToQQ :  83329Info in <TCanvas::MakeDefCanvas>:  created default TCanvas with name c1
TFile::Append:0: RuntimeWarning: Replacing existing TH1: hist (Potential memory leak).
TFile::Append:0: RuntimeWarning: Replacing existing TH1: hist (Potential memory leak).
TFile::Append:0: RuntimeWarning: Replacing existing TH1: hist (Potential memory leak).
TFile::Append:0: RuntimeWarning: Replacing existing TH1: hist (Potential memory leak).
TFile::Append:0: RuntimeWarning: Replacing existing TH1: hist (Potential memory leak).
TFile::Append:0: RuntimeWarning: Replacing existing TH1: hist (Potential memory leak).
TFile::Append:0: RuntimeWarning: Replacing existing TH1: hist (Potential memory leak).
TFile::Append:0: RuntimeWarning: Replacing existing TH1: hist (Potential memory leak).
TFile::Append:0: RuntimeWarning: Replacing existing TH1: hist (Potential memory leak).
TFile::Append:0: RuntimeWarning: Replacing existing TH1: hist (Potential memory leak).
TFile::Append:0: RuntimeWarning: Replacing existing TH1: hist (Potential memory leak).
TFile::Append:0: RuntimeWarning: Replacing existing TH1: hist (Potential memory leak).
TFile::Append:0: RuntimeWarning: Replacing existing TH1: hist (Potential memory leak).
TFile::Append:0: RuntimeWarning: Replacing existing TH1: hist (Potential memory leak).
TFile::Append:0: RuntimeWarning: Replacing existing TH1: hist (Potential memory leak).
TFile::Append:0: RuntimeWarning: Replacing existing TH1: hist (Potential memory leak).
TFile::Append:0: RuntimeWarning: Replacing existing TH1: hist (Potential memory leak).
TFile::Append:0: RuntimeWarning: Replacing existing TH1: hist (Potential memory leak).
TFile::Append:0: RuntimeWarning: Replacing existing TH1: hist (Potential memory leak).
TFile::Append:0: RuntimeWarning: Replacing existing TH1: hist (Potential memory leak).
8
    nevents in  TTV   TTZToLLNuNu :  13692628
    nevents in  ZTo2L   HT600To800 :  8292957
    nevents in  ZTo2L   HT1200To2500 :  596079
    nevents in  ZTo2L   HT100To200 :  11017086
    nevents in  ZTo2L   HT2500ToInf :  399492
    nevents in  ZTo2L   HT800To1200 :  2673066
    nevents in  ZTo2L   HT200To400 :  9609137
    nevents in  ZTo2L   HT400To600 :  9725661
    nevents in  singleTop   ST_s-channel :  1000000
    nevents in  singleTop   ST_t-channel_antitop :  38811017
    nevents in  singleTop   ST_tW_top :  6952830
    nevents in  singleTop   ST_t-channel_top :  58403420
    nevents in  singleTop   ST_tW_antitop :  6933094
    nevents in  WPlusJets   HT200To400 :  38984322
    nevents in  WPlusJets   HT70To100 :  10020533
    nevents in  WPlusJets   HT600To800 :  18687480
    nevents in  WPlusJets   HT1200To2500 :  6872441
    nevents in  WPlusJets   HT100To200 :  78043017
    nevents in  WPlusJets   HT400To600 :  7687800
    nevents in  WPlusJets   HT2500ToInf :  2637821
    nevents in  WPlusJets   HT800To1200 :  7830536
Got MC sample root files and event trees
Filling histograms...
  Dataset =  MET  ||   nEvents =  1119703
    hist nEntries =  237.0
    hist integral =  223.0
    hist_data nEntries =  237.0
    hist_data integral =  223.0
    hist nEntries =  74.0
    hist integral =  73.0
    hist_data nEntries =  311.0
    hist_data integral =  296.0
    hist nEntries =  115.0
    hist integral =  115.0
    hist_data nEntries =  426.0
    hist_data integral =  411.0
    hist nEntries =  100.0
    hist integral =  98.0
    hist_data nEntries =  526.0
    hist_data integral =  509.0
    hist nEntries =  110.0
    hist integral =  106.0
    hist_data nEntries =  636.0
    hist_data integral =  615.0
    hist nEntries =  255.0
    hist integral =  246.0
    hist_data nEntries =  891.0
    hist_data integral =  861.0
    hist nEntries =  292.0
    hist integral =  282.0
    hist_data nEntries =  1183.0
    hist_data integral =  1143.0
  Process =  ZTo2Nu
      Dataset =  HT600To800  ||   nEvents =  5693589
Applied ZTo2Nu qcd/ewk Weights correctly
          hist nEntries =  137.0
          hist integral =  1.92363361083
      Dataset =  HT1200To2500  ||   nEvents =  513471
Applied ZTo2Nu qcd/ewk Weights correctly
          hist nEntries =  8.0
          hist integral =  0.0831022170605
      Dataset =  HT100To200  ||   nEvents =  24272858
Applied ZTo2Nu qcd/ewk Weights correctly
          hist nEntries =  0.0
          hist integral =  0.0
      Dataset =  HT2500ToInf  ||   nEvents =  405030
Applied ZTo2Nu qcd/ewk Weights correctly
          hist nEntries =  1.0
          hist integral =  1.59566825459e-05
      Dataset =  HT800To1200  ||   nEvents =  2170137
Applied ZTo2Nu qcd/ewk Weights correctly
          hist nEntries =  58.0
          hist integral =  0.934952774318
      Dataset =  HT200To400  ||   nEvents =  24761211
Applied ZTo2Nu qcd/ewk Weights correctly
          hist nEntries =  12.0
          hist integral =  1.75029128371
      Dataset =  HT400To600  ||   nEvents =  9862869
Applied ZTo2Nu qcd/ewk Weights correctly
          hist nEntries =  118.0
          hist integral =  4.55884572864
  Process =  tbar scalar
      Dataset =  tWChan_Mchi1Mphi100  ||   nEvents =  200000
          hist nEntries =  4.0
          hist integral =  0.0271556987427
      Dataset =  tChan_Mchi1Mphi100  ||   nEvents =  500000
          hist nEntries =  45.0
          hist integral =  0.654232416651
  Process =  WW
      Dataset =  WWTo1L1Nu2Q  ||   nEvents =  5246469
          hist nEntries =  0.0
          hist integral =  0.0
      Dataset =  WWTo4Q  ||   nEvents =  30324343
          hist nEntries =  0.0
          hist integral =  0.0
      Dataset =  WWTo2L2Nu  ||   nEvents =  1999000
          hist nEntries =  1.0
          hist integral =  0.030424201861
  Process =  ttbarPlusJets
      Dataset =  TTToSemiLepton  ||   nEvents =  152669800
          hist nEntries =  1447.0
          hist integral =  87.9652802944
      Dataset =  TTTo2L2Nu  ||   nEvents =  79140880
          hist nEntries =  371.0
          hist TFile::Append:0: RuntimeWarning: Replacing existing TH1: hist (Potential memory leak).
TFile::Append:0: RuntimeWarning: Replacing existing TH1: hist (Potential memory leak).
TFile::Append:0: RuntimeWarning: Replacing existing TH1: hist (Potential memory leak).
TFile::Append:0: RuntimeWarning: Replacing existing TH1: hist (Potential memory leak).
TFile::Append:0: RuntimeWarning: Replacing existing TH1: hist (Potential memory leak).
TFile::Append:0: RuntimeWarning: Replacing existing TH1: hist (Potential memory leak).
TFile::Append:0: RuntimeWarning: Replacing existing TH1: hist (Potential memory leak).
TFile::Append:0: RuntimeWarning: Replacing existing TH1: hist (Potential memory leak).
TFile::Append:0: RuntimeWarning: Replacing existing TH1: hist (Potential memory leak).
TFile::Append:0: RuntimeWarning: Replacing existing TH1: hist (Potential memory leak).
TFile::Append:0: RuntimeWarning: Replacing existing TH1: hist (Potential memory leak).
TFile::Append:0: RuntimeWarning: Replacing existing TH1: hist (Potential memory leak).
TFile::Append:0: RuntimeWarning: Replacing existing TH1: hist (Potential memory leak).
TFile::Append:0: RuntimeWarning: Replacing existing TH1: hist (Potential memory leak).
TFile::Append:0: RuntimeWarning: Replacing existing TH1: hist (Potential memory leak).
TFile::Append:0: RuntimeWarning: Replacing existing TH1: hist (Potential memory leak).
TFile::Append:0: RuntimeWarning: Replacing existing TH1: hist (Potential memory leak).
TFile::Append:0: RuntimeWarning: Replacing existing TH1: hist (Potential memory leak).
TFile::Append:0: RuntimeWarning: Replacing existing TH1: hist (Potential memory leak).
TFile::Append:0: RuntimeWarning: Replacing existing TH1: hist (Potential memory leak).
TFile::Append:0: RuntimeWarning: Replacing existing TH1: hist (Potential memory leak).
TFile::Append:0: RuntimeWarning: Replacing existing TH1: hist (Potential memory leak).
TFile::Append:0: RuntimeWarning: Replacing existing TH1: hist (Potential memory leak).
TFile::Append:0: RuntimeWarning: Replacing existing TH1: hist (Potential memory leak).
TFile::Append:0: RuntimeWarning: Replacing existing TH1: hist (Potential memory leak).
TFile::Append:0: RuntimeWarning: Replacing existing TH1: hist (Potential memory leak).
TFile::Append:0: RuntimeWarning: Replacing existing TH1: hist (Potential memory leak).
TFile::Append:0: RuntimeWarning: Replacing existing TH1: hist (Potential memory leak).
TFile::Append:0: RuntimeWarning: Replacing existing TH1: hist (Potential memory leak).
TFile::Append:0: RuntimeWarning: Replacing existing TH1: hist (Potential memory leak).
integral =  10.4375583678
  Process =  ttbar scalar
      Dataset =  ttDM_MChi1_MPhi100_scalar  ||   nEvents =  2625075
          hist nEntries =  170.0
          hist integral =  1.17309959792
  Process =  ZZ
      Dataset =  ZZTo2Q2Nu  ||   nEvents =  52855410
          hist nEntries =  2.0
          hist integral =  0.00410151423421
      Dataset =  ZZTo4L  ||   nEvents =  103121112
          hist nEntries =  0.0
          hist integral =  0.0
      Dataset =  ZZTo2L2Q  ||   nEvents =  15462693
          hist nEntries =  1.0
          hist integral =  0.00129694410134
      Dataset =  ZZTo2L2Nu  ||   nEvents =  52855410
          hist nEntries =  2.0
          hist integral =  0.000572587639908
      Dataset =  ZZTo4Q  ||   nEvents =  30636849
          hist nEntries =  1.0
          hist integral =  0.00496420403942
  Process =  QCD
      Dataset =  HT700To1000  ||   nEvents =  37233786
          hist nEntries =  9.0
          hist integral =  39.281914711
      Dataset =  HT500To700  ||   nEvents =  62622029
          hist nEntries =  4.0
          hist integral =  69.8252372742
      Dataset =  HT2000ToInf  ||   nEvents =  5804179
          hist nEntries =  2.0
          hist integral =  0.134763170034
      Dataset =  HT1000To1500  ||   nEvents =  15210939
          hist nEntries =  17.0
          hist integral =  28.2781598866
      Dataset =  HT1500To2000  ||   nEvents =  11839357
          hist nEntries =  9.0
          hist integral =  1.52642059838
      Dataset =  HT100To200  ||   nEvents =  82293477
          hist nEntries =  0.0
          hist integral =  0.0
      Dataset =  HT300To500  ||   nEvents =  54552852
          hist nEntries =  0.0
          hist integral =  0.0
      Dataset =  HT200To300  ||   nEvents =  57580393
          hist nEntries =  1.0
          hist integral =  0.0
  Process =  WZ
      Dataset =  WZTo2Q2Nu  ||   nEvents =  17725159
          hist nEntries =  23.0
          hist integral =  0.227748374455
      Dataset =  WZTo2L2Q  ||   nEvents =  26445785
          hist nEntries =  5.0
          hist integral =  0.0226866449229
      Dataset =  WZTo3LNu  ||   nEvents =  19993200
          hist nEntries =  0.0
          hist integral =  0.0
      Dataset =  WZTo1L3Nu  ||   nEvents =  1703772
          hist nEntries =  0.0
          hist integral =  0.0
      Dataset =  WZTo1L1Nu2Q  ||   nEvents =  24311445
          hist nEntries =  24.0
          hist integral =  0.291289681569
  Process =  TTV
      Dataset =  TTZToQQ  ||   nEvents =  749400
          hist nEntries =  12.0
          hist integral =  0.22818696266
      Dataset =  TTWJetsToLNu  ||   nEvents =  5280565
          hist nEntries =  98.0
          hist integral =  0.0984101937502
      Dataset =  TTWJetsToQQ  ||   nEvents =  833298
          hist nEntries =  25.0
          hist integral =  0.324728863314
      Dataset =  TTZToLLNuNu  ||   nEvents =  13692628
          hist nEntries =  983.0
          hist integral =  0.475299413316
  Process =  ZTo2L
      Dataset =  HT600To800  ||   nEvents =  8292957
Applied ZTo2L qcd/ewk Weights correctly
          hist nEntries =  16.0
          hist integral =  0.0746318286401
      Dataset =  HT1200To2500  ||   nEvents =  596079
Applied ZTo2L qcd/ewk Weights correctly
          hist nEntries =  2.0
          hist integral =  0.00309983431362
      Dataset =  HT100To200  ||   nEvents =  11017086
Applied ZTo2L qcd/ewk Weights correctly
          hist nEntries =  0.0
          hist integral =  0.0
      Dataset =  HT2500ToInf  ||   nEvents =  399492
Applied ZTo2L qcd/ewk Weights correctly
          hist nEntries =  0.0
          hist integral =  0.0
      Dataset =  HT800To1200  ||   nEvents =  2673066
Applied ZTo2L qcd/ewk Weights correctly
          hist nEntries =  2.0
          hist integral =  0.0179939721711
      Dataset =  HT200To400  ||   nEvents =  9609137
Applied ZTo2L qcd/ewk Weights correctly
          hist nEntries =  1.0
          hist integral =  0.217804953456
      Dataset =  HT400To600  ||   nEvents =  9725661
Applied ZTo2L qcd/ewk Weights correctly
          hist nETFile::Append:0: RuntimeWarning: Replacing existing TH1: hist (Potential memory leak).
TFile::Append:0: RuntimeWarning: Replacing existing TH1: hist (Potential memory leak).
TFile::Append:0: RuntimeWarning: Replacing existing TH1: hist (Potential memory leak).
TFile::Append:0: RuntimeWarning: Replacing existing TH1: hist (Potential memory leak).
TFile::Append:0: RuntimeWarning: Replacing existing TH1: hist (Potential memory leak).
TFile::Append:0: RuntimeWarning: Replacing existing TH1: hist (Potential memory leak).
TFile::Append:0: RuntimeWarning: Replacing existing TH1: hist (Potential memory leak).
TFile::Append:0: RuntimeWarning: Replacing existing TH1: hist (Potential memory leak).
TFile::Append:0: RuntimeWarning: Replacing existing TH1: hist (Potential memory leak).
TFile::Append:0: RuntimeWarning: Replacing existing TH1: hist (Potential memory leak).
TFile::Append:0: RuntimeWarning: Replacing existing TH1: hist (Potential memory leak).
TFile::Append:0: RuntimeWarning: Replacing existing TH1: hist (Potential memory leak).
TFile::Append:0: RuntimeWarning: Replacing existing TH1: hist (Potential memory leak).
ntries =  8.0
          hist integral =  0.138665288254
  Process =  singleTop
      Dataset =  ST_s-channel  ||   nEvents =  1000000
          hist nEntries =  1.0
          hist integral =  0.0722929611802
      Dataset =  ST_t-channel_antitop  ||   nEvents =  38811017
          hist nEntries =  28.0
          hist integral =  1.27231660689
      Dataset =  ST_tW_top  ||   nEvents =  6952830
          hist nEntries =  10.0
          hist integral =  1.6220205836
      Dataset =  ST_t-channel_top  ||   nEvents =  58403420
          hist nEntries =  93.0
          hist integral =  5.16990579665
      Dataset =  ST_tW_antitop  ||   nEvents =  6933094
          hist nEntries =  16.0
          hist integral =  1.92343876138
  Process =  WPlusJets
      Dataset =  HT200To400  ||   nEvents =  38984322
Applied WPlusJets qcd/ewk Weights correctly
          hist nEntries =  6.0
          hist integral =  1.97540548444
      Dataset =  HT70To100  ||   nEvents =  10020533
Applied WPlusJets qcd/ewk Weights correctly
          hist nEntries =  0.0
          hist integral =  0.0
      Dataset =  HT600To800  ||   nEvents =  18687480
Applied WPlusJets qcd/ewk Weights correctly
          hist nEntries =  99.0
          hist integral =  1.83357939043
      Dataset =  HT1200To2500  ||   nEvents =  6872441
Applied WPlusJets qcd/ewk Weights correctly
          hist nEntries =  11.0
          hist integral =  0.213154575787
      Dataset =  HT100To200  ||   nEvents =  78043017
Applied WPlusJets qcd/ewk Weights correctly
          hist nEntries =  0.0
          hist integral =  0.0
      Dataset =  HT400To600  ||   nEvents =  7687800
Applied WPlusJets qcd/ewk Weights correctly
          hist nEntries =  22.0
          hist integral =  4.55025140196
      Dataset =  HT2500ToInf  ||   nEvents =  2637821
Applied WPlusJets qcd/ewk Weights correctly
          hist nEntries =  0.0
          hist integral =  0.0
      Dataset =  HT800To1200  ||   nEvents =  7830536
Applied WPlusJets qcd/ewk Weights correctly
          hist nEntries =  43.0
          hist integral =  0.1903736284
-----------------------------
Total data background nEvents =  1183.0
Total data background integral =  1143.0
-----------------------------
Total MC background nEvents =  3729.0
Total MC background integral =  267.684817553
-----------------------------
Total tt+DM signal nEvents =  170.0
Total tt+DM signal integral =  1.17309959792
-----------------------------
Total t+DM signal nEvents =  49.0
Total t+DM signal integral =  0.68138811586
-----------------------------
FOM for tt+DM signal =  0.0717006373369
FOM for t+DM signal =  0.0416469004573
-----------------------------
Data bin errors:
    bin 0: 6.32455532034
    bin 1: 6.32455532034
    bin 2: 6.63324958071
    bin 3: 7.14142842854
    bin 4: 5.38516480713
    bin 5: 6.78232998313
    bin 6: 5.29150262213
    bin 7: 5.83095189485
    bin 8: 6.0827625303
    bin 9: 5.29150262213
    bin 10: 5.0
    bin 11: 4.24264068712
    bin 12: 6.16441400297
    bin 13: 5.56776436283
    bin 14: 6.48074069841
    bin 15: 5.74456264654
    bin 16: 7.07106781187
    bin 17: 8.83176086633
    bin 18: 7.93725393319
    bin 19: 6.2449979984
    bin 20: 6.40312423743
    bin 21: 7.74596669241
    bin 22: 6.7082039325
    bin 23: 6.40312423743
    bin 24: 5.74456264654
    bin 25: 6.7082039325
    bin 26: 5.74456264654
    bin 27: 4.69041575982
    bin 28: 4.0
    bin 29: 4.0
    bin 30: 4.472135955
-----------------------------
MC background bin errors:
    bin 0: 0.963313925495
    bin 1: 0.536895740225
    bin 2: 20.8386816342
    bin 3: 17.321338465
    bin 4: 3.22178924213
    bin 5: 4.83936055701
    bin 6: 3.75596561897
    bin 7: 6.96095976488
    bin 8: 0.584773436741
    bin 9: 3.34815315145
    bin 10: 2.02909023012
    bin 11: 6.16477500703
    bin 12: 1.83910515955
    bin 13: 1.85611828686
    bin 14: 0.627228290591
    bin 15: 1.71832888249
    bin 16: 19.6825849546
    bin 17: 6.56796429348
    bin 18: 0.472811928224
    bin 19: 0.611338460834
    bin 20: 6.12863653207
    bin 21: 1.3868210632
    bin 22: 0.482991871277
Info in <TCanvas::Print>: png file plots/2018_QCDCR_debugging/RunII_plots/fJet_phi/09_14_2021/AH0lQR2016_Jet_phi[index_forwardJets[1]]_09_14_2021_leadingfjet.png has been created
    bin 23: 0.760119588707
    bin 24: 0.520219787748
    bin 25: 0.644703429223
    bin 26: 0.518955068312
    bin 27: 0.547038439726
    bin 28: 0.520820180775
    bin 29: 1.60833990645
    bin 30: 0.573626959568
-----------------------------
tt+DM bin errors:
    bin 0: 0.0101656795575
    bin 1: 0.0188796913033
    bin 2: 0.0146395313733
    bin 3: 0.00790529448642
    bin 4: 0.0207168054661
    bin 5: 0.0148182929638
    bin 6: 0.0166368166406
    bin 7: 0.0231460460432
    bin 8: 0.0249248543064
    bin 9: 0.0126772190303
    bin 10: 0.0241351661602
    bin 11: 0.0237942366825
    bin 12: 0.0141034997136
    bin 13: 0.0164459898232
    bin 14: 0.0144022901088
    bin 15: 0.010425405246
    bin 16: 0.0162195411189
    bin 17: 0.010159175682
    bin 18: 0.0228379247551
    bin 19: 0.0183855374619
    bin 20: 0.01725195108
    bin 21: 0.0241420164248
    bin 22: 0.0130210682295
    bin 23: 0.0171236986648
    bin 24: 0.0210629608471
    bin 25: 0.0186600855685
    bin 26: 0.00938709468623
    bin 27: 0.0137715571156
    bin 28: 0.0109847629899
    bin 29: 0.0202929369505
    bin 30: 0.0168920679224
-----------------------------
t+DM bin errors:
    bin 0: 0.0222808326217
    bin 1: 0.0124229445392
    bin 2: 0.035578966505
    bin 3: 0.0
    bin 4: 0.0341901171701
    bin 5: 0.0160959013927
    bin 6: 0.0152541689139
    bin 7: 0.015872349527
    bin 8: 0.0
    bin 9: 0.0130363537564
    bin 10: 0.0210465171372
    bin 11: 0.0227067465948
    bin 12: 0.00978710068167
    bin 13: 0.00243228237526
    bin 14: 0.0214926097529
    bin 15: 0.011853664164
    bin 16: 0.0197584096879
    bin 17: 0.0069265998974
    bin 18: 0.0425837380687
    bin 19: 0.0213354870158
    bin 20: 0.0186279500867
    bin 21: 0.021238472409
    bin 22: 0.0
    bin 23: 0.0201473327423
    bin 24: 0.0250170588693
    bin 25: 0.0227492234829
    bin 26: 0.00138295970649
    bin 27: 0.0200571643656
    bin 28: 0.0146553717038
    bin 29: 0.00649196771866
    bin 30: 0.0178753676922
-----------------------------
ZTo2Nu hist info:
    nEvents =  334.0
    integral =  9.25084149092
tbar scalar hist info:
    nEvents =  49.0
    integral =  0.68138811586
TTTo2L2Nu hist info:
    nEvents =  371.0
    integral =  10.4375583678
singleTop hist info:
    nEvents =  148.0
    integral =  10.0599747337
TTV hist info:
    nEvents =  1118.0
    integral =  1.12662542984
bkgSum hist info:
    nEvents =  3729.0
    integral =  267.684817553
ttbar scalar hist info:
    nEvents =  170.0
    integral =  1.17309959792
VV hist info:
    nEvents =  59.0
    integral =  0.583084154525
QCD hist info:
    nEvents =  42.0
    integral =  139.046497274
ZTo2L hist info:
    nEvents =  29.0
    integral =  0.452195876776
data hist info:
    nEvents =  1183.0
    integral =  1143.0
WPlusJets hist info:
    nEvents =  181.0
    integral =  8.76276450604
TTToSemiLepton hist info:
    nEvents =  1447.0
    integral =  87.9652802944
Finished filling histograms
Creating stacked MC background histogram...
Finished stacking MC background histograms.
Drawing histograms...
Finished drawing histograms
Drawing ratio plot...
Finished drawing ratio plot
Plotting end time: 2021-09-15 05:48:49.408472
