plots/plot.py:982: SyntaxWarning: name 'counter' is used prior to global declaration
  global counter
Cut name =  AH0l2bSR
MC Selection Cuts =  (nVetoElectrons + nLooseMuons) == 0 && njets >= 3 && nbjets >= 2 && METcorrected_pt >= 250 && ntaus == 0 && minDeltaPhi > 0.4 && Flag_goodVertices && Flag_globalSuperTightHalo2016Filter && Flag_HBHENoiseFilter && Flag_HBHENoiseIsoFilter && Flag_EcalDeadCellTriggerPrimitiveFilter && Flag_BadPFMuonFilter && Flag_ecalBadCalibFilterV2 && (HLT_PFMETNoMu120_PFMHTNoMu120_IDTight || HLT_PFMETNoMu120_PFMHTNoMu120_IDTight_PFHT60) && PV_npvsGood > 0 && PV_ndof > 4 && abs(PV_z) < 24 && sqrt(pow(PV_x,2)+pow(PV_y,2)) < 2 && minDeltaPhi12 >= 0.8 && M_Tb >= 140 && jet1p_TH_T <= 0.5 && noB2Bleadingfjet
Data Selection Cuts =  (nVetoElectrons + nLooseMuons) == 0 && njets >= 3 && nbjets >= 2 && METcorrected_pt >= 250 && ntaus == 0 && minDeltaPhi > 0.4 && Flag_goodVertices && Flag_globalSuperTightHalo2016Filter && Flag_HBHENoiseFilter && Flag_HBHENoiseIsoFilter && Flag_EcalDeadCellTriggerPrimitiveFilter && Flag_BadPFMuonFilter && Flag_ecalBadCalibFilterV2 && (HLT_PFMETNoMu120_PFMHTNoMu120_IDTight || HLT_PFMETNoMu120_PFMHTNoMu120_IDTight_PFHT60) && PV_npvsGood > 0 && PV_ndof > 4 && abs(PV_z) < 24 && sqrt(pow(PV_x,2)+pow(PV_y,2)) < 2 && minDeltaPhi12 >= 0.8 && M_Tb >= 140 && jet1p_TH_T <= 0.5 && noB2Bleadingfjet && Flag_eeBadScFilter
var =  Jet_pt[index_centralJets[0]]
year =  2017
lumi =  41.53
saveDirectory =  plots/AH_studies/03_22_2024/jet1_pt/
date =  03_22_2024
applying HEM fix for 2018...
Creating histograms..
Histogram options: 
    nbins =  30
    xmin =  0
    xmax =  900
    auto_y =  True
    doLogPlot =  False
    drawData =  True
    mediatorType =  scalar
    mchi =  1
    mphi =  100
    normalizePlots =  False
    doBinned =  False
    savePlots =  True
    combineEleMu =  True
    doSys =  False
    doSysFirstHalf =  False
    doSysSecondHalf =  False
    drawOverflow =  True
    drawUnderflow =  False
    plotSys =  False
    plotSysVar =  CMS_scaleRelativeSample_j
    plotSysSignal =  False
Drawing data and ratio plot...
Selected MET dataset
Loading data sample root files and event trees...
    ----Loading /hdfs/store/user/vshang/MET_Run2017B/MET/ModuleCommonSkim_12242022/tree_all.root
    ----Loading /hdfs/store/user/vshang/MET_Run2017C/MET/ModuleCommonSkim_12242022/tree_all.root
    ----Loading /hdfs/store/user/vshang/MET_Run2017D/MET/ModuleCommonSkim_12242022/tree_all.root
    ----Loading /hdfs/store/user/vshang/MET_Run2017E/MET/ModuleCommonSkim_12242022/tree_all.root
    ----Loading /hdfs/store/user/vshang/MET_Run2017F/MET/ModuleCommonSkim_12242022/tree_all.root
    total nevents in  MET :  2088294
Got data sample root files and event trees
Loading MC sample root files and event trees...
Loading process:  ZTo2Nu
    ----Loading HT600To800
    nevents in  ZTo2Nu   HT600To800 :  5615921
    ----Loading HT1200To2500
    nevents in  ZTo2Nu   HT1200To2500 :  336181
    ----Loading HT100To200
    nevents in  ZTo2Nu   HT100To200 :  22702468
    ----Loading HT2500ToInf
    nevents in  ZTo2Nu   HT2500ToInf :  6446
    ----Loading HT400To600
    nevents in  ZTo2Nu   HT400To600 :  9501265
    ----Loading HT200To400
    nevents in  ZTo2Nu   HT200To400 :  21389579
    ----Loading HT800To1200
    nevents in  ZTo2Nu   HT800To1200 :  2041779
Loading process:  tbar scalar
    ----Loading tChan_MChi1_MPhi100_scalar
    nevents in  tbar scalar   tChan_MChi1_MPhi100_scalar :  247000
    ----Loading tWChan_MChi1_MPhi100_scalar
    nevents in  tbar scalar   tWChan_MChi1_MPhi100_scalar :  171000
Loading process:  TTV
    ----Loading TTZToQQ
    nevents in  TTV   TTZToQQ :  4602104
    ----Loading TTWJetsToLNu
    nevents in  TTV   TTWJetsToLNu :  5394782
    ----Loading TTWJetsToQQ
    nevents in  TTV   TTWJetsToQQ :  441560
    ----Loading TTZToLLNuNu
    nevents in  TTV   TTZToLLNuNu :  7316018
Loading process:  WW
    ----Loading WWTo1L1Nu2Q
    nevents in  WW   WWTo1L1Nu2Q :  3169582
    ----Loading WWTo4Q
    nevents in  WW   WWTo4Q :  1992402
    ----Loading WWTo2L2Nu
    nevents in  WW   WWTo2L2Nu :  1992522
Loading process:  ttbarPlusJets
    ----Loading TTToSemiLepton
    nevents in  ttbarPlusJets   TTToSemiLepton :  239169221
    ----Loading TTTo2L2Nu
    nevents in  ttbarPlusJets   TTTo2L2Nu :  8926992
Loading process:  Other
    ----Loading ZH_HToBB_ZToNuNu
    nevents in  Other   ZH_HToBB_ZToNuNu :  5250476
    ----Loading tZq
    nevents in  Other   tZq :  3467904
    ----Loading WplusH_HToBB_WToLNu
    nevents in  Other   WplusH_HToBB_WToLNu :  2343366
    ----Loading GluGluHToZZTo4L
    nevents in  Other   GluGluHToZZTo4L :  1933230
    ----Loading ttHTobb
    nevents in  Other   ttHTobb :  7833734
    ----Loading ZZZ
    nevents in  Other   ZZZ :  427832
    ----Loading TTGJets
    nevents in  Other   TTGJets :  5441639
    ----Loading WplusH_HToBB_WToQQ
    nevents in  Other   WplusH_HToBB_WToQQ :  476787
    ----Loading WminusH_HToBB_WToLNu
    nevents in  Other   WminusH_HToBB_WToLNu :  2256768
    ----Loading WWW
    nevents in  Other   WWW :  413736
    ----Loading ttHToNonbb
    nevents in  Other   ttHToNonbb :  12472780
    ----Loading WWZ
    nevents in  Other   WWZ :  441586
    ----Loading WZZ
    nevents in  Other   WZZ :  439320
    ----Loading WWG
    nevents in  Other   WWG :  1628026
    ----Loading TTTT
    nevents in  Other   TTTT :  373734
    ----Loading WminusH_HToBB_WToQQ
    nevents in  Other   WminusH_HToBB_WToQQ :  459170
    ----Loading WZG
    nevents in  Other   WZG :  840872
    ----Loading VHToNonbb
    nevents in  Other   VHToNonbb :  451414
Loading process:  ttbar scalar
    ----Loading ttDM_MChi1_MPhi100_scalar
    nevents in  ttbar scalar   ttDM_MChi1_MPhi100_scalar :  1540506
Loading process:  ZZ
    ----Loading ZZTo2Q2Nu
    nevents in  ZZ   ZZTo2Q2Nu :  39202099
    ----Loading ZZTo4L
    nevents in  ZZ   ZZTo4L :  6893887
    ----Loading ZZTo2L2Q
    nevents in  ZZ   ZZTo2L2Q :  17513566
    ----Loading ZZTo2L2Nu
    nevents in  ZZ   ZZTo2L2Nu :  8733658
Loading process:  QCD
    ----Loading Pt170to300
    nevents in  QCD   Pt170to300 :  56298920
    ----Loading Pt15to30
    nevents in  QCD   Pt15to30 :  19169000
    ----Loading Pt800to1000
    nevents in  QCD   Pt800to1000 :  77660008
    ----Loading Pt600to800
    nevents in  QCD   Pt600to800 :  128548964
    ----Loading Pt120to170
    nevents in  QCD   Pt120to170 :  29854280
    ----Loading Pt1000to1400
    nevents in  QCD   Pt1000to1400 :  35706078
    ----Loading Pt1400to1800
    nevents in  QCD   Pt1400to1800 :  11353270
    ----Loading Pt50to80
    nevents in  QCD   Pt50to80 :  38179535
    ----Loading Pt1800to2400
    nevents in  QCD   Pt1800to2400 :  2923941
    ----Loading Pt3200toInf
    nevents in  QCD   Pt3200toInf :  757837
    ----Loading Pt2400to3200
    nevents in  QCD   Pt2400to3200 :  1910526
    ----Loading Pt80to120
    nevents in  QCD   Pt80to120 :  56387936
    ----Loading Pt30to50
    nevents in  QCD   Pt30to50 :  35500760
    ----Loading Pt470to600
    nevents in  QCD   Pt470to600 :  55331892
    ----Loading Pt300to470
    nevents in  QCD   Pt300to470 :  110887780
Loading process:  ZTo2L
    ----Loading HT600To800
    nevents in  ZTo2L   HT600To800 :  8691608
    ----Loading HT1200To2500
    nevents in  ZTo2L   HT1200To2500 :  616923
    ----Loading HT100To200
    nevents in  ZTo2L   HT100To200 :  15124171
    ----Loading HT2500ToInf
    nevents in  ZTo2L   HT2500ToInf :  401334
    ----Loading HT400To600
    nevents in  ZTo2L   HT400To600 :  11294006
    ----Loading HT200To400
    nevents in  ZTo2L   HT200To400 :  11896758
    ----Loading HT800To1200
    nevents in  ZTo2L   HT800To1200 :  3089712
Loading process:  singleTop
    ----Loading ST_s-channel
    nevents in  singleTop   ST_s-channel :  6167441
    ----Loading ST_t-channel_antitop
    nevents in  singleTop   ST_t-channel_antitop :  3675910
    ----Loading ST_t-channel_top
    nevents in  singleTop   ST_t-channel_top :  5982064
    ----Loading ST_tW_top
    nevents in  singleTop   ST_tW_top :  7734344
    ----Loading ST_tW_antitop
    nevents in  singleTop   ST_tW_antitop :  7916640
Loading process:  WZ
    ----Loading WZTo2Q2Nu
    nevents in  WZ   WZTo2Q2Nu :  18476383
    ----Loading WZTo3LNu
    nevents in  WZ   WZTo3LNu :  68Info in <TCanvas::MakeDefCanvas>:  created default TCanvas with name c1
TFile::Append:0: RuntimeWarning: Replacing existing TH1: hist (Potential memory leak).
TFile::Append:0: RuntimeWarning: Replacing existing TH1: hist (Potential memory leak).
TFile::Append:0: RuntimeWarning: Replacing existing TH1: hist (Potential memory leak).
TFile::Append:0: RuntimeWarning: Replacing existing TH1: hist (Potential memory leak).
TFile::Append:0: RuntimeWarning: Replacing existing TH1: hist (Potential memory leak).
TFile::Append:0: RuntimeWarning: Replacing existing TH1: hist (Potential memory leak).
TFile::Append:0: RuntimeWarning: Replacing existing TH1: hist (Potential memory leak).
TFile::Append:0: RuntimeWarning: Replacing existing TH1: hist (Potential memory leak).
TFile::Append:0: RuntimeWarning: Replacing existing TH1: hist (Potential memory leak).
87413
    ----Loading WZTo1L1Nu2Q
    nevents in  WZ   WZTo1L1Nu2Q :  11347099
    ----Loading WZTo1L3Nu
    nevents in  WZ   WZTo1L3Nu :  2717911
    ----Loading WZTo2L2Q
    nevents in  WZ   WZTo2L2Q :  16664610
Loading process:  WPlusJets
    ----Loading HT600To800
    nevents in  WPlusJets   HT600To800 :  21582309
    ----Loading HT1200To2500
    nevents in  WPlusJets   HT1200To2500 :  19991892
    ----Loading HT100To200
    nevents in  WPlusJets   HT100To200 :  35804623
    ----Loading HT2500ToInf
    nevents in  WPlusJets   HT2500ToInf :  20629585
    ----Loading HT400To600
    nevents in  WPlusJets   HT400To600 :  14250114
    ----Loading HT200To400
    nevents in  WPlusJets   HT200To400 :  21192211
    ----Loading HT800To1200
    nevents in  WPlusJets   HT800To1200 :  20272990
Got MC sample root files and event trees
Filling data histograms...
  Dataset =  MET  ||   nEvents =  2088294
   Using cut =  (nVetoElectrons + nLooseMuons) == 0 && njets >= 3 && nbjets >= 2 && METcorrected_pt >= 250 && ntaus == 0 && minDeltaPhi > 0.4 && Flag_goodVertices && Flag_globalSuperTightHalo2016Filter && Flag_HBHENoiseFilter && Flag_HBHENoiseIsoFilter && Flag_EcalDeadCellTriggerPrimitiveFilter && Flag_BadPFMuonFilter && Flag_ecalBadCalibFilterV2 && (HLT_PFMETNoMu120_PFMHTNoMu120_IDTight) && PV_npvsGood > 0 && PV_ndof > 4 && abs(PV_z) < 24 && sqrt(pow(PV_x,2)+pow(PV_y,2)) < 2 && minDeltaPhi12 >= 0.8 && M_Tb >= 140 && jet1p_TH_T <= 0.5 && noB2Bleadingfjet && Flag_eeBadScFilter
    hist nEntries =  490.0
    hist integral =  490.0
    hist_data nEntries =  490.0
    hist_data integral =  490.0
    hist nEntries =  915.0
    hist integral =  915.0
    hist_data nEntries =  1405.0
    hist_data integral =  1405.0
    hist nEntries =  440.0
    hist integral =  440.0
    hist_data nEntries =  1845.0
    hist_data integral =  1845.0
    hist nEntries =  992.0
    hist integral =  992.0
    hist_data nEntries =  2837.0
    hist_data integral =  2837.0
    hist nEntries =  1309.0
    hist integral =  1309.0
    hist_data nEntries =  4146.0
    hist_data integral =  4146.0
Filling MC histograms...
  Process =  ZTo2Nu
      Dataset =  HT600To800  ||   nEvents =  5615921
Applied ZTo2Nu ewk Weights correctly
          hist weight =  0.0234835265222*leptonWeight*bjetWeight*puWeight*muonTriggerWeight*EE_L1_prefire_Weight*electronTriggerWeight*genWeightSign*METTriggerWeight*qcdZTo2NuWeight*ewkZWeight*0.934*(nbjets == 0 ? 0.811 : 1.)
          hist nEntries =  4001.0
          hist integral =  95.0283008441
      Dataset =  HT1200To2500  ||   nEvents =  336181
Applied ZTo2Nu ewk Weights correctly
          hist weight =  0.0371681152712*leptonWeight*bjetWeight*puWeight*muonTriggerWeight*EE_L1_prefire_Weight*electronTriggerWeight*genWeightSign*METTriggerWeight*qcdZTo2NuWeight*ewkZWeight*0.934*(nbjets == 0 ? 0.811 : 1.)
          hist nEntries =  272.0
          hist integral =  9.58547626619
      Dataset =  HT100To200  ||   nEvents =  22702468
Applied ZTo2Nu ewk Weights correctly
          hist weight =  0.550593543222*leptonWeight*bjetWeight*puWeight*muonTriggerWeight*EE_L1_prefire_Weight*electronTriggerWeight*genWeightSign*METTriggerWeight*qcdZTo2NuWeight*ewkZWeight*0.934*(nbjets == 0 ? 0.811 : 1.)
          hist nEntries =  4.0
          hist integral =  1.15374895465
      Dataset =  HT2500ToInf  ||   nEvents =  6446
Applied ZTo2Nu ewk Weights correctly
          hist weight =  0.0423050376792*leptonWeight*bjetWeight*puWeight*muonTriggerWeight*EE_L1_prefire_Weight*electronTriggerWeight*genWeightSign*METTriggerWeight*qcdZTo2NuWeight*ewkZWeight*0.934*(nbjets == 0 ? 0.811 : 1.)
          hist nEntries =  3.0
          hist integral =  0.136056888849
      Dataset =  HT400To600  ||   nEvents =  9501265
Applied ZTo2Nu ewk Weights correctly
          hist weight =  0.05628471533*leptonWeight*bjetWeight*puWeight*muonTriggerWeight*EE_L1_prefire_Weight*electronTriggerWeight*genWeightSign*METTriggerWeight*qcdZTo2NuWeight*ewkZWeight*0.934*(nbjets == 0 ? 0.811 : 1.)
          hist nEntries =  4201.0
          hist integral =  247.295926768
      Dataset = TFile::Append:0: RuntimeWarning: Replacing existing TH1: hist (Potential memory leak).
TFile::Append:0: RuntimeWarning: Replacing existing TH1: hist (Potential memory leak).
TFile::Append:0: RuntimeWarning: Replacing existing TH1: hist (Potential memory leak).
TFile::Append:0: RuntimeWarning: Replacing existing TH1: hist (Potential memory leak).
TFile::Append:0: RuntimeWarning: Replacing existing TH1: hist (Potential memory leak).
TFile::Append:0: RuntimeWarning: Replacing existing TH1: hist (Potential memory leak).
TFile::Append:0: RuntimeWarning: Replacing existing TH1: hist (Potential memory leak).
TFile::Append:0: RuntimeWarning: Replacing existing TH1: hist (Potential memory leak).
TFile::Append:0: RuntimeWarning: Replacing existing TH1: hist (Potential memory leak).
TFile::Append:0: RuntimeWarning: Replacing existing TH1: hist (Potential memory leak).
TFile::Append:0: RuntimeWarning: Replacing existing TH1: hist (Potential memory leak).
TFile::Append:0: RuntimeWarning: Replacing existing TH1: hist (Potential memory leak).
TFile::Append:0: RuntimeWarning: Replacing existing TH1: hist (Potential memory leak).
 HT200To400  ||   nEvents =  21389579
Applied ZTo2Nu ewk Weights correctly
          hist weight =  0.176357033895*leptonWeight*bjetWeight*puWeight*muonTriggerWeight*EE_L1_prefire_Weight*electronTriggerWeight*genWeightSign*METTriggerWeight*qcdZTo2NuWeight*ewkZWeight*0.934*(nbjets == 0 ? 0.811 : 1.)
          hist nEntries =  1136.0
          hist integral =  217.546305503
      Dataset =  HT800To1200  ||   nEvents =  2041779
Applied ZTo2Nu ewk Weights correctly
          hist weight =  0.0277609894117*leptonWeight*bjetWeight*puWeight*muonTriggerWeight*EE_L1_prefire_Weight*electronTriggerWeight*genWeightSign*METTriggerWeight*qcdZTo2NuWeight*ewkZWeight*0.934*(nbjets == 0 ? 0.811 : 1.)
          hist nEntries =  1695.0
          hist integral =  46.6088283435
  Process =  tbar scalar
      Dataset =  tChan_MChi1_MPhi100_scalar  ||   nEvents =  247000
          hist weight =  0.0478856032389*leptonWeight*bjetWeight*puWeight*muonTriggerWeight*EE_L1_prefire_Weight*electronTriggerWeight*genWeightSign*METTriggerWeight
          hist nEntries =  1349.0
          hist integral =  51.6307508477
      Dataset =  tWChan_MChi1_MPhi100_scalar  ||   nEvents =  171000
          hist weight =  0.0133430304094*leptonWeight*bjetWeight*puWeight*muonTriggerWeight*EE_L1_prefire_Weight*electronTriggerWeight*genWeightSign*METTriggerWeight
          hist nEntries =  1343.0
          hist integral =  14.5949239858
  Process =  TTV
      Dataset =  TTZToQQ  ||   nEvents =  4602104
          hist weight =  0.00460591764115*leptonWeight*bjetWeight*puWeight*muonTriggerWeight*EE_L1_prefire_Weight*electronTriggerWeight*genWeightSign*METTriggerWeight
          hist nEntries =  4566.0
          hist integral =  7.93221987248
      Dataset =  TTWJetsToLNu  ||   nEvents =  5394782
          hist weight =  0.00165433876661*leptonWeight*bjetWeight*puWeight*muonTriggerWeight*EE_L1_prefire_Weight*electronTriggerWeight*genWeightSign*METTriggerWeight
          hist nEntries =  13375.0
          hist integral =  9.00656327012
      Dataset =  TTWJetsToQQ  ||   nEvents =  441560
          hist weight =  0.0405932330827*leptonWeight*bjetWeight*puWeight*muonTriggerWeight*EE_L1_prefire_Weight*electronTriggerWeight*genWeightSign*METTriggerWeight
          hist nEntries =  268.0
          hist integral =  4.88712636341
      Dataset =  TTZToLLNuNu  ||   nEvents =  7316018
          hist weight =  0.0013805455372*leptonWeight*bjetWeight*puWeight*muonTriggerWeight*EE_L1_prefire_Weight*electronTriggerWeight*genWeightSign*METTriggerWeight
          hist nEntries =  131056.0
          hist integral =  65.7607951555
  Process =  WW
      Dataset =  WWTo1L1Nu2Q  ||   nEvents =  3169582
          hist weight =  1.05790990736*leptonWeight*bjetWeight*puWeight*muonTriggerWeight*EE_L1_prefire_Weight*electronTriggerWeight*genWeightSign*METTriggerWeight
          hist nEntries =  14.0
          hist integral =  4.92020736635
      Dataset =  WWTo4Q  ||   nEvents =  1992402
          hist weight =  0.994893048692*leptonWeight*bjetWeight*puWeight*muonTriggerWeight*EE_L1_prefire_Weight*electronTriggerWeight*genWeightSign*METTriggerWeight
          hist nEntries =  0.0
          hist integral =  0.0
      Dataset =  WWTo2L2Nu  ||   nEvents =  1992522
          hist weight =  0.230939683477*leptonWeight*bjetWeight*puWeight*muonTriggerWeight*EE_L1_prefire_Weight*electronTriggerWeight*genWeightSign*METTriggerWeight
          hist nEntries =  2.0
          hist integral =  0.316080465913
  Process =  ttbarPlusJets
      Dataset =  TTToSemiLepton  ||   nEvents =  239169221
          hist weight =  0.0632667340586*leptonWeight*bjetWeight*puWeight*muonTriggerWeight*EE_L1_prefire_Weight*electronTriggerWeight*genWeightSign*METTriggerWeight
          hist nEntries =  48148.0
          hist integral =  2381.38635057
      Dataset =  TTTo2L2Nu  ||   nEvents =  8926992
          hist weight =  0.406182093588*leptonWeight*bjetWeight*puWeight*muonTriggerWeight*EE_L1_prefire_Weight*electronTriggerWeight*genWeightSign*METTriggerWeight
          hist nEntries =  524.0
          hist integral =  161.062291TFile::Append:0: RuntimeWarning: Replacing existing TH1: hist (Potential memory leak).
TFile::Append:0: RuntimeWarning: Replacing existing TH1: hist (Potential memory leak).
TFile::Append:0: RuntimeWarning: Replacing existing TH1: hist (Potential memory leak).
TFile::Append:0: RuntimeWarning: Replacing existing TH1: hist (Potential memory leak).
TFile::Append:0: RuntimeWarning: Replacing existing TH1: hist (Potential memory leak).
TFile::Append:0: RuntimeWarning: Replacing existing TH1: hist (Potential memory leak).
TFile::Append:0: RuntimeWarning: Replacing existing TH1: hist (Potential memory leak).
TFile::Append:0: RuntimeWarning: Replacing existing TH1: hist (Potential memory leak).
TFile::Append:0: RuntimeWarning: Replacing existing TH1: hist (Potential memory leak).
TFile::Append:0: RuntimeWarning: Replacing existing TH1: hist (Potential memory leak).
TFile::Append:0: RuntimeWarning: Replacing existing TH1: hist (Potential memory leak).
TFile::Append:0: RuntimeWarning: Replacing existing TH1: hist (Potential memory leak).
TFile::Append:0: RuntimeWarning: Replacing existing TH1: hist (Potential memory leak).
TFile::Append:0: RuntimeWarning: Replacing existing TH1: hist (Potential memory leak).
384
  Process =  Other
      Dataset =  ZH_HToBB_ZToNuNu  ||   nEvents =  5250476
          hist weight =  0.000814705181016*leptonWeight*bjetWeight*puWeight*muonTriggerWeight*EE_L1_prefire_Weight*electronTriggerWeight*genWeightSign*METTriggerWeight
          hist nEntries =  7964.0
          hist integral =  5.32984363159
      Dataset =  tZq  ||   nEvents =  3467904
          hist weight =  0.000907745427786*leptonWeight*bjetWeight*puWeight*muonTriggerWeight*EE_L1_prefire_Weight*electronTriggerWeight*genWeightSign*METTriggerWeight
          hist nEntries =  332.0
          hist integral =  0.072619396291
      Dataset =  WplusH_HToBB_WToLNu  ||   nEvents =  2343366
          hist weight =  0.00282494582579*leptonWeight*bjetWeight*puWeight*muonTriggerWeight*EE_L1_prefire_Weight*electronTriggerWeight*genWeightSign*METTriggerWeight
          hist nEntries =  294.0
          hist integral =  0.668781955028
      Dataset =  GluGluHToZZTo4L  ||   nEvents =  1933230
          hist weight =  0.000257786192021*leptonWeight*bjetWeight*puWeight*muonTriggerWeight*EE_L1_prefire_Weight*electronTriggerWeight*genWeightSign*METTriggerWeight
          hist nEntries =  0.0
          hist integral =  0.0
      Dataset =  ttHTobb  ||   nEvents =  7833734
          hist weight =  0.000811118937661*leptonWeight*bjetWeight*puWeight*muonTriggerWeight*EE_L1_prefire_Weight*electronTriggerWeight*genWeightSign*METTriggerWeight
          hist nEntries =  6663.0
          hist integral =  4.35430311196
      Dataset =  ZZZ  ||   nEvents =  427832
          hist weight =  0.00135899137979*leptonWeight*bjetWeight*puWeight*muonTriggerWeight*EE_L1_prefire_Weight*electronTriggerWeight*genWeightSign*METTriggerWeight
          hist nEntries =  317.0
          hist integral =  0.272969006686
      Dataset =  TTGJets  ||   nEvents =  5441639
          hist weight =  0.028215103942*leptonWeight*bjetWeight*puWeight*muonTriggerWeight*EE_L1_prefire_Weight*electronTriggerWeight*genWeightSign*METTriggerWeight
          hist nEntries =  2880.0
          hist integral =  22.6335815191
      Dataset =  WplusH_HToBB_WToQQ  ||   nEvents =  476787
          hist weight =  0.0287268612609*leptonWeight*bjetWeight*puWeight*muonTriggerWeight*EE_L1_prefire_Weight*electronTriggerWeight*genWeightSign*METTriggerWeight
          hist nEntries =  0.0
          hist integral =  0.0
      Dataset =  WminusH_HToBB_WToLNu  ||   nEvents =  2256768
          hist weight =  0.00186048499447*leptonWeight*bjetWeight*puWeight*muonTriggerWeight*EE_L1_prefire_Weight*electronTriggerWeight*genWeightSign*METTriggerWeight
          hist nEntries =  224.0
          hist integral =  0.336348974146
      Dataset =  WWW  ||   nEvents =  413736
          hist weight =  0.0209388547286*leptonWeight*bjetWeight*puWeight*muonTriggerWeight*EE_L1_prefire_Weight*electronTriggerWeight*genWeightSign*METTriggerWeight
          hist nEntries =  9.0
          hist integral =  0.146043849643
      Dataset =  ttHToNonbb  ||   nEvents =  12472780
          hist weight =  0.000715874889159*leptonWeight*bjetWeight*puWeight*muonTriggerWeight*EE_L1_prefire_Weight*electronTriggerWeight*genWeightSign*METTriggerWeight
          hist nEntries =  4590.0
          hist integral =  2.5565140376
      Dataset =  WWZ  ||   nEvents =  441586
          hist weight =  0.0155178153293*leptonWeight*bjetWeight*puWeight*muonTriggerWeight*EE_L1_prefire_Weight*electronTriggerWeight*genWeightSign*METTriggerWeight
          hist nEntries =  64.0
          hist integral =  0.687195822597
      Dataset =  WZZ  ||   nEvents =  439320
          hist weight =  0.00529381771829*leptonWeight*bjetWeight*puWeight*muonTriggerWeight*EE_L1_prefire_Weight*electronTriggerWeight*genWeightSign*METTriggerWeight
          hist nEntries =  208.0
          hist integral =  0.742730783299
      Dataset =  WWG  ||   nEvents =  1628026
          hist weight =  0.00547687260523*leptonWeight*bjetWeight*puWeight*muonTriggerWeight*EE_L1_prefire_Weight*electronTriggerWeight*genWeightSign*METTriggerWeight
          hist nEntries =  6.0
          hist integral =  0.01TFile::Append:0: RuntimeWarning: Replacing existing TH1: hist (Potential memory leak).
TFile::Append:0: RuntimeWarning: Replacing existing TH1: hist (Potential memory leak).
TFile::Append:0: RuntimeWarning: Replacing existing TH1: hist (Potential memory leak).
TFile::Append:0: RuntimeWarning: Replacing existing TH1: hist (Potential memory leak).
TFile::Append:0: RuntimeWarning: Replacing existing TH1: hist (Potential memory leak).
TFile::Append:0: RuntimeWarning: Replacing existing TH1: hist (Potential memory leak).
TFile::Append:0: RuntimeWarning: Replacing existing TH1: hist (Potential memory leak).
TFile::Append:0: RuntimeWarning: Replacing existing TH1: hist (Potential memory leak).
TFile::Append:0: RuntimeWarning: Replacing existing TH1: hist (Potential memory leak).
TFile::Append:0: RuntimeWarning: Replacing existing TH1: hist (Potential memory leak).
TFile::Append:0: RuntimeWarning: Replacing existing TH1: hist (Potential memory leak).
TFile::Append:0: RuntimeWarning: Replacing existing TH1: hist (Potential memory leak).
TFile::Append:0: RuntimeWarning: Replacing existing TH1: hist (Potential memory leak).
TFile::Append:0: RuntimeWarning: Replacing existing TH1: hist (Potential memory leak).
74403496203
      Dataset =  TTTT  ||   nEvents =  373734
          hist weight =  0.00100009632519*leptonWeight*bjetWeight*puWeight*muonTriggerWeight*EE_L1_prefire_Weight*electronTriggerWeight*genWeightSign*METTriggerWeight
          hist nEntries =  1809.0
          hist integral =  0.545179610578
      Dataset =  WminusH_HToBB_WToQQ  ||   nEvents =  459170
          hist weight =  0.0189212622776*leptonWeight*bjetWeight*puWeight*muonTriggerWeight*EE_L1_prefire_Weight*electronTriggerWeight*genWeightSign*METTriggerWeight
          hist nEntries =  0.0
          hist integral =  0.0
      Dataset =  WZG  ||   nEvents =  840872
          hist weight =  0.00203631694241*leptonWeight*bjetWeight*puWeight*muonTriggerWeight*EE_L1_prefire_Weight*electronTriggerWeight*genWeightSign*METTriggerWeight
          hist nEntries =  2.0
          hist integral =  0.00201302242567
      Dataset =  VHToNonbb  ||   nEvents =  451414
          hist weight =  0.0875838144143*leptonWeight*bjetWeight*puWeight*muonTriggerWeight*EE_L1_prefire_Weight*electronTriggerWeight*genWeightSign*METTriggerWeight
          hist nEntries =  11.0
          hist integral =  0.147238496691
  Process =  ttbar scalar
      Dataset =  ttDM_MChi1_MPhi100_scalar  ||   nEvents =  1540506
          hist weight =  0.0194822253857*leptonWeight*bjetWeight*puWeight*muonTriggerWeight*EE_L1_prefire_Weight*electronTriggerWeight*genWeightSign*METTriggerWeight*GenModel__TTbarDMJets_Inclusive_scalar_LO_Mchi_1_Mphi_100_TuneCP5_13TeV_madgraph_mcatnlo_pythia8
          hist nEntries =  9362.0
          hist integral =  151.175674748
  Process =  ZZ
      Dataset =  ZZTo2Q2Nu  ||   nEvents =  39202099
          hist weight =  0.00483501967586*leptonWeight*bjetWeight*puWeight*muonTriggerWeight*EE_L1_prefire_Weight*electronTriggerWeight*genWeightSign*METTriggerWeight
          hist nEntries =  12347.0
          hist integral =  20.8715787958
      Dataset =  ZZTo4L  ||   nEvents =  6893887
          hist weight =  0.00798203538874*leptonWeight*bjetWeight*puWeight*muonTriggerWeight*EE_L1_prefire_Weight*electronTriggerWeight*genWeightSign*METTriggerWeight
          hist nEntries =  0.0
          hist integral =  0.0
      Dataset =  ZZTo2L2Q  ||   nEvents =  17513566
          hist weight =  0.0087453714452*leptonWeight*bjetWeight*puWeight*muonTriggerWeight*EE_L1_prefire_Weight*electronTriggerWeight*genWeightSign*METTriggerWeight
          hist nEntries =  61.0
          hist integral =  0.24717292469
      Dataset =  ZZTo2L2Nu  ||   nEvents =  8733658
          hist weight =  0.00268381610546*leptonWeight*bjetWeight*puWeight*muonTriggerWeight*EE_L1_prefire_Weight*electronTriggerWeight*genWeightSign*METTriggerWeight
          hist nEntries =  20.0
          hist integral =  0.0403335582814
  Process =  QCD
      Dataset =  Pt170to300  ||   nEvents =  56298920
          hist weight =  76.3488002967*leptonWeight*bjetWeight*puWeight*muonTriggerWeight*EE_L1_prefire_Weight*electronTriggerWeight*genWeightSign*METTriggerWeight
          hist nEntries =  1.0
          hist integral =  22.3840904236
      Dataset =  Pt15to30  ||   nEvents =  19169000
          hist weight =  2699482.49778*leptonWeight*bjetWeight*puWeight*muonTriggerWeight*EE_L1_prefire_Weight*electronTriggerWeight*genWeightSign*METTriggerWeight
          hist nEntries =  0.0
          hist integral =  0.0
      Dataset =  Pt800to1000  ||   nEvents =  77660008
          hist weight =  0.0140536735458*leptonWeight*bjetWeight*puWeight*muonTriggerWeight*EE_L1_prefire_Weight*electronTriggerWeight*genWeightSign*METTriggerWeight
          hist nEntries =  50.0
          hist integral =  0.575386747718
      Dataset =  Pt600to800  ||   nEvents =  128548964
          hist weight =  0.0505600729695*leptonWeight*bjetWeight*puWeight*muonTriggerWeight*EE_L1_prefire_Weight*electronTriggerWeight*genWeightSign*METTriggerWeight
          hist nEntries =  65.0
          hist integral =  2.2686127933
      Dataset =  Pt120to170  ||   nEvents =  29854280
          hist weight =  566.591088447*leptonWeight*bjetWeight*puWeight*muonTriggerWeight*EE_LTFile::Append:0: RuntimeWarning: Replacing existing TH1: hist (Potential memory leak).
TFile::Append:0: RuntimeWarning: Replacing existing TH1: hist (Potential memory leak).
TFile::Append:0: RuntimeWarning: Replacing existing TH1: hist (Potential memory leak).
TFile::Append:0: RuntimeWarning: Replacing existing TH1: hist (Potential memory leak).
TFile::Append:0: RuntimeWarning: Replacing existing TH1: hist (Potential memory leak).
TFile::Append:0: RuntimeWarning: Replacing existing TH1: hist (Potential memory leak).
TFile::Append:0: RuntimeWarning: Replacing existing TH1: hist (Potential memory leak).
TFile::Append:0: RuntimeWarning: Replacing existing TH1: hist (Potential memory leak).
TFile::Append:0: RuntimeWarning: Replacing existing TH1: hist (Potential memory leak).
TFile::Append:0: RuntimeWarning: Replacing existing TH1: hist (Potential memory leak).
TFile::Append:0: RuntimeWarning: Replacing existing TH1: hist (Potential memory leak).
TFile::Append:0: RuntimeWarning: Replacing existing TH1: hist (Potential memory leak).
TFile::Append:0: RuntimeWarning: Replacing existing TH1: hist (Potential memory leak).
1_prefire_Weight*electronTriggerWeight*genWeightSign*METTriggerWeight*(event!=3468768)
          hist nEntries =  0.0
          hist integral =  0.0
      Dataset =  Pt1000to1400  ||   nEvents =  35706078
          hist weight =  0.00868841153599*leptonWeight*bjetWeight*puWeight*muonTriggerWeight*EE_L1_prefire_Weight*electronTriggerWeight*genWeightSign*METTriggerWeight
          hist nEntries =  45.0
          hist integral =  0.309110978153
      Dataset =  Pt1400to1800  ||   nEvents =  11353270
          hist weight =  0.00237183225626*leptonWeight*bjetWeight*puWeight*muonTriggerWeight*EE_L1_prefire_Weight*electronTriggerWeight*genWeightSign*METTriggerWeight
          hist nEntries =  16.0
          hist integral =  0.0324257540051
      Dataset =  Pt50to80  ||   nEvents =  38179535
          hist weight =  17088.6392409*leptonWeight*bjetWeight*puWeight*muonTriggerWeight*EE_L1_prefire_Weight*electronTriggerWeight*genWeightSign*METTriggerWeight
          hist nEntries =  0.0
          hist integral =  0.0
      Dataset =  Pt1800to2400  ||   nEvents =  2923941
          hist weight =  0.00124180614452*leptonWeight*bjetWeight*puWeight*muonTriggerWeight*EE_L1_prefire_Weight*electronTriggerWeight*genWeightSign*METTriggerWeight
          hist nEntries =  7.0
          hist integral =  0.00556958001107
      Dataset =  Pt3200toInf  ||   nEvents =  757837
          hist weight =  7.43645533274e-06*leptonWeight*bjetWeight*puWeight*muonTriggerWeight*EE_L1_prefire_Weight*electronTriggerWeight*genWeightSign*METTriggerWeight
          hist nEntries =  0.0
          hist integral =  0.0
      Dataset =  Pt2400to3200  ||   nEvents =  1910526
          hist weight =  0.00011381738851*leptonWeight*bjetWeight*puWeight*muonTriggerWeight*EE_L1_prefire_Weight*electronTriggerWeight*genWeightSign*METTriggerWeight
          hist nEntries =  2.0
          hist integral =  0.000248547876254
      Dataset =  Pt80to120  ||   nEvents =  56387936
          hist weight =  1720.47581241*leptonWeight*bjetWeight*puWeight*muonTriggerWeight*EE_L1_prefire_Weight*electronTriggerWeight*genWeightSign*METTriggerWeight
          hist nEntries =  0.0
          hist integral =  0.0
      Dataset =  Pt30to50  ||   nEvents =  35500760
          hist weight =  125055.266422*leptonWeight*bjetWeight*puWeight*muonTriggerWeight*EE_L1_prefire_Weight*electronTriggerWeight*genWeightSign*METTriggerWeight
          hist nEntries =  0.0
          hist integral =  0.0
      Dataset =  Pt470to600  ||   nEvents =  55331892
          hist weight =  0.414385125309*leptonWeight*bjetWeight*puWeight*muonTriggerWeight*EE_L1_prefire_Weight*electronTriggerWeight*genWeightSign*METTriggerWeight
          hist nEntries =  13.0
          hist integral =  2.62739891559
      Dataset =  Pt300to470  ||   nEvents =  110887780
          hist weight =  2.55799060997*leptonWeight*bjetWeight*puWeight*muonTriggerWeight*EE_L1_prefire_Weight*electronTriggerWeight*genWeightSign*METTriggerWeight
          hist nEntries =  5.0
          hist integral =  3.94118119404
  Process =  ZTo2L
      Dataset =  HT600To800  ||   nEvents =  8691608
Applied ZTo2L ewk Weights correctly
          hist weight =  0.00812014534595*leptonWeight*bjetWeight*puWeight*muonTriggerWeight*EE_L1_prefire_Weight*electronTriggerWeight*genWeightSign*METTriggerWeight*qcdZTo2LWeight*ewkZWeight*0.934*(nbjets == 0 ? 0.811 : 1.)
          hist nEntries =  74.0
          hist integral =  0.515442151576
      Dataset =  HT1200To2500  ||   nEvents =  616923
Applied ZTo2L ewk Weights correctly
          hist weight =  0.010839464434*leptonWeight*bjetWeight*puWeight*muonTriggerWeight*EE_L1_prefire_Weight*electronTriggerWeight*genWeightSign*METTriggerWeight*qcdZTo2LWeight*ewkZWeight*0.934*(nbjets == 0 ? 0.811 : 1.)
          hist nEntries =  7.0
          hist integral =  0.0698695121973
      Dataset =  HT100To200  ||   nEvents =  15124171
Applied ZTo2L ewk Weights correctly
          hist weight =  0.442370229747*leptonWeight*bjetWeight*puWeight*muonTriggerWeight*EE_L1_prefire_Weight*electronTriggerWeight*genWeightSign*METTriggerWeight*qcdZTTFile::Append:0: RuntimeWarning: Replacing existing TH1: hist (Potential memory leak).
TFile::Append:0: RuntimeWarning: Replacing existing TH1: hist (Potential memory leak).
TFile::Append:0: RuntimeWarning: Replacing existing TH1: hist (Potential memory leak).
TFile::Append:0: RuntimeWarning: Replacing existing TH1: hist (Potential memory leak).
TFile::Append:0: RuntimeWarning: Replacing existing TH1: hist (Potential memory leak).
TFile::Append:0: RuntimeWarning: Replacing existing TH1: hist (Potential memory leak).
TFile::Append:0: RuntimeWarning: Replacing existing TH1: hist (Potential memory leak).
TFile::Append:0: RuntimeWarning: Replacing existing TH1: hist (Potential memory leak).
TFile::Append:0: RuntimeWarning: Replacing existing TH1: hist (Potential memory leak).
TFile::Append:0: RuntimeWarning: Replacing existing TH1: hist (Potential memory leak).
TFile::Append:0: RuntimeWarning: Replacing existing TH1: hist (Potential memory leak).
TFile::Append:0: RuntimeWarning: Replacing existing TH1: hist (Potential memory leak).
o2LWeight*ewkZWeight*0.934*(nbjets == 0 ? 0.811 : 1.)
          hist nEntries =  0.0
          hist integral =  0.0
      Dataset =  HT2500ToInf  ||   nEvents =  401334
Applied ZTo2L ewk Weights correctly
          hist weight =  0.00036425129842*leptonWeight*bjetWeight*puWeight*muonTriggerWeight*EE_L1_prefire_Weight*electronTriggerWeight*genWeightSign*METTriggerWeight*qcdZTo2LWeight*ewkZWeight*0.934*(nbjets == 0 ? 0.811 : 1.)
          hist nEntries =  5.0
          hist integral =  0.00109396557673
      Dataset =  HT400To600  ||   nEvents =  11294006
Applied ZTo2L ewk Weights correctly
          hist weight =  0.025366307544*leptonWeight*bjetWeight*puWeight*muonTriggerWeight*EE_L1_prefire_Weight*electronTriggerWeight*genWeightSign*METTriggerWeight*qcdZTo2LWeight*ewkZWeight*0.934*(nbjets == 0 ? 0.811 : 1.)
          hist nEntries =  63.0
          hist integral =  1.6439050585
      Dataset =  HT200To400  ||   nEvents =  11896758
Applied ZTo2L ewk Weights correctly
          hist weight =  0.169695723003*leptonWeight*bjetWeight*puWeight*muonTriggerWeight*EE_L1_prefire_Weight*electronTriggerWeight*genWeightSign*METTriggerWeight*qcdZTo2LWeight*ewkZWeight*0.934*(nbjets == 0 ? 0.811 : 1.)
          hist nEntries =  3.0
          hist integral =  0.413860535249
      Dataset =  HT800To1200  ||   nEvents =  3089712
Applied ZTo2L ewk Weights correctly
          hist weight =  0.00981646188771*leptonWeight*bjetWeight*puWeight*muonTriggerWeight*EE_L1_prefire_Weight*electronTriggerWeight*genWeightSign*METTriggerWeight*qcdZTo2LWeight*ewkZWeight*0.934*(nbjets == 0 ? 0.811 : 1.)
          hist nEntries =  23.0
          hist integral =  0.187742477981
  Process =  singleTop
      Dataset =  ST_s-channel  ||   nEvents =  6167441
          hist weight =  0.0224907218407*leptonWeight*bjetWeight*puWeight*muonTriggerWeight*EE_L1_prefire_Weight*electronTriggerWeight*genWeightSign*METTriggerWeight
          hist nEntries =  260.0
          hist integral =  2.45721620601
      Dataset =  ST_t-channel_antitop  ||   nEvents =  3675910
          hist weight =  0.914563604658*leptonWeight*bjetWeight*puWeight*muonTriggerWeight*EE_L1_prefire_Weight*electronTriggerWeight*genWeightSign*METTriggerWeight
          hist nEntries =  12.0
          hist integral =  8.10744100809
      Dataset =  ST_t-channel_top  ||   nEvents =  5982064
          hist weight =  0.944307951236*leptonWeight*bjetWeight*puWeight*muonTriggerWeight*EE_L1_prefire_Weight*electronTriggerWeight*genWeightSign*METTriggerWeight
          hist nEntries =  35.0
          hist integral =  24.2880423665
      Dataset =  ST_tW_top  ||   nEvents =  7734344
          hist weight =  0.192498613974*leptonWeight*bjetWeight*puWeight*muonTriggerWeight*EE_L1_prefire_Weight*electronTriggerWeight*genWeightSign*METTriggerWeight
          hist nEntries =  559.0
          hist integral =  84.358086383
      Dataset =  ST_tW_antitop  ||   nEvents =  7916640
          hist weight =  0.188065959801*leptonWeight*bjetWeight*puWeight*muonTriggerWeight*EE_L1_prefire_Weight*electronTriggerWeight*genWeightSign*METTriggerWeight
          hist nEntries =  594.0
          hist integral =  89.3250862733
  Process =  WZ
      Dataset =  WZTo2Q2Nu  ||   nEvents =  18476383
          hist weight =  0.0154149619003*leptonWeight*bjetWeight*puWeight*muonTriggerWeight*EE_L1_prefire_Weight*electronTriggerWeight*genWeightSign*METTriggerWeight
          hist nEntries =  1032.0
          hist integral =  7.74372480041
      Dataset =  WZTo3LNu  ||   nEvents =  6887413
          hist weight =  0.0304627528507*leptonWeight*bjetWeight*puWeight*muonTriggerWeight*EE_L1_prefire_Weight*electronTriggerWeight*genWeightSign*METTriggerWeight
          hist nEntries =  9.0
          hist integral =  0.118290117476
      Dataset =  WZTo1L1Nu2Q  ||   nEvents =  11347099
          hist weight =  0.0426752071168*leptonWeight*bjetWeight*puWeight*muonTriggerWeight*EE_L1_prefire_Weight*electronTriggerWeight*genWeightSign*METTriggerWeight
          hist nEntries =  734.0
          hist integral =  11.0848011184
      Dataset =  WZTo1L3Nu  || TFile::Append:0: RuntimeWarning: Replacing existing TH1: hist (Potential memory leak).
TFile::Append:0: RuntimeWarning: Replacing existing TH1: hist (Potential memory leak).
TFile::Append:0: RuntimeWarning: Replacing existing TH1: hist (Potential memory leak).
TFile::Append:0: RuntimeWarning: Replacing existing TH1: hist (Potential memory leak).
TFile::Append:0: RuntimeWarning: Replacing existing TH1: hist (Potential memory leak).
TFile::Append:0: RuntimeWarning: Replacing existing TH1: hist (Potential memory leak).
TFile::Append:0: RuntimeWarning: Replacing existing TH1: hist (Potential memory leak).
TFile::Append:0: RuntimeWarning: Replacing existing TH1: hist (Potential memory leak).
TFile::Append:0: RuntimeWarning: Replacing existing TH1: hist (Potential memory leak).
  nEvents =  2717911
          hist weight =  0.0510661533803*leptonWeight*bjetWeight*puWeight*muonTriggerWeight*EE_L1_prefire_Weight*electronTriggerWeight*genWeightSign*METTriggerWeight
          hist nEntries =  55.0
          hist integral =  1.42420747131
      Dataset =  WZTo2L2Q  ||   nEvents =  16664610
          hist weight =  0.0157775327475*leptonWeight*bjetWeight*puWeight*muonTriggerWeight*EE_L1_prefire_Weight*electronTriggerWeight*genWeightSign*METTriggerWeight
          hist nEntries =  4.0
          hist integral =  0.0098136626184
  Process =  WPlusJets
      Dataset =  HT600To800  ||   nEvents =  21582309
Applied WPlusJets ewk Weights correctly
          hist weight =  0.0277370707648*leptonWeight*bjetWeight*puWeight*muonTriggerWeight*EE_L1_prefire_Weight*electronTriggerWeight*genWeightSign*METTriggerWeight*qcdWWeight*ewkWWeight*0.9135*(nbjets == 0 ? 0.874 : 1.)
          hist nEntries =  1546.0
          hist integral =  39.3555186396
      Dataset =  HT1200To2500  ||   nEvents =  19991892
Applied WPlusJets ewk Weights correctly
          hist weight =  0.00297177921129*leptonWeight*bjetWeight*puWeight*muonTriggerWeight*EE_L1_prefire_Weight*electronTriggerWeight*genWeightSign*METTriggerWeight*qcdWWeight*ewkWWeight*0.9135*(nbjets == 0 ? 0.874 : 1.)
          hist nEntries =  2180.0
          hist integral =  5.89487212105
      Dataset =  HT100To200  ||   nEvents =  35804623
Applied WPlusJets ewk Weights correctly
          hist weight =  1.60674250222*leptonWeight*bjetWeight*puWeight*muonTriggerWeight*EE_L1_prefire_Weight*electronTriggerWeight*genWeightSign*METTriggerWeight*qcdWWeight*ewkWWeight*0.9135*(nbjets == 0 ? 0.874 : 1.)
          hist nEntries =  0.0
          hist integral =  0.0
      Dataset =  HT2500ToInf  ||   nEvents =  20629585
Applied WPlusJets ewk Weights correctly
          hist weight =  6.76495637697e-05*leptonWeight*bjetWeight*puWeight*muonTriggerWeight*EE_L1_prefire_Weight*electronTriggerWeight*genWeightSign*METTriggerWeight*qcdWWeight*ewkWWeight*0.9135*(nbjets == 0 ? 0.874 : 1.)
          hist nEntries =  1846.0
          hist integral =  0.11049373481
      Dataset =  HT400To600  ||   nEvents =  14250114
Applied WPlusJets ewk Weights correctly
          hist weight =  0.169025223209*leptonWeight*bjetWeight*puWeight*muonTriggerWeight*EE_L1_prefire_Weight*electronTriggerWeight*genWeightSign*METTriggerWeight*qcdWWeight*ewkWWeight*0.9135*(nbjets == 0 ? 0.874 : 1.)
          hist nEntries =  543.0
          hist integral =  88.8059971333
      Dataset =  HT200To400  ||   nEvents =  21192211
Applied WPlusJets ewk Weights correctly
          hist weight =  0.800953103666*leptonWeight*bjetWeight*puWeight*muonTriggerWeight*EE_L1_prefire_Weight*electronTriggerWeight*genWeightSign*METTriggerWeight*qcdWWeight*ewkWWeight*0.9135*(nbjets == 0 ? 0.874 : 1.)
          hist nEntries =  91.0
          hist integral =  78.3858835697
      Dataset =  HT800To1200  ||   nEvents =  20272990
Applied WPlusJets ewk Weights correctly
          hist weight =  0.0132129338573*leptonWeight*bjetWeight*puWeight*muonTriggerWeight*EE_L1_prefire_Weight*electronTriggerWeight*genWeightSign*METTriggerWeight*qcdWWeight*ewkWWeight*0.9135*(nbjets == 0 ? 0.874 : 1.)
          hist nEntries =  1931.0
          hist integral =  23.104261647
-----------------------------
Total data background nEvents =  4146.0
Total data background integral =  4146.0
-----------------------------
Total MC background nEvents =  258876.0
Total MC background integral =  3811.84796658
-----------------------------
Total tt+DM signal nEvents =  9362.0
Total tt+DM signal integral =  151.175674748
Total t+DM signal nEvents =  2692.0
Total t+DM signal integral =  66.2256749381
-----------------------------
FOM for tt+DM signal =  0.710025496322
FOM for t+DM signal =  0.517526200759
-----------------------------
Data bin content:
    bin 0: 0.0
    bin 1: 0.0
    bin 2: 3.0
    bin 3: 74.0
    bin 4: 435.0
    bin 5: 778.0
    bin 6: 827.0
    bin 7: 713.0
    bin 8: 434.0
    bin 9: 291.0
    bin 10: 162.0
    bin 11: 134.0
    bin 12: 91.0
    bin 13: 52.0
    bin 14: 43.0
    bin 15: 24.0
    bin 16: 20.0
    bin 17: 14.0
    bin 18: 10.0
    bin 19: 5.0
    bin 20: 6.0
    bin 21: 6.0
    bin 22: 5.0
    bin 23: 4.0
    bin 24: 3.0
    bin 25: 3.0
    bin 26: 2.0
    bin 27: 1.0
    bin 28: 0.0
    bin 29: 1.0
    bin 30: 3.0
    bin 31: 2.0
-----------------------------
MC background bin content:
    bin 0: 0.0
    bin 1: 0.0
    bin 2: 4.7547454834
    bin 3: 76.581817627
    bin 4: 377.751190186
    bin 5: 701.742248535
    bin 6: 778.372741699
    bin 7: 617.756225586
    bin 8: 416.751647949
    bin 9: 267.929443359
    bin 10: 159.332794189
    bin 11: 116.25491333
    bin 12: 94.1720123291
    bin 13: 47.8329696655
    bin 14: 34.6564216614
    bin 15: 24.8319282532
    bin 16: 19.3376369476
    bin 17: 16.3644256592
    bin 18: 10.9713792801
    bin 19: 11.0455532074
    bin 20: 8.10358810425
    bin 21: 4.64376449585
    bin 22: 3.81211018562
    bin 23: 3.76226472855
    bin 24: 3.80373239517
    bin 25: 2.03398275375
    bin 26: 2.14561200142
    bin 27: 1.46844673157
    bin 28: 0.354556232691
    bin 29: 0.807223975658
    bin 30: 0.97605830431
    bin 31: 3.49653172493
-----------------------------
tt+DM bin content:
    bin 0: 0.0
    bin 1: 0.0
    bin 2: 0.0113425347954
    bin 3: 1.79097080231
    bin 4: 11.2094144821
    bin 5: 24.5081825256
    bin 6: 27.8232727051
    bin 7: 24.684803009
    bin 8: 17.9252262115
    bin 9: 12.3867378235
    bin 10: 8.7663526535
    bin 11: 5.72240018845
    bin 12: 4.35682678223
    bin 13: 2.62388515472
    bin 14: 2.14252901077
    bin 15: 1.72756612301
    bin 16: 1.17865133286
    bin 17: 0.938377201557
    bin 18: 0.902326822281
    bin 19: 0.562741935253
    bin 20: 0.471607536077
    bin 21: 0.455579459667
    bin 22: 0.173771500587
    bin 23: 0.142096444964
    bin 24: 0.115842983127
    bin 25: 0.115982450545
    bin 26: 0.0690240412951
    bin 27: 0.063539378345
    bin 28: 0.130933076143
    bin 29: 0.00440639443696
    bin 30: 0.0
    bin 31: 0.17128418386
-----------------------------
t+DM bin content:
    bin 0: 0.0
    bin 1: 0.0
    bin 2: 0.0137327322736
    bin 3: 1.67688393593
    bin 4: 6.56020736694
    bin 5: 11.509929657
    bin 6: 11.6871929169
    bin 7: 10.8112545013
    bin 8: 7.17409276962
    bin 9: 4.6903090477
    bin 10: 3.40226602554
    bin 11: 2.50122356415
    bin 12: 1.31345331669
    bin 13: 1.19913327694
    bin 14: 0.865048289299
    bin 15: 0.476728737354
    bin 16: 0.57710403204
    bin 17: 0.321635812521
    bin 18: 0.320771574974
    bin 19: 0.220210388303
    bin 20: 0.196688011289
    bin 21: 0.132415786386
    bin 22: 0.219730645418
    bin 23: 0.0696793198586
    bin 24: 0.026644282043
    bin 25: 0.0862992107868
    bin 26: 0.0265862569213
    bin 27: 0.056211642921
    bin 28: 0.0270942747593
    bin 29: 0.0015581563348
    bin 30: 0.0132705764845
    bin 31: 0.0483188293874
-----------------------------
Data bin errors:
    bin 0: 0.0
    bin 1: 0.0
    bin 2: 1.73205080757
    bin 3: 8.60232526704
    bin 4: 20.8566536146
    bin 5: 27.892651362
    bin 6: 28.7576076891
    bin 7: 26.7020598456
    bin 8: 20.832666656
    bin 9: 17.0587221092
    bin 10: 12.7279220614
    bin 11: 11.5758369028
    bin 12: 9.53939201417
    bin 13: 7.21110255093
    bin 14: 6.5574385243
    bin 15: 4.89897948557
    bin 16: 4.472135955
    bin 17: 3.74165738677
    bin 18: 3.16227766017
    bin 19: 2.2360679775
    bin 20: 2.44948974278
    bin 21: 2.44948974278
    bin 22: 2.2360679775
    bin 23: 2.0
    bin 24: 1.73205080757
    bin 25: 1.73205080757
    bin 26: 1.41421356237
    bin 27: 1.0
    bin 28: 0.0
    bin 29: 1.0
    bin 30: 1.73205080757
    bin 31: 1.41421356237
-----------------------------
MC background bin errors:
    bin 0: 0.0
    bin 1: 0.0
    bin 2: 1.29341869154
    bin 3: 3.98588795634
    bin 4: 8.5633034076
    bin 5: 10.065034535
    bin 6: 9.79028330202
    bin 7: 7.72198863678
    bin 8: 6.1860422532
    bin 9: 5.08057965083
    bin 10: 4.04091962689
    bin 11: 3.53454265927
    bin 12: 22.5407873811
    bin 13: 2.10533870026
    bin 14: 1.63Info in <TCanvas::Print>: png file plots/AH_studies/03_22_2024/jet1_pt/AH0l2bSR2017_Jet_pt[index_centralJets[0]]_03_22_2024.png has been created
800490134
    bin 15: 1.37154406173
    bin 16: 1.18839366574
    bin 17: 1.38034695658
    bin 18: 0.947854945651
    bin 19: 1.24336830205
    bin 20: 1.08573036537
    bin 21: 0.627893267922
    bin 22: 0.564619350065
    bin 23: 0.481918386929
    bin 24: 0.737254953122
    bin 25: 0.36882012225
    bin 26: 0.437421717007
    bin 27: 0.449088548227
    bin 28: 0.386370692749
    bin 29: 0.214999855661
    bin 30: 0.206760906662
    bin 31: 0.549797515932
-----------------------------
tt+DM bin errors:
    bin 0: 0.0
    bin 1: 0.0
    bin 2: 0.0113425344245
    bin 3: 0.180417267281
    bin 4: 0.454544713643
    bin 5: 0.675664012607
    bin 6: 0.719880903541
    bin 7: 0.678605170319
    bin 8: 0.575995952965
    bin 9: 0.481311971775
    bin 10: 0.40464116794
    bin 11: 0.325720646256
    bin 12: 0.287944221292
    bin 13: 0.220318928253
    bin 14: 0.201175803208
    bin 15: 0.180352325358
    bin 16: 0.152443094478
    bin 17: 0.13419060276
    bin 18: 0.131736600746
    bin 19: 0.101388273612
    bin 20: 0.0923833112335
    bin 21: 0.0919223232019
    bin 22: 0.0622931039291
    bin 23: 0.0549809212556
    bin 24: 0.0447774233308
    bin 25: 0.0453884456314
    bin 26: 0.0398946057872
    bin 27: 0.0323843737619
    bin 28: 0.0500842430706
    bin 29: 0.00440639444774
    bin 30: 0.0
    bin 31: 0.0590608075235
-----------------------------
t+DM bin errors:
    bin 0: 0.0
    bin 1: 0.0
    bin 2: 0.0137327321626
    bin 3: 0.265294769983
    bin 4: 0.522343977775
    bin 5: 0.682046185913
    bin 6: 0.663614254364
    bin 7: 0.639812588135
    bin 8: 0.5176774315
    bin 9: 0.423464182208
    bin 10: 0.347107161175
    bin 11: 0.28591622579
    bin 12: 0.209424027631
    bin 13: 0.205806484951
    bin 14: 0.161670738449
    bin 15: 0.121246780404
    bin 16: 0.129736152571
    bin 17: 0.0951609512806
    bin 18: 0.0954349533878
    bin 19: 0.0719570445403
    bin 20: 0.0771274293105
    bin 21: 0.0607444736862
    bin 22: 0.0787954137848
    bin 23: 0.0288441798264
    bin 24: 0.0167346763309
    bin 25: 0.0408062750104
    bin 26: 0.0187993232329
    bin 27: 0.0389970978003
    bin 28: 0.0167028853921
    bin 29: 0.00155815632565
    bin 30: 0.0132705761401
    bin 31: 0.0232716760173
-----------------------------
ZTo2Nu hist info:
    nEvents =  11312.0
    integral =  617.354645467
    bin 1 integral =  0.995409727097
tbar scalar hist info:
    nEvents =  2692.0
    integral =  66.2256749381
    bin 1 integral =  0.0137327322736
TTTo2L2Nu hist info:
    nEvents =  524.0
    integral =  161.062291384
    bin 1 integral =  0.409082263708
singleTop hist info:
    nEvents =  1460.0
    integral =  208.535871366
    bin 1 integral =  0.0220256652683
TTV hist info:
    nEvents =  149265.0
    integral =  87.5867038742
    bin 1 integral =  0.019076526165
bkgSum hist info:
    nEvents =  258876.0
    integral =  3811.84796658
    bin 1 integral =  4.7547454834
Other hist info:
    nEvents =  25373.0
    integral =  38.5128032556
    bin 1 integral =  0.0784418880939
ttbar scalar hist info:
    nEvents =  9362.0
    integral =  151.175674748
    bin 1 integral =  0.0113425347954
VV hist info:
    nEvents =  14278.0
    integral =  46.7762102678
    bin 1 integral =  0.0180181860924
QCD hist info:
    nEvents =  204.0
    integral =  32.1440248039
    bin 1 integral =  0.0
ZTo2L hist info:
    nEvents =  175.0
    integral =  2.83191366104
    bin 1 integral =  0.0
data hist info:
    nEvents =  4146.0
    integral =  4146.0
    bin 1 integral =  3.0
WPlusJets hist info:
    nEvents =  8137.0
    integral =  235.65703126
    bin 1 integral =  1.12948262691
TTToSemiLepton hist info:
    nEvents =  48148.0
    integral =  2381.38635057
    bin 1 integral =  2.08320879936
Finished filling histograms
Creating stacked MC background histogram...
Finished stacking MC background histograms.
Drawing histograms...
Finished drawing histograms
Drawing ratio plot...
Plotting end time: 2024-03-25 17:34:59.903916
