plots/plotv3.py:886: SyntaxWarning: name 'counter' is used prior to global declaration
  global counter
Plotting start time: 2022-05-26 11:08:45.454514
Cut name =  AH0l2bSR
MC Selection Cuts =  (nVetoElectrons + nLooseMuons) == 0 && njets >= 3 && nbjets >= 2 && METcorrected_pt >= 250 && ntaus == 0 && minDeltaPhi > 0.4 && Flag_goodVertices && Flag_globalSuperTightHalo2016Filter && Flag_HBHENoiseFilter && Flag_HBHENoiseIsoFilter && Flag_EcalDeadCellTriggerPrimitiveFilter && Flag_BadPFMuonFilter && (HLT_PFMETNoMu120_PFMHTNoMu120_IDTight) && PV_npvsGood > 0 && PV_ndof > 4 && abs(PV_z) < 24 && sqrt(pow(PV_x,2)+pow(PV_y,2)) < 2 && minDeltaPhi12 >= 0.8 && M_Tb >= 140 && jet1p_TH_T <= 0.5 && noB2Bleadingfjet
Data Selection Cuts =  (nVetoElectrons + nLooseMuons) == 0 && njets >= 3 && nbjets >= 2 && METcorrected_pt >= 250 && ntaus == 0 && minDeltaPhi > 0.4 && Flag_goodVertices && Flag_globalSuperTightHalo2016Filter && Flag_HBHENoiseFilter && Flag_HBHENoiseIsoFilter && Flag_EcalDeadCellTriggerPrimitiveFilter && Flag_BadPFMuonFilter && (HLT_PFMETNoMu120_PFMHTNoMu120_IDTight) && PV_npvsGood > 0 && PV_ndof > 4 && abs(PV_z) < 24 && sqrt(pow(PV_x,2)+pow(PV_y,2)) < 2 && minDeltaPhi12 >= 0.8 && M_Tb >= 140 && jet1p_TH_T <= 0.5 && noB2Bleadingfjet && Flag_eeBadScFilter
var =  METcorrected_pt
year =  2016
lumi =  35.92
saveDirectory =  plots/limitStudies/2016/
date =  05_16_2022
applying HEM fix for 2018...
Creating histograms..
Histogram options: 
    nbins =  15
    xmin =  250
    xmax =  550
    auto_y =  True
    doLogPlot =  True
    drawData =  False
    mediatorType =  scalar
    mchi =  1
    mphi =  50
    normalizePlots =  False
    useCentralSamples =  True
    doBinned =  False
    savePlots =  True
    combineEleMu =  True
    doSys =  False
    doSysFirstHalf =  False
    doSysSecondHalf =  False
    drawOverflow =  True
    drawUnderflow =  False
    plotSys =  False
    plotSysVar =  CMS_HF_W
    plotSysSignal =  False
Loading data sample root files and event trees...
Got data sample root files and event trees
Loading MC sample root files and event trees...
    ----Loading HT600To800
    nevents in  ZTo2Nu   HT600To800 :  5693589
    ----Loading HT1200To2500
    nevents in  ZTo2Nu   HT1200To2500 :  513471
    ----Loading HT100To200
    nevents in  ZTo2Nu   HT100To200 :  24272858
    ----Loading HT2500ToInf
    nevents in  ZTo2Nu   HT2500ToInf :  405030
    ----Loading HT800To1200
    nevents in  ZTo2Nu   HT800To1200 :  2170137
    ----Loading HT200To400
    nevents in  ZTo2Nu   HT200To400 :  24761211
    ----Loading HT400To600
    nevents in  ZTo2Nu   HT400To600 :  9862869
    ----Loading tWChan_MChi1_MPhi50_scalar
    nevents in  tbar scalar   tWChan_MChi1_MPhi50_scalar :  250000
    ----Loading tChan_MChi1_MPhi50_scalar
    nevents in  tbar scalar   tChan_MChi1_MPhi50_scalar :  798000
    ----Loading WWTo1L1Nu2Q
    nevents in  WW   WWTo1L1Nu2Q :  5246469
    ----Loading WWTo4Q
    nevents in  WW   WWTo4Q :  30324343
    ----Loading WWTo2L2Nu
    nevents in  WW   WWTo2L2Nu :  1999000
    ----Loading TTToSemiLepton
    nevents in  ttbarPlusJets   TTToSemiLepton :  152669800
    ----Loading TTTo2L2Nu
    nevents in  ttbarPlusJets   TTTo2L2Nu :  79140880
    ----Loading ttDM_MChi1_MPhi50_scalar
    nevents in  ttbar scalar   ttDM_MChi1_MPhi50_scalar :  2657730
    ----Loading ZZTo2Q2Nu
    nevents in  ZZ   ZZTo2Q2Nu :  30493038
    ----Loading ZZTo4L
    nevents in  ZZ   ZZTo4L :  103121112
    ----Loading ZZTo2L2Q
    nevents in  ZZ   ZZTo2L2Q :  15462693
    ----Loading ZZTo2L2Nu
    nevents in  ZZ   ZZTo2L2Nu :  52855410
    ----Loading ZZTo4Q
    nevents in  ZZ   ZZTo4Q :  30636849
    ----Loading HT700To1000
    nevents in  QCD   HT700To1000 :  37233786
    ----Loading HT500To700
    nevents in  QCD   HT500To700 :  62622029
    ----Loading HT2000ToInf
    nevents in  QCD   HT2000ToInf :  5804179
    ----Loading HT1000To1500
    nevents in  QCD   HT1000To1500 :  15210939
    ----Loading HT1500To2000
    nevents in  QCD   HT1500To2000 :  11839357
    ----Loading HT100To200
    nevents in  QCD   HT100To200 :  82293477
    ----Loading HT300To500
    nevents in  QCD   HT300To500 :  54552852
    ----Loading HT200To300
    nevenInfo in <TCanvas::MakeDefCanvas>:  created default TCanvas with name c1
TFile::Append:0: RuntimeWarning: Replacing existing TH1: hist (Potential memory leak).
TFile::Append:0: RuntimeWarning: Replacing existing TH1: hist (Potential memory leak).
TFile::Append:0: RuntimeWarning: Replacing existing TH1: hist (Potential memory leak).
TFile::Append:0: RuntimeWarning: Replacing existing TH1: hist (Potential memory leak).
TFile::Append:0: RuntimeWarning: Replacing existing TH1: hist (Potential memory leak).
TFile::Append:0: RuntimeWarning: Replacing existing TH1: hist (Potential memory leak).
TFile::Append:0: RuntimeWarning: Replacing existing TH1: hist (Potential memory leak).
TFile::Append:0: RuntimeWarning: Replacing existing TH1: hist (Potential memory leak).
TFile::Append:0: RuntimeWarning: Replacing existing TH1: hist (Potential memory leak).
TFile::Append:0: RuntimeWarning: Replacing existing TH1: hist (Potential memory leak).
ts in  QCD   HT200To300 :  57580393
    ----Loading WZTo2Q2Nu
    nevents in  WZ   WZTo2Q2Nu :  17725159
    ----Loading WZTo2L2Q
    nevents in  WZ   WZTo2L2Q :  26445785
    ----Loading WZTo3LNu
    nevents in  WZ   WZTo3LNu :  19993200
    ----Loading WZTo1L3Nu
    nevents in  WZ   WZTo1L3Nu :  1703772
    ----Loading WZTo1L1Nu2Q
    nevents in  WZ   WZTo1L1Nu2Q :  24311445
    ----Loading TTZToQQ
    nevents in  TTV   TTZToQQ :  749400
    ----Loading TTWJetsToLNu
    nevents in  TTV   TTWJetsToLNu :  5280565
    ----Loading TTWJetsToQQ
    nevents in  TTV   TTWJetsToQQ :  833298
    ----Loading TTZToLLNuNu
    nevents in  TTV   TTZToLLNuNu :  13692628
    ----Loading HT600To800
    nevents in  ZTo2L   HT600To800 :  8292957
    ----Loading HT1200To2500
    nevents in  ZTo2L   HT1200To2500 :  596079
    ----Loading HT100To200
    nevents in  ZTo2L   HT100To200 :  11017086
    ----Loading HT2500ToInf
    nevents in  ZTo2L   HT2500ToInf :  399492
    ----Loading HT800To1200
    nevents in  ZTo2L   HT800To1200 :  2673066
    ----Loading HT200To400
    nevents in  ZTo2L   HT200To400 :  9609137
    ----Loading HT400To600
    nevents in  ZTo2L   HT400To600 :  9725661
    ----Loading ST_s-channel
    nevents in  singleTop   ST_s-channel :  1000000
    ----Loading ST_t-channel_antitop
    nevents in  singleTop   ST_t-channel_antitop :  38811017
    ----Loading ST_tW_top
    nevents in  singleTop   ST_tW_top :  6952830
    ----Loading ST_t-channel_top
    nevents in  singleTop   ST_t-channel_top :  58403420
    ----Loading ST_tW_antitop
    nevents in  singleTop   ST_tW_antitop :  6933094
    ----Loading HT200To400
    nevents in  WPlusJets   HT200To400 :  38984322
    ----Loading HT70To100
    nevents in  WPlusJets   HT70To100 :  10020533
    ----Loading HT600To800
    nevents in  WPlusJets   HT600To800 :  18687480
    ----Loading HT1200To2500
    nevents in  WPlusJets   HT1200To2500 :  6872441
    ----Loading HT100To200
    nevents in  WPlusJets   HT100To200 :  78043017
    ----Loading HT400To600
    nevents in  WPlusJets   HT400To600 :  7687800
    ----Loading HT2500ToInf
    nevents in  WPlusJets   HT2500ToInf :  2637821
    ----Loading HT800To1200
    nevents in  WPlusJets   HT800To1200 :  7830536
Got MC sample root files and event trees
Filling data histograms...
Filling MC histograms...
  Process =  ZTo2Nu
      Dataset =  HT600To800  ||   nEvents =  5693589
Applied ZTo2Nu qcd/ewk Weights correctly
          hist nEntries =  5549.0
          hist integral =  106.484165072
      Dataset =  HT1200To2500  ||   nEvents =  513471
Applied ZTo2Nu qcd/ewk Weights correctly
          hist nEntries =  827.0
          hist integral =  19.2457222492
      Dataset =  HT100To200  ||   nEvents =  24272858
Applied ZTo2Nu qcd/ewk Weights correctly
          hist nEntries =  2.0
          hist integral =  1.14798402786
      Dataset =  HT2500ToInf  ||   nEvents =  405030
Applied ZTo2Nu qcd/ewk Weights correctly
          hist nEntries =  423.0
          hist integral =  0.346753721591
      Dataset =  HT800To1200  ||   nEvents =  2170137
Applied ZTo2Nu qcd/ewk Weights correctly
          hist nEntries =  2884.0
          hist integral =  65.8880354166
      Dataset =  HT200To400  ||   nEvents =  24761211
Applied ZTo2Nu qcd/ewk Weights correctly
          hist nEntries =  1468.0
          hist integral =  207.444062755
      Dataset =  HT400To600  ||   nEvents =  9862869
Applied ZTo2Nu qcd/ewk Weights correctly
          hist nEntries =  5257.0
          hist integral =  246.7835114
  Process =  tbar scalar
      Dataset =  tWChan_MChi1_MPhi50_scalar  ||   nEvents =  250000
          hist nEntries =  983.0
          hist integral =  18.3234027475
      Dataset =  tChan_MChi1_MPhi50_scalar  ||   nEvents =  798000
          hist nEntries =  14464.0
          hist integral =  450.735850334
  Process =  WW
      Dataset =  WWTo1L1Nu2Q  ||   nEvents =  5246469
          hist nEntries =  26.0
          hist integral =  8.57912433147
      Dataset =  WWTo4Q  ||   nEvents =  30324343
          hist nEntries =  0.0
          hist integral =  0.0
 TFile::Append:0: RuntimeWarning: Replacing existing TH1: hist (Potential memory leak).
TFile::Append:0: RuntimeWarning: Replacing existing TH1: hist (Potential memory leak).
TFile::Append:0: RuntimeWarning: Replacing existing TH1: hist (Potential memory leak).
TFile::Append:0: RuntimeWarning: Replacing existing TH1: hist (Potential memory leak).
TFile::Append:0: RuntimeWarning: Replacing existing TH1: hist (Potential memory leak).
TFile::Append:0: RuntimeWarning: Replacing existing TH1: hist (Potential memory leak).
TFile::Append:0: RuntimeWarning: Replacing existing TH1: hist (Potential memory leak).
TFile::Append:0: RuntimeWarning: Replacing existing TH1: hist (Potential memory leak).
TFile::Append:0: RuntimeWarning: Replacing existing TH1: hist (Potential memory leak).
TFile::Append:0: RuntimeWarning: Replacing existing TH1: hist (Potential memory leak).
TFile::Append:0: RuntimeWarning: Replacing existing TH1: hist (Potential memory leak).
TFile::Append:0: RuntimeWarning: Replacing existing TH1: hist (Potential memory leak).
TFile::Append:0: RuntimeWarning: Replacing existing TH1: hist (Potential memory leak).
TFile::Append:0: RuntimeWarning: Replacing existing TH1: hist (Potential memory leak).
TFile::Append:0: RuntimeWarning: Replacing existing TH1: hist (Potential memory leak).
TFile::Append:0: RuntimeWarning: Replacing existing TH1: hist (Potential memory leak).
TFile::Append:0: RuntimeWarning: Replacing existing TH1: hist (Potential memory leak).
TFile::Append:0: RuntimeWarning: Replacing existing TH1: hist (Potential memory leak).
TFile::Append:0: RuntimeWarning: Replacing existing TH1: hist (Potential memory leak).
TFile::Append:0: RuntimeWarning: Replacing existing TH1: hist (Potential memory leak).
TFile::Append:0: RuntimeWarning: Replacing existing TH1: hist (Potential memory leak).
TFile::Append:0: RuntimeWarning: Replacing existing TH1: hist (Potential memory leak).
TFile::Append:0: RuntimeWarning: Replacing existing TH1: hist (Potential memory leak).
TFile::Append:0: RuntimeWarning: Replacing existing TH1: hist (Potential memory leak).
TFile::Append:0: RuntimeWarning: Replacing existing TH1: hist (Potential memory leak).
TFile::Append:0: RuntimeWarning: Replacing existing TH1: hist (Potential memory leak).
TFile::Append:0: RuntimeWarning: Replacing existing TH1: hist (Potential memory leak).
TFile::Append:0: RuntimeWarning: Replacing existing TH1: hist (Potential memory leak).
TFile::Append:0: RuntimeWarning: Replacing existing TH1: hist (Potential memory leak).
TFile::Append:0: RuntimeWarning: Replacing existing TH1: hist (Potential memory leak).
     Dataset =  WWTo2L2Nu  ||   nEvents =  1999000
          hist nEntries =  2.0
          hist integral =  0.467707782984
  Process =  ttbarPlusJets
      Dataset =  TTToSemiLepton  ||   nEvents =  152669800
          hist nEntries =  38489.0
          hist integral =  3043.00210857
      Dataset =  TTTo2L2Nu  ||   nEvents =  79140880
          hist nEntries =  6131.0
          hist integral =  222.812293261
  Process =  ttbar scalar
      Dataset =  ttDM_MChi1_MPhi50_scalar  ||   nEvents =  2657730
          hist nEntries =  6208.0
          hist integral =  241.172247052
  Process =  ZZ
      Dataset =  ZZTo2Q2Nu  ||   nEvents =  30493038
          hist nEntries =  8339.0
          hist integral =  37.3202639818
      Dataset =  ZZTo4L  ||   nEvents =  103121112
          hist nEntries =  3.0
          hist integral =  0.00170516248909
      Dataset =  ZZTo2L2Q  ||   nEvents =  15462693
          hist nEntries =  38.0
          hist integral =  0.258927132934
      Dataset =  ZZTo2L2Nu  ||   nEvents =  52855410
          hist nEntries =  200.0
          hist integral =  0.076197566319
      Dataset =  ZZTo4Q  ||   nEvents =  30636849
          hist nEntries =  1.0
          hist integral =  0.00723159639165
  Process =  QCD
      Dataset =  HT700To1000  ||   nEvents =  37233786
          hist nEntries =  3.0
          hist integral =  16.9515552521
      Dataset =  HT500To700  ||   nEvents =  62622029
          hist nEntries =  0.0
          hist integral =  0.0
      Dataset =  HT2000ToInf  ||   nEvents =  5804179
          hist nEntries =  25.0
          hist integral =  4.08205971122
      Dataset =  HT1000To1500  ||   nEvents =  15210939
          hist nEntries =  2.0
          hist integral =  5.03990459442
      Dataset =  HT1500To2000  ||   nEvents =  11839357
          hist nEntries =  8.0
          hist integral =  2.79397386964
      Dataset =  HT100To200  ||   nEvents =  82293477
          hist nEntries =  0.0
          hist integral =  0.0
      Dataset =  HT300To500  ||   nEvents =  54552852
          hist nEntries =  0.0
          hist integral =  0.0
      Dataset =  HT200To300  ||   nEvents =  57580393
          hist nEntries =  0.0
          hist integral =  0.0
  Process =  WZ
      Dataset =  WZTo2Q2Nu  ||   nEvents =  17725159
          hist nEntries =  994.0
          hist integral =  12.4982577711
      Dataset =  WZTo2L2Q  ||   nEvents =  26445785
          hist nEntries =  12.0
          hist integral =  0.0676992792869
      Dataset =  WZTo3LNu  ||   nEvents =  19993200
          hist nEntries =  9.0
          hist integral =  0.0497584178811
      Dataset =  WZTo1L3Nu  ||   nEvents =  1703772
          hist nEntries =  22.0
          hist integral =  1.24926573364
      Dataset =  WZTo1L1Nu2Q  ||   nEvents =  24311445
          hist nEntries =  1214.0
          hist integral =  17.7396011427
  Process =  ttbar pseudoscalar
  Process =  tbar pseudoscalar
  Process =  TTV
      Dataset =  TTZToQQ  ||   nEvents =  749400
          hist nEntries =  457.0
          hist integral =  10.7942006886
      Dataset =  TTWJetsToLNu  ||   nEvents =  5280565
          hist nEntries =  7908.0
          hist integral =  10.275825996
      Dataset =  TTWJetsToQQ  ||   nEvents =  833298
          hist nEntries =  368.0
          hist integral =  5.97037251666
      Dataset =  TTZToLLNuNu  ||   nEvents =  13692628
          hist nEntries =  129588.0
          hist integral =  80.0651381612
  Process =  ZTo2L
      Dataset =  HT600To800  ||   nEvents =  8292957
Applied ZTo2L qcd/ewk Weights correctly
          hist nEntries =  102.0
          hist integral =  0.696175860241
      Dataset =  HT1200To2500  ||   nEvents =  596079
Applied ZTo2L qcd/ewk Weights correctly
          hist nEntries =  11.0
          hist integral =  0.112095742486
      Dataset =  HT100To200  ||   nEvents =  11017086
Applied ZTo2L qcd/ewk Weights correctly
          hist nEntries =  0.0
          hist integral =  0.0
      Dataset =  HT2500ToInf  ||   nEvents =  399492
Applied ZTo2L qcd/ewk Weights correctly
          hist nEntries =  9TFile::Append:0: RuntimeWarning: Replacing existing TH1: hist (Potential memory leak).
TFile::Append:0: RuntimeWarning: Replacing existing TH1: hist (Potential memory leak).
TFile::Append:0: RuntimeWarning: Replacing existing TH1: hist (Potential memory leak).
TFile::Append:0: RuntimeWarning: Replacing existing TH1: hist (Potential memory leak).
TFile::Append:0: RuntimeWarning: Replacing existing TH1: hist (Potential memory leak).
TFile::Append:0: RuntimeWarning: Replacing existing TH1: hist (Potential memory leak).
TFile::Append:0: RuntimeWarning: Replacing existing TH1: hist (Potential memory leak).
TFile::Append:0: RuntimeWarning: Replacing existing TH1: hist (Potential memory leak).
TFile::Append:0: RuntimeWarning: Replacing existing TH1: hist (Potential memory leak).
TFile::Append:0: RuntimeWarning: Replacing existing TH1: hist (Potential memory leak).
TFile::Append:0: RuntimeWarning: Replacing existing TH1: hist (Potential memory leak).
TFile::Append:0: RuntimeWarning: Replacing existing TH1: hist (Potential memory leak).
TFile::Append:0: RuntimeWarning: Replacing existing TH1: hist (Potential memory leak).
TFile::Append:0: RuntimeWarning: Replacing existing TH1: hist (Potential memory leak).
TFile::Append:0: RuntimeWarning: Replacing existing TH1: hist (Potential memory leak).
TFile::Append:0: RuntimeWarning: Replacing existing TH1: hist (Potential memory leak).
.0
          hist integral =  0.00410493776144
      Dataset =  HT800To1200  ||   nEvents =  2673066
Applied ZTo2L qcd/ewk Weights correctly
          hist nEntries =  36.0
          hist integral =  0.34976257477
      Dataset =  HT200To400  ||   nEvents =  9609137
Applied ZTo2L qcd/ewk Weights correctly
          hist nEntries =  9.0
          hist integral =  1.50307544321
      Dataset =  HT400To600  ||   nEvents =  9725661
Applied ZTo2L qcd/ewk Weights correctly
          hist nEntries =  75.0
          hist integral =  1.73489287857
  Process =  singleTop
      Dataset =  ST_s-channel  ||   nEvents =  1000000
          hist nEntries =  57.0
          hist integral =  6.53230794519
      Dataset =  ST_t-channel_antitop  ||   nEvents =  38811017
          hist nEntries =  217.0
          hist integral =  14.8136507832
      Dataset =  ST_tW_top  ||   nEvents =  6952830
          hist nEntries =  626.0
          hist integral =  106.625842452
      Dataset =  ST_t-channel_top  ||   nEvents =  58403420
          hist nEntries =  421.0
          hist integral =  31.2067419291
      Dataset =  ST_tW_antitop  ||   nEvents =  6933094
          hist nEntries =  597.0
          hist integral =  103.951107822
  Process =  WPlusJets
      Dataset =  HT200To400  ||   nEvents =  38984322
Applied WPlusJets qcd/ewk Weights correctly
          hist nEntries =  213.0
          hist integral =  78.1109128892
      Dataset =  HT70To100  ||   nEvents =  10020533
Applied WPlusJets qcd/ewk Weights correctly
          hist nEntries =  0.0
          hist integral =  0.0
      Dataset =  HT600To800  ||   nEvents =  18687480
Applied WPlusJets qcd/ewk Weights correctly
          hist nEntries =  1975.0
          hist integral =  49.6053961813
      Dataset =  HT1200To2500  ||   nEvents =  6872441
Applied WPlusJets qcd/ewk Weights correctly
          hist nEntries =  1497.0
          hist integral =  11.5771928206
      Dataset =  HT100To200  ||   nEvents =  78043017
Applied WPlusJets qcd/ewk Weights correctly
          hist nEntries =  3.0
          hist integral =  2.39377373457
      Dataset =  HT400To600  ||   nEvents =  7687800
Applied WPlusJets qcd/ewk Weights correctly
          hist nEntries =  407.0
          hist integral =  102.603367805
      Dataset =  HT2500ToInf  ||   nEvents =  2637821
Applied WPlusJets qcd/ewk Weights correctly
          hist nEntries =  377.0
          hist integral =  0.205268903403
      Dataset =  HT800To1200  ||   nEvents =  7830536
Applied WPlusJets qcd/ewk Weights correctly
          hist nEntries =  1204.0
          hist integral =  32.8950216472
-----------------------------
Total data background nEvents =  0.0
Total data background integral =  0.0
-----------------------------
Total MC background nEvents =  218085.0
Total MC background integral =  4672.36401844
-----------------------------
Total tt+DM signal nEvents =  310.4
Total tt+DM signal integral =  241.172250175
Total t+DM signal nEvents =  772.35
Total t+DM signal integral =  469.059242249
-----------------------------
FOM for tt+DM signal =  3.52824715521
FOM for t+DM signal =  6.86213665081
-----------------------------
Data bin errors:
    bin 0: 0.0
    bin 1: 0.0
    bin 2: 0.0
    bin 3: 0.0
    bin 4: 0.0
    bin 5: 0.0
    bin 6: 0.0
    bin 7: 0.0
    bin 8: 0.0
    bin 9: 0.0
    bin 10: 0.0
    bin 11: 0.0
    bin 12: 0.0
    bin 13: 0.0
    bin 14: 0.0
    bin 15: 0.0
-----------------------------
MC background bin errors:
    bin 0: 0.0
    bin 1: 16.7747137047
    bin 2: 9.75595746371
    bin 3: 7.94851643067
    bin 4: 6.46320492635
    bin 5: 5.20048102306
    bin 6: 4.3832948097
    bin 7: 3.49653585784
    bin 8: 2.93780178703
    bin 9: 2.53804110184
    bin 10: 2.02153950405
    bin 11: 1.57408233643
    bin 12: 1.32052939855
    bin 13: 1.07887020383
    bin 14: 0.936044614517
    bin 15: 0.810214452192
-----------------------------
tt+DM bin errors:
    bin 0: 0.0
    bin 1: 30.8377765563
    bin 2: 27.7101752886
    bin 3: 23.0631818247
    bin 4: 20.518434479
    bin 5: 17.119197775
    bin 6: 15.215267285
    bin 7: Info in <TCanvas::Print>: png file plots/limitStudies/2016/05_16_2022/AH0l2bSR2016_METcorrected_pt_05_16_2022_Mchi1_Mphi50_scalar.png has been created
13.8660169611
    bin 8: 11.8007806821
    bin 9: 10.0589248622
    bin 10: 9.09411878466
    bin 11: 8.17938620931
    bin 12: 7.48529781128
    bin 13: 5.44430000506
    bin 14: 5.83625319275
    bin 15: 5.03072541589
-----------------------------
t+DM bin errors:
    bin 0: 0.0
    bin 1: 25.3868456636
    bin 2: 24.8005542924
    bin 3: 22.2523013898
    bin 4: 22.082587952
    bin 5: 21.7279961421
    bin 6: 20.4944385297
    bin 7: 18.6606186891
    bin 8: 18.8767908555
    bin 9: 17.1763529872
    bin 10: 16.9991869473
    bin 11: 15.3796093215
    bin 12: 14.6342110105
    bin 13: 13.1177443706
    bin 14: 12.4221859731
    bin 15: 11.3967230336
-----------------------------
ZTo2Nu hist info:
    nEvents =  16410.0
    integral =  647.340233088
tbar scalar hist info:
    nEvents =  15447.0
    integral =  9381.18484497
TTTo2L2Nu hist info:
    nEvents =  6131.0
    integral =  222.812293261
singleTop hist info:
    nEvents =  1918.0
    integral =  263.129647374
TTV hist info:
    nEvents =  138321.0
    integral =  107.105536103
bkgSum hist info:
    nEvents =  218085.0
    integral =  4672.36401844
ttbar scalar hist info:
    nEvents =  6208.0
    integral =  4823.44500351
VV hist info:
    nEvents =  10860.0
    integral =  78.3157418966
QCD hist info:
    nEvents =  38.0
    integral =  28.8674923927
ZTo2L hist info:
    nEvents =  242.0
    integral =  4.40010741726
data hist info:
    nEvents =  0.0
    integral =  0.0
WPlusJets hist info:
    nEvents =  5676.0
    integral =  277.390931129
TTToSemiLepton hist info:
    nEvents =  38489.0
    integral =  3043.00210857
Finished filling histograms
Creating stacked MC background histogram...
Finished stacking MC background histograms.
Drawing histograms...
Finished drawing histograms
Plotting end time: 2022-05-26 11:13:43.655640
