plots/plotv3.py:886: SyntaxWarning: name 'counter' is used prior to global declaration
  global counter
Plotting start time: 2022-05-26 11:19:14.169887
Cut name =  SL1l0fT2SR
MC Selection Cuts =  (nTightElectrons == 1 && nVetoElectrons == 1 && nLooseMuons == 0 && njets >= 2 && nbjets >= 1 && METcorrected_pt >= 250 && Flag_goodVertices && Flag_globalSuperTightHalo2016Filter && Flag_HBHENoiseFilter && Flag_HBHENoiseIsoFilter && Flag_EcalDeadCellTriggerPrimitiveFilter && Flag_BadPFMuonFilter && ((HLT_Ele27_WPTight_Gsf) || (HLT_Ele115_CaloIdVT_GsfTrkIdT || HLT_Photon175)) && PV_npvsGood > 0 && PV_ndof > 4 && abs(PV_z) < 24 && sqrt(pow(PV_x,2)+pow(PV_y,2)) < 2 && nbjets == 1 && nfjets == 0 && M_T >= 140 && M_T2W >= 180 && minDeltaPhi12 >= 0.8 && M_Tb >= 140 && modified_topness > 0 && modified_topness <= 10) || (nTightMuons == 1 && nLooseMuons == 1 && nVetoElectrons == 0 && njets >= 2 && nbjets >= 1 && METcorrected_pt >= 250 && Flag_goodVertices && Flag_globalSuperTightHalo2016Filter && Flag_HBHENoiseFilter && Flag_HBHENoiseIsoFilter && Flag_EcalDeadCellTriggerPrimitiveFilter && Flag_BadPFMuonFilter && (HLT_IsoMu24 || HLT_IsoTkMu24) && PV_npvsGood > 0 && PV_ndof > 4 && abs(PV_z) < 24 && sqrt(pow(PV_x,2)+pow(PV_y,2)) < 2 && nbjets == 1 && nfjets == 0 && M_T >= 140 && M_T2W >= 180 && minDeltaPhi12 >= 0.8 && M_Tb >= 140 && modified_topness > 0 && modified_topness <= 10)
Data Selection Cuts =  (nTightElectrons == 1 && nVetoElectrons == 1 && nLooseMuons == 0 && njets >= 2 && nbjets >= 1 && METcorrected_pt >= 250 && Flag_goodVertices && Flag_globalSuperTightHalo2016Filter && Flag_HBHENoiseFilter && Flag_HBHENoiseIsoFilter && Flag_EcalDeadCellTriggerPrimitiveFilter && Flag_BadPFMuonFilter && ((HLT_Ele27_WPTight_Gsf) || (HLT_Ele115_CaloIdVT_GsfTrkIdT || HLT_Photon175)) && PV_npvsGood > 0 && PV_ndof > 4 && abs(PV_z) < 24 && sqrt(pow(PV_x,2)+pow(PV_y,2)) < 2 && nbjets == 1 && nfjets == 0 && M_T >= 140 && M_T2W >= 180 && minDeltaPhi12 >= 0.8 && M_Tb >= 140 && modified_topness > 0 && modified_topness <= 10) || (nTightMuons == 1 && nLooseMuons == 1 && nVetoElectrons == 0 && njets >= 2 && nbjets >= 1 && METcorrected_pt >= 250 && Flag_goodVertices && Flag_globalSuperTightHalo2016Filter && Flag_HBHENoiseFilter && Flag_HBHENoiseIsoFilter && Flag_EcalDeadCellTriggerPrimitiveFilter && Flag_BadPFMuonFilter && (HLT_IsoMu24 || HLT_IsoTkMu24) && PV_npvsGood > 0 && PV_ndof > 4 && abs(PV_z) < 24 && sqrt(pow(PV_x,2)+pow(PV_y,2)) < 2 && nbjets == 1 && nfjets == 0 && M_T >= 140 && M_T2W >= 180 && minDeltaPhi12 >= 0.8 && M_Tb >= 140 && modified_topness > 0 && modified_topness <= 10) && Flag_eeBadScFilter
var =  METcorrected_pt
year =  2016
lumi =  35.92
saveDirectory =  plots/limitStudies/2016/
date =  05_16_2022
applying HEM fix for 2018...
Creating histograms..
Histogram options: 
    nbins =  7
    xmin =  250
    xmax =  530
    auto_y =  True
    doLogPlot =  False
    drawData =  False
    mediatorType =  pseudoscalar
    mchi =  1
    mphi =  50
    normalizePlots =  False
    useCentralSamples =  True
    doBinned =  False
    savePlots =  True
    combineEleMu =  True
    doSys =  False
    doSysFirstHalf =  False
    doSysSecondHalf =  False
    drawOverflow =  True
    drawUnderflow =  False
    plotSys =  False
    plotSysVar =  CMS_HF_W
    plotSysSignal =  False
Loading data sample root files and event trees...
Got data sample root files and event trees
Loading MC sample root files and event trees...
    ----Loading HT600To800
    nevents in  ZTo2Nu   HT600To800 :  5693589
    ----Loading HT1200To2500
    nevents in  ZTo2Nu   HT1200To2500 :  513471
    ----Loading HT100To200
    nevents in  ZTo2Nu   HT100To200 :  24272858
    ----Loading HT2500ToInf
    nevents in  ZTo2Nu   HT2500ToInf :  405030
    ----Loading HT800To1200
    nevents in  ZTo2Nu   HT800To1200 :  2170137
    ----Loading HT200To400
    nevents in  ZTo2Nu   HT200To400 :  24761211
    ----Loading HT400To600
    nevents in  ZTo2Nu   HT400To600 :  9862869
    ----Loading WWTo1L1Nu2Q
    nevents in  WW   WWTo1L1Nu2Q :  5246469
    ----Loading WWTo4Q
    nevents in  WW   WWTo4Q :  30324343
    ----Loading WWTo2L2Nu
    nevents in  WW   WWTo2L2Nu :  1999000
    ----Loading TTToSemiLeptInfo in <TCanvas::MakeDefCanvas>:  created default TCanvas with name c1
TFile::Append:0: RuntimeWarning: Replacing existing TH1: hist (Potential memory leak).
on
    nevents in  ttbarPlusJets   TTToSemiLepton :  152669800
    ----Loading TTTo2L2Nu
    nevents in  ttbarPlusJets   TTTo2L2Nu :  79140880
    ----Loading ZZTo2Q2Nu
    nevents in  ZZ   ZZTo2Q2Nu :  30493038
    ----Loading ZZTo4L
    nevents in  ZZ   ZZTo4L :  103121112
    ----Loading ZZTo2L2Q
    nevents in  ZZ   ZZTo2L2Q :  15462693
    ----Loading ZZTo2L2Nu
    nevents in  ZZ   ZZTo2L2Nu :  52855410
    ----Loading ZZTo4Q
    nevents in  ZZ   ZZTo4Q :  30636849
    ----Loading HT700To1000
    nevents in  QCD   HT700To1000 :  37233786
    ----Loading HT500To700
    nevents in  QCD   HT500To700 :  62622029
    ----Loading HT2000ToInf
    nevents in  QCD   HT2000ToInf :  5804179
    ----Loading HT1000To1500
    nevents in  QCD   HT1000To1500 :  15210939
    ----Loading HT1500To2000
    nevents in  QCD   HT1500To2000 :  11839357
    ----Loading HT100To200
    nevents in  QCD   HT100To200 :  82293477
    ----Loading HT300To500
    nevents in  QCD   HT300To500 :  54552852
    ----Loading HT200To300
    nevents in  QCD   HT200To300 :  57580393
    ----Loading WZTo2Q2Nu
    nevents in  WZ   WZTo2Q2Nu :  17725159
    ----Loading WZTo2L2Q
    nevents in  WZ   WZTo2L2Q :  26445785
    ----Loading WZTo3LNu
    nevents in  WZ   WZTo3LNu :  19993200
    ----Loading WZTo1L3Nu
    nevents in  WZ   WZTo1L3Nu :  1703772
    ----Loading WZTo1L1Nu2Q
    nevents in  WZ   WZTo1L1Nu2Q :  24311445
    ----Loading ttDM_MChi1_MPhi50_pseudo
    nevents in  ttbar pseudoscalar   ttDM_MChi1_MPhi50_pseudo :  3331566
    ----Loading tChan_MChi1_MPhi50_pseudo
    nevents in  tbar pseudoscalar   tChan_MChi1_MPhi50_pseudo :  677000
    ----Loading tWChan_MChi1_MPhi50_pseudo
    nevents in  tbar pseudoscalar   tWChan_MChi1_MPhi50_pseudo :  500000
    ----Loading TTZToQQ
    nevents in  TTV   TTZToQQ :  749400
    ----Loading TTWJetsToLNu
    nevents in  TTV   TTWJetsToLNu :  5280565
    ----Loading TTWJetsToQQ
    nevents in  TTV   TTWJetsToQQ :  833298
    ----Loading TTZToLLNuNu
    nevents in  TTV   TTZToLLNuNu :  13692628
    ----Loading HT600To800
    nevents in  ZTo2L   HT600To800 :  8292957
    ----Loading HT1200To2500
    nevents in  ZTo2L   HT1200To2500 :  596079
    ----Loading HT100To200
    nevents in  ZTo2L   HT100To200 :  11017086
    ----Loading HT2500ToInf
    nevents in  ZTo2L   HT2500ToInf :  399492
    ----Loading HT800To1200
    nevents in  ZTo2L   HT800To1200 :  2673066
    ----Loading HT200To400
    nevents in  ZTo2L   HT200To400 :  9609137
    ----Loading HT400To600
    nevents in  ZTo2L   HT400To600 :  9725661
    ----Loading ST_s-channel
    nevents in  singleTop   ST_s-channel :  1000000
    ----Loading ST_t-channel_antitop
    nevents in  singleTop   ST_t-channel_antitop :  38811017
    ----Loading ST_tW_top
    nevents in  singleTop   ST_tW_top :  6952830
    ----Loading ST_t-channel_top
    nevents in  singleTop   ST_t-channel_top :  58403420
    ----Loading ST_tW_antitop
    nevents in  singleTop   ST_tW_antitop :  6933094
    ----Loading HT200To400
    nevents in  WPlusJets   HT200To400 :  38984322
    ----Loading HT70To100
    nevents in  WPlusJets   HT70To100 :  10020533
    ----Loading HT600To800
    nevents in  WPlusJets   HT600To800 :  18687480
    ----Loading HT1200To2500
    nevents in  WPlusJets   HT1200To2500 :  6872441
    ----Loading HT100To200
    nevents in  WPlusJets   HT100To200 :  78043017
    ----Loading HT400To600
    nevents in  WPlusJets   HT400To600 :  7687800
    ----Loading HT2500ToInf
    nevents in  WPlusJets   HT2500ToInf :  2637821
    ----Loading HT800To1200
    nevents in  WPlusJets   HT800To1200 :  7830536
Got MC sample root files and event trees
Filling data histograms...
Filling MC histograms...
  Process =  ZTo2Nu
      Dataset =  HT600To800  ||   nEvents =  5693589
Applied ZTo2Nu qcd/ewk Weights correctly
          hist nEntries =  2.0
          hist integral =  0.0385388927534
      Dataset =  HT1200To2500  ||   nEvents =  513471
Applied ZTo2Nu qcd/ewk Weights correctly
          hist nEntries =  0.0
          hist integral =  0.0
      Dataset =  HT100To200  ||   nEvents =  2427285TFile::Append:0: RuntimeWarning: Replacing existing TH1: hist (Potential memory leak).
TFile::Append:0: RuntimeWarning: Replacing existing TH1: hist (Potential memory leak).
TFile::Append:0: RuntimeWarning: Replacing existing TH1: hist (Potential memory leak).
TFile::Append:0: RuntimeWarning: Replacing existing TH1: hist (Potential memory leak).
TFile::Append:0: RuntimeWarning: Replacing existing TH1: hist (Potential memory leak).
TFile::Append:0: RuntimeWarning: Replacing existing TH1: hist (Potential memory leak).
TFile::Append:0: RuntimeWarning: Replacing existing TH1: hist (Potential memory leak).
TFile::Append:0: RuntimeWarning: Replacing existing TH1: hist (Potential memory leak).
TFile::Append:0: RuntimeWarning: Replacing existing TH1: hist (Potential memory leak).
TFile::Append:0: RuntimeWarning: Replacing existing TH1: hist (Potential memory leak).
TFile::Append:0: RuntimeWarning: Replacing existing TH1: hist (Potential memory leak).
TFile::Append:0: RuntimeWarning: Replacing existing TH1: hist (Potential memory leak).
TFile::Append:0: RuntimeWarning: Replacing existing TH1: hist (Potential memory leak).
TFile::Append:0: RuntimeWarning: Replacing existing TH1: hist (Potential memory leak).
TFile::Append:0: RuntimeWarning: Replacing existing TH1: hist (Potential memory leak).
TFile::Append:0: RuntimeWarning: Replacing existing TH1: hist (Potential memory leak).
TFile::Append:0: RuntimeWarning: Replacing existing TH1: hist (Potential memory leak).
TFile::Append:0: RuntimeWarning: Replacing existing TH1: hist (Potential memory leak).
TFile::Append:0: RuntimeWarning: Replacing existing TH1: hist (Potential memory leak).
TFile::Append:0: RuntimeWarning: Replacing existing TH1: hist (Potential memory leak).
TFile::Append:0: RuntimeWarning: Replacing existing TH1: hist (Potential memory leak).
TFile::Append:0: RuntimeWarning: Replacing existing TH1: hist (Potential memory leak).
TFile::Append:0: RuntimeWarning: Replacing existing TH1: hist (Potential memory leak).
TFile::Append:0: RuntimeWarning: Replacing existing TH1: hist (Potential memory leak).
TFile::Append:0: RuntimeWarning: Replacing existing TH1: hist (Potential memory leak).
TFile::Append:0: RuntimeWarning: Replacing existing TH1: hist (Potential memory leak).
TFile::Append:0: RuntimeWarning: Replacing existing TH1: hist (Potential memory leak).
TFile::Append:0: RuntimeWarning: Replacing existing TH1: hist (Potential memory leak).
TFile::Append:0: RuntimeWarning: Replacing existing TH1: hist (Potential memory leak).
TFile::Append:0: RuntimeWarning: Replacing existing TH1: hist (Potential memory leak).
8
Applied ZTo2Nu qcd/ewk Weights correctly
          hist nEntries =  0.0
          hist integral =  0.0
      Dataset =  HT2500ToInf  ||   nEvents =  405030
Applied ZTo2Nu qcd/ewk Weights correctly
          hist nEntries =  1.0
          hist integral =  0.000692526868079
      Dataset =  HT800To1200  ||   nEvents =  2170137
Applied ZTo2Nu qcd/ewk Weights correctly
          hist nEntries =  1.0
          hist integral =  0.0251571852714
      Dataset =  HT200To400  ||   nEvents =  24761211
Applied ZTo2Nu qcd/ewk Weights correctly
          hist nEntries =  1.0
          hist integral =  0.143559008837
      Dataset =  HT400To600  ||   nEvents =  9862869
Applied ZTo2Nu qcd/ewk Weights correctly
          hist nEntries =  7.0
          hist integral =  0.320467676967
  Process =  tbar scalar
  Process =  WW
      Dataset =  WWTo1L1Nu2Q  ||   nEvents =  5246469
          hist nEntries =  3.0
          hist integral =  1.20962804556
      Dataset =  WWTo4Q  ||   nEvents =  30324343
          hist nEntries =  0.0
          hist integral =  0.0
      Dataset =  WWTo2L2Nu  ||   nEvents =  1999000
          hist nEntries =  13.0
          hist integral =  3.01689475775
  Process =  ttbarPlusJets
      Dataset =  TTToSemiLepton  ||   nEvents =  152669800
          hist nEntries =  8.0
          hist integral =  0.638011150062
      Dataset =  TTTo2L2Nu  ||   nEvents =  79140880
          hist nEntries =  3216.0
          hist integral =  116.886169106
  Process =  ttbar scalar
  Process =  ZZ
      Dataset =  ZZTo2Q2Nu  ||   nEvents =  30493038
          hist nEntries =  2.0
          hist integral =  0.0096035846509
      Dataset =  ZZTo4L  ||   nEvents =  103121112
          hist nEntries =  6.0
          hist integral =  0.00233185960678
      Dataset =  ZZTo2L2Q  ||   nEvents =  15462693
          hist nEntries =  2.0
          hist integral =  0.0137649457902
      Dataset =  ZZTo2L2Nu  ||   nEvents =  52855410
          hist nEntries =  864.0
          hist integral =  0.314257416874
      Dataset =  ZZTo4Q  ||   nEvents =  30636849
          hist nEntries =  0.0
          hist integral =  0.0
  Process =  QCD
      Dataset =  HT700To1000  ||   nEvents =  37233786
          hist nEntries =  0.0
          hist integral =  0.0
      Dataset =  HT500To700  ||   nEvents =  62622029
          hist nEntries =  0.0
          hist integral =  0.0
      Dataset =  HT2000ToInf  ||   nEvents =  5804179
          hist nEntries =  0.0
          hist integral =  0.0
      Dataset =  HT1000To1500  ||   nEvents =  15210939
          hist nEntries =  0.0
          hist integral =  0.0
      Dataset =  HT1500To2000  ||   nEvents =  11839357
          hist nEntries =  0.0
          hist integral =  0.0
      Dataset =  HT100To200  ||   nEvents =  82293477
          hist nEntries =  0.0
          hist integral =  0.0
      Dataset =  HT300To500  ||   nEvents =  54552852
          hist nEntries =  0.0
          hist integral =  0.0
      Dataset =  HT200To300  ||   nEvents =  57580393
          hist nEntries =  0.0
          hist integral =  0.0
  Process =  WZ
      Dataset =  WZTo2Q2Nu  ||   nEvents =  17725159
          hist nEntries =  0.0
          hist integral =  0.0
      Dataset =  WZTo2L2Q  ||   nEvents =  26445785
          hist nEntries =  1.0
          hist integral =  0.00784351024777
      Dataset =  WZTo3LNu  ||   nEvents =  19993200
          hist nEntries =  19.0
          hist integral =  0.129156970885
      Dataset =  WZTo1L3Nu  ||   nEvents =  1703772
          hist nEntries =  93.0
          hist integral =  5.75460532308
      Dataset =  WZTo1L1Nu2Q  ||   nEvents =  24311445
          hist nEntries =  66.0
          hist integral =  0.965299950913
  Process =  ttbar pseudoscalar
      Dataset =  ttDM_MChi1_MPhi50_pseudo  ||   nEvents =  3331566
          hist nEntries =  4129.0
          hist integral =  13.2150339335
  Process =  tbar pseudoscalar
      Dataset =  tChan_MChi1_MPhi50_pseudo  ||   nEvents =  677000
          hist nEntries =  1042.0
          hist integral =  5.91510859132
      Dataset =  tWChan_MChi1_TFile::Append:0: RuntimeWarning: Replacing existing TH1: hist (Potential memory leak).
TFile::Append:0: RuntimeWarning: Replacing existing TH1: hist (Potential memory leak).
TFile::Append:0: RuntimeWarning: Replacing existing TH1: hist (Potential memory leak).
TFile::Append:0: RuntimeWarning: Replacing existing TH1: hist (Potential memory leak).
TFile::Append:0: RuntimeWarning: Replacing existing TH1: hist (Potential memory leak).
TFile::Append:0: RuntimeWarning: Replacing existing TH1: hist (Potential memory leak).
TFile::Append:0: RuntimeWarning: Replacing existing TH1: hist (Potential memory leak).
TFile::Append:0: RuntimeWarning: Replacing existing TH1: hist (Potential memory leak).
TFile::Append:0: RuntimeWarning: Replacing existing TH1: hist (Potential memory leak).
TFile::Append:0: RuntimeWarning: Replacing existing TH1: hist (Potential memory leak).
TFile::Append:0: RuntimeWarning: Replacing existing TH1: hist (Potential memory leak).
TFile::Append:0: RuntimeWarning: Replacing existing TH1: hist (Potential memory leak).
TFile::Append:0: RuntimeWarning: Replacing existing TH1: hist (Potential memory leak).
TFile::Append:0: RuntimeWarning: Replacing existing TH1: hist (Potential memory leak).
TFile::Append:0: RuntimeWarning: Replacing existing TH1: hist (Potential memory leak).
TFile::Append:0: RuntimeWarning: Replacing existing TH1: hist (Potential memory leak).
TFile::Append:0: RuntimeWarning: Replacing existing TH1: hist (Potential memory leak).
TFile::Append:0: RuntimeWarning: Replacing existing TH1: hist (Potential memory leak).
TFile::Append:0: RuntimeWarning: Replacing existing TH1: hist (Potential memory leak).
TFile::Append:0: RuntimeWarning: Replacing existing TH1: hist (Potential memory leak).
TFile::Append:0: RuntimeWarning: Replacing existing TH1: hist (Potential memory leak).
TFile::Append:0: RuntimeWarning: Replacing existing TH1: hist (Potential memory leak).
TFile::Append:0: RuntimeWarning: Replacing existing TH1: hist (Potential memory leak).
TFile::Append:0: RuntimeWarning: Replacing existing TH1: hist (Potential memory leak).
TFile::Append:0: RuntimeWarning: Replacing existing TH1: hist (Potential memory leak).
MPhi50_pseudo  ||   nEvents =  500000
          hist nEntries =  2392.0
          hist integral =  7.94512915611
  Process =  TTV
      Dataset =  TTZToQQ  ||   nEvents =  749400
          hist nEntries =  3.0
          hist integral =  0.0716412737966
      Dataset =  TTWJetsToLNu  ||   nEvents =  5280565
          hist nEntries =  741.0
          hist integral =  0.977350022644
      Dataset =  TTWJetsToQQ  ||   nEvents =  833298
          hist nEntries =  9.0
          hist integral =  0.130944222212
      Dataset =  TTZToLLNuNu  ||   nEvents =  13692628
          hist nEntries =  8503.0
          hist integral =  5.34915371239
  Process =  ZTo2L
      Dataset =  HT600To800  ||   nEvents =  8292957
Applied ZTo2L qcd/ewk Weights correctly
          hist nEntries =  3.0
          hist integral =  0.0190173378214
      Dataset =  HT1200To2500  ||   nEvents =  596079
Applied ZTo2L qcd/ewk Weights correctly
          hist nEntries =  0.0
          hist integral =  0.0
      Dataset =  HT100To200  ||   nEvents =  11017086
Applied ZTo2L qcd/ewk Weights correctly
          hist nEntries =  1.0
          hist integral =  0.517520010471
      Dataset =  HT2500ToInf  ||   nEvents =  399492
Applied ZTo2L qcd/ewk Weights correctly
          hist nEntries =  0.0
          hist integral =  0.0
      Dataset =  HT800To1200  ||   nEvents =  2673066
Applied ZTo2L qcd/ewk Weights correctly
          hist nEntries =  0.0
          hist integral =  0.0
      Dataset =  HT200To400  ||   nEvents =  9609137
Applied ZTo2L qcd/ewk Weights correctly
          hist nEntries =  0.0
          hist integral =  0.0
      Dataset =  HT400To600  ||   nEvents =  9725661
Applied ZTo2L qcd/ewk Weights correctly
          hist nEntries =  3.0
          hist integral =  0.0682058986276
  Process =  singleTop
      Dataset =  ST_s-channel  ||   nEvents =  1000000
          hist nEntries =  0.0
          hist integral =  0.0
      Dataset =  ST_t-channel_antitop  ||   nEvents =  38811017
          hist nEntries =  1.0
          hist integral =  0.0832918286324
      Dataset =  ST_tW_top  ||   nEvents =  6952830
          hist nEntries =  54.0
          hist integral =  8.89255042467
      Dataset =  ST_t-channel_top  ||   nEvents =  58403420
          hist nEntries =  1.0
          hist integral =  0.0850089639425
      Dataset =  ST_tW_antitop  ||   nEvents =  6933094
          hist nEntries =  49.0
          hist integral =  8.85676911473
  Process =  WPlusJets
      Dataset =  HT200To400  ||   nEvents =  38984322
Applied WPlusJets qcd/ewk Weights correctly
          hist nEntries =  44.0
          hist integral =  16.548070401
      Dataset =  HT70To100  ||   nEvents =  10020533
Applied WPlusJets qcd/ewk Weights correctly
          hist nEntries =  0.0
          hist integral =  0.0
      Dataset =  HT600To800  ||   nEvents =  18687480
Applied WPlusJets qcd/ewk Weights correctly
          hist nEntries =  79.0
          hist integral =  1.86390371621
      Dataset =  HT1200To2500  ||   nEvents =  6872441
Applied WPlusJets qcd/ewk Weights correctly
          hist nEntries =  61.0
          hist integral =  0.413849255536
      Dataset =  HT100To200  ||   nEvents =  78043017
Applied WPlusJets qcd/ewk Weights correctly
          hist nEntries =  7.0
          hist integral =  5.84331083298
      Dataset =  HT400To600  ||   nEvents =  7687800
Applied WPlusJets qcd/ewk Weights correctly
          hist nEntries =  27.0
          hist integral =  7.11742964387
      Dataset =  HT2500ToInf  ||   nEvents =  2637821
Applied WPlusJets qcd/ewk Weights correctly
          hist nEntries =  42.0
          hist integral =  0.0196706652641
      Dataset =  HT800To1200  ||   nEvents =  7830536
Applied WPlusJets qcd/ewk Weights correctly
          hist nEntries =  28.0
          hist integral =  0.647080407478
-----------------------------
Total data background nEvents =  0.0
Total data background integral =  0.0
-----------------------------
Total MC background nEvents =  13961.0
Total MC background integral =  186.980753064
-----------------------------
Total tt+DM signalInfo in <TCanvas::Print>: png file plots/limitStudies/2016/05_16_2022/SL1l0fT2SR2016_METcorrected_pt_05_16_2022_Mchi1_Mphi50_pseudoscalar.png has been created
 nEvents =  206.45
Total tt+DM signal integral =  13.2150337458
Total t+DM signal nEvents =  171.7
Total t+DM signal integral =  13.8602377892
-----------------------------
FOM for tt+DM signal =  0.966428712235
FOM for t+DM signal =  1.01361313301
-----------------------------
Data bin errors:
    bin 0: 0.0
    bin 1: 0.0
    bin 2: 0.0
    bin 3: 0.0
    bin 4: 0.0
    bin 5: 0.0
    bin 6: 0.0
    bin 7: 0.0
-----------------------------
MC background bin errors:
    bin 0: 0.0
    bin 1: 3.66123217286
    bin 2: 2.18964327086
    bin 3: 1.7312668248
    bin 4: 1.06989516259
    bin 5: 0.847032414845
    bin 6: 0.426509510754
    bin 7: 0.61996648156
-----------------------------
tt+DM bin errors:
    bin 0: 0.0
    bin 1: 2.57552480988
    bin 2: 2.10005375709
    bin 3: 1.69607079655
    bin 4: 1.29263507668
    bin 5: 1.01571816439
    bin 6: 0.716368953139
    bin 7: 0.579973437821
-----------------------------
t+DM bin errors:
    bin 0: 0.0
    bin 1: 2.69062176192
    bin 2: 2.32203179153
    bin 3: 2.02546172961
    bin 4: 1.72745886026
    bin 5: 1.35411104317
    bin 6: 1.11562267238
    bin 7: 0.884755212807
-----------------------------
ttbar pseudoscalar hist info:
    nEvents =  4129.0
    integral =  264.300674915
ZTo2Nu hist info:
    nEvents =  12.0
    integral =  0.528415288776
tbar pseudoscalar hist info:
    nEvents =  3434.0
    integral =  277.204755783
TTTo2L2Nu hist info:
    nEvents =  3216.0
    integral =  116.886169106
singleTop hist info:
    nEvents =  105.0
    integral =  17.9176209131
TTV hist info:
    nEvents =  9256.0
    integral =  6.52908916771
bkgSum hist info:
    nEvents =  13961.0
    integral =  186.980753064
TTToSemiLepton hist info:
    nEvents =  8.0
    integral =  0.638011150062
VV hist info:
    nEvents =  1069.0
    integral =  11.4233862087
QCD hist info:
    nEvents =  0.0
    integral =  0.0
ZTo2L hist info:
    nEvents =  7.0
    integral =  0.604743245989
data hist info:
    nEvents =  0.0
    integral =  0.0
WPlusJets hist info:
    nEvents =  288.0
    integral =  32.4533129334
Finished filling histograms
Creating stacked MC background histogram...
Finished stacking MC background histograms.
Drawing histograms...
Finished drawing histograms
Plotting end time: 2022-05-26 11:23:47.348312
