Plotting start time: 2021-08-26 16:26:02.679035
Cut name =  AH0lQR
MC Selection Cuts =  (nVetoElectrons + nLooseMuons) == 0 && njets >= 3 && nbjets >= 1 && METcorrected_pt >= 250 && ntaus == 0 && Flag_goodVertices && Flag_globalSuperTightHalo2016Filter && Flag_HBHENoiseFilter && Flag_HBHENoiseIsoFilter && Flag_EcalDeadCellTriggerPrimitiveFilter && Flag_BadPFMuonFilter && (HLT_PFMETNoMu120_PFMHTNoMu120_IDTight) && nfjets >= 1
Data Selection Cuts =  (nVetoElectrons + nLooseMuons) == 0 && njets >= 3 && nbjets >= 1 && METcorrected_pt >= 250 && ntaus == 0 && Flag_goodVertices && Flag_globalSuperTightHalo2016Filter && Flag_HBHENoiseFilter && Flag_HBHENoiseIsoFilter && Flag_EcalDeadCellTriggerPrimitiveFilter && Flag_BadPFMuonFilter && (HLT_PFMETNoMu120_PFMHTNoMu120_IDTight) && nfjets >= 1 && Flag_eeBadScFilter
var =  minDeltaPhi12
year =  2016
lumi =  35.92
saveDirectory =  plots/2018_QCDCR_debugging/RunII_plots/minDeltaPhi12/
date =  08_25_2021
Creating histograms..
Finished making systematic histogram dictionary
Drawing data and ratio plot...
Selected MET dataset
Loading data sample root files and event trees...
    nevents in filepath = /hdfs/store/user/vshang/MET_Run2016B/MET/ModuleCommonSkim_07152021/tree_all.root: 182912
    nevents in filepath = /hdfs/store/user/vshang/MET_Run2016C/MET/ModuleCommonSkim_07152021/tree_all.root: 80259
    nevents in filepath = /hdfs/store/user/vshang/MET_Run2016D/MET/ModuleCommonSkim_07152021/tree_all.root: 131680
    nevents in filepath = /hdfs/store/user/vshang/MET_Run2016E/MET/ModuleCommonSkim_07152021/tree_all.root: 127112
    nevents in filepath = /hdfs/store/user/vshang/MET_Run2016F/MET/ModuleCommonSkim_07152021/tree_all.root: 100492
    nevents in filepath = /hdfs/store/user/vshang/MET_Run2016G/MET/ModuleCommonSkim_07152021/tree_all.root: 234544
    nevents in filepath = /hdfs/store/user/vshang/MET_Run2016H/MET/ModuleCommonSkim_07152021/tree_all.root: 262704
    total nevents in  MET :  1119703
Got data sample root files and event trees
Loading MC sample root files and event trees...
    nevents in  ZTo2Nu   HT600To800 :  5693589
    nevents in  ZTo2Nu   HT1200To2500 :  513471
    nevents in  ZTo2Nu   HT100To200 :  24272858
    nevents in  ZTo2Nu   HT2500ToInf :  405030
    nevents in  ZTo2Nu   HT800To1200 :  2170137
    nevents in  ZTo2Nu   HT200To400 :  24761211
    nevents in  ZTo2Nu   HT400To600 :  9862869
    nevents in  tbar scalar   tWChan_Mchi1Mphi100 :  200000
    nevents in  tbar scalar   tChan_Mchi1Mphi100 :  500000
    nevents in  WW   WWTo1L1Nu2Q :  5246469
    nevents in  WW   WWTo4Q :  30324343
    nevents in  WW   WWTo2L2Nu :  1999000
    nevents in  ttbarPlusJets   TTToSemiLepton :  152669800
    nevents in  ttbarPlusJets   TTTo2L2Nu :  79140880
    nevents in  ttbar scalar   ttDM_MChi1_MPhi100_scalar :  2625075
    nevents in  ZZ   ZZTo2Q2Nu :  52855410
    nevents in  ZZ   ZZTo4L :  103121112
    nevents in  ZZ   ZZTo2L2Q :  15462693
    nevents in  ZZ   ZZTo2L2Nu :  52855410
    nevents in  ZZ   ZZTo4Q :  30636849
    nevents in  QCD   HT700To1000 :  37233786
    nevents in  QCD   HT500To700 :  62622029
    nevents in  QCD   HT2000ToInf :  5804179
    nevents in  QCD   HT1000To1500 :  15210939
    nevents in  QCD   HT1500To2000 :  11839357
    nevents in  QCD   HT100To200 :  82293477
    nevents in  QCD   HT300To500 :  54552852
    nevents in  QCD   HT200To300 :  57580393
    nevents in  WZ   WZTo2Q2Nu :  17725159
    nevents in  WZ   WZTo2L2Q :  26445785
    nevents in  WZ   WZTo3LNu :  19993200
    nevents in  WZ   WZTo1L3Nu :  1703772
    nevents in  WZ   WZTo1L1Nu2Q :  24311445
    nevents in  TTV   TTZToQQ :  749400
    nevents in  TTV   TTWJetsToLNu :  5280565
    nevents in  TTV   TTWJetsToQQ :  833298
    nevents in  TTV   TTZToLLNuNu :  13692628
    nevents in  ZTo2L   HT600To800 :  8292957
    nevents in  ZTo2L   HT1200To2500 :  596079
    nevents in  ZTo2L   HT100To200 :  11017086
    nevents in  ZTo2L   HT2500ToInf :  399492
    nevents in  ZTo2L   HT800To1200 :  2673066
    nevents in  ZTo2L   HT200To400 :  9609137
    nevents in  ZTo2L   HT400To600 :Info in <TCanvas::MakeDefCanvas>:  created default TCanvas with name c1
TFile::Append:0: RuntimeWarning: Replacing existing TH1: hist (Potential memory leak).
TFile::Append:0: RuntimeWarning: Replacing existing TH1: hist (Potential memory leak).
TFile::Append:0: RuntimeWarning: Replacing existing TH1: hist (Potential memory leak).
TFile::Append:0: RuntimeWarning: Replacing existing TH1: hist (Potential memory leak).
TFile::Append:0: RuntimeWarning: Replacing existing TH1: hist (Potential memory leak).
TFile::Append:0: RuntimeWarning: Replacing existing TH1: hist (Potential memory leak).
TFile::Append:0: RuntimeWarning: Replacing existing TH1: hist (Potential memory leak).
TFile::Append:0: RuntimeWarning: Replacing existing TH1: hist (Potential memory leak).
TFile::Append:0: RuntimeWarning: Replacing existing TH1: hist (Potential memory leak).
TFile::Append:0: RuntimeWarning: Replacing existing TH1: hist (Potential memory leak).
TFile::Append:0: RuntimeWarning: Replacing existing TH1: hist (Potential memory leak).
TFile::Append:0: RuntimeWarning: Replacing existing TH1: hist (Potential memory leak).
TFile::Append:0: RuntimeWarning: Replacing existing TH1: hist (Potential memory leak).
TFile::Append:0: RuntimeWarning: Replacing existing TH1: hist (Potential memory leak).
TFile::Append:0: RuntimeWarning: Replacing existing TH1: hist (Potential memory leak).
TFile::Append:0: RuntimeWarning: Replacing existing TH1: hist (Potential memory leak).
TFile::Append:0: RuntimeWarning: Replacing existing TH1: hist (Potential memory leak).
TFile::Append:0: RuntimeWarning: Replacing existing TH1: hist (Potential memory leak).
TFile::Append:0: RuntimeWarning: Replacing existing TH1: hist (Potential memory leak).
TFile::Append:0: RuntimeWarning: Replacing existing TH1: hist (Potential memory leak).
TFile::Append:0: RuntimeWarning: Replacing existing TH1: hist (Potential memory leak).
TFile::Append:0: RuntimeWarning: Replacing existing TH1: hist (Potential memory leak).
  9725661
    nevents in  singleTop   ST_s-channel :  1000000
    nevents in  singleTop   ST_t-channel_antitop :  38811017
    nevents in  singleTop   ST_tW_top :  6952830
    nevents in  singleTop   ST_t-channel_top :  58403420
    nevents in  singleTop   ST_tW_antitop :  6933094
    nevents in  WPlusJets   HT200To400 :  38984322
    nevents in  WPlusJets   HT70To100 :  10020533
    nevents in  WPlusJets   HT600To800 :  18687480
    nevents in  WPlusJets   HT1200To2500 :  6872441
    nevents in  WPlusJets   HT100To200 :  78043017
    nevents in  WPlusJets   HT400To600 :  7687800
    nevents in  WPlusJets   HT2500ToInf :  3285704
    nevents in  WPlusJets   HT800To1200 :  7830536
Got MC sample root files and event trees
Filling histograms...
  Dataset =  MET  ||   nEvents =  1119703
    hist nEntries =  4424.0
    hist integral =  4424.0
    hist_data nEntries =  4424.0
    hist_data integral =  4424.0
    hist nEntries =  1962.0
    hist integral =  1962.0
    hist_data nEntries =  6386.0
    hist_data integral =  6386.0
    hist nEntries =  2992.0
    hist integral =  2992.0
    hist_data nEntries =  9378.0
    hist_data integral =  9378.0
    hist nEntries =  2831.0
    hist integral =  2831.0
    hist_data nEntries =  12209.0
    hist_data integral =  12209.0
    hist nEntries =  2361.0
    hist integral =  2361.0
    hist_data nEntries =  14570.0
    hist_data integral =  14570.0
    hist nEntries =  5072.0
    hist integral =  5072.0
    hist_data nEntries =  19642.0
    hist_data integral =  19642.0
    hist nEntries =  5646.0
    hist integral =  5646.0
    hist_data nEntries =  25288.0
    hist_data integral =  25288.0
  Process =  ZTo2Nu
      Dataset =  HT600To800  ||   nEvents =  5693589
Applied ZTo2Nu qcd/ewk Weights correctly
          hist nEntries =  26759.0
          hist integral =  516.285613537
      Dataset =  HT1200To2500  ||   nEvents =  513471
Applied ZTo2Nu qcd/ewk Weights correctly
          hist nEntries =  4828.0
          hist integral =  116.254223228
      Dataset =  HT100To200  ||   nEvents =  24272858
Applied ZTo2Nu qcd/ewk Weights correctly
          hist nEntries =  11.0
          hist integral =  4.54408616782
      Dataset =  HT2500ToInf  ||   nEvents =  405030
Applied ZTo2Nu qcd/ewk Weights correctly
          hist nEntries =  2726.0
          hist integral =  2.24908280734
      Dataset =  HT800To1200  ||   nEvents =  2170137
Applied ZTo2Nu qcd/ewk Weights correctly
          hist nEntries =  15315.0
          hist integral =  349.751776218
      Dataset =  HT200To400  ||   nEvents =  24761211
Applied ZTo2Nu qcd/ewk Weights correctly
          hist nEntries =  4237.0
          hist integral =  622.128868103
      Dataset =  HT400To600  ||   nEvents =  9862869
Applied ZTo2Nu qcd/ewk Weights correctly
          hist nEntries =  20876.0
          hist integral =  1016.39128304
  Process =  tbar scalar
      Dataset =  tWChan_Mchi1Mphi100  ||   nEvents =  200000
          hist nEntries =  4320.0
          hist integral =  39.6952444911
      Dataset =  tChan_Mchi1Mphi100  ||   nEvents =  500000
          hist nEntries =  10082.0
          hist integral =  190.94107151
  Process =  WW
      Dataset =  WWTo1L1Nu2Q  ||   nEvents =  5246469
          hist nEntries =  295.0
          hist integral =  100.339117765
      Dataset =  WWTo4Q  ||   nEvents =  30324343
          hist nEntries =  17.0
          hist integral =  0.801092620939
      Dataset =  WWTo2L2Nu  ||   nEvents =  1999000
          hist nEntries =  37.0
          hist integral =  7.38493427634
  Process =  ttbarPlusJets
      Dataset =  TTToSemiLepton  ||   nEvents =  152669800
          hist nEntries =  111599.0
          hist integral =  9006.04527283
      Dataset =  TTTo2L2Nu  ||   nEvents =  79140880
          hist nEntries =  25217.0
          hist integral =  926.204159737
  Process =  ttbar scalar
      Dataset =  ttDM_MChi1_MPhi100_scalar  ||   nEvents =  2625075
          hist nEntries =  24513.0
          hist integral =  228.12164259
  Process =  ZZ
      Dataset =  ZZTo2Q2Nu  ||   nEvents =  52855410
          hisTFile::Append:0: RuntimeWarning: Replacing existing TH1: hist (Potential memory leak).
TFile::Append:0: RuntimeWarning: Replacing existing TH1: hist (Potential memory leak).
TFile::Append:0: RuntimeWarning: Replacing existing TH1: hist (Potential memory leak).
TFile::Append:0: RuntimeWarning: Replacing existing TH1: hist (Potential memory leak).
TFile::Append:0: RuntimeWarning: Replacing existing TH1: hist (Potential memory leak).
TFile::Append:0: RuntimeWarning: Replacing existing TH1: hist (Potential memory leak).
TFile::Append:0: RuntimeWarning: Replacing existing TH1: hist (Potential memory leak).
TFile::Append:0: RuntimeWarning: Replacing existing TH1: hist (Potential memory leak).
TFile::Append:0: RuntimeWarning: Replacing existing TH1: hist (Potential memory leak).
TFile::Append:0: RuntimeWarning: Replacing existing TH1: hist (Potential memory leak).
TFile::Append:0: RuntimeWarning: Replacing existing TH1: hist (Potential memory leak).
TFile::Append:0: RuntimeWarning: Replacing existing TH1: hist (Potential memory leak).
TFile::Append:0: RuntimeWarning: Replacing existing TH1: hist (Potential memory leak).
TFile::Append:0: RuntimeWarning: Replacing existing TH1: hist (Potential memory leak).
TFile::Append:0: RuntimeWarning: Replacing existing TH1: hist (Potential memory leak).
TFile::Append:0: RuntimeWarning: Replacing existing TH1: hist (Potential memory leak).
TFile::Append:0: RuntimeWarning: Replacing existing TH1: hist (Potential memory leak).
TFile::Append:0: RuntimeWarning: Replacing existing TH1: hist (Potential memory leak).
TFile::Append:0: RuntimeWarning: Replacing existing TH1: hist (Potential memory leak).
TFile::Append:0: RuntimeWarning: Replacing existing TH1: hist (Potential memory leak).
TFile::Append:0: RuntimeWarning: Replacing existing TH1: hist (Potential memory leak).
TFile::Append:0: RuntimeWarning: Replacing existing TH1: hist (Potential memory leak).
TFile::Append:0: RuntimeWarning: Replacing existing TH1: hist (Potential memory leak).
TFile::Append:0: RuntimeWarning: Replacing existing TH1: hist (Potential memory leak).
TFile::Append:0: RuntimeWarning: Replacing existing TH1: hist (Potential memory leak).
TFile::Append:0: RuntimeWarning: Replacing existing TH1: hist (Potential memory leak).
TFile::Append:0: RuntimeWarning: Replacing existing TH1: hist (Potential memory leak).
TFile::Append:0: RuntimeWarning: Replacing existing TH1: hist (Potential memory leak).
TFile::Append:0: RuntimeWarning: Replacing existing TH1: hist (Potential memory leak).
t nEntries =  1214.0
          hist integral =  3.26611117274
      Dataset =  ZZTo4L  ||   nEvents =  103121112
          hist nEntries =  70.0
          hist integral =  0.0297122081029
      Dataset =  ZZTo2L2Q  ||   nEvents =  15462693
          hist nEntries =  241.0
          hist integral =  1.81465347391
      Dataset =  ZZTo2L2Nu  ||   nEvents =  52855410
          hist nEntries =  1214.0
          hist integral =  0.455962090753
      Dataset =  ZZTo4Q  ||   nEvents =  30636849
          hist nEntries =  102.0
          hist integral =  0.772638923181
  Process =  QCD
      Dataset =  HT700To1000  ||   nEvents =  37233786
          hist nEntries =  294.0
          hist integral =  1743.00867167
      Dataset =  HT500To700  ||   nEvents =  62622029
          hist nEntries =  29.0
          hist integral =  417.928355217
      Dataset =  HT2000ToInf  ||   nEvents =  5804179
          hist nEntries =  3927.0
          hist integral =  627.359123647
      Dataset =  HT1000To1500  ||   nEvents =  15210939
          hist nEntries =  1246.0
          hist integral =  3324.36430073
      Dataset =  HT1500To2000  ||   nEvents =  11839357
          hist nEntries =  4035.0
          hist integral =  1393.65489018
      Dataset =  HT100To200  ||   nEvents =  82293477
          hist nEntries =  0.0
          hist integral =  0.0
      Dataset =  HT300To500  ||   nEvents =  54552852
          hist nEntries =  0.0
          hist integral =  0.0
      Dataset =  HT200To300  ||   nEvents =  57580393
          hist nEntries =  1.0
          hist integral =  0.80089956522
  Process =  WZ
      Dataset =  WZTo2Q2Nu  ||   nEvents =  17725159
          hist nEntries =  8499.0
          hist integral =  107.849521041
      Dataset =  WZTo2L2Q  ||   nEvents =  26445785
          hist nEntries =  521.0
          hist integral =  3.99670298398
      Dataset =  WZTo3LNu  ||   nEvents =  19993200
          hist nEntries =  177.0
          hist integral =  1.37477152422
      Dataset =  WZTo1L3Nu  ||   nEvents =  1703772
          hist nEntries =  201.0
          hist integral =  12.9113673642
      Dataset =  WZTo1L1Nu2Q  ||   nEvents =  24311445
          hist nEntries =  4555.0
          hist integral =  68.9430208206
  Process =  TTV
      Dataset =  TTZToQQ  ||   nEvents =  749400
          hist nEntries =  1433.0
          hist integral =  34.6896654963
      Dataset =  TTWJetsToLNu  ||   nEvents =  5280565
          hist nEntries =  15277.0
          hist integral =  20.1346603632
      Dataset =  TTWJetsToQQ  ||   nEvents =  833298
          hist nEntries =  2044.0
          hist integral =  33.6724131107
      Dataset =  TTZToLLNuNu  ||   nEvents =  13692628
          hist nEntries =  195086.0
          hist integral =  122.451395392
  Process =  ZTo2L
      Dataset =  HT600To800  ||   nEvents =  8292957
Applied ZTo2L qcd/ewk Weights correctly
          hist nEntries =  2632.0
          hist integral =  18.0095262527
      Dataset =  HT1200To2500  ||   nEvents =  596079
Applied ZTo2L qcd/ewk Weights correctly
          hist nEntries =  624.0
          hist integral =  6.46779873036
      Dataset =  HT100To200  ||   nEvents =  11017086
Applied ZTo2L qcd/ewk Weights correctly
          hist nEntries =  0.0
          hist integral =  0.0
      Dataset =  HT2500ToInf  ||   nEvents =  399492
Applied ZTo2L qcd/ewk Weights correctly
          hist nEntries =  436.0
          hist integral =  0.182575135143
      Dataset =  HT800To1200  ||   nEvents =  2673066
Applied ZTo2L qcd/ewk Weights correctly
          hist nEntries =  1712.0
          hist integral =  15.9355988167
      Dataset =  HT200To400  ||   nEvents =  9609137
Applied ZTo2L qcd/ewk Weights correctly
          hist nEntries =  41.0
          hist integral =  7.84009099584
      Dataset =  HT400To600  ||   nEvents =  9725661
Applied ZTo2L qcd/ewk Weights correctly
          hist nEntries =  867.0
          hist integral =  22.118231833
  Process =  singleTop
      Dataset =  ST_s-channel  ||   nEvents =  1000000
          hist nEntries =  196.0
          hist integral =  22.4TFile::Append:0: RuntimeWarning: Replacing existing TH1: hist (Potential memory leak).
TFile::Append:0: RuntimeWarning: Replacing existing TH1: hist (Potential memory leak).
TFile::Append:0: RuntimeWarning: Replacing existing TH1: hist (Potential memory leak).
TFile::Append:0: RuntimeWarning: Replacing existing TH1: hist (Potential memory leak).
TFile::Append:0: RuntimeWarning: Replacing existing TH1: hist (Potential memory leak).
TFile::Append:0: RuntimeWarning: Replacing existing TH1: hist (Potential memory leak).
TFile::Append:0: RuntimeWarning: Replacing existing TH1: hist (Potential memory leak).
TFile::Append:0: RuntimeWarning: Replacing existing TH1: hist (Potential memory leak).
TFile::Append:0: RuntimeWarning: Replacing existing TH1: hist (Potential memory leak).
TFile::Append:0: RuntimeWarning: Replacing existing TH1: hist (Potential memory leak).
TFile::Append:0: RuntimeWarning: Replacing existing TH1: hist (Potential memory leak).
TFile::Append:0: RuntimeWarning: Replacing existing TH1: hist (Potential memory leak).
40107733
      Dataset =  ST_t-channel_antitop  ||   nEvents =  38811017
          hist nEntries =  1617.0
          hist integral =  112.92854023
      Dataset =  ST_tW_top  ||   nEvents =  6952830
          hist nEntries =  2100.0
          hist integral =  368.304078579
      Dataset =  ST_t-channel_top  ||   nEvents =  58403420
          hist nEntries =  3701.0
          hist integral =  282.796227694
      Dataset =  ST_tW_antitop  ||   nEvents =  6933094
          hist nEntries =  2051.0
          hist integral =  366.369060516
  Process =  WPlusJets
      Dataset =  HT200To400  ||   nEvents =  38984322
Applied WPlusJets qcd/ewk Weights correctly
          hist nEntries =  1066.0
          hist integral =  424.147985458
      Dataset =  HT70To100  ||   nEvents =  10020533
Applied WPlusJets qcd/ewk Weights correctly
          hist nEntries =  0.0
          hist integral =  0.0
      Dataset =  HT600To800  ||   nEvents =  18687480
Applied WPlusJets qcd/ewk Weights correctly
          hist nEntries =  17417.0
          hist integral =  434.338623524
      Dataset =  HT1200To2500  ||   nEvents =  6872441
Applied WPlusJets qcd/ewk Weights correctly
          hist nEntries =  15834.0
          hist integral =  488.42198658
      Dataset =  HT100To200  ||   nEvents =  78043017
Applied WPlusJets qcd/ewk Weights correctly
          hist nEntries =  7.0
          hist integral =  3.56110700034
      Dataset =  HT400To600  ||   nEvents =  7687800
Applied WPlusJets qcd/ewk Weights correctly
          hist nEntries =  3108.0
          hist integral =  805.440778732
      Dataset =  HT2500ToInf  ||   nEvents =  3285704
Applied WPlusJets qcd/ewk Weights correctly
          hist nEntries =  5598.0
          hist integral =  2.40551287413
      Dataset =  HT800To1200  ||   nEvents =  7830536
Applied WPlusJets qcd/ewk Weights correctly
          hist nEntries =  11818.0
          hist integral =  75.9995985925
-----------------------------
Total data background nEvents =  25288.0
Total data background integral =  25288.0
-----------------------------
Total MC background nEvents =  522908.0
Total MC background integral =  24045.5652771
-----------------------------
Total tt+DM signal nEvents =  24513.0
Total tt+DM signal integral =  228.12164259
-----------------------------
Total t+DM signal nEvents =  14402.0
Total t+DM signal integral =  230.636315346
-----------------------------
FOM for tt+DM signal =  1.47112303063
FOM for t+DM signal =  1.48733978658
-----------------------------
Data bin errors:
    bin 0: 0.0
    bin 1: 93.5788437629
    bin 2: 48.4664832642
    bin 3: 38.7427412556
    bin 4: 32.3419232576
    bin 5: 27.5136329844
    bin 6: 23.5159520326
    bin 7: 22.7156333832
    bin 8: 24.7386337537
    bin 9: 27.6586333719
    bin 10: 27.946377225
    bin 11: 31.4801524774
    bin 12: 36.551333765
    bin 13: 40.5585995813
    bin 14: 44.7548880012
    bin 15: 37.1079506306
-----------------------------
MC background bin errors:
    bin 0: 0.0
    bin 1: 146.148813148
    bin 2: 56.8648205482
    bin 3: 19.7610478548
    bin 4: 12.3383441197
    bin 5: 13.7828399137
    bin 6: 9.69857311672
    bin 7: 12.7784283596
    bin 8: 13.9972035673
    bin 9: 15.2020239556
    bin 10: 25.7525294663
    bin 11: 20.9746504525
    bin 12: 24.1521695499
    bin 13: 33.7817580804
    bin 14: 25.325644522
    bin 15: 36.087786147
-----------------------------
tt+DM bin errors:
    bin 0: 0.0
    bin 1: 0.35942205822
    bin 2: 0.3426489625
    bin 3: 0.331819772903
    bin 4: 0.316560184886
    bin 5: 0.311037890323
    bin 6: 0.313412256872
    bin 7: 0.324088002695
    bin 8: 0.340512015722
    bin 9: 0.377252735163
    bin 10: 0.392800292245
    bin 11: 0.426991122239
    bin 12: 0.465464235826
    bin 13: 0.500011947201
    bin 14: 0.527303010475
    bin 15: 0.425701942278
-----------------------------
t+DM bin errors:
    bin 0: 0.0
    bin 1: 0.309314554377
    bin 2: 0.314821564735
    bin 3: 0.335402379702
    bin 4: 0.313664362074
    bin 5: 0.359018496494
    bin 6: 0.357134596716
    bin 7: 0.382126480372
    bin 8: 0.428Info in <TCanvas::Print>: png file plots/2018_QCDCR_debugging/RunII_plots/minDeltaPhi12/08_25_2021/AH0lQR2016_minDeltaPhi12_08_25_2021_gteonefjet.png has been created
554976009
    bin 9: 0.464821411373
    bin 10: 0.533774678381
    bin 11: 0.607485973317
    bin 12: 0.674059414474
    bin 13: 0.778103298771
    bin 14: 0.842882445303
    bin 15: 0.73973702321
-----------------------------
ZTo2Nu hist info:
    nEvents =  74752.0
    integral =  2627.60492706
tbar scalar hist info:
    nEvents =  14402.0
    integral =  230.636315346
TTTo2L2Nu hist info:
    nEvents =  25217.0
    integral =  926.204159737
singleTop hist info:
    nEvents =  9665.0
    integral =  1152.83801746
TTV hist info:
    nEvents =  213840.0
    integral =  210.94813633
bkgSum hist info:
    nEvents =  522908.0
    integral =  24045.5652771
ttbar scalar hist info:
    nEvents =  24513.0
    integral =  228.12164259
VV hist info:
    nEvents =  17143.0
    integral =  309.939610004
QCD hist info:
    nEvents =  9532.0
    integral =  7507.11595154
ZTo2L hist info:
    nEvents =  6312.0
    integral =  70.5538218021
data hist info:
    nEvents =  25288.0
    integral =  25288.0
WPlusJets hist info:
    nEvents =  54848.0
    integral =  2234.3155632
TTToSemiLepton hist info:
    nEvents =  111599.0
    integral =  9006.04527283
Finished filling histograms
Creating stacked MC background histogram...
Finished stacking MC background histograms.
Drawing histograms...
Finished drawing histograms
Drawing ratio plot...
Finished drawing ratio plot
Plotting end time: 2021-08-26 16:27:47.807107
