Plotting start time: 2021-03-26 14:32:17.645104
Cut name =  AH0l2bSR
MC Selection Cuts =  (nVetoElectrons + nLooseMuons) == 0 && njets >= 3 && nbjets >= 2 && METcorrected_pt >= 250 && ntaus == 0 && minDeltaPhi > 0.4 &&Flag_goodVertices && Flag_globalSuperTightHalo2016Filter && Flag_HBHENoiseFilter && Flag_HBHENoiseIsoFilter && Flag_EcalDeadCellTriggerPrimitiveFilter && Flag_BadPFMuonFilter && (HLT_PFMETNoMu120_PFMHTNoMu120_IDTight || HLT_PFMET120_PFMHT120_IDTight || HLT_PFMET170_HBHECleaned || HLT_PFMET170_BeamHaloCleaned) && minDeltaPhi12 >= 0.8 && M_Tb >= 140 && jet1p_TH_T <= 0.5
Data Selection Cuts =  (nVetoElectrons + nLooseMuons) == 0 && njets >= 3 && nbjets >= 2 && METcorrected_pt >= 250 && ntaus == 0 && minDeltaPhi > 0.4 &&Flag_goodVertices && Flag_globalSuperTightHalo2016Filter && Flag_HBHENoiseFilter && Flag_HBHENoiseIsoFilter && Flag_EcalDeadCellTriggerPrimitiveFilter && Flag_BadPFMuonFilter && (HLT_PFMETNoMu120_PFMHTNoMu120_IDTight || HLT_PFMET120_PFMHT120_IDTight || HLT_PFMET170_HBHECleaned || HLT_PFMET170_BeamHaloCleaned) && minDeltaPhi12 >= 0.8 && M_Tb >= 140 && jet1p_TH_T <= 0.5 && Flag_eeBadScFilter
var =  METcorrected_pt
year =  2016
lumi =  35.92
saveDirectory =  plots/preselect_2016/
date =  03_24_2021
Creating histograms..
Drawing data and ratio plot...
Selected ME dataset
Loading data sample root files and event trees...
   nevents in  MET :  12200239
Got data sample root files and event trees
Loading MC sample root files and event trees...
    nevents in  ZTo2Nu   HT600To800 :  5693589
    nevents in  ZTo2Nu   HT1200To2500 :  513471
    nevents in  ZTo2Nu   HT100To200 :  24272858
    nevents in  ZTo2Nu   HT2500ToInf :  405030
    nevents in  ZTo2Nu   HT800To1200 :  2170137
    nevents in  ZTo2Nu   HT200To400 :  24761211
    nevents in  ZTo2Nu   HT400To600 :  9862869
    nevents in  tbar scalar   tWChan_Mchi1Mphi100 :  200000
    nevents in  tbar scalar   tChan_Mchi1Mphi100 :  500000
    nevents in  WW   WWTo1L1Nu2Q :  5246469
    nevents in  WW   WWTo4Q :  30324343
    nevents in  WW   WWTo2L2Nu :  1999000
    nevents in  ttbarPlusJets   TTToSemiLepton :  152669800
    nevents in  ttbarPlusJets   TTTo2L2Nu :  79140880
    nevents in  ttbar scalar   ttDM_MChi1_MPhi150_scalar :  701498
    nevents in  ttbar scalar   ttDM_MChi1_MPhi100_scalar :  2625075
    nevents in  ttbar scalar   ttDM_MChi45_MPhi100_scalar :  687505
    nevents in  ttbar scalar   ttDM_MChi49_MPhi100_scalar :  694868
    nevents in  ttbar scalar   ttDM_MChi40_MPhi100_scalar :  695095
    nevents in  ttbar scalar   ttDM_MChi1_MPhi400_scalar :  591935
    nevents in  ttbar scalar   ttDM_MChi20_MPhi100_scalar :  692945
    nevents in  ttbar scalar   ttDM_MChi1_MPhi450_scalar :  582267
    nevents in  ttbar scalar   ttDM_MChi1_MPhi350_scalar :  621981
    nevents in  ttbar scalar   ttDM_MChi1_MPhi250_scalar :  657288
    nevents in  ttbar scalar   ttDM_MChi1_MPhi500_scalar :  566704
    nevents in  ttbar scalar   ttDM_MChi30_MPhi100_scalar :  674738
    nevents in  ttbar scalar   ttDM_MChi55_MPhi100_scalar :  672995
    nevents in  ttbar scalar   ttDM_MChi1_MPhi50_scalar :  2657730
    nevents in  ttbar scalar   ttDM_MChi1_MPhi300_scalar :  620040
    nevents in  ttbar scalar   ttDM_MChi51_MPhi100_scalar :  695537
    nevents in  ttbar scalar   ttDM_MChi1_MPhi200_scalar :  667423
    nevents in  ZZ   ZZTo2Q2Nu :  52855410
    nevents in  ZZ   ZZTo4L :  103121112
    nevents in  ZZ   ZZTo2L2Q :  15462693
    nevents in  ZZ   ZZTo2L2Nu :  52855410
    nevents in  ZZ   ZZTo4Q :  30636849
    nevents in  QCD   HT700To1000 :  37233786
    nevents in  QCD   HT500To700 :  62622029
    nevents in  QCD   HT2000ToInf :  5804179
    nevents in  QCD   HT1000To1500 :  15210939
    nevents in  QCD   HT1500To2000 :  11839357
    nevents in  QCD   HT100To200 :  82293477
    nevents in  QCD   HT300To500 :  54552852
    nevents in  QCD   HT200To300 :  57580393
    nevents in  WZ   WZTo2Q2Nu :  17725159
    nevents in  WZ   WZTo2L2Q :  26445785
    nevents in  WZ   WZTo3LNu :  19993200
    nevents in  WZ   WZTo1L3Nu :  1703772
    nevents in  WZ   WZTo1L1Info in <TCanvas::MakeDefCanvas>:  created default TCanvas with name c1
TFile::Append:0: RuntimeWarning: Replacing existing TH1: hist (Potential memory leak).
TFile::Append:0: RuntimeWarning: Replacing existing TH1: hist (Potential memory leak).
TFile::Append:0: RuntimeWarning: Replacing existing TH1: hist (Potential memory leak).
TFile::Append:0: RuntimeWarning: Replacing existing TH1: hist (Potential memory leak).
TFile::Append:0: RuntimeWarning: Replacing existing TH1: hist (Potential memory leak).
TFile::Append:0: RuntimeWarning: Replacing existing TH1: hist (Potential memory leak).
TFile::Append:0: RuntimeWarning: Replacing existing TH1: hist (Potential memory leak).
TFile::Append:0: RuntimeWarning: Replacing existing TH1: hist (Potential memory leak).
TFile::Append:0: RuntimeWarning: Replacing existing TH1: hist (Potential memory leak).
TFile::Append:0: RuntimeWarning: Replacing existing TH1: hist (Potential memory leak).
Nu2Q :  24311445
    nevents in  ttbar pseudoscalar   ttDM_MChi51_MPhi100_pseudo :  849943
    nevents in  ttbar pseudoscalar   ttDM_MChi1_MPhi50_pseudo :  3331566
    nevents in  ttbar pseudoscalar   ttDM_MChi55_MPhi100_pseudo :  837659
    nevents in  ttbar pseudoscalar   ttDM_MChi45_MPhi100_pseudo :  893340
    nevents in  ttbar pseudoscalar   ttDM_MChi49_MPhi100_pseudo :  854284
    nevents in  ttbar pseudoscalar   ttDM_MChi40_MPhi100_pseudo :  860907
    nevents in  ttbar pseudoscalar   ttDM_MChi1_MPhi150_pseudo :  840541
    nevents in  ttbar pseudoscalar   ttDM_MChi20_MPhi100_pseudo :  888809
    nevents in  ttbar pseudoscalar   ttDM_MChi1_MPhi500_pseudo :  739039
    nevents in  ttbar pseudoscalar   ttDM_MChi1_MPhi400_pseudo :  748579
    nevents in  ttbar pseudoscalar   ttDM_MChi1_MPhi100_pseudo :  3284035
    nevents in  ttbar pseudoscalar   ttDM_MChi30_MPhi100_pseudo :  864332
    nevents in  ttbar pseudoscalar   ttDM_MChi1_MPhi250_pseudo :  756613
    nevents in  ttbar pseudoscalar   ttDM_MChi1_MPhi200_pseudo :  806271
    nevents in  ttbar pseudoscalar   ttDM_MChi1_MPhi450_pseudo :  721165
    nevents in  ttbar pseudoscalar   ttDM_MChi1_MPhi300_pseudo :  775970
    nevents in  ttbar pseudoscalar   ttDM_MChi1_MPhi350_pseudo :  748532
    nevents in  TTV   TTZToQQ :  749400
    nevents in  TTV   TTWJetsToLNu :  5280565
    nevents in  TTV   TTWJetsToQQ :  833298
    nevents in  TTV   TTZToLLNuNu :  13692628
    nevents in  ZTo2L   HT600To800 :  8292957
    nevents in  ZTo2L   HT1200To2500 :  596079
    nevents in  ZTo2L   HT100To200 :  11017086
    nevents in  ZTo2L   HT2500ToInf :  399492
    nevents in  ZTo2L   HT800To1200 :  2673066
    nevents in  ZTo2L   HT200To400 :  9609137
    nevents in  ZTo2L   HT400To600 :  9725661
    nevents in  singleTop   ST_s-channel :  1000000
    nevents in  singleTop   ST_t-channel_antitop :  38811017
    nevents in  singleTop   ST_tW_top :  6952830
    nevents in  singleTop   ST_t-channel_top :  58403420
    nevents in  singleTop   ST_tW_antitop :  6933094
    nevents in  WPlusJets   HT200To400 :  38984322
    nevents in  WPlusJets   HT70To100 :  10020533
    nevents in  WPlusJets   HT600To800 :  18687480
    nevents in  WPlusJets   HT1200To2500 :  6872441
    nevents in  WPlusJets   HT100To200 :  78043017
    nevents in  WPlusJets   HT400To600 :  7687800
    nevents in  WPlusJets   HT2500ToInf :  3285704
    nevents in  WPlusJets   HT800To1200 :  7830536
Got MC sample root files and event trees
Filling histograms...
  Dataset =  MET  ||   nEvents =  12200239
    hist nEntries =  792.0
    hist integral =  792.0
    hist_data nEntries =  792.0
    hist_data integral =  792.0
    hist nEntries =  362.0
    hist integral =  362.0
    hist_data nEntries =  1154.0
    hist_data integral =  1154.0
    hist nEntries =  537.0
    hist integral =  537.0
    hist_data nEntries =  1691.0
    hist_data integral =  1691.0
    hist nEntries =  500.0
    hist integral =  500.0
    hist_data nEntries =  2191.0
    hist_data integral =  2191.0
    hist nEntries =  404.0
    hist integral =  404.0
    hist_data nEntries =  2595.0
    hist_data integral =  2595.0
    hist nEntries =  877.0
    hist integral =  877.0
    hist_data nEntries =  3472.0
    hist_data integral =  3472.0
    hist nEntries =  2146.0
    hist integral =  2146.0
    hist_data nEntries =  5618.0
    hist_data integral =  5618.0
  Process =  ZTo2Nu
      Dataset =  HT600To800  ||   nEvents =  5693589
Applied ZTo2Nu qcd/ewk Weights correctly
          hist nEntries =  5578.0
          hist integral =  106.893645644
      Dataset =  HT1200To2500  ||   nEvents =  513471
Applied ZTo2Nu qcd/ewk Weights correctly
          hist nEntries =  827.0
          hist integral =  19.2457222492
      Dataset =  HT100To200  ||   nEvents =  24272858
Applied ZTo2Nu qcd/ewk Weights correctly
          hist nEntries =  2.0
          hist integral =  1.14798402786
      Dataset =  HT2500ToInf  ||   nEvents =  405030
Applied ZTo2Nu qcd/ewk Weights correctly
          hist nEntries =  425.0
          hist integral =  0.348766549025
      DataTFile::Append:0: RuntimeWarning: Replacing existing TH1: hist (Potential memory leak).
TFile::Append:0: RuntimeWarning: Replacing existing TH1: hist (Potential memory leak).
TFile::Append:0: RuntimeWarning: Replacing existing TH1: hist (Potential memory leak).
TFile::Append:0: RuntimeWarning: Replacing existing TH1: hist (Potential memory leak).
TFile::Append:0: RuntimeWarning: Replacing existing TH1: hist (Potential memory leak).
TFile::Append:0: RuntimeWarning: Replacing existing TH1: hist (Potential memory leak).
TFile::Append:0: RuntimeWarning: Replacing existing TH1: hist (Potential memory leak).
TFile::Append:0: RuntimeWarning: Replacing existing TH1: hist (Potential memory leak).
TFile::Append:0: RuntimeWarning: Replacing existing TH1: hist (Potential memory leak).
TFile::Append:0: RuntimeWarning: Replacing existing TH1: hist (Potential memory leak).
TFile::Append:0: RuntimeWarning: Replacing existing TH1: hist (Potential memory leak).
TFile::Append:0: RuntimeWarning: Replacing existing TH1: hist (Potential memory leak).
TFile::Append:0: RuntimeWarning: Replacing existing TH1: hist (Potential memory leak).
TFile::Append:0: RuntimeWarning: Replacing existing TH1: hist (Potential memory leak).
TFile::Append:0: RuntimeWarning: Replacing existing TH1: hist (Potential memory leak).
TFile::Append:0: RuntimeWarning: Replacing existing TH1: hist (Potential memory leak).
TFile::Append:0: RuntimeWarning: Replacing existing TH1: hist (Potential memory leak).
TFile::Append:0: RuntimeWarning: Replacing existing TH1: hist (Potential memory leak).
TFile::Append:0: RuntimeWarning: Replacing existing TH1: hist (Potential memory leak).
TFile::Append:0: RuntimeWarning: Replacing existing TH1: hist (Potential memory leak).
TFile::Append:0: RuntimeWarning: Replacing existing TH1: hist (Potential memory leak).
TFile::Append:0: RuntimeWarning: Replacing existing TH1: hist (Potential memory leak).
TFile::Append:0: RuntimeWarning: Replacing existing TH1: hist (Potential memory leak).
TFile::Append:0: RuntimeWarning: Replacing existing TH1: hist (Potential memory leak).
TFile::Append:0: RuntimeWarning: Replacing existing TH1: hist (Potential memory leak).
TFile::Append:0: RuntimeWarning: Replacing existing TH1: hist (Potential memory leak).
TFile::Append:0: RuntimeWarning: Replacing existing TH1: hist (Potential memory leak).
TFile::Append:0: RuntimeWarning: Replacing existing TH1: hist (Potential memory leak).
set =  HT800To1200  ||   nEvents =  2170137
Applied ZTo2Nu qcd/ewk Weights correctly
          hist nEntries =  2890.0
          hist integral =  65.9873732328
      Dataset =  HT200To400  ||   nEvents =  24761211
Applied ZTo2Nu qcd/ewk Weights correctly
          hist nEntries =  1498.0
          hist integral =  210.556232415
      Dataset =  HT400To600  ||   nEvents =  9862869
Applied ZTo2Nu qcd/ewk Weights correctly
          hist nEntries =  5316.0
          hist integral =  249.101202369
  Process =  tbar scalar
      Dataset =  tWChan_Mchi1Mphi100  ||   nEvents =  200000
          hist nEntries =  1881.0
          hist integral =  16.753976807
      Dataset =  tChan_Mchi1Mphi100  ||   nEvents =  500000
          hist nEntries =  3100.0
          hist integral =  56.8975571394
  Process =  WW
      Dataset =  WWTo1L1Nu2Q  ||   nEvents =  5246469
          hist nEntries =  26.0
          hist integral =  8.57912433147
      Dataset =  WWTo4Q  ||   nEvents =  30324343
          hist nEntries =  0.0
          hist integral =  0.0
      Dataset =  WWTo2L2Nu  ||   nEvents =  1999000
          hist nEntries =  2.0
          hist integral =  0.467707782984
  Process =  ttbarPlusJets
      Dataset =  TTToSemiLepton  ||   nEvents =  152669800
          hist nEntries =  39008.0
          hist integral =  3077.54426837
      Dataset =  TTTo2L2Nu  ||   nEvents =  79140880
          hist nEntries =  6344.0
          hist integral =  229.461498827
  Process =  ttbar scalar
      Dataset =  ttDM_MChi1_MPhi150_scalar  ||   nEvents =  701498
          hist nEntries =  10036.0
          hist integral =  115.053269029
      Dataset =  ttDM_MChi1_MPhi100_scalar  ||   nEvents =  2625075
          hist nEntries =  18332.0
          hist integral =  168.824884176
      Dataset =  ttDM_MChi45_MPhi100_scalar  ||   nEvents =  687505
          hist nEntries =  4933.0
          hist integral =  180.720081389
      Dataset =  ttDM_MChi49_MPhi100_scalar  ||   nEvents =  694868
          hist nEntries =  4937.0
          hist integral =  178.252963424
      Dataset =  ttDM_MChi40_MPhi100_scalar  ||   nEvents =  695095
          hist nEntries =  4960.0
          hist integral =  173.918827295
      Dataset =  ttDM_MChi1_MPhi400_scalar  ||   nEvents =  591935
          hist nEntries =  26874.0
          hist integral =  19.6561560035
      Dataset =  ttDM_MChi20_MPhi100_scalar  ||   nEvents =  692945
          hist nEntries =  4891.0
          hist integral =  170.423110127
      Dataset =  ttDM_MChi1_MPhi450_scalar  ||   nEvents =  582267
          hist nEntries =  27541.0
          hist integral =  12.8581090868
      Dataset =  ttDM_MChi1_MPhi350_scalar  ||   nEvents =  621981
          hist nEntries =  26307.0
          hist integral =  30.287481308
      Dataset =  ttDM_MChi1_MPhi250_scalar  ||   nEvents =  657288
          hist nEntries =  20965.0
          hist integral =  57.9678128362
      Dataset =  ttDM_MChi1_MPhi500_scalar  ||   nEvents =  566704
          hist nEntries =  28011.0
          hist integral =  9.21717937291
      Dataset =  ttDM_MChi30_MPhi100_scalar  ||   nEvents =  674738
          hist nEntries =  4746.0
          hist integral =  169.448408723
      Dataset =  ttDM_MChi55_MPhi100_scalar  ||   nEvents =  672995
          hist nEntries =  12458.0
          hist integral =  2.70003292337
      Dataset =  ttDM_MChi1_MPhi50_scalar  ||   nEvents =  2657730
          hist nEntries =  6267.0
          hist integral =  243.003840923
      Dataset =  ttDM_MChi1_MPhi300_scalar  ||   nEvents =  620040
          hist nEntries =  23823.0
          hist integral =  41.3731626272
      Dataset =  ttDM_MChi51_MPhi100_scalar  ||   nEvents =  695537
          hist nEntries =  9714.0
          hist integral =  4.08384322748
      Dataset =  ttDM_MChi1_MPhi200_scalar  ||   nEvents =  667423
          hist nEntries =  15676.0
          hist integral =  82.1019554138
  Process =  ZZ
      Dataset =  ZZTo2Q2Nu  ||   nEvents =  52855410
          hist nEntries =  203.0
          hist integral =  0.5539680121
      Dataset =  ZZTo4L  ||   nEvTFile::Append:0: RuntimeWarning: Replacing existing TH1: hist (Potential memory leak).
TFile::Append:0: RuntimeWarning: Replacing existing TH1: hist (Potential memory leak).
TFile::Append:0: RuntimeWarning: Replacing existing TH1: hist (Potential memory leak).
TFile::Append:0: RuntimeWarning: Replacing existing TH1: hist (Potential memory leak).
TFile::Append:0: RuntimeWarning: Replacing existing TH1: hist (Potential memory leak).
TFile::Append:0: RuntimeWarning: Replacing existing TH1: hist (Potential memory leak).
TFile::Append:0: RuntimeWarning: Replacing existing TH1: hist (Potential memory leak).
TFile::Append:0: RuntimeWarning: Replacing existing TH1: hist (Potential memory leak).
TFile::Append:0: RuntimeWarning: Replacing existing TH1: hist (Potential memory leak).
TFile::Append:0: RuntimeWarning: Replacing existing TH1: hist (Potential memory leak).
TFile::Append:0: RuntimeWarning: Replacing existing TH1: hist (Potential memory leak).
TFile::Append:0: RuntimeWarning: Replacing existing TH1: hist (Potential memory leak).
TFile::Append:0: RuntimeWarning: Replacing existing TH1: hist (Potential memory leak).
TFile::Append:0: RuntimeWarning: Replacing existing TH1: hist (Potential memory leak).
TFile::Append:0: RuntimeWarning: Replacing existing TH1: hist (Potential memory leak).
TFile::Append:0: RuntimeWarning: Replacing existing TH1: hist (Potential memory leak).
TFile::Append:0: RuntimeWarning: Replacing existing TH1: hist (Potential memory leak).
TFile::Append:0: RuntimeWarning: Replacing existing TH1: hist (Potential memory leak).
TFile::Append:0: RuntimeWarning: Replacing existing TH1: hist (Potential memory leak).
TFile::Append:0: RuntimeWarning: Replacing existing TH1: hist (Potential memory leak).
TFile::Append:0: RuntimeWarning: Replacing existing TH1: hist (Potential memory leak).
TFile::Append:0: RuntimeWarning: Replacing existing TH1: hist (Potential memory leak).
TFile::Append:0: RuntimeWarning: Replacing existing TH1: hist (Potential memory leak).
TFile::Append:0: RuntimeWarning: Replacing existing TH1: hist (Potential memory leak).
TFile::Append:0: RuntimeWarning: Replacing existing TH1: hist (Potential memory leak).
TFile::Append:0: RuntimeWarning: Replacing existing TH1: hist (Potential memory leak).
TFile::Append:0: RuntimeWarning: Replacing existing TH1: hist (Potential memory leak).
TFile::Append:0: RuntimeWarning: Replacing existing TH1: hist (Potential memory leak).
TFile::Append:0: RuntimeWarning: Replacing existing TH1: hist (Potential memory leak).
TFile::Append:0: RuntimeWarning: Replacing existing TH1: hist (Potential memory leak).
TFile::Append:0: RuntimeWarning: Replacing existing TH1: hist (Potential memory leak).
ents =  103121112
          hist nEntries =  3.0
          hist integral =  0.00170516248909
      Dataset =  ZZTo2L2Q  ||   nEvents =  15462693
          hist nEntries =  38.0
          hist integral =  0.258927125484
      Dataset =  ZZTo2L2Nu  ||   nEvents =  52855410
          hist nEntries =  203.0
          hist integral =  0.0773361256288
      Dataset =  ZZTo4Q  ||   nEvents =  30636849
          hist nEntries =  1.0
          hist integral =  0.00723159639165
  Process =  QCD
      Dataset =  HT700To1000  ||   nEvents =  37233786
          hist nEntries =  3.0
          hist integral =  16.9515571594
      Dataset =  HT500To700  ||   nEvents =  62622029
          hist nEntries =  0.0
          hist integral =  0.0
      Dataset =  HT2000ToInf  ||   nEvents =  5804179
          hist nEntries =  25.0
          hist integral =  4.08205971122
      Dataset =  HT1000To1500  ||   nEvents =  15210939
          hist nEntries =  2.0
          hist integral =  5.03990459442
      Dataset =  HT1500To2000  ||   nEvents =  11839357
          hist nEntries =  8.0
          hist integral =  2.79397386964
      Dataset =  HT100To200  ||   nEvents =  82293477
          hist nEntries =  0.0
          hist integral =  0.0
      Dataset =  HT300To500  ||   nEvents =  54552852
          hist nEntries =  0.0
          hist integral =  0.0
      Dataset =  HT200To300  ||   nEvents =  57580393
          hist nEntries =  0.0
          hist integral =  0.0
  Process =  WZ
      Dataset =  WZTo2Q2Nu  ||   nEvents =  17725159
          hist nEntries =  1009.0
          hist integral =  12.6502925903
      Dataset =  WZTo2L2Q  ||   nEvents =  26445785
          hist nEntries =  13.0
          hist integral =  0.0730651781196
      Dataset =  WZTo3LNu  ||   nEvents =  19993200
          hist nEntries =  10.0
          hist integral =  0.0568320847815
      Dataset =  WZTo1L3Nu  ||   nEvents =  1703772
          hist nEntries =  22.0
          hist integral =  1.24926573364
      Dataset =  WZTo1L1Nu2Q  ||   nEvents =  24311445
          hist nEntries =  1223.0
          hist integral =  17.8441632614
  Process =  ttbar pseudoscalar
      Dataset =  ttDM_MChi51_MPhi100_pseudo  ||   nEvents =  849943
          hist nEntries =  21573.0
          hist integral =  15.2151677459
      Dataset =  ttDM_MChi1_MPhi50_pseudo  ||   nEvents =  3331566
          hist nEntries =  56237.0
          hist integral =  174.300193667
      Dataset =  ttDM_MChi55_MPhi100_pseudo  ||   nEvents =  837659
          hist nEntries =  24470.0
          hist integral =  6.80538593978
      Dataset =  ttDM_MChi45_MPhi100_pseudo  ||   nEvents =  893340
          hist nEntries =  20309.0
          hist integral =  148.728785276
      Dataset =  ttDM_MChi49_MPhi100_pseudo  ||   nEvents =  854284
          hist nEntries =  19441.0
          hist integral =  146.55284512
      Dataset =  ttDM_MChi40_MPhi100_pseudo  ||   nEvents =  860907
          hist nEntries =  19587.0
          hist integral =  147.894833922
      Dataset =  ttDM_MChi1_MPhi150_pseudo  ||   nEvents =  840541
          hist nEntries =  23664.0
          hist integral =  119.865898013
      Dataset =  ttDM_MChi20_MPhi100_pseudo  ||   nEvents =  888809
          hist nEntries =  20255.0
          hist integral =  148.011123776
      Dataset =  ttDM_MChi1_MPhi500_pseudo  ||   nEvents =  739039
          hist nEntries =  36033.0
          hist integral =  9.70067611337
      Dataset =  ttDM_MChi1_MPhi400_pseudo  ||   nEvents =  748579
          hist nEntries =  33408.0
          hist integral =  18.8778832853
      Dataset =  ttDM_MChi1_MPhi100_pseudo  ||   nEvents =  3284035
          hist nEntries =  75241.0
          hist integral =  148.996714473
      Dataset =  ttDM_MChi30_MPhi100_pseudo  ||   nEvents =  864332
          hist nEntries =  19777.0
          hist integral =  148.618337154
      Dataset =  ttDM_MChi1_MPhi250_pseudo  ||   nEvents =  756613
          hist nEntries =  27479.0
          hist integral =  73.714630127
      Dataset =  ttDM_MChi1_MPhi200_pseudo  ||   nEvents =  806271
          hist TFile::Append:0: RuntimeWarning: Replacing existing TH1: hist (Potential memory leak).
TFile::Append:0: RuntimeWarning: Replacing existing TH1: hist (Potential memory leak).
TFile::Append:0: RuntimeWarning: Replacing existing TH1: hist (Potential memory leak).
TFile::Append:0: RuntimeWarning: Replacing existing TH1: hist (Potential memory leak).
TFile::Append:0: RuntimeWarning: Replacing existing TH1: hist (Potential memory leak).
TFile::Append:0: RuntimeWarning: Replacing existing TH1: hist (Potential memory leak).
TFile::Append:0: RuntimeWarning: Replacing existing TH1: hist (Potential memory leak).
TFile::Append:0: RuntimeWarning: Replacing existing TH1: hist (Potential memory leak).
TFile::Append:0: RuntimeWarning: Replacing existing TH1: hist (Potential memory leak).
TFile::Append:0: RuntimeWarning: Replacing existing TH1: hist (Potential memory leak).
TFile::Append:0: RuntimeWarning: Replacing existing TH1: hist (Potential memory leak).
TFile::Append:0: RuntimeWarning: Replacing existing TH1: hist (Potential memory leak).
TFile::Append:0: RuntimeWarning: Replacing existing TH1: hist (Potential memory leak).
TFile::Append:0: RuntimeWarning: Replacing existing TH1: hist (Potential memory leak).
TFile::Append:0: RuntimeWarning: Replacing existing TH1: hist (Potential memory leak).
TFile::Append:0: RuntimeWarning: Replacing existing TH1: hist (Potential memory leak).
TFile::Append:0: RuntimeWarning: Replacing existing TH1: hist (Potential memory leak).
TFile::Append:0: RuntimeWarning: Replacing existing TH1: hist (Potential memory leak).
TFile::Append:0: RuntimeWarning: Replacing existing TH1: hist (Potential memory leak).
TFile::Append:0: RuntimeWarning: Replacing existing TH1: hist (Potential memory leak).
TFile::Append:0: RuntimeWarning: Replacing existing TH1: hist (Potential memory leak).
TFile::Append:0: RuntimeWarning: Replacing existing TH1: hist (Potential memory leak).
TFile::Append:0: RuntimeWarning: Replacing existing TH1: hist (Potential memory leak).
TFile::Append:0: RuntimeWarning: Replacing existing TH1: hist (Potential memory leak).
TFile::Append:0: RuntimeWarning: Replacing existing TH1: hist (Potential memory leak).
TFile::Append:0: RuntimeWarning: Replacing existing TH1: hist (Potential memory leak).
nEntries =  26399.0
          hist integral =  96.4906753302
      Dataset =  ttDM_MChi1_MPhi450_pseudo  ||   nEvents =  721165
          hist nEntries =  33703.0
          hist integral =  13.0370391607
      Dataset =  ttDM_MChi1_MPhi300_pseudo  ||   nEvents =  775970
          hist nEntries =  31033.0
          hist integral =  57.78439188
      Dataset =  ttDM_MChi1_MPhi350_pseudo  ||   nEvents =  748532
          hist nEntries =  31589.0
          hist integral =  34.7190829515
  Process =  TTV
      Dataset =  TTZToQQ  ||   nEvents =  749400
          hist nEntries =  460.0
          hist integral =  10.8517940342
      Dataset =  TTWJetsToLNu  ||   nEvents =  5280565
          hist nEntries =  7948.0
          hist integral =  10.3189215772
      Dataset =  TTWJetsToQQ  ||   nEvents =  833298
          hist nEntries =  371.0
          hist integral =  6.00756521896
      Dataset =  TTZToLLNuNu  ||   nEvents =  13692628
          hist nEntries =  130338.0
          hist integral =  80.4616948366
  Process =  ZTo2L
      Dataset =  HT600To800  ||   nEvents =  8292957
Applied ZTo2L qcd/ewk Weights correctly
          hist nEntries =  103.0
          hist integral =  0.702467205003
      Dataset =  HT1200To2500  ||   nEvents =  596079
Applied ZTo2L qcd/ewk Weights correctly
          hist nEntries =  11.0
          hist integral =  0.112095742486
      Dataset =  HT100To200  ||   nEvents =  11017086
Applied ZTo2L qcd/ewk Weights correctly
          hist nEntries =  0.0
          hist integral =  0.0
      Dataset =  HT2500ToInf  ||   nEvents =  399492
Applied ZTo2L qcd/ewk Weights correctly
          hist nEntries =  9.0
          hist integral =  0.00410493776144
      Dataset =  HT800To1200  ||   nEvents =  2673066
Applied ZTo2L qcd/ewk Weights correctly
          hist nEntries =  38.0
          hist integral =  0.368367486633
      Dataset =  HT200To400  ||   nEvents =  9609137
Applied ZTo2L qcd/ewk Weights correctly
          hist nEntries =  9.0
          hist integral =  1.50307544321
      Dataset =  HT400To600  ||   nEvents =  9725661
Applied ZTo2L qcd/ewk Weights correctly
          hist nEntries =  75.0
          hist integral =  1.73489296797
  Process =  singleTop
      Dataset =  ST_s-channel  ||   nEvents =  1000000
          hist nEntries =  57.0
          hist integral =  6.53230794519
      Dataset =  ST_t-channel_antitop  ||   nEvents =  38811017
          hist nEntries =  220.0
          hist integral =  15.0220632516
      Dataset =  ST_tW_top  ||   nEvents =  6952830
          hist nEntries =  635.0
          hist integral =  108.037466884
      Dataset =  ST_t-channel_top  ||   nEvents =  58403420
          hist nEntries =  443.0
          hist integral =  32.6626814008
      Dataset =  ST_tW_antitop  ||   nEvents =  6933094
          hist nEntries =  601.0
          hist integral =  104.622180782
  Process =  WPlusJets
      Dataset =  HT200To400  ||   nEvents =  38984322
Applied WPlusJets qcd/ewk Weights correctly
          hist nEntries =  215.0
          hist integral =  78.945902437
      Dataset =  HT70To100  ||   nEvents =  10020533
Applied WPlusJets qcd/ewk Weights correctly
          hist nEntries =  0.0
          hist integral =  0.0
      Dataset =  HT600To800  ||   nEvents =  18687480
Applied WPlusJets qcd/ewk Weights correctly
          hist nEntries =  1987.0
          hist integral =  49.8664663732
      Dataset =  HT1200To2500  ||   nEvents =  6872441
Applied WPlusJets qcd/ewk Weights correctly
          hist nEntries =  1499.0
          hist integral =  47.9953856468
      Dataset =  HT100To200  ||   nEvents =  78043017
Applied WPlusJets qcd/ewk Weights correctly
          hist nEntries =  3.0
          hist integral =  2.39377373457
      Dataset =  HT400To600  ||   nEvents =  7687800
Applied WPlusJets qcd/ewk Weights correctly
          hist nEntries =  412.0
          hist integral =  103.936502934
      Dataset =  HT2500ToInf  ||   nEvents =  3285704
Applied WPlusJets qcd/ewk Weights correctly
          hist nEntries =  378.0
          hist integral =  0.165273943217
      DaTFile::Append:0: RuntimeWarning: Replacing existing TH1: hist (Potential memory leak).
taset =  HT800To1200  ||   nEvents =  7830536
Applied WPlusJets qcd/ewk Weights correctly
          hist nEntries =  1208.0
          hist integral =  7.97308682278
-----------------------------
Total data background nEvents =  5618.0
Total data background integral =  5618.0
-----------------------------
Total MC background nEvents =  211699.0
Total MC background integral =  4701.19186687
-----------------------------
Total tt+DM signal nEvents =  250471.0
Total tt+DM signal integral =  1659.89107609
-----------------------------
Total t+DM signal nEvents =  4981.0
Total t+DM signal integral =  73.6515339017
-----------------------------
FOM for tt+DM signal =  24.2089304091
FOM for t+DM signal =  1.07418184508
-----------------------------
Finished filling histograms
Creating stacked MC background histogram...
Finished stacking MC background histograms.
Creating binned histogram root files...
--------------------------
    Bin 1
    ---------
    bkgSum bin 1: 1563.90429688
    QCD bin 1: 23.3030014038
    ZTo2L bin 1: 1.17116081715
    VV bin 1: 9.2823009491
    singleTop bin 1: 77.7312927246
    WPlusJets bin 1: 78.059211731
    TTV bin 1: 21.8281269073
    TTTo2L2Nu bin 1: 85.0637893677
    TTToSemiLepton bin 1: 1099.6505127
    ZTo2Nu bin 1: 167.814941406
    TTbarSL bin 1: 1206.54260254
    data_obs bin 1: 1873.0
    ttDM_MChi1_MPhi150_scalar bin 1: 21.9376506805
    ttDM_MChi1_MPhi100_scalar bin 1: 37.7051811218
    ttDM_MChi45_MPhi100_scalar bin 1: 39.8066329956
    ttDM_MChi49_MPhi100_scalar bin 1: 38.1662940979
    ttDM_MChi40_MPhi100_scalar bin 1: 37.9638290405
    ttDM_MChi1_MPhi400_scalar bin 1: 2.28697514534
    ttDM_MChi20_MPhi100_scalar bin 1: 37.7241020203
    ttDM_MChi1_MPhi450_scalar bin 1: 1.44798457623
    ttDM_MChi1_MPhi350_scalar bin 1: 3.62608861923
    ttDM_MChi1_MPhi250_scalar bin 1: 8.62829780579
    ttDM_MChi1_MPhi500_scalar bin 1: 1.00045895576
    ttDM_MChi30_MPhi100_scalar bin 1: 38.2605285645
    ttDM_MChi55_MPhi100_scalar bin 1: 0.45058786869
    ttDM_MChi1_MPhi50_scalar bin 1: 57.7472305298
    ttDM_MChi1_MPhi300_scalar bin 1: 5.50744152069
    ttDM_MChi51_MPhi100_scalar bin 1: 0.718146920204
    ttDM_MChi1_MPhi200_scalar bin 1: 13.5510158539
    ttDM_MChi51_MPhi100_pseudo bin 1: 2.61002445221
    ttDM_MChi1_MPhi50_pseudo bin 1: 32.1324195862
    ttDM_MChi55_MPhi100_pseudo bin 1: 1.0646173954
    ttDM_MChi45_MPhi100_pseudo bin 1: 26.7095909119
    ttDM_MChi49_MPhi100_pseudo bin 1: 25.6205825806
    ttDM_MChi40_MPhi100_pseudo bin 1: 26.1708641052
    ttDM_MChi1_MPhi150_pseudo bin 1: 19.2221336365
    ttDM_MChi20_MPhi100_pseudo bin 1: 26.1503772736
    ttDM_MChi1_MPhi500_pseudo bin 1: 1.10504066944
    ttDM_MChi1_MPhi400_pseudo bin 1: 2.3120765686
    ttDM_MChi1_MPhi100_pseudo bin 1: 26.1848316193
    ttDM_MChi30_MPhi100_pseudo bin 1: 26.0527667999
    ttDM_MChi1_MPhi250_pseudo bin 1: 10.2546653748
    ttDM_MChi1_MPhi200_pseudo bin 1: 14.4980678558
    ttDM_MChi1_MPhi450_pseudo bin 1: 1.50483262539
    ttDM_MChi1_MPhi300_pseudo bin 1: 7.69061326981
    ttDM_MChi1_MPhi350_pseudo bin 1: 4.33468723297
    tDM_MChi1_MPhi100_scalar bin 1: 13.1127128601
    tttDM_MChi1_MPhi100_scalar bin 1: 50.8178939819
--------------------------
    Bin 2
    ---------
    bkgSum bin 2: 984.37298584
    QCD bin 2: 2.63957834244
    ZTo2L bin 2: 1.58258271217
    VV bin 2: 7.60357761383
    singleTop bin 2: 50.5049514771
    WPlusJets bin 2: 59.4408569336
    TTV bin 2: 17.1768074036
    TTTo2L2Nu bin 2: 47.2045135498
    TTToSemiLepton bin 2: 677.512145996
    ZTo2Nu bin 2: 120.707931519
    TTbarSL bin 2: 741.893432617
    data_obs bin 2: 1197.0
    ttDM_MChi1_MPhi150_scalar bin 2: 17.5855979919
    ttDM_MChi1_MPhi100_scalar bin 2: 28.2500476837
    ttDM_MChi45_MPhi100_scalar bin 2: 30.6382236481
    ttDM_MChi49_MPhi100_scalar bin 2: 30.1774902344
    ttDM_MChi40_MPhi100_scalar bin 2: 30.000957489
    ttDM_MChi1_MPhi400_scalar bin 2: 2.15306615829
    ttDM_MChi20_MPhi100_scalar bin 2: 26.6777534485
    ttDM_MChi1_MPhi450_scalar bin 2: 1.36794137955
    ttDM_MChi1_MPhi350_scalar bin 2: 3.40415477753
    ttDM_MChi1_MPhi250_scalar bin 2: 7.34401416779
    ttDM_MChi1_MPhi500_scalar bin 2: 0.937440574169
    ttDM_MChi30_MPhi100_scalar bin 2: 29.8268756866
    ttDM_MChi55_MPhi100_scalar bin 2: 0.39391130209
    ttDM_MChi1_MPhi50_scalar bin 2: 46.6568489075
    ttDM_MChi1_MPhi300_scalar bin 2: 5.06173610687
    ttDM_MChi51_MPhi100_scalar bin 2: 0.601587474346
    ttDM_MChi1_MPhi200_scalar bin 2: 11.1670026779
    ttDM_MChi51_MPhi100_pseudo bin 2: 2.17101764679
    ttDM_MChi1_MPhi50_pseudo bin 2: 27.1996002197
    ttDM_MChi55_MPhi100_pseudo bin 2: 0.941325545311
    ttDM_MChi45_MPhi100_pseudo bin 2: 21.4822559357
    ttDM_MChi49_MPhi100_pseudo bin 2: 21.9391746521
    ttDM_MChi40_MPhi100_pseudo bin 2: 20.9133758545
    ttDM_MChi1_MPhi150_pseudo bin 2: 17.0320682526
    ttDM_MChi20_MPhi100_pseudo bin 2: 22.0092124939
    ttDM_MChi1_MPhi500_pseudo bin 2: 1.00572609901
    ttDM_MChi1_MPhi400_pseudo bin 2: 2.16935539246
    ttDM_MChi1_MPhi100_pseudo bin 2: 22.3551464081
    ttDM_MChi30_MPhi100_pseudo bin 2: 21.85846138
    ttDM_MChi1_MPhi250_pseudo bin 2: 9.35824394226
    ttDM_MChi1_MPhi200_pseudo bin 2: 12.442027092
    ttDM_MChi1_MPhi450_pseudo bin 2: 1.43104469776
    ttDM_MChi1_MPhi300_pseudo bin 2: 7.02198648453
    ttDM_MChi1_MPhi350_pseudo bin 2: 4.0016169548
    tDM_MChi1_MPhi100_scalar bin 2: 10.580783844
    tttDM_MChi1_MPhi100_scalar bin 2: 38.8308334351
--------------------------
    Bin 3
    ---------
    bkgSum bin 3: 664.047851562
    QCD bin 3: 0.671255350113
    ZTo2L bin 3: 0.570513963699
    VV bin 3: 5.67834949493
    singleTop bin 3: 40.3534088135
    WPlusJets bin 3: 41.3436203003
    TTV bin 3: 13.9100933075
    TTTo2L2Nu bin 3: 32.3909111023
    TTToSemiLepton bin 3: 441.931976318
    ZTo2Nu bin 3: 87.1977386475
    TTbarSL bin 3: 488.233001709
    data_obs bin 3: 770.0
    ttDM_MChi1_MPhi150_scalar bin 3: 14.494717598
    ttDM_MChi1_MPhi100_scalar bin 3: 21.2361660004
    ttDM_MChi45_MPhi100_scalar bin 3: 23.9658718109
    ttDM_MChi49_MPhi100_scalar bin 3: 23.0944671631
    ttDM_MChi40_MPhi100_scalar bin 3: 22.0582389832
    ttDM_MChi1_MPhi400_scalar bin 3: 1.89004182816
    ttDM_MChi20_MPhi100_scalar bin 3: 22.2422561646
    ttDM_MChi1_MPhi450_scalar bin 3: 1.16847801208
    ttDM_MChi1_MPhi350_scalar bin 3: 3.12589669228
    ttDM_MChi1_MPhi250_scalar bin 3: 6.50613069534
    ttDM_MChi1_MPhi500_scalar bin 3: 0.816002309322
    ttDM_MChi30_MPhi100_scalar bin 3: 21.6780586243
    ttDM_MChi55_MPhi100_scalar bin 3: 0.319063037634
    ttDM_MChi1_MPhi50_scalar bin 3: 32.1455497742
    ttDM_MChi1_MPhi300_scalar bin 3: 4.35333871841
    ttDM_MChi51_MPhi100_scalar bin 3: 0.498868554831
    ttDM_MChi1_MPhi200_scalar bin 3: 9.52614402771
    ttDM_MChi51_MPhi100_pseudo bin 3: 1.79201686382
    ttDM_MChi1_MPhi50_pseudo bin 3: 21.7376365662
    ttDM_MChi55_MPhi100_pseudo bin 3: 0.774810492992
    ttDM_MChi45_MPhi100_pseudo bin 3: 18.4843711853
    ttDM_MChi49_MPhi100_pseudo bin 3: 18.1726264954
    ttDM_MChi40_MPhi100_pseudo bin 3: 18.5291614532
    ttDM_MChi1_MPhi150_pseudo bin 3: 14.2621707916
    ttDM_MChi20_MPhi100_pseudo bin 3: 18.245141983
    ttDM_MChi1_MPhi500_pseudo bin 3: 0.937212824821
    ttDM_MChi1_MPhi400_pseudo bin 3: 1.90549194813
    ttDM_MChi1_MPhi100_pseudo bin 3: 17.8982696533
    ttDM_MChi30_MPhi100_pseudo bin 3: 18.0189189911
    ttDM_MChi1_MPhi250_pseudo bin 3: 8.28495025635
    ttDM_MChi1_MPhi200_pseudo bin 3: 11.150888443
    ttDM_MChi1_MPhi450_pseudo bin 3: 1.28606903553
    ttDM_MChi1_MPhi300_pseudo bin 3: 6.14038848877
    ttDM_MChi1_MPhi350_pseudo bin 3: 3.66311907768
    tDM_MChi1_MPhi100_scalar bin 3: 8.80631446838
    tttDM_MChi1_MPhi100_scalar bin 3: 30.0424804688
--------------------------
    Bin 4
    ---------
    bkgSum bin 4: 442.475006104
    QCD bin 4: 0.164064526558
    ZTo2L bin 4: 0.260899245739
    VV bin 4: 4.08198547363
    singleTop bin 4: 28.5875816345
    WPlusJets bin 4: 32.0347175598
    TTV bin 4: 10.4434289932
    TTTo2L2Nu bin 4: 20.8818225861
    TTToSemiLepton bin 4: 277.944366455
    ZTo2Nu bin 4: 68.076133728
    TTbarSL bin 4: 309.269592285
    data_obs bin 4: 498.0
    ttDM_MChi1_MPhi150_scalar bin 4: 11.8195476532
    ttDM_MChi1_MPhi100_scalar bin 4: 17.3540802002
    ttDM_MChi45_MPhi100_scalar bin 4: 19.62266922
    ttDM_MChi49_MPhi100_scalar bin 4: 18.2916049957
    ttDM_MChi40_MPhi100_scalar bin 4: 17.8468513489
    ttDM_MChi1_MPhi400_scalar bin 4: 1.75291693211
    ttDM_MChi20_MPhi100_scalar bin 4: 17.1872673035
    ttDM_MChi1_MPhi450_scalar bin 4: 1.12157046795
    ttDM_MChi1_MPhi350_scalar bin 4: 2.82188010216
    ttDM_MChi1_MPhi250_scalar bin 4: 5.62959241867
    ttDM_MChi1_MPhi500_scalar bin 4: 0.781659424305
    ttDM_MChi30_MPhi100_scalar bin 4: 15.6987333298
    ttDM_MChi55_MPhi100_scalar bin 4: 0.251423925161
    ttDM_MChi1_MPhi50_scalar bin 4: 25.3199691772
    ttDM_MChi1_MPhi300_scalar bin 4: 3.79558324814
    ttDM_MChi51_MPhi100_scalar bin 4: 0.419598311186
    ttDM_MChi1_MPhi200_scalar bin 4: 7.97000980377
    ttDM_MChi51_MPhi100_pseudo bin 4: 1.51012670994
    ttDM_MChi1_MPhi50_pseudo bin 4: 17.4330482483
    ttDM_MChi55_MPhi100_pseudo bin 4: 0.686603367329
    ttDM_MChi45_MPhi100_pseudo bin 4: 15.3284912109
    ttDM_MChi49_MPhi100_pseudo bin 4: 14.8101625443
    ttDM_MChi40_MPhi100_pseudo bin 4: 14.9822673798
    ttDM_MChi1_MPhi150_pseudo bin 4: 12.5411109924
    ttDM_MChi20_MPhi100_pseudo bin 4: 14.962931633
    ttDM_MChi1_MPhi500_pseudo bin 4: 0.843253314495
    ttDM_MChi1_MPhi400_pseudo bin 4: 1.68347358704
    ttDM_MChi1_MPhi100_pseudo bin 4: 15.1723747253
    ttDM_MChi30_MPhi100_pseudo bin 4: 15.0661649704
    ttDM_MChi1_MPhi250_pseudo bin 4: 7.12894392014
    ttDM_MChi1_MPhi200_pseudo bin 4: 9.57379722595
    ttDM_MChi1_MPhi450_pseudo bin 4: 1.16662430763
    ttDM_MChi1_MPhi300_pseudo bin 4: 5.34220933914
    ttDM_MChi1_MPhi350_pseudo bin 4: 3.20992732048
    tDM_MChi1_MPhi100_scalar bin 4: 6.94134998322
    tttDM_MChi1_MPhi100_scalar bin 4: 24.2954292297
--------------------------
    Bin 5
    ---------
    bkgSum bin 5: 301.965087891
    QCD bin 5: 0.762721955776
    ZTo2L bin 5: 0.229663535953
    VV bin 5: 2.81814336777
    singleTop bin 5: 17.7156925201
    WPlusJets bin 5: 21.0380077362
    TTV bin 5: 8.36849498749
    TTTo2L2Nu bin 5: 14.5021343231
    TTToSemiLepton bin 5: 191.898376465
    ZTo2Nu bin 5: 44.6318473816
    TTbarSL bin 5: 214.769012451
    data_obs bin 5: 355.0
    ttDM_MChi1_MPhi150_scalar bin 5: 9.38031768799
    ttDM_MChi1_MPhi100_scalar bin 5: 12.6793851852
    ttDM_MChi45_MPhi100_scalar bin 5: 14.3636131287
    ttDM_MChi49_MPhi100_scalar bin 5: 14.3187866211
    ttDM_MChi40_MPhi100_scalar bin 5: 13.6900606155
    ttDM_MChi1_MPhi400_scalar bin 5: 1.53292691708
    ttDM_MChi20_MPhi100_scalar bin 5: 13.8508262634
    ttDM_MChi1_MPhi450_scalar bin 5: 0.967239737511
    ttDM_MChi1_MPhi350_scalar bin 5: 2.40769743919
    ttDM_MChi1_MPhi250_scalar bin 5: 4.69315242767
    ttDM_MChi1_MPhi500_scalar bin 5: 0.708366155624
    ttDM_MChi30_MPhi100_scalar bin 5: 13.1763267517
    ttDM_MChi55_MPhi100_scalar bin 5: 0.229888394475
    ttDM_MChi1_MPhi50_scalar bin 5: 17.6863365173
    ttDM_MChi1_MPhi300_scalar bin 5: 3.52811598778
    ttDM_MChi51_MPhi100_scalar bin 5: 0.322216361761
    ttDM_MChi1_MPhi200_scalar bin 5: 6.79098653793
    ttDM_MChi51_MPhi100_pseudo bin 5: 1.24820840359
    ttDM_MChi1_MPhi50_pseudo bin 5: 14.1636829376
    ttDM_MChi55_MPhi100_pseudo bin 5: 0.553494572639
    ttDM_MChi45_MPhi100_pseudo bin 5: 11.9131660461
    ttDM_MChi49_MPhi100_pseudo bin 5: 12.6076917648
    ttDM_MChi40_MPhi100_pseudo bin 5: 12.1347703934
    ttDM_MChi1_MPhi150_pseudo bin 5: 9.75554943085
    ttDM_MChi20_MPhi100_pseudo bin 5: 12.1505203247
    ttDM_MChi1_MPhi500_pseudo bin 5: 0.739185154438
    ttDM_MChi1_MPhi400_pseudo bin 5: 1.47573316097
    ttDM_MChi1_MPhi100_pseudo bin 5: 12.6027364731
    ttDM_MChi30_MPhi100_pseudo bin 5: 12.890209198
    ttDM_MChi1_MPhi250_pseudo bin 5: 6.1503071785
    ttDM_MChi1_MPhi200_pseudo bin 5: 8.20290374756
    ttDM_MChi1_MPhi450_pseudo bin 5: 1.01427257061
    ttDM_MChi1_MPhi300_pseudo bin 5: 4.69333124161
    ttDM_MChi1_MPhi350_pseudo bin 5: 2.75947737694
    tDM_MChi1_MPhi100_scalar bin 5: 5.99655342102
    tttDM_MChi1_MPhi100_scalar bin 5: 18.6759376526
--------------------------
    Bin 6
    ---------
    bkgSum bin 6: 213.395736694
    QCD bin 6: 0.171599552035
    ZTo2L bin 6: 0.113259278238
    VV bin 6: 2.47179031372
    singleTop bin 6: 16.602481842
    WPlusJets bin 6: 14.1868047714
    TTV bin 6: 7.21520233154
    TTTo2L2Nu bin 6: 8.34617805481
    TTToSemiLepton bin 6: 126.276695251
    ZTo2Nu bin 6: 38.0117340088
    TTbarSL bin 6: 141.83807373
    data_obs bin 6: 261.0
    ttDM_MChi1_MPhi150_scalar bin 6: 7.27585411072
    ttDM_MChi1_MPhi100_scalar bin 6: 10.5858068466
    ttDM_MChi45_MPhi100_scalar bin 6: 10.541176796
    ttDM_MChi49_MPhi100_scalar bin 6: 10.084271431
    ttDM_MChi40_MPhi100_scalar bin 6: 11.0670013428
    ttDM_MChi1_MPhi400_scalar bin 6: 1.3828356266
    ttDM_MChi20_MPhi100_scalar bin 6: 10.3479061127
    ttDM_MChi1_MPhi450_scalar bin 6: 0.870416522026
    ttDM_MChi1_MPhi350_scalar bin 6: 2.09913825989
    ttDM_MChi1_MPhi250_scalar bin 6: 4.08370304108
    ttDM_MChi1_MPhi500_scalar bin 6: 0.652834832668
    ttDM_MChi30_MPhi100_scalar bin 6: 10.9931497574
    ttDM_MChi55_MPhi100_scalar bin 6: 0.174683779478
    ttDM_MChi1_MPhi50_scalar bin 6: 14.0180950165
    ttDM_MChi1_MPhi300_scalar bin 6: 2.91264796257
    ttDM_MChi51_MPhi100_scalar bin 6: 0.282930016518
    ttDM_MChi1_MPhi200_scalar bin 6: 5.85310983658
    ttDM_MChi51_MPhi100_pseudo bin 6: 1.07761323452
    ttDM_MChi1_MPhi50_pseudo bin 6: 11.8984270096
    ttDM_MChi55_MPhi100_pseudo bin 6: 0.473344773054
    ttDM_MChi45_MPhi100_pseudo bin 6: 10.0304813385
    ttDM_MChi49_MPhi100_pseudo bin 6: 9.88827037811
    ttDM_MChi40_MPhi100_pseudo bin 6: 10.1556901932
    ttDM_MChi1_MPhi150_pseudo bin 6: 8.43594264984
    ttDM_MChi20_MPhi100_pseudo bin 6: 9.85846805573
    ttDM_MChi1_MPhi500_pseudo bin 6: 0.655864298344
    ttDM_MChi1_MPhi400_pseudo bin 6: 1.33290362358
    ttDM_MChi1_MPhi100_pseudo bin 6: 10.2606887817
    ttDM_MChi30_MPhi100_pseudo bin 6: 10.0672683716
    ttDM_MChi1_MPhi250_pseudo bin 6: 5.13783884048
    ttDM_MChi1_MPhi200_pseudo bin 6: 6.90342187881
    ttDM_MChi1_MPhi450_pseudo bin 6: 0.910275995731
    ttDM_MChi1_MPhi300_pseudo bin 6: 4.05226612091
    ttDM_MChi1_MPhi350_pseudo bin 6: 2.4525308609
    tDM_MChi1_MPhi100_scalar bin 6: 4.82948303223
    tttDM_MChi1_MPhi100_scalar bin 6: 15.4152898788
--------------------------
    Bin 7
    ---------
    bkgSum bin 7: 141.218673706
    QCD bin 7: 0.517188608646
    ZTo2L bin 7: 0.174373656511
    VV bin 7: 2.28272914886
    singleTop bin 7: 9.33922767639
    WPlusJets bin 7: 10.4210309982
    TTV bin 7: 5.33829975128
    TTTo2L2Nu bin 7: 5.02771425247
    TTToSemiLepton bin 7: 80.7978057861
    ZTo2Nu bin 7: 27.320306778
    TTbarSL bin 7: 91.1638183594
    data_obs bin 7: 181.0
    ttDM_MChi1_MPhi150_scalar bin 7: 5.94835090637
    ttDM_MChi1_MPhi100_scalar bin 7: 8.50627040863
    ttDM_MChi45_MPhi100_scalar bin 7: 8.51170635223
    ttDM_MChi49_MPhi100_scalar bin 7: 8.11898231506
    ttDM_MChi40_MPhi100_scalar bin 7: 7.75942087173
    ttDM_MChi1_MPhi400_scalar bin 7: 1.20318114758
    ttDM_MChi20_MPhi100_scalar bin 7: 9.81299304962
    ttDM_MChi1_MPhi450_scalar bin 7: 0.802142620087
    ttDM_MChi1_MPhi350_scalar bin 7: 1.79554653168
    ttDM_MChi1_MPhi250_scalar bin 7: 3.35582304001
    ttDM_MChi1_MPhi500_scalar bin 7: 0.556999981403
    ttDM_MChi30_MPhi100_scalar bin 7: 7.71627044678
    ttDM_MChi55_MPhi100_scalar bin 7: 0.146438106894
    ttDM_MChi1_MPhi50_scalar bin 7: 11.5819540024
    ttDM_MChi1_MPhi300_scalar bin 7: 2.45301747322
    ttDM_MChi51_MPhi100_scalar bin 7: 0.212126851082
    ttDM_MChi1_MPhi200_scalar bin 7: 4.85815572739
    ttDM_MChi51_MPhi100_pseudo bin 7: 0.826189339161
    ttDM_MChi1_MPhi50_pseudo bin 7: 9.70350933075
    ttDM_MChi55_MPhi100_pseudo bin 7: 0.40187355876
    ttDM_MChi45_MPhi100_pseudo bin 7: 8.19959640503
    ttDM_MChi49_MPhi100_pseudo bin 7: 7.64675045013
    ttDM_MChi40_MPhi100_pseudo bin 7: 8.14894485474
    ttDM_MChi1_MPhi150_pseudo bin 7: 7.04246044159
    ttDM_MChi20_MPhi100_pseudo bin 7: 8.65536975861
    ttDM_MChi1_MPhi500_pseudo bin 7: 0.574746906757
    ttDM_MChi1_MPhi400_pseudo bin 7: 1.19100761414
    ttDM_MChi1_MPhi100_pseudo bin 7: 8.28199291229
    ttDM_MChi30_MPhi100_pseudo bin 7: 8.18082141876
    ttDM_MChi1_MPhi250_pseudo bin 7: 4.36556529999
    ttDM_MChi1_MPhi200_pseudo bin 7: 5.66443872452
    ttDM_MChi1_MPhi450_pseudo bin 7: 0.787033677101
    ttDM_MChi1_MPhi300_pseudo bin 7: 3.60395431519
    ttDM_MChi1_MPhi350_pseudo bin 7: 2.12415981293
    tDM_MChi1_MPhi100_scalar bin 7: 4.1288151741
    tttDM_MChi1_MPhi100_scalar bin 7: 12.6350860596
--------------------------
    Bin 8
    ---------
    bkgSum bin 8: 104.764274597
    QCD bin 8: 0.326787561178
    ZTo2L bin 8: 0.100041262805
    VV bin 8: 2.09155225754
    singleTop bin 8: 5.79199028015
    WPlusJets bin 8: 7.07563638687
    TTV bin 8: 4.29306554794
    TTTo2L2Nu bin 8: 4.15409946442
    TTToSemiLepton bin 8: 60.9945030212
    ZTo2Nu bin 8: 19.9366016388
    TTbarSL bin 8: 69.4416732788
    data_obs bin 8: 146.0
    ttDM_MChi1_MPhi150_scalar bin 8: 4.9256606102
    ttDM_MChi1_MPhi100_scalar bin 8: 6.6978302002
    ttDM_MChi45_MPhi100_scalar bin 8: 6.83603382111
    ttDM_MChi49_MPhi100_scalar bin 8: 6.72044229507
    ttDM_MChi40_MPhi100_scalar bin 8: 6.23573303223
    ttDM_MChi1_MPhi400_scalar bin 8: 1.09758222103
    ttDM_MChi20_MPhi100_scalar bin 8: 6.22842502594
    ttDM_MChi1_MPhi450_scalar bin 8: 0.690418958664
    ttDM_MChi1_MPhi350_scalar bin 8: 1.61973392963
    ttDM_MChi1_MPhi250_scalar bin 8: 2.9146270752
    ttDM_MChi1_MPhi500_scalar bin 8: 0.49536806345
    ttDM_MChi30_MPhi100_scalar bin 8: 6.50805568695
    ttDM_MChi55_MPhi100_scalar bin 8: 0.130903288722
    ttDM_MChi1_MPhi50_scalar bin 8: 8.36977577209
    ttDM_MChi1_MPhi300_scalar bin 8: 2.09338068962
    ttDM_MChi51_MPhi100_scalar bin 8: 0.172728821635
    ttDM_MChi1_MPhi200_scalar bin 8: 4.04494953156
    ttDM_MChi51_MPhi100_pseudo bin 8: 0.726277768612
    ttDM_MChi1_MPhi50_pseudo bin 8: 7.86610746384
    ttDM_MChi55_MPhi100_pseudo bin 8: 0.328771620989
    ttDM_MChi45_MPhi100_pseudo bin 8: 6.81884717941
    ttDM_MChi49_MPhi100_pseudo bin 8: 6.91546201706
    ttDM_MChi40_MPhi100_pseudo bin 8: 6.93728017807
    ttDM_MChi1_MPhi150_pseudo bin 8: 5.65768575668
    ttDM_MChi20_MPhi100_pseudo bin 8: 6.56921482086
    ttDM_MChi1_MPhi500_pseudo bin 8: 0.540064513683
    ttDM_MChi1_MPhi400_pseudo bin 8: 0.95732152462
    ttDM_MChi1_MPhi100_pseudo bin 8: 6.58559799194
    ttDM_MChi30_MPhi100_pseudo bin 8: 7.13658571243
    ttDM_MChi1_MPhi250_pseudo bin 8: 3.66902780533
    ttDM_MChi1_MPhi200_pseudo bin 8: 4.91624403
    ttDM_MChi1_MPhi450_pseudo bin 8: 0.702094256878
    ttDM_MChi1_MPhi300_pseudo bin 8: 3.13373041153
    ttDM_MChi1_MPhi350_pseudo bin 8: 1.85630702972
    tDM_MChi1_MPhi100_scalar bin 8: 3.45853090286
    tttDM_MChi1_MPhi100_scalar bin 8: 10.1563606262
--------------------------
    Bin 9
    ---------
    bkgSum bin 9: 78.3018035889
    QCD bin 9: 0.149472132325
    ZTo2L bin 9: 0.0388959012926
    VV bin 9: 0.886658430099
    singleTop bin 9: 6.0545258522
    WPlusJets bin 9: 7.41218185425
    TTV bin 9: 3.5311923027
    TTTo2L2Nu bin 9: 3.07893610001
    TTToSemiLepton bin 9: 39.8383903503
    ZTo2Nu bin 9: 17.3115539551
    TTbarSL bin 9: 46.4485168457
    data_obs bin 9: 82.0
    ttDM_MChi1_MPhi150_scalar bin 9: 4.09856987
    ttDM_MChi1_MPhi100_scalar bin 9: 5.312707901
    ttDM_MChi45_MPhi100_scalar bin 9: 4.78047895432
    ttDM_MChi49_MPhi100_scalar bin 9: 5.50357723236
    ttDM_MChi40_MPhi100_scalar bin 9: 5.29249382019
    ttDM_MChi1_MPhi400_scalar bin 9: 0.908083081245
    ttDM_MChi20_MPhi100_scalar bin 9: 4.54152536392
    ttDM_MChi1_MPhi450_scalar bin 9: 0.644990622997
    ttDM_MChi1_MPhi350_scalar bin 9: 1.4176697731
    ttDM_MChi1_MPhi250_scalar bin 9: 2.41926908493
    ttDM_MChi1_MPhi500_scalar bin 9: 0.427509218454
    ttDM_MChi30_MPhi100_scalar bin 9: 5.08853578568
    ttDM_MChi55_MPhi100_scalar bin 9: 0.0979834273458
    ttDM_MChi1_MPhi50_scalar bin 9: 5.96638679504
    ttDM_MChi1_MPhi300_scalar bin 9: 1.83770263195
    ttDM_MChi51_MPhi100_scalar bin 9: 0.142788767815
    ttDM_MChi1_MPhi200_scalar bin 9: 3.13849925995
    ttDM_MChi51_MPhi100_pseudo bin 9: 0.598094105721
    ttDM_MChi1_MPhi50_pseudo bin 9: 6.17872619629
    ttDM_MChi55_MPhi100_pseudo bin 9: 0.27080309391
    ttDM_MChi45_MPhi100_pseudo bin 9: 5.52671527863
    ttDM_MChi49_MPhi100_pseudo bin 9: 5.08416604996
    ttDM_MChi40_MPhi100_pseudo bin 9: 5.67537546158
    ttDM_MChi1_MPhi150_pseudo bin 9: 4.48590373993
    ttDM_MChi20_MPhi100_pseudo bin 9: 5.50478076935
    ttDM_MChi1_MPhi500_pseudo bin 9: 0.449423789978
    ttDM_MChi1_MPhi400_pseudo bin 9: 0.859716355801
    ttDM_MChi1_MPhi100_pseudo bin 9: 5.62209415436
    ttDM_MChi30_MPhi100_pseudo bin 9: 5.33923006058
    ttDM_MChi1_MPhi250_pseudo bin 9: 3.26141142845
    ttDM_MChi1_MPhi200_pseudo bin 9: 3.900867939
    ttDM_MChi1_MPhi450_pseudo bin 9: 0.61116540432
    ttDM_MChi1_MPhi300_pseudo bin 9: 2.58362698555
    ttDM_MChi1_MPhi350_pseudo bin 9: 1.55434906483
    tDM_MChi1_MPhi100_scalar bin 9: 2.94118833542
    tttDM_MChi1_MPhi100_scalar bin 9: 8.25389671326
--------------------------
    Bin 10
    ---------
    bkgSum bin 10: 52.7989654541
    QCD bin 10: 0.0
    ZTo2L bin 10: 0.0452642999589
    VV bin 10: 0.896993935108
    singleTop bin 10: 4.09031534195
    WPlusJets bin 10: 4.55427074432
    TTV bin 10: 2.84029865265
    TTTo2L2Nu bin 10: 2.13952422142
    TTToSemiLepton bin 10: 25.5341377258
    ZTo2Nu bin 10: 12.6981563568
    TTbarSL bin 10: 30.513961792
    data_obs bin 10: 76.0
    ttDM_MChi1_MPhi150_scalar bin 10: 3.47621679306
    ttDM_MChi1_MPhi100_scalar bin 10: 3.72728681564
    ttDM_MChi45_MPhi100_scalar bin 10: 4.14421796799
    ttDM_MChi49_MPhi100_scalar bin 10: 5.32687139511
    ttDM_MChi40_MPhi100_scalar bin 10: 4.60274839401
    ttDM_MChi1_MPhi400_scalar bin 10: 0.807450473309
    ttDM_MChi20_MPhi100_scalar bin 10: 4.48427152634
    ttDM_MChi1_MPhi450_scalar bin 10: 0.512662529945
    ttDM_MChi1_MPhi350_scalar bin 10: 1.25187897682
    ttDM_MChi1_MPhi250_scalar bin 10: 1.97743451595
    ttDM_MChi1_MPhi500_scalar bin 10: 0.38790807128
    ttDM_MChi30_MPhi100_scalar bin 10: 4.29721879959
    ttDM_MChi55_MPhi100_scalar bin 10: 0.0865027233958
    ttDM_MChi1_MPhi50_scalar bin 10: 5.00865888596
    ttDM_MChi1_MPhi300_scalar bin 10: 1.67763006687
    ttDM_MChi51_MPhi100_scalar bin 10: 0.118717104197
    ttDM_MChi1_MPhi200_scalar bin 10: 2.76080489159
    ttDM_MChi51_MPhi100_pseudo bin 10: 0.462953776121
    ttDM_MChi1_MPhi50_pseudo bin 10: 5.08190250397
    ttDM_MChi55_MPhi100_pseudo bin 10: 0.224856138229
    ttDM_MChi45_MPhi100_pseudo bin 10: 4.67200803757
    ttDM_MChi49_MPhi100_pseudo bin 10: 4.39815807343
    ttDM_MChi40_MPhi100_pseudo bin 10: 4.70159101486
    ttDM_MChi1_MPhi150_pseudo bin 10: 3.72913146019
    ttDM_MChi20_MPhi100_pseudo bin 10: 4.54515981674
    ttDM_MChi1_MPhi500_pseudo bin 10: 0.383639812469
    ttDM_MChi1_MPhi400_pseudo bin 10: 0.711843967438
    ttDM_MChi1_MPhi100_pseudo bin 10: 4.49232435226
    ttDM_MChi30_MPhi100_pseudo bin 10: 4.56802606583
    ttDM_MChi1_MPhi250_pseudo bin 10: 2.69287991524
    ttDM_MChi1_MPhi200_pseudo bin 10: 3.4129884243
    ttDM_MChi1_MPhi450_pseudo bin 10: 0.520532786846
    ttDM_MChi1_MPhi300_pseudo bin 10: 2.18336629868
    ttDM_MChi1_MPhi350_pseudo bin 10: 1.37444901466
    tDM_MChi1_MPhi100_scalar bin 10: 2.04608440399
    tttDM_MChi1_MPhi100_scalar bin 10: 5.77337121964
--------------------------
    Bin 11
    ---------
    bkgSum bin 11: 36.0627708435
    QCD bin 11: 0.0
    ZTo2L bin 11: 0.0198611784726
    VV bin 11: 0.952716529369
    singleTop bin 11: 1.7706925869
    WPlusJets bin 11: 3.52578115463
    TTV bin 11: 2.41202664375
    TTTo2L2Nu bin 11: 1.84237349033
    TTToSemiLepton bin 11: 15.8867502213
    ZTo2Nu bin 11: 9.65256786346
    TTbarSL bin 11: 20.1411514282
    data_obs bin 11: 29.0
    ttDM_MChi1_MPhi150_scalar bin 11: 2.43171095848
    ttDM_MChi1_MPhi100_scalar bin 11: 3.23607563972
    ttDM_MChi45_MPhi100_scalar bin 11: 3.76160144806
    ttDM_MChi49_MPhi100_scalar bin 11: 3.33303570747
    ttDM_MChi40_MPhi100_scalar bin 11: 3.43912982941
    ttDM_MChi1_MPhi400_scalar bin 11: 0.712536811829
    ttDM_MChi20_MPhi100_scalar bin 11: 3.33388447762
    ttDM_MChi1_MPhi450_scalar bin 11: 0.453483432531
    ttDM_MChi1_MPhi350_scalar bin 11: 1.02270174026
    ttDM_MChi1_MPhi250_scalar bin 11: 1.67531394958
    ttDM_MChi1_MPhi500_scalar bin 11: 0.329624176025
    ttDM_MChi30_MPhi100_scalar bin 11: 3.54924273491
    ttDM_MChi55_MPhi100_scalar bin 11: 0.0708426386118
    ttDM_MChi1_MPhi50_scalar bin 11: 4.06358385086
    ttDM_MChi1_MPhi300_scalar bin 11: 1.26284134388
    ttDM_MChi51_MPhi100_scalar bin 11: 0.110783800483
    ttDM_MChi1_MPhi200_scalar bin 11: 2.26983046532
    ttDM_MChi51_MPhi100_pseudo bin 11: 0.391695380211
    ttDM_MChi1_MPhi50_pseudo bin 11: 3.91504478455
    ttDM_MChi55_MPhi100_pseudo bin 11: 0.184618517756
    ttDM_MChi45_MPhi100_pseudo bin 11: 3.68029642105
    ttDM_MChi49_MPhi100_pseudo bin 11: 3.62768101692
    ttDM_MChi40_MPhi100_pseudo bin 11: 3.61943745613
    ttDM_MChi1_MPhi150_pseudo bin 11: 3.40061879158
    ttDM_MChi20_MPhi100_pseudo bin 11: 3.58652687073
    ttDM_MChi1_MPhi500_pseudo bin 11: 0.352647423744
    ttDM_MChi1_MPhi400_pseudo bin 11: 0.605734109879
    ttDM_MChi1_MPhi100_pseudo bin 11: 3.63548016548
    ttDM_MChi30_MPhi100_pseudo bin 11: 3.4957113266
    ttDM_MChi1_MPhi250_pseudo bin 11: 2.29869413376
    ttDM_MChi1_MPhi200_pseudo bin 11: 2.78699398041
    ttDM_MChi1_MPhi450_pseudo bin 11: 0.47518864274
    ttDM_MChi1_MPhi300_pseudo bin 11: 1.77559518814
    ttDM_MChi1_MPhi350_pseudo bin 11: 1.20039236546
    tDM_MChi1_MPhi100_scalar bin 11: 2.0436372757
    tttDM_MChi1_MPhi100_scalar bin 11: 5.279712677
--------------------------
    Bin 12
    ---------
    bkgSum bin 12: 26.9384231567
    QCD bin 12: 0.0
    ZTo2L bin 12: 0.0298544615507
    VV bin 12: 0.317451775074
    singleTop bin 12: 1.3887065649
    WPlusJets bin 12: 2.71225786209
    TTV bin 12: 1.75820505619
    TTTo2L2Nu bin 12: 1.22197759151
    TTToSemiLepton bin 12: 11.6270723343
    ZTo2Nu bin 12: 7.88289642334
    TTbarSL bin 12: 14.6072540283
    data_obs bin 12: 40.0
    ttDM_MChi1_MPhi150_scalar bin 12: 2.07335948944
    ttDM_MChi1_MPhi100_scalar bin 12: 2.69682860374
    ttDM_MChi45_MPhi100_scalar bin 12: 2.54425811768
    ttDM_MChi49_MPhi100_scalar bin 12: 2.47080159187
    ttDM_MChi40_MPhi100_scalar bin 12: 2.89443087578
    ttDM_MChi1_MPhi400_scalar bin 12: 0.570208966732
    ttDM_MChi20_MPhi100_scalar bin 12: 2.67770338058
    ttDM_MChi1_MPhi450_scalar bin 12: 0.39251935482
    ttDM_MChi1_MPhi350_scalar bin 12: 0.863535881042
    ttDM_MChi1_MPhi250_scalar bin 12: 1.38063561916
    ttDM_MChi1_MPhi500_scalar bin 12: 0.290377408266
    ttDM_MChi30_MPhi100_scalar bin 12: 2.46402621269
    ttDM_MChi55_MPhi100_scalar bin 12: 0.0628636851907
    ttDM_MChi1_MPhi50_scalar bin 12: 3.30968999863
    ttDM_MChi1_MPhi300_scalar bin 12: 1.07971322536
    ttDM_MChi51_MPhi100_scalar bin 12: 0.0875382125378
    ttDM_MChi1_MPhi200_scalar bin 12: 1.72509682178
    ttDM_MChi51_MPhi100_pseudo bin 12: 0.32923913002
    ttDM_MChi1_MPhi50_pseudo bin 12: 3.2218580246
    ttDM_MChi55_MPhi100_pseudo bin 12: 0.164008900523
    ttDM_MChi45_MPhi100_pseudo bin 12: 3.06672763824
    ttDM_MChi49_MPhi100_pseudo bin 12: 3.07063961029
    ttDM_MChi40_MPhi100_pseudo bin 12: 3.03285694122
    ttDM_MChi1_MPhi150_pseudo bin 12: 2.35444641113
    ttDM_MChi20_MPhi100_pseudo bin 12: 2.79056215286
    ttDM_MChi1_MPhi500_pseudo bin 12: 0.299484312534
    ttDM_MChi1_MPhi400_pseudo bin 12: 0.605053007603
    ttDM_MChi1_MPhi100_pseudo bin 12: 2.87687015533
    ttDM_MChi30_MPhi100_pseudo bin 12: 3.02711558342
    ttDM_MChi1_MPhi250_pseudo bin 12: 1.8278516531
    ttDM_MChi1_MPhi200_pseudo bin 12: 2.32951450348
    ttDM_MChi1_MPhi450_pseudo bin 12: 0.387550324202
    ttDM_MChi1_MPhi300_pseudo bin 12: 1.52105867863
    ttDM_MChi1_MPhi350_pseudo bin 12: 0.995698451996
    tDM_MChi1_MPhi100_scalar bin 12: 1.56639838219
    tttDM_MChi1_MPhi100_scalar bin 12: 4.26322698593
--------------------------
    Bin 13
    ---------
    bkgSum bin 13: 20.1913375854
    QCD bin 13: 0.0
    ZTo2L bin 13: 0.0235249511898
    VV bin 13: 0.52380335331
    singleTop bin 13: 1.21250891685
    WPlusJets bin 13: 1.61433029175
    TTV bin 13: 1.52466416359
    TTTo2L2Nu bin 13: 1.11666500568
    TTToSemiLepton bin 13: 7.59889650345
    ZTo2Nu bin 13: 6.57694482803
    TTbarSL bin 13: 10.2402257919
    data_obs bin 13: 17.0
    ttDM_MChi1_MPhi150_scalar bin 13: 1.71655905247
    ttDM_MChi1_MPhi100_scalar bin 13: 2.28554677963
    ttDM_MChi45_MPhi100_scalar bin 13: 2.49008774757
    ttDM_MChi49_MPhi100_scalar bin 13: 2.91473484039
    ttDM_MChi40_MPhi100_scalar bin 13: 2.26557421684
    ttDM_MChi1_MPhi400_scalar bin 13: 0.500147342682
    ttDM_MChi20_MPhi100_scalar bin 13: 1.75812351704
    ttDM_MChi1_MPhi450_scalar bin 13: 0.345253705978
    ttDM_MChi1_MPhi350_scalar bin 13: 0.739219546318
    ttDM_MChi1_MPhi250_scalar bin 13: 1.16803121567
    ttDM_MChi1_MPhi500_scalar bin 13: 0.248716592789
    ttDM_MChi30_MPhi100_scalar bin 13: 1.78034770489
    ttDM_MChi55_MPhi100_scalar bin 13: 0.0488044470549
    ttDM_MChi1_MPhi50_scalar bin 13: 1.83424901962
    ttDM_MChi1_MPhi300_scalar bin 13: 0.931624770164
    ttDM_MChi51_MPhi100_scalar bin 13: 0.0701745823026
    ttDM_MChi1_MPhi200_scalar bin 13: 1.18836593628
    ttDM_MChi51_MPhi100_pseudo bin 13: 0.242738306522
    ttDM_MChi1_MPhi50_pseudo bin 13: 2.68135333061
    ttDM_MChi55_MPhi100_pseudo bin 13: 0.129179894924
    ttDM_MChi45_MPhi100_pseudo bin 13: 2.49819993973
    ttDM_MChi49_MPhi100_pseudo bin 13: 2.3909072876
    ttDM_MChi40_MPhi100_pseudo bin 13: 2.49224066734
    ttDM_MChi1_MPhi150_pseudo bin 13: 1.92207670212
    ttDM_MChi20_MPhi100_pseudo bin 13: 2.30117559433
    ttDM_MChi1_MPhi500_pseudo bin 13: 0.266911387444
    ttDM_MChi1_MPhi400_pseudo bin 13: 0.455258071423
    ttDM_MChi1_MPhi100_pseudo bin 13: 2.42793607712
    ttDM_MChi30_MPhi100_pseudo bin 13: 2.36205625534
    ttDM_MChi1_MPhi250_pseudo bin 13: 1.69870138168
    ttDM_MChi1_MPhi200_pseudo bin 13: 1.82762217522
    ttDM_MChi1_MPhi450_pseudo bin 13: 0.3226570189
    ttDM_MChi1_MPhi300_pseudo bin 13: 1.20325779915
    ttDM_MChi1_MPhi350_pseudo bin 13: 0.804773688316
    tDM_MChi1_MPhi100_scalar bin 13: 1.15352058411
    tttDM_MChi1_MPhi100_scalar bin 13: 3.43906736374
--------------------------
    Bin 14
    ---------
    bkgSum bin 14: 14.4996242523
    QCD bin 14: 0.0
    ZTo2L bin 14: 0.0308043155819
    VV bin 14: 0.308285355568
    singleTop bin 14: 1.01060521603
    WPlusJets bin 14: 1.36349916458
    TTV bin 14: 1.32507133484
    TTTo2L2Nu bin 14: 0.446133285761
    TTToSemiLepton bin 14: 5.39197635651
    ZTo2Nu bin 14: 4.62324857712
    TTbarSL bin 14: 7.16318082809
    data_obs bin 14: 20.0
    ttDM_MChi1_MPhi150_scalar bin 14: 1.40774905682
    ttDM_MChi1_MPhi100_scalar bin 14: 1.90463805199
    ttDM_MChi45_MPhi100_scalar bin 14: 1.238717556
    ttDM_MChi49_MPhi100_scalar bin 14: 1.88308906555
    ttDM_MChi40_MPhi100_scalar bin 14: 1.8564645052
    ttDM_MChi1_MPhi400_scalar bin 14: 0.402197569609
    ttDM_MChi20_MPhi100_scalar bin 14: 1.61363303661
    ttDM_MChi1_MPhi450_scalar bin 14: 0.29752483964
    ttDM_MChi1_MPhi350_scalar bin 14: 0.618399918079
    ttDM_MChi1_MPhi250_scalar bin 14: 0.992566466331
    ttDM_MChi1_MPhi500_scalar bin 14: 0.222248122096
    ttDM_MChi30_MPhi100_scalar bin 14: 1.48982000351
    ttDM_MChi55_MPhi100_scalar bin 14: 0.0417217835784
    ttDM_MChi1_MPhi50_scalar bin 14: 2.07933402061
    ttDM_MChi1_MPhi300_scalar bin 14: 0.811969280243
    ttDM_MChi51_MPhi100_scalar bin 14: 0.060534644872
    ttDM_MChi1_MPhi200_scalar bin 14: 1.21662557125
    ttDM_MChi51_MPhi100_pseudo bin 14: 0.22259619832
    ttDM_MChi1_MPhi50_pseudo bin 14: 2.051861763
    ttDM_MChi55_MPhi100_pseudo bin 14: 0.112439446151
    ttDM_MChi45_MPhi100_pseudo bin 14: 1.85820257664
    ttDM_MChi49_MPhi100_pseudo bin 14: 1.93679952621
    ttDM_MChi40_MPhi100_pseudo bin 14: 1.84895122051
    ttDM_MChi1_MPhi150_pseudo bin 14: 1.90019738674
    ttDM_MChi20_MPhi100_pseudo bin 14: 1.85307836533
    ttDM_MChi1_MPhi500_pseudo bin 14: 0.21940882504
    ttDM_MChi1_MPhi400_pseudo bin 14: 0.402028948069
    ttDM_MChi1_MPhi100_pseudo bin 14: 1.89134252071
    ttDM_MChi30_MPhi100_pseudo bin 14: 1.8711527586
    ttDM_MChi1_MPhi250_pseudo bin 14: 1.31118822098
    ttDM_MChi1_MPhi200_pseudo bin 14: 1.48064208031
    ttDM_MChi1_MPhi450_pseudo bin 14: 0.277477711439
    ttDM_MChi1_MPhi300_pseudo bin 14: 1.08680486679
    ttDM_MChi1_MPhi350_pseudo bin 14: 0.688673615456
    tDM_MChi1_MPhi100_scalar bin 14: 0.886236667633
    tttDM_MChi1_MPhi100_scalar bin 14: 2.79087471962
--------------------------
    Bin 15
    ---------
    bkgSum bin 15: 56.255027771
    QCD bin 15: 0.161826774478
    ZTo2L bin 15: 0.0343041606247
    VV bin 15: 1.62328219414
    singleTop bin 15: 4.72272062302
    WPlusJets bin 15: 6.49417734146
    TTV bin 15: 5.67499923706
    TTTo2L2Nu bin 15: 2.04472637177
    TTToSemiLepton bin 15: 14.6606626511
    ZTo2Nu bin 15: 20.8383274078
    TTbarSL bin 15: 22.3803882599
    data_obs bin 15: 73.0
    ttDM_MChi1_MPhi150_scalar bin 15: 6.48140668869
    ttDM_MChi1_MPhi100_scalar bin 15: 6.64703273773
    ttDM_MChi45_MPhi100_scalar bin 15: 7.47479200363
    ttDM_MChi49_MPhi100_scalar bin 15: 7.84851455688
    ttDM_MChi40_MPhi100_scalar bin 15: 6.94589281082
    ttDM_MChi1_MPhi400_scalar bin 15: 2.45600581169
    ttDM_MChi20_MPhi100_scalar bin 15: 7.94243955612
    ttDM_MChi1_MPhi450_scalar bin 15: 1.77548229694
    ttDM_MChi1_MPhi350_scalar bin 15: 3.47393918037
    ttDM_MChi1_MPhi250_scalar bin 15: 5.19922113419
    ttDM_MChi1_MPhi500_scalar bin 15: 1.36166548729
    ttDM_MChi30_MPhi100_scalar bin 15: 6.92121887207
    ttDM_MChi55_MPhi100_scalar bin 15: 0.194414511323
    ttDM_MChi1_MPhi50_scalar bin 15: 7.21617889404
    ttDM_MChi1_MPhi300_scalar bin 15: 4.06641960144
    ttDM_MChi51_MPhi100_scalar bin 15: 0.265102803707
    ttDM_MChi1_MPhi200_scalar bin 15: 6.04135847092
    ttDM_MChi51_MPhi100_pseudo bin 15: 1.00637638569
    ttDM_MChi1_MPhi50_pseudo bin 15: 9.03501605988
    ttDM_MChi55_MPhi100_pseudo bin 15: 0.494638621807
    ttDM_MChi45_MPhi100_pseudo bin 15: 8.45983505249
    ttDM_MChi49_MPhi100_pseudo bin 15: 8.44377231598
    ttDM_MChi40_MPhi100_pseudo bin 15: 8.55202674866
    ttDM_MChi1_MPhi150_pseudo bin 15: 8.12440109253
    ttDM_MChi20_MPhi100_pseudo bin 15: 8.82860374451
    ttDM_MChi1_MPhi500_pseudo bin 15: 1.32806682587
    ttDM_MChi1_MPhi400_pseudo bin 15: 2.21088552475
    ttDM_MChi1_MPhi100_pseudo bin 15: 8.70902824402
    ttDM_MChi30_MPhi100_pseudo bin 15: 8.68384838104
    ttDM_MChi1_MPhi250_pseudo bin 15: 6.27436065674
    ttDM_MChi1_MPhi200_pseudo bin 15: 7.4002571106
    ttDM_MChi1_MPhi450_pseudo bin 15: 1.64022016525
    ttDM_MChi1_MPhi300_pseudo bin 15: 5.75220251083
    ttDM_MChi1_MPhi350_pseudo bin 15: 3.69892120361
    tDM_MChi1_MPhi100_scalar bin 15: 5.15992450714
    tttDM_MChi1_MPhi100_scalar bin 15: 11.8069572449
Finished creating binned histogram root files...
Plotting end time: 2021-03-26 14:52:53.637062
