Plotting start time: 2021-09-18 17:01:06.905059
Cut name =  AH0lQR
MC Selection Cuts =  (nVetoElectrons + nLooseMuons) == 0 && njets >= 3 && nbjets >= 1 && METcorrected_pt >= 250 && ntaus == 0 && minDeltaPhi12 <= 0.8 && Flag_goodVertices && Flag_globalSuperTightHalo2016Filter && Flag_HBHENoiseFilter && Flag_HBHENoiseIsoFilter && Flag_EcalDeadCellTriggerPrimitiveFilter && Flag_BadPFMuonFilter && (HLT_PFMETNoMu120_PFMHTNoMu120_IDTight) && PV_npvsGood > 0 && PV_ndof > 4 && abs(PV_z) < 24 && sqrt(pow(PV_x,2)+pow(PV_y,2)) < 2 && nfjets == 0
Data Selection Cuts =  (nVetoElectrons + nLooseMuons) == 0 && njets >= 3 && nbjets >= 1 && METcorrected_pt >= 250 && ntaus == 0 && minDeltaPhi12 <= 0.8 && Flag_goodVertices && Flag_globalSuperTightHalo2016Filter && Flag_HBHENoiseFilter && Flag_HBHENoiseIsoFilter && Flag_EcalDeadCellTriggerPrimitiveFilter && Flag_BadPFMuonFilter && (HLT_PFMETNoMu120_PFMHTNoMu120_IDTight) && PV_npvsGood > 0 && PV_ndof > 4 && abs(PV_z) < 24 && sqrt(pow(PV_x,2)+pow(PV_y,2)) < 2 && nfjets == 0 && Flag_eeBadScFilter
var =  METcorrected_pt
year =  2016
lumi =  35.92
saveDirectory =  plots/CR_2016/METcorrected_pt/
date =  09_17_2021
Creating histograms..
Finished making systematic histogram dictionary
Drawing data and ratio plot...
Selected MET dataset
Loading data sample root files and event trees...
    nevents in filepath = /hdfs/store/user/vshang/MET_Run2016B/MET/ModuleCommonSkim_09072021/tree_all.root: 182912
    nevents in filepath = /hdfs/store/user/vshang/MET_Run2016C/MET/ModuleCommonSkim_09072021/tree_all.root: 80259
    nevents in filepath = /hdfs/store/user/vshang/MET_Run2016D/MET/ModuleCommonSkim_09072021/tree_all.root: 131680
    nevents in filepath = /hdfs/store/user/vshang/MET_Run2016E/MET/ModuleCommonSkim_09072021/tree_all.root: 127112
    nevents in filepath = /hdfs/store/user/vshang/MET_Run2016F/MET/ModuleCommonSkim_09072021/tree_all.root: 100492
    nevents in filepath = /hdfs/store/user/vshang/MET_Run2016G/MET/ModuleCommonSkim_09072021/tree_all.root: 234544
    nevents in filepath = /hdfs/store/user/vshang/MET_Run2016H/MET/ModuleCommonSkim_09072021/tree_all.root: 262704
    total nevents in  MET :  1119703
Got data sample root files and event trees
Loading MC sample root files and event trees...
    nevents in  ZTo2Nu   HT600To800 :  5693589
    nevents in  ZTo2Nu   HT1200To2500 :  513471
    nevents in  ZTo2Nu   HT100To200 :  24272858
    nevents in  ZTo2Nu   HT2500ToInf :  405030
    nevents in  ZTo2Nu   HT800To1200 :  2170137
    nevents in  ZTo2Nu   HT200To400 :  24761211
    nevents in  ZTo2Nu   HT400To600 :  9862869
    nevents in  tbar scalar   tWChan_Mchi1Mphi100 :  200000
    nevents in  tbar scalar   tChan_Mchi1Mphi100 :  500000
    nevents in  WW   WWTo1L1Nu2Q :  5246469
    nevents in  WW   WWTo4Q :  30324343
    nevents in  WW   WWTo2L2Nu :  1999000
    nevents in  ttbarPlusJets   TTToSemiLepton :  152669800
    nevents in  ttbarPlusJets   TTTo2L2Nu :  79140880
    nevents in  ttbar scalar   ttDM_MChi1_MPhi100_scalar :  2625075
    nevents in  ZZ   ZZTo2Q2Nu :  52855410
    nevents in  ZZ   ZZTo4L :  103121112
    nevents in  ZZ   ZZTo2L2Q :  15462693
    nevents in  ZZ   ZZTo2L2Nu :  52855410
    nevents in  ZZ   ZZTo4Q :  30636849
    nevents in  QCD   HT700To1000 :  37233786
    nevents in  QCD   HT500To700 :  62622029
    nevents in  QCD   HT2000ToInf :  5804179
    nevents in  QCD   HT1000To1500 :  15210939
    nevents in  QCD   HT1500To2000 :  11839357
    nevents in  QCD   HT100To200 :  82293477
    nevents in  QCD   HT300To500 :  54552852
    nevents in  QCD   HT200To300 :  57580393
    nevents in  WZ   WZTo2Q2Nu :  17725159
    nevents in  WZ   WZTo2L2Q :  26445785
    nevents in  WZ   WZTo3LNu :  19993200
    nevents in  WZ   WZTo1L3Nu :  1703772
    nevents in  WZ   WZTo1L1Nu2Q :  24311445
    nevents in  TTV   TTZToQQ :  749400
    nevents in  TTV   TTWJetsToLNu :  5280565
    nevents in  TTV   TTWJetsToQQ :  833298
    nevents in  TTV   TTZToLLNuNu :  13692628
    nevents in  ZTo2L   HT600To800 :  8292957
    nevents in  ZTo2L   HT1200To2500 :  596079
    nevents in  ZInfo in <TCanvas::MakeDefCanvas>:  created default TCanvas with name c1
TFile::Append:0: RuntimeWarning: Replacing existing TH1: hist (Potential memory leak).
TFile::Append:0: RuntimeWarning: Replacing existing TH1: hist (Potential memory leak).
TFile::Append:0: RuntimeWarning: Replacing existing TH1: hist (Potential memory leak).
TFile::Append:0: RuntimeWarning: Replacing existing TH1: hist (Potential memory leak).
TFile::Append:0: RuntimeWarning: Replacing existing TH1: hist (Potential memory leak).
TFile::Append:0: RuntimeWarning: Replacing existing TH1: hist (Potential memory leak).
TFile::Append:0: RuntimeWarning: Replacing existing TH1: hist (Potential memory leak).
TFile::Append:0: RuntimeWarning: Replacing existing TH1: hist (Potential memory leak).
TFile::Append:0: RuntimeWarning: Replacing existing TH1: hist (Potential memory leak).
TFile::Append:0: RuntimeWarning: Replacing existing TH1: hist (Potential memory leak).
TFile::Append:0: RuntimeWarning: Replacing existing TH1: hist (Potential memory leak).
TFile::Append:0: RuntimeWarning: Replacing existing TH1: hist (Potential memory leak).
TFile::Append:0: RuntimeWarning: Replacing existing TH1: hist (Potential memory leak).
TFile::Append:0: RuntimeWarning: Replacing existing TH1: hist (Potential memory leak).
TFile::Append:0: RuntimeWarning: Replacing existing TH1: hist (Potential memory leak).
TFile::Append:0: RuntimeWarning: Replacing existing TH1: hist (Potential memory leak).
TFile::Append:0: RuntimeWarning: Replacing existing TH1: hist (Potential memory leak).
TFile::Append:0: RuntimeWarning: Replacing existing TH1: hist (Potential memory leak).
TFile::Append:0: RuntimeWarning: Replacing existing TH1: hist (Potential memory leak).
TFile::Append:0: RuntimeWarning: Replacing existing TH1: hist (Potential memory leak).
To2L   HT100To200 :  11017086
    nevents in  ZTo2L   HT2500ToInf :  399492
    nevents in  ZTo2L   HT800To1200 :  2673066
    nevents in  ZTo2L   HT200To400 :  9609137
    nevents in  ZTo2L   HT400To600 :  9725661
    nevents in  singleTop   ST_s-channel :  1000000
    nevents in  singleTop   ST_t-channel_antitop :  38811017
    nevents in  singleTop   ST_tW_top :  6952830
    nevents in  singleTop   ST_t-channel_top :  58403420
    nevents in  singleTop   ST_tW_antitop :  6933094
    nevents in  WPlusJets   HT200To400 :  38984322
    nevents in  WPlusJets   HT70To100 :  10020533
    nevents in  WPlusJets   HT600To800 :  18687480
    nevents in  WPlusJets   HT1200To2500 :  6872441
    nevents in  WPlusJets   HT100To200 :  78043017
    nevents in  WPlusJets   HT400To600 :  7687800
    nevents in  WPlusJets   HT2500ToInf :  2637821
    nevents in  WPlusJets   HT800To1200 :  7830536
Got MC sample root files and event trees
Filling histograms...
  Dataset =  MET  ||   nEvents =  1119703
    hist nEntries =  6553.0
    hist integral =  6553.0
    hist_data nEntries =  6553.0
    hist_data integral =  6553.0
    hist nEntries =  2950.0
    hist integral =  2950.0
    hist_data nEntries =  9503.0
    hist_data integral =  9503.0
    hist nEntries =  4690.0
    hist integral =  4690.0
    hist_data nEntries =  14193.0
    hist_data integral =  14193.0
    hist nEntries =  4656.0
    hist integral =  4656.0
    hist_data nEntries =  18849.0
    hist_data integral =  18849.0
    hist nEntries =  3652.0
    hist integral =  3652.0
    hist_data nEntries =  22501.0
    hist_data integral =  22501.0
    hist nEntries =  8254.0
    hist integral =  8254.0
    hist_data nEntries =  30755.0
    hist_data integral =  30755.0
    hist nEntries =  9226.0
    hist integral =  9226.0
    hist_data nEntries =  39981.0
    hist_data integral =  39981.0
  Process =  ZTo2Nu
      Dataset =  HT600To800  ||   nEvents =  5693589
Applied ZTo2Nu qcd/ewk Weights correctly
          hist nEntries =  24893.0
          hist integral =  527.07327652
      Dataset =  HT1200To2500  ||   nEvents =  513471
Applied ZTo2Nu qcd/ewk Weights correctly
          hist nEntries =  9985.0
          hist integral =  260.729838371
      Dataset =  HT100To200  ||   nEvents =  24272858
Applied ZTo2Nu qcd/ewk Weights correctly
          hist nEntries =  1.0
          hist integral =  0.595787227154
      Dataset =  HT2500ToInf  ||   nEvents =  405030
Applied ZTo2Nu qcd/ewk Weights correctly
          hist nEntries =  9294.0
          hist integral =  8.09622196853
      Dataset =  HT800To1200  ||   nEvents =  2170137
Applied ZTo2Nu qcd/ewk Weights correctly
          hist nEntries =  21805.0
          hist integral =  549.460025787
      Dataset =  HT200To400  ||   nEvents =  24761211
Applied ZTo2Nu qcd/ewk Weights correctly
          hist nEntries =  633.0
          hist integral =  94.9318576604
      Dataset =  HT400To600  ||   nEvents =  9862869
Applied ZTo2Nu qcd/ewk Weights correctly
          hist nEntries =  10565.0
          hist integral =  549.261553004
  Process =  tbar scalar
      Dataset =  tWChan_Mchi1Mphi100  ||   nEvents =  200000
          hist nEntries =  1730.0
          hist integral =  16.4774326533
      Dataset =  tChan_Mchi1Mphi100  ||   nEvents =  500000
          hist nEntries =  826.0
          hist integral =  15.9680799618
  Process =  WW
      Dataset =  WWTo1L1Nu2Q  ||   nEvents =  5246469
          hist nEntries =  277.0
          hist integral =  94.6969150305
      Dataset =  WWTo4Q  ||   nEvents =  30324343
          hist nEntries =  53.0
          hist integral =  3.32447802275
      Dataset =  WWTo2L2Nu  ||   nEvents =  1999000
          hist nEntries =  41.0
          hist integral =  9.8351251781
  Process =  ttbarPlusJets
      Dataset =  TTToSemiLepton  ||   nEvents =  152669800
          hist nEntries =  106950.0
          hist integral =  9134.95627213
      Dataset =  TTTo2L2Nu  ||   nEvents =  79140880
          hist nEntries =  25943.0
          hist integral =  1019.84792662
  Process =  ttbar scalar
      Dataset =  ttDM_MTFile::Append:0: RuntimeWarning: Replacing existing TH1: hist (Potential memory leak).
TFile::Append:0: RuntimeWarning: Replacing existing TH1: hist (Potential memory leak).
TFile::Append:0: RuntimeWarning: Replacing existing TH1: hist (Potential memory leak).
TFile::Append:0: RuntimeWarning: Replacing existing TH1: hist (Potential memory leak).
TFile::Append:0: RuntimeWarning: Replacing existing TH1: hist (Potential memory leak).
TFile::Append:0: RuntimeWarning: Replacing existing TH1: hist (Potential memory leak).
TFile::Append:0: RuntimeWarning: Replacing existing TH1: hist (Potential memory leak).
TFile::Append:0: RuntimeWarning: Replacing existing TH1: hist (Potential memory leak).
TFile::Append:0: RuntimeWarning: Replacing existing TH1: hist (Potential memory leak).
TFile::Append:0: RuntimeWarning: Replacing existing TH1: hist (Potential memory leak).
TFile::Append:0: RuntimeWarning: Replacing existing TH1: hist (Potential memory leak).
TFile::Append:0: RuntimeWarning: Replacing existing TH1: hist (Potential memory leak).
TFile::Append:0: RuntimeWarning: Replacing existing TH1: hist (Potential memory leak).
TFile::Append:0: RuntimeWarning: Replacing existing TH1: hist (Potential memory leak).
TFile::Append:0: RuntimeWarning: Replacing existing TH1: hist (Potential memory leak).
TFile::Append:0: RuntimeWarning: Replacing existing TH1: hist (Potential memory leak).
TFile::Append:0: RuntimeWarning: Replacing existing TH1: hist (Potential memory leak).
TFile::Append:0: RuntimeWarning: Replacing existing TH1: hist (Potential memory leak).
TFile::Append:0: RuntimeWarning: Replacing existing TH1: hist (Potential memory leak).
TFile::Append:0: RuntimeWarning: Replacing existing TH1: hist (Potential memory leak).
TFile::Append:0: RuntimeWarning: Replacing existing TH1: hist (Potential memory leak).
TFile::Append:0: RuntimeWarning: Replacing existing TH1: hist (Potential memory leak).
TFile::Append:0: RuntimeWarning: Replacing existing TH1: hist (Potential memory leak).
TFile::Append:0: RuntimeWarning: Replacing existing TH1: hist (Potential memory leak).
TFile::Append:0: RuntimeWarning: Replacing existing TH1: hist (Potential memory leak).
TFile::Append:0: RuntimeWarning: Replacing existing TH1: hist (Potential memory leak).
TFile::Append:0: RuntimeWarning: Replacing existing TH1: hist (Potential memory leak).
TFile::Append:0: RuntimeWarning: Replacing existing TH1: hist (Potential memory leak).
TFile::Append:0: RuntimeWarning: Replacing existing TH1: hist (Potential memory leak).
TFile::Append:0: RuntimeWarning: Replacing existing TH1: hist (Potential memory leak).
Chi1_MPhi100_scalar  ||   nEvents =  2625075
          hist nEntries =  12458.0
          hist integral =  122.365325093
  Process =  ZZ
      Dataset =  ZZTo2Q2Nu  ||   nEvents =  52855410
          hist nEntries =  672.0
          hist integral =  2.04062063247
      Dataset =  ZZTo4L  ||   nEvents =  103121112
          hist nEntries =  116.0
          hist integral =  0.05808861283
      Dataset =  ZZTo2L2Q  ||   nEvents =  15462693
          hist nEntries =  415.0
          hist integral =  3.45516544394
      Dataset =  ZZTo2L2Nu  ||   nEvents =  52855410
          hist nEntries =  672.0
          hist integral =  0.284878700972
      Dataset =  ZZTo4Q  ||   nEvents =  30636849
          hist nEntries =  295.0
          hist integral =  2.31468888279
  Process =  QCD
      Dataset =  HT700To1000  ||   nEvents =  37233786
          hist nEntries =  851.0
          hist integral =  5450.07759094
      Dataset =  HT500To700  ||   nEvents =  62622029
          hist nEntries =  37.0
          hist integral =  706.981052399
      Dataset =  HT2000ToInf  ||   nEvents =  5804179
          hist nEntries =  14676.0
          hist integral =  2467.08273697
      Dataset =  HT1000To1500  ||   nEvents =  15210939
          hist nEntries =  4036.0
          hist integral =  11451.0209637
      Dataset =  HT1500To2000  ||   nEvents =  11839357
          hist nEntries =  13798.0
          hist integral =  5055.36783218
      Dataset =  HT100To200  ||   nEvents =  82293477
          hist nEntries =  0.0
          hist integral =  0.0
      Dataset =  HT300To500  ||   nEvents =  54552852
          hist nEntries =  0.0
          hist integral =  0.0
      Dataset =  HT200To300  ||   nEvents =  57580393
          hist nEntries =  0.0
          hist integral =  0.0
  Process =  WZ
      Dataset =  WZTo2Q2Nu  ||   nEvents =  17725159
          hist nEntries =  4884.0
          hist integral =  64.4964382648
      Dataset =  WZTo2L2Q  ||   nEvents =  26445785
          hist nEntries =  980.0
          hist integral =  8.40246587247
      Dataset =  WZTo3LNu  ||   nEvents =  19993200
          hist nEntries =  233.0
          hist integral =  1.96568452497
      Dataset =  WZTo1L3Nu  ||   nEvents =  1703772
          hist nEntries =  112.0
          hist integral =  7.4760222435
      Dataset =  WZTo1L1Nu2Q  ||   nEvents =  24311445
          hist nEntries =  4077.0
          hist integral =  65.3767915666
  Process =  TTV
      Dataset =  TTZToQQ  ||   nEvents =  749400
          hist nEntries =  1154.0
          hist integral =  29.6412868947
      Dataset =  TTWJetsToLNu  ||   nEvents =  5280565
          hist nEntries =  11199.0
          hist integral =  15.7026161551
      Dataset =  TTWJetsToQQ  ||   nEvents =  833298
          hist nEntries =  1883.0
          hist integral =  33.0645968914
      Dataset =  TTZToLLNuNu  ||   nEvents =  13692628
          hist nEntries =  50675.0
          hist integral =  33.5152846873
  Process =  ZTo2L
      Dataset =  HT600To800  ||   nEvents =  8292957
Applied ZTo2L qcd/ewk Weights correctly
          hist nEntries =  6898.0
          hist integral =  48.7061637342
      Dataset =  HT1200To2500  ||   nEvents =  596079
Applied ZTo2L qcd/ewk Weights correctly
          hist nEntries =  1775.0
          hist integral =  18.955737859
      Dataset =  HT100To200  ||   nEvents =  11017086
Applied ZTo2L qcd/ewk Weights correctly
          hist nEntries =  0.0
          hist integral =  0.0
      Dataset =  HT2500ToInf  ||   nEvents =  399492
Applied ZTo2L qcd/ewk Weights correctly
          hist nEntries =  1502.0
          hist integral =  0.640737137757
      Dataset =  HT800To1200  ||   nEvents =  2673066
Applied ZTo2L qcd/ewk Weights correctly
          hist nEntries =  4920.0
          hist integral =  47.7645283937
      Dataset =  HT200To400  ||   nEvents =  9609137
Applied ZTo2L qcd/ewk Weights correctly
          hist nEntries =  31.0
          hist integral =  5.28744599223
      Dataset =  HT400To600  ||   nEvents =  9725661
Applied ZTo2L qcd/ewk Weights correctly
          hist nEntries =TFile::Append:0: RuntimeWarning: Replacing existing TH1: hist (Potential memory leak).
TFile::Append:0: RuntimeWarning: Replacing existing TH1: hist (Potential memory leak).
TFile::Append:0: RuntimeWarning: Replacing existing TH1: hist (Potential memory leak).
TFile::Append:0: RuntimeWarning: Replacing existing TH1: hist (Potential memory leak).
TFile::Append:0: RuntimeWarning: Replacing existing TH1: hist (Potential memory leak).
TFile::Append:0: RuntimeWarning: Replacing existing TH1: hist (Potential memory leak).
TFile::Append:0: RuntimeWarning: Replacing existing TH1: hist (Potential memory leak).
TFile::Append:0: RuntimeWarning: Replacing existing TH1: hist (Potential memory leak).
TFile::Append:0: RuntimeWarning: Replacing existing TH1: hist (Potential memory leak).
TFile::Append:0: RuntimeWarning: Replacing existing TH1: hist (Potential memory leak).
TFile::Append:0: RuntimeWarning: Replacing existing TH1: hist (Potential memory leak).
TFile::Append:0: RuntimeWarning: Replacing existing TH1: hist (Potential memory leak).
TFile::Append:0: RuntimeWarning: Replacing existing TH1: hist (Potential memory leak).
  1601.0
          hist integral =  41.9252532031
  Process =  singleTop
      Dataset =  ST_s-channel  ||   nEvents =  1000000
          hist nEntries =  556.0
          hist integral =  68.554774344
      Dataset =  ST_t-channel_antitop  ||   nEvents =  38811017
          hist nEntries =  1728.0
          hist integral =  128.714142084
      Dataset =  ST_tW_top  ||   nEvents =  6952830
          hist nEntries =  1837.0
          hist integral =  343.198225975
      Dataset =  ST_t-channel_top  ||   nEvents =  58403420
          hist nEntries =  3779.0
          hist integral =  308.911761761
      Dataset =  ST_tW_antitop  ||   nEvents =  6933094
          hist nEntries =  1793.0
          hist integral =  341.739246368
  Process =  WPlusJets
      Dataset =  HT200To400  ||   nEvents =  38984322
Applied WPlusJets qcd/ewk Weights correctly
          hist nEntries =  581.0
          hist integral =  235.806352764
      Dataset =  HT70To100  ||   nEvents =  10020533
Applied WPlusJets qcd/ewk Weights correctly
          hist nEntries =  0.0
          hist integral =  0.0
      Dataset =  HT600To800  ||   nEvents =  18687480
Applied WPlusJets qcd/ewk Weights correctly
          hist nEntries =  23135.0
          hist integral =  608.713816643
      Dataset =  HT1200To2500  ||   nEvents =  6872441
Applied WPlusJets qcd/ewk Weights correctly
          hist nEntries =  42636.0
          hist integral =  1403.18778419
      Dataset =  HT100To200  ||   nEvents =  78043017
Applied WPlusJets qcd/ewk Weights correctly
          hist nEntries =  1.0
          hist integral =  0.117727413774
      Dataset =  HT400To600  ||   nEvents =  7687800
Applied WPlusJets qcd/ewk Weights correctly
          hist nEntries =  2811.0
          hist integral =  752.496087492
      Dataset =  HT2500ToInf  ||   nEvents =  2637821
Applied WPlusJets qcd/ewk Weights correctly
          hist nEntries =  21454.0
          hist integral =  11.6672548652
      Dataset =  HT800To1200  ||   nEvents =  7830536
Applied WPlusJets qcd/ewk Weights correctly
          hist nEntries =  22363.0
          hist integral =  153.541353345
-----------------------------
Total data background nEvents =  39981.0
Total data background integral =  39981.0
-----------------------------
Total MC background nEvents =  460606.0
Total MC background integral =  42171.0643921
-----------------------------
Total tt+DM signal nEvents =  12458.0
Total tt+DM signal integral =  122.365325093
-----------------------------
Total t+DM signal nEvents =  2556.0
Total t+DM signal integral =  32.445512265
-----------------------------
FOM for tt+DM signal =  0.595869404888
FOM for t+DM signal =  0.157996459127
-----------------------------
Data bin errors:
    bin 0: 0.0
    bin 1: 113.379892397
    bin 2: 90.5869747811
    bin 3: 73.4642770331
    bin 4: 60.8687111741
    bin 5: 50.4579032462
    bin 6: 42.8719022205
    bin 7: 36.3730669589
    bin 8: 31.304951685
    bin 9: 26.8141753556
    bin 10: 23.5372045919
    bin 11: 20.0748598999
    bin 12: 17.6068168617
    bin 13: 15.2643375225
    bin 14: 13.0766968306
    bin 15: 12.0415945788
-----------------------------
MC background bin errors:
    bin 0: 0.0
    bin 1: 209.716820803
    bin 2: 149.702726976
    bin 3: 106.352293683
    bin 4: 81.6900042506
    bin 5: 59.7041490216
    bin 6: 41.9588002028
    bin 7: 36.9525189485
    bin 8: 27.8558010464
    bin 9: 21.9396139689
    bin 10: 17.2020579998
    bin 11: 14.43911779
    bin 12: 10.863726498
    bin 13: 9.57525995343
    bin 14: 7.24439218404
    bin 15: 8.89873464358
-----------------------------
tt+DM bin errors:
    bin 0: 0.0
    bin 1: 0.533108610668
    bin 2: 0.470721584791
    bin 3: 0.414822993008
    bin 4: 0.357520151582
    bin 5: 0.309899267223
    bin 6: 0.261366501235
    bin 7: 0.248771026104
    bin 8: 0.219036094481
    bin 9: 0.195975140282
    bin 10: 0.178171196769
    bin 11: 0.169742374823
    bin 12: 0.139625065971
    bin 13: 0.132913746585
    bin 14: 0.120187073406
    bin 15: 0.112057535014
-----------------------------
t+DM bin errors:
    bin 0: 0.0Info in <TCanvas::Print>: png file plots/CR_2016/METcorrected_pt/09_17_2021/AH0lQR2016_METcorrected_pt_09_17_2021_0fjet.png has been created

    bin 1: 0.325309982268
    bin 2: 0.272010685307
    bin 3: 0.237638947715
    bin 4: 0.223813640694
    bin 5: 0.202102417494
    bin 6: 0.168797298841
    bin 7: 0.167064259406
    bin 8: 0.146119204096
    bin 9: 0.103848805071
    bin 10: 0.126077042629
    bin 11: 0.105520146227
    bin 12: 0.0743060172367
    bin 13: 0.0978234006244
    bin 14: 0.0607698301809
    bin 15: 0.0702853474795
-----------------------------
ZTo2Nu hist info:
    nEvents =  77176.0
    integral =  1990.14854336
tbar scalar hist info:
    nEvents =  2556.0
    integral =  32.445512265
TTTo2L2Nu hist info:
    nEvents =  25943.0
    integral =  1019.84792662
singleTop hist info:
    nEvents =  9693.0
    integral =  1191.11816978
TTV hist info:
    nEvents =  64911.0
    integral =  111.923786402
bkgSum hist info:
    nEvents =  460606.0
    integral =  42171.0643921
ttbar scalar hist info:
    nEvents =  12458.0
    integral =  122.365325093
VV hist info:
    nEvents =  12827.0
    integral =  263.727366209
QCD hist info:
    nEvents =  33398.0
    integral =  25130.529953
ZTo2L hist info:
    nEvents =  16727.0
    integral =  163.279866576
data hist info:
    nEvents =  39981.0
    integral =  39981.0
WPlusJets hist info:
    nEvents =  112981.0
    integral =  3165.53037834
TTToSemiLepton hist info:
    nEvents =  106950.0
    integral =  9134.95627213
Finished filling histograms
Creating stacked MC background histogram...
Finished stacking MC background histograms.
Drawing histograms...
Finished drawing histograms
Drawing ratio plot...
Finished drawing ratio plot
Plotting end time: 2021-09-18 17:03:45.423733
