Plotting start time: 2021-09-18 16:57:35.430491
Cut name =  SL2lTR
MC Selection Cuts =  (njets >= 2 && nbjets >= 1 && nTightElectrons  == 2 && nVetoElectrons == 2 && nLooseMuons == 0 && METcorrected_pt >= 250 && M_T2ll <= 80 && Flag_goodVertices && Flag_globalSuperTightHalo2016Filter && Flag_HBHENoiseFilter && Flag_HBHENoiseIsoFilter && Flag_EcalDeadCellTriggerPrimitiveFilter && Flag_BadPFMuonFilter && ((HLT_Ele27_WPTight_Gsf) || (HLT_Ele115_CaloIdVT_GsfTrkIdT || HLT_Photon175)) && PV_npvsGood > 0 && PV_ndof > 4 && abs(PV_z) < 24 && sqrt(pow(PV_x,2)+pow(PV_y,2)) < 2 && nfjets == 0) || (njets >= 2 && nbjets >= 1 && nVetoElectrons  == 0 && nTightMuons == 2 && nLooseMuons == 2 && METcorrected_pt >= 250 && M_T2ll <= 80 && Flag_goodVertices && Flag_globalSuperTightHalo2016Filter && Flag_HBHENoiseFilter && Flag_HBHENoiseIsoFilter && Flag_EcalDeadCellTriggerPrimitiveFilter && Flag_BadPFMuonFilter && (HLT_IsoMu24 || HLT_IsoTkMu24) && PV_npvsGood > 0 && PV_ndof > 4 && abs(PV_z) < 24 && sqrt(pow(PV_x,2)+pow(PV_y,2)) < 2 && nfjets == 0) || (njets >= 2 && nbjets >= 1 && nTightElectrons  == 1 && nVetoElectrons == 1 && nTightMuons == 1 && nLooseMuons == 1 && METcorrected_pt >= 250 && M_T2ll <= 80 && tightElectron1_charge != tightMuon1_charge && Flag_goodVertices && Flag_globalSuperTightHalo2016Filter && Flag_HBHENoiseFilter && Flag_HBHENoiseIsoFilter && Flag_EcalDeadCellTriggerPrimitiveFilter && Flag_BadPFMuonFilter && (HLT_IsoMu24 || HLT_IsoTkMu24) && PV_npvsGood > 0 && PV_ndof > 4 && abs(PV_z) < 24 && sqrt(pow(PV_x,2)+pow(PV_y,2)) < 2 && nfjets == 0)
Data Selection Cuts =  (njets >= 2 && nbjets >= 1 && nTightElectrons  == 2 && nVetoElectrons == 2 && nLooseMuons == 0 && METcorrected_pt >= 250 && M_T2ll <= 80 && Flag_goodVertices && Flag_globalSuperTightHalo2016Filter && Flag_HBHENoiseFilter && Flag_HBHENoiseIsoFilter && Flag_EcalDeadCellTriggerPrimitiveFilter && Flag_BadPFMuonFilter && ((HLT_Ele27_WPTight_Gsf) || (HLT_Ele115_CaloIdVT_GsfTrkIdT || HLT_Photon175)) && PV_npvsGood > 0 && PV_ndof > 4 && abs(PV_z) < 24 && sqrt(pow(PV_x,2)+pow(PV_y,2)) < 2 && nfjets == 0) || (njets >= 2 && nbjets >= 1 && nVetoElectrons  == 0 && nTightMuons == 2 && nLooseMuons == 2 && METcorrected_pt >= 250 && M_T2ll <= 80 && Flag_goodVertices && Flag_globalSuperTightHalo2016Filter && Flag_HBHENoiseFilter && Flag_HBHENoiseIsoFilter && Flag_EcalDeadCellTriggerPrimitiveFilter && Flag_BadPFMuonFilter && (HLT_IsoMu24 || HLT_IsoTkMu24) && PV_npvsGood > 0 && PV_ndof > 4 && abs(PV_z) < 24 && sqrt(pow(PV_x,2)+pow(PV_y,2)) < 2 && nfjets == 0) || (njets >= 2 && nbjets >= 1 && nTightElectrons  == 1 && nVetoElectrons == 1 && nTightMuons == 1 && nLooseMuons == 1 && METcorrected_pt >= 250 && M_T2ll <= 80 && tightElectron1_charge != tightMuon1_charge && Flag_goodVertices && Flag_globalSuperTightHalo2016Filter && Flag_HBHENoiseFilter && Flag_HBHENoiseIsoFilter && Flag_EcalDeadCellTriggerPrimitiveFilter && Flag_BadPFMuonFilter && (HLT_IsoMu24 || HLT_IsoTkMu24) && PV_npvsGood > 0 && PV_ndof > 4 && abs(PV_z) < 24 && sqrt(pow(PV_x,2)+pow(PV_y,2)) < 2 && nfjets == 0) && Flag_eeBadScFilter
var =  METcorrected_pt
year =  2016
lumi =  35.92
saveDirectory =  plots/CR_2016/METcorrected_pt/
date =  09_17_2021
Creating histograms..
Finished making systematic histogram dictionary
Drawing data and ratio plot...
Selected both SingleMuon and SingleElectron dataset
Loading data sample root files and event trees...
    nevents in filepath = /hdfs/store/user/vshang/SingleElectron_Run2016B/SingleElectron/ModuleCommonSkim_09072021/tree_all.root: 22782
    nevents in filepath = /hdfs/store/user/vshang/SingleElectron_Run2016C/SingleElectron/ModuleCommonSkim_09072021/tree_all.root: 10461
    nevents in filepath = /hdfs/store/user/vshang/SingleElectron_Run2016D/SingleElectron/ModuleCommonSkim_09072021/tree_all.root: 16768
    nevents in filepath = /hdfs/store/user/vshang/SingleElectron_Run2016E/SingleElectron/ModuleCommonSkim_09072021/tree_all.root: 16144
    nevents in filepath = /hdfs/store/user/vshang/SingleElectron_Run2016F/SingleElectron/ModuleCommonSkim_09072021/tree_all.root: 11280
    nevents in filepath = /hdfs/store/user/vshang/SingleElectron_Run2016G/SingleElectron/ModuleCommonSkim_09072021/tree_all.root: 26138
    nevents in filepath = /hdfs/store/user/vshang/SingleElectron_Run2016H/SingleElectron/ModuleCommonSkim_09072021/tree_all.root: 28833
    total nevents in  SingleElectron :  132406
    nevents in filepath = /hdfs/store/user/vshang/SingleMuon_Run2016B/SingleMuon/ModuleCommonSkim_09072021/tree_all.root: 32522
    nevents in filepath = /hdfs/store/user/vshang/SingleMuon_Run2016C/SingleMuon/ModuleCommonSkim_09072021/tree_all.root: 14737
    nevents in filepath = /hdfs/store/user/vshang/SingleMuon_Run2016D/SingleMuon/ModuleCommonSkim_09072021/tree_all.root: 24046
    nevents in filepath = /hdfs/store/user/vshang/SingleMuon_Run2016E/SingleMuon/ModuleCommonSkim_09072021/tree_all.root: 23626
    nevents in filepath = /hdfs/store/user/vshang/SingleMuon_Run2016F/SingleMuon/ModuleCommonSkim_09072021/tree_all.root: 18244
    nevents in filepath = /hdfs/store/user/vshang/SingleMuon_Run2016G/SingleMuon/ModuleCommonSkim_09072021/tree_all.root: 41733
    nevents in filepath = /hdfs/store/user/vshang/SingleMuon_Run2016H/SingleMuon/ModuleCommonSkim_09072021/tree_all.root: 46527
    total nevents in  SingleMuon :  201435
Got data sample root files and event trees
Loading MC sample root files and event trees...
    nevents in  ZTo2Nu   HT600To800 :  5693589
    nevents in  ZTo2Nu   HT1200To2500 :  513471
    nevents in  ZTo2Nu   HT100To200 :  24272858
    nevents in  ZTo2Nu   HT2500ToInf :  405030
    nevents in  ZTo2Nu   HT800To1200 :  2170137
    nevents in  ZTo2Nu   HT200To400 :  24761211
    nevents in  ZTo2Nu   HT400To600 :  9862869
    nevents in  tbar scalar   tWChan_Mchi1Mphi100 :  200000
    nevents in  tbar scalar   tChan_Mchi1Mphi100 :  500000
    nevents in  WW   WWTo1L1Nu2Q :  5246469
    nevents in  WW   WWTo4Q :  30324343
    nevents in  WW   WWTo2L2Nu :  1999000
    nevents in  ttbarPlusJets   TTToSemiLepton :  152669800
    nevents in  ttbarPlusJets   TTTo2L2Nu :  79140880
    nevents in  ttbar scalar   ttDM_MChi1_MPhi100_scalar :  2625075
    nevents in  ZZ   ZZTo2Q2Nu :  52855410
    nevents in  ZZ   ZZTo4L :  103121112
    nevents in  ZZ   ZZTo2L2Q :  15462693
    nevents in  ZZ   ZZTo2L2Nu :  52855410
    nevents in  ZZ   ZZTo4Q :  30636849
    nevents in  QCD   HT700To1000 :  37233786
    nevents in  QCD   HT500To700 :  62622029
    nevents in  QCD   HT2000ToInf :  5804179
    nevents in  QCD   HT1000To1500 :  15210939
    nevents in  QCD   HT1500To2000 :  11839357
    nevents in  QCD   HT100To200 :  82293477
    nevents in  QCD   HT300To500 :  54552852
    nevents in  QCD   HT200To300 :  57580393
    nevents in  WZ   WZTo2Q2Nu :  17725159
    nevents in  WZ   WZTo2L2Q :  26445785
    nevents in  WZ   WZTo3LNu :  19993200
    nevents in  WZ   WZTo1L3Nu :  1703772
    nevents in  WZ   WZTo1L1Nu2Q :  24311445
    nevents in  TTV   TTZToQQ :  749400
    nevents in  TTV   TTWJetsToLNu :  5280565
    nevents in  TTV   TTWJetsToQQ :  833298
    nevents in  TTV   TTZToLLNuNu :  13692628
    nevents in  ZTo2L   HT600To800 :  8292957
    nevents in  ZTo2L   HT1200To2500 :  596079
    nevents in  ZTo2L   HT100To200 :  11017086
    nevents in  ZTo2L   HT2500ToInf :  399492
    nevents in  ZTo2L   HT800To1200 :  2673066
    nevents in  ZTo2L   HT200To400 :  9609137
    nevents in  ZTo2L   HT400To600 :  9725661
    nevents in  singleTop   ST_s-channel :  1000000
    nevents in  singleTop   ST_t-channel_antitop :  38811017
    nevents in  singleTop   ST_tW_top :  6952830
    nevents in  singleTop   ST_t-channel_top :  58403420
    nevents in  singleTop   ST_tW_antitop :  6933094
    nevents in  WPlusJets   HT200To400 :  38984322
    nevents in  WPlusJets   HT70To100 :  10020533
    nevents in  WPlusJets   HT600To800 :  18687480
    nevents in  WPlusJets   HT1200To2500 :  6872441
    nevents in  WPlusJets   HT100To200 :  78043017
    nevents in  WPlusJets   HT400To600 :  7687800
    nevents in  WPlusJets   HT2500ToInf :  2637821
    nevents in  WPlusJets   HT800To1200 :  7830536
Got MC sample root files andInfo in <TCanvas::MakeDefCanvas>:  created default TCanvas with name c1
TFile::Append:0: RuntimeWarning: Replacing existing TH1: hist (Potential memory leak).
TFile::Append:0: RuntimeWarning: Replacing existing TH1: hist (Potential memory leak).
TFile::Append:0: RuntimeWarning: Replacing existing TH1: hist (Potential memory leak).
TFile::Append:0: RuntimeWarning: Replacing existing TH1: hist (Potential memory leak).
TFile::Append:0: RuntimeWarning: Replacing existing TH1: hist (Potential memory leak).
TFile::Append:0: RuntimeWarning: Replacing existing TH1: hist (Potential memory leak).
 event trees
Filling histograms...
  Dataset =  SingleElectron  ||   nEvents =  132406
  Using cut =  njets >= 2 && nbjets >= 1 && nTightElectrons  == 2 && nVetoElectrons == 2 && nLooseMuons == 0 && METcorrected_pt >= 250 && M_T2ll <= 80 && Flag_goodVertices && Flag_globalSuperTightHalo2016Filter && Flag_HBHENoiseFilter && Flag_HBHENoiseIsoFilter && Flag_EcalDeadCellTriggerPrimitiveFilter && Flag_BadPFMuonFilter && ((HLT_Ele27_WPTight_Gsf) || (HLT_Ele115_CaloIdVT_GsfTrkIdT || HLT_Photon175)) && PV_npvsGood > 0 && PV_ndof > 4 && abs(PV_z) < 24 && sqrt(pow(PV_x,2)+pow(PV_y,2)) < 2 && nfjets == 0 && Flag_eeBadScFilter
    hist nEntries =  43.0
    hist integral =  43.0
    hist_data nEntries =  43.0
    hist_data integral =  43.0
  Using cut =  njets >= 2 && nbjets >= 1 && nTightElectrons  == 2 && nVetoElectrons == 2 && nLooseMuons == 0 && METcorrected_pt >= 250 && M_T2ll <= 80 && Flag_goodVertices && Flag_globalSuperTightHalo2016Filter && Flag_HBHENoiseFilter && Flag_HBHENoiseIsoFilter && Flag_EcalDeadCellTriggerPrimitiveFilter && Flag_BadPFMuonFilter && ((HLT_Ele27_WPTight_Gsf) || (HLT_Ele115_CaloIdVT_GsfTrkIdT || HLT_Photon175)) && PV_npvsGood > 0 && PV_ndof > 4 && abs(PV_z) < 24 && sqrt(pow(PV_x,2)+pow(PV_y,2)) < 2 && nfjets == 0 && Flag_eeBadScFilter
    hist nEntries =  17.0
    hist integral =  17.0
    hist_data nEntries =  60.0
    hist_data integral =  60.0
  Using cut =  njets >= 2 && nbjets >= 1 && nTightElectrons  == 2 && nVetoElectrons == 2 && nLooseMuons == 0 && METcorrected_pt >= 250 && M_T2ll <= 80 && Flag_goodVertices && Flag_globalSuperTightHalo2016Filter && Flag_HBHENoiseFilter && Flag_HBHENoiseIsoFilter && Flag_EcalDeadCellTriggerPrimitiveFilter && Flag_BadPFMuonFilter && ((HLT_Ele27_WPTight_Gsf) || (HLT_Ele115_CaloIdVT_GsfTrkIdT || HLT_Photon175)) && PV_npvsGood > 0 && PV_ndof > 4 && abs(PV_z) < 24 && sqrt(pow(PV_x,2)+pow(PV_y,2)) < 2 && nfjets == 0 && Flag_eeBadScFilter
    hist nEntries =  29.0
    hist integral =  29.0
    hist_data nEntries =  89.0
    hist_data integral =  89.0
  Using cut =  njets >= 2 && nbjets >= 1 && nTightElectrons  == 2 && nVetoElectrons == 2 && nLooseMuons == 0 && METcorrected_pt >= 250 && M_T2ll <= 80 && Flag_goodVertices && Flag_globalSuperTightHalo2016Filter && Flag_HBHENoiseFilter && Flag_HBHENoiseIsoFilter && Flag_EcalDeadCellTriggerPrimitiveFilter && Flag_BadPFMuonFilter && ((HLT_Ele27_WPTight_Gsf) || (HLT_Ele115_CaloIdVT_GsfTrkIdT || HLT_Photon175)) && PV_npvsGood > 0 && PV_ndof > 4 && abs(PV_z) < 24 && sqrt(pow(PV_x,2)+pow(PV_y,2)) < 2 && nfjets == 0 && Flag_eeBadScFilter
    hist nEntries =  21.0
    hist integral =  21.0
    hist_data nEntries =  110.0
    hist_data integral =  110.0
  Using cut =  njets >= 2 && nbjets >= 1 && nTightElectrons  == 2 && nVetoElectrons == 2 && nLooseMuons == 0 && METcorrected_pt >= 250 && M_T2ll <= 80 && Flag_goodVertices && Flag_globalSuperTightHalo2016Filter && Flag_HBHENoiseFilter && Flag_HBHENoiseIsoFilter && Flag_EcalDeadCellTriggerPrimitiveFilter && Flag_BadPFMuonFilter && ((HLT_Ele27_WPTight_Gsf) || (HLT_Ele115_CaloIdVT_GsfTrkIdT || HLT_Photon175)) && PV_npvsGood > 0 && PV_ndof > 4 && abs(PV_z) < 24 && sqrt(pow(PV_x,2)+pow(PV_y,2)) < 2 && nfjets == 0 && Flag_eeBadScFilter
    hist nEntries =  19.0
    hist integral =  19.0
    hist_data nEntries =  129.0
    hist_data integral =  129.0
  Using cut =  njets >= 2 && nbjets >= 1 && nTightElectrons  == 2 && nVetoElectrons == 2 && nLooseMuons == 0 && METcorrected_pt >= 250 && M_T2ll <= 80 && Flag_goodVertices && Flag_globalSuperTightHalo2016Filter && Flag_HBHENoiseFilter && Flag_HBHENoiseIsoFilter && Flag_EcalDeadCellTriggerPrimitiveFilter && Flag_BadPFMuonFilter && ((HLT_Ele27_WPTight_Gsf) || (HLT_Ele115_CaloIdVT_GsfTrkIdT || HLT_Photon175)) && PV_npvsGood > 0 && PV_ndof > 4 && abs(PV_z) < 24 && sqrt(pow(PV_x,2)+pow(PV_y,2)) < 2 && nfjets == 0 && Flag_eeBadScFilter
    hist nEntries =  40.0
    hist integral =  40.0
    hist_data nEntries =  169.0
    hist_data integral =  169.0
  Using cut =  njets >= 2 && nbjets >= 1 && nTightElectrons  == 2 && nVetoElectrons == 2 && nLooseMuonsTFile::Append:0: RuntimeWarning: Replacing existing TH1: hist (Potential memory leak).
TFile::Append:0: RuntimeWarning: Replacing existing TH1: hist (Potential memory leak).
TFile::Append:0: RuntimeWarning: Replacing existing TH1: hist (Potential memory leak).
TFile::Append:0: RuntimeWarning: Replacing existing TH1: hist (Potential memory leak).
 == 0 && METcorrected_pt >= 250 && M_T2ll <= 80 && Flag_goodVertices && Flag_globalSuperTightHalo2016Filter && Flag_HBHENoiseFilter && Flag_HBHENoiseIsoFilter && Flag_EcalDeadCellTriggerPrimitiveFilter && Flag_BadPFMuonFilter && ((HLT_Ele27_WPTight_Gsf) || (HLT_Ele115_CaloIdVT_GsfTrkIdT || HLT_Photon175)) && PV_npvsGood > 0 && PV_ndof > 4 && abs(PV_z) < 24 && sqrt(pow(PV_x,2)+pow(PV_y,2)) < 2 && nfjets == 0 && Flag_eeBadScFilter
    hist nEntries =  34.0
    hist integral =  34.0
    hist_data nEntries =  203.0
    hist_data integral =  203.0
  Dataset =  SingleMuon  ||   nEvents =  201435
  Using cut =  ((njets >= 2 && nbjets >= 1 && nVetoElectrons  == 0 && nTightMuons == 2 && nLooseMuons == 2 && METcorrected_pt >= 250 && M_T2ll <= 80 && Flag_goodVertices && Flag_globalSuperTightHalo2016Filter && Flag_HBHENoiseFilter && Flag_HBHENoiseIsoFilter && Flag_EcalDeadCellTriggerPrimitiveFilter && Flag_BadPFMuonFilter && (HLT_IsoMu24 || HLT_IsoTkMu24) && PV_npvsGood > 0 && PV_ndof > 4 && abs(PV_z) < 24 && sqrt(pow(PV_x,2)+pow(PV_y,2)) < 2 && nfjets == 0) || (njets >= 2 && nbjets >= 1 && nTightElectrons  == 1 && nVetoElectrons == 1 && nTightMuons == 1 && nLooseMuons == 1 && METcorrected_pt >= 250 && M_T2ll <= 80 && tightElectron1_charge != tightMuon1_charge && Flag_goodVertices && Flag_globalSuperTightHalo2016Filter && Flag_HBHENoiseFilter && Flag_HBHENoiseIsoFilter && Flag_EcalDeadCellTriggerPrimitiveFilter && Flag_BadPFMuonFilter && (HLT_IsoMu24 || HLT_IsoTkMu24) && PV_npvsGood > 0 && PV_ndof > 4 && abs(PV_z) < 24 && sqrt(pow(PV_x,2)+pow(PV_y,2)) < 2 && nfjets == 0)) && Flag_eeBadScFilter
    hist nEntries =  154.0
    hist integral =  154.0
    hist_data nEntries =  357.0
    hist_data integral =  357.0
  Using cut =  ((njets >= 2 && nbjets >= 1 && nVetoElectrons  == 0 && nTightMuons == 2 && nLooseMuons == 2 && METcorrected_pt >= 250 && M_T2ll <= 80 && Flag_goodVertices && Flag_globalSuperTightHalo2016Filter && Flag_HBHENoiseFilter && Flag_HBHENoiseIsoFilter && Flag_EcalDeadCellTriggerPrimitiveFilter && Flag_BadPFMuonFilter && (HLT_IsoMu24 || HLT_IsoTkMu24) && PV_npvsGood > 0 && PV_ndof > 4 && abs(PV_z) < 24 && sqrt(pow(PV_x,2)+pow(PV_y,2)) < 2 && nfjets == 0) || (njets >= 2 && nbjets >= 1 && nTightElectrons  == 1 && nVetoElectrons == 1 && nTightMuons == 1 && nLooseMuons == 1 && METcorrected_pt >= 250 && M_T2ll <= 80 && tightElectron1_charge != tightMuon1_charge && Flag_goodVertices && Flag_globalSuperTightHalo2016Filter && Flag_HBHENoiseFilter && Flag_HBHENoiseIsoFilter && Flag_EcalDeadCellTriggerPrimitiveFilter && Flag_BadPFMuonFilter && (HLT_IsoMu24 || HLT_IsoTkMu24) && PV_npvsGood > 0 && PV_ndof > 4 && abs(PV_z) < 24 && sqrt(pow(PV_x,2)+pow(PV_y,2)) < 2 && nfjets == 0)) && Flag_eeBadScFilter
    hist nEntries =  65.0
    hist integral =  65.0
    hist_data nEntries =  422.0
    hist_data integral =  422.0
  Using cut =  ((njets >= 2 && nbjets >= 1 && nVetoElectrons  == 0 && nTightMuons == 2 && nLooseMuons == 2 && METcorrected_pt >= 250 && M_T2ll <= 80 && Flag_goodVertices && Flag_globalSuperTightHalo2016Filter && Flag_HBHENoiseFilter && Flag_HBHENoiseIsoFilter && Flag_EcalDeadCellTriggerPrimitiveFilter && Flag_BadPFMuonFilter && (HLT_IsoMu24 || HLT_IsoTkMu24) && PV_npvsGood > 0 && PV_ndof > 4 && abs(PV_z) < 24 && sqrt(pow(PV_x,2)+pow(PV_y,2)) < 2 && nfjets == 0) || (njets >= 2 && nbjets >= 1 && nTightElectrons  == 1 && nVetoElectrons == 1 && nTightMuons == 1 && nLooseMuons == 1 && METcorrected_pt >= 250 && M_T2ll <= 80 && tightElectron1_charge != tightMuon1_charge && Flag_goodVertices && Flag_globalSuperTightHalo2016Filter && Flag_HBHENoiseFilter && Flag_HBHENoiseIsoFilter && Flag_EcalDeadCellTriggerPrimitiveFilter && Flag_BadPFMuonFilter && (HLT_IsoMu24 || HLT_IsoTkMu24) && PV_npvsGood > 0 && PV_ndof > 4 && abs(PV_z) < 24 && sqrt(pow(PV_x,2)+pow(PV_y,2)) < 2 && nfjets == 0)) && Flag_eeBadScFilter
    hist nEntries =  109.0
    hist integral =  109.0
    hist_data nEntries =  531.0
    hist_data integral =  531.0
  Using cut =  ((njets >= 2 && nbjets >= 1 && nVetoElectrons  == 0 && nTightMuons == 2 && nLooseMuons == 2 && MTFile::Append:0: RuntimeWarning: Replacing existing TH1: hist (Potential memory leak).
TFile::Append:0: RuntimeWarning: Replacing existing TH1: hist (Potential memory leak).
TFile::Append:0: RuntimeWarning: Replacing existing TH1: hist (Potential memory leak).
ETcorrected_pt >= 250 && M_T2ll <= 80 && Flag_goodVertices && Flag_globalSuperTightHalo2016Filter && Flag_HBHENoiseFilter && Flag_HBHENoiseIsoFilter && Flag_EcalDeadCellTriggerPrimitiveFilter && Flag_BadPFMuonFilter && (HLT_IsoMu24 || HLT_IsoTkMu24) && PV_npvsGood > 0 && PV_ndof > 4 && abs(PV_z) < 24 && sqrt(pow(PV_x,2)+pow(PV_y,2)) < 2 && nfjets == 0) || (njets >= 2 && nbjets >= 1 && nTightElectrons  == 1 && nVetoElectrons == 1 && nTightMuons == 1 && nLooseMuons == 1 && METcorrected_pt >= 250 && M_T2ll <= 80 && tightElectron1_charge != tightMuon1_charge && Flag_goodVertices && Flag_globalSuperTightHalo2016Filter && Flag_HBHENoiseFilter && Flag_HBHENoiseIsoFilter && Flag_EcalDeadCellTriggerPrimitiveFilter && Flag_BadPFMuonFilter && (HLT_IsoMu24 || HLT_IsoTkMu24) && PV_npvsGood > 0 && PV_ndof > 4 && abs(PV_z) < 24 && sqrt(pow(PV_x,2)+pow(PV_y,2)) < 2 && nfjets == 0)) && Flag_eeBadScFilter
    hist nEntries =  98.0
    hist integral =  98.0
    hist_data nEntries =  629.0
    hist_data integral =  629.0
  Using cut =  ((njets >= 2 && nbjets >= 1 && nVetoElectrons  == 0 && nTightMuons == 2 && nLooseMuons == 2 && METcorrected_pt >= 250 && M_T2ll <= 80 && Flag_goodVertices && Flag_globalSuperTightHalo2016Filter && Flag_HBHENoiseFilter && Flag_HBHENoiseIsoFilter && Flag_EcalDeadCellTriggerPrimitiveFilter && Flag_BadPFMuonFilter && (HLT_IsoMu24 || HLT_IsoTkMu24) && PV_npvsGood > 0 && PV_ndof > 4 && abs(PV_z) < 24 && sqrt(pow(PV_x,2)+pow(PV_y,2)) < 2 && nfjets == 0) || (njets >= 2 && nbjets >= 1 && nTightElectrons  == 1 && nVetoElectrons == 1 && nTightMuons == 1 && nLooseMuons == 1 && METcorrected_pt >= 250 && M_T2ll <= 80 && tightElectron1_charge != tightMuon1_charge && Flag_goodVertices && Flag_globalSuperTightHalo2016Filter && Flag_HBHENoiseFilter && Flag_HBHENoiseIsoFilter && Flag_EcalDeadCellTriggerPrimitiveFilter && Flag_BadPFMuonFilter && (HLT_IsoMu24 || HLT_IsoTkMu24) && PV_npvsGood > 0 && PV_ndof > 4 && abs(PV_z) < 24 && sqrt(pow(PV_x,2)+pow(PV_y,2)) < 2 && nfjets == 0)) && Flag_eeBadScFilter
    hist nEntries =  62.0
    hist integral =  62.0
    hist_data nEntries =  691.0
    hist_data integral =  691.0
  Using cut =  ((njets >= 2 && nbjets >= 1 && nVetoElectrons  == 0 && nTightMuons == 2 && nLooseMuons == 2 && METcorrected_pt >= 250 && M_T2ll <= 80 && Flag_goodVertices && Flag_globalSuperTightHalo2016Filter && Flag_HBHENoiseFilter && Flag_HBHENoiseIsoFilter && Flag_EcalDeadCellTriggerPrimitiveFilter && Flag_BadPFMuonFilter && (HLT_IsoMu24 || HLT_IsoTkMu24) && PV_npvsGood > 0 && PV_ndof > 4 && abs(PV_z) < 24 && sqrt(pow(PV_x,2)+pow(PV_y,2)) < 2 && nfjets == 0) || (njets >= 2 && nbjets >= 1 && nTightElectrons  == 1 && nVetoElectrons == 1 && nTightMuons == 1 && nLooseMuons == 1 && METcorrected_pt >= 250 && M_T2ll <= 80 && tightElectron1_charge != tightMuon1_charge && Flag_goodVertices && Flag_globalSuperTightHalo2016Filter && Flag_HBHENoiseFilter && Flag_HBHENoiseIsoFilter && Flag_EcalDeadCellTriggerPrimitiveFilter && Flag_BadPFMuonFilter && (HLT_IsoMu24 || HLT_IsoTkMu24) && PV_npvsGood > 0 && PV_ndof > 4 && abs(PV_z) < 24 && sqrt(pow(PV_x,2)+pow(PV_y,2)) < 2 && nfjets == 0)) && Flag_eeBadScFilter
    hist nEntries =  185.0
    hist integral =  185.0
    hist_data nEntries =  876.0
    hist_data integral =  876.0
  Using cut =  ((njets >= 2 && nbjets >= 1 && nVetoElectrons  == 0 && nTightMuons == 2 && nLooseMuons == 2 && METcorrected_pt >= 250 && M_T2ll <= 80 && Flag_goodVertices && Flag_globalSuperTightHalo2016Filter && Flag_HBHENoiseFilter && Flag_HBHENoiseIsoFilter && Flag_EcalDeadCellTriggerPrimitiveFilter && Flag_BadPFMuonFilter && (HLT_IsoMu24 || HLT_IsoTkMu24) && PV_npvsGood > 0 && PV_ndof > 4 && abs(PV_z) < 24 && sqrt(pow(PV_x,2)+pow(PV_y,2)) < 2 && nfjets == 0) || (njets >= 2 && nbjets >= 1 && nTightElectrons  == 1 && nVetoElectrons == 1 && nTightMuons == 1 && nLooseMuons == 1 && METcorrected_pt >= 250 && M_T2ll <= 80 && tightElectron1_charge != tightMuon1_charge && Flag_goodVertices && Flag_globalSuperTightHalo2016Filter && Flag_HBHENoiseFilter && Flag_HBHENoiseIsoFilter && Flag_EcalDeadCellTriggerPrimitiveFiTFile::Append:0: RuntimeWarning: Replacing existing TH1: hist (Potential memory leak).
TFile::Append:0: RuntimeWarning: Replacing existing TH1: hist (Potential memory leak).
TFile::Append:0: RuntimeWarning: Replacing existing TH1: hist (Potential memory leak).
TFile::Append:0: RuntimeWarning: Replacing existing TH1: hist (Potential memory leak).
TFile::Append:0: RuntimeWarning: Replacing existing TH1: hist (Potential memory leak).
TFile::Append:0: RuntimeWarning: Replacing existing TH1: hist (Potential memory leak).
TFile::Append:0: RuntimeWarning: Replacing existing TH1: hist (Potential memory leak).
TFile::Append:0: RuntimeWarning: Replacing existing TH1: hist (Potential memory leak).
TFile::Append:0: RuntimeWarning: Replacing existing TH1: hist (Potential memory leak).
TFile::Append:0: RuntimeWarning: Replacing existing TH1: hist (Potential memory leak).
TFile::Append:0: RuntimeWarning: Replacing existing TH1: hist (Potential memory leak).
TFile::Append:0: RuntimeWarning: Replacing existing TH1: hist (Potential memory leak).
TFile::Append:0: RuntimeWarning: Replacing existing TH1: hist (Potential memory leak).
TFile::Append:0: RuntimeWarning: Replacing existing TH1: hist (Potential memory leak).
TFile::Append:0: RuntimeWarning: Replacing existing TH1: hist (Potential memory leak).
TFile::Append:0: RuntimeWarning: Replacing existing TH1: hist (Potential memory leak).
TFile::Append:0: RuntimeWarning: Replacing existing TH1: hist (Potential memory leak).
TFile::Append:0: RuntimeWarning: Replacing existing TH1: hist (Potential memory leak).
TFile::Append:0: RuntimeWarning: Replacing existing TH1: hist (Potential memory leak).
TFile::Append:0: RuntimeWarning: Replacing existing TH1: hist (Potential memory leak).
TFile::Append:0: RuntimeWarning: Replacing existing TH1: hist (Potential memory leak).
TFile::Append:0: RuntimeWarning: Replacing existing TH1: hist (Potential memory leak).
TFile::Append:0: RuntimeWarning: Replacing existing TH1: hist (Potential memory leak).
TFile::Append:0: RuntimeWarning: Replacing existing TH1: hist (Potential memory leak).
TFile::Append:0: RuntimeWarning: Replacing existing TH1: hist (Potential memory leak).
TFile::Append:0: RuntimeWarning: Replacing existing TH1: hist (Potential memory leak).
TFile::Append:0: RuntimeWarning: Replacing existing TH1: hist (Potential memory leak).
TFile::Append:0: RuntimeWarning: Replacing existing TH1: hist (Potential memory leak).
lter && Flag_BadPFMuonFilter && (HLT_IsoMu24 || HLT_IsoTkMu24) && PV_npvsGood > 0 && PV_ndof > 4 && abs(PV_z) < 24 && sqrt(pow(PV_x,2)+pow(PV_y,2)) < 2 && nfjets == 0)) && Flag_eeBadScFilter
    hist nEntries =  212.0
    hist integral =  212.0
    hist_data nEntries =  1088.0
    hist_data integral =  1088.0
  Process =  ZTo2Nu
      Dataset =  HT600To800  ||   nEvents =  5693589
Applied ZTo2Nu qcd/ewk Weights correctly
          hist nEntries =  0.0
          hist integral =  0.0
      Dataset =  HT1200To2500  ||   nEvents =  513471
Applied ZTo2Nu qcd/ewk Weights correctly
          hist nEntries =  0.0
          hist integral =  0.0
      Dataset =  HT100To200  ||   nEvents =  24272858
Applied ZTo2Nu qcd/ewk Weights correctly
          hist nEntries =  0.0
          hist integral =  0.0
      Dataset =  HT2500ToInf  ||   nEvents =  405030
Applied ZTo2Nu qcd/ewk Weights correctly
          hist nEntries =  0.0
          hist integral =  0.0
      Dataset =  HT800To1200  ||   nEvents =  2170137
Applied ZTo2Nu qcd/ewk Weights correctly
          hist nEntries =  0.0
          hist integral =  0.0
      Dataset =  HT200To400  ||   nEvents =  24761211
Applied ZTo2Nu qcd/ewk Weights correctly
          hist nEntries =  0.0
          hist integral =  0.0
      Dataset =  HT400To600  ||   nEvents =  9862869
Applied ZTo2Nu qcd/ewk Weights correctly
          hist nEntries =  0.0
          hist integral =  0.0
  Process =  tbar scalar
      Dataset =  tWChan_Mchi1Mphi100  ||   nEvents =  200000
          hist nEntries =  93.0
          hist integral =  0.760707046837
      Dataset =  tChan_Mchi1Mphi100  ||   nEvents =  500000
          hist nEntries =  0.0
          hist integral =  0.0
  Process =  WW
      Dataset =  WWTo1L1Nu2Q  ||   nEvents =  5246469
          hist nEntries =  0.0
          hist integral =  0.0
      Dataset =  WWTo4Q  ||   nEvents =  30324343
          hist nEntries =  0.0
          hist integral =  0.0
      Dataset =  WWTo2L2Nu  ||   nEvents =  1999000
          hist nEntries =  70.0
          hist integral =  13.3329072297
  Process =  ttbarPlusJets
      Dataset =  TTToSemiLepton  ||   nEvents =  152669800
          hist nEntries =  59.0
          hist integral =  4.33076212555
      Dataset =  TTTo2L2Nu  ||   nEvents =  79140880
          hist nEntries =  28107.0
          hist integral =  994.168843269
  Process =  ttbar scalar
      Dataset =  ttDM_MChi1_MPhi100_scalar  ||   nEvents =  2625075
          hist nEntries =  715.0
          hist integral =  6.29182225466
  Process =  ZZ
      Dataset =  ZZTo2Q2Nu  ||   nEvents =  52855410
          hist nEntries =  795.0
          hist integral =  1.99346965924
      Dataset =  ZZTo4L  ||   nEvents =  103121112
          hist nEntries =  74.0
          hist integral =  0.0320382056525
      Dataset =  ZZTo2L2Q  ||   nEvents =  15462693
          hist nEntries =  36.0
          hist integral =  0.234175075777
      Dataset =  ZZTo2L2Nu  ||   nEvents =  52855410
          hist nEntries =  795.0
          hist integral =  0.278296196135
      Dataset =  ZZTo4Q  ||   nEvents =  30636849
          hist nEntries =  0.0
          hist integral =  0.0
  Process =  QCD
      Dataset =  HT700To1000  ||   nEvents =  37233786
          hist nEntries =  0.0
          hist integral =  0.0
      Dataset =  HT500To700  ||   nEvents =  62622029
          hist nEntries =  0.0
          hist integral =  0.0
      Dataset =  HT2000ToInf  ||   nEvents =  5804179
          hist nEntries =  0.0
          hist integral =  0.0
      Dataset =  HT1000To1500  ||   nEvents =  15210939
          hist nEntries =  1.0
          hist integral =  2.84468865395
      Dataset =  HT1500To2000  ||   nEvents =  11839357
          hist nEntries =  0.0
          hist integral =  0.0
      Dataset =  HT100To200  ||   nEvents =  82293477
          hist nEntries =  0.0
          hist integral =  0.0
      Dataset =  HT300To500  ||   nEvents =  54552852
          hist nEntries =  0.0
          hist integral =  0.0
      Dataset =  HT200To300  ||   nEvents =  57580393
          hist nEntries =  0.TFile::Append:0: RuntimeWarning: Replacing existing TH1: hist (Potential memory leak).
TFile::Append:0: RuntimeWarning: Replacing existing TH1: hist (Potential memory leak).
TFile::Append:0: RuntimeWarning: Replacing existing TH1: hist (Potential memory leak).
TFile::Append:0: RuntimeWarning: Replacing existing TH1: hist (Potential memory leak).
TFile::Append:0: RuntimeWarning: Replacing existing TH1: hist (Potential memory leak).
TFile::Append:0: RuntimeWarning: Replacing existing TH1: hist (Potential memory leak).
TFile::Append:0: RuntimeWarning: Replacing existing TH1: hist (Potential memory leak).
TFile::Append:0: RuntimeWarning: Replacing existing TH1: hist (Potential memory leak).
TFile::Append:0: RuntimeWarning: Replacing existing TH1: hist (Potential memory leak).
TFile::Append:0: RuntimeWarning: Replacing existing TH1: hist (Potential memory leak).
TFile::Append:0: RuntimeWarning: Replacing existing TH1: hist (Potential memory leak).
TFile::Append:0: RuntimeWarning: Replacing existing TH1: hist (Potential memory leak).
TFile::Append:0: RuntimeWarning: Replacing existing TH1: hist (Potential memory leak).
TFile::Append:0: RuntimeWarning: Replacing existing TH1: hist (Potential memory leak).
TFile::Append:0: RuntimeWarning: Replacing existing TH1: hist (Potential memory leak).
TFile::Append:0: RuntimeWarning: Replacing existing TH1: hist (Potential memory leak).
TFile::Append:0: RuntimeWarning: Replacing existing TH1: hist (Potential memory leak).
TFile::Append:0: RuntimeWarning: Replacing existing TH1: hist (Potential memory leak).
TFile::Append:0: RuntimeWarning: Replacing existing TH1: hist (Potential memory leak).
TFile::Append:0: RuntimeWarning: Replacing existing TH1: hist (Potential memory leak).
TFile::Append:0: RuntimeWarning: Replacing existing TH1: hist (Potential memory leak).
TFile::Append:0: RuntimeWarning: Replacing existing TH1: hist (Potential memory leak).
TFile::Append:0: RuntimeWarning: Replacing existing TH1: hist (Potential memory leak).
TFile::Append:0: RuntimeWarning: Replacing existing TH1: hist (Potential memory leak).
TFile::Append:0: RuntimeWarning: Replacing existing TH1: hist (Potential memory leak).
TFile::Append:0: RuntimeWarning: Replacing existing TH1: hist (Potential memory leak).
TFile::Append:0: RuntimeWarning: Replacing existing TH1: hist (Potential memory leak).
0
          hist integral =  0.0
  Process =  WZ
      Dataset =  WZTo2Q2Nu  ||   nEvents =  17725159
          hist nEntries =  0.0
          hist integral =  0.0
      Dataset =  WZTo2L2Q  ||   nEvents =  26445785
          hist nEntries =  60.0
          hist integral =  0.425202185288
      Dataset =  WZTo3LNu  ||   nEvents =  19993200
          hist nEntries =  260.0
          hist integral =  1.96559759229
      Dataset =  WZTo1L3Nu  ||   nEvents =  1703772
          hist nEntries =  0.0
          hist integral =  0.0
      Dataset =  WZTo1L1Nu2Q  ||   nEvents =  24311445
          hist nEntries =  4.0
          hist integral =  0.0343898111023
  Process =  TTV
      Dataset =  TTZToQQ  ||   nEvents =  749400
          hist nEntries =  146.0
          hist integral =  3.15271036699
      Dataset =  TTWJetsToLNu  ||   nEvents =  5280565
          hist nEntries =  6349.0
          hist integral =  7.93345730007
      Dataset =  TTWJetsToQQ  ||   nEvents =  833298
          hist nEntries =  206.0
          hist integral =  3.28025082685
      Dataset =  TTZToLLNuNu  ||   nEvents =  13692628
          hist nEntries =  5340.0
          hist integral =  3.17030091025
  Process =  ZTo2L
      Dataset =  HT600To800  ||   nEvents =  8292957
Applied ZTo2L qcd/ewk Weights correctly
          hist nEntries =  384.0
          hist integral =  2.32844460197
      Dataset =  HT1200To2500  ||   nEvents =  596079
Applied ZTo2L qcd/ewk Weights correctly
          hist nEntries =  90.0
          hist integral =  0.880551455542
      Dataset =  HT100To200  ||   nEvents =  11017086
Applied ZTo2L qcd/ewk Weights correctly
          hist nEntries =  0.0
          hist integral =  0.0
      Dataset =  HT2500ToInf  ||   nEvents =  399492
Applied ZTo2L qcd/ewk Weights correctly
          hist nEntries =  128.0
          hist integral =  0.0583823311317
      Dataset =  HT800To1200  ||   nEvents =  2673066
Applied ZTo2L qcd/ewk Weights correctly
          hist nEntries =  227.0
          hist integral =  1.94185483828
      Dataset =  HT200To400  ||   nEvents =  9609137
Applied ZTo2L qcd/ewk Weights correctly
          hist nEntries =  5.0
          hist integral =  0.70996160619
      Dataset =  HT400To600  ||   nEvents =  9725661
Applied ZTo2L qcd/ewk Weights correctly
          hist nEntries =  173.0
          hist integral =  3.88330542448
  Process =  singleTop
      Dataset =  ST_s-channel  ||   nEvents =  1000000
          hist nEntries =  0.0
          hist integral =  0.0
      Dataset =  ST_t-channel_antitop  ||   nEvents =  38811017
          hist nEntries =  3.0
          hist integral =  0.133294939995
      Dataset =  ST_tW_top  ||   nEvents =  6952830
          hist nEntries =  496.0
          hist integral =  81.9264843464
      Dataset =  ST_t-channel_top  ||   nEvents =  58403420
          hist nEntries =  1.0
          hist integral =  0.0777789652348
      Dataset =  ST_tW_antitop  ||   nEvents =  6933094
          hist nEntries =  472.0
          hist integral =  77.1969663799
  Process =  WPlusJets
      Dataset =  HT200To400  ||   nEvents =  38984322
Applied WPlusJets qcd/ewk Weights correctly
          hist nEntries =  0.0
          hist integral =  0.0
      Dataset =  HT70To100  ||   nEvents =  10020533
Applied WPlusJets qcd/ewk Weights correctly
          hist nEntries =  0.0
          hist integral =  0.0
      Dataset =  HT600To800  ||   nEvents =  18687480
Applied WPlusJets qcd/ewk Weights correctly
          hist nEntries =  5.0
          hist integral =  0.081235196747
      Dataset =  HT1200To2500  ||   nEvents =  6872441
Applied WPlusJets qcd/ewk Weights correctly
          hist nEntries =  18.0
          hist integral =  0.482847713865
      Dataset =  HT100To200  ||   nEvents =  78043017
Applied WPlusJets qcd/ewk Weights correctly
          hist nEntries =  0.0
          hist integral =  0.0
      Dataset =  HT400To600  ||   nEvents =  7687800
Applied WPlusJets qcd/ewk Weights correctly
          hist nEntries =  0.0
          hist integral =  0.0
      Dataset =  HT2500ToInf  ||   nEvents =  2637821
AppliTFile::Append:0: RuntimeWarning: Replacing existing TH1: hist (Potential memory leak).
TFile::Append:0: RuntimeWarning: Replacing existing TH1: hist (Potential memory leak).
Info in <TCanvas::Print>: png file plots/CR_2016/METcorrected_pt/09_17_2021/SL2lTR2016_METcorrected_pt_09_17_2021_0fjet.png has been created
ed WPlusJets qcd/ewk Weights correctly
          hist nEntries =  5.0
          hist integral =  0.00270816660486
      Dataset =  HT800To1200  ||   nEvents =  7830536
Applied WPlusJets qcd/ewk Weights correctly
          hist nEntries =  7.0
          hist integral =  0.0386719275266
-----------------------------
Total data background nEvents =  1088.0
Total data background integral =  1088.0
-----------------------------
Total MC background nEvents =  44316.0
Total MC background integral =  1206.91959572
-----------------------------
Total tt+DM signal nEvents =  715.0
Total tt+DM signal integral =  6.29182225466
-----------------------------
Total t+DM signal nEvents =  93.0
Total t+DM signal integral =  0.760707046837
-----------------------------
FOM for tt+DM signal =  0.181107850406
FOM for t+DM signal =  0.0218966799228
-----------------------------
Data bin errors:
    bin 0: 0.0
    bin 1: 23.3666428911
    bin 2: 15.5563491861
    bin 3: 11.7473401245
    bin 4: 7.93725393319
    bin 5: 6.78232998313
    bin 6: 4.0
    bin 7: 3.74165738677
    bin 8: 3.0
    bin 9: 2.2360679775
-----------------------------
MC background bin errors:
    bin 0: 0.0
    bin 1: 5.5488313964
    bin 2: 4.75844210802
    bin 3: 3.18130803991
    bin 4: 2.30551150762
    bin 5: 1.76672119888
    bin 6: 1.47499823022
    bin 7: 1.13526543895
    bin 8: 0.959759110714
    bin 9: 0.649004360064
-----------------------------
tt+DM bin errors:
    bin 0: 0.0
    bin 1: 0.154463820192
    bin 2: 0.119826498735
    bin 3: 0.0909935117568
    bin 4: 0.0664072072137
    bin 5: 0.0552671461284
    bin 6: 0.0446943826238
    bin 7: 0.0330039713381
    bin 8: 0.016571208622
    bin 9: 0.0284897117234
-----------------------------
t+DM bin errors:
    bin 0: 0.0
    bin 1: 0.0443208970552
    bin 2: 0.0309570776721
    bin 3: 0.0345578537432
    bin 4: 0.0264751148776
    bin 5: 0.0180115657311
    bin 6: 0.0215835442117
    bin 7: 0.0213739942342
    bin 8: 0.0134282879445
    bin 9: 0.0140580850591
-----------------------------
ZTo2Nu hist info:
    nEvents =  0.0
    integral =  0.0
tbar scalar hist info:
    nEvents =  93.0
    integral =  0.760707046837
TTTo2L2Nu hist info:
    nEvents =  28107.0
    integral =  994.168843269
singleTop hist info:
    nEvents =  972.0
    integral =  159.334528446
TTV hist info:
    nEvents =  12041.0
    integral =  17.5367197245
bkgSum hist info:
    nEvents =  44316.0
    integral =  1206.91959572
ttbar scalar hist info:
    nEvents =  715.0
    integral =  6.29182225466
VV hist info:
    nEvents =  2094.0
    integral =  18.2960764691
QCD hist info:
    nEvents =  1.0
    integral =  2.84468865395
ZTo2L hist info:
    nEvents =  1007.0
    integral =  9.80250052363
data hist info:
    nEvents =  1088.0
    integral =  1088.0
WPlusJets hist info:
    nEvents =  35.0
    integral =  0.605463008396
TTToSemiLepton hist info:
    nEvents =  59.0
    integral =  4.33076212555
Finished filling histograms
Creating stacked MC background histogram...
Finished stacking MC background histograms.
Drawing histograms...
Finished drawing histograms
Drawing ratio plot...
Finished drawing ratio plot
Plotting end time: 2021-09-18 17:00:42.708237
