Plotting start time: 2021-09-28 06:17:39.341933
Cut name =  AH0lQR
MC Selection Cuts =  (nVetoElectrons + nLooseMuons) == 0 && njets >= 3 && nbjets >= 1 && METcorrected_pt >= 250 && ntaus == 0 && minDeltaPhi12 <= 0.8 && Flag_goodVertices && Flag_globalSuperTightHalo2016Filter && Flag_HBHENoiseFilter && Flag_HBHENoiseIsoFilter && Flag_EcalDeadCellTriggerPrimitiveFilter && Flag_BadPFMuonFilter && Flag_ecalBadCalibFilterV2 && Flag_eeBadScFilter && (HLT_PFMETNoMu120_PFMHTNoMu120_IDTight || HLT_PFMETNoMu120_PFMHTNoMu120_IDTight_PFHT60) && PV_npvsGood > 0 && PV_ndof > 4 && abs(PV_z) < 24 && sqrt(pow(PV_x,2)+pow(PV_y,2)) < 2
Data Selection Cuts =  (nVetoElectrons + nLooseMuons) == 0 && njets >= 3 && nbjets >= 1 && METcorrected_pt >= 250 && ntaus == 0 && minDeltaPhi12 <= 0.8 && Flag_goodVertices && Flag_globalSuperTightHalo2016Filter && Flag_HBHENoiseFilter && Flag_HBHENoiseIsoFilter && Flag_EcalDeadCellTriggerPrimitiveFilter && Flag_BadPFMuonFilter && Flag_ecalBadCalibFilterV2 && Flag_eeBadScFilter && (HLT_PFMETNoMu120_PFMHTNoMu120_IDTight || HLT_PFMETNoMu120_PFMHTNoMu120_IDTight_PFHT60) && PV_npvsGood > 0 && PV_ndof > 4 && abs(PV_z) < 24 && sqrt(pow(PV_x,2)+pow(PV_y,2)) < 2 && Flag_eeBadScFilter
var =  METcorrected_pt
year =  2017
lumi =  41.53
saveDirectory =  plots/2018_QCDCR_debugging/RunII_plots/METcorrected_pt/
date =  09_26_2021
Creating histograms..
Finished making systematic histogram dictionary
Drawing data and ratio plot...
Selected MET dataset
Loading data sample root files and event trees...
    nevents in filepath = /hdfs/store/user/vshang/MET_Run2017B/MET/ModuleCommonSkim_09072021/tree_all.root: 158890
    nevents in filepath = /hdfs/store/user/vshang/MET_Run2017C/MET/ModuleCommonSkim_09072021/tree_all.root: 319228
    nevents in filepath = /hdfs/store/user/vshang/MET_Run2017D/MET/ModuleCommonSkim_09072021/tree_all.root: 152718
    nevents in filepath = /hdfs/store/user/vshang/MET_Run2017E/MET/ModuleCommonSkim_09072021/tree_all.root: 397268
    nevents in filepath = /hdfs/store/user/vshang/MET_Run2017F/MET/ModuleCommonSkim_09072021/tree_all.root: 659041
    total nevents in  MET :  1687145
Got data sample root files and event trees
Loading MC sample root files and event trees...
    nevents in  ZTo2Nu   HT600To800 :  5649241
    nevents in  ZTo2Nu   HT1200To2500 :  340873
    nevents in  ZTo2Nu   HT100To200 :  22737266
    nevents in  ZTo2Nu   HT2500ToInf :  6734
    nevents in  ZTo2Nu   HT800To1200 :  2058077
    nevents in  ZTo2Nu   HT200To400 :  21446397
    nevents in  ZTo2Nu   HT400To600 :  9542035
    nevents in  WW   WWTo1L1Nu2Q :  5054286
    nevents in  WW   WWTo4Q :  2000000
    nevents in  WW   WWTo2L2Nu :  2000000
    nevents in  ttbarPlusJets   TTToSemiLepton :  241119449
    nevents in  ttbarPlusJets   TTTo2L2Nu :  9000000
    nevents in  ttbar scalar   ttDM_MChi1_MPhi100_scalar :  1542620
    nevents in  ZZ   ZZTo2Q2Nu :  62115355
    nevents in  ZZ   ZZTo4L :  6964071
    nevents in  ZZ   ZZTo2L2Q :  27441872
    nevents in  ZZ   ZZTo2L2Nu :  8744768
    nevents in  QCD   Pt50to80 :  38179535
    nevents in  QCD   Pt2400to3200 :  1910526
    nevents in  QCD   Pt30to50 :  35500760
    nevents in  QCD   Pt470to600 :  55331892
    nevents in  QCD   Pt300to470 :  110887780
    nevents in  QCD   Pt170to300 :  56298920
    nevents in  QCD   Pt800to1000 :  76225000
    nevents in  QCD   Pt600to800 :  128548964
    nevents in  QCD   Pt120to170 :  29854280
    nevents in  QCD   Pt1000to1400 :  35706078
    nevents in  QCD   Pt1400to1800 :  11353270
    nevents in  QCD   Pt15to30 :  19169000
    nevents in  QCD   Pt3200toInf :  757837
    nevents in  QCD   Pt80to120 :  56387936
    nevents in  QCD   Pt1800to2400 :  2923941
    nevents in  WZ   WZTo2Q2Nu :  30748033
    nevents in  WZ   WZTo2L2Q :  27582164
    nevents in  WZ   WZTo3LNu :  10987679
    nevents in  WZ   WZTo1L3Nu :  4994395
    nevents in  WZ   WZTo1L1Nu2Q :  19086373
    nevents in  ttbar pseudoscalar   ttDM_MChi1_MPhi100_pseudo :  2017188
    nevents in  TTV   TTZToQQ :  9690000
    nevents in  TTV   TTWJetsToLNu :  9920372
    nevents in  Info in <TCanvas::MakeDefCanvas>:  created default TCanvas with name c1
TFile::Append:0: RuntimeWarning: Replacing existing TH1: hist (Potential memory leak).
TFile::Append:0: RuntimeWarning: Replacing existing TH1: hist (Potential memory leak).
TFile::Append:0: RuntimeWarning: Replacing existing TH1: hist (Potential memory leak).
TFile::Append:0: RuntimeWarning: Replacing existing TH1: hist (Potential memory leak).
TFile::Append:0: RuntimeWarning: Replacing existing TH1: hist (Potential memory leak).
TFile::Append:0: RuntimeWarning: Replacing existing TH1: hist (Potential memory leak).
TFile::Append:0: RuntimeWarning: Replacing existing TH1: hist (Potential memory leak).
TFile::Append:0: RuntimeWarning: Replacing existing TH1: hist (Potential memory leak).
TFile::Append:0: RuntimeWarning: Replacing existing TH1: hist (Potential memory leak).
TFile::Append:0: RuntimeWarning: Replacing existing TH1: hist (Potential memory leak).
TFile::Append:0: RuntimeWarning: Replacing existing TH1: hist (Potential memory leak).
TFile::Append:0: RuntimeWarning: Replacing existing TH1: hist (Potential memory leak).
TFile::Append:0: RuntimeWarning: Replacing existing TH1: hist (Potential memory leak).
TFile::Append:0: RuntimeWarning: Replacing existing TH1: hist (Potential memory leak).
TFile::Append:0: RuntimeWarning: Replacing existing TH1: hist (Potential memory leak).
TTV   TTWJetsToQQ :  811306
    nevents in  TTV   TTZToLLNuNu :  15496140
    nevents in  ZTo2L   HT600To800 :  8743640
    nevents in  ZTo2L   HT1200To2500 :  625517
    nevents in  ZTo2L   HT100To200 :  15147827
    nevents in  ZTo2L   HT2500ToInf :  419308
    nevents in  ZTo2L   HT800To1200 :  3114980
    nevents in  ZTo2L   HT200To400 :  11929310
    nevents in  ZTo2L   HT400To600 :  11343818
    nevents in  singleTop   ST_s-channel :  9883805
    nevents in  singleTop   ST_t-channel_antitop :  3675910
    nevents in  singleTop   ST_tW_top :  7794186
    nevents in  singleTop   ST_t-channel_top :  5982064
    nevents in  singleTop   ST_tW_antitop :  7977430
    nevents in  WPlusJets   HT200To400 :  21250517
    nevents in  WPlusJets   HT70To100 :  22226705
    nevents in  WPlusJets   HT600To800 :  21709087
    nevents in  WPlusJets   HT1200To2500 :  20258624
    nevents in  WPlusJets   HT100To200 :  35862893
    nevents in  WPlusJets   HT400To600 :  14313274
    nevents in  WPlusJets   HT2500ToInf :  21495421
    nevents in  WPlusJets   HT800To1200 :  20432728
Got MC sample root files and event trees
Filling histograms...
  Dataset =  MET  ||   nEvents =  1687145
   Using cut =  (nVetoElectrons + nLooseMuons) == 0 && njets >= 3 && nbjets >= 1 && METcorrected_pt >= 250 && ntaus == 0 && minDeltaPhi12 <= 0.8 && Flag_goodVertices && Flag_globalSuperTightHalo2016Filter && Flag_HBHENoiseFilter && Flag_HBHENoiseIsoFilter && Flag_EcalDeadCellTriggerPrimitiveFilter && Flag_BadPFMuonFilter && Flag_ecalBadCalibFilterV2 && Flag_eeBadScFilter && (HLT_PFMETNoMu120_PFMHTNoMu120_IDTight) && PV_npvsGood > 0 && PV_ndof > 4 && abs(PV_z) < 24 && sqrt(pow(PV_x,2)+pow(PV_y,2)) < 2 && Flag_eeBadScFilter
    hist nEntries =  6891.0
    hist integral =  6891.0
    hist_data nEntries =  6891.0
    hist_data integral =  6891.0
    hist nEntries =  13614.0
    hist integral =  13614.0
    hist_data nEntries =  20505.0
    hist_data integral =  20505.0
    hist nEntries =  6274.0
    hist integral =  6274.0
    hist_data nEntries =  26779.0
    hist_data integral =  26779.0
    hist nEntries =  15487.0
    hist integral =  15487.0
    hist_data nEntries =  42266.0
    hist_data integral =  42266.0
    hist nEntries =  22735.0
    hist integral =  22735.0
    hist_data nEntries =  65001.0
    hist_data integral =  65001.0
  Process =  ZTo2Nu
      Dataset =  HT600To800  ||   nEvents =  5649241
Applied ZTo2Nu qcd/ewk Weights correctly
          hist nEntries =  26689.0
          hist integral =  638.467055082
      Dataset =  HT1200To2500  ||   nEvents =  340873
Applied ZTo2Nu qcd/ewk Weights correctly
          hist nEntries =  5438.0
          hist integral =  216.181842566
      Dataset =  HT100To200  ||   nEvents =  22737266
Applied ZTo2Nu qcd/ewk Weights correctly
          hist nEntries =  3.0
          hist integral =  1.00765872002
      Dataset =  HT2500ToInf  ||   nEvents =  6734
Applied ZTo2Nu qcd/ewk Weights correctly
          hist nEntries =  132.0
          hist integral =  4.05611921847
      Dataset =  HT800To1200  ||   nEvents =  2058077
Applied ZTo2Nu qcd/ewk Weights correctly
          hist nEntries =  19098.0
          hist integral =  560.369533062
      Dataset =  HT200To400  ||   nEvents =  21446397
Applied ZTo2Nu qcd/ewk Weights correctly
          hist nEntries =  761.0
          hist integral =  138.542048922
      Dataset =  HT400To600  ||   nEvents =  9542035
Applied ZTo2Nu qcd/ewk Weights correctly
          hist nEntries =  12489.0
          hist integral =  747.659621716
  Process =  WW
      Dataset =  WWTo1L1Nu2Q  ||   nEvents =  5054286
          hist nEntries =  177.0
          hist integral =  102.323866367
      Dataset =  WWTo4Q  ||   nEvents =  2000000
          hist nEntries =  1.0
          hist integral =  1.08396339417
      Dataset =  WWTo2L2Nu  ||   nEvents =  2000000
          hist nEntries =  36.0
          hist integral =  7.99404135346
  Process =  ttbarPlusJets
      Dataset =  TTToSemiLepton  ||   nEvents =  241119449
          hist nEntries =  225437.0
          hist integral =  12775.0850677
 TFile::Append:0: RuntimeWarning: Replacing existing TH1: hist (Potential memory leak).
TFile::Append:0: RuntimeWarning: Replacing existing TH1: hist (Potential memory leak).
TFile::Append:0: RuntimeWarning: Replacing existing TH1: hist (Potential memory leak).
TFile::Append:0: RuntimeWarning: Replacing existing TH1: hist (Potential memory leak).
TFile::Append:0: RuntimeWarning: Replacing existing TH1: hist (Potential memory leak).
TFile::Append:0: RuntimeWarning: Replacing existing TH1: hist (Potential memory leak).
TFile::Append:0: RuntimeWarning: Replacing existing TH1: hist (Potential memory leak).
TFile::Append:0: RuntimeWarning: Replacing existing TH1: hist (Potential memory leak).
TFile::Append:0: RuntimeWarning: Replacing existing TH1: hist (Potential memory leak).
TFile::Append:0: RuntimeWarning: Replacing existing TH1: hist (Potential memory leak).
TFile::Append:0: RuntimeWarning: Replacing existing TH1: hist (Potential memory leak).
TFile::Append:0: RuntimeWarning: Replacing existing TH1: hist (Potential memory leak).
TFile::Append:0: RuntimeWarning: Replacing existing TH1: hist (Potential memory leak).
TFile::Append:0: RuntimeWarning: Replacing existing TH1: hist (Potential memory leak).
TFile::Append:0: RuntimeWarning: Replacing existing TH1: hist (Potential memory leak).
TFile::Append:0: RuntimeWarning: Replacing existing TH1: hist (Potential memory leak).
TFile::Append:0: RuntimeWarning: Replacing existing TH1: hist (Potential memory leak).
TFile::Append:0: RuntimeWarning: Replacing existing TH1: hist (Potential memory leak).
TFile::Append:0: RuntimeWarning: Replacing existing TH1: hist (Potential memory leak).
TFile::Append:0: RuntimeWarning: Replacing existing TH1: hist (Potential memory leak).
TFile::Append:0: RuntimeWarning: Replacing existing TH1: hist (Potential memory leak).
TFile::Append:0: RuntimeWarning: Replacing existing TH1: hist (Potential memory leak).
TFile::Append:0: RuntimeWarning: Replacing existing TH1: hist (Potential memory leak).
TFile::Append:0: RuntimeWarning: Replacing existing TH1: hist (Potential memory leak).
TFile::Append:0: RuntimeWarning: Replacing existing TH1: hist (Potential memory leak).
TFile::Append:0: RuntimeWarning: Replacing existing TH1: hist (Potential memory leak).
TFile::Append:0: RuntimeWarning: Replacing existing TH1: hist (Potential memory leak).
TFile::Append:0: RuntimeWarning: Replacing existing TH1: hist (Potential memory leak).
TFile::Append:0: RuntimeWarning: Replacing existing TH1: hist (Potential memory leak).
TFile::Append:0: RuntimeWarning: Replacing existing TH1: hist (Potential memory leak).
TFile::Append:0: RuntimeWarning: Replacing existing TH1: hist (Potential memory leak).
     Dataset =  TTTo2L2Nu  ||   nEvents =  9000000
          hist nEntries =  3830.0
          hist integral =  1375.70275021
  Process =  ttbar scalar
      Dataset =  ttDM_MChi1_MPhi100_scalar  ||   nEvents =  1542620
          hist nEntries =  9775.0
          hist integral =  174.105614781
  Process =  ZZ
      Dataset =  ZZTo2Q2Nu  ||   nEvents =  62115355
          hist nEntries =  10423.0
          hist integral =  28.831384331
      Dataset =  ZZTo4L  ||   nEvents =  6964071
          hist nEntries =  8.0
          hist integral =  0.05621665949
      Dataset =  ZZTo2L2Q  ||   nEvents =  27441872
          hist nEntries =  678.0
          hist integral =  3.62278115004
      Dataset =  ZZTo2L2Nu  ||   nEvents =  8744768
          hist nEntries =  91.0
          hist integral =  0.203010409838
  Process =  QCD
      Dataset =  Pt50to80  ||   nEvents =  38179535
          hist nEntries =  1.0
          hist integral =  109.673683167
      Dataset =  Pt2400to3200  ||   nEvents =  1910526
          hist nEntries =  14862.0
          hist integral =  1.6826696191
      Dataset =  Pt30to50  ||   nEvents =  35500760
          hist nEntries =  0.0
          hist integral =  0.0
      Dataset =  Pt470to600  ||   nEvents =  55331892
          hist nEntries =  25348.0
          hist integral =  9385.9346447
      Dataset =  Pt300to470  ||   nEvents =  110887780
          hist nEntries =  6536.0
          hist integral =  13589.7933446
      Dataset =  Pt170to300  ||   nEvents =  56298920
          hist nEntries =  87.0
          hist integral =  4990.40678787
      Dataset =  Pt800to1000  ||   nEvents =  76225000
          hist nEntries =  169779.0
          hist integral =  2235.65644264
      Dataset =  Pt600to800  ||   nEvents =  128548964
          hist nEntries =  148819.0
          hist integral =  6838.32660866
      Dataset =  Pt120to170  ||   nEvents =  29854280
          hist nEntries =  2.0
          hist integral =  310.816802979
      Dataset =  Pt1000to1400  ||   nEvents =  35706078
          hist nEntries =  114451.0
          hist integral =  923.085330009
      Dataset =  Pt1400to1800  ||   nEvents =  11353270
          hist nEntries =  46305.0
          hist integral =  106.885769725
      Dataset =  Pt15to30  ||   nEvents =  19169000
          hist nEntries =  0.0
          hist integral =  0.0
      Dataset =  Pt3200toInf  ||   nEvents =  757837
          hist nEntries =  7862.0
          hist integral =  0.056940105278
      Dataset =  Pt80to120  ||   nEvents =  56387936
          hist nEntries =  0.0
          hist integral =  0.0
      Dataset =  Pt1800to2400  ||   nEvents =  2923941
          hist nEntries =  16323.0
          hist integral =  19.9056182504
  Process =  WZ
      Dataset =  WZTo2Q2Nu  ||   nEvents =  30748033
          hist nEntries =  7666.0
          hist integral =  62.7445456982
      Dataset =  WZTo2L2Q  ||   nEvents =  27582164
          hist nEntries =  941.0
          hist integral =  8.28813588619
      Dataset =  WZTo3LNu  ||   nEvents =  10987679
          hist nEntries =  146.0
          hist integral =  2.64271499217
      Dataset =  WZTo1L3Nu  ||   nEvents =  4994395
          hist nEntries =  282.0
          hist integral =  6.70015177503
      Dataset =  WZTo1L1Nu2Q  ||   nEvents =  19086373
          hist nEntries =  3249.0
          hist integral =  74.375852108
  Process =  ttbar pseudoscalar
      Dataset =  ttDM_MChi1_MPhi100_pseudo  ||   nEvents =  2017188
          hist nEntries =  16436.0
          hist integral =  59.1586886048
  Process =  TTV
      Dataset =  TTZToQQ  ||   nEvents =  9690000
          hist nEntries =  21676.0
          hist integral =  43.5664628744
      Dataset =  TTWJetsToLNu  ||   nEvents =  9920372
          hist nEntries =  25761.0
          hist integral =  20.956386283
      Dataset =  TTWJetsToQQ  ||   nEvents =  811306
          hist nEntries =  2505.0
          hist integral =  50.9019870162
      Dataset =  TTZToLLNuNu  ||   nEvents =  15496140
          hist nEntries =  78584.0
          hist integral =  46.3529958427
  Process TFile::Append:0: RuntimeWarning: Replacing existing TH1: hist (Potential memory leak).
TFile::Append:0: RuntimeWarning: Replacing existing TH1: hist (Potential memory leak).
TFile::Append:0: RuntimeWarning: Replacing existing TH1: hist (Potential memory leak).
TFile::Append:0: RuntimeWarning: Replacing existing TH1: hist (Potential memory leak).
TFile::Append:0: RuntimeWarning: Replacing existing TH1: hist (Potential memory leak).
TFile::Append:0: RuntimeWarning: Replacing existing TH1: hist (Potential memory leak).
TFile::Append:0: RuntimeWarning: Replacing existing TH1: hist (Potential memory leak).
TFile::Append:0: RuntimeWarning: Replacing existing TH1: hist (Potential memory leak).
TFile::Append:0: RuntimeWarning: Replacing existing TH1: hist (Potential memory leak).
TFile::Append:0: RuntimeWarning: Replacing existing TH1: hist (Potential memory leak).
TFile::Append:0: RuntimeWarning: Replacing existing TH1: hist (Potential memory leak).
TFile::Append:0: RuntimeWarning: Replacing existing TH1: hist (Potential memory leak).
TFile::Append:0: RuntimeWarning: Replacing existing TH1: hist (Potential memory leak).
TFile::Append:0: RuntimeWarning: Replacing existing TH1: hist (Potential memory leak).
TFile::Append:0: RuntimeWarning: Replacing existing TH1: hist (Potential memory leak).
TFile::Append:0: RuntimeWarning: Replacing existing TH1: hist (Potential memory leak).
TFile::Append:0: RuntimeWarning: Replacing existing TH1: hist (Potential memory leak).
TFile::Append:0: RuntimeWarning: Replacing existing TH1: hist (Potential memory leak).
TFile::Append:0: RuntimeWarning: Replacing existing TH1: hist (Potential memory leak).
TFile::Append:0: RuntimeWarning: Replacing existing TH1: hist (Potential memory leak).
=  ZTo2L
      Dataset =  HT600To800  ||   nEvents =  8743640
Applied ZTo2L qcd/ewk Weights correctly
          hist nEntries =  9919.0
          hist integral =  61.4252210855
      Dataset =  HT1200To2500  ||   nEvents =  625517
Applied ZTo2L qcd/ewk Weights correctly
          hist nEntries =  1908.0
          hist integral =  16.9802008867
      Dataset =  HT100To200  ||   nEvents =  15147827
Applied ZTo2L qcd/ewk Weights correctly
          hist nEntries =  3.0
          hist integral =  1.00901132822
      Dataset =  HT2500ToInf  ||   nEvents =  419308
Applied ZTo2L qcd/ewk Weights correctly
          hist nEntries =  1637.0
          hist integral =  0.459416747093
      Dataset =  HT800To1200  ||   nEvents =  3114980
Applied ZTo2L qcd/ewk Weights correctly
          hist nEntries =  7129.0
          hist integral =  52.4000014067
      Dataset =  HT200To400  ||   nEvents =  11929310
Applied ZTo2L qcd/ewk Weights correctly
          hist nEntries =  71.0
          hist integral =  8.72386324313
      Dataset =  HT400To600  ||   nEvents =  11343818
Applied ZTo2L qcd/ewk Weights correctly
          hist nEntries =  2474.0
          hist integral =  52.8324925624
  Process =  singleTop
      Dataset =  ST_s-channel  ||   nEvents =  9883805
          hist nEntries =  5060.0
          hist integral =  75.5592495203
      Dataset =  ST_t-channel_antitop  ||   nEvents =  3675910
          hist nEntries =  216.0
          hist integral =  147.127982438
      Dataset =  ST_tW_top  ||   nEvents =  7794186
          hist nEntries =  2826.0
          hist integral =  478.31322217
      Dataset =  ST_t-channel_top  ||   nEvents =  5982064
          hist nEntries =  568.0
          hist integral =  399.16027236
      Dataset =  ST_tW_antitop  ||   nEvents =  7977430
          hist nEntries =  2793.0
          hist integral =  458.960069418
  Process =  WPlusJets
      Dataset =  HT200To400  ||   nEvents =  21250517
Applied WPlusJets qcd/ewk Weights correctly
          hist nEntries =  430.0
          hist integral =  300.362927172
      Dataset =  HT70To100  ||   nEvents =  22226705
Applied WPlusJets qcd/ewk Weights correctly
          hist nEntries =  0.0
          hist integral =  0.0
      Dataset =  HT600To800  ||   nEvents =  21709087
Applied WPlusJets qcd/ewk Weights correctly
          hist nEntries =  30840.0
          hist integral =  623.485760212
      Dataset =  HT1200To2500  ||   nEvents =  20258624
Applied WPlusJets qcd/ewk Weights correctly
          hist nEntries =  109739.0
          hist integral =  201.088713884
      Dataset =  HT100To200  ||   nEvents =  35862893
Applied WPlusJets qcd/ewk Weights correctly
          hist nEntries =  2.0
          hist integral =  0.139784254134
      Dataset =  HT400To600  ||   nEvents =  14313274
Applied WPlusJets qcd/ewk Weights correctly
          hist nEntries =  6559.0
          hist integral =  931.67824322
      Dataset =  HT2500ToInf  ||   nEvents =  21495421
Applied WPlusJets qcd/ewk Weights correctly
          hist nEntries =  184346.0
          hist integral =  2.51123092324
      Dataset =  HT800To1200  ||   nEvents =  20432728
Applied WPlusJets qcd/ewk Weights correctly
          hist nEntries =  57439.0
          hist integral =  509.27388525
-----------------------------
Total data background nEvents =  65001.0
Total data background integral =  65001.0
-----------------------------
Total MC background nEvents =  1420435.0
Total MC background integral =  59751.4320068
-----------------------------
Total tt+DM signal nEvents =  9775.0
Total tt+DM signal integral =  174.105614781
-----------------------------
-----------------------------
FOM for tt+DM signal =  0.712260102703
-----------------------------
Data bin errors:
    bin 0: 0.0
    bin 1: 149.679657937
    bin 2: 118.241278748
    bin 3: 93.8509456532
    bin 4: 76.6485485838
    bin 5: 63.0476010646
    bin 6: 51.6526862806
    bin 7: 42.6731765867
    bin 8: 36.8510515454
    bin 9: 31.5594676761
    bin 10: 27.1293199325
    bin 11: 23.1948270095
    bin 12: 19.9248588452
    bin 13: 17.5214154679
 Info in <TCanvas::Print>: png file plots/2018_QCDCR_debugging/RunII_plots/METcorrected_pt/09_26_2021/AH0lQR2017_METcorrected_pt_09_26_2021.png has been created
   bin 14: 15.0665191733
    bin 15: 13.0766968306
-----------------------------
MC background bin errors:
    bin 0: 0.0
    bin 1: 594.274151339
    bin 2: 306.479090782
    bin 3: 230.200927435
    bin 4: 100.142842625
    bin 5: 144.64758822
    bin 6: 33.3668402215
    bin 7: 23.9914667101
    bin 8: 111.17396508
    bin 9: 18.179329799
    bin 10: 11.5077207821
    bin 11: 8.55023734358
    bin 12: 6.75746369043
    bin 13: 5.60924329578
    bin 14: 6.00215326831
    bin 15: 4.046067136
-----------------------------
tt+DM bin errors:
    bin 0: 0.0
    bin 1: 0.915197383051
    bin 2: 0.780857607201
    bin 3: 0.678961207949
    bin 4: 0.591847615495
    bin 5: 0.499549462913
    bin 6: 0.467707218922
    bin 7: 0.391771366617
    bin 8: 0.371228024789
    bin 9: 0.335700289901
    bin 10: 0.294906198168
    bin 11: 0.271832716201
    bin 12: 0.22760284979
    bin 13: 0.227149021854
    bin 14: 0.193518353633
    bin 15: 0.1805300487
-----------------------------
-----------------------------
ttbar pseudoscalar hist info:
    nEvents =  16436.0
    integral =  59.1586886048
ZTo2Nu hist info:
    nEvents =  64610.0
    integral =  2306.2838974
TTTo2L2Nu hist info:
    nEvents =  3830.0
    integral =  1375.70275021
singleTop hist info:
    nEvents =  11463.0
    integral =  1559.12080669
TTV hist info:
    nEvents =  128526.0
    integral =  161.777834415
bkgSum hist info:
    nEvents =  1420435.0
    integral =  59751.4320068
ttbar scalar hist info:
    nEvents =  9775.0
    integral =  174.105614781
VV hist info:
    nEvents =  23698.0
    integral =  298.866661787
QCD hist info:
    nEvents =  550375.0
    integral =  38512.2243652
ZTo2L hist info:
    nEvents =  23141.0
    integral =  193.830206037
data hist info:
    nEvents =  65001.0
    integral =  65001.0
WPlusJets hist info:
    nEvents =  389355.0
    integral =  2568.54053879
TTToSemiLepton hist info:
    nEvents =  225437.0
    integral =  12775.0850677
Finished filling histograms
Creating stacked MC background histogram...
Finished stacking MC background histograms.
Drawing histograms...
Finished drawing histograms
Drawing ratio plot...
Finished drawing ratio plot
Plotting end time: 2021-09-28 06:31:45.917923
