Plotting start time: 2021-09-28 06:58:17.751134
Cut name =  AH0lQR
MC Selection Cuts =  (nVetoElectrons + nLooseMuons) == 0 && njets >= 3 && nbjets >= 1 && METcorrected_pt >= 250 && ntaus == 0 && minDeltaPhi12 <= 0.8 && Flag_goodVertices && Flag_globalSuperTightHalo2016Filter && Flag_HBHENoiseFilter && Flag_HBHENoiseIsoFilter && Flag_EcalDeadCellTriggerPrimitiveFilter && Flag_BadPFMuonFilter && Flag_ecalBadCalibFilterV2 && Flag_eeBadScFilter && (HLT_PFMETNoMu120_PFMHTNoMu120_IDTight || HLT_PFMETNoMu120_PFMHTNoMu120_IDTight_PFHT60) && PV_npvsGood > 0 && PV_ndof > 4 && abs(PV_z) < 24 && sqrt(pow(PV_x,2)+pow(PV_y,2)) < 2 && nfjets >= 1
Data Selection Cuts =  (nVetoElectrons + nLooseMuons) == 0 && njets >= 3 && nbjets >= 1 && METcorrected_pt >= 250 && ntaus == 0 && minDeltaPhi12 <= 0.8 && Flag_goodVertices && Flag_globalSuperTightHalo2016Filter && Flag_HBHENoiseFilter && Flag_HBHENoiseIsoFilter && Flag_EcalDeadCellTriggerPrimitiveFilter && Flag_BadPFMuonFilter && Flag_ecalBadCalibFilterV2 && Flag_eeBadScFilter && (HLT_PFMETNoMu120_PFMHTNoMu120_IDTight || HLT_PFMETNoMu120_PFMHTNoMu120_IDTight_PFHT60) && PV_npvsGood > 0 && PV_ndof > 4 && abs(PV_z) < 24 && sqrt(pow(PV_x,2)+pow(PV_y,2)) < 2 && nfjets >= 1 && Flag_eeBadScFilter
var =  METcorrected_pt
year =  2017
lumi =  41.53
saveDirectory =  plots/2018_QCDCR_debugging/RunII_plots/METcorrected_pt/
date =  09_26_2021
Creating histograms..
Finished making systematic histogram dictionary
Drawing data and ratio plot...
Selected MET dataset
Loading data sample root files and event trees...
    nevents in filepath = /hdfs/store/user/vshang/MET_Run2017B/MET/ModuleCommonSkim_09072021/tree_all.root: 158890
    nevents in filepath = /hdfs/store/user/vshang/MET_Run2017C/MET/ModuleCommonSkim_09072021/tree_all.root: 319228
    nevents in filepath = /hdfs/store/user/vshang/MET_Run2017D/MET/ModuleCommonSkim_09072021/tree_all.root: 152718
    nevents in filepath = /hdfs/store/user/vshang/MET_Run2017E/MET/ModuleCommonSkim_09072021/tree_all.root: 397268
    nevents in filepath = /hdfs/store/user/vshang/MET_Run2017F/MET/ModuleCommonSkim_09072021/tree_all.root: 659041
    total nevents in  MET :  1687145
Got data sample root files and event trees
Loading MC sample root files and event trees...
    nevents in  ZTo2Nu   HT600To800 :  5649241
    nevents in  ZTo2Nu   HT1200To2500 :  340873
    nevents in  ZTo2Nu   HT100To200 :  22737266
    nevents in  ZTo2Nu   HT2500ToInf :  6734
    nevents in  ZTo2Nu   HT800To1200 :  2058077
    nevents in  ZTo2Nu   HT200To400 :  21446397
    nevents in  ZTo2Nu   HT400To600 :  9542035
    nevents in  WW   WWTo1L1Nu2Q :  5054286
    nevents in  WW   WWTo4Q :  2000000
    nevents in  WW   WWTo2L2Nu :  2000000
    nevents in  ttbarPlusJets   TTToSemiLepton :  241119449
    nevents in  ttbarPlusJets   TTTo2L2Nu :  9000000
    nevents in  ttbar scalar   ttDM_MChi1_MPhi100_scalar :  1542620
    nevents in  ZZ   ZZTo2Q2Nu :  62115355
    nevents in  ZZ   ZZTo4L :  6964071
    nevents in  ZZ   ZZTo2L2Q :  27441872
    nevents in  ZZ   ZZTo2L2Nu :  8744768
    nevents in  QCD   Pt50to80 :  38179535
    nevents in  QCD   Pt2400to3200 :  1910526
    nevents in  QCD   Pt30to50 :  35500760
    nevents in  QCD   Pt470to600 :  55331892
    nevents in  QCD   Pt300to470 :  110887780
    nevents in  QCD   Pt170to300 :  56298920
    nevents in  QCD   Pt800to1000 :  76225000
    nevents in  QCD   Pt600to800 :  128548964
    nevents in  QCD   Pt120to170 :  29854280
    nevents in  QCD   Pt1000to1400 :  35706078
    nevents in  QCD   Pt1400to1800 :  11353270
    nevents in  QCD   Pt15to30 :  19169000
    nevents in  QCD   Pt3200toInf :  757837
    nevents in  QCD   Pt80to120 :  56387936
    nevents in  QCD   Pt1800to2400 :  2923941
    nevents in  WZ   WZTo2Q2Nu :  30748033
    nevents in  WZ   WZTo2L2Q :  27582164
    nevents in  WZ   WZTo3LNu :  10987679
    nevents in  WZ   WZTo1L3Nu :  4994395
    nevents in  WZ   WZTo1L1Nu2Q :  19086373
    nevents in  ttbar pseudoscalar   ttDM_MChi1_MPhi100_pseudo :  2017188
    nevents in  TTV   TTZToQQ :  9690000
    nevents in  TTV   TTWJetsToLInfo in <TCanvas::MakeDefCanvas>:  created default TCanvas with name c1
TFile::Append:0: RuntimeWarning: Replacing existing TH1: hist (Potential memory leak).
TFile::Append:0: RuntimeWarning: Replacing existing TH1: hist (Potential memory leak).
TFile::Append:0: RuntimeWarning: Replacing existing TH1: hist (Potential memory leak).
TFile::Append:0: RuntimeWarning: Replacing existing TH1: hist (Potential memory leak).
TFile::Append:0: RuntimeWarning: Replacing existing TH1: hist (Potential memory leak).
TFile::Append:0: RuntimeWarning: Replacing existing TH1: hist (Potential memory leak).
TFile::Append:0: RuntimeWarning: Replacing existing TH1: hist (Potential memory leak).
TFile::Append:0: RuntimeWarning: Replacing existing TH1: hist (Potential memory leak).
TFile::Append:0: RuntimeWarning: Replacing existing TH1: hist (Potential memory leak).
TFile::Append:0: RuntimeWarning: Replacing existing TH1: hist (Potential memory leak).
TFile::Append:0: RuntimeWarning: Replacing existing TH1: hist (Potential memory leak).
TFile::Append:0: RuntimeWarning: Replacing existing TH1: hist (Potential memory leak).
TFile::Append:0: RuntimeWarning: Replacing existing TH1: hist (Potential memory leak).
TFile::Append:0: RuntimeWarning: Replacing existing TH1: hist (Potential memory leak).
TFile::Append:0: RuntimeWarning: Replacing existing TH1: hist (Potential memory leak).
Nu :  9920372
    nevents in  TTV   TTWJetsToQQ :  811306
    nevents in  TTV   TTZToLLNuNu :  15496140
    nevents in  ZTo2L   HT600To800 :  8743640
    nevents in  ZTo2L   HT1200To2500 :  625517
    nevents in  ZTo2L   HT100To200 :  15147827
    nevents in  ZTo2L   HT2500ToInf :  419308
    nevents in  ZTo2L   HT800To1200 :  3114980
    nevents in  ZTo2L   HT200To400 :  11929310
    nevents in  ZTo2L   HT400To600 :  11343818
    nevents in  singleTop   ST_s-channel :  9883805
    nevents in  singleTop   ST_t-channel_antitop :  3675910
    nevents in  singleTop   ST_tW_top :  7794186
    nevents in  singleTop   ST_t-channel_top :  5982064
    nevents in  singleTop   ST_tW_antitop :  7977430
    nevents in  WPlusJets   HT200To400 :  21250517
    nevents in  WPlusJets   HT70To100 :  22226705
    nevents in  WPlusJets   HT600To800 :  21709087
    nevents in  WPlusJets   HT1200To2500 :  20258624
    nevents in  WPlusJets   HT100To200 :  35862893
    nevents in  WPlusJets   HT400To600 :  14313274
    nevents in  WPlusJets   HT2500ToInf :  21495421
    nevents in  WPlusJets   HT800To1200 :  20432728
Got MC sample root files and event trees
Filling histograms...
  Dataset =  MET  ||   nEvents =  1687145
   Using cut =  (nVetoElectrons + nLooseMuons) == 0 && njets >= 3 && nbjets >= 1 && METcorrected_pt >= 250 && ntaus == 0 && minDeltaPhi12 <= 0.8 && Flag_goodVertices && Flag_globalSuperTightHalo2016Filter && Flag_HBHENoiseFilter && Flag_HBHENoiseIsoFilter && Flag_EcalDeadCellTriggerPrimitiveFilter && Flag_BadPFMuonFilter && Flag_ecalBadCalibFilterV2 && Flag_eeBadScFilter && (HLT_PFMETNoMu120_PFMHTNoMu120_IDTight) && PV_npvsGood > 0 && PV_ndof > 4 && abs(PV_z) < 24 && sqrt(pow(PV_x,2)+pow(PV_y,2)) < 2 && nfjets >= 1 && Flag_eeBadScFilter
    hist nEntries =  2004.0
    hist integral =  2004.0
    hist_data nEntries =  2004.0
    hist_data integral =  2004.0
    hist nEntries =  3822.0
    hist integral =  3822.0
    hist_data nEntries =  5826.0
    hist_data integral =  5826.0
    hist nEntries =  1891.0
    hist integral =  1891.0
    hist_data nEntries =  7717.0
    hist_data integral =  7717.0
    hist nEntries =  5258.0
    hist integral =  5258.0
    hist_data nEntries =  12975.0
    hist_data integral =  12975.0
    hist nEntries =  7957.0
    hist integral =  7957.0
    hist_data nEntries =  20932.0
    hist_data integral =  20932.0
  Process =  ZTo2Nu
      Dataset =  HT600To800  ||   nEvents =  5649241
Applied ZTo2Nu qcd/ewk Weights correctly
          hist nEntries =  6594.0
          hist integral =  142.766933978
      Dataset =  HT1200To2500  ||   nEvents =  340873
Applied ZTo2Nu qcd/ewk Weights correctly
          hist nEntries =  1178.0
          hist integral =  44.0361354351
      Dataset =  HT100To200  ||   nEvents =  22737266
Applied ZTo2Nu qcd/ewk Weights correctly
          hist nEntries =  2.0
          hist integral =  0.907330214977
      Dataset =  HT2500ToInf  ||   nEvents =  6734
Applied ZTo2Nu qcd/ewk Weights correctly
          hist nEntries =  25.0
          hist integral =  0.694362539623
      Dataset =  HT800To1200  ||   nEvents =  2058077
Applied ZTo2Nu qcd/ewk Weights correctly
          hist nEntries =  4577.0
          hist integral =  121.610790968
      Dataset =  HT200To400  ||   nEvents =  21446397
Applied ZTo2Nu qcd/ewk Weights correctly
          hist nEntries =  210.0
          hist integral =  31.8967071828
      Dataset =  HT400To600  ||   nEvents =  9542035
Applied ZTo2Nu qcd/ewk Weights correctly
          hist nEntries =  3155.0
          hist integral =  171.105831829
  Process =  WW
      Dataset =  WWTo1L1Nu2Q  ||   nEvents =  5054286
          hist nEntries =  49.0
          hist integral =  25.9627392013
      Dataset =  WWTo4Q  ||   nEvents =  2000000
          hist nEntries =  1.0
          hist integral =  1.08396339417
      Dataset =  WWTo2L2Nu  ||   nEvents =  2000000
          hist nEntries =  10.0
          hist integral =  2.15702974796
  Process =  ttbarPlusJets
      Dataset =  TTToSemiLepton  ||   nEvents =  241119449
          hist nEntries =  73683.0
          hTFile::Append:0: RuntimeWarning: Replacing existing TH1: hist (Potential memory leak).
TFile::Append:0: RuntimeWarning: Replacing existing TH1: hist (Potential memory leak).
TFile::Append:0: RuntimeWarning: Replacing existing TH1: hist (Potential memory leak).
TFile::Append:0: RuntimeWarning: Replacing existing TH1: hist (Potential memory leak).
TFile::Append:0: RuntimeWarning: Replacing existing TH1: hist (Potential memory leak).
TFile::Append:0: RuntimeWarning: Replacing existing TH1: hist (Potential memory leak).
TFile::Append:0: RuntimeWarning: Replacing existing TH1: hist (Potential memory leak).
TFile::Append:0: RuntimeWarning: Replacing existing TH1: hist (Potential memory leak).
TFile::Append:0: RuntimeWarning: Replacing existing TH1: hist (Potential memory leak).
TFile::Append:0: RuntimeWarning: Replacing existing TH1: hist (Potential memory leak).
TFile::Append:0: RuntimeWarning: Replacing existing TH1: hist (Potential memory leak).
TFile::Append:0: RuntimeWarning: Replacing existing TH1: hist (Potential memory leak).
TFile::Append:0: RuntimeWarning: Replacing existing TH1: hist (Potential memory leak).
TFile::Append:0: RuntimeWarning: Replacing existing TH1: hist (Potential memory leak).
TFile::Append:0: RuntimeWarning: Replacing existing TH1: hist (Potential memory leak).
TFile::Append:0: RuntimeWarning: Replacing existing TH1: hist (Potential memory leak).
TFile::Append:0: RuntimeWarning: Replacing existing TH1: hist (Potential memory leak).
TFile::Append:0: RuntimeWarning: Replacing existing TH1: hist (Potential memory leak).
TFile::Append:0: RuntimeWarning: Replacing existing TH1: hist (Potential memory leak).
TFile::Append:0: RuntimeWarning: Replacing existing TH1: hist (Potential memory leak).
TFile::Append:0: RuntimeWarning: Replacing existing TH1: hist (Potential memory leak).
TFile::Append:0: RuntimeWarning: Replacing existing TH1: hist (Potential memory leak).
TFile::Append:0: RuntimeWarning: Replacing existing TH1: hist (Potential memory leak).
TFile::Append:0: RuntimeWarning: Replacing existing TH1: hist (Potential memory leak).
TFile::Append:0: RuntimeWarning: Replacing existing TH1: hist (Potential memory leak).
TFile::Append:0: RuntimeWarning: Replacing existing TH1: hist (Potential memory leak).
TFile::Append:0: RuntimeWarning: Replacing existing TH1: hist (Potential memory leak).
TFile::Append:0: RuntimeWarning: Replacing existing TH1: hist (Potential memory leak).
TFile::Append:0: RuntimeWarning: Replacing existing TH1: hist (Potential memory leak).
TFile::Append:0: RuntimeWarning: Replacing existing TH1: hist (Potential memory leak).
TFile::Append:0: RuntimeWarning: Replacing existing TH1: hist (Potential memory leak).
ist integral =  3753.04438972
      Dataset =  TTTo2L2Nu  ||   nEvents =  9000000
          hist nEntries =  1262.0
          hist integral =  410.469584227
  Process =  ttbar scalar
      Dataset =  ttDM_MChi1_MPhi100_scalar  ||   nEvents =  1542620
          hist nEntries =  3066.0
          hist integral =  49.4156170487
  Process =  ZZ
      Dataset =  ZZTo2Q2Nu  ||   nEvents =  62115355
          hist nEntries =  2297.0
          hist integral =  5.71879890002
      Dataset =  ZZTo4L  ||   nEvents =  6964071
          hist nEntries =  1.0
          hist integral =  0.00126795622054
      Dataset =  ZZTo2L2Q  ||   nEvents =  27441872
          hist nEntries =  167.0
          hist integral =  0.782583042514
      Dataset =  ZZTo2L2Nu  ||   nEvents =  8744768
          hist nEntries =  24.0
          hist integral =  0.051477274741
  Process =  QCD
      Dataset =  Pt50to80  ||   nEvents =  38179535
          hist nEntries =  1.0
          hist integral =  109.673683167
      Dataset =  Pt2400to3200  ||   nEvents =  1910526
          hist nEntries =  2743.0
          hist integral =  0.291217473336
      Dataset =  Pt30to50  ||   nEvents =  35500760
          hist nEntries =  0.0
          hist integral =  0.0
      Dataset =  Pt470to600  ||   nEvents =  55331892
          hist nEntries =  6516.0
          hist integral =  2152.98488641
      Dataset =  Pt300to470  ||   nEvents =  110887780
          hist nEntries =  2223.0
          hist integral =  3926.75369895
      Dataset =  Pt170to300  ||   nEvents =  56298920
          hist nEntries =  63.0
          hist integral =  3058.11390305
      Dataset =  Pt800to1000  ||   nEvents =  76225000
          hist nEntries =  40159.0
          hist integral =  493.549818516
      Dataset =  Pt600to800  ||   nEvents =  128548964
          hist nEntries =  36015.0
          hist integral =  1522.75270414
      Dataset =  Pt120to170  ||   nEvents =  29854280
          hist nEntries =  1.0
          hist integral =  303.37689209
      Dataset =  Pt1000to1400  ||   nEvents =  35706078
          hist nEntries =  26742.0
          hist integral =  202.129514456
      Dataset =  Pt1400to1800  ||   nEvents =  11353270
          hist nEntries =  10412.0
          hist integral =  22.4298580885
      Dataset =  Pt15to30  ||   nEvents =  19169000
          hist nEntries =  0.0
          hist integral =  0.0
      Dataset =  Pt3200toInf  ||   nEvents =  757837
          hist nEntries =  1268.0
          hist integral =  0.00857885560254
      Dataset =  Pt80to120  ||   nEvents =  56387936
          hist nEntries =  0.0
          hist integral =  0.0
      Dataset =  Pt1800to2400  ||   nEvents =  2923941
          hist nEntries =  3451.0
          hist integral =  3.95437924564
  Process =  WZ
      Dataset =  WZTo2Q2Nu  ||   nEvents =  30748033
          hist nEntries =  1882.0
          hist integral =  13.7922288477
      Dataset =  WZTo2L2Q  ||   nEvents =  27582164
          hist nEntries =  265.0
          hist integral =  2.05451370962
      Dataset =  WZTo3LNu  ||   nEvents =  10987679
          hist nEntries =  40.0
          hist integral =  0.624796174743
      Dataset =  WZTo1L3Nu  ||   nEvents =  4994395
          hist nEntries =  96.0
          hist integral =  2.04687267914
      Dataset =  WZTo1L1Nu2Q  ||   nEvents =  19086373
          hist nEntries =  886.0
          hist integral =  18.7988975346
  Process =  ttbar pseudoscalar
      Dataset =  ttDM_MChi1_MPhi100_pseudo  ||   nEvents =  2017188
          hist nEntries =  6214.0
          hist integral =  20.298561424
  Process =  TTV
      Dataset =  TTZToQQ  ||   nEvents =  9690000
          hist nEntries =  7215.0
          hist integral =  13.1441403478
      Dataset =  TTWJetsToLNu  ||   nEvents =  9920372
          hist nEntries =  8060.0
          hist integral =  5.88361698762
      Dataset =  TTWJetsToQQ  ||   nEvents =  811306
          hist nEntries =  866.0
          hist integral =  15.9034741968
      Dataset =  TTZToLLNuNu  ||   nEvents =  15496140
          hist nEntries =  28050.0
          hist integralTFile::Append:0: RuntimeWarning: Replacing existing TH1: hist (Potential memory leak).
TFile::Append:0: RuntimeWarning: Replacing existing TH1: hist (Potential memory leak).
TFile::Append:0: RuntimeWarning: Replacing existing TH1: hist (Potential memory leak).
TFile::Append:0: RuntimeWarning: Replacing existing TH1: hist (Potential memory leak).
TFile::Append:0: RuntimeWarning: Replacing existing TH1: hist (Potential memory leak).
TFile::Append:0: RuntimeWarning: Replacing existing TH1: hist (Potential memory leak).
TFile::Append:0: RuntimeWarning: Replacing existing TH1: hist (Potential memory leak).
TFile::Append:0: RuntimeWarning: Replacing existing TH1: hist (Potential memory leak).
TFile::Append:0: RuntimeWarning: Replacing existing TH1: hist (Potential memory leak).
TFile::Append:0: RuntimeWarning: Replacing existing TH1: hist (Potential memory leak).
TFile::Append:0: RuntimeWarning: Replacing existing TH1: hist (Potential memory leak).
TFile::Append:0: RuntimeWarning: Replacing existing TH1: hist (Potential memory leak).
TFile::Append:0: RuntimeWarning: Replacing existing TH1: hist (Potential memory leak).
TFile::Append:0: RuntimeWarning: Replacing existing TH1: hist (Potential memory leak).
TFile::Append:0: RuntimeWarning: Replacing existing TH1: hist (Potential memory leak).
TFile::Append:0: RuntimeWarning: Replacing existing TH1: hist (Potential memory leak).
TFile::Append:0: RuntimeWarning: Replacing existing TH1: hist (Potential memory leak).
TFile::Append:0: RuntimeWarning: Replacing existing TH1: hist (Potential memory leak).
TFile::Append:0: RuntimeWarning: Replacing existing TH1: hist (Potential memory leak).
TFile::Append:0: RuntimeWarning: Replacing existing TH1: hist (Potential memory leak).
 =  14.9967780486
  Process =  ZTo2L
      Dataset =  HT600To800  ||   nEvents =  8743640
Applied ZTo2L qcd/ewk Weights correctly
          hist nEntries =  2275.0
          hist integral =  12.983025223
      Dataset =  HT1200To2500  ||   nEvents =  625517
Applied ZTo2L qcd/ewk Weights correctly
          hist nEntries =  476.0
          hist integral =  4.16176306456
      Dataset =  HT100To200  ||   nEvents =  15147827
Applied ZTo2L qcd/ewk Weights correctly
          hist nEntries =  1.0
          hist integral =  0.72418063879
      Dataset =  HT2500ToInf  ||   nEvents =  419308
Applied ZTo2L qcd/ewk Weights correctly
          hist nEntries =  363.0
          hist integral =  0.096499615116
      Dataset =  HT800To1200  ||   nEvents =  3114980
Applied ZTo2L qcd/ewk Weights correctly
          hist nEntries =  1764.0
          hist integral =  12.4964228719
      Dataset =  HT200To400  ||   nEvents =  11929310
Applied ZTo2L qcd/ewk Weights correctly
          hist nEntries =  17.0
          hist integral =  1.90689180791
      Dataset =  HT400To600  ||   nEvents =  11343818
Applied ZTo2L qcd/ewk Weights correctly
          hist nEntries =  613.0
          hist integral =  11.8564472857
  Process =  singleTop
      Dataset =  ST_s-channel  ||   nEvents =  9883805
          hist nEntries =  924.0
          hist integral =  12.5561047345
      Dataset =  ST_t-channel_antitop  ||   nEvents =  3675910
          hist nEntries =  77.0
          hist integral =  48.5211346149
      Dataset =  ST_tW_top  ||   nEvents =  7794186
          hist nEntries =  874.0
          hist integral =  132.489931643
      Dataset =  ST_t-channel_top  ||   nEvents =  5982064
          hist nEntries =  228.0
          hist integral =  140.682462513
      Dataset =  ST_tW_antitop  ||   nEvents =  7977430
          hist nEntries =  867.0
          hist integral =  127.796171799
  Process =  WPlusJets
      Dataset =  HT200To400  ||   nEvents =  21250517
Applied WPlusJets qcd/ewk Weights correctly
          hist nEntries =  124.0
          hist integral =  76.7347522415
      Dataset =  HT70To100  ||   nEvents =  22226705
Applied WPlusJets qcd/ewk Weights correctly
          hist nEntries =  0.0
          hist integral =  0.0
      Dataset =  HT600To800  ||   nEvents =  21709087
Applied WPlusJets qcd/ewk Weights correctly
          hist nEntries =  8038.0
          hist integral =  149.365400195
      Dataset =  HT1200To2500  ||   nEvents =  20258624
Applied WPlusJets qcd/ewk Weights correctly
          hist nEntries =  24681.0
          hist integral =  42.248647511
      Dataset =  HT100To200  ||   nEvents =  35862893
Applied WPlusJets qcd/ewk Weights correctly
          hist nEntries =  2.0
          hist integral =  0.139784254134
      Dataset =  HT400To600  ||   nEvents =  14313274
Applied WPlusJets qcd/ewk Weights correctly
          hist nEntries =  1689.0
          hist integral =  219.053967318
      Dataset =  HT2500ToInf  ||   nEvents =  21495421
Applied WPlusJets qcd/ewk Weights correctly
          hist nEntries =  38569.0
          hist integral =  0.509095088579
      Dataset =  HT800To1200  ||   nEvents =  20432728
Applied WPlusJets qcd/ewk Weights correctly
          hist nEntries =  14141.0
          hist integral =  115.435855865
-----------------------------
Total data background nEvents =  20932.0
Total data background integral =  20932.0
-----------------------------
Total MC background nEvents =  365912.0
Total MC background integral =  17705.3131371
-----------------------------
Total tt+DM signal nEvents =  3066.0
Total tt+DM signal integral =  49.4156170487
-----------------------------
-----------------------------
FOM for tt+DM signal =  0.371374787814
-----------------------------
Data bin errors:
    bin 0: 0.0
    bin 1: 87.840765024
    bin 2: 68.4397545291
    bin 3: 52.8772162656
    bin 4: 41.8568990729
    bin 5: 34.292856399
    bin 6: 28.0356915378
    bin 7: 22.7596133535
    bin 8: 20.1990098767
    bin 9: 16.5227116419
    bin 10: 13.8564064606
    bin 11: 13.0766968306
    bin 12: 9.94987437107
    bin 1Info in <TCanvas::Print>: png file plots/2018_QCDCR_debugging/RunII_plots/METcorrected_pt/09_26_2021/AH0lQR2017_METcorrected_pt_09_26_2021_1fjet.png has been created
3: 8.83176086633
    bin 14: 6.5574385243
    bin 15: 6.5574385243
-----------------------------
MC background bin errors:
    bin 0: 0.0
    bin 1: 481.62058659
    bin 2: 213.926483438
    bin 3: 152.910456584
    bin 4: 87.7225760866
    bin 5: 139.678939502
    bin 6: 18.5360894782
    bin 7: 12.0566953853
    bin 8: 109.973161986
    bin 9: 11.4542458793
    bin 10: 6.00286011043
    bin 11: 4.01237041188
    bin 12: 3.57461423705
    bin 13: 2.87690129187
    bin 14: 2.59104564959
    bin 15: 1.80692780928
-----------------------------
tt+DM bin errors:
    bin 0: 0.0
    bin 1: 0.483037990837
    bin 2: 0.425840984438
    bin 3: 0.360935818514
    bin 4: 0.312923587764
    bin 5: 0.245906839221
    bin 6: 0.233240972382
    bin 7: 0.195122669282
    bin 8: 0.180262319984
    bin 9: 0.156477716263
    bin 10: 0.150454531696
    bin 11: 0.141697347211
    bin 12: 0.108082866268
    bin 13: 0.124152331204
    bin 14: 0.0699662743155
    bin 15: 0.0805362799092
-----------------------------
-----------------------------
ttbar pseudoscalar hist info:
    nEvents =  6214.0
    integral =  20.298561424
ZTo2Nu hist info:
    nEvents =  15741.0
    integral =  513.018095732
TTTo2L2Nu hist info:
    nEvents =  1262.0
    integral =  410.469584227
singleTop hist info:
    nEvents =  2970.0
    integral =  462.045809031
TTV hist info:
    nEvents =  44191.0
    integral =  49.9280094504
bkgSum hist info:
    nEvents =  365912.0
    integral =  17705.3131371
ttbar scalar hist info:
    nEvents =  3066.0
    integral =  49.4156170487
VV hist info:
    nEvents =  5718.0
    integral =  73.0751695037
QCD hist info:
    nEvents =  129594.0
    integral =  11796.0186291
ZTo2L hist info:
    nEvents =  5509.0
    integral =  44.2252306342
data hist info:
    nEvents =  20932.0
    integral =  20932.0
WPlusJets hist info:
    nEvents =  87244.0
    integral =  603.48751545
TTToSemiLepton hist info:
    nEvents =  73683.0
    integral =  3753.04438972
Finished filling histograms
Creating stacked MC background histogram...
Finished stacking MC background histograms.
Drawing histograms...
Finished drawing histograms
Drawing ratio plot...
Finished drawing ratio plot
Plotting end time: 2021-09-28 07:06:11.242433
