plots/plot.py:938: SyntaxWarning: name 'counter' is used prior to global declaration
  global counter
Plotting start time: 2022-08-03 12:21:40.609857
Cut name =  SL2b
MC Selection Cuts =  ((nTightElectrons == 1 && nVetoElectrons == 1 && nLooseMuons == 0 && njets >= 2 && nbjets >= 2 && METcorrected_pt >= 250 && Flag_goodVertices && Flag_globalSuperTightHalo2016Filter && Flag_HBHENoiseFilter && Flag_HBHENoiseIsoFilter && Flag_EcalDeadCellTriggerPrimitiveFilter && Flag_BadPFMuonFilter && ((HLT_Ele27_WPTight_Gsf) || (HLT_Ele115_CaloIdVT_GsfTrkIdT || HLT_Photon175)) && PV_npvsGood > 0 && PV_ndof > 4 && abs(PV_z) < 24 && sqrt(pow(PV_x,2)+pow(PV_y,2)) < 2) || (nTightMuons == 1 && nLooseMuons == 1 && nVetoElectrons == 0 && njets >= 2 && nbjets >= 2 && METcorrected_pt >= 250 && Flag_goodVertices && Flag_globalSuperTightHalo2016Filter && Flag_HBHENoiseFilter && Flag_HBHENoiseIsoFilter && Flag_EcalDeadCellTriggerPrimitiveFilter && Flag_BadPFMuonFilter && (HLT_IsoMu24 || HLT_IsoTkMu24) && PV_npvsGood > 0 && PV_ndof > 4 && abs(PV_z) < 24 && sqrt(pow(PV_x,2)+pow(PV_y,2)) < 2))
Data Selection Cuts =  ((nTightElectrons == 1 && nVetoElectrons == 1 && nLooseMuons == 0 && njets >= 2 && nbjets >= 2 && METcorrected_pt >= 250 && Flag_goodVertices && Flag_globalSuperTightHalo2016Filter && Flag_HBHENoiseFilter && Flag_HBHENoiseIsoFilter && Flag_EcalDeadCellTriggerPrimitiveFilter && Flag_BadPFMuonFilter && ((HLT_Ele27_WPTight_Gsf) || (HLT_Ele115_CaloIdVT_GsfTrkIdT || HLT_Photon175)) && PV_npvsGood > 0 && PV_ndof > 4 && abs(PV_z) < 24 && sqrt(pow(PV_x,2)+pow(PV_y,2)) < 2) || (nTightMuons == 1 && nLooseMuons == 1 && nVetoElectrons == 0 && njets >= 2 && nbjets >= 2 && METcorrected_pt >= 250 && Flag_goodVertices && Flag_globalSuperTightHalo2016Filter && Flag_HBHENoiseFilter && Flag_HBHENoiseIsoFilter && Flag_EcalDeadCellTriggerPrimitiveFilter && Flag_BadPFMuonFilter && (HLT_IsoMu24 || HLT_IsoTkMu24) && PV_npvsGood > 0 && PV_ndof > 4 && abs(PV_z) < 24 && sqrt(pow(PV_x,2)+pow(PV_y,2)) < 2)) && Flag_eeBadScFilter
var =  M_T
year =  2016
lumi =  36.33
saveDirectory =  plots/AN/modtopness/
date =  08_03_2022
applying HEM fix for 2018...
Creating histograms..
Histogram options: 
    nbins =  10
    xmin =  20
    xmax =  420
    auto_y =  True
    doLogPlot =  False
    drawData =  False
    mediatorType =  scalar
    mchi =  1
    mphi =  100
    normalizePlots =  False
    useCentralSamples =  True
    doBinned =  False
    savePlots =  True
    combineEleMu =  True
    doSys =  False
    doSysFirstHalf =  False
    doSysSecondHalf =  False
    drawOverflow =  True
    drawUnderflow =  False
    plotSys =  False
    plotSysVar =  CMS_res_j
    plotSysSignal =  False
Loading data sample root files and event trees...
Got data sample root files and event trees
Loading MC sample root files and event trees...
    ----Loading HT600To800
    nevents in  ZTo2Nu   HT600To800 :  5693589
    ----Loading HT1200To2500
    nevents in  ZTo2Nu   HT1200To2500 :  513471
    ----Loading HT100To200
    nevents in  ZTo2Nu   HT100To200 :  24272858
    ----Loading HT2500ToInf
    nevents in  ZTo2Nu   HT2500ToInf :  405030
    ----Loading HT800To1200
    nevents in  ZTo2Nu   HT800To1200 :  2170137
    ----Loading HT200To400
    nevents in  ZTo2Nu   HT200To400 :  24761211
    ----Loading HT400To600
    nevents in  ZTo2Nu   HT400To600 :  9862869
    ----Loading tWChan_MChi1_MPhi100_scalar
    nevents in  tbar scalar   tWChan_MChi1_MPhi100_scalar :  250000
    ----Loading tChan_MChi1_MPhi100_scalar
    nevents in  tbar scalar   tChan_MChi1_MPhi100_scalar :  400000
    ----Loading WWTo1L1Nu2Q
    nevents in  WW   WWTo1L1Nu2Q :  5246469
    ----Loading WWTo4Q
    nevents in  WW   WWTo4Q :  30324343
    ----Loading WWTo2L2Nu
    nevents in  WW   WWTo2L2Nu :  1999000
    ----Loading TTToSemiLepton
    nevents in  ttbarPlusJets   TTToSemiLepton :  152669800
    ----Loading TTTo2L2Nu
    nevents in  ttbarPlusJets   TTTo2L2Nu :  79140880
    ----Loading ttDM_MChi1_MPhi100_scalar
    nevents in  ttbar scalar   ttDM_MChi1_MPhi100_scalar :  2625075
    ----Loading ZZTo2Q2Nu
    nevents in  ZZ   ZZTo2Q2Nu :  30493038
    ----Loading ZZTo4L
    nevents in  ZZ   ZZTo4L :  103121112
    ----LoInfo in <TCanvas::MakeDefCanvas>:  created default TCanvas with name c1
TFile::Append:0: RuntimeWarning: Replacing existing TH1: hist (Potential memory leak).
TFile::Append:0: RuntimeWarning: Replacing existing TH1: hist (Potential memory leak).
TFile::Append:0: RuntimeWarning: Replacing existing TH1: hist (Potential memory leak).
TFile::Append:0: RuntimeWarning: Replacing existing TH1: hist (Potential memory leak).
TFile::Append:0: RuntimeWarning: Replacing existing TH1: hist (Potential memory leak).
ading ZZTo2L2Q
    nevents in  ZZ   ZZTo2L2Q :  15462693
    ----Loading ZZTo2L2Nu
    nevents in  ZZ   ZZTo2L2Nu :  52855410
    ----Loading ZZTo4Q
    nevents in  ZZ   ZZTo4Q :  30636849
    ----Loading HT700To1000
    nevents in  QCD   HT700To1000 :  37233786
    ----Loading HT500To700
    nevents in  QCD   HT500To700 :  62622029
    ----Loading HT2000ToInf
    nevents in  QCD   HT2000ToInf :  5804179
    ----Loading HT1000To1500
    nevents in  QCD   HT1000To1500 :  15210939
    ----Loading HT1500To2000
    nevents in  QCD   HT1500To2000 :  11839357
    ----Loading HT100To200
    nevents in  QCD   HT100To200 :  82293477
    ----Loading HT300To500
    nevents in  QCD   HT300To500 :  54552852
    ----Loading HT200To300
    nevents in  QCD   HT200To300 :  57580393
    ----Loading WZTo2Q2Nu
    nevents in  WZ   WZTo2Q2Nu :  17725159
    ----Loading WZTo2L2Q
    nevents in  WZ   WZTo2L2Q :  26445785
    ----Loading WZTo3LNu
    nevents in  WZ   WZTo3LNu :  19993200
    ----Loading WZTo1L3Nu
    nevents in  WZ   WZTo1L3Nu :  1703772
    ----Loading WZTo1L1Nu2Q
    nevents in  WZ   WZTo1L1Nu2Q :  24311445
    ----Loading TTZToQQ
    nevents in  TTV   TTZToQQ :  749400
    ----Loading TTWJetsToLNu
    nevents in  TTV   TTWJetsToLNu :  5280565
    ----Loading TTWJetsToQQ
    nevents in  TTV   TTWJetsToQQ :  833298
    ----Loading TTZToLLNuNu
    nevents in  TTV   TTZToLLNuNu :  13692628
    ----Loading HT600To800
    nevents in  ZTo2L   HT600To800 :  8292957
    ----Loading HT1200To2500
    nevents in  ZTo2L   HT1200To2500 :  596079
    ----Loading HT100To200
    nevents in  ZTo2L   HT100To200 :  11017086
    ----Loading HT2500ToInf
    nevents in  ZTo2L   HT2500ToInf :  399492
    ----Loading HT800To1200
    nevents in  ZTo2L   HT800To1200 :  2673066
    ----Loading HT200To400
    nevents in  ZTo2L   HT200To400 :  9609137
    ----Loading HT400To600
    nevents in  ZTo2L   HT400To600 :  9725661
    ----Loading ST_s-channel
    nevents in  singleTop   ST_s-channel :  1000000
    ----Loading ST_t-channel_antitop
    nevents in  singleTop   ST_t-channel_antitop :  38811017
    ----Loading ST_tW_top
    nevents in  singleTop   ST_tW_top :  6952830
    ----Loading ST_t-channel_top
    nevents in  singleTop   ST_t-channel_top :  58403420
    ----Loading ST_tW_antitop
    nevents in  singleTop   ST_tW_antitop :  6933094
    ----Loading HT200To400
    nevents in  WPlusJets   HT200To400 :  38984322
    ----Loading HT70To100
    nevents in  WPlusJets   HT70To100 :  10020533
    ----Loading HT600To800
    nevents in  WPlusJets   HT600To800 :  18687480
    ----Loading HT1200To2500
    nevents in  WPlusJets   HT1200To2500 :  6872441
    ----Loading HT100To200
    nevents in  WPlusJets   HT100To200 :  78043017
    ----Loading HT400To600
    nevents in  WPlusJets   HT400To600 :  7687800
    ----Loading HT2500ToInf
    nevents in  WPlusJets   HT2500ToInf :  2637821
    ----Loading HT800To1200
    nevents in  WPlusJets   HT800To1200 :  7830536
Got MC sample root files and event trees
Filling data histograms...
Filling MC histograms...
  Process =  ZTo2Nu
      Dataset =  HT600To800  ||   nEvents =  5693589
Applied ZTo2Nu qcd/ewk Weights correctly
          hist nEntries =  6.0
          hist integral =  0.116066526622
      Dataset =  HT1200To2500  ||   nEvents =  513471
Applied ZTo2Nu qcd/ewk Weights correctly
          hist nEntries =  1.0
          hist integral =  0.0256408378482
      Dataset =  HT100To200  ||   nEvents =  24272858
Applied ZTo2Nu qcd/ewk Weights correctly
          hist nEntries =  1.0
          hist integral =  0.521590590477
      Dataset =  HT2500ToInf  ||   nEvents =  405030
Applied ZTo2Nu qcd/ewk Weights correctly
          hist nEntries =  1.0
          hist integral =  0.000527527008671
      Dataset =  HT800To1200  ||   nEvents =  2170137
Applied ZTo2Nu qcd/ewk Weights correctly
          hist nEntries =  2.0
          hist integral =  0.0248231410515
      Dataset =  HT200To400  ||   nEvents =  24761211
Applied ZTo2Nu qcd/ewk Weights correctly
          hist nEntries =  0.0
          hist integral =  0.0
      DTFile::Append:0: RuntimeWarning: Replacing existing TH1: hist (Potential memory leak).
TFile::Append:0: RuntimeWarning: Replacing existing TH1: hist (Potential memory leak).
TFile::Append:0: RuntimeWarning: Replacing existing TH1: hist (Potential memory leak).
TFile::Append:0: RuntimeWarning: Replacing existing TH1: hist (Potential memory leak).
TFile::Append:0: RuntimeWarning: Replacing existing TH1: hist (Potential memory leak).
TFile::Append:0: RuntimeWarning: Replacing existing TH1: hist (Potential memory leak).
TFile::Append:0: RuntimeWarning: Replacing existing TH1: hist (Potential memory leak).
TFile::Append:0: RuntimeWarning: Replacing existing TH1: hist (Potential memory leak).
TFile::Append:0: RuntimeWarning: Replacing existing TH1: hist (Potential memory leak).
TFile::Append:0: RuntimeWarning: Replacing existing TH1: hist (Potential memory leak).
TFile::Append:0: RuntimeWarning: Replacing existing TH1: hist (Potential memory leak).
TFile::Append:0: RuntimeWarning: Replacing existing TH1: hist (Potential memory leak).
TFile::Append:0: RuntimeWarning: Replacing existing TH1: hist (Potential memory leak).
TFile::Append:0: RuntimeWarning: Replacing existing TH1: hist (Potential memory leak).
TFile::Append:0: RuntimeWarning: Replacing existing TH1: hist (Potential memory leak).
TFile::Append:0: RuntimeWarning: Replacing existing TH1: hist (Potential memory leak).
TFile::Append:0: RuntimeWarning: Replacing existing TH1: hist (Potential memory leak).
TFile::Append:0: RuntimeWarning: Replacing existing TH1: hist (Potential memory leak).
TFile::Append:0: RuntimeWarning: Replacing existing TH1: hist (Potential memory leak).
TFile::Append:0: RuntimeWarning: Replacing existing TH1: hist (Potential memory leak).
TFile::Append:0: RuntimeWarning: Replacing existing TH1: hist (Potential memory leak).
TFile::Append:0: RuntimeWarning: Replacing existing TH1: hist (Potential memory leak).
TFile::Append:0: RuntimeWarning: Replacing existing TH1: hist (Potential memory leak).
TFile::Append:0: RuntimeWarning: Replacing existing TH1: hist (Potential memory leak).
TFile::Append:0: RuntimeWarning: Replacing existing TH1: hist (Potential memory leak).
TFile::Append:0: RuntimeWarning: Replacing existing TH1: hist (Potential memory leak).
TFile::Append:0: RuntimeWarning: Replacing existing TH1: hist (Potential memory leak).
TFile::Append:0: RuntimeWarning: Replacing existing TH1: hist (Potential memory leak).
TFile::Append:0: RuntimeWarning: Replacing existing TH1: hist (Potential memory leak).
TFile::Append:0: RuntimeWarning: Replacing existing TH1: hist (Potential memory leak).
TFile::Append:0: RuntimeWarning: Replacing existing TH1: hist (Potential memory leak).
ataset =  HT400To600  ||   nEvents =  9862869
Applied ZTo2Nu qcd/ewk Weights correctly
          hist nEntries =  4.0
          hist integral =  0.149319713935
  Process =  tbar scalar
      Dataset =  tWChan_MChi1_MPhi100_scalar  ||   nEvents =  250000
          hist nEntries =  1200.0
          hist integral =  8.57691261172
      Dataset =  tChan_MChi1_MPhi100_scalar  ||   nEvents =  400000
          hist nEntries =  594.0
          hist integral =  13.7697932124
  Process =  WW
      Dataset =  WWTo1L1Nu2Q  ||   nEvents =  5246469
          hist nEntries =  64.0
          hist integral =  17.0528757572
      Dataset =  WWTo4Q  ||   nEvents =  30324343
          hist nEntries =  0.0
          hist integral =  0.0
      Dataset =  WWTo2L2Nu  ||   nEvents =  1999000
          hist nEntries =  20.0
          hist integral =  4.11126939952
  Process =  ttbarPlusJets
      Dataset =  TTToSemiLepton  ||   nEvents =  152669800
          hist nEntries =  76824.0
          hist integral =  5066.89669782
      Dataset =  TTTo2L2Nu  ||   nEvents =  79140880
          hist nEntries =  51543.0
          hist integral =  1755.42376709
  Process =  ttbar scalar
      Dataset =  ttDM_MChi1_MPhi100_scalar  ||   nEvents =  2625075
          hist nEntries =  11794.0
          hist integral =  102.994292736
  Process =  ZZ
      Dataset =  ZZTo2Q2Nu  ||   nEvents =  30493038
          hist nEntries =  3.0
          hist integral =  0.0141667737626
      Dataset =  ZZTo4L  ||   nEvents =  103121112
          hist nEntries =  43.0
          hist integral =  0.0158902822664
      Dataset =  ZZTo2L2Q  ||   nEvents =  15462693
          hist nEntries =  142.0
          hist integral =  0.411272802856
      Dataset =  ZZTo2L2Nu  ||   nEvents =  52855410
          hist nEntries =  479.0
          hist integral =  0.167337964289
      Dataset =  ZZTo4Q  ||   nEvents =  30636849
          hist nEntries =  0.0
          hist integral =  0.0
  Process =  QCD
      Dataset =  HT700To1000  ||   nEvents =  37233786
          hist nEntries =  0.0
          hist integral =  0.0
      Dataset =  HT500To700  ||   nEvents =  62622029
          hist nEntries =  0.0
          hist integral =  0.0
      Dataset =  HT2000ToInf  ||   nEvents =  5804179
          hist nEntries =  7.0
          hist integral =  0.600802764297
      Dataset =  HT1000To1500  ||   nEvents =  15210939
          hist nEntries =  3.0
          hist integral =  3.22901821136
      Dataset =  HT1500To2000  ||   nEvents =  11839357
          hist nEntries =  5.0
          hist integral =  0.40007930994
      Dataset =  HT100To200  ||   nEvents =  82293477
          hist nEntries =  0.0
          hist integral =  0.0
      Dataset =  HT300To500  ||   nEvents =  54552852
          hist nEntries =  0.0
          hist integral =  0.0
      Dataset =  HT200To300  ||   nEvents =  57580393
          hist nEntries =  0.0
          hist integral =  0.0
  Process =  WZ
      Dataset =  WZTo2Q2Nu  ||   nEvents =  17725159
          hist nEntries =  0.0
          hist integral =  0.0
      Dataset =  WZTo2L2Q  ||   nEvents =  26445785
          hist nEntries =  56.0
          hist integral =  0.163516671397
      Dataset =  WZTo3LNu  ||   nEvents =  19993200
          hist nEntries =  100.0
          hist integral =  0.723972536864
      Dataset =  WZTo1L3Nu  ||   nEvents =  1703772
          hist nEntries =  55.0
          hist integral =  3.18752673268
      Dataset =  WZTo1L1Nu2Q  ||   nEvents =  24311445
          hist nEntries =  3220.0
          hist integral =  39.9080382884
  Process =  TTV
      Dataset =  TTZToQQ  ||   nEvents =  749400
          hist nEntries =  1129.0
          hist integral =  23.2084587514
      Dataset =  TTWJetsToLNu  ||   nEvents =  5280565
          hist nEntries =  21811.0
          hist integral =  25.4300782084
      Dataset =  TTWJetsToQQ  ||   nEvents =  833298
          hist nEntries =  1380.0
          hist integral =  19.2405903637
      Dataset =  TTZToLLNuNu  ||   nEvents =  13692628
          hist nEntries =  62229.0
          hist integral =  36.47370338TFile::Append:0: RuntimeWarning: Replacing existing TH1: hist (Potential memory leak).
TFile::Append:0: RuntimeWarning: Replacing existing TH1: hist (Potential memory leak).
TFile::Append:0: RuntimeWarning: Replacing existing TH1: hist (Potential memory leak).
TFile::Append:0: RuntimeWarning: Replacing existing TH1: hist (Potential memory leak).
TFile::Append:0: RuntimeWarning: Replacing existing TH1: hist (Potential memory leak).
TFile::Append:0: RuntimeWarning: Replacing existing TH1: hist (Potential memory leak).
TFile::Append:0: RuntimeWarning: Replacing existing TH1: hist (Potential memory leak).
TFile::Append:0: RuntimeWarning: Replacing existing TH1: hist (Potential memory leak).
TFile::Append:0: RuntimeWarning: Replacing existing TH1: hist (Potential memory leak).
TFile::Append:0: RuntimeWarning: Replacing existing TH1: hist (Potential memory leak).
TFile::Append:0: RuntimeWarning: Replacing existing TH1: hist (Potential memory leak).
TFile::Append:0: RuntimeWarning: Replacing existing TH1: hist (Potential memory leak).
TFile::Append:0: RuntimeWarning: Replacing existing TH1: hist (Potential memory leak).
TFile::Append:0: RuntimeWarning: Replacing existing TH1: hist (Potential memory leak).
TFile::Append:0: RuntimeWarning: Replacing existing TH1: hist (Potential memory leak).
TFile::Append:0: RuntimeWarning: Replacing existing TH1: hist (Potential memory leak).
TFile::Append:0: RuntimeWarning: Replacing existing TH1: hist (Potential memory leak).
TFile::Append:0: RuntimeWarning: Replacing existing TH1: hist (Potential memory leak).
TFile::Append:0: RuntimeWarning: Replacing existing TH1: hist (Potential memory leak).
TFile::Append:0: RuntimeWarning: Replacing existing TH1: hist (Potential memory leak).
44
  Process =  ZTo2L
      Dataset =  HT600To800  ||   nEvents =  8292957
Applied ZTo2L qcd/ewk Weights correctly
          hist nEntries =  555.0
          hist integral =  1.76426113117
      Dataset =  HT1200To2500  ||   nEvents =  596079
Applied ZTo2L qcd/ewk Weights correctly
          hist nEntries =  112.0
          hist integral =  0.832892841659
      Dataset =  HT100To200  ||   nEvents =  11017086
Applied ZTo2L qcd/ewk Weights correctly
          hist nEntries =  0.0
          hist integral =  0.0
      Dataset =  HT2500ToInf  ||   nEvents =  399492
Applied ZTo2L qcd/ewk Weights correctly
          hist nEntries =  111.0
          hist integral =  0.0417837554123
      Dataset =  HT800To1200  ||   nEvents =  2673066
Applied ZTo2L qcd/ewk Weights correctly
          hist nEntries =  297.0
          hist integral =  1.16884567961
      Dataset =  HT200To400  ||   nEvents =  9609137
Applied ZTo2L qcd/ewk Weights correctly
          hist nEntries =  9.0
          hist integral =  0.36990660429
      Dataset =  HT400To600  ||   nEvents =  9725661
Applied ZTo2L qcd/ewk Weights correctly
          hist nEntries =  253.0
          hist integral =  2.30923152715
  Process =  singleTop
      Dataset =  ST_s-channel  ||   nEvents =  1000000
          hist nEntries =  226.0
          hist integral =  22.082747817
      Dataset =  ST_t-channel_antitop  ||   nEvents =  38811017
          hist nEntries =  823.0
          hist integral =  45.3542108536
      Dataset =  ST_tW_top  ||   nEvents =  6952830
          hist nEntries =  2639.0
          hist integral =  380.744967699
      Dataset =  ST_t-channel_top  ||   nEvents =  58403420
          hist nEntries =  1756.0
          hist integral =  114.345413748
      Dataset =  ST_tW_antitop  ||   nEvents =  6933094
          hist nEntries =  2618.0
          hist integral =  382.65596962
  Process =  WPlusJets
      Dataset =  HT200To400  ||   nEvents =  38984322
Applied WPlusJets qcd/ewk Weights correctly
          hist nEntries =  224.0
          hist integral =  67.8007346094
      Dataset =  HT70To100  ||   nEvents =  10020533
Applied WPlusJets qcd/ewk Weights correctly
          hist nEntries =  0.0
          hist integral =  0.0
      Dataset =  HT600To800  ||   nEvents =  18687480
Applied WPlusJets qcd/ewk Weights correctly
          hist nEntries =  5320.0
          hist integral =  96.3592153639
      Dataset =  HT1200To2500  ||   nEvents =  6872441
Applied WPlusJets qcd/ewk Weights correctly
          hist nEntries =  6144.0
          hist integral =  34.232306242
      Dataset =  HT100To200  ||   nEvents =  78043017
Applied WPlusJets qcd/ewk Weights correctly
          hist nEntries =  2.0
          hist integral =  1.68261551857
      Dataset =  HT400To600  ||   nEvents =  7687800
Applied WPlusJets qcd/ewk Weights correctly
          hist nEntries =  806.0
          hist integral =  158.560375742
      Dataset =  HT2500ToInf  ||   nEvents =  2637821
Applied WPlusJets qcd/ewk Weights correctly
          hist nEntries =  2342.0
          hist integral =  0.968443468213
      Dataset =  HT800To1200  ||   nEvents =  7830536
Applied WPlusJets qcd/ewk Weights correctly
          hist nEntries =  4136.0
          hist integral =  78.949275773
-----------------------------
Total data background nEvents =  0.0
Total data background integral =  0.0
-----------------------------
Total MC background nEvents =  247501.0
Total MC background integral =  8387.71997833
-----------------------------
Total tt+DM signal nEvents =  235.88
Total tt+DM signal integral =  102.994290771
Total t+DM signal nEvents =  35.88
Total t+DM signal integral =  22.3467062378
-----------------------------
FOM for tt+DM signal =  1.12458216003
FOM for t+DM signal =  0.244000973085
-----------------------------
Data bin errors:
    bin 0: 0.0
    bin 1: 0.0
    bin 2: 0.0
    bin 3: 0.0
    bin 4: 0.0
    bin 5: 0.0
    bin 6: 0.0
    bin 7: 0.0
    bin 8: 0.0
    bin 9: 0.0
    bin 10: 0.0
-----------------------------
MC background bin errors:
    bin 0: 13.1523942398
    bin 1: 18.3089087661
    bin Info in <TCanvas::Print>: pdf file SL2b2016_M_T_08_03_2022.pdf has been created
2: 17.7775011305
    bin 3: 7.05480915723
    bin 4: 3.48730253082
    bin 5: 3.14156715997
    bin 6: 2.91831538325
    bin 7: 2.78646489972
    bin 8: 2.5312044496
    bin 9: 2.47541654916
    bin 10: 2.00543020027
-----------------------------
tt+DM bin errors:
    bin 0: 13.1331533991
    bin 1: 19.2447758972
    bin 2: 18.2519866655
    bin 3: 17.5365339045
    bin 4: 17.1205092318
    bin 5: 16.7825612195
    bin 6: 15.3300695488
    bin 7: 13.693557409
    bin 8: 12.241892911
    bin 9: 10.6083222398
    bin 10: 9.23132796493
-----------------------------
t+DM bin errors:
    bin 0: 5.57607990522
    bin 1: 9.5208902157
    bin 2: 8.08801285427
    bin 3: 7.86828999865
    bin 4: 8.45771648622
    bin 5: 11.4205483025
    bin 6: 9.02515449043
    bin 7: 9.62787250049
    bin 8: 10.2270938967
    bin 9: 8.02472870564
    bin 10: 8.9547400025
-----------------------------
ZTo2Nu hist info:
    nEvents =  15.0
    integral =  0.837968349457
tbar scalar hist info:
    nEvents =  35.88
    integral =  22.3467062378
TTTo2L2Nu hist info:
    nEvents =  51543.0
    integral =  1755.42376709
singleTop hist info:
    nEvents =  8062.0
    integral =  945.183261871
TTV hist info:
    nEvents =  86549.0
    integral =  104.352830172
bkgSum hist info:
    nEvents =  247501.0
    integral =  8387.71997833
ttbar scalar hist info:
    nEvents =  235.88
    integral =  102.994290771
VV hist info:
    nEvents =  4182.0
    integral =  65.7558658496
QCD hist info:
    nEvents =  15.0
    integral =  4.229900226
ZTo2L hist info:
    nEvents =  1337.0
    integral =  6.4869215358
data hist info:
    nEvents =  0.0
    integral =  0.0
WPlusJets hist info:
    nEvents =  18974.0
    integral =  438.552962899
TTToSemiLepton hist info:
    nEvents =  76824.0
    integral =  5066.89669782
Finished filling histograms
Creating stacked MC background histogram...
Finished stacking MC background histograms.
Drawing histograms...
Finished drawing histograms
Plotting end time: 2022-08-03 12:23:46.379361
