Plotting start time: 2021-10-14 19:51:59.173474
Cut name =  SL1lWR
MC Selection Cuts =  (njets >= 2 && nbjets == 0 && nTightElectrons == 1 && nVetoElectrons == 1 && nLooseMuons == 0 && METcorrected_pt >= 250 && M_T >= 140 && M_T2ll <= 80 && Flag_goodVertices && Flag_globalSuperTightHalo2016Filter && Flag_HBHENoiseFilter && Flag_HBHENoiseIsoFilter && Flag_EcalDeadCellTriggerPrimitiveFilter && Flag_BadPFMuonFilter && Flag_ecalBadCalibFilterV2 && ((HLT_Ele32_WPTight_Gsf) || (HLT_Ele115_CaloIdVT_GsfTrkIdT || HLT_Photon200)) && PV_npvsGood > 0 && PV_ndof > 4 && abs(PV_z) < 24 && sqrt(pow(PV_x,2)+pow(PV_y,2)) < 2 && ((METcorrected_phi <= -1.62) || (METcorrected_phi >= -0.82))) || (njets >= 2 && nbjets == 0 && nVetoElectrons == 0 && nTightMuons == 1 && nLooseMuons == 1 && METcorrected_pt >= 250 && M_T >= 140 && M_T2ll <= 80 && Flag_goodVertices && Flag_globalSuperTightHalo2016Filter && Flag_HBHENoiseFilter && Flag_HBHENoiseIsoFilter && Flag_EcalDeadCellTriggerPrimitiveFilter && Flag_BadPFMuonFilter && Flag_ecalBadCalibFilterV2 && (HLT_IsoMu24) && PV_npvsGood > 0 && PV_ndof > 4 && abs(PV_z) < 24 && sqrt(pow(PV_x,2)+pow(PV_y,2)) < 2 && ((METcorrected_phi <= -1.62) || (METcorrected_phi >= -0.82)))
Data Selection Cuts =  (njets >= 2 && nbjets == 0 && nTightElectrons == 1 && nVetoElectrons == 1 && nLooseMuons == 0 && METcorrected_pt >= 250 && M_T >= 140 && M_T2ll <= 80 && Flag_goodVertices && Flag_globalSuperTightHalo2016Filter && Flag_HBHENoiseFilter && Flag_HBHENoiseIsoFilter && Flag_EcalDeadCellTriggerPrimitiveFilter && Flag_BadPFMuonFilter && Flag_ecalBadCalibFilterV2 && ((HLT_Ele32_WPTight_Gsf) || (HLT_Ele115_CaloIdVT_GsfTrkIdT || HLT_Photon200)) && PV_npvsGood > 0 && PV_ndof > 4 && abs(PV_z) < 24 && sqrt(pow(PV_x,2)+pow(PV_y,2)) < 2 && ((METcorrected_phi <= -1.62) || (METcorrected_phi >= -0.82))) || (njets >= 2 && nbjets == 0 && nVetoElectrons == 0 && nTightMuons == 1 && nLooseMuons == 1 && METcorrected_pt >= 250 && M_T >= 140 && M_T2ll <= 80 && Flag_goodVertices && Flag_globalSuperTightHalo2016Filter && Flag_HBHENoiseFilter && Flag_HBHENoiseIsoFilter && Flag_EcalDeadCellTriggerPrimitiveFilter && Flag_BadPFMuonFilter && Flag_ecalBadCalibFilterV2 && (HLT_IsoMu24) && PV_npvsGood > 0 && PV_ndof > 4 && abs(PV_z) < 24 && sqrt(pow(PV_x,2)+pow(PV_y,2)) < 2 && ((METcorrected_phi <= -1.62) || (METcorrected_phi >= -0.82))) && Flag_eeBadScFilter
var =  Jet_pt[index_centralJets[0]]
year =  2018
lumi =  59.83
saveDirectory =  plots/CR_2018/Jet_pt/
date =  10_13_2021
Creating histograms..
Finished making systematic histogram dictionary
Drawing data and ratio plot...
Selected both SingleMuon and SingleElectron dataset
Loading data sample root files and event trees...
    nevents in filepath = /hdfs/store/user/vshang/SingleElectron_Run2018A/EGamma/ModuleCommonSkim_09072021/tree_all.root: 73622
    nevents in filepath = /hdfs/store/user/vshang/SingleElectron_Run2018B/EGamma/ModuleCommonSkim_09072021/tree_all.root: 38884
    nevents in filepath = /hdfs/store/user/vshang/SingleElectron_Run2018C/EGamma/ModuleCommonSkim_09072021/tree_all.root: 63792
    nevents in filepath = /hdfs/store/user/vshang/SingleElectron_Run2018D/EGamma/ModuleCommonSkim_09072021/tree_all.root: 326118
    total nevents in  SingleElectron :  502416
    nevents in filepath = /hdfs/store/user/vshang/SingleMuon_Run2018A/SingleMuon/ModuleCommonSkim_09072021/tree_all.root: 100542
    nevents in filepath = /hdfs/store/user/vshang/SingleMuon_Run2018B/SingleMuon/ModuleCommonSkim_09072021/tree_all.root: 55998
    nevents in filepath = /hdfs/store/user/vshang/SingleMuon_Run2018C/SingleMuon/ModuleCommonSkim_09072021/tree_all.root: 63452
    nevents in filepath = /hdfs/store/user/vshang/SingleMuon_Run2018D/SingleMuon/ModuleCommonSkim_09072021/tree_all.root: 298436
    total nevents in  SingleMuon :  518428
Got data sample root files and event trees
Loading MC sample root files and event trees...
    nevents in  ZTo2Nu   HT600To800 :  5748975
    nevents in  ZTo2Nu   HT1200To2500 :  343198
    nevents in  ZTo2Nu   HT100To200 :  23702894
    nevents in  ZTo2Nu   HT2500ToInf :  359639
   Info in <TCanvas::MakeDefCanvas>:  created default TCanvas with name c1
TFile::Append:0: RuntimeWarning: Replacing existing TH1: hist (Potential memory leak).
 nevents in  ZTo2Nu   HT800To1200 :  2066798
    nevents in  ZTo2Nu   HT200To400 :  23276346
    nevents in  ZTo2Nu   HT400To600 :  9511100
    nevents in  WW   WWTo1L1Nu2Q :  4683136
    nevents in  WW   WWTo4Q :  3790800
    nevents in  WW   WWTo2L2Nu :  7758900
    nevents in  ttbarPlusJets   TTToSemiLepton :  300619998
    nevents in  ttbarPlusJets   TTTo2L2Nu :  64310000
    nevents in  ttbar scalar   ttDM_MChi1_MPhi100_scalar :  1842523
    nevents in  ZZ   ZZTo2Q2Nu :  57633049
    nevents in  ZZ   ZZTo4L :  124649500
    nevents in  ZZ   ZZTo2L2Q :  27900469
    nevents in  ZZ   ZZTo2L2Nu :  56428600
    nevents in  QCD   Pt50to80 :  25580000
    nevents in  QCD   Pt2400to3200 :  2394000
    nevents in  QCD   Pt30to50 :  18488000
    nevents in  QCD   Pt470to600 :  42459973
    nevents in  QCD   Pt300to470 :  41744000
    nevents in  QCD   Pt170to300 :  29710000
    nevents in  QCD   Pt800to1000 :  36062000
    nevents in  QCD   Pt600to800 :  64061000
    nevents in  QCD   Pt120to170 :  25255000
    nevents in  QCD   Pt1000to1400 :  18485000
    nevents in  QCD   Pt1400to1800 :  6928000
    nevents in  QCD   Pt15to30 :  19451000
    nevents in  QCD   Pt3200toInf :  925000
    nevents in  QCD   Pt80to120 :  29535000
    nevents in  QCD   Pt1800to2400 :  4017800
    nevents in  WZ   WZTo2Q2Nu :  30887331
    nevents in  WZ   WZTo2L2Q :  28193648
    nevents in  WZ   WZTo3LNu :  11248318
    nevents in  WZ   WZTo1L3Nu :  1690064
    nevents in  WZ   WZTo1L1Nu2Q :  18273533
    nevents in  ttbar pseudoscalar   ttDM_MChi1_MPhi100_pseudo :  1607992
    nevents in  TTV   TTZToQQ :  9572000
    nevents in  TTV   TTWJetsToLNu :  4911941
    nevents in  TTV   TTWJetsToQQ :  835296
    nevents in  TTV   TTZToLLNuNu :  13280000
    nevents in  ZTo2L   HT600To800 :  8862104
    nevents in  ZTo2L   HT1200To2500 :  536416
    nevents in  ZTo2L   HT100To200 :  11530510
    nevents in  ZTo2L   HT2500ToInf :  427051
    nevents in  ZTo2L   HT800To1200 :  3138129
    nevents in  ZTo2L   HT200To400 :  10860690
    nevents in  ZTo2L   HT400To600 :  46161988
    nevents in  singleTop   ST_s-channel :  19890000
    nevents in  singleTop   ST_t-channel_antitop :  79090800
    nevents in  singleTop   ST_tW_top :  9598000
    nevents in  singleTop   ST_t-channel_top :  154307600
    nevents in  singleTop   ST_tW_antitop :  7527000
    nevents in  WPlusJets   HT200To400 :  25468933
    nevents in  WPlusJets   HT70To100 :  28084244
    nevents in  WPlusJets   HT600To800 :  19771294
    nevents in  WPlusJets   HT1200To2500 :  7633949
    nevents in  WPlusJets   HT100To200 :  29425374
    nevents in  WPlusJets   HT400To600 :  5932701
    nevents in  WPlusJets   HT2500ToInf :  3273980
    nevents in  WPlusJets   HT800To1200 :  8402687
Got MC sample root files and event trees
Filling histograms...
  Dataset =  SingleElectron  ||   nEvents =  502416
  Using cut =  njets >= 2 && nbjets == 0 && nTightElectrons == 1 && nVetoElectrons == 1 && nLooseMuons == 0 && METcorrected_pt >= 250 && M_T >= 140 && M_T2ll <= 80 && Flag_goodVertices && Flag_globalSuperTightHalo2016Filter && Flag_HBHENoiseFilter && Flag_HBHENoiseIsoFilter && Flag_EcalDeadCellTriggerPrimitiveFilter && Flag_BadPFMuonFilter && Flag_ecalBadCalibFilterV2 && ((HLT_Ele32_WPTight_Gsf) || (HLT_Ele115_CaloIdVT_GsfTrkIdT || HLT_Photon200)) && PV_npvsGood > 0 && PV_ndof > 4 && abs(PV_z) < 24 && sqrt(pow(PV_x,2)+pow(PV_y,2)) < 2 && ((METcorrected_phi <= -1.62) || (METcorrected_phi >= -0.82)) && Flag_eeBadScFilter
    hist nEntries =  524.0
    hist integral =  524.0
    hist_data nEntries =  524.0
    hist_data integral =  524.0
  Using cut =  njets >= 2 && nbjets == 0 && nTightElectrons == 1 && nVetoElectrons == 1 && nLooseMuons == 0 && METcorrected_pt >= 250 && M_T >= 140 && M_T2ll <= 80 && Flag_goodVertices && Flag_globalSuperTightHalo2016Filter && Flag_HBHENoiseFilter && Flag_HBHENoiseIsoFilter && Flag_EcalDeadCellTriggerPrimitiveFilter && Flag_BadPFMuonFilter && Flag_ecalBadCalibFilterV2 && ((HLT_Ele32_WPTight_Gsf) || (HLT_Ele115_CaloIdVT_GsfTrkIdT || HLT_Photon200)) && PV_npvsGood > 0 && TFile::Append:0: RuntimeWarning: Replacing existing TH1: hist (Potential memory leak).
TFile::Append:0: RuntimeWarning: Replacing existing TH1: hist (Potential memory leak).
TFile::Append:0: RuntimeWarning: Replacing existing TH1: hist (Potential memory leak).
TFile::Append:0: RuntimeWarning: Replacing existing TH1: hist (Potential memory leak).
TFile::Append:0: RuntimeWarning: Replacing existing TH1: hist (Potential memory leak).
TFile::Append:0: RuntimeWarning: Replacing existing TH1: hist (Potential memory leak).
PV_ndof > 4 && abs(PV_z) < 24 && sqrt(pow(PV_x,2)+pow(PV_y,2)) < 2 && ((METcorrected_phi <= -1.62) || (METcorrected_phi >= -0.82)) && Flag_eeBadScFilter
    hist nEntries =  264.0
    hist integral =  264.0
    hist_data nEntries =  788.0
    hist_data integral =  788.0
  Using cut =  njets >= 2 && nbjets == 0 && nTightElectrons == 1 && nVetoElectrons == 1 && nLooseMuons == 0 && METcorrected_pt >= 250 && M_T >= 140 && M_T2ll <= 80 && Flag_goodVertices && Flag_globalSuperTightHalo2016Filter && Flag_HBHENoiseFilter && Flag_HBHENoiseIsoFilter && Flag_EcalDeadCellTriggerPrimitiveFilter && Flag_BadPFMuonFilter && Flag_ecalBadCalibFilterV2 && ((HLT_Ele32_WPTight_Gsf) || (HLT_Ele115_CaloIdVT_GsfTrkIdT || HLT_Photon200)) && PV_npvsGood > 0 && PV_ndof > 4 && abs(PV_z) < 24 && sqrt(pow(PV_x,2)+pow(PV_y,2)) < 2 && ((METcorrected_phi <= -1.62) || (METcorrected_phi >= -0.82)) && Flag_eeBadScFilter
    hist nEntries =  268.0
    hist integral =  268.0
    hist_data nEntries =  1056.0
    hist_data integral =  1056.0
  Using cut =  njets >= 2 && nbjets == 0 && nTightElectrons == 1 && nVetoElectrons == 1 && nLooseMuons == 0 && METcorrected_pt >= 250 && M_T >= 140 && M_T2ll <= 80 && Flag_goodVertices && Flag_globalSuperTightHalo2016Filter && Flag_HBHENoiseFilter && Flag_HBHENoiseIsoFilter && Flag_EcalDeadCellTriggerPrimitiveFilter && Flag_BadPFMuonFilter && Flag_ecalBadCalibFilterV2 && ((HLT_Ele32_WPTight_Gsf) || (HLT_Ele115_CaloIdVT_GsfTrkIdT || HLT_Photon200)) && PV_npvsGood > 0 && PV_ndof > 4 && abs(PV_z) < 24 && sqrt(pow(PV_x,2)+pow(PV_y,2)) < 2 && ((METcorrected_phi <= -1.62) || (METcorrected_phi >= -0.82)) && Flag_eeBadScFilter
    hist nEntries =  1248.0
    hist integral =  1248.0
    hist_data nEntries =  2304.0
    hist_data integral =  2304.0
  Dataset =  SingleMuon  ||   nEvents =  518428
  Using cut =  njets >= 2 && nbjets == 0 && nVetoElectrons == 0 && nTightMuons == 1 && nLooseMuons == 1 && METcorrected_pt >= 250 && M_T >= 140 && M_T2ll <= 80 && Flag_goodVertices && Flag_globalSuperTightHalo2016Filter && Flag_HBHENoiseFilter && Flag_HBHENoiseIsoFilter && Flag_EcalDeadCellTriggerPrimitiveFilter && Flag_BadPFMuonFilter && Flag_ecalBadCalibFilterV2 && (HLT_IsoMu24) && PV_npvsGood > 0 && PV_ndof > 4 && abs(PV_z) < 24 && sqrt(pow(PV_x,2)+pow(PV_y,2)) < 2 && ((METcorrected_phi <= -1.62) || (METcorrected_phi >= -0.82)) && Flag_eeBadScFilter
    hist nEntries =  649.0
    hist integral =  649.0
    hist_data nEntries =  2953.0
    hist_data integral =  2953.0
  Using cut =  njets >= 2 && nbjets == 0 && nVetoElectrons == 0 && nTightMuons == 1 && nLooseMuons == 1 && METcorrected_pt >= 250 && M_T >= 140 && M_T2ll <= 80 && Flag_goodVertices && Flag_globalSuperTightHalo2016Filter && Flag_HBHENoiseFilter && Flag_HBHENoiseIsoFilter && Flag_EcalDeadCellTriggerPrimitiveFilter && Flag_BadPFMuonFilter && Flag_ecalBadCalibFilterV2 && (HLT_IsoMu24) && PV_npvsGood > 0 && PV_ndof > 4 && abs(PV_z) < 24 && sqrt(pow(PV_x,2)+pow(PV_y,2)) < 2 && ((METcorrected_phi <= -1.62) || (METcorrected_phi >= -0.82)) && Flag_eeBadScFilter
    hist nEntries =  362.0
    hist integral =  362.0
    hist_data nEntries =  3315.0
    hist_data integral =  3315.0
  Using cut =  njets >= 2 && nbjets == 0 && nVetoElectrons == 0 && nTightMuons == 1 && nLooseMuons == 1 && METcorrected_pt >= 250 && M_T >= 140 && M_T2ll <= 80 && Flag_goodVertices && Flag_globalSuperTightHalo2016Filter && Flag_HBHENoiseFilter && Flag_HBHENoiseIsoFilter && Flag_EcalDeadCellTriggerPrimitiveFilter && Flag_BadPFMuonFilter && Flag_ecalBadCalibFilterV2 && (HLT_IsoMu24) && PV_npvsGood > 0 && PV_ndof > 4 && abs(PV_z) < 24 && sqrt(pow(PV_x,2)+pow(PV_y,2)) < 2 && ((METcorrected_phi <= -1.62) || (METcorrected_phi >= -0.82)) && Flag_eeBadScFilter
    hist nEntries =  324.0
    hist integral =  324.0
    hist_data nEntries =  3639.0
    hist_data integral =  3639.0
  Using cut =  njets >= 2 && nbjets == 0 && nVetoElectrons == 0 && nTightMuons == 1 && nLooseMuons == 1 && METcorrected_pt >= 250 && M_T >= 140 && M_T2ll <= 80 && Flag_goodVertices && Flag_globalSuperTightHalo2016Filter && Flag_HBHENoiseFilter TFile::Append:0: RuntimeWarning: Replacing existing TH1: hist (Potential memory leak).
TFile::Append:0: RuntimeWarning: Replacing existing TH1: hist (Potential memory leak).
TFile::Append:0: RuntimeWarning: Replacing existing TH1: hist (Potential memory leak).
TFile::Append:0: RuntimeWarning: Replacing existing TH1: hist (Potential memory leak).
TFile::Append:0: RuntimeWarning: Replacing existing TH1: hist (Potential memory leak).
TFile::Append:0: RuntimeWarning: Replacing existing TH1: hist (Potential memory leak).
TFile::Append:0: RuntimeWarning: Replacing existing TH1: hist (Potential memory leak).
TFile::Append:0: RuntimeWarning: Replacing existing TH1: hist (Potential memory leak).
TFile::Append:0: RuntimeWarning: Replacing existing TH1: hist (Potential memory leak).
TFile::Append:0: RuntimeWarning: Replacing existing TH1: hist (Potential memory leak).
TFile::Append:0: RuntimeWarning: Replacing existing TH1: hist (Potential memory leak).
TFile::Append:0: RuntimeWarning: Replacing existing TH1: hist (Potential memory leak).
TFile::Append:0: RuntimeWarning: Replacing existing TH1: hist (Potential memory leak).
TFile::Append:0: RuntimeWarning: Replacing existing TH1: hist (Potential memory leak).
TFile::Append:0: RuntimeWarning: Replacing existing TH1: hist (Potential memory leak).
TFile::Append:0: RuntimeWarning: Replacing existing TH1: hist (Potential memory leak).
TFile::Append:0: RuntimeWarning: Replacing existing TH1: hist (Potential memory leak).
TFile::Append:0: RuntimeWarning: Replacing existing TH1: hist (Potential memory leak).
TFile::Append:0: RuntimeWarning: Replacing existing TH1: hist (Potential memory leak).
TFile::Append:0: RuntimeWarning: Replacing existing TH1: hist (Potential memory leak).
TFile::Append:0: RuntimeWarning: Replacing existing TH1: hist (Potential memory leak).
TFile::Append:0: RuntimeWarning: Replacing existing TH1: hist (Potential memory leak).
TFile::Append:0: RuntimeWarning: Replacing existing TH1: hist (Potential memory leak).
TFile::Append:0: RuntimeWarning: Replacing existing TH1: hist (Potential memory leak).
TFile::Append:0: RuntimeWarning: Replacing existing TH1: hist (Potential memory leak).
TFile::Append:0: RuntimeWarning: Replacing existing TH1: hist (Potential memory leak).
&& Flag_HBHENoiseIsoFilter && Flag_EcalDeadCellTriggerPrimitiveFilter && Flag_BadPFMuonFilter && Flag_ecalBadCalibFilterV2 && (HLT_IsoMu24) && PV_npvsGood > 0 && PV_ndof > 4 && abs(PV_z) < 24 && sqrt(pow(PV_x,2)+pow(PV_y,2)) < 2 && ((METcorrected_phi <= -1.62) || (METcorrected_phi >= -0.82)) && Flag_eeBadScFilter
    hist nEntries =  1717.0
    hist integral =  1717.0
    hist_data nEntries =  5356.0
    hist_data integral =  5356.0
  Process =  ZTo2Nu
      Dataset =  HT600To800  ||   nEvents =  5748975
Applied ZTo2Nu qcd/ewk Weights correctly
          hist nEntries =  60.0
          hist integral =  2.07296130119
      Dataset =  HT1200To2500  ||   nEvents =  343198
Applied ZTo2Nu qcd/ewk Weights correctly
          hist nEntries =  14.0
          hist integral =  0.791774082929
      Dataset =  HT100To200  ||   nEvents =  23702894
Applied ZTo2Nu qcd/ewk Weights correctly
          hist nEntries =  0.0
          hist integral =  0.0
      Dataset =  HT2500ToInf  ||   nEvents =  359639
Applied ZTo2Nu qcd/ewk Weights correctly
          hist nEntries =  16.0
          hist integral =  0.012133137614
      Dataset =  HT800To1200  ||   nEvents =  2066798
Applied ZTo2Nu qcd/ewk Weights correctly
          hist nEntries =  35.0
          hist integral =  1.45601100102
      Dataset =  HT200To400  ||   nEvents =  23276346
Applied ZTo2Nu qcd/ewk Weights correctly
          hist nEntries =  13.0
          hist integral =  3.55784912407
      Dataset =  HT400To600  ||   nEvents =  9511100
Applied ZTo2Nu qcd/ewk Weights correctly
          hist nEntries =  40.0
          hist integral =  3.39791860431
  Process =  WW
      Dataset =  WWTo1L1Nu2Q  ||   nEvents =  4683136
          hist nEntries =  731.0
          hist integral =  708.384210497
      Dataset =  WWTo4Q  ||   nEvents =  3790800
          hist nEntries =  0.0
          hist integral =  0.0
      Dataset =  WWTo2L2Nu  ||   nEvents =  7758900
          hist nEntries =  2651.0
          hist integral =  215.322066307
  Process =  ttbarPlusJets
      Dataset =  TTToSemiLepton  ||   nEvents =  300619998
          hist nEntries =  656.0
          hist integral =  46.623084873
      Dataset =  TTTo2L2Nu  ||   nEvents =  64310000
          hist nEntries =  10348.0
          hist integral =  858.880236983
  Process =  ttbar scalar
      Dataset =  ttDM_MChi1_MPhi100_scalar  ||   nEvents =  1842523
          hist nEntries =  1565.0
          hist integral =  38.2254151553
  Process =  ZZ
      Dataset =  ZZTo2Q2Nu  ||   nEvents =  57633049
          hist nEntries =  49.0
          hist integral =  0.231788954465
      Dataset =  ZZTo4L  ||   nEvents =  124649500
          hist nEntries =  633.0
          hist integral =  0.375117237389
      Dataset =  ZZTo2L2Q  ||   nEvents =  27900469
          hist nEntries =  90.0
          hist integral =  0.670334719121
      Dataset =  ZZTo2L2Nu  ||   nEvents =  56428600
          hist nEntries =  27570.0
          hist integral =  15.5307899134
  Process =  QCD
      Dataset =  Pt50to80  ||   nEvents =  25580000
          hist nEntries =  0.0
          hist integral =  0.0
      Dataset =  Pt2400to3200  ||   nEvents =  2394000
          hist nEntries =  111.0
          hist integral =  0.0148836001754
      Dataset =  Pt30to50  ||   nEvents =  18488000
          hist nEntries =  0.0
          hist integral =  0.0
      Dataset =  Pt470to600  ||   nEvents =  42459973
          hist nEntries =  9.0
          hist integral =  7.93263673782
      Dataset =  Pt300to470  ||   nEvents =  41744000
          hist nEntries =  3.0
          hist integral =  31.6625771523
      Dataset =  Pt170to300  ||   nEvents =  29710000
          hist nEntries =  0.0
          hist integral =  0.0
      Dataset =  Pt800to1000  ||   nEvents =  36062000
          hist nEntries =  65.0
          hist integral =  2.76625331119
      Dataset =  Pt600to800  ||   nEvents =  64061000
          hist nEntries =  40.0
          hist integral =  6.05141802505
      Dataset =  Pt120to170  ||   nEvents =  25255000
          hist nEntries =  0.0
          hist integral =  0TFile::Append:0: RuntimeWarning: Replacing existing TH1: hist (Potential memory leak).
TFile::Append:0: RuntimeWarning: Replacing existing TH1: hist (Potential memory leak).
TFile::Append:0: RuntimeWarning: Replacing existing TH1: hist (Potential memory leak).
TFile::Append:0: RuntimeWarning: Replacing existing TH1: hist (Potential memory leak).
TFile::Append:0: RuntimeWarning: Replacing existing TH1: hist (Potential memory leak).
TFile::Append:0: RuntimeWarning: Replacing existing TH1: hist (Potential memory leak).
TFile::Append:0: RuntimeWarning: Replacing existing TH1: hist (Potential memory leak).
TFile::Append:0: RuntimeWarning: Replacing existing TH1: hist (Potential memory leak).
TFile::Append:0: RuntimeWarning: Replacing existing TH1: hist (Potential memory leak).
TFile::Append:0: RuntimeWarning: Replacing existing TH1: hist (Potential memory leak).
TFile::Append:0: RuntimeWarning: Replacing existing TH1: hist (Potential memory leak).
TFile::Append:0: RuntimeWarning: Replacing existing TH1: hist (Potential memory leak).
TFile::Append:0: RuntimeWarning: Replacing existing TH1: hist (Potential memory leak).
TFile::Append:0: RuntimeWarning: Replacing existing TH1: hist (Potential memory leak).
TFile::Append:0: RuntimeWarning: Replacing existing TH1: hist (Potential memory leak).
TFile::Append:0: RuntimeWarning: Replacing existing TH1: hist (Potential memory leak).
TFile::Append:0: RuntimeWarning: Replacing existing TH1: hist (Potential memory leak).
TFile::Append:0: RuntimeWarning: Replacing existing TH1: hist (Potential memory leak).
TFile::Append:0: RuntimeWarning: Replacing existing TH1: hist (Potential memory leak).
TFile::Append:0: RuntimeWarning: Replacing existing TH1: hist (Potential memory leak).
TFile::Append:0: RuntimeWarning: Replacing existing TH1: hist (Potential memory leak).
TFile::Append:0: RuntimeWarning: Replacing existing TH1: hist (Potential memory leak).
TFile::Append:0: RuntimeWarning: Replacing existing TH1: hist (Potential memory leak).
TFile::Append:0: RuntimeWarning: Replacing existing TH1: hist (Potential memory leak).
TFile::Append:0: RuntimeWarning: Replacing existing TH1: hist (Potential memory leak).
TFile::Append:0: RuntimeWarning: Replacing existing TH1: hist (Potential memory leak).
TFile::Append:0: RuntimeWarning: Replacing existing TH1: hist (Potential memory leak).
TFile::Append:0: RuntimeWarning: Replacing existing TH1: hist (Potential memory leak).
TFile::Append:0: RuntimeWarning: Replacing existing TH1: hist (Potential memory leak).
.0
      Dataset =  Pt1000to1400  ||   nEvents =  18485000
          hist nEntries =  70.0
          hist integral =  2.06111169932
      Dataset =  Pt1400to1800  ||   nEvents =  6928000
          hist nEntries =  73.0
          hist integral =  0.418773986399
      Dataset =  Pt15to30  ||   nEvents =  19451000
          hist nEntries =  0.0
          hist integral =  0.0
      Dataset =  Pt3200toInf  ||   nEvents =  925000
          hist nEntries =  75.0
          hist integral =  0.000672129739542
      Dataset =  Pt80to120  ||   nEvents =  29535000
          hist nEntries =  0.0
          hist integral =  0.0
      Dataset =  Pt1800to2400  ||   nEvents =  4017800
          hist nEntries =  87.0
          hist integral =  0.113895439776
  Process =  WZ
      Dataset =  WZTo2Q2Nu  ||   nEvents =  30887331
          hist nEntries =  60.0
          hist integral =  0.784688125132
      Dataset =  WZTo2L2Q  ||   nEvents =  28193648
          hist nEntries =  122.0
          hist integral =  1.50848227413
      Dataset =  WZTo3LNu  ||   nEvents =  11248318
          hist nEntries =  1688.0
          hist integral =  42.062045753
      Dataset =  WZTo1L3Nu  ||   nEvents =  1690064
          hist nEntries =  3033.0
          hist integral =  341.48880434
      Dataset =  WZTo1L1Nu2Q  ||   nEvents =  18273533
          hist nEntries =  995.0
          hist integral =  36.001139082
  Process =  ttbar pseudoscalar
      Dataset =  ttDM_MChi1_MPhi100_pseudo  ||   nEvents =  1607992
          hist nEntries =  4098.0
          hist integral =  30.7620321885
  Process =  TTV
      Dataset =  TTZToQQ  ||   nEvents =  9572000
          hist nEntries =  771.0
          hist integral =  2.53172716475
      Dataset =  TTWJetsToLNu  ||   nEvents =  4911941
          hist nEntries =  3096.0
          hist integral =  8.49505205825
      Dataset =  TTWJetsToQQ  ||   nEvents =  835296
          hist nEntries =  94.0
          hist integral =  3.14406027924
      Dataset =  TTZToLLNuNu  ||   nEvents =  13280000
          hist nEntries =  16554.0
          hist integral =  18.689756427
  Process =  ZTo2L
      Dataset =  HT600To800  ||   nEvents =  8862104
Applied ZTo2L qcd/ewk Weights correctly
          hist nEntries =  546.0
          hist integral =  6.21447318047
      Dataset =  HT1200To2500  ||   nEvents =  536416
Applied ZTo2L qcd/ewk Weights correctly
          hist nEntries =  355.0
          hist integral =  8.57938334346
      Dataset =  HT100To200  ||   nEvents =  11530510
Applied ZTo2L qcd/ewk Weights correctly
          hist nEntries =  8.0
          hist integral =  8.00151705742
      Dataset =  HT2500ToInf  ||   nEvents =  427051
Applied ZTo2L qcd/ewk Weights correctly
          hist nEntries =  1821.0
          hist integral =  1.06240570731
      Dataset =  HT800To1200  ||   nEvents =  3138129
Applied ZTo2L qcd/ewk Weights correctly
          hist nEntries =  536.0
          hist integral =  8.19661394972
      Dataset =  HT200To400  ||   nEvents =  10860690
Applied ZTo2L qcd/ewk Weights correctly
          hist nEntries =  71.0
          hist integral =  19.3053694069
      Dataset =  HT400To600  ||   nEvents =  46161988
Applied ZTo2L qcd/ewk Weights correctly
          hist nEntries =  1225.0
          hist integral =  10.3640124612
  Process =  singleTop
      Dataset =  ST_s-channel  ||   nEvents =  19890000
          hist nEntries =  32.0
          hist integral =  0.381023497554
      Dataset =  ST_t-channel_antitop  ||   nEvents =  79090800
          hist nEntries =  15.0
          hist integral =  0.62891604146
      Dataset =  ST_tW_top  ||   nEvents =  9598000
          hist nEntries =  335.0
          hist integral =  75.607884746
      Dataset =  ST_t-channel_top  ||   nEvents =  154307600
          hist nEntries =  43.0
          hist integral =  1.969303007
      Dataset =  ST_tW_antitop  ||   nEvents =  7527000
          hist nEntries =  259.0
          hist integral =  74.8964909017
  Process =  WPlusJets
      Dataset =  HT200To400  ||   nEvents =  25468933
Applied WPlusJets qcd/ewk Weights correctly
      TFile::Append:0: RuntimeWarning: Replacing existing TH1: hist (Potential memory leak).
TFile::Append:0: RuntimeWarning: Replacing existing TH1: hist (Potential memory leak).
TFile::Append:0: RuntimeWarning: Replacing existing TH1: hist (Potential memory leak).
TFile::Append:0: RuntimeWarning: Replacing existing TH1: hist (Potential memory leak).
TFile::Append:0: RuntimeWarning: Replacing existing TH1: hist (Potential memory leak).
TFile::Append:0: RuntimeWarning: Replacing existing TH1: hist (Potential memory leak).
TFile::Append:0: RuntimeWarning: Replacing existing TH1: hist (Potential memory leak).
    hist nEntries =  1284.0
          hist integral =  1364.59345734
      Dataset =  HT70To100  ||   nEvents =  28084244
Applied WPlusJets qcd/ewk Weights correctly
          hist nEntries =  37.0
          hist integral =  153.936477661
      Dataset =  HT600To800  ||   nEvents =  19771294
Applied WPlusJets qcd/ewk Weights correctly
          hist nEntries =  7268.0
          hist integral =  236.388638129
      Dataset =  HT1200To2500  ||   nEvents =  7633949
Applied WPlusJets qcd/ewk Weights correctly
          hist nEntries =  13727.0
          hist integral =  109.774145789
      Dataset =  HT100To200  ||   nEvents =  29425374
Applied WPlusJets qcd/ewk Weights correctly
          hist nEntries =  191.0
          hist integral =  750.745119572
      Dataset =  HT400To600  ||   nEvents =  5932701
Applied WPlusJets qcd/ewk Weights correctly
          hist nEntries =  1184.0
          hist integral =  648.826637626
      Dataset =  HT2500ToInf  ||   nEvents =  3273980
Applied WPlusJets qcd/ewk Weights correctly
          hist nEntries =  27880.0
          hist integral =  4.41704412047
      Dataset =  HT800To1200  ||   nEvents =  8402687
Applied WPlusJets qcd/ewk Weights correctly
          hist nEntries =  5763.0
          hist integral =  183.525612677
-----------------------------
Total data background nEvents =  5356.0
Total data background integral =  5356.0
-----------------------------
Total MC background nEvents =  132432.0
Total MC background integral =  6030.44889169
-----------------------------
Total tt+DM signal nEvents =  1565.0
Total tt+DM signal integral =  38.2254151553
-----------------------------
-----------------------------
FOM for tt+DM signal =  0.492240553342
-----------------------------
Data bin errors:
    bin 0: 0.0
    bin 1: 0.0
    bin 2: 17.9443584449
    bin 3: 20.1494416796
    bin 4: 22.1133443875
    bin 5: 20.6881608656
    bin 6: 22.2261107709
    bin 7: 19.6214168703
    bin 8: 20.4450483003
    bin 9: 18.1659021246
    bin 10: 18.08314132
    bin 11: 16.2172747402
    bin 12: 15.0996688705
    bin 13: 13.638181697
    bin 14: 12.6885775404
    bin 15: 12.0415945788
    bin 16: 9.69535971483
    bin 17: 9.43398113206
    bin 18: 9.43398113206
    bin 19: 7.74596669241
    bin 20: 8.0
    bin 21: 7.4161984871
    bin 22: 5.74456264654
    bin 23: 5.47722557505
    bin 24: 5.38516480713
    bin 25: 5.38516480713
    bin 26: 4.89897948557
    bin 27: 4.89897948557
    bin 28: 3.87298334621
    bin 29: 4.35889894354
    bin 30: 3.60555127546
-----------------------------
MC background bin errors:
    bin 0: 0.0
    bin 1: 0.00062947416386
    bin 2: 38.6167029567
    bin 3: 36.8605532417
    bin 4: 36.1415163479
    bin 5: 28.0492632546
    bin 6: 21.3144442433
    bin 7: 19.8329821909
    bin 8: 16.9009304385
    bin 9: 15.9788906598
    bin 10: 14.3548874797
    bin 11: 13.3739493074
    bin 12: 10.8302212994
    bin 13: 9.31351197203
    bin 14: 15.4879851047
    bin 15: 14.8832402059
    bin 16: 6.14562922469
    bin 17: 4.98369048197
    bin 18: 4.97807931304
    bin 19: 4.42494666405
    bin 20: 4.19453616664
    bin 21: 2.93507533922
    bin 22: 3.71919129071
    bin 23: 2.79000214554
    bin 24: 2.67537469483
    bin 25: 1.95118094769
    bin 26: 1.08155544905
    bin 27: 1.69708516731
    bin 28: 1.61416003553
    bin 29: 1.89759962305
    bin 30: 1.81298330472
-----------------------------
tt+DM bin errors:
    bin 0: 0.0
    bin 1: 0.0
    bin 2: 0.0828293957476
    bin 3: 0.212224764196
    bin 4: 0.271014659137
    bin 5: 0.329323191653
    bin 6: 0.349697730894
    bin 7: 0.334115984849
    bin 8: 0.336266746156
    bin 9: 0.266856593212
    bin 10: 0.253281328207
    bin 11: 0.253644513919
    bin 12: 0.201216480853
    bin 13: 0.178076643469
    bin 14: 0.162675602599
    bin 15: 0.170518899032
    bin 16: 0.173833638172
    bin 17: 0.119709802252
    bin 18: 0.12273635314
    bin 19: 0.134132650458
    bin 20: 0.115360282882
    bin 21: 0.0714183172692
    bin 22: 0.0868376325607
    bin 23: 0.1003959706
    bin 24: 0.079753270601
    bin 25: 0.0713617172436
    binInfo in <TCanvas::Print>: png file plots/CR_2018/Jet_pt/10_13_2021/SL1lWR2018_Jet_pt[index_centralJets[0]]_10_13_2021_withHEMfix.png has been created
 26: 0.0361453947459
    bin 27: 0.0370218925528
    bin 28: 0.0546979618629
    bin 29: 0.0455317634518
    bin 30: 0.0336788450218
-----------------------------
-----------------------------
ttbar pseudoscalar hist info:
    nEvents =  4098.0
    integral =  30.7620321885
ZTo2Nu hist info:
    nEvents =  178.0
    integral =  11.2886472431
TTTo2L2Nu hist info:
    nEvents =  10348.0
    integral =  858.880236983
singleTop hist info:
    nEvents =  684.0
    integral =  153.483617187
TTV hist info:
    nEvents =  20515.0
    integral =  32.8605958819
bkgSum hist info:
    nEvents =  132432.0
    integral =  6030.44889169
ttbar scalar hist info:
    nEvents =  1565.0
    integral =  38.2254151553
VV hist info:
    nEvents =  37622.0
    integral =  1362.359479
QCD hist info:
    nEvents =  533.0
    integral =  51.0222217552
ZTo2L hist info:
    nEvents =  4562.0
    integral =  61.7237755992
data hist info:
    nEvents =  5356.0
    integral =  5356.0
WPlusJets hist info:
    nEvents =  57334.0
    integral =  3452.20710754
TTToSemiLepton hist info:
    nEvents =  656.0
    integral =  46.623084873
Finished filling histograms
Creating stacked MC background histogram...
Finished stacking MC background histograms.
Drawing histograms...
Finished drawing histograms
Drawing ratio plot...
Finished drawing ratio plot
Plotting end time: 2021-10-14 19:59:17.837295
