Plotting start time: 2021-08-19 00:33:38.423100
Cut name =  AH0l1fSR
MC Selection Cuts =  (nVetoElectrons + nLooseMuons) == 0 && njets >= 3 && nbjets == 1 && METcorrected_pt >= 250 && ntaus == 0 && minDeltaPhi > 0.4 && Flag_goodVertices && Flag_globalSuperTightHalo2016Filter && Flag_HBHENoiseFilter && Flag_HBHENoiseIsoFilter && Flag_EcalDeadCellTriggerPrimitiveFilter && Flag_BadPFMuonFilter && Flag_ecalBadCalibFilterV2 && (HLT_PFMETNoMu120_PFMHTNoMu120_IDTight || HLT_PFMETNoMu120_PFMHTNoMu120_IDTight_PFHT60) && nfjets >= 1 && minDeltaPhi12 >= 0.8 && M_Tb >= 140
Data Selection Cuts =  (nVetoElectrons + nLooseMuons) == 0 && njets >= 3 && nbjets == 1 && METcorrected_pt >= 250 && ntaus == 0 && minDeltaPhi > 0.4 && Flag_goodVertices && Flag_globalSuperTightHalo2016Filter && Flag_HBHENoiseFilter && Flag_HBHENoiseIsoFilter && Flag_EcalDeadCellTriggerPrimitiveFilter && Flag_BadPFMuonFilter && Flag_ecalBadCalibFilterV2 && (HLT_PFMETNoMu120_PFMHTNoMu120_IDTight || HLT_PFMETNoMu120_PFMHTNoMu120_IDTight_PFHT60) && nfjets >= 1 && minDeltaPhi12 >= 0.8 && M_Tb >= 140 && Flag_eeBadScFilter
var =  Jet_pt[index_centralJets[1]]
year =  2018
lumi =  11.966
saveDirectory =  plots/CR_2018/Jet_pt/
date =  08_18_2021
Creating histograms..
Finished making systematic histogram dictionary
Drawing data and ratio plot...
Selected MET dataset
Loading data sample root files and event trees...
    nevents in filepath = /hdfs/store/user/vshang/MET_Run2018A/MET/ModuleCommonSkim_06172021/tree_all.root: 1098394
    nevents in filepath = /hdfs/store/user/vshang/MET_Run2018B/MET/ModuleCommonSkim_06172021/tree_all.root: 556797
    nevents in filepath = /hdfs/store/user/vshang/MET_Run2018C/MET/ModuleCommonSkim_06172021/tree_all.root: 866305
    nevents in filepath = /hdfs/store/user/vshang/MET_Run2018D/MET/ModuleCommonSkim_06172021/tree_all.root: 4509098
    total nevents in  MET :  7030594
Got data sample root files and event trees
Loading MC sample root files and event trees...
    nevents in  ZTo2Nu   HT600To800 :  5748975
    nevents in  ZTo2Nu   HT1200To2500 :  343198
    nevents in  ZTo2Nu   HT100To200 :  23702894
    nevents in  ZTo2Nu   HT2500ToInf :  359639
    nevents in  ZTo2Nu   HT800To1200 :  2066798
    nevents in  ZTo2Nu   HT200To400 :  23276346
    nevents in  ZTo2Nu   HT400To600 :  9511100
    nevents in  WW   WWTo1L1Nu2Q :  4683136
    nevents in  WW   WWTo4Q :  3790800
    nevents in  WW   WWTo2L2Nu :  7758900
    nevents in  ttbarPlusJets   TTToSemiLepton :  300619998
    nevents in  ttbarPlusJets   TTTo2L2Nu :  64310000
    nevents in  ttbar scalar   ttDM_MChi1_MPhi100_scalar :  1842523
    nevents in  ZZ   ZZTo2Q2Nu :  57633049
    nevents in  ZZ   ZZTo4L :  124649500
    nevents in  ZZ   ZZTo2L2Q :  27900469
    nevents in  ZZ   ZZTo2L2Nu :  56428600
    nevents in  QCD   HT700To1000 :  48158738
    nevents in  QCD   HT500To700 :  55152960
    nevents in  QCD   HT2000ToInf :  5475677
    nevents in  QCD   HT1000To1500 :  15466225
    nevents in  QCD   HT1500To2000 :  10955087
    nevents in  QCD   HT100To200 :  93972378
    nevents in  QCD   HT300To500 :  54661579
    nevents in  QCD   HT200To300 :  54289442
    nevents in  WZ   WZTo2Q2Nu :  30887331
    nevents in  WZ   WZTo2L2Q :  28193648
    nevents in  WZ   WZTo3LNu :  11248318
    nevents in  WZ   WZTo1L3Nu :  1690064
    nevents in  WZ   WZTo1L1Nu2Q :  18273533
    nevents in  ttbar pseudoscalar   ttDM_MChi1_MPhi100_pseudo :  1607992
    nevents in  TTV   TTZToQQ :  9572000
    nevents in  TTV   TTWJetsToLNu :  4911941
    nevents in  TTV   TTWJetsToQQ :  835296
    nevents in  TTV   TTZToLLNuNu :  13280000
    nevents in  ZTo2L   HT600To800 :  8862104
    nevents in  ZTo2L   HT1200To2500 :  536416
    nevents in  ZTo2L   HT100To200 :  11530510
    nevents in  ZTo2L   HT2500ToInf :  427051
    nevents in  ZTo2L   HT800To1200 :  3138129
    nevents in  ZTo2L   HT200To400 :  10860690
    nevents in  ZTo2L   HT400To600 :  46161988
    nevents in  singleTop   ST_s-channel :  19890000
    nevents in  singleTop   ST_t-channel_antitop :  79090800
    nevents in  singleTop   ST_tW_top :  Info in <TCanvas::MakeDefCanvas>:  created default TCanvas with name c1
TFile::Append:0: RuntimeWarning: Replacing existing TH1: hist (Potential memory leak).
TFile::Append:0: RuntimeWarning: Replacing existing TH1: hist (Potential memory leak).
TFile::Append:0: RuntimeWarning: Replacing existing TH1: hist (Potential memory leak).
TFile::Append:0: RuntimeWarning: Replacing existing TH1: hist (Potential memory leak).
TFile::Append:0: RuntimeWarning: Replacing existing TH1: hist (Potential memory leak).
TFile::Append:0: RuntimeWarning: Replacing existing TH1: hist (Potential memory leak).
TFile::Append:0: RuntimeWarning: Replacing existing TH1: hist (Potential memory leak).
TFile::Append:0: RuntimeWarning: Replacing existing TH1: hist (Potential memory leak).
TFile::Append:0: RuntimeWarning: Replacing existing TH1: hist (Potential memory leak).
TFile::Append:0: RuntimeWarning: Replacing existing TH1: hist (Potential memory leak).
TFile::Append:0: RuntimeWarning: Replacing existing TH1: hist (Potential memory leak).
TFile::Append:0: RuntimeWarning: Replacing existing TH1: hist (Potential memory leak).
TFile::Append:0: RuntimeWarning: Replacing existing TH1: hist (Potential memory leak).
TFile::Append:0: RuntimeWarning: Replacing existing TH1: hist (Potential memory leak).
TFile::Append:0: RuntimeWarning: Replacing existing TH1: hist (Potential memory leak).
TFile::Append:0: RuntimeWarning: Replacing existing TH1: hist (Potential memory leak).
TFile::Append:0: RuntimeWarning: Replacing existing TH1: hist (Potential memory leak).
TFile::Append:0: RuntimeWarning: Replacing existing TH1: hist (Potential memory leak).
TFile::Append:0: RuntimeWarning: Replacing existing TH1: hist (Potential memory leak).
TFile::Append:0: RuntimeWarning: Replacing existing TH1: hist (Potential memory leak).
TFile::Append:0: RuntimeWarning: Replacing existing TH1: hist (Potential memory leak).
TFile::Append:0: RuntimeWarning: Replacing existing TH1: hist (Potential memory leak).
TFile::Append:0: RuntimeWarning: Replacing existing TH1: hist (Potential memory leak).
9598000
    nevents in  singleTop   ST_t-channel_top :  154307600
    nevents in  singleTop   ST_tW_antitop :  7527000
    nevents in  WPlusJets   HT200To400 :  25468933
    nevents in  WPlusJets   HT70To100 :  28084244
    nevents in  WPlusJets   HT600To800 :  19771294
    nevents in  WPlusJets   HT1200To2500 :  7633949
    nevents in  WPlusJets   HT100To200 :  29425374
    nevents in  WPlusJets   HT400To600 :  5932701
    nevents in  WPlusJets   HT2500ToInf :  3273980
    nevents in  WPlusJets   HT800To1200 :  8402687
Got MC sample root files and event trees
Filling histograms...
  Dataset =  MET  ||   nEvents =  7030594
    hist nEntries =  408.0
    hist integral =  408.0
    hist_data nEntries =  408.0
    hist_data integral =  408.0
    hist nEntries =  188.0
    hist integral =  188.0
    hist_data nEntries =  596.0
    hist_data integral =  596.0
    hist nEntries =  300.0
    hist integral =  300.0
    hist_data nEntries =  896.0
    hist_data integral =  896.0
    hist nEntries =  1407.0
    hist integral =  1407.0
    hist_data nEntries =  2303.0
    hist_data integral =  2303.0
  Process =  ZTo2Nu
      Dataset =  HT600To800  ||   nEvents =  5748975
Applied ZTo2Nu qcd/ewk Weights correctly
          hist nEntries =  11206.0
          hist integral =  81.5191806275
      Dataset =  HT1200To2500  ||   nEvents =  343198
Applied ZTo2Nu qcd/ewk Weights correctly
          hist nEntries =  589.0
          hist integral =  6.53748666123
      Dataset =  HT100To200  ||   nEvents =  23702894
Applied ZTo2Nu qcd/ewk Weights correctly
          hist nEntries =  1.0
          hist integral =  0.210121825337
      Dataset =  HT2500ToInf  ||   nEvents =  359639
Applied ZTo2Nu qcd/ewk Weights correctly
          hist nEntries =  340.0
          hist integral =  0.0560509933966
      Dataset =  HT800To1200  ||   nEvents =  2066798
Applied ZTo2Nu qcd/ewk Weights correctly
          hist nEntries =  4389.0
          hist integral =  38.2267188351
      Dataset =  HT200To400  ||   nEvents =  23276346
Applied ZTo2Nu qcd/ewk Weights correctly
          hist nEntries =  2291.0
          hist integral =  137.796204686
      Dataset =  HT400To600  ||   nEvents =  9511100
Applied ZTo2Nu qcd/ewk Weights correctly
          hist nEntries =  10671.0
          hist integral =  206.575993698
  Process =  WW
      Dataset =  WWTo1L1Nu2Q  ||   nEvents =  4683136
          hist nEntries =  66.0
          hist integral =  13.0941589922
      Dataset =  WWTo4Q  ||   nEvents =  3790800
          hist nEntries =  0.0
          hist integral =  0.0
      Dataset =  WWTo2L2Nu  ||   nEvents =  7758900
          hist nEntries =  16.0
          hist integral =  0.345134945586
  Process =  ttbarPlusJets
      Dataset =  TTToSemiLepton  ||   nEvents =  300619998
          hist nEntries =  43555.0
          hist integral =  612.826210551
      Dataset =  TTTo2L2Nu  ||   nEvents =  64310000
          hist nEntries =  3499.0
          hist integral =  54.8925893698
  Process =  ttbar scalar
      Dataset =  ttDM_MChi1_MPhi100_scalar  ||   nEvents =  1842523
          hist nEntries =  4724.0
          hist integral =  22.0656035962
  Process =  ZZ
      Dataset =  ZZTo2Q2Nu  ||   nEvents =  57633049
          hist nEntries =  8578.0
          hist integral =  8.40500840783
      Dataset =  ZZTo4L  ||   nEvents =  124649500
          hist nEntries =  9.0
          hist integral =  0.0016181718529
      Dataset =  ZZTo2L2Q  ||   nEvents =  27900469
          hist nEntries =  52.0
          hist integral =  0.0819445796078
      Dataset =  ZZTo2L2Nu  ||   nEvents =  56428600
          hist nEntries =  547.0
          hist integral =  0.0781373919381
  Process =  QCD
      Dataset =  HT700To1000  ||   nEvents =  48158738
          hist nEntries =  11.0
          hist integral =  17.0303095579
      Dataset =  HT500To700  ||   nEvents =  55152960
          hist nEntries =  2.0
          hist integral =  19.4704408646
      Dataset =  HT2000ToInf  ||   nEvents =  5475677
          hist nEntries =  8.0
          hist integral =  0.294669933617
      Dataset =  HT1TFile::Append:0: RuntimeWarning: Replacing existing TH1: hist (Potential memory leak).
TFile::Append:0: RuntimeWarning: Replacing existing TH1: hist (Potential memory leak).
TFile::Append:0: RuntimeWarning: Replacing existing TH1: hist (Potential memory leak).
TFile::Append:0: RuntimeWarning: Replacing existing TH1: hist (Potential memory leak).
TFile::Append:0: RuntimeWarning: Replacing existing TH1: hist (Potential memory leak).
TFile::Append:0: RuntimeWarning: Replacing existing TH1: hist (Potential memory leak).
TFile::Append:0: RuntimeWarning: Replacing existing TH1: hist (Potential memory leak).
TFile::Append:0: RuntimeWarning: Replacing existing TH1: hist (Potential memory leak).
TFile::Append:0: RuntimeWarning: Replacing existing TH1: hist (Potential memory leak).
TFile::Append:0: RuntimeWarning: Replacing existing TH1: hist (Potential memory leak).
TFile::Append:0: RuntimeWarning: Replacing existing TH1: hist (Potential memory leak).
TFile::Append:0: RuntimeWarning: Replacing existing TH1: hist (Potential memory leak).
TFile::Append:0: RuntimeWarning: Replacing existing TH1: hist (Potential memory leak).
TFile::Append:0: RuntimeWarning: Replacing existing TH1: hist (Potential memory leak).
TFile::Append:0: RuntimeWarning: Replacing existing TH1: hist (Potential memory leak).
TFile::Append:0: RuntimeWarning: Replacing existing TH1: hist (Potential memory leak).
TFile::Append:0: RuntimeWarning: Replacing existing TH1: hist (Potential memory leak).
TFile::Append:0: RuntimeWarning: Replacing existing TH1: hist (Potential memory leak).
TFile::Append:0: RuntimeWarning: Replacing existing TH1: hist (Potential memory leak).
TFile::Append:0: RuntimeWarning: Replacing existing TH1: hist (Potential memory leak).
TFile::Append:0: RuntimeWarning: Replacing existing TH1: hist (Potential memory leak).
TFile::Append:0: RuntimeWarning: Replacing existing TH1: hist (Potential memory leak).
TFile::Append:0: RuntimeWarning: Replacing existing TH1: hist (Potential memory leak).
TFile::Append:0: RuntimeWarning: Replacing existing TH1: hist (Potential memory leak).
TFile::Append:0: RuntimeWarning: Replacing existing TH1: hist (Potential memory leak).
TFile::Append:0: RuntimeWarning: Replacing existing TH1: hist (Potential memory leak).
TFile::Append:0: RuntimeWarning: Replacing existing TH1: hist (Potential memory leak).
TFile::Append:0: RuntimeWarning: Replacing existing TH1: hist (Potential memory leak).
000To1500  ||   nEvents =  15466225
          hist nEntries =  19.0
          hist integral =  16.5634595454
      Dataset =  HT1500To2000  ||   nEvents =  10955087
          hist nEntries =  19.0
          hist integral =  1.9390989542
      Dataset =  HT100To200  ||   nEvents =  93972378
          hist nEntries =  0.0
          hist integral =  0.0
      Dataset =  HT300To500  ||   nEvents =  54661579
          hist nEntries =  0.0
          hist integral =  0.0
      Dataset =  HT200To300  ||   nEvents =  54289442
          hist nEntries =  0.0
          hist integral =  0.0
  Process =  WZ
      Dataset =  WZTo2Q2Nu  ||   nEvents =  30887331
          hist nEntries =  5834.0
          hist integral =  16.1843664537
      Dataset =  WZTo2L2Q  ||   nEvents =  28193648
          hist nEntries =  55.0
          hist integral =  0.15118236572
      Dataset =  WZTo3LNu  ||   nEvents =  11248318
          hist nEntries =  14.0
          hist integral =  0.079108635895
      Dataset =  WZTo1L3Nu  ||   nEvents =  1690064
          hist nEntries =  51.0
          hist integral =  1.36329126754
      Dataset =  WZTo1L1Nu2Q  ||   nEvents =  18273533
          hist nEntries =  815.0
          hist integral =  6.30129938689
  Process =  ttbar pseudoscalar
      Dataset =  ttDM_MChi1_MPhi100_pseudo  ||   nEvents =  1607992
          hist nEntries =  17066.0
          hist integral =  24.7094541574
  Process =  TTV
      Dataset =  TTZToQQ  ||   nEvents =  9572000
          hist nEntries =  1884.0
          hist integral =  1.18719326571
      Dataset =  TTWJetsToLNu  ||   nEvents =  4911941
          hist nEntries =  3100.0
          hist integral =  1.60549035296
      Dataset =  TTWJetsToQQ  ||   nEvents =  835296
          hist nEntries =  178.0
          hist integral =  1.14470239962
      Dataset =  TTZToLLNuNu  ||   nEvents =  13280000
          hist nEntries =  58108.0
          hist integral =  12.7213034949
  Process =  ZTo2L
      Dataset =  HT600To800  ||   nEvents =  8862104
Applied ZTo2L qcd/ewk Weights correctly
          hist nEntries =  260.0
          hist integral =  0.677986024879
      Dataset =  HT1200To2500  ||   nEvents =  536416
Applied ZTo2L qcd/ewk Weights correctly
          hist nEntries =  10.0
          hist integral =  0.0509028185625
      Dataset =  HT100To200  ||   nEvents =  11530510
Applied ZTo2L qcd/ewk Weights correctly
          hist nEntries =  0.0
          hist integral =  0.0
      Dataset =  HT2500ToInf  ||   nEvents =  427051
Applied ZTo2L qcd/ewk Weights correctly
          hist nEntries =  12.0
          hist integral =  0.00150172956637
      Dataset =  HT800To1200  ||   nEvents =  3138129
Applied ZTo2L qcd/ewk Weights correctly
          hist nEntries =  78.0
          hist integral =  0.244599191006
      Dataset =  HT200To400  ||   nEvents =  10860690
Applied ZTo2L qcd/ewk Weights correctly
          hist nEntries =  24.0
          hist integral =  1.48906901479
      Dataset =  HT400To600  ||   nEvents =  46161988
Applied ZTo2L qcd/ewk Weights correctly
          hist nEntries =  930.0
          hist integral =  1.93628896773
  Process =  singleTop
      Dataset =  ST_s-channel  ||   nEvents =  19890000
          hist nEntries =  460.0
          hist integral =  1.00529820012
      Dataset =  ST_t-channel_antitop  ||   nEvents =  79090800
          hist nEntries =  392.0
          hist integral =  4.01726031955
      Dataset =  ST_tW_top  ||   nEvents =  9598000
          hist nEntries =  574.0
          hist integral =  24.3573080879
      Dataset =  ST_t-channel_top  ||   nEvents =  154307600
          hist nEntries =  1035.0
          hist integral =  8.876436244
      Dataset =  ST_tW_antitop  ||   nEvents =  7527000
          hist nEntries =  486.0
          hist integral =  26.6455614343
  Process =  WPlusJets
      Dataset =  HT200To400  ||   nEvents =  25468933
Applied WPlusJets qcd/ewk Weights correctly
          hist nEntries =  322.0
          hist integral =  69.7597255036
      Dataset =  HT70To100  ||   nEvents =  28084244
Applied WPlusJets qcd/ewk Weights correctlyTFile::Append:0: RuntimeWarning: Replacing existing TH1: hist (Potential memory leak).
TFile::Append:0: RuntimeWarning: Replacing existing TH1: hist (Potential memory leak).
TFile::Append:0: RuntimeWarning: Replacing existing TH1: hist (Potential memory leak).
TFile::Append:0: RuntimeWarning: Replacing existing TH1: hist (Potential memory leak).
TFile::Append:0: RuntimeWarning: Replacing existing TH1: hist (Potential memory leak).
TFile::Append:0: RuntimeWarning: Replacing existing TH1: hist (Potential memory leak).
TFile::Append:0: RuntimeWarning: Replacing existing TH1: hist (Potential memory leak).

          hist nEntries =  0.0
          hist integral =  0.0
      Dataset =  HT600To800  ||   nEvents =  19771294
Applied WPlusJets qcd/ewk Weights correctly
          hist nEntries =  5171.0
          hist integral =  40.9476558529
      Dataset =  HT1200To2500  ||   nEvents =  7633949
Applied WPlusJets qcd/ewk Weights correctly
          hist nEntries =  1846.0
          hist integral =  2.91232452868
      Dataset =  HT100To200  ||   nEvents =  29425374
Applied WPlusJets qcd/ewk Weights correctly
          hist nEntries =  0.0
          hist integral =  0.0
      Dataset =  HT400To600  ||   nEvents =  5932701
Applied WPlusJets qcd/ewk Weights correctly
          hist nEntries =  955.0
          hist integral =  118.066642731
      Dataset =  HT2500ToInf  ||   nEvents =  3273980
Applied WPlusJets qcd/ewk Weights correctly
          hist nEntries =  523.0
          hist integral =  0.0150660028849
      Dataset =  HT800To1200  ||   nEvents =  8402687
Applied WPlusJets qcd/ewk Weights correctly
          hist nEntries =  2280.0
          hist integral =  16.7522451077
-----------------------------
Total data background nEvents =  2303.0
Total data background integral =  2303.0
-----------------------------
Total MC background nEvents =  171265.0
Total MC background integral =  1574.43832585
-----------------------------
Total tt+DM signal nEvents =  236.2
Total tt+DM signal integral =  22.0656036749
-----------------------------
-----------------------------
FOM for tt+DM signal =  0.556100117614
-----------------------------
Data bin errors:
    bin 0: 0.0
    bin 1: 0.0
    bin 2: 16.9705627485
    bin 3: 24.6981780705
    bin 4: 23.0
    bin 5: 19.4164878389
    bin 6: 15.0332963784
    bin 7: 9.64365076099
    bin 8: 8.24621125124
    bin 9: 6.32455532034
    bin 10: 4.24264068712
    bin 11: 3.60555127546
    bin 12: 3.31662479036
    bin 13: 2.64575131106
    bin 14: 1.73205080757
    bin 15: 2.64575131106
    bin 16: 1.73205080757
    bin 17: 0.0
    bin 18: 1.0
    bin 19: 2.0
    bin 20: 1.41421356237
    bin 21: 1.0
    bin 22: 0.0
    bin 23: 0.0
    bin 24: 1.0
    bin 25: 0.0
    bin 26: 0.0
    bin 27: 0.0
    bin 28: 0.0
    bin 29: 0.0
    bin 30: 0.0
-----------------------------
MC background bin errors:
    bin 0: 0.0
    bin 1: 0.025085681452
    bin 2: 11.2127253675
    bin 3: 6.09390289631
    bin 4: 10.3795838913
    bin 5: 3.93021689249
    bin 6: 3.18336467285
    bin 7: 2.106239707
    bin 8: 1.16771386364
    bin 9: 0.994959827301
    bin 10: 1.07902215046
    bin 11: 0.347026064463
    bin 12: 0.304729195154
    bin 13: 0.414005240166
    bin 14: 1.08447938819
    bin 15: 0.200709253285
    bin 16: 0.206390462723
    bin 17: 0.153192285684
    bin 18: 0.15992759868
    bin 19: 0.0965376190095
    bin 20: 0.081550121438
    bin 21: 0.0519568277258
    bin 22: 0.132178989953
    bin 23: 0.047078854357
    bin 24: 0.0524234639829
    bin 25: 0.0598920902553
    bin 26: 0.033162445008
    bin 27: 0.0383506719218
    bin 28: 0.087366387492
    bin 29: 0.0450723878503
    bin 30: 0.0229725726243
-----------------------------
tt+DM bin errors:
    bin 0: 0.0
    bin 1: 0.0
    bin 2: 1.48860747038
    bin 3: 3.08050339792
    bin 4: 3.53096822511
    bin 5: 2.98716596785
    bin 6: 2.40126231194
    bin 7: 1.94670037049
    bin 8: 1.24032326888
    bin 9: 0.955372373752
    bin 10: 0.818187880866
    bin 11: 0.625390169632
    bin 12: 0.541003927613
    bin 13: 0.482169018479
    bin 14: 0.341517256089
    bin 15: 0.302784059162
    bin 16: 0.349929973068
    bin 17: 0.135611054667
    bin 18: 0.177347125491
    bin 19: 0.240038470804
    bin 20: 0.208863375882
    bin 21: 0.182537214577
    bin 22: 0.0
    bin 23: 0.0
    bin 24: 0.13042697529
    bin 25: 0.0
    bin 26: 0.0
    bin 27: 0.18164367227
    bin 28: 0.0
    bin 29: 0.0
    bin 30: 0.108698481113
-----------------------------
-----------------------------
ttbar pseudoscalar hist info:
    nEvents =  17066.0
    integral =  494.189070245
ZTo2Nu hist info:
    nEvents =  29487.0
    integral =  470.921760387
TTTo2L2Nu hist info:
    nEvInfo in <TCanvas::Print>: png file plots/CR_2018/Jet_pt/08_18_2021/AH0l1fSR2018_Jet_pt[index_centralJets[1]]_08_18_2021_partialunblind.png has been created
ents =  3499.0
    integral =  54.8925893698
singleTop hist info:
    nEvents =  2947.0
    integral =  64.9018651831
TTV hist info:
    nEvents =  63270.0
    integral =  16.6586896664
bkgSum hist info:
    nEvents =  171265.0
    integral =  1574.43832585
ttbar scalar hist info:
    nEvents =  4724.0
    integral =  441.312073499
VV hist info:
    nEvents =  16037.0
    integral =  46.085249508
QCD hist info:
    nEvents =  59.0
    integral =  55.2979789078
ZTo2L hist info:
    nEvents =  1314.0
    integral =  4.40034761654
data hist info:
    nEvents =  2303.0
    integral =  2303.0
WPlusJets hist info:
    nEvents =  11097.0
    integral =  248.453651128
TTToSemiLepton hist info:
    nEvents =  43555.0
    integral =  612.826210551
Finished filling histograms
Creating stacked MC background histogram...
Finished stacking MC background histograms.
Drawing histograms...
Finished drawing histograms
Drawing ratio plot...
Finished drawing ratio plot
Plotting end time: 2021-08-19 00:47:08.534303
