plots/plot.py:899: SyntaxWarning: name 'counter' is used prior to global declaration
  global counter
Plotting start time: 2023-04-06 15:26:11.932822
Cut name =  AH0lZR
MC Selection Cuts =  (nVetoElectrons + nLooseMuons) == 0 && njets >= 3 && nbjets == 0 && METcorrected_pt >= 250 && ntaus == 0 && minDeltaPhi12 >= 0.8 && Flag_goodVertices && Flag_globalSuperTightHalo2016Filter && Flag_HBHENoiseFilter && Flag_HBHENoiseIsoFilter && Flag_EcalDeadCellTriggerPrimitiveFilter && Flag_BadPFMuonFilter && Flag_ecalBadCalibFilterV2 && (HLT_PFMETNoMu120_PFMHTNoMu120_IDTight || HLT_PFMETNoMu120_PFMHTNoMu120_IDTight_PFHT60) && PV_npvsGood > 0 && PV_ndof > 4 && abs(PV_z) < 24 && sqrt(pow(PV_x,2)+pow(PV_y,2)) < 2
Data Selection Cuts =  (nVetoElectrons + nLooseMuons) == 0 && njets >= 3 && nbjets == 0 && METcorrected_pt >= 250 && ntaus == 0 && minDeltaPhi12 >= 0.8 && Flag_goodVertices && Flag_globalSuperTightHalo2016Filter && Flag_HBHENoiseFilter && Flag_HBHENoiseIsoFilter && Flag_EcalDeadCellTriggerPrimitiveFilter && Flag_BadPFMuonFilter && Flag_ecalBadCalibFilterV2 && (HLT_PFMETNoMu120_PFMHTNoMu120_IDTight || HLT_PFMETNoMu120_PFMHTNoMu120_IDTight_PFHT60) && PV_npvsGood > 0 && PV_ndof > 4 && abs(PV_z) < 24 && sqrt(pow(PV_x,2)+pow(PV_y,2)) < 2 && Flag_eeBadScFilter
var =  METcorrected_pt
year =  2017
lumi =  41.53
saveDirectory =  plots/CR_2017/METcorrected_pt/
date =  04_06_2023
applying HEM fix for 2018...
Creating histograms..
Histogram options: 
    nbins =  15
    xmin =  250
    xmax =  550
    auto_y =  True
    doLogPlot =  True
    drawData =  True
    mediatorType =  scalar
    mchi =  1
    mphi =  100
    normalizePlots =  False
    doBinned =  False
    savePlots =  True
    combineEleMu =  True
    doSys =  False
    doSysFirstHalf =  False
    doSysSecondHalf =  False
    drawOverflow =  True
    drawUnderflow =  False
    plotSys =  False
    plotSysVar =  CMS_eff_b_light_2018
    plotSysSignal =  False
Drawing data and ratio plot...
Selected MET dataset
Loading data sample root files and event trees...
    ----Loading /hdfs/store/user/vshang/MET_Run2017B/MET/ModuleCommonSkim_12242022/tree_all.root
    ----Loading /hdfs/store/user/vshang/MET_Run2017C/MET/ModuleCommonSkim_12242022/tree_all.root
    ----Loading /hdfs/store/user/vshang/MET_Run2017D/MET/ModuleCommonSkim_12242022/tree_all.root
    ----Loading /hdfs/store/user/vshang/MET_Run2017E/MET/ModuleCommonSkim_12242022/tree_all.root
    ----Loading /hdfs/store/user/vshang/MET_Run2017F/MET/ModuleCommonSkim_12242022/tree_all.root
    total nevents in  MET :  2088294
Got data sample root files and event trees
Loading MC sample root files and event trees...
Loading process:  ZTo2Nu
    ----Loading 2LHEZpT50-150
    nevents in  ZTo2Nu   2LHEZpT50-150 :  5940577
    ----Loading 1LHEZpT250-400
    nevents in  ZTo2Nu   1LHEZpT250-400 :  12090580
    ----Loading 2LHEZpT250-400
    nevents in  ZTo2Nu   2LHEZpT250-400 :  13203465
    ----Loading 1LHEZpT150-250
    nevents in  ZTo2Nu   1LHEZpT150-250 :  25299535
    ----Loading 2LHEZpT400-inf
    nevents in  ZTo2Nu   2LHEZpT400-inf :  6336209
    ----Loading 1LHEZpT400-inf
    nevents in  ZTo2Nu   1LHEZpT400-inf :  1626479
    ----Loading 1LHEZpT50-150
    nevents in  ZTo2Nu   1LHEZpT50-150 :  5704336
    ----Loading 2LHEZpT150-250
    nevents in  ZTo2Nu   2LHEZpT150-250 :  41996008
Loading process:  tbar scalar
    ----Loading tChan_MChi1_MPhi100_scalar
    nevents in  tbar scalar   tChan_MChi1_MPhi100_scalar :  275000
    ----Loading tWChan_MChi1_MPhi100_scalar
    nevents in  tbar scalar   tWChan_MChi1_MPhi100_scalar :  165000
Loading process:  TTV
    ----Loading TTZToQQ
    nevents in  TTV   TTZToQQ :  4602104
    ----Loading TTWJetsToLNu
    nevents in  TTV   TTWJetsToLNu :  5394782
    ----Loading TTWJetsToQQ
    nevents in  TTV   TTWJetsToQQ :  441560
    ----Loading TTZToLLNuNu
    nevents in  TTV   TTZToLLNuNu :  7316018
Loading process:  WW
    ----Loading WWTo1L1Nu2Q
    nevents in  WW   WWTo1L1Nu2Q :  3169582
    ----Loading WWTo4Q
    nevents in  WW   WWTo4Q :  1992402
    ----Loading WWTo2L2Nu
    nevents in  WW   WWTo2L2Nu :  1992522
Loading process:  ttbarPlusJets
    ----Loading TTToSemiLepton
    nevents in  ttbarPlusJets   TTToSemiLepton :  239169221
    ----Loading TTTo2L2Nu
    nevents in  ttbarPlusJets   TTTo2L2Nu :  8926992
Loading process:  ttbar scalar
    ----Loading ttDM_MChi1_MPhi100_scalar
    nevents in  ttbar scalar   ttDM_MChi1_MPhi100_scalar :  1540506
Loading process:  ZZ
    ----Loading ZZTo2Q2Nu
    nevents in  ZZ   ZZTo2Q2Nu :  39202099
    ----Loading ZZTo4L
    nevents in  ZZ   ZZTo4L :  6893887
    ----Loading ZZTo2L2Q
    nevents in  ZZ   ZZTo2L2Q :  17513566
    ----Loading ZZTo2L2Nu
    nevents in  ZZ   ZZTo2L2Nu :  8733658
Loading process:  QCD
    ----Loading Pt170to300
    nevents in  QCD   Pt170to300 :  56298920
    ----Loading Pt15to30
    nevents in  QCD   Pt15to30 :  19169000
    ----Loading Pt800to1000
    nevents in  QCD   Pt800to1000 :  77660008
    ----Loading Pt600to800
    nevents in  QCD   Pt600to800 :  128548964
    ----Loading Pt120to170
    nevents in  QCD   Pt120to170 :  29854280
    ----Loading Pt1000to1400
    nevents in  QCD   Pt1000to1400 :  35706078
    ----Loading Pt1400to1800
    nevents in  QCD   Pt1400to1800 :  11353270
    ----Loading Pt50to80
    nevents in  QCD   Pt50to80 :  38179535
    ----Loading Pt1800to2400
    nevents in  QCD   Pt1800to2400 :  2923941
    ----Loading Pt3200toInf
    nevents in  QCD   Pt3200toInf :  757837
    ----Loading Pt2400to3200
    nevents in  QCD   Pt2400to3200 :  1910526
    ----Loading Pt80to120
    nevents in  QCD   Pt80to120 :  56387936
    ----Loading Pt30to50
    nevents in  QCD   Pt30to50 :  35500760
    ----Loading Pt470to600
    nevents in  QCD   Pt470to600 :  55331892
    ----Loading Pt300to470
    nevents in  QCD   Pt300to470 :  110887780
Loading process:  ZTo2L
    ----Loading 2LHEZpT50-150
    nevents in  ZTo2L   2LHEZpT50-150 :  20454601
    ----Loading 1LHEZpT250-400
    nevents in  ZTo2L   1LHEZpT250-400 :  6302049
    ----Loading 2LHEZpT250-400
    nevents in  ZTo2L   2LHEZpT250-400 :  20585656
    ----Loading 1LHEZpT150-250
    nevents in  ZTo2L   1LHEZpT150-250 :  11871687
    ----Loading 2LHEZpT400-inf
    nevents in  ZTo2L   2LHEZpT400-inf :  4520161
    ----Loading 1LHEZpT400-inf
    nevents in  ZTo2L   1LHEZpT400-inf :  1337440
    ----Loading 1LHEZpT50-150
    nevents in  ZTo2L   1LHEZpT50-150 :  14777924
    ----Loading 2LHEZpT150-250
    nevents in  ZTo2L   2LHEZpT150-250 :  8544359
Loading process:  singleTop
    ----Loading ST_s-channel
    nevents in  singleTop   ST_s-channel :  6167441
    ----Loading ST_t-channel_antitop
    nevents in  singleTop   ST_t-channel_antitop :  3675910
    ----Loading ST_t-channel_top
    nevents in  singleTop   ST_t-channel_top :  5982064
    ----Loading ST_tW_top
    nevents in  singleTop   ST_tW_top :  7734344
    ----Loading ST_tW_antitop
    nevents in  singleTop   ST_tW_antitop :  7916640
Loading process:  WZ
    ----Loading WZTo2Q2Nu
    nevents in  WZ   WZTo2Q2Nu :  18476383
    ----Loading WZTo3LNu
    nevents in  WZ   WZTo3LNu :  6887413
    ----Loading WZTo1L1Nu2Q
    nevents in  WZ   WZTo1L1Nu2Q :  11347099
    ----Loading WZTo1L3Nu
    nevents in  WZ   WZTo1L3Nu :  2717911
    ----Loading WZTo2L2Q
    nevents in  WZ   WZTo2L2Q :  16664610
Loading process:  WPlusJets
    ----Loading 2LHEWpT150-250
    nevents in  WPlusJets   2LHEWpT150-250 :  168404529
    ----Loading 2LHEWpT400-inf
    nevents in  WPlusJets   2LHEWpT400-inf :  12101448
    ----Loading 1LHEWpT250-400
    nevents in  WPlusJets   1LHEWpT250-400 :  41110415
    ----Loading 2LHEWpT100-150
    nevents in  WPlusJets   2LHEWpT100-150 :  33581046
    ----Loading 1LHEWpT100-150
    nevents in  WPlusJets   1LHEWpT100-150 :  73598264
    ----Loading 2LHEWpT250-400
    nevents in  WPlusJets   2LHEWpT250-400 :  22214536
    ----Loading 1LHEWpT400-inf
    nevents in  WPlusJets   1LHEWpT400-inf :  9564596
    ----Loading 1LHEWpT150-250
    nevents in  WPlusJets   1LHEWpT150-250 :  63460137
Got MC sample root files and event trees
Filling data histograms...
  Dataset =  MET  ||   nEvents =  2088294
   Using cut =  (nVetoElectrons + nLooseMuons) == 0 && njets >= 3 && nbjets == 0 && METcorrected_pt >= 250 && ntaus == 0 && minDeltInfo in <TCanvas::MakeDefCanvas>:  created default TCanvas with name c1
TFile::Append:0: RuntimeWarning: Replacing existing TH1: hist (Potential memory leak).
TFile::Append:0: RuntimeWarning: Replacing existing TH1: hist (Potential memory leak).
TFile::Append:0: RuntimeWarning: Replacing existing TH1: hist (Potential memory leak).
TFile::Append:0: RuntimeWarning: Replacing existing TH1: hist (Potential memory leak).
TFile::Append:0: RuntimeWarning: Replacing existing TH1: hist (Potential memory leak).
TFile::Append:0: RuntimeWarning: Replacing existing TH1: hist (Potential memory leak).
TFile::Append:0: RuntimeWarning: Replacing existing TH1: hist (Potential memory leak).
TFile::Append:0: RuntimeWarning: Replacing existing TH1: hist (Potential memory leak).
TFile::Append:0: RuntimeWarning: Replacing existing TH1: hist (Potential memory leak).
TFile::Append:0: RuntimeWarning: Replacing existing TH1: hist (Potential memory leak).
TFile::Append:0: RuntimeWarning: Replacing existing TH1: hist (Potential memory leak).
TFile::Append:0: RuntimeWarning: Replacing existing TH1: hist (Potential memory leak).
TFile::Append:0: RuntimeWarning: Replacing existing TH1: hist (Potential memory leak).
aPhi12 >= 0.8 && Flag_goodVertices && Flag_globalSuperTightHalo2016Filter && Flag_HBHENoiseFilter && Flag_HBHENoiseIsoFilter && Flag_EcalDeadCellTriggerPrimitiveFilter && Flag_BadPFMuonFilter && Flag_ecalBadCalibFilterV2 && (HLT_PFMETNoMu120_PFMHTNoMu120_IDTight) && PV_npvsGood > 0 && PV_ndof > 4 && abs(PV_z) < 24 && sqrt(pow(PV_x,2)+pow(PV_y,2)) < 2 && Flag_eeBadScFilter
    hist nEntries =  18797.0
    hist integral =  18797.0
    hist_data nEntries =  18797.0
    hist_data integral =  18797.0
    hist nEntries =  37566.0
    hist integral =  37566.0
    hist_data nEntries =  56363.0
    hist_data integral =  56363.0
    hist nEntries =  16842.0
    hist integral =  16842.0
    hist_data nEntries =  73205.0
    hist_data integral =  73205.0
    hist nEntries =  37500.0
    hist integral =  37500.0
    hist_data nEntries =  110705.0
    hist_data integral =  110705.0
    hist nEntries =  56128.0
    hist integral =  56128.0
    hist_data nEntries =  166833.0
    hist_data integral =  166833.0
Filling MC histograms...
  Process =  ZTo2Nu
      Dataset =  2LHEZpT50-150  ||   nEvents =  5940577
Applied ZTo2Nu ewk Weights correctly
          hist weight =  2.28113178232*leptonWeight*bjetWeight*puWeight*muonTriggerWeight*EE_L1_prefire_Weight*electronTriggerWeight*genWeightSign*METTriggerWeight*ewkZWeight
          hist nEntries =  523.0
          hist integral =  332.434669994
      Dataset =  1LHEZpT250-400  ||   nEvents =  12090580
Applied ZTo2Nu ewk Weights correctly
          hist weight =  0.00704499122457*leptonWeight*bjetWeight*puWeight*muonTriggerWeight*EE_L1_prefire_Weight*electronTriggerWeight*genWeightSign*METTriggerWeight*ewkZWeight
          hist nEntries =  46692.0
          hist integral =  162.867928183
      Dataset =  2LHEZpT250-400  ||   nEvents =  13203465
Applied ZTo2Nu ewk Weights correctly
          hist weight =  0.0162742295299*leptonWeight*bjetWeight*puWeight*muonTriggerWeight*EE_L1_prefire_Weight*electronTriggerWeight*genWeightSign*METTriggerWeight*ewkZWeight
          hist nEntries =  6701128.0
          hist integral =  39318.4733887
      Dataset =  1LHEZpT150-250  ||   nEvents =  25299535
Applied ZTo2Nu ewk Weights correctly
          hist weight =  0.0296132399271*leptonWeight*bjetWeight*puWeight*muonTriggerWeight*EE_L1_prefire_Weight*electronTriggerWeight*genWeightSign*METTriggerWeight*ewkZWeight
          hist nEntries =  10897.0
          hist integral =  139.170986545
      Dataset =  2LHEZpT400-inf  ||   nEvents =  6336209
Applied ZTo2Nu ewk Weights correctly
          hist weight =  0.00555288122598*leptonWeight*bjetWeight*puWeight*muonTriggerWeight*EE_L1_prefire_Weight*electronTriggerWeight*genWeightSign*METTriggerWeight*ewkZWeight
          hist nEntries =  4588117.0
          hist integral =  9267.86197329
      Dataset =  1LHEZpT400-inf  ||   nEvents =  1626479
Applied ZTo2Nu ewk Weights correctly
          hist weight =  0.0057476321551*leptonWeight*bjetWeight*puWeight*muonTriggerWeight*EE_L1_prefire_Weight*electronTriggerWeight*genWeightSign*METTriggerWeight*ewkZWeight
          hist nEntries =  7542.0
          hist integral =  22.3780129086
      Dataset =  1LHEZpT50-150  ||   nEvents =  5704336
Applied ZTo2Nu ewk Weights correctly
          hist weight =  4.36024753801*leptonWeight*bjetWeight*puWeight*muonTriggerWeight*EE_L1_prefire_Weight*electronTriggerWeight*genWeightSign*METTriggerWeight*ewkZWeight
          hist nEntries =  13.0
          hist integral =  1.83543329686
      Dataset =  2LHEZpT150-250  ||   nEvents =  41996008
Applied ZTo2Nu ewk Weights correctly
          hist weight =  0.0292715440953*leptonWeight*bjetWeight*puWeight*muonTriggerWeight*EE_L1_prefire_Weight*electronTriggerWeight*genWeightSign*METTriggerWeight*ewkZWeight
          hist nEntries =  1613263.0
          hist integral =  15912.0267867
  Process =  tbar scalar
      Dataset =  tChan_MChi1_MPhi100_scalar  ||   nEvents =  275000
          hist weight =  0.0430099781818*leptonWeight*bjetWeight*puWeight*muonTriggerWeight*EE_L1_prefire_Weight*electronTriggerWeight*genWeightSign*METTriggerWeight
       TFile::Append:0: RuntimeWarning: Replacing existing TH1: hist (Potential memory leak).
TFile::Append:0: RuntimeWarning: Replacing existing TH1: hist (Potential memory leak).
TFile::Append:0: RuntimeWarning: Replacing existing TH1: hist (Potential memory leak).
TFile::Append:0: RuntimeWarning: Replacing existing TH1: hist (Potential memory leak).
TFile::Append:0: RuntimeWarning: Replacing existing TH1: hist (Potential memory leak).
TFile::Append:0: RuntimeWarning: Replacing existing TH1: hist (Potential memory leak).
TFile::Append:0: RuntimeWarning: Replacing existing TH1: hist (Potential memory leak).
TFile::Append:0: RuntimeWarning: Replacing existing TH1: hist (Potential memory leak).
TFile::Append:0: RuntimeWarning: Replacing existing TH1: hist (Potential memory leak).
TFile::Append:0: RuntimeWarning: Replacing existing TH1: hist (Potential memory leak).
TFile::Append:0: RuntimeWarning: Replacing existing TH1: hist (Potential memory leak).
TFile::Append:0: RuntimeWarning: Replacing existing TH1: hist (Potential memory leak).
TFile::Append:0: RuntimeWarning: Replacing existing TH1: hist (Potential memory leak).
   hist nEntries =  2693.0
          hist integral =  126.941993952
      Dataset =  tWChan_MChi1_MPhi100_scalar  ||   nEvents =  165000
          hist weight =  0.0138282315152*leptonWeight*bjetWeight*puWeight*muonTriggerWeight*EE_L1_prefire_Weight*electronTriggerWeight*genWeightSign*METTriggerWeight
          hist nEntries =  4640.0
          hist integral =  68.9273030758
  Process =  TTV
      Dataset =  TTZToQQ  ||   nEvents =  4602104
          hist weight =  0.00460591764115*leptonWeight*bjetWeight*puWeight*muonTriggerWeight*EE_L1_prefire_Weight*electronTriggerWeight*genWeightSign*METTriggerWeight
          hist nEntries =  6908.0
          hist integral =  15.0287292823
      Dataset =  TTWJetsToLNu  ||   nEvents =  5394782
          hist weight =  0.00165433876661*leptonWeight*bjetWeight*puWeight*muonTriggerWeight*EE_L1_prefire_Weight*electronTriggerWeight*genWeightSign*METTriggerWeight
          hist nEntries =  13636.0
          hist integral =  12.2130655721
      Dataset =  TTWJetsToQQ  ||   nEvents =  441560
          hist weight =  0.0405932330827*leptonWeight*bjetWeight*puWeight*muonTriggerWeight*EE_L1_prefire_Weight*electronTriggerWeight*genWeightSign*METTriggerWeight
          hist nEntries =  719.0
          hist integral =  14.3536974974
      Dataset =  TTZToLLNuNu  ||   nEvents =  7316018
          hist weight =  0.0013805455372*leptonWeight*bjetWeight*puWeight*muonTriggerWeight*EE_L1_prefire_Weight*electronTriggerWeight*genWeightSign*METTriggerWeight
          hist nEntries =  109167.0
          hist integral =  70.6734012365
  Process =  WW
      Dataset =  WWTo1L1Nu2Q  ||   nEvents =  3169582
          hist weight =  1.05790990736*leptonWeight*bjetWeight*puWeight*muonTriggerWeight*EE_L1_prefire_Weight*electronTriggerWeight*genWeightSign*METTriggerWeight
          hist nEntries =  3725.0
          hist integral =  1634.05721569
      Dataset =  WWTo4Q  ||   nEvents =  1992402
          hist weight =  0.994893048692*leptonWeight*bjetWeight*puWeight*muonTriggerWeight*EE_L1_prefire_Weight*electronTriggerWeight*genWeightSign*METTriggerWeight
          hist nEntries =  2.0
          hist integral =  1.23233965039
      Dataset =  WWTo2L2Nu  ||   nEvents =  1992522
          hist weight =  0.230939683477*leptonWeight*bjetWeight*puWeight*muonTriggerWeight*EE_L1_prefire_Weight*electronTriggerWeight*genWeightSign*METTriggerWeight
          hist nEntries =  352.0
          hist integral =  78.3999174535
  Process =  ttbarPlusJets
      Dataset =  TTToSemiLepton  ||   nEvents =  239169221
          hist weight =  0.0632667340586*leptonWeight*bjetWeight*puWeight*muonTriggerWeight*EE_L1_prefire_Weight*electronTriggerWeight*genWeightSign*METTriggerWeight
          hist nEntries =  106075.0
          hist integral =  7149.77734756
      Dataset =  TTTo2L2Nu  ||   nEvents =  8926992
          hist weight =  0.406182093588*leptonWeight*bjetWeight*puWeight*muonTriggerWeight*EE_L1_prefire_Weight*electronTriggerWeight*genWeightSign*METTriggerWeight
          hist nEntries =  1116.0
          hist integral =  476.54536736
  Process =  ttbar scalar
      Dataset =  ttDM_MChi1_MPhi100_scalar  ||   nEvents =  1540506
          hist weight =  0.0194822253857*leptonWeight*bjetWeight*puWeight*muonTriggerWeight*EE_L1_prefire_Weight*electronTriggerWeight*genWeightSign*METTriggerWeight*GenModel__TTbarDMJets_Inclusive_scalar_LO_Mchi_1_Mphi_100_TuneCP5_13TeV_madgraph_mcatnlo_pythia8
          hist nEntries =  7726.0
          hist integral =  172.269791842
  Process =  ZZ
      Dataset =  ZZTo2Q2Nu  ||   nEvents =  39202099
          hist weight =  0.00483501967586*leptonWeight*bjetWeight*puWeight*muonTriggerWeight*EE_L1_prefire_Weight*electronTriggerWeight*genWeightSign*METTriggerWeight
          hist nEntries =  332308.0
          hist integral =  684.695374012
      Dataset =  ZZTo4L  ||   nEvents =  6893887
          hist weight =  0.00798203538874*leptonWeight*bjetWeight*puWeight*muonTriggerWeight*EE_L1_prefire_Weight*electronTriggerWeight*genWeightSign*METTriggerWeight
          hist nEntries =  26.0
          hist integraTFile::Append:0: RuntimeWarning: Replacing existing TH1: hist (Potential memory leak).
TFile::Append:0: RuntimeWarning: Replacing existing TH1: hist (Potential memory leak).
TFile::Append:0: RuntimeWarning: Replacing existing TH1: hist (Potential memory leak).
TFile::Append:0: RuntimeWarning: Replacing existing TH1: hist (Potential memory leak).
TFile::Append:0: RuntimeWarning: Replacing existing TH1: hist (Potential memory leak).
TFile::Append:0: RuntimeWarning: Replacing existing TH1: hist (Potential memory leak).
TFile::Append:0: RuntimeWarning: Replacing existing TH1: hist (Potential memory leak).
TFile::Append:0: RuntimeWarning: Replacing existing TH1: hist (Potential memory leak).
TFile::Append:0: RuntimeWarning: Replacing existing TH1: hist (Potential memory leak).
TFile::Append:0: RuntimeWarning: Replacing existing TH1: hist (Potential memory leak).
TFile::Append:0: RuntimeWarning: Replacing existing TH1: hist (Potential memory leak).
TFile::Append:0: RuntimeWarning: Replacing existing TH1: hist (Potential memory leak).
TFile::Append:0: RuntimeWarning: Replacing existing TH1: hist (Potential memory leak).
TFile::Append:0: RuntimeWarning: Replacing existing TH1: hist (Potential memory leak).
l =  0.211198397796
      Dataset =  ZZTo2L2Q  ||   nEvents =  17513566
          hist weight =  0.0087453714452*leptonWeight*bjetWeight*puWeight*muonTriggerWeight*EE_L1_prefire_Weight*electronTriggerWeight*genWeightSign*METTriggerWeight
          hist nEntries =  1941.0
          hist integral =  6.28465368971
      Dataset =  ZZTo2L2Nu  ||   nEvents =  8733658
          hist weight =  0.00268381610546*leptonWeight*bjetWeight*puWeight*muonTriggerWeight*EE_L1_prefire_Weight*electronTriggerWeight*genWeightSign*METTriggerWeight
          hist nEntries =  2581.0
          hist integral =  6.47485293075
  Process =  QCD
      Dataset =  Pt170to300  ||   nEvents =  56298920
          hist weight =  76.3488002967*leptonWeight*bjetWeight*puWeight*muonTriggerWeight*EE_L1_prefire_Weight*electronTriggerWeight*genWeightSign*METTriggerWeight
          hist nEntries =  87.0
          hist integral =  5713.51187572
      Dataset =  Pt15to30  ||   nEvents =  19169000
          hist weight =  2699482.49778*leptonWeight*bjetWeight*puWeight*muonTriggerWeight*EE_L1_prefire_Weight*electronTriggerWeight*genWeightSign*METTriggerWeight
          hist nEntries =  0.0
          hist integral =  0.0
      Dataset =  Pt800to1000  ||   nEvents =  77660008
          hist weight =  0.0140536735458*leptonWeight*bjetWeight*puWeight*muonTriggerWeight*EE_L1_prefire_Weight*electronTriggerWeight*genWeightSign*METTriggerWeight
          hist nEntries =  13542.0
          hist integral =  190.317040443
      Dataset =  Pt600to800  ||   nEvents =  128548964
          hist weight =  0.0505600729695*leptonWeight*bjetWeight*puWeight*muonTriggerWeight*EE_L1_prefire_Weight*electronTriggerWeight*genWeightSign*METTriggerWeight
          hist nEntries =  17012.0
          hist integral =  838.987683296
      Dataset =  Pt120to170  ||   nEvents =  29854280
          hist weight =  566.591088447*leptonWeight*bjetWeight*puWeight*muonTriggerWeight*EE_L1_prefire_Weight*electronTriggerWeight*genWeightSign*METTriggerWeight*(event!=3468768)
          hist nEntries =  1.0
          hist integral =  76.066116333
      Dataset =  Pt1000to1400  ||   nEvents =  35706078
          hist weight =  0.00868841153599*leptonWeight*bjetWeight*puWeight*muonTriggerWeight*EE_L1_prefire_Weight*electronTriggerWeight*genWeightSign*METTriggerWeight
          hist nEntries =  8438.0
          hist integral =  73.5897415876
      Dataset =  Pt1400to1800  ||   nEvents =  11353270
          hist weight =  0.00237183225626*leptonWeight*bjetWeight*puWeight*muonTriggerWeight*EE_L1_prefire_Weight*electronTriggerWeight*genWeightSign*METTriggerWeight
          hist nEntries =  3521.0
          hist integral =  8.45179416984
      Dataset =  Pt50to80  ||   nEvents =  38179535
          hist weight =  17088.6392409*leptonWeight*bjetWeight*puWeight*muonTriggerWeight*EE_L1_prefire_Weight*electronTriggerWeight*genWeightSign*METTriggerWeight
          hist nEntries =  1.0
          hist integral =  69.6286010742
      Dataset =  Pt1800to2400  ||   nEvents =  2923941
          hist weight =  0.00124180614452*leptonWeight*bjetWeight*puWeight*muonTriggerWeight*EE_L1_prefire_Weight*electronTriggerWeight*genWeightSign*METTriggerWeight
          hist nEntries =  1118.0
          hist integral =  1.37967488449
      Dataset =  Pt3200toInf  ||   nEvents =  757837
          hist weight =  7.43645533274e-06*leptonWeight*bjetWeight*puWeight*muonTriggerWeight*EE_L1_prefire_Weight*electronTriggerWeight*genWeightSign*METTriggerWeight
          hist nEntries =  528.0
          hist integral =  0.00396376879507
      Dataset =  Pt2400to3200  ||   nEvents =  1910526
          hist weight =  0.00011381738851*leptonWeight*bjetWeight*puWeight*muonTriggerWeight*EE_L1_prefire_Weight*electronTriggerWeight*genWeightSign*METTriggerWeight
          hist nEntries =  859.0
          hist integral =  0.104258255917
      Dataset =  Pt80to120  ||   nEvents =  56387936
          hist weight =  1720.47581241*leptonWeight*bjetWeight*puWeight*muonTriggerWeight*EE_L1_prefire_Weight*electronTriggerWeight*genWeightSign*METTriggerWeight
          TFile::Append:0: RuntimeWarning: Replacing existing TH1: hist (Potential memory leak).
TFile::Append:0: RuntimeWarning: Replacing existing TH1: hist (Potential memory leak).
TFile::Append:0: RuntimeWarning: Replacing existing TH1: hist (Potential memory leak).
TFile::Append:0: RuntimeWarning: Replacing existing TH1: hist (Potential memory leak).
TFile::Append:0: RuntimeWarning: Replacing existing TH1: hist (Potential memory leak).
TFile::Append:0: RuntimeWarning: Replacing existing TH1: hist (Potential memory leak).
TFile::Append:0: RuntimeWarning: Replacing existing TH1: hist (Potential memory leak).
TFile::Append:0: RuntimeWarning: Replacing existing TH1: hist (Potential memory leak).
TFile::Append:0: RuntimeWarning: Replacing existing TH1: hist (Potential memory leak).
TFile::Append:0: RuntimeWarning: Replacing existing TH1: hist (Potential memory leak).
TFile::Append:0: RuntimeWarning: Replacing existing TH1: hist (Potential memory leak).
TFile::Append:0: RuntimeWarning: Replacing existing TH1: hist (Potential memory leak).
TFile::Append:0: RuntimeWarning: Replacing existing TH1: hist (Potential memory leak).
hist nEntries =  5.0
          hist integral =  7129.18591309
      Dataset =  Pt30to50  ||   nEvents =  35500760
          hist weight =  125055.266422*leptonWeight*bjetWeight*puWeight*muonTriggerWeight*EE_L1_prefire_Weight*electronTriggerWeight*genWeightSign*METTriggerWeight
          hist nEntries =  1.0
          hist integral =  258.539520264
      Dataset =  Pt470to600  ||   nEvents =  55331892
          hist weight =  0.414385125309*leptonWeight*bjetWeight*puWeight*muonTriggerWeight*EE_L1_prefire_Weight*electronTriggerWeight*genWeightSign*METTriggerWeight
          hist nEntries =  4931.0
          hist integral =  1958.45932007
      Dataset =  Pt300to470  ||   nEvents =  110887780
          hist weight =  2.55799060997*leptonWeight*bjetWeight*puWeight*muonTriggerWeight*EE_L1_prefire_Weight*electronTriggerWeight*genWeightSign*METTriggerWeight
          hist nEntries =  3137.0
          hist integral =  7511.35013711
  Process =  ZTo2L
      Dataset =  2LHEZpT50-150  ||   nEvents =  20454601
Applied ZTo2L ewk Weights correctly
          hist weight =  0.343129157103*leptonWeight*bjetWeight*puWeight*muonTriggerWeight*EE_L1_prefire_Weight*electronTriggerWeight*genWeightSign*METTriggerWeight*ewkZWeight
          hist nEntries =  130.0
          hist integral =  4.13279956003
      Dataset =  1LHEZpT250-400  ||   nEvents =  6302049
Applied ZTo2L ewk Weights correctly
          hist weight =  0.00722914245827*leptonWeight*bjetWeight*puWeight*muonTriggerWeight*EE_L1_prefire_Weight*electronTriggerWeight*genWeightSign*METTriggerWeight*ewkZWeight
          hist nEntries =  601.0
          hist integral =  2.06272186797
      Dataset =  2LHEZpT250-400  ||   nEvents =  20585656
Applied ZTo2L ewk Weights correctly
          hist weight =  0.00552774222983*leptonWeight*bjetWeight*puWeight*muonTriggerWeight*EE_L1_prefire_Weight*electronTriggerWeight*genWeightSign*METTriggerWeight*ewkZWeight
          hist nEntries =  204030.0
          hist integral =  371.876832079
      Dataset =  1LHEZpT150-250  ||   nEvents =  11871687
Applied ZTo2L ewk Weights correctly
          hist weight =  0.033233271733*leptonWeight*bjetWeight*puWeight*muonTriggerWeight*EE_L1_prefire_Weight*electronTriggerWeight*genWeightSign*METTriggerWeight*ewkZWeight
          hist nEntries =  146.0
          hist integral =  1.52709887302
      Dataset =  2LHEZpT400-inf  ||   nEvents =  4520161
Applied ZTo2L ewk Weights correctly
          hist weight =  0.00412712644527*leptonWeight*bjetWeight*puWeight*muonTriggerWeight*EE_L1_prefire_Weight*electronTriggerWeight*genWeightSign*METTriggerWeight*ewkZWeight
          hist nEntries =  62792.0
          hist integral =  99.130610466
      Dataset =  1LHEZpT400-inf  ||   nEvents =  1337440
Applied ZTo2L ewk Weights correctly
          hist weight =  0.00374795953463*leptonWeight*bjetWeight*puWeight*muonTriggerWeight*EE_L1_prefire_Weight*electronTriggerWeight*genWeightSign*METTriggerWeight*ewkZWeight
          hist nEntries =  130.0
          hist integral =  0.283203413012
      Dataset =  1LHEZpT50-150  ||   nEvents =  14777924
Applied ZTo2L ewk Weights correctly
          hist weight =  0.88551700496*leptonWeight*bjetWeight*puWeight*muonTriggerWeight*EE_L1_prefire_Weight*electronTriggerWeight*genWeightSign*METTriggerWeight*ewkZWeight
          hist nEntries =  5.0
          hist integral =  1.31937175943
      Dataset =  2LHEZpT150-250  ||   nEvents =  8544359
Applied ZTo2L ewk Weights correctly
          hist weight =  0.0764559284084*leptonWeight*bjetWeight*puWeight*muonTriggerWeight*EE_L1_prefire_Weight*electronTriggerWeight*genWeightSign*METTriggerWeight*ewkZWeight
          hist nEntries =  7985.0
          hist integral =  177.45272482
  Process =  singleTop
      Dataset =  ST_s-channel  ||   nEvents =  6167441
          hist weight =  0.0251842214624*leptonWeight*bjetWeight*puWeight*muonTriggerWeight*EE_L1_prefire_Weight*electronTriggerWeight*genWeightSign*METTriggerWeight
          hist nEntries =  920.0
          hist integral =  13.9178470522
      Dataset =  ST_t-channel_antitop  ||   nEvents =  3675910
 TFile::Append:0: RuntimeWarning: Replacing existing TH1: hist (Potential memory leak).
TFile::Append:0: RuntimeWarning: Replacing existing TH1: hist (Potential memory leak).
TFile::Append:0: RuntimeWarning: Replacing existing TH1: hist (Potential memory leak).
TFile::Append:0: RuntimeWarning: Replacing existing TH1: hist (Potential memory leak).
TFile::Append:0: RuntimeWarning: Replacing existing TH1: hist (Potential memory leak).
TFile::Append:0: RuntimeWarning: Replacing existing TH1: hist (Potential memory leak).
TFile::Append:0: RuntimeWarning: Replacing existing TH1: hist (Potential memory leak).
TFile::Append:0: RuntimeWarning: Replacing existing TH1: hist (Potential memory leak).
TFile::Append:0: RuntimeWarning: Replacing existing TH1: hist (Potential memory leak).
TFile::Append:0: RuntimeWarning: Replacing existing TH1: hist (Potential memory leak).
TFile::Append:0: RuntimeWarning: Replacing existing TH1: hist (Potential memory leak).
TFile::Append:0: RuntimeWarning: Replacing existing TH1: hist (Potential memory leak).
         hist weight =  0.767239214235*leptonWeight*bjetWeight*puWeight*muonTriggerWeight*EE_L1_prefire_Weight*electronTriggerWeight*genWeightSign*METTriggerWeight
          hist nEntries =  76.0
          hist integral =  65.2796142437
      Dataset =  ST_t-channel_top  ||   nEvents =  5982064
          hist weight =  0.786576171703*leptonWeight*bjetWeight*puWeight*muonTriggerWeight*EE_L1_prefire_Weight*electronTriggerWeight*genWeightSign*METTriggerWeight
          hist nEntries =  151.0
          hist integral =  125.893993199
      Dataset =  ST_tW_top  ||   nEvents =  7734344
          hist weight =  0.187451230512*leptonWeight*bjetWeight*puWeight*muonTriggerWeight*EE_L1_prefire_Weight*electronTriggerWeight*genWeightSign*METTriggerWeight
          hist nEntries =  1820.0
          hist integral =  359.414587855
      Dataset =  ST_tW_antitop  ||   nEvents =  7916640
          hist weight =  0.183449556883*leptonWeight*bjetWeight*puWeight*muonTriggerWeight*EE_L1_prefire_Weight*electronTriggerWeight*genWeightSign*METTriggerWeight
          hist nEntries =  2016.0
          hist integral =  382.607019424
  Process =  WZ
      Dataset =  WZTo2Q2Nu  ||   nEvents =  18476383
          hist weight =  0.0154149619003*leptonWeight*bjetWeight*puWeight*muonTriggerWeight*EE_L1_prefire_Weight*electronTriggerWeight*genWeightSign*METTriggerWeight
          hist nEntries =  302666.0
          hist integral =  2360.2703743
      Dataset =  WZTo3LNu  ||   nEvents =  6887413
          hist weight =  0.0304627528507*leptonWeight*bjetWeight*puWeight*muonTriggerWeight*EE_L1_prefire_Weight*electronTriggerWeight*genWeightSign*METTriggerWeight
          hist nEntries =  1277.0
          hist integral =  20.5642724261
      Dataset =  WZTo1L1Nu2Q  ||   nEvents =  11347099
          hist weight =  0.0426752071168*leptonWeight*bjetWeight*puWeight*muonTriggerWeight*EE_L1_prefire_Weight*electronTriggerWeight*genWeightSign*METTriggerWeight
          hist nEntries =  26766.0
          hist integral =  520.082444906
      Dataset =  WZTo1L3Nu  ||   nEvents =  2717911
          hist weight =  0.0510661533803*leptonWeight*bjetWeight*puWeight*muonTriggerWeight*EE_L1_prefire_Weight*electronTriggerWeight*genWeightSign*METTriggerWeight
          hist nEntries =  10609.0
          hist integral =  255.369191408
      Dataset =  WZTo2L2Q  ||   nEvents =  16664610
          hist weight =  0.0157775327475*leptonWeight*bjetWeight*puWeight*muonTriggerWeight*EE_L1_prefire_Weight*electronTriggerWeight*genWeightSign*METTriggerWeight
          hist nEntries =  2879.0
          hist integral =  19.5240906775
  Process =  WPlusJets
      Dataset =  2LHEWpT150-250  ||   nEvents =  168404529
Applied WPlusJets ewk Weights correctly
          hist weight =  0.0267792245659*leptonWeight*bjetWeight*puWeight*muonTriggerWeight*EE_L1_prefire_Weight*electronTriggerWeight*genWeightSign*METTriggerWeight*ewkWWeight
          hist nEntries =  1190268.0
          hist integral =  10143.457899
      Dataset =  2LHEWpT400-inf  ||   nEvents =  12101448
Applied WPlusJets ewk Weights correctly
          hist weight =  0.0102954621629*leptonWeight*bjetWeight*puWeight*muonTriggerWeight*EE_L1_prefire_Weight*electronTriggerWeight*genWeightSign*METTriggerWeight*ewkWWeight
          hist nEntries =  1520742.0
          hist integral =  5416.02388763
      Dataset =  1LHEWpT250-400  ||   nEvents =  41110415
Applied WPlusJets ewk Weights correctly
          hist weight =  0.00814226273318*leptonWeight*bjetWeight*puWeight*muonTriggerWeight*EE_L1_prefire_Weight*electronTriggerWeight*genWeightSign*METTriggerWeight*ewkWWeight
          hist nEntries =  38329.0
          hist integral =  150.468060779
      Dataset =  2LHEWpT100-150  ||   nEvents =  33581046
Applied WPlusJets ewk Weights correctly
          hist weight =  0.348294508158*leptonWeight*bjetWeight*puWeight*muonTriggerWeight*EE_L1_prefire_Weight*electronTriggerWeight*genWeightSign*METTriggerWeight*ewkWWeight
          hist nEntries =  3290.0
          hist integral =  254.619738728
      Dataset =  1LHEWpT100-150  ||   nEvents =  7359826TFile::Append:0: RuntimeWarning: Replacing existing TH1: hist (Potential memory leak).
TFile::Append:0: RuntimeWarning: Replacing existing TH1: hist (Potential memory leak).
TFile::Append:0: RuntimeWarning: Replacing existing TH1: hist (Potential memory leak).
TFile::Append:0: RuntimeWarning: Replacing existing TH1: hist (Potential memory leak).
4
Applied WPlusJets ewk Weights correctly
          hist weight =  0.160289267149*leptonWeight*bjetWeight*puWeight*muonTriggerWeight*EE_L1_prefire_Weight*electronTriggerWeight*genWeightSign*METTriggerWeight*ewkWWeight
          hist nEntries =  426.0
          hist integral =  14.505381169
      Dataset =  2LHEWpT250-400  ||   nEvents =  22214536
Applied WPlusJets ewk Weights correctly
          hist weight =  0.0337070240855*leptonWeight*bjetWeight*puWeight*muonTriggerWeight*EE_L1_prefire_Weight*electronTriggerWeight*genWeightSign*METTriggerWeight*ewkWWeight
          hist nEntries =  2088017.0
          hist integral =  23692.8382916
      Dataset =  1LHEWpT400-inf  ||   nEvents =  9564596
Applied WPlusJets ewk Weights correctly
          hist weight =  0.00386442877462*leptonWeight*bjetWeight*puWeight*muonTriggerWeight*EE_L1_prefire_Weight*electronTriggerWeight*genWeightSign*METTriggerWeight*ewkWWeight
          hist nEntries =  8710.0
          hist integral =  16.4584502876
      Dataset =  1LHEWpT150-250  ||   nEvents =  63460137
Applied WPlusJets ewk Weights correctly
          hist weight =  0.0469289295735*leptonWeight*bjetWeight*puWeight*muonTriggerWeight*EE_L1_prefire_Weight*electronTriggerWeight*genWeightSign*METTriggerWeight*ewkWWeight
          hist nEntries =  6353.0
          hist integral =  122.227052273
-----------------------------
Total data background nEvents =  166833.0
Total data background integral =  166833.0
-----------------------------
Total MC background nEvents =  19081046.0
Total MC background integral =  143727.879883
-----------------------------
Total tt+DM signal nEvents =  7726.0
Total tt+DM signal integral =  172.269791842
Total t+DM signal nEvents =  7333.0
Total t+DM signal integral =  195.869297743
-----------------------------
FOM for tt+DM signal =  0.312431389809
FOM for t+DM signal =  0.340651796571
-----------------------------
Data bin content:
    bin 0: 0.0
    bin 1: 45960.0
    bin 2: 32006.0
    bin 3: 22547.0
    bin 4: 16083.0
    bin 5: 11668.0
    bin 6: 8640.0
    bin 7: 6429.0
    bin 8: 4935.0
    bin 9: 3798.0
    bin 10: 2949.0
    bin 11: 2215.0
    bin 12: 1865.0
    bin 13: 1406.0
    bin 14: 1088.0
    bin 15: 913.0
    bin 16: 4331.0
-----------------------------
MC background bin content:
    bin 0: 0.0
    bin 1: 41473.3164062
    bin 2: 27410.0976562
    bin 3: 17859.3984375
    bin 4: 15379.0566406
    bin 5: 9688.81933594
    bin 6: 7088.70996094
    bin 7: 5368.14306641
    bin 8: 4104.98779297
    bin 9: 3177.33496094
    bin 10: 2395.43310547
    bin 11: 1879.30395508
    bin 12: 1468.20214844
    bin 13: 1180.3494873
    bin 14: 928.969604492
    bin 15: 746.566894531
    bin 16: 3579.19042969
-----------------------------
tt+DM bin content:
    bin 0: 0.0
    bin 1: 36.8692207336
    bin 2: 29.7500896454
    bin 3: 21.0978794098
    bin 4: 17.1489830017
    bin 5: 14.1674404144
    bin 6: 9.84813785553
    bin 7: 8.85958862305
    bin 8: 6.46468114853
    bin 9: 5.46703624725
    bin 10: 3.70276784897
    bin 11: 3.06244778633
    bin 12: 2.25307583809
    bin 13: 2.07298636436
    bin 14: 1.72014200687
    bin 15: 1.68319451809
    bin 16: 8.10212039948
-----------------------------
t+DM bin content:
    bin 0: 0.0
    bin 1: 34.5174827576
    bin 2: 26.4533462524
    bin 3: 22.0100688934
    bin 4: 18.3671016693
    bin 5: 14.4798488617
    bin 6: 12.9375476837
    bin 7: 10.499751091
    bin 8: 8.12372207642
    bin 9: 7.90510320663
    bin 10: 5.88345718384
    bin 11: 5.54299592972
    bin 12: 4.66003322601
    bin 13: 3.32448601723
    bin 14: 3.07148313522
    bin 15: 2.52498531342
    bin 16: 15.5678844452
-----------------------------
Data bin errors:
    bin 0: 0.0
    bin 1: 214.382835134
    bin 2: 178.902207924
    bin 3: 150.156584937
    bin 4: 126.818768327
    bin 5: 108.018516931
    bin 6: 92.951600309
    bin 7: 80.1810451416
    bin 8: 70.2495551587
    bin 9: 61.6279157525
    bin 10: 54.3046959295
    bin 11: 47.063786503
    bin 12: 43.1856457634
    bin 13: 37.4966665185
    bin 14: 32.9848450049
    bin 15: 30.2158898595Info in <TCanvas::Print>: png file plots/CR_2017/METcorrected_pt/04_06_2023/AH0lZR2017_METcorrected_pt_04_06_2023_NLO.png has been created

    bin 16: 65.8103335351
-----------------------------
MC background bin errors:
    bin 0: 0.0
    bin 1: 2570.72368967
    bin 2: 1369.50948754
    bin 3: 170.981794681
    bin 4: 2180.11198477
    bin 5: 129.670629213
    bin 6: 41.4039055717
    bin 7: 73.6848174209
    bin 8: 58.7207745185
    bin 9: 84.9387753759
    bin 10: 17.2586293104
    bin 11: 14.9286517097
    bin 12: 11.0818377172
    bin 13: 11.1085299106
    bin 14: 7.82496186724
    bin 15: 7.1841722875
    bin 16: 14.5782991483
-----------------------------
tt+DM bin errors:
    bin 0: 0.0
    bin 1: 0.984913889949
    bin 2: 0.887658206058
    bin 3: 0.743353776968
    bin 4: 0.673167008729
    bin 5: 0.61227611706
    bin 6: 0.508330632525
    bin 7: 0.490167169027
    bin 8: 0.411315665859
    bin 9: 0.384291878792
    bin 10: 0.309273611077
    bin 11: 0.290115170961
    bin 12: 0.238069412256
    bin 13: 0.233274765702
    bin 14: 0.212719882966
    bin 15: 0.208675895525
    bin 16: 0.458957775243
-----------------------------
t+DM bin errors:
    bin 0: 0.0
    bin 1: 1.2228539226
    bin 2: 1.052346119
    bin 3: 0.973259485667
    bin 4: 0.879309169469
    bin 5: 0.774574776471
    bin 6: 0.75320499754
    bin 7: 0.652653104668
    bin 8: 0.573079647913
    bin 9: 0.566661012944
    bin 10: 0.479482317868
    bin 11: 0.482554368149
    bin 12: 0.448974966853
    bin 13: 0.351415417675
    bin 14: 0.350462048228
    bin 15: 0.314832115838
    bin 16: 0.773130830378
-----------------------------
ZTo2Nu hist info:
    nEvents =  12968175.0
    integral =  65157.0480042
tbar scalar hist info:
    nEvents =  7333.0
    integral =  195.869297743
TTTo2L2Nu hist info:
    nEvents =  1116.0
    integral =  476.54536736
singleTop hist info:
    nEvents =  4983.0
    integral =  947.113039255
TTV hist info:
    nEvents =  130430.0
    integral =  112.268894017
bkgSum hist info:
    nEvents =  19081046.0
    integral =  143727.879883
ttbar scalar hist info:
    nEvents =  7726.0
    integral =  172.269791842
VV hist info:
    nEvents =  685132.0
    integral =  5587.16592407
QCD hist info:
    nEvents =  53181.0
    integral =  23829.5762177
ZTo2L hist info:
    nEvents =  275819.0
    integral =  657.785366297
data hist info:
    nEvents =  166833.0
    integral =  166833.0
WPlusJets hist info:
    nEvents =  4856135.0
    integral =  39810.59935
TTToSemiLepton hist info:
    nEvents =  106075.0
    integral =  7149.77734756
Finished filling histograms
Creating stacked MC background histogram...
Finished stacking MC background histograms.
Drawing histograms...
Finished drawing histograms
Drawing ratio plot...
Plotting end time: 2023-04-06 15:59:14.772321
