plots/plotv2.py:973: SyntaxWarning: name 'counter' is used prior to global declaration
  global counter
Plotting start time: 2022-10-19 16:05:59.700995
Cut name =  SL1l0fT2SR
MC Selection Cuts =  (nTightElectrons == 1 && nVetoElectrons == 1 && nLooseMuons == 0 && njets >= 2 && nbjets >= 1 && METcorrected_pt >= 250 && Flag_goodVertices && Flag_globalSuperTightHalo2016Filter && Flag_HBHENoiseFilter && Flag_HBHENoiseIsoFilter && Flag_EcalDeadCellTriggerPrimitiveFilter && Flag_BadPFMuonFilter && Flag_ecalBadCalibFilterV2 && ((HLT_Ele32_WPTight_Gsf) || (HLT_Ele115_CaloIdVT_GsfTrkIdT || HLT_Photon200)) && PV_npvsGood > 0 && PV_ndof > 4 && abs(PV_z) < 24 && sqrt(pow(PV_x,2)+pow(PV_y,2)) < 2 && ((METcorrected_phi <= -1.62) || (METcorrected_phi >= -0.82)) && nbjets == 1 && nfjets == 0 && M_T >= 140 && M_T2W >= 180 && minDeltaPhi12 >= 0.8 && M_Tb >= 140 && modified_topness > 0 && modified_topness <= 10) || (nTightMuons == 1 && nLooseMuons == 1 && nVetoElectrons == 0 && njets >= 2 && nbjets >= 1 && METcorrected_pt >= 250 && Flag_goodVertices && Flag_globalSuperTightHalo2016Filter && Flag_HBHENoiseFilter && Flag_HBHENoiseIsoFilter && Flag_EcalDeadCellTriggerPrimitiveFilter && Flag_BadPFMuonFilter && Flag_ecalBadCalibFilterV2 && (HLT_IsoMu24) && PV_npvsGood > 0 && PV_ndof > 4 && abs(PV_z) < 24 && sqrt(pow(PV_x,2)+pow(PV_y,2)) < 2 && ((METcorrected_phi <= -1.62) || (METcorrected_phi >= -0.82)) && nbjets == 1 && nfjets == 0 && M_T >= 140 && M_T2W >= 180 && minDeltaPhi12 >= 0.8 && M_Tb >= 140 && modified_topness > 0 && modified_topness <= 10)
Data Selection Cuts =  (nTightElectrons == 1 && nVetoElectrons == 1 && nLooseMuons == 0 && njets >= 2 && nbjets >= 1 && METcorrected_pt >= 250 && Flag_goodVertices && Flag_globalSuperTightHalo2016Filter && Flag_HBHENoiseFilter && Flag_HBHENoiseIsoFilter && Flag_EcalDeadCellTriggerPrimitiveFilter && Flag_BadPFMuonFilter && Flag_ecalBadCalibFilterV2 && ((HLT_Ele32_WPTight_Gsf) || (HLT_Ele115_CaloIdVT_GsfTrkIdT || HLT_Photon200)) && PV_npvsGood > 0 && PV_ndof > 4 && abs(PV_z) < 24 && sqrt(pow(PV_x,2)+pow(PV_y,2)) < 2 && ((METcorrected_phi <= -1.62) || (METcorrected_phi >= -0.82)) && nbjets == 1 && nfjets == 0 && M_T >= 140 && M_T2W >= 180 && minDeltaPhi12 >= 0.8 && M_Tb >= 140 && modified_topness > 0 && modified_topness <= 10) || (nTightMuons == 1 && nLooseMuons == 1 && nVetoElectrons == 0 && njets >= 2 && nbjets >= 1 && METcorrected_pt >= 250 && Flag_goodVertices && Flag_globalSuperTightHalo2016Filter && Flag_HBHENoiseFilter && Flag_HBHENoiseIsoFilter && Flag_EcalDeadCellTriggerPrimitiveFilter && Flag_BadPFMuonFilter && Flag_ecalBadCalibFilterV2 && (HLT_IsoMu24) && PV_npvsGood > 0 && PV_ndof > 4 && abs(PV_z) < 24 && sqrt(pow(PV_x,2)+pow(PV_y,2)) < 2 && ((METcorrected_phi <= -1.62) || (METcorrected_phi >= -0.82)) && nbjets == 1 && nfjets == 0 && M_T >= 140 && M_T2W >= 180 && minDeltaPhi12 >= 0.8 && M_Tb >= 140 && modified_topness > 0 && modified_topness <= 10) && Flag_eeBadScFilter
var =  METcorrected_pt
year =  2018
lumi =  59.74
saveDirectory =  plots/systematics/CMS_eff_b_corr/
date =  10_19_2022
applying HEM fix for 2018...
Creating histograms..
Histogram options: 
    nbins =  7
    xmin =  250
    xmax =  530
    auto_y =  True
    doLogPlot =  False
    drawData =  False
    mediatorType =  scalar
    mchi =  1
    mphi =  100
    normalizePlots =  False
    useCentralSamples =  True
    doBinned =  False
    savePlots =  True
    combineEleMu =  True
    doSys =  False
    doSysFirstHalf =  False
    doSysSecondHalf =  False
    drawOverflow =  True
    drawUnderflow =  False
    plotSys =  True
    plotSysVar =  CMS_eff_b_corr
    plotSysSignal =  False
Adding background up/down variation histograms...
    QCD_sysUp histogram made
    QCD_sysDown histogram made
    ZTo2L_sysUp histogram made
    ZTo2L_sysDown histogram made
    VV_sysUp histogram made
    VV_sysDown histogram made
    singleTop_sysUp histogram made
    singleTop_sysDown histogram made
    WPlusJets_sysUp histogram made
    WPlusJets_sysDown histogram made
    TTV_sysUp histogram made
    TTV_sysDown histogram made
    TTTo2L2Nu_sysUp histogram made
    TTTo2L2Nu_sysDown histogram made
    TTToSemiLepton_sysUp histogram made
    TTToSemiLepton_sysDown histogram made
    ZTo2Nu_sysUp histogram made
    ZTo2Nu_sysDown histogram made
    bkgSum_sysUp histogram made
    bkgSum_sysDown histogram made
    ttbar scalar_sysUp histogram made
    ttbar scalar_sysDown histogram made
    tbar scalar_sysUp histogram made
    tbar scalar_sysDown histogram made
Selected both SingleMuon and SingleElectron dataset
Loading data sample root files and event trees...
    ----Loading /hdfs/store/user/vshang/SingleElectron_Run2018A/EGamma/ModuleCommonSkim_09242022/tree_all.root
    nevents in filepath = /hdfs/store/user/vshang/SingleElectron_Run2018A/EGamma/ModuleCommonSkim_09242022/tree_all.root: 86080
    ----Loading /hdfs/store/user/vshang/SingleElectron_Run2018B/EGamma/ModuleCommonSkim_09242022/tree_all.root
    nevents in filepath = /hdfs/store/user/vshang/SingleElectron_Run2018B/EGamma/ModuleCommonSkim_09242022/tree_all.root: 45467
    ----Loading /hdfs/store/user/vshang/SingleElectron_Run2018C/EGamma/ModuleCommonSkim_09242022/tree_all.root
    nevents in filepath = /hdfs/store/user/vshang/SingleElectron_Run2018C/EGamma/ModuleCommonSkim_09242022/tree_all.root: 75543
    ----Loading /hdfs/store/user/vshang/SingleElectron_Run2018D/EGamma/ModuleCommonSkim_09242022/tree_all.root
    nevents in filepath = /hdfs/store/user/vshang/SingleElectron_Run2018D/EGamma/ModuleCommonSkim_09242022/tree_all.root: 384611
    total nevents in  SingleElectron :  591701
    ----Loading /hdfs/store/user/vshang/SingleMuon_Run2018A/SingleMuon/ModuleCommonSkim_09242022/tree_all.root
    nevents in filepath = /hdfs/store/user/vshang/SingleMuon_Run2018A/SingleMuon/ModuleCommonSkim_09242022/tree_all.root: 120583
    ----Loading /hdfs/store/user/vshang/SingleMuon_Run2018B/SingleMuon/ModuleCommonSkim_09242022/tree_all.root
    nevents in filepath = /hdfs/store/user/vshang/SingleMuon_Run2018B/SingleMuon/ModuleCommonSkim_09242022/tree_all.root: 67623
    ----Loading /hdfs/store/user/vshang/SingleMuon_Run2018C/SingleMuon/ModuleCommonSkim_09242022/tree_all.root
    nevents in filepath = /hdfs/store/user/vshang/SingleMuon_Run2018C/SingleMuon/ModuleCommonSkim_09242022/tree_all.root: 76657
    ----Loading /hdfs/store/user/vshang/SingleMuon_Run2018D/SingleMuon/ModuleCommonSkim_09242022/tree_all.root
    nevents in filepath = /hdfs/store/user/vshang/SingleMuon_Run2018D/SingleMuon/ModuleCommonSkim_09242022/tree_all.root: 360359
    total nevents in  SingleMuon :  625222
Got data sample root files and event trees
Loading MC sample root files and event trees...
    ----Loading HT600To800
    nevents in  ZTo2Nu   HT600To800 :  5748975
    ----Loading HT1200To2500
    nevents in  ZTo2Nu   HT1200To2500 :  343198
    ----Loading HT100To200
    nevents in  ZTo2Nu   HT100To200 :  23702894
    ----Loading HT2500ToInf
    nevents in  ZTo2Nu   HT2500ToInf :  359639
    ----Loading HT800To1200
    nevents in  ZTo2Nu   HT800To1200 :  2066798
    ----Loading HT200To400
    nevents in  ZTo2Nu   HT200To400 :  23276346
    ----Loading HT400To600
    nevents in  ZTo2Nu   HT400To600 :  9511100
    ----Loading tWChan_MChi1_MPhi100_scalar
    nevents in  tbar scalar   tWChan_MChi1_MPhi100_scalar :  250000
    ----Loading tChan_MChi1_MPhi100_scalar
    nevents in  tbar scalar   tChan_MChi1_MPhi100_scalar :  541000
    ----Loading WWTo1L1Nu2Q
    nevents in  WW   WWTo1L1Nu2Q :  4683136
    ----Loading WWTo4Q
    nevents in  WW   WWTo4Q :  3790800
    ----Loading WWTo2L2Nu
    nevents in  WW   WWTo2L2Nu :  7758900
    ----Loading TTToSemiLepton
    nevents in  ttbarPlusJets   TTToSemiLepton :  300619998
    ----Loading TTTo2L2Nu
    nevents in  ttbarPlusJets   TTTo2L2Nu :  64310000
    ----Loading ttDM_MChi1_MPhi100_scalar
    nevents in  ttbar scalar   ttDM_MChi1_MPhi100_scalar :  1842523
    ----Loading ZZTo2Q2Nu
    nevents in  ZZ   ZZTo2Q2Nu :  57633049
    ----Loading ZZTo4L
    nevents in  ZZ   ZZTo4L :  124649500
    ----Loading ZZTo2L2Q
    nevents in  ZZ   ZZTo2L2Q :  27900469
    ----Loading ZZTo2L2Nu
    nevents in  ZZ   ZZTo2L2Nu :  56428600
    ----Loading Pt50to80
    nevents in  QCD   Pt50to80 :  25580000
    -Info in <TCanvas::MakeDefCanvas>:  created default TCanvas with name c1
TFile::Append:0: RuntimeWarning: Replacing existing TH1: hist (Potential memory leak).
---Loading Pt2400to3200
    nevents in  QCD   Pt2400to3200 :  2394000
    ----Loading Pt30to50
    nevents in  QCD   Pt30to50 :  18488000
    ----Loading Pt470to600
    nevents in  QCD   Pt470to600 :  42459973
    ----Loading Pt300to470
    nevents in  QCD   Pt300to470 :  41744000
    ----Loading Pt170to300
    nevents in  QCD   Pt170to300 :  29710000
    ----Loading Pt800to1000
    nevents in  QCD   Pt800to1000 :  36062000
    ----Loading Pt600to800
    nevents in  QCD   Pt600to800 :  64061000
    ----Loading Pt120to170
    nevents in  QCD   Pt120to170 :  25255000
    ----Loading Pt1000to1400
    nevents in  QCD   Pt1000to1400 :  18485000
    ----Loading Pt1400to1800
    nevents in  QCD   Pt1400to1800 :  6928000
    ----Loading Pt15to30
    nevents in  QCD   Pt15to30 :  19451000
    ----Loading Pt3200toInf
    nevents in  QCD   Pt3200toInf :  925000
    ----Loading Pt80to120
    nevents in  QCD   Pt80to120 :  29535000
    ----Loading Pt1800to2400
    nevents in  QCD   Pt1800to2400 :  4017800
    ----Loading WZTo2Q2Nu
    nevents in  WZ   WZTo2Q2Nu :  30887331
    ----Loading WZTo2L2Q
    nevents in  WZ   WZTo2L2Q :  28193648
    ----Loading WZTo3LNu
    nevents in  WZ   WZTo3LNu :  11248318
    ----Loading WZTo1L3Nu
    nevents in  WZ   WZTo1L3Nu :  1690064
    ----Loading WZTo1L1Nu2Q
    nevents in  WZ   WZTo1L1Nu2Q :  18273533
    ----Loading TTZToQQ
    nevents in  TTV   TTZToQQ :  9572000
    ----Loading TTWJetsToLNu
    nevents in  TTV   TTWJetsToLNu :  4911941
    ----Loading TTWJetsToQQ
    nevents in  TTV   TTWJetsToQQ :  835296
    ----Loading TTZToLLNuNu
    nevents in  TTV   TTZToLLNuNu :  13280000
    ----Loading HT600To800
    nevents in  ZTo2L   HT600To800 :  8862104
    ----Loading HT1200To2500
    nevents in  ZTo2L   HT1200To2500 :  536416
    ----Loading HT100To200
    nevents in  ZTo2L   HT100To200 :  11530510
    ----Loading HT2500ToInf
    nevents in  ZTo2L   HT2500ToInf :  427051
    ----Loading HT800To1200
    nevents in  ZTo2L   HT800To1200 :  3138129
    ----Loading HT200To400
    nevents in  ZTo2L   HT200To400 :  10860690
    ----Loading HT400To600
    nevents in  ZTo2L   HT400To600 :  46161988
    ----Loading ST_s-channel
    nevents in  singleTop   ST_s-channel :  19890000
    ----Loading ST_t-channel_antitop
    nevents in  singleTop   ST_t-channel_antitop :  79090800
    ----Loading ST_tW_top
    nevents in  singleTop   ST_tW_top :  9598000
    ----Loading ST_t-channel_top
    nevents in  singleTop   ST_t-channel_top :  154307600
    ----Loading ST_tW_antitop
    nevents in  singleTop   ST_tW_antitop :  7527000
    ----Loading HT200To400
    nevents in  WPlusJets   HT200To400 :  25468933
    ----Loading HT70To100
    nevents in  WPlusJets   HT70To100 :  28084244
    ----Loading HT600To800
    nevents in  WPlusJets   HT600To800 :  19771294
    ----Loading HT1200To2500
    nevents in  WPlusJets   HT1200To2500 :  7633949
    ----Loading HT100To200
    nevents in  WPlusJets   HT100To200 :  29425374
    ----Loading HT400To600
    nevents in  WPlusJets   HT400To600 :  5932701
    ----Loading HT2500ToInf
    nevents in  WPlusJets   HT2500ToInf :  3273980
    ----Loading HT800To1200
    nevents in  WPlusJets   HT800To1200 :  8402687
Got MC sample root files and event trees
Filling data histograms...
Filling MC histograms...
  Process =  ZTo2Nu
      Dataset =  HT600To800  ||   nEvents =  5748975
Applied ZTo2Nu qcd/ewk Weights correctly
          hist weight =  0.0338448471249*leptonWeight*bjetWeight*puWeight*muonTriggerWeight*EE_L1_prefire_Weight*electronTriggerWeight*qcdZTo2NuWeight*ewkZWeight
          hist nEntries =  1.0
          hist integral =  0.0301991347224
          Adding up/down varations for systematic given by plotSysVar to MC background histograms...
      Dataset =  HT1200To2500  ||   nEvents =  343198
Applied ZTo2Nu qcd/ewk Weights correctly
          hist weight =  0.0595140589397*leptonWeight*bjetWeight*puWeight*muonTriggerWeight*EE_L1_prefire_Weight*electronTriggerWeight*qcdZTo2NuWeight*ewkZWeight
          hist nEntries =  0.0
          hist integral =  0.0
          Adding up/TFile::Append:0: RuntimeWarning: Replacing existing TH1: hist (Potential memory leak).
TFile::Append:0: RuntimeWarning: Replacing existing TH1: hist (Potential memory leak).
TFile::Append:0: RuntimeWarning: Replacing existing TH1: hist (Potential memory leak).
TFile::Append:0: RuntimeWarning: Replacing existing TH1: hist (Potential memory leak).
TFile::Append:0: RuntimeWarning: Replacing existing TH1: hist (Potential memory leak).
TFile::Append:0: RuntimeWarning: Replacing existing TH1: hist (Potential memory leak).
TFile::Append:0: RuntimeWarning: Replacing existing TH1: hist (Potential memory leak).
TFile::Append:0: RuntimeWarning: Replacing existing TH1: hist (Potential memory leak).
TFile::Append:0: RuntimeWarning: Replacing existing TH1: hist (Potential memory leak).
TFile::Append:0: RuntimeWarning: Replacing existing TH1: hist (Potential memory leak).
down varations for systematic given by plotSysVar to MC background histograms...
      Dataset =  HT100To200  ||   nEvents =  23702894
Applied ZTo2Nu qcd/ewk Weights correctly
          hist weight =  0.763167231816*leptonWeight*bjetWeight*puWeight*muonTriggerWeight*EE_L1_prefire_Weight*electronTriggerWeight*qcdZTo2NuWeight*ewkZWeight
          hist nEntries =  0.0
          hist integral =  0.0
          Adding up/down varations for systematic given by plotSysVar to MC background histograms...
      Dataset =  HT2500ToInf  ||   nEvents =  359639
Applied ZTo2Nu qcd/ewk Weights correctly
          hist weight =  0.000854807292869*leptonWeight*bjetWeight*puWeight*muonTriggerWeight*EE_L1_prefire_Weight*electronTriggerWeight*qcdZTo2NuWeight*ewkZWeight
          hist nEntries =  0.0
          hist integral =  0.0
          Adding up/down varations for systematic given by plotSysVar to MC background histograms...
      Dataset =  HT800To1200  ||   nEvents =  2066798
Applied ZTo2Nu qcd/ewk Weights correctly
          hist weight =  0.0430678760092*leptonWeight*bjetWeight*puWeight*muonTriggerWeight*EE_L1_prefire_Weight*electronTriggerWeight*qcdZTo2NuWeight*ewkZWeight
          hist nEntries =  3.0
          hist integral =  0.101699389517
          Adding up/down varations for systematic given by plotSysVar to MC background histograms...
      Dataset =  HT200To400  ||   nEvents =  23276346
Applied ZTo2Nu qcd/ewk Weights correctly
          hist weight =  0.23763723911*leptonWeight*bjetWeight*puWeight*muonTriggerWeight*EE_L1_prefire_Weight*electronTriggerWeight*qcdZTo2NuWeight*ewkZWeight
          hist nEntries =  2.0
          hist integral =  0.44495767355
          Adding up/down varations for systematic given by plotSysVar to MC background histograms...
      Dataset =  HT400To600  ||   nEvents =  9511100
Applied ZTo2Nu qcd/ewk Weights correctly
          hist weight =  0.0827846621316*leptonWeight*bjetWeight*puWeight*muonTriggerWeight*EE_L1_prefire_Weight*electronTriggerWeight*qcdZTo2NuWeight*ewkZWeight
          hist nEntries =  3.0
          hist integral =  0.247850485146
          Adding up/down varations for systematic given by plotSysVar to MC background histograms...
  Process =  tbar scalar
      Dataset =  tWChan_MChi1_MPhi100_scalar  ||   nEvents =  250000
          hist weight =  0.0131284624*leptonWeight*bjetWeight*puWeight*muonTriggerWeight*EE_L1_prefire_Weight*electronTriggerWeight
          hist nEntries =  516.0
          hist integral =  6.16692496836
          Adding up/down varations for systematic given by plotSysVar to MC background histograms...
      Dataset =  tChan_MChi1_MPhi100_scalar  ||   nEvents =  541000
          hist weight =  0.0314490794824*leptonWeight*bjetWeight*puWeight*muonTriggerWeight*EE_L1_prefire_Weight*electronTriggerWeight
          hist nEntries =  192.0
          hist integral =  5.45736540854
          Adding up/down varations for systematic given by plotSysVar to MC background histograms...
  Process =  WW
      Dataset =  WWTo1L1Nu2Q  ||   nEvents =  4683136
          hist weight =  1.02995249337*leptonWeight*bjetWeight*puWeight*muonTriggerWeight*EE_L1_prefire_Weight*electronTriggerWeight
          hist nEntries =  6.0
          hist integral =  7.67578667402
          Adding up/down varations for systematic given by plotSysVar to MC background histograms...
      Dataset =  WWTo4Q  ||   nEvents =  3790800
          hist weight =  0.752186926242*leptonWeight*bjetWeight*puWeight*muonTriggerWeight*EE_L1_prefire_Weight*electronTriggerWeight
          hist nEntries =  0.0
          hist integral =  0.0
          Adding up/down varations for systematic given by plotSysVar to MC background histograms...
      Dataset =  WWTo2L2Nu  ||   nEvents =  7758900
          hist weight =  0.0853109590277*leptonWeight*bjetWeight*puWeight*muonTriggerWeight*EE_L1_prefire_Weight*electronTriggerWeight
          hist nEntries =  39.0
          hist integral =  3.39638182521
          Adding up/down varations for systematic given by plotSysVar to MC background histograms...
  Process =  ttbarPlusJeTFile::Append:0: RuntimeWarning: Replacing existing TH1: hist (Potential memory leak).
TFile::Append:0: RuntimeWarning: Replacing existing TH1: hist (Potential memory leak).
TFile::Append:0: RuntimeWarning: Replacing existing TH1: hist (Potential memory leak).
TFile::Append:0: RuntimeWarning: Replacing existing TH1: hist (Potential memory leak).
TFile::Append:0: RuntimeWarning: Replacing existing TH1: hist (Potential memory leak).
TFile::Append:0: RuntimeWarning: Replacing existing TH1: hist (Potential memory leak).
TFile::Append:0: RuntimeWarning: Replacing existing TH1: hist (Potential memory leak).
TFile::Append:0: RuntimeWarning: Replacing existing TH1: hist (Potential memory leak).
TFile::Append:0: RuntimeWarning: Replacing existing TH1: hist (Potential memory leak).
TFile::Append:0: RuntimeWarning: Replacing existing TH1: hist (Potential memory leak).
TFile::Append:0: RuntimeWarning: Replacing existing TH1: hist (Potential memory leak).
ts
      Dataset =  TTToSemiLepton  ||   nEvents =  300619998
          hist weight =  0.0724045943211*leptonWeight*bjetWeight*puWeight*muonTriggerWeight*EE_L1_prefire_Weight*electronTriggerWeight
          hist nEntries =  20.0
          hist integral =  0.980114243925
          Adding up/down varations for systematic given by plotSysVar to MC background histograms...
      Dataset =  TTTo2L2Nu  ||   nEvents =  64310000
          hist weight =  0.0811055730058*leptonWeight*bjetWeight*puWeight*muonTriggerWeight*EE_L1_prefire_Weight*electronTriggerWeight
          hist nEntries =  2157.0
          hist integral =  155.395910144
          Adding up/down varations for systematic given by plotSysVar to MC background histograms...
  Process =  ttbar scalar
      Dataset =  ttDM_MChi1_MPhi100_scalar  ||   nEvents =  1842523
          hist weight =  0.0234310810774*leptonWeight*bjetWeight*puWeight*muonTriggerWeight*EE_L1_prefire_Weight*electronTriggerWeight*GenModel__TTbarDMJets_Inclusive_scalar_LO_Mchi_1_Mphi_100_TuneCP5_13TeV_madgraph_mcatnlo_pythia8
          hist nEntries =  753.0
          hist integral =  16.8626426607
          Adding up/down varations for systematic given by plotSysVar to MC background histograms...
  Process =  ZZ
      Dataset =  ZZTo2Q2Nu  ||   nEvents =  57633049
          hist weight =  0.00473085086996*leptonWeight*bjetWeight*puWeight*muonTriggerWeight*EE_L1_prefire_Weight*electronTriggerWeight
          hist nEntries =  1.0
          hist integral =  0.00407892372459
          Adding up/down varations for systematic given by plotSysVar to MC background histograms...
      Dataset =  ZZTo4L  ||   nEvents =  124649500
          hist weight =  0.000635024609004*leptonWeight*bjetWeight*puWeight*muonTriggerWeight*EE_L1_prefire_Weight*electronTriggerWeight
          hist nEntries =  9.0
          hist integral =  0.00577184252325
          Adding up/down varations for systematic given by plotSysVar to MC background histograms...
      Dataset =  ZZTo2L2Q  ||   nEvents =  27900469
          hist weight =  0.00789668159342*leptonWeight*bjetWeight*puWeight*muonTriggerWeight*EE_L1_prefire_Weight*electronTriggerWeight
          hist nEntries =  2.0
          hist integral =  0.017844170332
          Adding up/down varations for systematic given by plotSysVar to MC background histograms...
      Dataset =  ZZTo2L2Nu  ||   nEvents =  56428600
          hist weight =  0.000597520689863*leptonWeight*bjetWeight*puWeight*muonTriggerWeight*EE_L1_prefire_Weight*electronTriggerWeight
          hist nEntries =  613.0
          hist integral =  0.394614778459
          Adding up/down varations for systematic given by plotSysVar to MC background histograms...
  Process =  QCD
      Dataset =  Pt50to80  ||   nEvents =  25580000
          hist weight =  36619.3588741*leptonWeight*bjetWeight*puWeight*muonTriggerWeight*EE_L1_prefire_Weight*electronTriggerWeight
          hist nEntries =  0.0
          hist integral =  0.0
          Adding up/down varations for systematic given by plotSysVar to MC background histograms...
      Dataset =  Pt2400to3200  ||   nEvents =  2394000
          hist weight =  0.000130809139515*leptonWeight*bjetWeight*puWeight*muonTriggerWeight*EE_L1_prefire_Weight*electronTriggerWeight
          hist nEntries =  0.0
          hist integral =  0.0
          Adding up/down varations for systematic given by plotSysVar to MC background histograms...
      Dataset =  Pt30to50  ||   nEvents =  18488000
          hist weight =  344454.997836*leptonWeight*bjetWeight*puWeight*muonTriggerWeight*EE_L1_prefire_Weight*electronTriggerWeight
          hist nEntries =  0.0
          hist integral =  0.0
          Adding up/down varations for systematic given by plotSysVar to MC background histograms...
      Dataset =  Pt470to600  ||   nEvents =  42459973
          hist weight =  0.777492816588*leptonWeight*bjetWeight*puWeight*muonTriggerWeight*EE_L1_prefire_Weight*electronTriggerWeight
          hist nEntries =  0.0
          hist integral =  0.0
          Adding up/down varations for systematic given by plotSysVaTFile::Append:0: RuntimeWarning: Replacing existing TH1: hist (Potential memory leak).
TFile::Append:0: RuntimeWarning: Replacing existing TH1: hist (Potential memory leak).
TFile::Append:0: RuntimeWarning: Replacing existing TH1: hist (Potential memory leak).
TFile::Append:0: RuntimeWarning: Replacing existing TH1: hist (Potential memory leak).
TFile::Append:0: RuntimeWarning: Replacing existing TH1: hist (Potential memory leak).
TFile::Append:0: RuntimeWarning: Replacing existing TH1: hist (Potential memory leak).
TFile::Append:0: RuntimeWarning: Replacing existing TH1: hist (Potential memory leak).
TFile::Append:0: RuntimeWarning: Replacing existing TH1: hist (Potential memory leak).
TFile::Append:0: RuntimeWarning: Replacing existing TH1: hist (Potential memory leak).
TFile::Append:0: RuntimeWarning: Replacing existing TH1: hist (Potential memory leak).
TFile::Append:0: RuntimeWarning: Replacing existing TH1: hist (Potential memory leak).
TFile::Append:0: RuntimeWarning: Replacing existing TH1: hist (Potential memory leak).
r to MC background histograms...
      Dataset =  Pt300to470  ||   nEvents =  41744000
          hist weight =  9.76871502491*leptonWeight*bjetWeight*puWeight*muonTriggerWeight*EE_L1_prefire_Weight*electronTriggerWeight
          hist nEntries =  0.0
          hist integral =  0.0
          Adding up/down varations for systematic given by plotSysVar to MC background histograms...
      Dataset =  Pt170to300  ||   nEvents =  29710000
          hist weight =  207.712622013*leptonWeight*bjetWeight*puWeight*muonTriggerWeight*EE_L1_prefire_Weight*electronTriggerWeight
          hist nEntries =  0.0
          hist integral =  0.0
          Adding up/down varations for systematic given by plotSysVar to MC background histograms...
      Dataset =  Pt800to1000  ||   nEvents =  36062000
          hist weight =  0.0436014863291*leptonWeight*bjetWeight*puWeight*muonTriggerWeight*EE_L1_prefire_Weight*electronTriggerWeight
          hist nEntries =  0.0
          hist integral =  0.0
          Adding up/down varations for systematic given by plotSysVar to MC background histograms...
      Dataset =  Pt600to800  ||   nEvents =  64061000
          hist weight =  0.146037120869*leptonWeight*bjetWeight*puWeight*muonTriggerWeight*EE_L1_prefire_Weight*electronTriggerWeight
          hist nEntries =  0.0
          hist integral =  0.0
          Adding up/down varations for systematic given by plotSysVar to MC background histograms...
      Dataset =  Pt120to170  ||   nEvents =  25255000
          hist weight =  962.27408434*leptonWeight*bjetWeight*puWeight*muonTriggerWeight*EE_L1_prefire_Weight*electronTriggerWeight
          hist nEntries =  0.0
          hist integral =  0.0
          Adding up/down varations for systematic given by plotSysVar to MC background histograms...
      Dataset =  Pt1000to1400  ||   nEvents =  18485000
          hist weight =  0.024238571815*leptonWeight*bjetWeight*puWeight*muonTriggerWeight*EE_L1_prefire_Weight*electronTriggerWeight
          hist nEntries =  0.0
          hist integral =  0.0
          Adding up/down varations for systematic given by plotSysVar to MC background histograms...
      Dataset =  Pt1400to1800  ||   nEvents =  6928000
          hist weight =  0.00558682823326*leptonWeight*bjetWeight*puWeight*muonTriggerWeight*EE_L1_prefire_Weight*electronTriggerWeight
          hist nEntries =  0.0
          hist integral =  0.0
          Adding up/down varations for systematic given by plotSysVar to MC background histograms...
      Dataset =  Pt15to30  ||   nEvents =  19451000
          hist weight =  3832991.61997*leptonWeight*bjetWeight*puWeight*muonTriggerWeight*EE_L1_prefire_Weight*electronTriggerWeight
          hist nEntries =  0.0
          hist integral =  0.0
          Adding up/down varations for systematic given by plotSysVar to MC background histograms...
      Dataset =  Pt3200toInf  ||   nEvents =  925000
          hist weight =  8.71235243243e-06*leptonWeight*bjetWeight*puWeight*muonTriggerWeight*EE_L1_prefire_Weight*electronTriggerWeight
          hist nEntries =  0.0
          hist integral =  0.0
          Adding up/down varations for systematic given by plotSysVar to MC background histograms...
      Dataset =  Pt80to120  ||   nEvents =  29535000
          hist weight =  4724.99204334*leptonWeight*bjetWeight*puWeight*muonTriggerWeight*EE_L1_prefire_Weight*electronTriggerWeight
          hist nEntries =  0.0
          hist integral =  0.0
          Adding up/down varations for systematic given by plotSysVar to MC background histograms...
      Dataset =  Pt1800to2400  ||   nEvents =  4017800
          hist weight =  0.00129581885609*leptonWeight*bjetWeight*puWeight*muonTriggerWeight*EE_L1_prefire_Weight*electronTriggerWeight
          hist nEntries =  0.0
          hist integral =  0.0
          Adding up/down varations for systematic given by plotSysVar to MC background histograms...
  Process =  WZ
      Dataset =  WZTo2Q2Nu  ||   nEvents =  30887331
          hist weight =  0.0132642383377*leptonWeight*bjetWeight*puWeight*muonTriggerWeight*EE_L1_prefire_Weight*electronTriggerWeTFile::Append:0: RuntimeWarning: Replacing existing TH1: hist (Potential memory leak).
TFile::Append:0: RuntimeWarning: Replacing existing TH1: hist (Potential memory leak).
TFile::Append:0: RuntimeWarning: Replacing existing TH1: hist (Potential memory leak).
TFile::Append:0: RuntimeWarning: Replacing existing TH1: hist (Potential memory leak).
TFile::Append:0: RuntimeWarning: Replacing existing TH1: hist (Potential memory leak).
TFile::Append:0: RuntimeWarning: Replacing existing TH1: hist (Potential memory leak).
TFile::Append:0: RuntimeWarning: Replacing existing TH1: hist (Potential memory leak).
TFile::Append:0: RuntimeWarning: Replacing existing TH1: hist (Potential memory leak).
TFile::Append:0: RuntimeWarning: Replacing existing TH1: hist (Potential memory leak).
TFile::Append:0: RuntimeWarning: Replacing existing TH1: hist (Potential memory leak).
TFile::Append:0: RuntimeWarning: Replacing existing TH1: hist (Potential memory leak).
ight
          hist nEntries =  1.0
          hist integral =  0.0126512562856
          Adding up/down varations for systematic given by plotSysVar to MC background histograms...
      Dataset =  WZTo2L2Q  ||   nEvents =  28193648
          hist weight =  0.0134148635182*leptonWeight*bjetWeight*puWeight*muonTriggerWeight*EE_L1_prefire_Weight*electronTriggerWeight
          hist nEntries =  1.0
          hist integral =  0.01214869041
          Adding up/down varations for systematic given by plotSysVar to MC background histograms...
      Dataset =  WZTo3LNu  ||   nEvents =  11248318
          hist weight =  0.0268312542373*leptonWeight*bjetWeight*puWeight*muonTriggerWeight*EE_L1_prefire_Weight*electronTriggerWeight
          hist nEntries =  25.0
          hist integral =  0.696778725833
          Adding up/down varations for systematic given by plotSysVar to MC background histograms...
      Dataset =  WZTo1L3Nu  ||   nEvents =  1690064
          hist weight =  0.11813226008*leptonWeight*bjetWeight*puWeight*muonTriggerWeight*EE_L1_prefire_Weight*electronTriggerWeight
          hist nEntries =  58.0
          hist integral =  7.56946328282
          Adding up/down varations for systematic given by plotSysVar to MC background histograms...
      Dataset =  WZTo1L1Nu2Q  ||   nEvents =  18273533
          hist weight =  0.0381189778682*leptonWeight*bjetWeight*puWeight*muonTriggerWeight*EE_L1_prefire_Weight*electronTriggerWeight
          hist nEntries =  50.0
          hist integral =  1.98798865825
          Adding up/down varations for systematic given by plotSysVar to MC background histograms...
  Process =  TTV
      Dataset =  TTZToQQ  ||   nEvents =  9572000
          hist weight =  0.00318546761387*leptonWeight*bjetWeight*puWeight*muonTriggerWeight*EE_L1_prefire_Weight*electronTriggerWeight
          hist nEntries =  89.0
          hist integral =  0.259953764034
          Adding up/down varations for systematic given by plotSysVar to MC background histograms...
      Dataset =  TTWJetsToLNu  ||   nEvents =  4911941
          hist weight =  0.00261365639367*leptonWeight*bjetWeight*puWeight*muonTriggerWeight*EE_L1_prefire_Weight*electronTriggerWeight
          hist nEntries =  583.0
          hist integral =  1.42518330738
          Adding up/down varations for systematic given by plotSysVar to MC background histograms...
      Dataset =  TTWJetsToQQ  ||   nEvents =  835296
          hist weight =  0.0308678408612*leptonWeight*bjetWeight*puWeight*muonTriggerWeight*EE_L1_prefire_Weight*electronTriggerWeight
          hist nEntries =  13.0
          hist integral =  0.367242559791
          Adding up/down varations for systematic given by plotSysVar to MC background histograms...
      Dataset =  TTZToLLNuNu  ||   nEvents =  13280000
          hist weight =  0.00109403373494*leptonWeight*bjetWeight*puWeight*muonTriggerWeight*EE_L1_prefire_Weight*electronTriggerWeight
          hist nEntries =  7158.0
          hist integral =  7.48509992659
          Adding up/down varations for systematic given by plotSysVar to MC background histograms...
  Process =  ZTo2L
      Dataset =  HT600To800  ||   nEvents =  8862104
Applied ZTo2L qcd/ewk Weights correctly
          hist weight =  0.0117496725383*leptonWeight*bjetWeight*puWeight*muonTriggerWeight*EE_L1_prefire_Weight*electronTriggerWeight*qcdZTo2LWeight*ewkZWeight
          hist nEntries =  2.0
          hist integral =  0.0219429535791
          Adding up/down varations for systematic given by plotSysVar to MC background histograms...
      Dataset =  HT1200To2500  ||   nEvents =  536416
Applied ZTo2L qcd/ewk Weights correctly
          hist weight =  0.0215275867983*leptonWeight*bjetWeight*puWeight*muonTriggerWeight*EE_L1_prefire_Weight*electronTriggerWeight*qcdZTo2LWeight*ewkZWeight
          hist nEntries =  0.0
          hist integral =  0.0
          Adding up/down varations for systematic given by plotSysVar to MC background histograms...
      Dataset =  HT100To200  ||   nEvents =  11530510
Applied ZTo2L qcd/ewk Weights correctly
          hist weight =  0.8346650755TFile::Append:0: RuntimeWarning: Replacing existing TH1: hist (Potential memory leak).
TFile::Append:0: RuntimeWarning: Replacing existing TH1: hist (Potential memory leak).
TFile::Append:0: RuntimeWarning: Replacing existing TH1: hist (Potential memory leak).
TFile::Append:0: RuntimeWarning: Replacing existing TH1: hist (Potential memory leak).
TFile::Append:0: RuntimeWarning: Replacing existing TH1: hist (Potential memory leak).
TFile::Append:0: RuntimeWarning: Replacing existing TH1: hist (Potential memory leak).
TFile::Append:0: RuntimeWarning: Replacing existing TH1: hist (Potential memory leak).
TFile::Append:0: RuntimeWarning: Replacing existing TH1: hist (Potential memory leak).
TFile::Append:0: RuntimeWarning: Replacing existing TH1: hist (Potential memory leak).
TFile::Append:0: RuntimeWarning: Replacing existing TH1: hist (Potential memory leak).
26*leptonWeight*bjetWeight*puWeight*muonTriggerWeight*EE_L1_prefire_Weight*electronTriggerWeight*qcdZTo2LWeight*ewkZWeight
          hist nEntries =  0.0
          hist integral =  0.0
          Adding up/down varations for systematic given by plotSysVar to MC background histograms...
      Dataset =  HT2500ToInf  ||   nEvents =  427051
Applied ZTo2L qcd/ewk Weights correctly
          hist weight =  0.00048513718502*leptonWeight*bjetWeight*puWeight*muonTriggerWeight*EE_L1_prefire_Weight*electronTriggerWeight*qcdZTo2LWeight*ewkZWeight
          hist nEntries =  0.0
          hist integral =  0.0
          Adding up/down varations for systematic given by plotSysVar to MC background histograms...
      Dataset =  HT800To1200  ||   nEvents =  3138129
Applied ZTo2L qcd/ewk Weights correctly
          hist weight =  0.0153284482569*leptonWeight*bjetWeight*puWeight*muonTriggerWeight*EE_L1_prefire_Weight*electronTriggerWeight*qcdZTo2LWeight*ewkZWeight
          hist nEntries =  1.0
          hist integral =  0.0148162143305
          Adding up/down varations for systematic given by plotSysVar to MC background histograms...
      Dataset =  HT200To400  ||   nEvents =  10860690
Applied ZTo2L qcd/ewk Weights correctly
          hist weight =  0.267657800747*leptonWeight*bjetWeight*puWeight*muonTriggerWeight*EE_L1_prefire_Weight*electronTriggerWeight*qcdZTo2LWeight*ewkZWeight
          hist nEntries =  1.0
          hist integral =  0.239651426673
          Adding up/down varations for systematic given by plotSysVar to MC background histograms...
      Dataset =  HT400To600  ||   nEvents =  46161988
Applied ZTo2L qcd/ewk Weights correctly
          hist weight =  0.00901755617631*leptonWeight*bjetWeight*puWeight*muonTriggerWeight*EE_L1_prefire_Weight*electronTriggerWeight*qcdZTo2LWeight*ewkZWeight
          hist nEntries =  7.0
          hist integral =  0.0572315696627
          Adding up/down varations for systematic given by plotSysVar to MC background histograms...
  Process =  singleTop
      Dataset =  ST_s-channel  ||   nEvents =  19890000
          hist weight =  0.0112331623932*leptonWeight*bjetWeight*puWeight*muonTriggerWeight*EE_L1_prefire_Weight*electronTriggerWeight
          hist nEntries =  0.0
          hist integral =  0.0
          Adding up/down varations for systematic given by plotSysVar to MC background histograms...
      Dataset =  ST_t-channel_antitop  ||   nEvents =  79090800
          hist weight =  0.0512947574181*leptonWeight*bjetWeight*puWeight*muonTriggerWeight*EE_L1_prefire_Weight*electronTriggerWeight
          hist nEntries =  0.0
          hist integral =  0.0
          Adding up/down varations for systematic given by plotSysVar to MC background histograms...
      Dataset =  ST_tW_top  ||   nEvents =  9598000
          hist weight =  0.217287289019*leptonWeight*bjetWeight*puWeight*muonTriggerWeight*EE_L1_prefire_Weight*electronTriggerWeight
          hist nEntries =  47.0
          hist integral =  9.64401477575
          Adding up/down varations for systematic given by plotSysVar to MC background histograms...
      Dataset =  ST_t-channel_top  ||   nEvents =  154307600
          hist weight =  0.043863957446*leptonWeight*bjetWeight*puWeight*muonTriggerWeight*EE_L1_prefire_Weight*electronTriggerWeight
          hist nEntries =  1.0
          hist integral =  0.058421432972
          Adding up/down varations for systematic given by plotSysVar to MC background histograms...
      Dataset =  ST_tW_antitop  ||   nEvents =  7527000
          hist weight =  0.277548531952*leptonWeight*bjetWeight*puWeight*muonTriggerWeight*EE_L1_prefire_Weight*electronTriggerWeight
          hist nEntries =  43.0
          hist integral =  10.3542316556
          Adding up/down varations for systematic given by plotSysVar to MC background histograms...
  Process =  WPlusJets
      Dataset =  HT200To400  ||   nEvents =  25468933
Applied WPlusJets qcd/ewk Weights correctly
          hist weight =  0.956771373186*leptonWeight*bjetWeight*puWeight*muonTriggerWeight*EE_L1_prefire_Weight*electronTriggerWeight*qcdWWeight*ewkWWeight
          hist nEntries =  25.0
          hist integral =  28.1354289055
          Adding up/down varations for systematic given by plotSysVar to MC background histograms...
DEBUG OUTPUT HERE: 
weightedcut =  0.956771373186*leptonWeight*bjetWeight*puWeight*muonTriggerWeight*EE_L1_prefire_Weight*electronTriggerWeight*qcdWWeight*ewkWWeight*((nTightElectrons == 1 && nVetoElectrons == 1 && nLooseMuons == 0 && njets >= 2 && nbjets >= 1 && METcorrected_pt >= 250 && Flag_goodVertices && Flag_globalSuperTightHalo2016Filter && Flag_HBHENoiseFilter && Flag_HBHENoiseIsoFilter && Flag_EcalDeadCellTriggerPrimitiveFilter && Flag_BadPFMuonFilter && Flag_ecalBadCalibFilterV2 && ((HLT_Ele32_WPTight_Gsf) || (HLT_Ele115_CaloIdVT_GsfTrkIdT || HLT_Photon200)) && PV_npvsGood > 0 && PV_ndof > 4 && abs(PV_z) < 24 && sqrt(pow(PV_x,2)+pow(PV_y,2)) < 2 && ((METcorrected_phi <= -1.62) || (METcorrected_phi >= -0.82)) && nbjets == 1 && nfjets == 0 && M_T >= 140 && M_T2W >= 180 && minDeltaPhi12 >= 0.8 && M_Tb >= 140 && modified_topness > 0 && modified_topness <= 10) || (nTightMuons == 1 && nLooseMuons == 1 && nVetoElectrons == 0 && njets >= 2 && nbjets >= 1 && METcorrected_pt >= 250 && Flag_goodVertices && Flag_globalSuperTightHalo2016Filter && Flag_HBHENoiseFilter && Flag_HBHENoiseIsoFilter && Flag_EcalDeadCellTriggerPrimitiveFilter && Flag_BadPFMuonFilter && Flag_ecalBadCalibFilterV2 && (HLT_IsoMu24) && PV_npvsGood > 0 && PV_ndof > 4 && abs(PV_z) < 24 && sqrt(pow(PV_x,2)+pow(PV_y,2)) < 2 && ((METcorrected_phi <= -1.62) || (METcorrected_phi >= -0.82)) && nbjets == 1 && nfjets == 0 && M_T >= 140 && M_T2W >= 180 && minDeltaPhi12 >= 0.8 && M_Tb >= 140 && modified_topness > 0 && modified_topness <= 10))
weightedcutUp =  0.956771373186*leptonWeight*bjetWeightbcUpCorrelated*puWeight*muonTriggerWeight*EE_L1_prefire_Weight*electronTriggerWeight*qcdWWeight*ewkWWeight*((nTightElectrons == 1 && nVetoElectrons == 1 && nLooseMuons == 0 && njets >= 2 && nbjets >= 1 && METcorrected_pt >= 250 && Flag_goodVertices && Flag_globalSuperTightHalo2016Filter && Flag_HBHENoiseFilter && Flag_HBHENoiseIsoFilter && Flag_EcalDeadCellTriggerPrimitiveFilter && Flag_BadPFMuonFilter && Flag_ecalBadCalibFilterV2 && ((HLT_Ele32_WPTight_Gsf) || (HLT_Ele115_CaloIdVT_GsfTrkIdT || HLT_Photon200)) && PV_npvsGood > 0 && PV_ndof > 4 && abs(PV_z) < 24 && sqrt(pow(PV_x,2)+pow(PV_y,2)) < 2 && ((METcorrected_phi <= -1.62) || (METcorrected_phi >= -0.82)) && nbjets == 1 && nfjets == 0 && M_T >= 140 && M_T2W >= 180 && minDeltaPhi12 >= 0.8 && M_Tb >= 140 && modified_topness > 0 && modified_topness <= 10) || (nTightMuons == 1 && nLooseMuons == 1 && nVetoElectrons == 0 && njets >= 2 && nbjets >= 1 && METcorrected_pt >= 250 && Flag_goodVertices && Flag_globalSuperTightHalo2016Filter && Flag_HBHENoiseFilter && Flag_HBHENoiseIsoFilter && Flag_EcalDeadCellTriggerPrimitiveFilter && Flag_BadPFMuonFilter && Flag_ecalBadCalibFilterV2 && (HLT_IsoMu24) && PV_npvsGood > 0 && PV_ndof > 4 && abs(PV_z) < 24 && sqrt(pow(PV_x,2)+pow(PV_y,2)) < 2 && ((METcorrected_phi <= -1.62) || (METcorrected_phi >= -0.82)) && nbjets == 1 && nfjets == 0 && M_T >= 140 && M_T2W >= 180 && minDeltaPhi12 >= 0.8 && M_Tb >= 140 && modified_topness > 0 && modified_topness <= 10))
weightedcutDown =  0.956771373186*leptonWeight*bjetWeightbcDownCorrelated*puWeight*muonTriggerWeight*EE_L1_prefire_Weight*electronTriggerWeight*qcdWWeight*ewkWWeight*((nTightElectrons == 1 && nVetoElectrons == 1 && nLooseMuons == 0 && njets >= 2 && nbjets >= 1 && METcorrected_pt >= 250 && Flag_goodVertices && Flag_globalSuperTightHalo2016Filter && Flag_HBHENoiseFilter && Flag_HBHENoiseIsoFilter && Flag_EcalDeadCellTriggerPrimitiveFilter && Flag_BadPFMuonFilter && Flag_ecalBadCalibFilterV2 && ((HLT_Ele32_WPTight_Gsf) || (HLT_Ele115_CaloIdVT_GsfTrkIdT || HLT_Photon200)) && PV_npvsGood > 0 && PV_ndof > 4 && abs(PV_z) < 24 && sqrt(pow(PV_x,2)+pow(PV_y,2)) < 2 && ((METcorrected_phi <= -1.62) || (METcorrected_phi >= -0.82)) && nbjets == 1 && nfjets == 0 && M_T >= 140 && M_T2W >= 180 && minDeltaPhi12 >= 0.8 && M_Tb >= 140 && modified_topness > 0 && modified_topnessTFile::Append:0: RuntimeWarning: Replacing existing TH1: hist (Potential memory leak).
TFile::Append:0: RuntimeWarning: Replacing existing TH1: hist (Potential memory leak).
TFile::Append:0: RuntimeWarning: Replacing existing TH1: hist (Potential memory leak).
TFile::Append:0: RuntimeWarning: Replacing existing TH1: hist (Potential memory leak).
TFile::Append:0: RuntimeWarning: Replacing existing TH1: hist (Potential memory leak).
TFile::Append:0: RuntimeWarning: Replacing existing TH1: hist (Potential memory leak).
TFile::Append:0: RuntimeWarning: Replacing existing TH1: hist (Potential memory leak).
 <= 10) || (nTightMuons == 1 && nLooseMuons == 1 && nVetoElectrons == 0 && njets >= 2 && nbjets >= 1 && METcorrected_pt >= 250 && Flag_goodVertices && Flag_globalSuperTightHalo2016Filter && Flag_HBHENoiseFilter && Flag_HBHENoiseIsoFilter && Flag_EcalDeadCellTriggerPrimitiveFilter && Flag_BadPFMuonFilter && Flag_ecalBadCalibFilterV2 && (HLT_IsoMu24) && PV_npvsGood > 0 && PV_ndof > 4 && abs(PV_z) < 24 && sqrt(pow(PV_x,2)+pow(PV_y,2)) < 2 && ((METcorrected_phi <= -1.62) || (METcorrected_phi >= -0.82)) && nbjets == 1 && nfjets == 0 && M_T >= 140 && M_T2W >= 180 && minDeltaPhi12 >= 0.8 && M_Tb >= 140 && modified_topness > 0 && modified_topness <= 10))
var =  METcorrected_pt
varUp =  METcorrected_pt
varDown =  METcorrected_pt
      Dataset =  HT70To100  ||   nEvents =  28084244
Applied WPlusJets qcd/ewk Weights correctly
          hist weight =  2.74830541994*leptonWeight*bjetWeight*puWeight*muonTriggerWeight*EE_L1_prefire_Weight*electronTriggerWeight*qcdWWeight*ewkWWeight
          hist nEntries =  0.0
          hist integral =  0.0
          Adding up/down varations for systematic given by plotSysVar to MC background histograms...
      Dataset =  HT600To800  ||   nEvents =  19771294
Applied WPlusJets qcd/ewk Weights correctly
          hist weight =  0.0388873788433*leptonWeight*bjetWeight*puWeight*muonTriggerWeight*EE_L1_prefire_Weight*electronTriggerWeight*qcdWWeight*ewkWWeight
          hist nEntries =  76.0
          hist integral =  2.52303070575
          Adding up/down varations for systematic given by plotSysVar to MC background histograms...
      Dataset =  HT1200To2500  ||   nEvents =  7633949
Applied WPlusJets qcd/ewk Weights correctly
          hist weight =  0.00840466185981*leptonWeight*bjetWeight*puWeight*muonTriggerWeight*EE_L1_prefire_Weight*electronTriggerWeight*qcdWWeight*ewkWWeight
          hist nEntries =  39.0
          hist integral =  0.294656123966
          Adding up/down varations for systematic given by plotSysVar to MC background histograms...
      Dataset =  HT100To200  ||   nEvents =  29425374
Applied WPlusJets qcd/ewk Weights correctly
          hist weight =  2.83215771531*leptonWeight*bjetWeight*puWeight*muonTriggerWeight*EE_L1_prefire_Weight*electronTriggerWeight*qcdWWeight*ewkWWeight
          hist nEntries =  4.0
          hist integral =  15.1424806118
          Adding up/down varations for systematic given by plotSysVar to MC background histograms...
      Dataset =  HT400To600  ||   nEvents =  5932701
Applied WPlusJets qcd/ewk Weights correctly
          hist weight =  0.578801325063*leptonWeight*bjetWeight*puWeight*muonTriggerWeight*EE_L1_prefire_Weight*electronTriggerWeight*qcdWWeight*ewkWWeight
          hist nEntries =  12.0
          hist integral =  5.53774118423
          Adding up/down varations for systematic given by plotSysVar to MC background histograms...
      Dataset =  HT2500ToInf  ||   nEvents =  3273980
Applied WPlusJets qcd/ewk Weights correctly
          hist weight =  0.000145993481939*leptonWeight*bjetWeight*puWeight*muonTriggerWeight*EE_L1_prefire_Weight*electronTriggerWeight*qcdWWeight*ewkWWeight
          hist nEntries =  48.0
          hist integral =  0.00623691926012
          Adding up/down varations for systematic given by plotSysVar to MC background histograms...
      Dataset =  HT800To1200  ||   nEvents =  8402687
Applied WPlusJets qcd/ewk Weights correctly
          hist weight =  0.0381502774053*leptonWeight*bjetWeight*puWeight*muonTriggerWeight*EE_L1_prefire_Weight*electronTriggerWeight*qcdWWeight*ewkWWeight
          hist nEntries =  23.0
          hist integral =  0.620431090705
          Adding up/down varations for systematic given by plotSysVar to MC background histograms...
-----------------------------
Total data background nEvents =  0.0
Total data background integral =  0.0
-----------------------------
Total MC background nEvents =  11163.0
Total MC background integral =  261.162034869
-----------------------------
Total tt+DM signal nEvents =  37.65
Total tt+DM signal integral =  16.8626424074
Total t+DM signal nEvents =  35.4
Total t+DM signal integral =  11.6242906332
-----------------------------
FOM for tt+DM signal =  1.04344751348
FOM for t+DM signal =  0.719302281586
-----------------------------
Data bin content:
    bin 0: 0.0
    bin 1: 0.0
    bin 2: 0.0
    bin 3: 0.0
    bin 4: 0.0
    bin 5: 0.0
    bin 6: 0.0
    bin 7: 0.0
    bin 8: 0.0
-----------------------------
MC background bin content:
    bin 0: 0.0
    bin 1: 138.691589355
    bin 2: 63.935634613
    bin 3: 29.1119995117
    bin 4: 15.4571657181
    bin 5: 7.60839033127
    bin 6: 2.88748979568
    bin 7: 1.15330445766
    bin 8: 2.31646108627
-----------------------------
tt+DM bin content:
    bin 0: 0.0
    bin 1: 123.420944214
    bin 2: 91.0330352783
    bin 3: 49.8564758301
    bin 4: 31.4109268188
    bin 5: 15.7248954773
    bin 6: 13.0385789871
    bin 7: 2.84664297104
    bin 8: 9.92134857178
-----------------------------
t+DM bin content:
    bin 0: 0.0
    bin 1: 93.4758300781
    bin 2: 49.173828125
    bin 3: 35.8435974121
    bin 4: 17.6099185944
    bin 5: 13.1777954102
    bin 6: 9.60761451721
    bin 7: 3.19416284561
    bin 8: 10.4030656815
-----------------------------
Data bin errors:
    bin 0: 0.0
    bin 1: 0.0
    bin 2: 0.0
    bin 3: 0.0
    bin 4: 0.0
    bin 5: 0.0
    bin 6: 0.0
    bin 7: 0.0
    bin 8: 0.0
-----------------------------
MC background bin errors:
    bin 0: 0.0
    bin 1: 8.78689755941
    bin 2: 5.78770780244
    bin 3: 4.09192767124
    bin 4: 2.75040321207
    bin 5: 1.71091533627
    bin 6: 0.581225514696
    bin 7: 0.284606718166
    bin 8: 0.42977276562
-----------------------------
tt+DM bin errors:
    bin 0: 0.0
    bin 1: 7.77009283944
    bin 2: 6.76793302123
    bin 3: 5.07569978279
    bin 4: 3.99516552953
    bin 5: 2.82411905874
    bin 6: 2.61944654063
    bin 7: 1.22709453319
    bin 8: 2.14360945204
-----------------------------
t+DM bin errors:
    bin 0: 0.0
    bin 1: 6.70680293692
    bin 2: 4.54939703464
    bin 3: 3.98071316319
    bin 4: 2.45875042622
    bin 5: 2.45272467875
    bin 6: 2.01343794124
    bin 7: 1.09019641622
    bin 8: 1.94306550944
-----------------------------
ZTo2Nu hist info:
    nEvents =  9.0
    integral =  0.824706710875
ZTo2Nu histUp info:
    nEvents =  9.0
    integral =  0.891248790547
ZTo2Nu histDown info:
    nEvents =  9.0
    integral =  0.75704667531
tbar scalar hist info:
    nEvents =  35.4
    integral =  11.6242906332
tbar scalar histUp info:
    nEvents =  708.0
    integral =  11.927841723
tbar scalar histDown info:
    nEvents =  708.0
    integral =  11.287197113
TTTo2L2Nu hist info:
    nEvents =  2157.0
    integral =  155.395910144
TTTo2L2Nu histUp info:
    nEvents =  2157.0
    integral =  160.963557959
TTTo2L2Nu histDown info:
    nEvents =  2157.0
    integral =  149.584456861
singleTop hist info:
    nEvents =  91.0
    integral =  20.0566675663
singleTop histUp info:
    nEvents =  91.0
    integral =  20.2610510588
singleTop histDown info:
    nEvents =  91.0
    integral =  19.752838403
TTV hist info:
    nEvents =  7843.0
    integral =  9.53747972846
TTV histUp info:
    nEvents =  7843.0
    integral =  9.48448555171
TTV histDown info:
    nEvents =  7843.0
    integral =  9.53924465179
bkgSum hist info:
    nEvents =  11163.0
    integral =  261.162034869
bkgSum histUp info:
    nEvents =  11163.0
    integral =  270.598900557
bkgSum histDown info:
    nEvents =  11163.0
    integral =  251.236381054
ttbar scalar hist info:
    nEvents =  37.65
    integral =  16.8626424074
ttbar scalar histUp info:
    nEvents =  753.0
    integral =  16.6951085925
ttbar scalar histDown info:
    nEvents =  753.0
    integral =  16.9313944876
VV hist info:
    nEvents =  805.0
    integral =  21.7735085189
VV histUp info:
    nEvents =  805.0
    integral =  22.7978987694
VV histDown info:
    nEvents =  805.0
    integral =  20.7293924838
QCD hist info:
    nEvents =  0.0
    integral =  0.0
QCD histUp info:
    nEvents =  0.0
    integral =  0.0
QCD histDown info:
    nEvents =  0.0
    integral =  0.0
ZTo2L hist info:
    nEvents =  11.0
    integral =  0.333642Info in <TCanvas::Print>: png file plots/systematics/CMS_eff_b_corr/10_19_2022/SL1l0fT2SR2018_METcorrected_pt_CMS_eff_b_corr_10_19_2022_withHEMfix_withSignal.png has been created
167971
ZTo2L histUp info:
    nEvents =  11.0
    integral =  0.337670314126
ZTo2L histDown info:
    nEvents =  11.0
    integral =  0.326066588983
data hist info:
    nEvents =  0.0
    integral =  0.0
WPlusJets hist info:
    nEvents =  227.0
    integral =  52.2600079179
WPlusJets histUp info:
    nEvents =  227.0
    integral =  54.8150567263
WPlusJets histDown info:
    nEvents =  227.0
    integral =  49.6357715428
TTToSemiLepton hist info:
    nEvents =  20.0
    integral =  0.980114243925
TTToSemiLepton histUp info:
    nEvents =  20.0
    integral =  1.04792296886
TTToSemiLepton histDown info:
    nEvents =  20.0
    integral =  0.911554440856
Finished filling histograms
Creating stacked MC background histogram...
Finished stacking MC background histograms.
Drawing histograms...
Finished drawing histograms
Drawing ratio plot...
Finished drawing ratio plot
Plotting end time: 2022-10-19 16:18:44.216790
