plots/plot.py:973: SyntaxWarning: name 'counter' is used prior to global declaration
  global counter
Plotting start time: 2022-11-29 15:27:10.587602
Cut name =  AH0l1fSR
MC Selection Cuts =  (nVetoElectrons + nLooseMuons) == 0 && njets >= 3 && nbjets == 1 && METcorrected_pt >= 250 && ntaus == 0 && minDeltaPhi > 0.4 && Flag_goodVertices && Flag_globalSuperTightHalo2016Filter && Flag_HBHENoiseFilter && Flag_HBHENoiseIsoFilter && Flag_EcalDeadCellTriggerPrimitiveFilter && Flag_BadPFMuonFilter && (HLT_PFMETNoMu120_PFMHTNoMu120_IDTight) && PV_npvsGood > 0 && PV_ndof > 4 && abs(PV_z) < 24 && sqrt(pow(PV_x,2)+pow(PV_y,2)) < 2 && nfjets >= 1 && minDeltaPhi12 >= 0.8 && M_Tb >= 140 && noB2Bleadingfjet
Data Selection Cuts =  (nVetoElectrons + nLooseMuons) == 0 && njets >= 3 && nbjets == 1 && METcorrected_pt >= 250 && ntaus == 0 && minDeltaPhi > 0.4 && Flag_goodVertices && Flag_globalSuperTightHalo2016Filter && Flag_HBHENoiseFilter && Flag_HBHENoiseIsoFilter && Flag_EcalDeadCellTriggerPrimitiveFilter && Flag_BadPFMuonFilter && (HLT_PFMETNoMu120_PFMHTNoMu120_IDTight) && PV_npvsGood > 0 && PV_ndof > 4 && abs(PV_z) < 24 && sqrt(pow(PV_x,2)+pow(PV_y,2)) < 2 && nfjets >= 1 && minDeltaPhi12 >= 0.8 && M_Tb >= 140 && noB2Bleadingfjet && Flag_eeBadScFilter
var =  METcorrected_pt
year =  2016
lumi =  36.33
saveDirectory =  plots/SR_2016/METcorrected_phi/
date =  11_28_2022
applying HEM fix for 2018...
Creating histograms..
Histogram options: 
    nbins =  15
    xmin =  250
    xmax =  550
    auto_y =  True
    doLogPlot =  True
    drawData =  True
    mediatorType =  scalar
    mchi =  1
    mphi =  100
    normalizePlots =  False
    useCentralSamples =  True
    doBinned =  False
    savePlots =  True
    combineEleMu =  True
    doSys =  False
    doSysFirstHalf =  False
    doSysSecondHalf =  False
    drawOverflow =  True
    drawUnderflow =  False
    plotSys =  False
    plotSysVar =  CMS_eff_e
    plotSysSignal =  False
Drawing data and ratio plot...
Selected MET dataset
Loading data sample root files and event trees...
    ----Loading /hdfs/store/user/vshang/MET_Run2016B/MET/ModuleCommonSkim_11102022/tree_all.root
    nevents in filepath = /hdfs/store/user/vshang/MET_Run2016B/MET/ModuleCommonSkim_11102022/tree_all.root: 219903
    ----Loading /hdfs/store/user/vshang/MET_Run2016C/MET/ModuleCommonSkim_11102022/tree_all.root
    nevents in filepath = /hdfs/store/user/vshang/MET_Run2016C/MET/ModuleCommonSkim_11102022/tree_all.root: 96859
    ----Loading /hdfs/store/user/vshang/MET_Run2016D/MET/ModuleCommonSkim_11102022/tree_all.root
    nevents in filepath = /hdfs/store/user/vshang/MET_Run2016D/MET/ModuleCommonSkim_11102022/tree_all.root: 158485
    ----Loading /hdfs/store/user/vshang/MET_Run2016E/MET/ModuleCommonSkim_11102022/tree_all.root
    nevents in filepath = /hdfs/store/user/vshang/MET_Run2016E/MET/ModuleCommonSkim_11102022/tree_all.root: 153432
    ----Loading /hdfs/store/user/vshang/MET_Run2016F/MET/ModuleCommonSkim_11102022/tree_all.root
    nevents in filepath = /hdfs/store/user/vshang/MET_Run2016F/MET/ModuleCommonSkim_11102022/tree_all.root: 121103
    ----Loading /hdfs/store/user/vshang/MET_Run2016G/MET/ModuleCommonSkim_11102022/tree_all.root
    nevents in filepath = /hdfs/store/user/vshang/MET_Run2016G/MET/ModuleCommonSkim_11102022/tree_all.root: 282188
    ----Loading /hdfs/store/user/vshang/MET_Run2016H/MET/ModuleCommonSkim_11102022/tree_all.root
    nevents in filepath = /hdfs/store/user/vshang/MET_Run2016H/MET/ModuleCommonSkim_11102022/tree_all.root: 316279
    total nevents in  MET :  1348249
Got data sample root files and event trees
Loading MC sample root files and event trees...
    ----Loading HT600To800
    nevents in  ZTo2Nu   HT600To800 :  5693589
    ----Loading HT1200To2500
    nevents in  ZTo2Nu   HT1200To2500 :  513471
    ----Loading HT100To200
    nevents in  ZTo2Nu   HT100To200 :  24272858
    ----Loading HT2500ToInf
    nevents in  ZTo2Nu   HT2500ToInf :  405030
    ----Loading HT800To1200
    nevents in  ZTo2Nu   HT800To1200 :  2170137
    ----Loading HT200To400
    nevents in  ZTo2Nu   HT200To400 :  24761211
    ----Loading HT400To600
    nevents in  ZTo2Nu   HT400To600 :  9862869
    ----LoadingInfo in <TCanvas::MakeDefCanvas>:  created default TCanvas with name c1
TFile::Append:0: RuntimeWarning: Replacing existing TH1: hist (Potential memory leak).
 tWChan_MChi1_MPhi100_scalar
    nevents in  tbar scalar   tWChan_MChi1_MPhi100_scalar :  157000
    ----Loading tChan_MChi1_MPhi100_scalar
    nevents in  tbar scalar   tChan_MChi1_MPhi100_scalar :  244000
    ----Loading WWTo1L1Nu2Q
    nevents in  WW   WWTo1L1Nu2Q :  5246469
    ----Loading WWTo4Q
    nevents in  WW   WWTo4Q :  30324343
    ----Loading WWTo2L2Nu
    nevents in  WW   WWTo2L2Nu :  1999000
    ----Loading TTToSemiLepton
    nevents in  ttbarPlusJets   TTToSemiLepton :  152669800
    ----Loading TTTo2L2Nu
    nevents in  ttbarPlusJets   TTTo2L2Nu :  79140880
    ----Loading ttDM_MChi1_MPhi100_scalar
    nevents in  ttbar scalar   ttDM_MChi1_MPhi100_scalar :  2625075
    ----Loading ZZTo2Q2Nu
    nevents in  ZZ   ZZTo2Q2Nu :  30493038
    ----Loading ZZTo4L
    nevents in  ZZ   ZZTo4L :  103121112
    ----Loading ZZTo2L2Q
    nevents in  ZZ   ZZTo2L2Q :  15462693
    ----Loading ZZTo2L2Nu
    nevents in  ZZ   ZZTo2L2Nu :  52855410
    ----Loading ZZTo4Q
    nevents in  ZZ   ZZTo4Q :  30636849
    ----Loading HT700To1000
    nevents in  QCD   HT700To1000 :  37233786
    ----Loading HT500To700
    nevents in  QCD   HT500To700 :  62622029
    ----Loading HT2000ToInf
    nevents in  QCD   HT2000ToInf :  5804179
    ----Loading HT1000To1500
    nevents in  QCD   HT1000To1500 :  15210939
    ----Loading HT1500To2000
    nevents in  QCD   HT1500To2000 :  11839357
    ----Loading HT100To200
    nevents in  QCD   HT100To200 :  82293477
    ----Loading HT300To500
    nevents in  QCD   HT300To500 :  54552852
    ----Loading HT200To300
    nevents in  QCD   HT200To300 :  57580393
    ----Loading WZTo2Q2Nu
    nevents in  WZ   WZTo2Q2Nu :  17725159
    ----Loading WZTo2L2Q
    nevents in  WZ   WZTo2L2Q :  26445785
    ----Loading WZTo3LNu
    nevents in  WZ   WZTo3LNu :  19993200
    ----Loading WZTo1L3Nu
    nevents in  WZ   WZTo1L3Nu :  1703772
    ----Loading WZTo1L1Nu2Q
    nevents in  WZ   WZTo1L1Nu2Q :  24311445
    ----Loading TTZToQQ
    nevents in  TTV   TTZToQQ :  749400
    ----Loading TTWJetsToLNu
    nevents in  TTV   TTWJetsToLNu :  5280565
    ----Loading TTWJetsToQQ
    nevents in  TTV   TTWJetsToQQ :  833298
    ----Loading TTZToLLNuNu
    nevents in  TTV   TTZToLLNuNu :  13692628
    ----Loading HT600To800
    nevents in  ZTo2L   HT600To800 :  8292957
    ----Loading HT1200To2500
    nevents in  ZTo2L   HT1200To2500 :  596079
    ----Loading HT100To200
    nevents in  ZTo2L   HT100To200 :  11017086
    ----Loading HT2500ToInf
    nevents in  ZTo2L   HT2500ToInf :  399492
    ----Loading HT800To1200
    nevents in  ZTo2L   HT800To1200 :  2673066
    ----Loading HT200To400
    nevents in  ZTo2L   HT200To400 :  9609137
    ----Loading HT400To600
    nevents in  ZTo2L   HT400To600 :  9725661
    ----Loading ST_s-channel
    nevents in  singleTop   ST_s-channel :  1000000
    ----Loading ST_t-channel_antitop
    nevents in  singleTop   ST_t-channel_antitop :  38811017
    ----Loading ST_tW_top
    nevents in  singleTop   ST_tW_top :  6952830
    ----Loading ST_t-channel_top
    nevents in  singleTop   ST_t-channel_top :  58403420
    ----Loading ST_tW_antitop
    nevents in  singleTop   ST_tW_antitop :  6933094
    ----Loading HT200To400
    nevents in  WPlusJets   HT200To400 :  38984322
    ----Loading HT70To100
    nevents in  WPlusJets   HT70To100 :  10020533
    ----Loading HT600To800
    nevents in  WPlusJets   HT600To800 :  18687480
    ----Loading HT1200To2500
    nevents in  WPlusJets   HT1200To2500 :  6872441
    ----Loading HT100To200
    nevents in  WPlusJets   HT100To200 :  78043017
    ----Loading HT400To600
    nevents in  WPlusJets   HT400To600 :  7687800
    ----Loading HT2500ToInf
    nevents in  WPlusJets   HT2500ToInf :  2637821
    ----Loading HT800To1200
    nevents in  WPlusJets   HT800To1200 :  7830536
Got MC sample root files and event trees
Filling data histograms...
  Dataset =  MET  ||   nEvents =  1348249
    hist nEntries =  843.0
    hist integral =  843.0
    hist_data nEntries =  843.0
    hist_data integral =  843.0
    hist nEntries =  355.0
    hist integral =  355.0
    TFile::Append:0: RuntimeWarning: Replacing existing TH1: hist (Potential memory leak).
TFile::Append:0: RuntimeWarning: Replacing existing TH1: hist (Potential memory leak).
TFile::Append:0: RuntimeWarning: Replacing existing TH1: hist (Potential memory leak).
TFile::Append:0: RuntimeWarning: Replacing existing TH1: hist (Potential memory leak).
TFile::Append:0: RuntimeWarning: Replacing existing TH1: hist (Potential memory leak).
TFile::Append:0: RuntimeWarning: Replacing existing TH1: hist (Potential memory leak).
TFile::Append:0: RuntimeWarning: Replacing existing TH1: hist (Potential memory leak).
TFile::Append:0: RuntimeWarning: Replacing existing TH1: hist (Potential memory leak).
TFile::Append:0: RuntimeWarning: Replacing existing TH1: hist (Potential memory leak).
TFile::Append:0: RuntimeWarning: Replacing existing TH1: hist (Potential memory leak).
TFile::Append:0: RuntimeWarning: Replacing existing TH1: hist (Potential memory leak).
TFile::Append:0: RuntimeWarning: Replacing existing TH1: hist (Potential memory leak).
TFile::Append:0: RuntimeWarning: Replacing existing TH1: hist (Potential memory leak).
TFile::Append:0: RuntimeWarning: Replacing existing TH1: hist (Potential memory leak).
TFile::Append:0: RuntimeWarning: Replacing existing TH1: hist (Potential memory leak).
TFile::Append:0: RuntimeWarning: Replacing existing TH1: hist (Potential memory leak).
TFile::Append:0: RuntimeWarning: Replacing existing TH1: hist (Potential memory leak).
TFile::Append:0: RuntimeWarning: Replacing existing TH1: hist (Potential memory leak).
TFile::Append:0: RuntimeWarning: Replacing existing TH1: hist (Potential memory leak).
hist_data nEntries =  1198.0
    hist_data integral =  1198.0
    hist nEntries =  543.0
    hist integral =  543.0
    hist_data nEntries =  1741.0
    hist_data integral =  1741.0
    hist nEntries =  545.0
    hist integral =  545.0
    hist_data nEntries =  2286.0
    hist_data integral =  2286.0
    hist nEntries =  412.0
    hist integral =  412.0
    hist_data nEntries =  2698.0
    hist_data integral =  2698.0
    hist nEntries =  937.0
    hist integral =  937.0
    hist_data nEntries =  3635.0
    hist_data integral =  3635.0
    hist nEntries =  1051.0
    hist integral =  1051.0
    hist_data nEntries =  4686.0
    hist_data integral =  4686.0
Filling MC histograms...
  Process =  ZTo2Nu
      Dataset =  HT600To800  ||   nEvents =  5693589
          hist weight =  0.0163286232989*leptonWeight*muonTriggerWeight*electronTriggerWeight*METTriggerWeight
          hist nEntries =  13085.0
          hist integral =  211.582447529
      Dataset =  HT1200To2500  ||   nEvents =  513471
          hist weight =  0.0204004294303*leptonWeight*muonTriggerWeight*electronTriggerWeight*METTriggerWeight
          hist nEntries =  1529.0
          hist integral =  30.7157082558
      Dataset =  HT100To200  ||   nEvents =  24272858
          hist weight =  0.419609240082*leptonWeight*muonTriggerWeight*electronTriggerWeight*METTriggerWeight
          hist nEntries =  8.0
          hist integral =  3.33398365974
      Dataset =  HT2500ToInf  ||   nEvents =  405030
          hist weight =  0.000622946078068*leptonWeight*muonTriggerWeight*electronTriggerWeight*METTriggerWeight
          hist nEntries =  1002.0
          hist integral =  0.61369616352
      Dataset =  HT800To1200  ||   nEvents =  2170137
          hist weight =  0.0197475403627*leptonWeight*muonTriggerWeight*electronTriggerWeight*METTriggerWeight
          hist nEntries =  6097.0
          hist integral =  118.804944992
      Dataset =  HT200To400  ||   nEvents =  24761211
          hist weight =  0.113958525696*leptonWeight*muonTriggerWeight*electronTriggerWeight*METTriggerWeight
          hist nEntries =  2889.0
          hist integral =  326.85334342
      Dataset =  HT400To600  ||   nEvents =  9862869
          hist weight =  0.039524087768*leptonWeight*muonTriggerWeight*electronTriggerWeight*METTriggerWeight
          hist nEntries =  12194.0
          hist integral =  478.198680162
  Process =  tbar scalar
      Dataset =  tWChan_MChi1_MPhi100_scalar  ||   nEvents =  157000
          hist weight =  0.0127131859873*leptonWeight*muonTriggerWeight*electronTriggerWeight*METTriggerWeight
          hist nEntries =  1440.0
          hist integral =  18.1160278022
      Dataset =  tChan_MChi1_MPhi100_scalar  ||   nEvents =  244000
          hist weight =  0.042404852459*leptonWeight*muonTriggerWeight*electronTriggerWeight*METTriggerWeight
          hist nEntries =  2591.0
          hist integral =  108.845408797
  Process =  WW
      Dataset =  WWTo1L1Nu2Q  ||   nEvents =  5246469
          hist weight =  0.346212092362*leptonWeight*muonTriggerWeight*electronTriggerWeight*METTriggerWeight
          hist nEntries =  119.0
          hist integral =  40.8174611628
      Dataset =  WWTo4Q  ||   nEvents =  30324343
          hist weight =  0.0619666051792*leptonWeight*muonTriggerWeight*electronTriggerWeight*METTriggerWeight
          hist nEntries =  0.0
          hist integral =  0.0
      Dataset =  WWTo2L2Nu  ||   nEvents =  1999000
          hist weight =  0.221324032016*leptonWeight*muonTriggerWeight*electronTriggerWeight*METTriggerWeight
          hist nEntries =  17.0
          hist integral =  3.72225749493
  Process =  ttbarPlusJets
      Dataset =  TTToSemiLepton  ||   nEvents =  152669800
          hist weight =  0.0867023831825*leptonWeight*muonTriggerWeight*electronTriggerWeight*METTriggerWeight
          hist nEntries =  23749.0
          hist integral =  2043.63936257
      Dataset =  TTTo2L2Nu  ||   nEvents =  79140880
          hist weight =  0.040080073661*leptonWeight*muonTriggerWeight*electronTriggerWeight*METTriggerWeight
          hist nEntries =  4661.TFile::Append:0: RuntimeWarning: Replacing existing TH1: hist (Potential memory leak).
TFile::Append:0: RuntimeWarning: Replacing existing TH1: hist (Potential memory leak).
TFile::Append:0: RuntimeWarning: Replacing existing TH1: hist (Potential memory leak).
TFile::Append:0: RuntimeWarning: Replacing existing TH1: hist (Potential memory leak).
TFile::Append:0: RuntimeWarning: Replacing existing TH1: hist (Potential memory leak).
TFile::Append:0: RuntimeWarning: Replacing existing TH1: hist (Potential memory leak).
TFile::Append:0: RuntimeWarning: Replacing existing TH1: hist (Potential memory leak).
TFile::Append:0: RuntimeWarning: Replacing existing TH1: hist (Potential memory leak).
TFile::Append:0: RuntimeWarning: Replacing existing TH1: hist (Potential memory leak).
TFile::Append:0: RuntimeWarning: Replacing existing TH1: hist (Potential memory leak).
TFile::Append:0: RuntimeWarning: Replacing existing TH1: hist (Potential memory leak).
TFile::Append:0: RuntimeWarning: Replacing existing TH1: hist (Potential memory leak).
TFile::Append:0: RuntimeWarning: Replacing existing TH1: hist (Potential memory leak).
TFile::Append:0: RuntimeWarning: Replacing existing TH1: hist (Potential memory leak).
TFile::Append:0: RuntimeWarning: Replacing existing TH1: hist (Potential memory leak).
TFile::Append:0: RuntimeWarning: Replacing existing TH1: hist (Potential memory leak).
TFile::Append:0: RuntimeWarning: Replacing existing TH1: hist (Potential memory leak).
0
          hist integral =  185.402884811
  Process =  ttbar scalar
      Dataset =  ttDM_MChi1_MPhi100_scalar  ||   nEvents =  2625075
          hist weight =  0.0100014670438*leptonWeight*muonTriggerWeight*electronTriggerWeight*METTriggerWeight*GenModel__TTbarDMJets_Inclusive_scalar_LO_Mchi_1_Mphi_100_TuneCP5_13TeV_madgraph_mcatnlo_pythia8
          hist nEntries =  7530.0
          hist integral =  74.6758304238
  Process =  ZZ
      Dataset =  ZZTo2Q2Nu  ||   nEvents =  30493038
          hist weight =  0.00481333476842*leptonWeight*muonTriggerWeight*electronTriggerWeight*METTriggerWeight
          hist nEntries =  8313.0
          hist integral =  39.6514971554
      Dataset =  ZZTo4L  ||   nEvents =  103121112
          hist weight =  0.000426992680219*leptonWeight*muonTriggerWeight*electronTriggerWeight*METTriggerWeight
          hist nEntries =  12.0
          hist integral =  0.00508664909285
      Dataset =  ZZTo2L2Q  ||   nEvents =  15462693
          hist weight =  0.00756547387961*leptonWeight*muonTriggerWeight*electronTriggerWeight*METTriggerWeight
          hist nEntries =  41.0
          hist integral =  0.307611852419
      Dataset =  ZZTo2L2Nu  ||   nEvents =  52855410
          hist weight =  0.000387663627999*leptonWeight*muonTriggerWeight*electronTriggerWeight*METTriggerWeight
          hist nEntries =  698.0
          hist integral =  0.268179537961
      Dataset =  ZZTo4Q  ||   nEvents =  30636849
          hist weight =  0.00811342772228*leptonWeight*muonTriggerWeight*electronTriggerWeight*METTriggerWeight
          hist nEntries =  1.0
          hist integral =  0.00807267520577
  Process =  QCD
      Dataset =  HT700To1000  ||   nEvents =  37233786
          hist weight =  6.66518924506*leptonWeight*muonTriggerWeight*electronTriggerWeight*METTriggerWeight
          hist nEntries =  6.0
          hist integral =  39.6578974724
      Dataset =  HT500To700  ||   nEvents =  62622029
          hist weight =  18.6227277944*leptonWeight*muonTriggerWeight*electronTriggerWeight*METTriggerWeight
          hist nEntries =  2.0
          hist integral =  36.9492378235
      Dataset =  HT2000ToInf  ||   nEvents =  5804179
          hist weight =  0.157984307514*leptonWeight*muonTriggerWeight*electronTriggerWeight*METTriggerWeight
          hist nEntries =  13.0
          hist integral =  2.03709457815
      Dataset =  HT1000To1500  ||   nEvents =  15210939
          hist weight =  2.8828141379*leptonWeight*muonTriggerWeight*electronTriggerWeight*METTriggerWeight
          hist nEntries =  8.0
          hist integral =  22.8672792912
      Dataset =  HT1500To2000  ||   nEvents =  11839357
          hist weight =  0.367922599175*leptonWeight*muonTriggerWeight*electronTriggerWeight*METTriggerWeight
          hist nEntries =  14.0
          hist integral =  5.11201369762
      Dataset =  HT100To200  ||   nEvents =  82293477
          hist weight =  12356.7108484*leptonWeight*muonTriggerWeight*electronTriggerWeight*METTriggerWeight
          hist nEntries =  0.0
          hist integral =  0.0
      Dataset =  HT300To500  ||   nEvents =  54552852
          hist weight =  231.554181622*leptonWeight*muonTriggerWeight*electronTriggerWeight*METTriggerWeight*(event!=159953384)
          hist nEntries =  0.0
          hist integral =  0.0
      Dataset =  HT200To300  ||   nEvents =  57580393
          hist weight =  1080.1760245*leptonWeight*muonTriggerWeight*electronTriggerWeight*METTriggerWeight
          hist nEntries =  0.0
          hist integral =  0.0
  Process =  WZ
      Dataset =  WZTo2Q2Nu  ||   nEvents =  17725159
          hist weight =  0.0132979929827*leptonWeight*muonTriggerWeight*electronTriggerWeight*METTriggerWeight
          hist nEntries =  4909.0
          hist integral =  64.6676398516
      Dataset =  WZTo2L2Q  ||   nEvents =  26445785
          hist weight =  0.00768615301077*leptonWeight*muonTriggerWeight*electronTriggerWeight*METTriggerWeight
          hist nEntries =  67.0
          hist integral =  0.511101613287
      Dataset =  WZTo3LNu  ||   nEvents =  19993200
          hist weight =  0TFile::Append:0: RuntimeWarning: Replacing existing TH1: hist (Potential memory leak).
TFile::Append:0: RuntimeWarning: Replacing existing TH1: hist (Potential memory leak).
TFile::Append:0: RuntimeWarning: Replacing existing TH1: hist (Potential memory leak).
TFile::Append:0: RuntimeWarning: Replacing existing TH1: hist (Potential memory leak).
TFile::Append:0: RuntimeWarning: Replacing existing TH1: hist (Potential memory leak).
TFile::Append:0: RuntimeWarning: Replacing existing TH1: hist (Potential memory leak).
TFile::Append:0: RuntimeWarning: Replacing existing TH1: hist (Potential memory leak).
TFile::Append:0: RuntimeWarning: Replacing existing TH1: hist (Potential memory leak).
TFile::Append:0: RuntimeWarning: Replacing existing TH1: hist (Potential memory leak).
TFile::Append:0: RuntimeWarning: Replacing existing TH1: hist (Potential memory leak).
TFile::Append:0: RuntimeWarning: Replacing existing TH1: hist (Potential memory leak).
TFile::Append:0: RuntimeWarning: Replacing existing TH1: hist (Potential memory leak).
TFile::Append:0: RuntimeWarning: Replacing existing TH1: hist (Potential memory leak).
TFile::Append:0: RuntimeWarning: Replacing existing TH1: hist (Potential memory leak).
TFile::Append:0: RuntimeWarning: Replacing existing TH1: hist (Potential memory leak).
TFile::Append:0: RuntimeWarning: Replacing existing TH1: hist (Potential memory leak).
TFile::Append:0: RuntimeWarning: Replacing existing TH1: hist (Potential memory leak).
.00804919595162*leptonWeight*muonTriggerWeight*electronTriggerWeight*METTriggerWeight
          hist nEntries =  35.0
          hist integral =  0.279582605697
      Dataset =  WZTo1L3Nu  ||   nEvents =  1703772
          hist weight =  0.0646734950451*leptonWeight*muonTriggerWeight*electronTriggerWeight*METTriggerWeight
          hist nEntries =  103.0
          hist integral =  6.60342292488
      Dataset =  WZTo1L1Nu2Q  ||   nEvents =  24311445
          hist weight =  0.0160045731547*leptonWeight*muonTriggerWeight*electronTriggerWeight*METTriggerWeight
          hist nEntries =  1600.0
          hist integral =  25.3944825344
  Process =  TTV
      Dataset =  TTZToQQ  ||   nEvents =  749400
          hist weight =  0.0256792113691*leptonWeight*muonTriggerWeight*electronTriggerWeight*METTriggerWeight
          hist nEntries =  189.0
          hist integral =  4.81707618386
      Dataset =  TTWJetsToLNu  ||   nEvents =  5280565
          hist weight =  0.00140557288851*leptonWeight*muonTriggerWeight*electronTriggerWeight*METTriggerWeight
          hist nEntries =  3891.0
          hist integral =  5.42313040793
      Dataset =  TTWJetsToQQ  ||   nEvents =  833298
          hist weight =  0.0177094460805*leptonWeight*muonTriggerWeight*electronTriggerWeight*METTriggerWeight
          hist nEntries =  234.0
          hist integral =  4.11214184761
      Dataset =  TTZToLLNuNu  ||   nEvents =  13692628
          hist weight =  0.000671007566992*leptonWeight*muonTriggerWeight*electronTriggerWeight*METTriggerWeight
          hist nEntries =  71682.0
          hist integral =  47.6796579957
  Process =  ZTo2L
      Dataset =  HT600To800  ||   nEvents =  8292957
          hist weight =  0.00598858887126*leptonWeight*muonTriggerWeight*electronTriggerWeight*METTriggerWeight
          hist nEntries =  344.0
          hist integral =  2.04439735413
      Dataset =  HT1200To2500  ||   nEvents =  596079
          hist weight =  0.00922757218422*leptonWeight*muonTriggerWeight*electronTriggerWeight*METTriggerWeight
          hist nEntries =  20.0
          hist integral =  0.182647611015
      Dataset =  HT100To200  ||   nEvents =  11017086
          hist weight =  0.486067005377*leptonWeight*muonTriggerWeight*electronTriggerWeight*METTriggerWeight
          hist nEntries =  0.0
          hist integral =  0.0
      Dataset =  HT2500ToInf  ||   nEvents =  399492
          hist weight =  0.000324202862636*leptonWeight*muonTriggerWeight*electronTriggerWeight*METTriggerWeight
          hist nEntries =  15.0
          hist integral =  0.00482346987701
      Dataset =  HT800To1200  ||   nEvents =  2673066
          hist weight =  0.00856785129885*leptonWeight*muonTriggerWeight*electronTriggerWeight*METTriggerWeight
          hist nEntries =  109.0
          hist integral =  0.92566825822
      Dataset =  HT200To400  ||   nEvents =  9609137
          hist weight =  0.154974031487*leptonWeight*muonTriggerWeight*electronTriggerWeight*METTriggerWeight
          hist nEntries =  19.0
          hist integral =  2.9245198518
      Dataset =  HT400To600  ||   nEvents =  9725661
          hist weight =  0.0212100483453*leptonWeight*muonTriggerWeight*electronTriggerWeight*METTriggerWeight
          hist nEntries =  268.0
          hist integral =  5.64458979107
  Process =  singleTop
      Dataset =  ST_s-channel  ||   nEvents =  1000000
          hist weight =  0.1220688*leptonWeight*muonTriggerWeight*electronTriggerWeight*METTriggerWeight
          hist nEntries =  21.0
          hist integral =  2.54357673228
      Dataset =  ST_t-channel_antitop  ||   nEvents =  38811017
          hist weight =  0.0757752238237*leptonWeight*muonTriggerWeight*electronTriggerWeight*METTriggerWeight
          hist nEntries =  215.0
          hist integral =  16.1720902771
      Dataset =  ST_tW_top  ||   nEvents =  6952830
          hist weight =  0.187323794771*leptonWeight*muonTriggerWeight*electronTriggerWeight*METTriggerWeight
          hist nEntries =  495.0
          hist integral =  91.9882872403
      Dataset =  ST_t-channel_top  ||   nEvents =  58403420
   TFile::Append:0: RuntimeWarning: Replacing existing TH1: hist (Potential memory leak).
TFile::Append:0: RuntimeWarning: Replacing existing TH1: hist (Potential memory leak).
TFile::Append:0: RuntimeWarning: Replacing existing TH1: hist (Potential memory leak).
TFile::Append:0: RuntimeWarning: Replacing existing TH1: hist (Potential memory leak).
TFile::Append:0: RuntimeWarning: Replacing existing TH1: hist (Potential memory leak).
TFile::Append:0: RuntimeWarning: Replacing existing TH1: hist (Potential memory leak).
TFile::Append:0: RuntimeWarning: Replacing existing TH1: hist (Potential memory leak).
TFile::Append:0: RuntimeWarning: Replacing existing TH1: hist (Potential memory leak).
TFile::Append:0: RuntimeWarning: Replacing existing TH1: hist (Potential memory leak).
       hist weight =  0.0846115963757*leptonWeight*muonTriggerWeight*electronTriggerWeight*METTriggerWeight
          hist nEntries =  457.0
          hist integral =  38.3836758584
      Dataset =  ST_tW_antitop  ||   nEvents =  6933094
          hist weight =  0.187857037565*leptonWeight*muonTriggerWeight*electronTriggerWeight*METTriggerWeight
          hist nEntries =  502.0
          hist integral =  93.5375621319
  Process =  WPlusJets
      Dataset =  HT200To400  ||   nEvents =  38984322
          hist weight =  0.335209138689*leptonWeight*muonTriggerWeight*electronTriggerWeight*METTriggerWeight
          hist nEntries =  616.0
          hist integral =  204.981446683
      Dataset =  HT70To100  ||   nEvents =  10020533
          hist weight =  4.97426234712*leptonWeight*muonTriggerWeight*electronTriggerWeight*METTriggerWeight
          hist nEntries =  0.0
          hist integral =  0.0
      Dataset =  HT600To800  ||   nEvents =  18687480
          hist weight =  0.0234261922956*leptonWeight*muonTriggerWeight*electronTriggerWeight*METTriggerWeight
          hist nEntries =  5988.0
          hist integral =  139.094304681
      Dataset =  HT1200To2500  ||   nEvents =  6872441
          hist weight =  0.00702553430433*leptonWeight*muonTriggerWeight*electronTriggerWeight*METTriggerWeight
          hist nEntries =  2531.0
          hist integral =  17.5835538357
      Dataset =  HT100To200  ||   nEvents =  78043017
          hist weight =  0.626114313341*leptonWeight*muonTriggerWeight*electronTriggerWeight*METTriggerWeight
          hist nEntries =  6.0
          hist integral =  3.72876524925
      Dataset =  HT400To600  ||   nEvents =  7687800
          hist weight =  0.231132482635*leptonWeight*muonTriggerWeight*electronTriggerWeight*METTriggerWeight
          hist nEntries =  1382.0
          hist integral =  316.987325311
      Dataset =  HT2500ToInf  ||   nEvents =  2637821
          hist weight =  0.000442931040431*leptonWeight*muonTriggerWeight*electronTriggerWeight*METTriggerWeight
          hist nEntries =  911.0
          hist integral =  0.399018440861
      Dataset =  HT800To1200  ||   nEvents =  7830536
          hist weight =  0.0255220498316*leptonWeight*muonTriggerWeight*electronTriggerWeight*METTriggerWeight
          hist nEntries =  2916.0
          hist integral =  73.6617730856
-----------------------------
Total data background nEvents =  4686.0
Total data background integral =  4686.0
-----------------------------
Total MC background nEvents =  173983.0
Total MC background integral =  4760.82492638
-----------------------------
Total tt+DM signal nEvents =  7530.0
Total tt+DM signal integral =  74.6758304238
Total t+DM signal nEvents =  4031.0
Total t+DM signal integral =  126.961435318
-----------------------------
FOM for tt+DM signal =  0.519756799726
FOM for t+DM signal =  0.647894097479
-----------------------------
Data bin content:
    bin 0: 0.0
    bin 1: 1361.0
    bin 2: 938.0
    bin 3: 599.0
    bin 4: 440.0
    bin 5: 323.0
    bin 6: 236.0
    bin 7: 181.0
    bin 8: 148.0
    bin 9: 101.0
    bin 10: 79.0
    bin 11: 44.0
    bin 12: 42.0
    bin 13: 36.0
    bin 14: 30.0
    bin 15: 21.0
    bin 16: 107.0
-----------------------------
MC background bin content:
    bin 0: 0.0
    bin 1: 1416.45593262
    bin 2: 934.578735352
    bin 3: 630.876464844
    bin 4: 453.048431396
    bin 5: 323.405151367
    bin 6: 235.456970215
    bin 7: 175.762374878
    bin 8: 122.990661621
    bin 9: 97.0024261475
    bin 10: 71.1898498535
    bin 11: 59.6062278748
    bin 12: 45.7445068359
    bin 13: 35.8925476074
    bin 14: 27.6155834198
    bin 15: 22.6284141541
    bin 16: 108.570648193
-----------------------------
tt+DM bin content:
    bin 0: 0.0
    bin 1: 15.5893278122
    bin 2: 12.5603237152
    bin 3: 9.41836261749
    bin 4: 7.25796699524
    bin 5: 5.73488950729
    bin 6: 4.53965520859
    bin 7: 3.82810950279
    bin 8: 2.99896407127
    bin 9: 2.32838988304
    bin 10: 1.91309332848
    bin 11: 1.4511090517
    bin 12: 1.20742475986
    bin 13: 1.05983924866
    bin 14: 0.862Info in <TCanvas::Print>: png file AH0l1fSR2016_METcorrected_pt_11_28_2022_METTriggerWeights.png has been created
319111824
    bin 15: 0.769420802593
    bin 16: 3.15663480759
-----------------------------
t+DM bin content:
    bin 0: 0.0
    bin 1: 18.6754608154
    bin 2: 17.5206127167
    bin 3: 14.0737361908
    bin 4: 12.8643980026
    bin 5: 9.57852363586
    bin 6: 7.52132940292
    bin 7: 7.44093036652
    bin 8: 6.19496011734
    bin 9: 6.11411714554
    bin 10: 4.1465587616
    bin 11: 3.90954136848
    bin 12: 3.39433288574
    bin 13: 2.13050818443
    bin 14: 1.53562200069
    bin 15: 1.57225430012
    bin 16: 10.2885494232
-----------------------------
Data bin errors:
    bin 0: 0.0
    bin 1: 36.8917334914
    bin 2: 30.6267856622
    bin 3: 24.474476501
    bin 4: 20.9761769634
    bin 5: 17.9722007556
    bin 6: 15.3622914957
    bin 7: 13.4536240471
    bin 8: 12.1655250606
    bin 9: 10.0498756211
    bin 10: 8.88819441732
    bin 11: 6.63324958071
    bin 12: 6.48074069841
    bin 13: 6.0
    bin 14: 5.47722557505
    bin 15: 4.58257569496
    bin 16: 10.3440804328
-----------------------------
MC background bin errors:
    bin 0: 0.0
    bin 1: 32.2800281235
    bin 2: 12.5479735049
    bin 3: 8.415643838
    bin 4: 9.40476845364
    bin 5: 5.56497422632
    bin 6: 4.55738783496
    bin 7: 3.87498533338
    bin 8: 3.06723015906
    bin 9: 2.75708800519
    bin 10: 2.21742280016
    bin 11: 2.09632758918
    bin 12: 1.71393805089
    bin 13: 1.52692496426
    bin 14: 1.29129554047
    bin 15: 1.04329956754
    bin 16: 2.10351123193
-----------------------------
tt+DM bin errors:
    bin 0: 0.0
    bin 1: 0.393059350198
    bin 2: 0.353283802147
    bin 3: 0.306217606212
    bin 4: 0.26862949196
    bin 5: 0.238747881976
    bin 6: 0.212355996017
    bin 7: 0.194594093536
    bin 8: 0.172287072308
    bin 9: 0.151887822484
    bin 10: 0.137707391503
    bin 11: 0.119687699157
    bin 12: 0.109315267415
    bin 13: 0.101983084439
    bin 14: 0.0924522700533
    bin 15: 0.0871197414677
    bin 16: 0.175661032022
-----------------------------
t+DM bin errors:
    bin 0: 0.0
    bin 1: 0.848433751622
    bin 2: 0.82531724429
    bin 3: 0.732124539912
    bin 4: 0.698979137892
    bin 5: 0.608067621022
    bin 6: 0.535013657953
    bin 7: 0.525300121179
    bin 8: 0.486960023318
    bin 9: 0.483535570397
    bin 10: 0.39033664673
    bin 11: 0.382103214531
    bin 12: 0.355723028145
    bin 13: 0.276229906956
    bin 14: 0.229224733104
    bin 15: 0.240158157572
    bin 16: 0.600648070629
-----------------------------
ZTo2Nu hist info:
    nEvents =  36804.0
    integral =  1170.10279369
tbar scalar hist info:
    nEvents =  4031.0
    integral =  126.961435318
TTTo2L2Nu hist info:
    nEvents =  4661.0
    integral =  185.402884811
singleTop hist info:
    nEvents =  1690.0
    integral =  242.625190258
TTV hist info:
    nEvents =  75996.0
    integral =  62.0320072174
bkgSum hist info:
    nEvents =  173983.0
    integral =  4760.82492638
ttbar scalar hist info:
    nEvents =  7530.0
    integral =  74.6758304238
VV hist info:
    nEvents =  15915.0
    integral =  182.236398697
QCD hist info:
    nEvents =  43.0
    integral =  106.62352021
ZTo2L hist info:
    nEvents =  775.0
    integral =  11.7266463898
data hist info:
    nEvents =  4686.0
    integral =  4686.0
WPlusJets hist info:
    nEvents =  14350.0
    integral =  756.436178923
TTToSemiLepton hist info:
    nEvents =  23749.0
    integral =  2043.63936257
Finished filling histograms
Creating stacked MC background histogram...
Finished stacking MC background histograms.
Drawing histograms...
Finished drawing histograms
Drawing ratio plot...
Plotting end time: 2022-11-29 15:29:51.989790
