Plotting start time: 2021-08-10 04:10:22.674984
Cut name =  SL1lWR
MC Selection Cuts =  (njets >= 2 && nbjets == 0 && nTightElectrons == 1 && nVetoElectrons == 1 && nLooseMuons == 0 && METcorrected_pt >= 250 && M_T >= 140 && M_T2ll <= 80 && Flag_goodVertices && Flag_globalSuperTightHalo2016Filter && Flag_HBHENoiseFilter && Flag_HBHENoiseIsoFilter && Flag_EcalDeadCellTriggerPrimitiveFilter && Flag_BadPFMuonFilter && Flag_ecalBadCalibFilterV2 && ((HLT_Ele32_WPTight_Gsf) || (HLT_Ele115_CaloIdVT_GsfTrkIdT || HLT_Photon200))) || (njets >= 2 && nbjets == 0 && nVetoElectrons == 0 && nTightMuons == 1 && nLooseMuons == 1 && METcorrected_pt >= 250 && M_T >= 140 && M_T2ll <= 80 && Flag_goodVertices && Flag_globalSuperTightHalo2016Filter && Flag_HBHENoiseFilter && Flag_HBHENoiseIsoFilter && Flag_EcalDeadCellTriggerPrimitiveFilter && Flag_BadPFMuonFilter && Flag_ecalBadCalibFilterV2 && (HLT_IsoMu24))
Data Selection Cuts =  (njets >= 2 && nbjets == 0 && nTightElectrons == 1 && nVetoElectrons == 1 && nLooseMuons == 0 && METcorrected_pt >= 250 && M_T >= 140 && M_T2ll <= 80 && Flag_goodVertices && Flag_globalSuperTightHalo2016Filter && Flag_HBHENoiseFilter && Flag_HBHENoiseIsoFilter && Flag_EcalDeadCellTriggerPrimitiveFilter && Flag_BadPFMuonFilter && Flag_ecalBadCalibFilterV2 && ((HLT_Ele32_WPTight_Gsf) || (HLT_Ele115_CaloIdVT_GsfTrkIdT || HLT_Photon200))) || (njets >= 2 && nbjets == 0 && nVetoElectrons == 0 && nTightMuons == 1 && nLooseMuons == 1 && METcorrected_pt >= 250 && M_T >= 140 && M_T2ll <= 80 && Flag_goodVertices && Flag_globalSuperTightHalo2016Filter && Flag_HBHENoiseFilter && Flag_HBHENoiseIsoFilter && Flag_EcalDeadCellTriggerPrimitiveFilter && Flag_BadPFMuonFilter && Flag_ecalBadCalibFilterV2 && (HLT_IsoMu24)) && Flag_eeBadScFilter
var =  Jet_phi[index_centralJets[0]]
year =  2018
lumi =  21.08
saveDirectory =  plots/CR_2018/Jet_phi/
date =  08_09_2021
Creating histograms..
Finished making systematic histogram dictionary
Drawing data and ratio plot...
Selected both SingleMuon and SingleElectron dataset
Loading data sample root files and event trees...
    nevents in filepath = /hdfs/store/user/vshang/SingleElectron_Run2018A/EGamma/ModuleCommonSkim_06172021/tree_all.root: 143361
    nevents in filepath = /hdfs/store/user/vshang/SingleElectron_Run2018B/EGamma/ModuleCommonSkim_06172021/tree_all.root: 75698
    nevents in filepath = /hdfs/store/user/vshang/SingleElectron_Run2018C/EGamma/ModuleCommonSkim_06172021/tree_all.root: 129594
    nevents in filepath = /hdfs/store/user/vshang/SingleElectron_Run2018D/EGamma/ModuleCommonSkim_06172021/tree_all.root: 660806
    total nevents in  SingleElectron :  1009459
    nevents in filepath = /hdfs/store/user/vshang/SingleMuon_Run2018A/SingleMuon/ModuleCommonSkim_06172021/tree_all.root: 218787
    nevents in filepath = /hdfs/store/user/vshang/SingleMuon_Run2018B/SingleMuon/ModuleCommonSkim_06172021/tree_all.root: 124283
    nevents in filepath = /hdfs/store/user/vshang/SingleMuon_Run2018C/SingleMuon/ModuleCommonSkim_06172021/tree_all.root: 141514
    nevents in filepath = /hdfs/store/user/vshang/SingleMuon_Run2018D/SingleMuon/ModuleCommonSkim_06172021/tree_all.root: 663427
    total nevents in  SingleMuon :  1148011
Got data sample root files and event trees
Loading MC sample root files and event trees...
    nevents in  ZTo2Nu   HT600To800 :  5748975
    nevents in  ZTo2Nu   HT1200To2500 :  343198
    nevents in  ZTo2Nu   HT100To200 :  23702894
    nevents in  ZTo2Nu   HT2500ToInf :  359639
    nevents in  ZTo2Nu   HT800To1200 :  2066798
    nevents in  ZTo2Nu   HT200To400 :  23276346
    nevents in  ZTo2Nu   HT400To600 :  9511100
    nevents in  WW   WWTo1L1Nu2Q :  4683136
    nevents in  WW   WWTo4Q :  3790800
    nevents in  WW   WWTo2L2Nu :  7758900
    nevents in  ttbarPlusJets   TTToSemiLepton :  300619998
    nevents in  ttbarPlusJets   TTTo2L2Nu :  64310000
    nevents in  ttbar scalar   ttDM_MChi1_MPhi100_scalar :  1842523
    nevents in  ZZ   ZZTo2Q2Nu :  57633049
    nevents in  ZZ   ZZTo4L :  124649500
    nevents in  ZZ   ZZTo2L2Q :  27900469
    nevents in  ZZ   ZZTo2L2Nu Info in <TCanvas::MakeDefCanvas>:  created default TCanvas with name c1
TFile::Append:0: RuntimeWarning: Replacing existing TH1: hist (Potential memory leak).
TFile::Append:0: RuntimeWarning: Replacing existing TH1: hist (Potential memory leak).
TFile::Append:0: RuntimeWarning: Replacing existing TH1: hist (Potential memory leak).
:  56428600
    nevents in  QCD   HT700To1000 :  48158738
    nevents in  QCD   HT500To700 :  55152960
    nevents in  QCD   HT2000ToInf :  5475677
    nevents in  QCD   HT1000To1500 :  15466225
    nevents in  QCD   HT1500To2000 :  10955087
    nevents in  QCD   HT100To200 :  93972378
    nevents in  QCD   HT300To500 :  54661579
    nevents in  QCD   HT200To300 :  54289442
    nevents in  WZ   WZTo2Q2Nu :  30887331
    nevents in  WZ   WZTo2L2Q :  28193648
    nevents in  WZ   WZTo3LNu :  11248318
    nevents in  WZ   WZTo1L3Nu :  1690064
    nevents in  WZ   WZTo1L1Nu2Q :  18273533
    nevents in  ttbar pseudoscalar   ttDM_MChi1_MPhi100_pseudo :  1607992
    nevents in  TTV   TTZToQQ :  9572000
    nevents in  TTV   TTWJetsToLNu :  4911941
    nevents in  TTV   TTWJetsToQQ :  835296
    nevents in  TTV   TTZToLLNuNu :  13280000
    nevents in  ZTo2L   HT600To800 :  8862104
    nevents in  ZTo2L   HT1200To2500 :  536416
    nevents in  ZTo2L   HT100To200 :  11530510
    nevents in  ZTo2L   HT2500ToInf :  427051
    nevents in  ZTo2L   HT800To1200 :  3138129
    nevents in  ZTo2L   HT200To400 :  10860690
    nevents in  ZTo2L   HT400To600 :  46161988
    nevents in  singleTop   ST_s-channel :  19890000
    nevents in  singleTop   ST_t-channel_antitop :  79090800
    nevents in  singleTop   ST_tW_top :  9598000
    nevents in  singleTop   ST_t-channel_top :  154307600
    nevents in  singleTop   ST_tW_antitop :  7527000
    nevents in  WPlusJets   HT200To400 :  25468933
    nevents in  WPlusJets   HT70To100 :  28084244
    nevents in  WPlusJets   HT600To800 :  19771294
    nevents in  WPlusJets   HT1200To2500 :  7633949
    nevents in  WPlusJets   HT100To200 :  29425374
    nevents in  WPlusJets   HT400To600 :  5932701
    nevents in  WPlusJets   HT2500ToInf :  3273980
    nevents in  WPlusJets   HT800To1200 :  8402687
Got MC sample root files and event trees
Filling histograms...
  Dataset =  SingleElectron  ||   nEvents =  1009459
  Using cut =  njets >= 2 && nbjets == 0 && nTightElectrons == 1 && nVetoElectrons == 1 && nLooseMuons == 0 && METcorrected_pt >= 250 && M_T >= 140 && M_T2ll <= 80 && Flag_goodVertices && Flag_globalSuperTightHalo2016Filter && Flag_HBHENoiseFilter && Flag_HBHENoiseIsoFilter && Flag_EcalDeadCellTriggerPrimitiveFilter && Flag_BadPFMuonFilter && Flag_ecalBadCalibFilterV2 && ((HLT_Ele32_WPTight_Gsf) || (HLT_Ele115_CaloIdVT_GsfTrkIdT || HLT_Photon200)) && Flag_eeBadScFilter
    hist nEntries =  594.0
    hist integral =  576.0
    hist_data nEntries =  594.0
    hist_data integral =  576.0
  Using cut =  njets >= 2 && nbjets == 0 && nTightElectrons == 1 && nVetoElectrons == 1 && nLooseMuons == 0 && METcorrected_pt >= 250 && M_T >= 140 && M_T2ll <= 80 && Flag_goodVertices && Flag_globalSuperTightHalo2016Filter && Flag_HBHENoiseFilter && Flag_HBHENoiseIsoFilter && Flag_EcalDeadCellTriggerPrimitiveFilter && Flag_BadPFMuonFilter && Flag_ecalBadCalibFilterV2 && ((HLT_Ele32_WPTight_Gsf) || (HLT_Ele115_CaloIdVT_GsfTrkIdT || HLT_Photon200)) && Flag_eeBadScFilter
    hist nEntries =  304.0
    hist integral =  295.0
    hist_data nEntries =  898.0
    hist_data integral =  871.0
  Using cut =  njets >= 2 && nbjets == 0 && nTightElectrons == 1 && nVetoElectrons == 1 && nLooseMuons == 0 && METcorrected_pt >= 250 && M_T >= 140 && M_T2ll <= 80 && Flag_goodVertices && Flag_globalSuperTightHalo2016Filter && Flag_HBHENoiseFilter && Flag_HBHENoiseIsoFilter && Flag_EcalDeadCellTriggerPrimitiveFilter && Flag_BadPFMuonFilter && Flag_ecalBadCalibFilterV2 && ((HLT_Ele32_WPTight_Gsf) || (HLT_Ele115_CaloIdVT_GsfTrkIdT || HLT_Photon200)) && Flag_eeBadScFilter
    hist nEntries =  0.0
    hist integral =  0.0
    hist_data nEntries =  898.0
    hist_data integral =  871.0
  Using cut =  njets >= 2 && nbjets == 0 && nTightElectrons == 1 && nVetoElectrons == 1 && nLooseMuons == 0 && METcorrected_pt >= 250 && M_T >= 140 && M_T2ll <= 80 && Flag_goodVertices && Flag_globalSuperTightHalo2016Filter && Flag_HBHENoiseFilter && Flag_HBHENoiseIsoFilter && Flag_EcalDeadCellTriggerPrimitiveFilter && Flag_BadPFMuonFilter && Flag_ecalBadCTFile::Append:0: RuntimeWarning: Replacing existing TH1: hist (Potential memory leak).
TFile::Append:0: RuntimeWarning: Replacing existing TH1: hist (Potential memory leak).
TFile::Append:0: RuntimeWarning: Replacing existing TH1: hist (Potential memory leak).
TFile::Append:0: RuntimeWarning: Replacing existing TH1: hist (Potential memory leak).
TFile::Append:0: RuntimeWarning: Replacing existing TH1: hist (Potential memory leak).
TFile::Append:0: RuntimeWarning: Replacing existing TH1: hist (Potential memory leak).
TFile::Append:0: RuntimeWarning: Replacing existing TH1: hist (Potential memory leak).
TFile::Append:0: RuntimeWarning: Replacing existing TH1: hist (Potential memory leak).
TFile::Append:0: RuntimeWarning: Replacing existing TH1: hist (Potential memory leak).
TFile::Append:0: RuntimeWarning: Replacing existing TH1: hist (Potential memory leak).
TFile::Append:0: RuntimeWarning: Replacing existing TH1: hist (Potential memory leak).
TFile::Append:0: RuntimeWarning: Replacing existing TH1: hist (Potential memory leak).
TFile::Append:0: RuntimeWarning: Replacing existing TH1: hist (Potential memory leak).
TFile::Append:0: RuntimeWarning: Replacing existing TH1: hist (Potential memory leak).
TFile::Append:0: RuntimeWarning: Replacing existing TH1: hist (Potential memory leak).
alibFilterV2 && ((HLT_Ele32_WPTight_Gsf) || (HLT_Ele115_CaloIdVT_GsfTrkIdT || HLT_Photon200)) && Flag_eeBadScFilter
    hist nEntries =  0.0
    hist integral =  0.0
    hist_data nEntries =  898.0
    hist_data integral =  871.0
  Dataset =  SingleMuon  ||   nEvents =  1148011
  Using cut =  njets >= 2 && nbjets == 0 && nVetoElectrons == 0 && nTightMuons == 1 && nLooseMuons == 1 && METcorrected_pt >= 250 && M_T >= 140 && M_T2ll <= 80 && Flag_goodVertices && Flag_globalSuperTightHalo2016Filter && Flag_HBHENoiseFilter && Flag_HBHENoiseIsoFilter && Flag_EcalDeadCellTriggerPrimitiveFilter && Flag_BadPFMuonFilter && Flag_ecalBadCalibFilterV2 && (HLT_IsoMu24) && Flag_eeBadScFilter
    hist nEntries =  763.0
    hist integral =  746.0
    hist_data nEntries =  1661.0
    hist_data integral =  1617.0
  Using cut =  njets >= 2 && nbjets == 0 && nVetoElectrons == 0 && nTightMuons == 1 && nLooseMuons == 1 && METcorrected_pt >= 250 && M_T >= 140 && M_T2ll <= 80 && Flag_goodVertices && Flag_globalSuperTightHalo2016Filter && Flag_HBHENoiseFilter && Flag_HBHENoiseIsoFilter && Flag_EcalDeadCellTriggerPrimitiveFilter && Flag_BadPFMuonFilter && Flag_ecalBadCalibFilterV2 && (HLT_IsoMu24) && Flag_eeBadScFilter
    hist nEntries =  411.0
    hist integral =  406.0
    hist_data nEntries =  2072.0
    hist_data integral =  2023.0
  Using cut =  njets >= 2 && nbjets == 0 && nVetoElectrons == 0 && nTightMuons == 1 && nLooseMuons == 1 && METcorrected_pt >= 250 && M_T >= 140 && M_T2ll <= 80 && Flag_goodVertices && Flag_globalSuperTightHalo2016Filter && Flag_HBHENoiseFilter && Flag_HBHENoiseIsoFilter && Flag_EcalDeadCellTriggerPrimitiveFilter && Flag_BadPFMuonFilter && Flag_ecalBadCalibFilterV2 && (HLT_IsoMu24) && Flag_eeBadScFilter
    hist nEntries =  0.0
    hist integral =  0.0
    hist_data nEntries =  2072.0
    hist_data integral =  2023.0
  Using cut =  njets >= 2 && nbjets == 0 && nVetoElectrons == 0 && nTightMuons == 1 && nLooseMuons == 1 && METcorrected_pt >= 250 && M_T >= 140 && M_T2ll <= 80 && Flag_goodVertices && Flag_globalSuperTightHalo2016Filter && Flag_HBHENoiseFilter && Flag_HBHENoiseIsoFilter && Flag_EcalDeadCellTriggerPrimitiveFilter && Flag_BadPFMuonFilter && Flag_ecalBadCalibFilterV2 && (HLT_IsoMu24) && Flag_eeBadScFilter
    hist nEntries =  0.0
    hist integral =  0.0
    hist_data nEntries =  2072.0
    hist_data integral =  2023.0
  Process =  ZTo2Nu
      Dataset =  HT600To800  ||   nEvents =  5748975
Applied ZTo2Nu qcd/ewk Weights correctly
          hist nEntries =  70.0
          hist integral =  0.841054626508
      Dataset =  HT1200To2500  ||   nEvents =  343198
Applied ZTo2Nu qcd/ewk Weights correctly
          hist nEntries =  15.0
          hist integral =  0.287603662349
      Dataset =  HT100To200  ||   nEvents =  23702894
Applied ZTo2Nu qcd/ewk Weights correctly
          hist nEntries =  0.0
          hist integral =  0.0
      Dataset =  HT2500ToInf  ||   nEvents =  359639
Applied ZTo2Nu qcd/ewk Weights correctly
          hist nEntries =  17.0
          hist integral =  0.00456017348915
      Dataset =  HT800To1200  ||   nEvents =  2066798
Applied ZTo2Nu qcd/ewk Weights correctly
          hist nEntries =  36.0
          hist integral =  0.532294259407
      Dataset =  HT200To400  ||   nEvents =  23276346
Applied ZTo2Nu qcd/ewk Weights correctly
          hist nEntries =  15.0
          hist integral =  1.44723522663
      Dataset =  HT400To600  ||   nEvents =  9511100
Applied ZTo2Nu qcd/ewk Weights correctly
          hist nEntries =  48.0
          hist integral =  1.45840628445
  Process =  WW
      Dataset =  WWTo1L1Nu2Q  ||   nEvents =  4683136
          hist nEntries =  847.0
          hist integral =  286.170137882
      Dataset =  WWTo4Q  ||   nEvents =  3790800
          hist nEntries =  0.0
          hist integral =  0.0
      Dataset =  WWTo2L2Nu  ||   nEvents =  7758900
          hist nEntries =  3016.0
          hist integral =  84.0963783264
  Process =  ttbarPlusJets
      Dataset =  TTToSemiLepton  ||   nEvents =  300619998
          hist nEntries =  748.0
          hist integral =  18.25TFile::Append:0: RuntimeWarning: Replacing existing TH1: hist (Potential memory leak).
TFile::Append:0: RuntimeWarning: Replacing existing TH1: hist (Potential memory leak).
TFile::Append:0: RuntimeWarning: Replacing existing TH1: hist (Potential memory leak).
TFile::Append:0: RuntimeWarning: Replacing existing TH1: hist (Potential memory leak).
TFile::Append:0: RuntimeWarning: Replacing existing TH1: hist (Potential memory leak).
TFile::Append:0: RuntimeWarning: Replacing existing TH1: hist (Potential memory leak).
TFile::Append:0: RuntimeWarning: Replacing existing TH1: hist (Potential memory leak).
TFile::Append:0: RuntimeWarning: Replacing existing TH1: hist (Potential memory leak).
TFile::Append:0: RuntimeWarning: Replacing existing TH1: hist (Potential memory leak).
TFile::Append:0: RuntimeWarning: Replacing existing TH1: hist (Potential memory leak).
TFile::Append:0: RuntimeWarning: Replacing existing TH1: hist (Potential memory leak).
TFile::Append:0: RuntimeWarning: Replacing existing TH1: hist (Potential memory leak).
TFile::Append:0: RuntimeWarning: Replacing existing TH1: hist (Potential memory leak).
TFile::Append:0: RuntimeWarning: Replacing existing TH1: hist (Potential memory leak).
TFile::Append:0: RuntimeWarning: Replacing existing TH1: hist (Potential memory leak).
TFile::Append:0: RuntimeWarning: Replacing existing TH1: hist (Potential memory leak).
TFile::Append:0: RuntimeWarning: Replacing existing TH1: hist (Potential memory leak).
TFile::Append:0: RuntimeWarning: Replacing existing TH1: hist (Potential memory leak).
TFile::Append:0: RuntimeWarning: Replacing existing TH1: hist (Potential memory leak).
TFile::Append:0: RuntimeWarning: Replacing existing TH1: hist (Potential memory leak).
TFile::Append:0: RuntimeWarning: Replacing existing TH1: hist (Potential memory leak).
TFile::Append:0: RuntimeWarning: Replacing existing TH1: hist (Potential memory leak).
TFile::Append:0: RuntimeWarning: Replacing existing TH1: hist (Potential memory leak).
TFile::Append:0: RuntimeWarning: Replacing existing TH1: hist (Potential memory leak).
TFile::Append:0: RuntimeWarning: Replacing existing TH1: hist (Potential memory leak).
TFile::Append:0: RuntimeWarning: Replacing existing TH1: hist (Potential memory leak).
TFile::Append:0: RuntimeWarning: Replacing existing TH1: hist (Potential memory leak).
TFile::Append:0: RuntimeWarning: Replacing existing TH1: hist (Potential memory leak).
TFile::Append:0: RuntimeWarning: Replacing existing TH1: hist (Potential memory leak).
54595172
      Dataset =  TTTo2L2Nu  ||   nEvents =  64310000
          hist nEntries =  11874.0
          hist integral =  339.323689938
  Process =  ttbar scalar
      Dataset =  ttDM_MChi1_MPhi100_scalar  ||   nEvents =  1842523
          hist nEntries =  1799.0
          hist integral =  15.1152639985
  Process =  ZZ
      Dataset =  ZZTo2Q2Nu  ||   nEvents =  57633049
          hist nEntries =  60.0
          hist integral =  0.0988260546292
      Dataset =  ZZTo4L  ||   nEvents =  124649500
          hist nEntries =  733.0
          hist integral =  0.148978376063
      Dataset =  ZZTo2L2Q  ||   nEvents =  27900469
          hist nEntries =  102.0
          hist integral =  0.259659107076
      Dataset =  ZZTo2L2Nu  ||   nEvents =  56428600
          hist nEntries =  31632.0
          hist integral =  6.13473789394
  Process =  QCD
      Dataset =  HT700To1000  ||   nEvents =  48158738
          hist nEntries =  0.0
          hist integral =  0.0
      Dataset =  HT500To700  ||   nEvents =  55152960
          hist nEntries =  0.0
          hist integral =  0.0
      Dataset =  HT2000ToInf  ||   nEvents =  5475677
          hist nEntries =  14.0
          hist integral =  0.957015228458
      Dataset =  HT1000To1500  ||   nEvents =  15466225
          hist nEntries =  2.0
          hist integral =  2.74038124084
      Dataset =  HT1500To2000  ||   nEvents =  10955087
          hist nEntries =  7.0
          hist integral =  1.4111828804
      Dataset =  HT100To200  ||   nEvents =  93972378
          hist nEntries =  0.0
          hist integral =  0.0
      Dataset =  HT300To500  ||   nEvents =  54661579
          hist nEntries =  0.0
          hist integral =  0.0
      Dataset =  HT200To300  ||   nEvents =  54289442
          hist nEntries =  0.0
          hist integral =  0.0
  Process =  WZ
      Dataset =  WZTo2Q2Nu  ||   nEvents =  30887331
          hist nEntries =  66.0
          hist integral =  0.286059255712
      Dataset =  WZTo2L2Q  ||   nEvents =  28193648
          hist nEntries =  143.0
          hist integral =  0.625417422503
      Dataset =  WZTo3LNu  ||   nEvents =  11248318
          hist nEntries =  1934.0
          hist integral =  16.6746849418
      Dataset =  WZTo1L3Nu  ||   nEvents =  1690064
          hist nEntries =  3464.0
          hist integral =  133.870681047
      Dataset =  WZTo1L1Nu2Q  ||   nEvents =  18273533
          hist nEntries =  1138.0
          hist integral =  14.3117884696
  Process =  ttbar pseudoscalar
      Dataset =  ttDM_MChi1_MPhi100_pseudo  ||   nEvents =  1607992
          hist nEntries =  4705.0
          hist integral =  12.1234315932
  Process =  TTV
      Dataset =  TTZToQQ  ||   nEvents =  9572000
          hist nEntries =  879.0
          hist integral =  0.998910348862
      Dataset =  TTWJetsToLNu  ||   nEvents =  4911941
          hist nEntries =  3552.0
          hist integral =  3.3524248302
      Dataset =  TTWJetsToQQ  ||   nEvents =  835296
          hist nEntries =  108.0
          hist integral =  1.20644601993
      Dataset =  TTZToLLNuNu  ||   nEvents =  13280000
          hist nEntries =  18924.0
          hist integral =  7.38331523538
  Process =  ZTo2L
      Dataset =  HT600To800  ||   nEvents =  8862104
Applied ZTo2L qcd/ewk Weights correctly
          hist nEntries =  640.0
          hist integral =  2.46681423113
      Dataset =  HT1200To2500  ||   nEvents =  536416
Applied ZTo2L qcd/ewk Weights correctly
          hist nEntries =  403.0
          hist integral =  3.23746144772
      Dataset =  HT100To200  ||   nEvents =  11530510
Applied ZTo2L qcd/ewk Weights correctly
          hist nEntries =  11.0
          hist integral =  3.51080669463
      Dataset =  HT2500ToInf  ||   nEvents =  427051
Applied ZTo2L qcd/ewk Weights correctly
          hist nEntries =  2052.0
          hist integral =  0.41143489629
      Dataset =  HT800To1200  ||   nEvents =  3138129
Applied ZTo2L qcd/ewk Weights correctly
          hist nEntries =  617.0
          hist integral =  3.34232569486
      Dataset =  HT200To400  ||   nEvents =  10860690
Applied ZTo2LTFile::Append:0: RuntimeWarning: Replacing existing TH1: hist (Potential memory leak).
TFile::Append:0: RuntimeWarning: Replacing existing TH1: hist (Potential memory leak).
TFile::Append:0: RuntimeWarning: Replacing existing TH1: hist (Potential memory leak).
TFile::Append:0: RuntimeWarning: Replacing existing TH1: hist (Potential memory leak).
TFile::Append:0: RuntimeWarning: Replacing existing TH1: hist (Potential memory leak).
TFile::Append:0: RuntimeWarning: Replacing existing TH1: hist (Potential memory leak).
TFile::Append:0: RuntimeWarning: Replacing existing TH1: hist (Potential memory leak).
TFile::Append:0: RuntimeWarning: Replacing existing TH1: hist (Potential memory leak).
TFile::Append:0: RuntimeWarning: Replacing existing TH1: hist (Potential memory leak).
TFile::Append:0: RuntimeWarning: Replacing existing TH1: hist (Potential memory leak).
TFile::Append:0: RuntimeWarning: Replacing existing TH1: hist (Potential memory leak).
TFile::Append:0: RuntimeWarning: Replacing existing TH1: hist (Potential memory leak).
TFile::Append:0: RuntimeWarning: Replacing existing TH1: hist (Potential memory leak).
TFile::Append:0: RuntimeWarning: Replacing existing TH1: hist (Potential memory leak).
TFile::Append:0: RuntimeWarning: Replacing existing TH1: hist (Potential memory leak).
 qcd/ewk Weights correctly
          hist nEntries =  84.0
          hist integral =  7.86227878928
      Dataset =  HT400To600  ||   nEvents =  46161988
Applied ZTo2L qcd/ewk Weights correctly
          hist nEntries =  1406.0
          hist integral =  4.15213358402
  Process =  singleTop
      Dataset =  ST_s-channel  ||   nEvents =  19890000
          hist nEntries =  35.0
          hist integral =  0.144786644028
      Dataset =  ST_t-channel_antitop  ||   nEvents =  79090800
          hist nEntries =  16.0
          hist integral =  0.241897647153
      Dataset =  ST_tW_top  ||   nEvents =  9598000
          hist nEntries =  381.0
          hist integral =  29.5180286765
      Dataset =  ST_t-channel_top  ||   nEvents =  154307600
          hist nEntries =  48.0
          hist integral =  0.766398302279
      Dataset =  ST_tW_antitop  ||   nEvents =  7527000
          hist nEntries =  294.0
          hist integral =  29.6977950931
  Process =  WPlusJets
      Dataset =  HT200To400  ||   nEvents =  25468933
Applied WPlusJets qcd/ewk Weights correctly
          hist nEntries =  1463.0
          hist integral =  535.872339249
      Dataset =  HT70To100  ||   nEvents =  28084244
Applied WPlusJets qcd/ewk Weights correctly
          hist nEntries =  44.0
          hist integral =  62.690144062
      Dataset =  HT600To800  ||   nEvents =  19771294
Applied WPlusJets qcd/ewk Weights correctly
          hist nEntries =  8326.0
          hist integral =  93.2246282101
      Dataset =  HT1200To2500  ||   nEvents =  7633949
Applied WPlusJets qcd/ewk Weights correctly
          hist nEntries =  15650.0
          hist integral =  42.8585884571
      Dataset =  HT100To200  ||   nEvents =  29425374
Applied WPlusJets qcd/ewk Weights correctly
          hist nEntries =  222.0
          hist integral =  295.355528831
      Dataset =  HT400To600  ||   nEvents =  5932701
Applied WPlusJets qcd/ewk Weights correctly
          hist nEntries =  1375.0
          hist integral =  258.23213768
      Dataset =  HT2500ToInf  ||   nEvents =  3273980
Applied WPlusJets qcd/ewk Weights correctly
          hist nEntries =  31647.0
          hist integral =  1.71700724214
      Dataset =  HT800To1200  ||   nEvents =  8402687
Applied WPlusJets qcd/ewk Weights correctly
          hist nEntries =  6628.0
          hist integral =  72.8749037981
-----------------------------
Total data background nEvents =  2072.0
Total data background integral =  2023.0
-----------------------------
Total MC background nEvents =  150786.0
Total MC background integral =  2371.05483627
-----------------------------
Total tt+DM signal nEvents =  1799.0
Total tt+DM signal integral =  15.1152639985
-----------------------------
-----------------------------
FOM for tt+DM signal =  0.310416599982
-----------------------------
Data bin errors:
    bin 0: 7.0
    bin 1: 11.4455231423
    bin 2: 11.0
    bin 3: 11.4455231423
    bin 4: 11.5325625947
    bin 5: 11.874342087
    bin 6: 12.6095202129
    bin 7: 10.7238052948
    bin 8: 11.6619037897
    bin 9: 10.9544511501
    bin 10: 11.313708499
    bin 11: 11.7473401245
    bin 12: 11.2249721603
    bin 13: 10.9087121146
    bin 14: 12.4899959968
    bin 15: 11.0905365064
-----------------------------
MC background bin errors:
    bin 0: 5.3874140633
    bin 1: 6.76414463266
    bin 2: 8.05512664268
    bin 3: 7.72390561912
    bin 4: 7.95652501732
    bin 5: 9.86811197995
    bin 6: 8.24632268793
    bin 7: 8.22666067278
    bin 8: 6.84079133594
    bin 9: 8.67337913901
    bin 10: 7.95575183366
    bin 11: 7.51799606823
    bin 12: 8.27462945528
    bin 13: 8.96558599802
    bin 14: 7.41440075455
    bin 15: 8.47578049724
-----------------------------
tt+DM bin errors:
    bin 0: 0.0615375212883
    bin 1: 0.0852602308875
    bin 2: 0.0985935562047
    bin 3: 0.11028164142
    bin 4: 0.0982553759908
    bin 5: 0.099196786598
    bin 6: 0.102248051812
    bin 7: 0.0907426794337
    bin 8: 0.0991734521917
    bin 9: 0.0958700662761
    bin 10: 0.0901561906978
    bin 11: 0.103817560079
    bin 12: 0.0925375107599
    bin 13: 0.Info in <TCanvas::Print>: png file plots/CR_2018/Jet_phi/08_09_2021/SL1lWR2018_Jet_phi[index_centralJets[0]]_08_09_2021_preHEM.png has been created
0965372887038
    bin 14: 0.112526386045
    bin 15: 0.0883920855133
-----------------------------
-----------------------------
ttbar pseudoscalar hist info:
    nEvents =  4705.0
    integral =  12.1234315932
ZTo2Nu hist info:
    nEvents =  201.0
    integral =  4.57115427405
TTTo2L2Nu hist info:
    nEvents =  11874.0
    integral =  339.323689938
singleTop hist info:
    nEvents =  774.0
    integral =  60.3689062595
TTV hist info:
    nEvents =  23463.0
    integral =  12.9410963655
bkgSum hist info:
    nEvents =  150786.0
    integral =  2371.05483627
ttbar scalar hist info:
    nEvents =  1799.0
    integral =  15.1152639985
VV hist info:
    nEvents =  43135.0
    integral =  542.677345276
QCD hist info:
    nEvents =  23.0
    integral =  5.108579305
ZTo2L hist info:
    nEvents =  5213.0
    integral =  24.9832552671
data hist info:
    nEvents =  2072.0
    integral =  2023.0
WPlusJets hist info:
    nEvents =  65355.0
    integral =  1362.82530212
TTToSemiLepton hist info:
    nEvents =  748.0
    integral =  18.2554595172
Finished filling histograms
Creating stacked MC background histogram...
Finished stacking MC background histograms.
Drawing histograms...
Finished drawing histograms
Drawing ratio plot...
Finished drawing ratio plot
Plotting end time: 2021-08-10 04:15:05.498575
