plots/plot.py:973: SyntaxWarning: name 'counter' is used prior to global declaration
  global counter
Plotting start time: 2022-12-07 13:11:21.480846
Cut name =  AH1lTR
MC Selection Cuts =  (njets >= 3 && nbjets >= 1 && nTightElectrons == 1 && nVetoElectrons == 1 && nLooseMuons == 0 && METcorrected_pt >= 250 && M_T <= 140 && minDeltaPhi12 >= 0.8 && Flag_goodVertices && Flag_globalSuperTightHalo2016Filter && Flag_HBHENoiseFilter && Flag_HBHENoiseIsoFilter && Flag_EcalDeadCellTriggerPrimitiveFilter && Flag_BadPFMuonFilter && Flag_ecalBadCalibFilterV2 && ((HLT_Ele32_WPTight_Gsf) || (HLT_Ele115_CaloIdVT_GsfTrkIdT || HLT_Photon200)) && PV_npvsGood > 0 && PV_ndof > 4 && abs(PV_z) < 24 && sqrt(pow(PV_x,2)+pow(PV_y,2)) < 2 && ((METcorrected_phi <= -1.62) || (METcorrected_phi >= -0.82))) || (njets >= 3 && nbjets >= 1 && nVetoElectrons == 0 && nTightMuons == 1 && nLooseMuons == 1 && METcorrected_pt >= 250 && M_T <= 140 && minDeltaPhi12 >= 0.8 && Flag_goodVertices && Flag_globalSuperTightHalo2016Filter && Flag_HBHENoiseFilter && Flag_HBHENoiseIsoFilter && Flag_EcalDeadCellTriggerPrimitiveFilter && Flag_BadPFMuonFilter && Flag_ecalBadCalibFilterV2 && (HLT_IsoMu24) && PV_npvsGood > 0 && PV_ndof > 4 && abs(PV_z) < 24 && sqrt(pow(PV_x,2)+pow(PV_y,2)) < 2 && ((METcorrected_phi <= -1.62) || (METcorrected_phi >= -0.82)))
Data Selection Cuts =  (njets >= 3 && nbjets >= 1 && nTightElectrons == 1 && nVetoElectrons == 1 && nLooseMuons == 0 && METcorrected_pt >= 250 && M_T <= 140 && minDeltaPhi12 >= 0.8 && Flag_goodVertices && Flag_globalSuperTightHalo2016Filter && Flag_HBHENoiseFilter && Flag_HBHENoiseIsoFilter && Flag_EcalDeadCellTriggerPrimitiveFilter && Flag_BadPFMuonFilter && Flag_ecalBadCalibFilterV2 && ((HLT_Ele32_WPTight_Gsf) || (HLT_Ele115_CaloIdVT_GsfTrkIdT || HLT_Photon200)) && PV_npvsGood > 0 && PV_ndof > 4 && abs(PV_z) < 24 && sqrt(pow(PV_x,2)+pow(PV_y,2)) < 2 && ((METcorrected_phi <= -1.62) || (METcorrected_phi >= -0.82))) || (njets >= 3 && nbjets >= 1 && nVetoElectrons == 0 && nTightMuons == 1 && nLooseMuons == 1 && METcorrected_pt >= 250 && M_T <= 140 && minDeltaPhi12 >= 0.8 && Flag_goodVertices && Flag_globalSuperTightHalo2016Filter && Flag_HBHENoiseFilter && Flag_HBHENoiseIsoFilter && Flag_EcalDeadCellTriggerPrimitiveFilter && Flag_BadPFMuonFilter && Flag_ecalBadCalibFilterV2 && (HLT_IsoMu24) && PV_npvsGood > 0 && PV_ndof > 4 && abs(PV_z) < 24 && sqrt(pow(PV_x,2)+pow(PV_y,2)) < 2 && ((METcorrected_phi <= -1.62) || (METcorrected_phi >= -0.82))) && Flag_eeBadScFilter
var =  METcorrected_pt
year =  2018
lumi =  59.74
saveDirectory =  plots/systematics/CMS_trig_m/
date =  12_06_2022
applying HEM fix for 2018...
Creating histograms..
Histogram options: 
    nbins =  15
    xmin =  250
    xmax =  550
    auto_y =  True
    doLogPlot =  True
    drawData =  False
    mediatorType =  scalar
    mchi =  1
    mphi =  100
    normalizePlots =  False
    useCentralSamples =  True
    doBinned =  False
    savePlots =  True
    combineEleMu =  True
    doSys =  False
    doSysFirstHalf =  False
    doSysSecondHalf =  False
    drawOverflow =  True
    drawUnderflow =  False
    plotSys =  True
    plotSysVar =  CMS_trig_m
    plotSysSignal =  False
Adding background up/down variation histograms...
    QCD_sysUp histogram made
    QCD_sysDown histogram made
    ZTo2L_sysUp histogram made
    ZTo2L_sysDown histogram made
    VV_sysUp histogram made
    VV_sysDown histogram made
    singleTop_sysUp histogram made
    singleTop_sysDown histogram made
    WPlusJets_sysUp histogram made
    WPlusJets_sysDown histogram made
    TTV_sysUp histogram made
    TTV_sysDown histogram made
    TTTo2L2Nu_sysUp histogram made
    TTTo2L2Nu_sysDown histogram made
    TTToSemiLepton_sysUp histogram made
    TTToSemiLepton_sysDown histogram made
    ZTo2Nu_sysUp histogram made
    ZTo2Nu_sysDown histogram made
    bkgSum_sysUp histogram made
    bkgSum_sysDown histogram made
    ttbar scalar_sysUp histogram made
    ttbar scalar_sysDown histogram made
    tbar scalar_sysUp histogram made
    tbar scalar_sysDown histogram made
Selected both SingleMuon and SingleElectron dataset
Loading data sample root files and event trees...
    ----Loading /hdfs/store/user/vshang/SingleElectron_Run2018A/EGamma/ModuleCommonSkim_11102022/tree_all.root
    nevents in filepath = /hdfs/store/user/vshang/SingleElectron_Run2018A/EGamma/ModuleCommonSkim_11102022/tree_all.root: 86080
    ----Loading /hdfs/store/user/vshang/SingleElectron_Run2018B/EGamma/ModuleCommonSkim_11102022/tree_all.root
    nevents in filepath = /hdfs/store/user/vshang/SingleElectron_Run2018B/EGamma/ModuleCommonSkim_11102022/tree_all.root: 45467
    ----Loading /hdfs/store/user/vshang/SingleElectron_Run2018C/EGamma/ModuleCommonSkim_11102022/tree_all.root
    nevents in filepath = /hdfs/store/user/vshang/SingleElectron_Run2018C/EGamma/ModuleCommonSkim_11102022/tree_all.root: 75543
    ----Loading /hdfs/store/user/vshang/SingleElectron_Run2018D/EGamma/ModuleCommonSkim_11102022/tree_all.root
    nevents in filepath = /hdfs/store/user/vshang/SingleElectron_Run2018D/EGamma/ModuleCommonSkim_11102022/tree_all.root: 384611
    total nevents in  SingleElectron :  591701
    ----Loading /hdfs/store/user/vshang/SingleMuon_Run2018A/SingleMuon/ModuleCommonSkim_11102022/tree_all.root
    nevents in filepath = /hdfs/store/user/vshang/SingleMuon_Run2018A/SingleMuon/ModuleCommonSkim_11102022/tree_all.root: 120583
    ----Loading /hdfs/store/user/vshang/SingleMuon_Run2018B/SingleMuon/ModuleCommonSkim_11102022/tree_all.root
    nevents in filepath = /hdfs/store/user/vshang/SingleMuon_Run2018B/SingleMuon/ModuleCommonSkim_11102022/tree_all.root: 67623
    ----Loading /hdfs/store/user/vshang/SingleMuon_Run2018C/SingleMuon/ModuleCommonSkim_11102022/tree_all.root
    nevents in filepath = /hdfs/store/user/vshang/SingleMuon_Run2018C/SingleMuon/ModuleCommonSkim_11102022/tree_all.root: 76657
    ----Loading /hdfs/store/user/vshang/SingleMuon_Run2018D/SingleMuon/ModuleCommonSkim_11102022/tree_all.root
    nevents in filepath = /hdfs/store/user/vshang/SingleMuon_Run2018D/SingleMuon/ModuleCommonSkim_11102022/tree_all.root: 360359
    total nevents in  SingleMuon :  625222
Got data sample root files and event trees
Loading MC sample root files and event trees...
    ----Loading HT600To800
    nevents in  ZTo2Nu   HT600To800 :  5748975
    ----Loading HT1200To2500
    nevents in  ZTo2Nu   HT1200To2500 :  343198
    ----Loading HT100To200
    nevents in  ZTo2Nu   HT100To200 :  23702894
    ----Loading HT2500ToInf
    nevents in  ZTo2Nu   HT2500ToInf :  359639
    ----Loading HT800To1200
    nevents in  ZTo2Nu   HT800To1200 :  2066798
    ----Loading HT200To400
    nevents in  ZTo2Nu   HT200To400 :  23276346
    ----Loading HT400To600
    nevents in  ZTo2Nu   HT400To600 :  9511100
    ----Loading tWChan_MChi1_MPhi100_scalar
    nevents in  tbar scalar   tWChan_MChi1_MPhi100_scalar :  153000
    ----Loading tChan_MChi1_MPhi100_scalar
    nevents in  tbar scalar   tChan_MChi1_MPhi100_scalar :  307000
    ----Loading WWTo1L1Nu2Q
    nevents in  WW   WWTo1L1Nu2Q :  4683136
    ----Loading WWTo4Q
    nevents in  WW   WWTo4Q :  3790800
    ----Loading WWTo2L2Nu
    nevents in  WW   WWTo2L2Nu :  7758900
    ----Loading TTToSemiLepton
    nevents in  ttbarPlusJets   TTToSemiLepton :  300619998
    ----Loading TTTo2L2Nu
    nevents in  ttbarPlusJets   TTTo2L2Nu :  64310000
    ----Loading ttDM_MChi1_MPhi100_scalar
    nevents in  ttbar scalar   ttDM_MChi1_MPhi100_scalar :  1842523
    ----Loading ZZTo2Q2Nu
    nevents in  ZZ   ZZTo2Q2Nu :  57633049
    ----Loading ZZTo4L
    nevents in  ZZ   ZZTo4L :  124649500
    ----Loading ZZTo2L2Q
    nevents in  ZZ   ZZTo2L2Q :  27900469
    ----Loading ZZTo2L2Nu
    nevents in  ZZ   ZZTo2L2Nu :  56428600
    ----Loading Pt50to80
    nevents in  QCD   Pt50to80 :  25580000
    ----Loading Pt2400to3200
    nevents in  QCD   Pt2400to3200 :  2394000
    ----Loading Pt30to50
    nevents in  QCD   Pt30to50 :  18488000
    ----Loading Pt470to600
    nevents in  QCD   Pt470to600 :  42459973
    ----Loading Pt300to470
    nevents in  QCD   Pt300to470 :  41744000
    ----Loading Pt170to300
    nevents in  QCD   Pt170to300 :  29710000
    ----Loading Pt800to1000
    nevents in  QCD   Pt800to1000 :  36062000
    ----Loading Pt600to800
 Info in <TCanvas::MakeDefCanvas>:  created default TCanvas with name c1
TFile::Append:0: RuntimeWarning: Replacing existing TH1: hist (Potential memory leak).
TFile::Append:0: RuntimeWarning: Replacing existing TH1: hist (Potential memory leak).
   nevents in  QCD   Pt600to800 :  64061000
    ----Loading Pt120to170
    nevents in  QCD   Pt120to170 :  25255000
    ----Loading Pt1000to1400
    nevents in  QCD   Pt1000to1400 :  18485000
    ----Loading Pt1400to1800
    nevents in  QCD   Pt1400to1800 :  6928000
    ----Loading Pt15to30
    nevents in  QCD   Pt15to30 :  19451000
    ----Loading Pt3200toInf
    nevents in  QCD   Pt3200toInf :  925000
    ----Loading Pt80to120
    nevents in  QCD   Pt80to120 :  29535000
    ----Loading Pt1800to2400
    nevents in  QCD   Pt1800to2400 :  4017800
    ----Loading WZTo2Q2Nu
    nevents in  WZ   WZTo2Q2Nu :  30887331
    ----Loading WZTo2L2Q
    nevents in  WZ   WZTo2L2Q :  28193648
    ----Loading WZTo3LNu
    nevents in  WZ   WZTo3LNu :  11248318
    ----Loading WZTo1L3Nu
    nevents in  WZ   WZTo1L3Nu :  1690064
    ----Loading WZTo1L1Nu2Q
    nevents in  WZ   WZTo1L1Nu2Q :  18273533
    ----Loading TTZToQQ
    nevents in  TTV   TTZToQQ :  9572000
    ----Loading TTWJetsToLNu
    nevents in  TTV   TTWJetsToLNu :  4911941
    ----Loading TTWJetsToQQ
    nevents in  TTV   TTWJetsToQQ :  835296
    ----Loading TTZToLLNuNu
    nevents in  TTV   TTZToLLNuNu :  13280000
    ----Loading HT600To800
    nevents in  ZTo2L   HT600To800 :  8862104
    ----Loading HT1200To2500
    nevents in  ZTo2L   HT1200To2500 :  536416
    ----Loading HT100To200
    nevents in  ZTo2L   HT100To200 :  11530510
    ----Loading HT2500ToInf
    nevents in  ZTo2L   HT2500ToInf :  427051
    ----Loading HT800To1200
    nevents in  ZTo2L   HT800To1200 :  3138129
    ----Loading HT200To400
    nevents in  ZTo2L   HT200To400 :  10860690
    ----Loading HT400To600
    nevents in  ZTo2L   HT400To600 :  46161988
    ----Loading ST_s-channel
    nevents in  singleTop   ST_s-channel :  19890000
    ----Loading ST_t-channel_antitop
    nevents in  singleTop   ST_t-channel_antitop :  79090800
    ----Loading ST_tW_top
    nevents in  singleTop   ST_tW_top :  9598000
    ----Loading ST_t-channel_top
    nevents in  singleTop   ST_t-channel_top :  154307600
    ----Loading ST_tW_antitop
    nevents in  singleTop   ST_tW_antitop :  7527000
    ----Loading HT200To400
    nevents in  WPlusJets   HT200To400 :  25468933
    ----Loading HT70To100
    nevents in  WPlusJets   HT70To100 :  28084244
    ----Loading HT600To800
    nevents in  WPlusJets   HT600To800 :  19771294
    ----Loading HT1200To2500
    nevents in  WPlusJets   HT1200To2500 :  7633949
    ----Loading HT100To200
    nevents in  WPlusJets   HT100To200 :  29425374
    ----Loading HT400To600
    nevents in  WPlusJets   HT400To600 :  5932701
    ----Loading HT2500ToInf
    nevents in  WPlusJets   HT2500ToInf :  3273980
    ----Loading HT800To1200
    nevents in  WPlusJets   HT800To1200 :  8402687
Got MC sample root files and event trees
Filling data histograms...
Filling MC histograms...
  Process =  ZTo2Nu
      Dataset =  HT600To800  ||   nEvents =  5748975
Applied ZTo2Nu qcd/ewk Weights correctly
          hist weight =  0.0338448471249*leptonWeight*bjetWeight*puWeight*muonTriggerWeight*EE_L1_prefire_Weight*electronTriggerWeight*qcdZTo2NuWeight*ewkZWeight
          hist nEntries =  4.0
          hist integral =  0.116302326787
          Adding up/down varations for systematic given by plotSysVar to MC background histograms...
      Dataset =  HT1200To2500  ||   nEvents =  343198
Applied ZTo2Nu qcd/ewk Weights correctly
          hist weight =  0.0595140589397*leptonWeight*bjetWeight*puWeight*muonTriggerWeight*EE_L1_prefire_Weight*electronTriggerWeight*qcdZTo2NuWeight*ewkZWeight
          hist nEntries =  0.0
          hist integral =  0.0
          Adding up/down varations for systematic given by plotSysVar to MC background histograms...
      Dataset =  HT100To200  ||   nEvents =  23702894
Applied ZTo2Nu qcd/ewk Weights correctly
          hist weight =  0.763167231816*leptonWeight*bjetWeight*puWeight*muonTriggerWeight*EE_L1_prefire_Weight*electronTriggerWeight*qcdZTo2NuWeight*ewkZWeight
          hist nEntries =  0.0
          hist integral =  0.0
          Adding up/down varations for systematic given byTFile::Append:0: RuntimeWarning: Replacing existing TH1: hist (Potential memory leak).
TFile::Append:0: RuntimeWarning: Replacing existing TH1: hist (Potential memory leak).
TFile::Append:0: RuntimeWarning: Replacing existing TH1: hist (Potential memory leak).
TFile::Append:0: RuntimeWarning: Replacing existing TH1: hist (Potential memory leak).
TFile::Append:0: RuntimeWarning: Replacing existing TH1: hist (Potential memory leak).
TFile::Append:0: RuntimeWarning: Replacing existing TH1: hist (Potential memory leak).
TFile::Append:0: RuntimeWarning: Replacing existing TH1: hist (Potential memory leak).
TFile::Append:0: RuntimeWarning: Replacing existing TH1: hist (Potential memory leak).
TFile::Append:0: RuntimeWarning: Replacing existing TH1: hist (Potential memory leak).
TFile::Append:0: RuntimeWarning: Replacing existing TH1: hist (Potential memory leak).
TFile::Append:0: RuntimeWarning: Replacing existing TH1: hist (Potential memory leak).
 plotSysVar to MC background histograms...
      Dataset =  HT2500ToInf  ||   nEvents =  359639
Applied ZTo2Nu qcd/ewk Weights correctly
          hist weight =  0.000854807292869*leptonWeight*bjetWeight*puWeight*muonTriggerWeight*EE_L1_prefire_Weight*electronTriggerWeight*qcdZTo2NuWeight*ewkZWeight
          hist nEntries =  1.0
          hist integral =  0.00113721785601
          Adding up/down varations for systematic given by plotSysVar to MC background histograms...
      Dataset =  HT800To1200  ||   nEvents =  2066798
Applied ZTo2Nu qcd/ewk Weights correctly
          hist weight =  0.0430678760092*leptonWeight*bjetWeight*puWeight*muonTriggerWeight*EE_L1_prefire_Weight*electronTriggerWeight*qcdZTo2NuWeight*ewkZWeight
          hist nEntries =  8.0
          hist integral =  0.375093348324
          Adding up/down varations for systematic given by plotSysVar to MC background histograms...
      Dataset =  HT200To400  ||   nEvents =  23276346
Applied ZTo2Nu qcd/ewk Weights correctly
          hist weight =  0.23763723911*leptonWeight*bjetWeight*puWeight*muonTriggerWeight*EE_L1_prefire_Weight*electronTriggerWeight*qcdZTo2NuWeight*ewkZWeight
          hist nEntries =  0.0
          hist integral =  0.0
          Adding up/down varations for systematic given by plotSysVar to MC background histograms...
      Dataset =  HT400To600  ||   nEvents =  9511100
Applied ZTo2Nu qcd/ewk Weights correctly
          hist weight =  0.0827846621316*leptonWeight*bjetWeight*puWeight*muonTriggerWeight*EE_L1_prefire_Weight*electronTriggerWeight*qcdZTo2NuWeight*ewkZWeight
          hist nEntries =  3.0
          hist integral =  0.460607677698
          Adding up/down varations for systematic given by plotSysVar to MC background histograms...
  Process =  tbar scalar
      Dataset =  tWChan_MChi1_MPhi100_scalar  ||   nEvents =  153000
          hist weight =  0.0214517359477*leptonWeight*bjetWeight*puWeight*muonTriggerWeight*EE_L1_prefire_Weight*electronTriggerWeight
          hist nEntries =  647.0
          hist integral =  13.0731868967
          Adding up/down varations for systematic given by plotSysVar to MC background histograms...
      Dataset =  tChan_MChi1_MPhi100_scalar  ||   nEvents =  307000
          hist weight =  0.0554200390879*leptonWeight*bjetWeight*puWeight*muonTriggerWeight*EE_L1_prefire_Weight*electronTriggerWeight
          hist nEntries =  121.0
          hist integral =  6.08196004108
          Adding up/down varations for systematic given by plotSysVar to MC background histograms...
  Process =  WW
      Dataset =  WWTo1L1Nu2Q  ||   nEvents =  4683136
          hist weight =  1.02995249337*leptonWeight*bjetWeight*puWeight*muonTriggerWeight*EE_L1_prefire_Weight*electronTriggerWeight
          hist nEntries =  290.0
          hist integral =  318.616862297
          Adding up/down varations for systematic given by plotSysVar to MC background histograms...
      Dataset =  WWTo4Q  ||   nEvents =  3790800
          hist weight =  0.752186926242*leptonWeight*bjetWeight*puWeight*muonTriggerWeight*EE_L1_prefire_Weight*electronTriggerWeight
          hist nEntries =  0.0
          hist integral =  0.0
          Adding up/down varations for systematic given by plotSysVar to MC background histograms...
      Dataset =  WWTo2L2Nu  ||   nEvents =  7758900
          hist weight =  0.0853109590277*leptonWeight*bjetWeight*puWeight*muonTriggerWeight*EE_L1_prefire_Weight*electronTriggerWeight
          hist nEntries =  219.0
          hist integral =  20.6388338059
          Adding up/down varations for systematic given by plotSysVar to MC background histograms...
  Process =  ttbarPlusJets
      Dataset =  TTToSemiLepton  ||   nEvents =  300619998
          hist weight =  0.0724045943211*leptonWeight*bjetWeight*puWeight*muonTriggerWeight*EE_L1_prefire_Weight*electronTriggerWeight
          hist nEntries =  252236.0
          hist integral =  16586.0586395
          Adding up/down varations for systematic given by plotSysVar to MC background histograms...
      Dataset =  TTTo2L2Nu  ||   nEvents =  64310000
          hist weighTFile::Append:0: RuntimeWarning: Replacing existing TH1: hist (Potential memory leak).
TFile::Append:0: RuntimeWarning: Replacing existing TH1: hist (Potential memory leak).
TFile::Append:0: RuntimeWarning: Replacing existing TH1: hist (Potential memory leak).
TFile::Append:0: RuntimeWarning: Replacing existing TH1: hist (Potential memory leak).
TFile::Append:0: RuntimeWarning: Replacing existing TH1: hist (Potential memory leak).
TFile::Append:0: RuntimeWarning: Replacing existing TH1: hist (Potential memory leak).
TFile::Append:0: RuntimeWarning: Replacing existing TH1: hist (Potential memory leak).
TFile::Append:0: RuntimeWarning: Replacing existing TH1: hist (Potential memory leak).
TFile::Append:0: RuntimeWarning: Replacing existing TH1: hist (Potential memory leak).
TFile::Append:0: RuntimeWarning: Replacing existing TH1: hist (Potential memory leak).
t =  0.0811055730058*leptonWeight*bjetWeight*puWeight*muonTriggerWeight*EE_L1_prefire_Weight*electronTriggerWeight
          hist nEntries =  26486.0
          hist integral =  1981.36456776
          Adding up/down varations for systematic given by plotSysVar to MC background histograms...
  Process =  ttbar scalar
      Dataset =  ttDM_MChi1_MPhi100_scalar  ||   nEvents =  1842523
          hist weight =  0.0234310810774*leptonWeight*bjetWeight*puWeight*muonTriggerWeight*EE_L1_prefire_Weight*electronTriggerWeight*GenModel__TTbarDMJets_Inclusive_scalar_LO_Mchi_1_Mphi_100_TuneCP5_13TeV_madgraph_mcatnlo_pythia8
          hist nEntries =  5609.0
          hist integral =  119.861872733
          Adding up/down varations for systematic given by plotSysVar to MC background histograms...
  Process =  ZZ
      Dataset =  ZZTo2Q2Nu  ||   nEvents =  57633049
          hist weight =  0.00473085086996*leptonWeight*bjetWeight*puWeight*muonTriggerWeight*EE_L1_prefire_Weight*electronTriggerWeight
          hist nEntries =  3.0
          hist integral =  0.00898569892161
          Adding up/down varations for systematic given by plotSysVar to MC background histograms...
      Dataset =  ZZTo4L  ||   nEvents =  124649500
          hist weight =  0.000635024609004*leptonWeight*bjetWeight*puWeight*muonTriggerWeight*EE_L1_prefire_Weight*electronTriggerWeight
          hist nEntries =  76.0
          hist integral =  0.059680424456
          Adding up/down varations for systematic given by plotSysVar to MC background histograms...
      Dataset =  ZZTo2L2Q  ||   nEvents =  27900469
          hist weight =  0.00789668159342*leptonWeight*bjetWeight*puWeight*muonTriggerWeight*EE_L1_prefire_Weight*electronTriggerWeight
          hist nEntries =  402.0
          hist integral =  2.99247461883
          Adding up/down varations for systematic given by plotSysVar to MC background histograms...
      Dataset =  ZZTo2L2Nu  ||   nEvents =  56428600
          hist weight =  0.000597520689863*leptonWeight*bjetWeight*puWeight*muonTriggerWeight*EE_L1_prefire_Weight*electronTriggerWeight
          hist nEntries =  416.0
          hist integral =  0.259915516712
          Adding up/down varations for systematic given by plotSysVar to MC background histograms...
  Process =  QCD
      Dataset =  Pt50to80  ||   nEvents =  25580000
          hist weight =  36619.3588741*leptonWeight*bjetWeight*puWeight*muonTriggerWeight*EE_L1_prefire_Weight*electronTriggerWeight
          hist nEntries =  0.0
          hist integral =  0.0
          Adding up/down varations for systematic given by plotSysVar to MC background histograms...
      Dataset =  Pt2400to3200  ||   nEvents =  2394000
          hist weight =  0.000130809139515*leptonWeight*bjetWeight*puWeight*muonTriggerWeight*EE_L1_prefire_Weight*electronTriggerWeight
          hist nEntries =  3.0
          hist integral =  0.000596270081587
          Adding up/down varations for systematic given by plotSysVar to MC background histograms...
      Dataset =  Pt30to50  ||   nEvents =  18488000
          hist weight =  344454.997836*leptonWeight*bjetWeight*puWeight*muonTriggerWeight*EE_L1_prefire_Weight*electronTriggerWeight
          hist nEntries =  0.0
          hist integral =  0.0
          Adding up/down varations for systematic given by plotSysVar to MC background histograms...
      Dataset =  Pt470to600  ||   nEvents =  42459973
          hist weight =  0.777492816588*leptonWeight*bjetWeight*puWeight*muonTriggerWeight*EE_L1_prefire_Weight*electronTriggerWeight
          hist nEntries =  27.0
          hist integral =  21.3291145563
          Adding up/down varations for systematic given by plotSysVar to MC background histograms...
      Dataset =  Pt300to470  ||   nEvents =  41744000
          hist weight =  9.76871502491*leptonWeight*bjetWeight*puWeight*muonTriggerWeight*EE_L1_prefire_Weight*electronTriggerWeight
          hist nEntries =  3.0
          hist integral =  26.9293603897
          Adding up/down varations for systematic given by plotSysVar to MC background histograms...
      Dataset =  Pt170to3TFile::Append:0: RuntimeWarning: Replacing existing TH1: hist (Potential memory leak).
TFile::Append:0: RuntimeWarning: Replacing existing TH1: hist (Potential memory leak).
TFile::Append:0: RuntimeWarning: Replacing existing TH1: hist (Potential memory leak).
TFile::Append:0: RuntimeWarning: Replacing existing TH1: hist (Potential memory leak).
TFile::Append:0: RuntimeWarning: Replacing existing TH1: hist (Potential memory leak).
TFile::Append:0: RuntimeWarning: Replacing existing TH1: hist (Potential memory leak).
TFile::Append:0: RuntimeWarning: Replacing existing TH1: hist (Potential memory leak).
TFile::Append:0: RuntimeWarning: Replacing existing TH1: hist (Potential memory leak).
TFile::Append:0: RuntimeWarning: Replacing existing TH1: hist (Potential memory leak).
TFile::Append:0: RuntimeWarning: Replacing existing TH1: hist (Potential memory leak).
TFile::Append:0: RuntimeWarning: Replacing existing TH1: hist (Potential memory leak).
TFile::Append:0: RuntimeWarning: Replacing existing TH1: hist (Potential memory leak).
00  ||   nEvents =  29710000
          hist weight =  207.712622013*leptonWeight*bjetWeight*puWeight*muonTriggerWeight*EE_L1_prefire_Weight*electronTriggerWeight
          hist nEntries =  0.0
          hist integral =  0.0
          Adding up/down varations for systematic given by plotSysVar to MC background histograms...
      Dataset =  Pt800to1000  ||   nEvents =  36062000
          hist weight =  0.0436014863291*leptonWeight*bjetWeight*puWeight*muonTriggerWeight*EE_L1_prefire_Weight*electronTriggerWeight
          hist nEntries =  87.0
          hist integral =  3.26021529734
          Adding up/down varations for systematic given by plotSysVar to MC background histograms...
      Dataset =  Pt600to800  ||   nEvents =  64061000
          hist weight =  0.146037120869*leptonWeight*bjetWeight*puWeight*muonTriggerWeight*EE_L1_prefire_Weight*electronTriggerWeight
          hist nEntries =  108.0
          hist integral =  15.1105878726
          Adding up/down varations for systematic given by plotSysVar to MC background histograms...
      Dataset =  Pt120to170  ||   nEvents =  25255000
          hist weight =  962.27408434*leptonWeight*bjetWeight*puWeight*muonTriggerWeight*EE_L1_prefire_Weight*electronTriggerWeight
          hist nEntries =  0.0
          hist integral =  0.0
          Adding up/down varations for systematic given by plotSysVar to MC background histograms...
      Dataset =  Pt1000to1400  ||   nEvents =  18485000
          hist weight =  0.024238571815*leptonWeight*bjetWeight*puWeight*muonTriggerWeight*EE_L1_prefire_Weight*electronTriggerWeight
          hist nEntries =  50.0
          hist integral =  1.1760256961
          Adding up/down varations for systematic given by plotSysVar to MC background histograms...
      Dataset =  Pt1400to1800  ||   nEvents =  6928000
          hist weight =  0.00558682823326*leptonWeight*bjetWeight*puWeight*muonTriggerWeight*EE_L1_prefire_Weight*electronTriggerWeight
          hist nEntries =  26.0
          hist integral =  0.148999667726
          Adding up/down varations for systematic given by plotSysVar to MC background histograms...
      Dataset =  Pt15to30  ||   nEvents =  19451000
          hist weight =  3832991.61997*leptonWeight*bjetWeight*puWeight*muonTriggerWeight*EE_L1_prefire_Weight*electronTriggerWeight
          hist nEntries =  0.0
          hist integral =  0.0
          Adding up/down varations for systematic given by plotSysVar to MC background histograms...
      Dataset =  Pt3200toInf  ||   nEvents =  925000
          hist weight =  8.71235243243e-06*leptonWeight*bjetWeight*puWeight*muonTriggerWeight*EE_L1_prefire_Weight*electronTriggerWeight
          hist nEntries =  1.0
          hist integral =  1.58479888341e-05
          Adding up/down varations for systematic given by plotSysVar to MC background histograms...
      Dataset =  Pt80to120  ||   nEvents =  29535000
          hist weight =  4724.99204334*leptonWeight*bjetWeight*puWeight*muonTriggerWeight*EE_L1_prefire_Weight*electronTriggerWeight
          hist nEntries =  0.0
          hist integral =  0.0
          Adding up/down varations for systematic given by plotSysVar to MC background histograms...
      Dataset =  Pt1800to2400  ||   nEvents =  4017800
          hist weight =  0.00129581885609*leptonWeight*bjetWeight*puWeight*muonTriggerWeight*EE_L1_prefire_Weight*electronTriggerWeight
          hist nEntries =  8.0
          hist integral =  0.0112597731058
          Adding up/down varations for systematic given by plotSysVar to MC background histograms...
  Process =  WZ
      Dataset =  WZTo2Q2Nu  ||   nEvents =  30887331
          hist weight =  0.0132642383377*leptonWeight*bjetWeight*puWeight*muonTriggerWeight*EE_L1_prefire_Weight*electronTriggerWeight
          hist nEntries =  0.0
          hist integral =  0.0
          Adding up/down varations for systematic given by plotSysVar to MC background histograms...
      Dataset =  WZTo2L2Q  ||   nEvents =  28193648
          hist weight =  0.0134148635182*leptonWeight*bjetWeight*puWeight*muonTriggerWeight*EE_L1_prefire_Weight*elecTFile::Append:0: RuntimeWarning: Replacing existing TH1: hist (Potential memory leak).
TFile::Append:0: RuntimeWarning: Replacing existing TH1: hist (Potential memory leak).
TFile::Append:0: RuntimeWarning: Replacing existing TH1: hist (Potential memory leak).
TFile::Append:0: RuntimeWarning: Replacing existing TH1: hist (Potential memory leak).
TFile::Append:0: RuntimeWarning: Replacing existing TH1: hist (Potential memory leak).
TFile::Append:0: RuntimeWarning: Replacing existing TH1: hist (Potential memory leak).
TFile::Append:0: RuntimeWarning: Replacing existing TH1: hist (Potential memory leak).
TFile::Append:0: RuntimeWarning: Replacing existing TH1: hist (Potential memory leak).
TFile::Append:0: RuntimeWarning: Replacing existing TH1: hist (Potential memory leak).
TFile::Append:0: RuntimeWarning: Replacing existing TH1: hist (Potential memory leak).
tronTriggerWeight
          hist nEntries =  326.0
          hist integral =  4.69965014793
          Adding up/down varations for systematic given by plotSysVar to MC background histograms...
      Dataset =  WZTo3LNu  ||   nEvents =  11248318
          hist weight =  0.0268312542373*leptonWeight*bjetWeight*puWeight*muonTriggerWeight*EE_L1_prefire_Weight*electronTriggerWeight
          hist nEntries =  225.0
          hist integral =  7.00225254148
          Adding up/down varations for systematic given by plotSysVar to MC background histograms...
      Dataset =  WZTo1L3Nu  ||   nEvents =  1690064
          hist weight =  0.11813226008*leptonWeight*bjetWeight*puWeight*muonTriggerWeight*EE_L1_prefire_Weight*electronTriggerWeight
          hist nEntries =  120.0
          hist integral =  13.8307326473
          Adding up/down varations for systematic given by plotSysVar to MC background histograms...
      Dataset =  WZTo1L1Nu2Q  ||   nEvents =  18273533
          hist weight =  0.0381189778682*leptonWeight*bjetWeight*puWeight*muonTriggerWeight*EE_L1_prefire_Weight*electronTriggerWeight
          hist nEntries =  4671.0
          hist integral =  169.932170749
          Adding up/down varations for systematic given by plotSysVar to MC background histograms...
  Process =  TTV
      Dataset =  TTZToQQ  ||   nEvents =  9572000
          hist weight =  0.00318546761387*leptonWeight*bjetWeight*puWeight*muonTriggerWeight*EE_L1_prefire_Weight*electronTriggerWeight
          hist nEntries =  16824.0
          hist integral =  49.9104122519
          Adding up/down varations for systematic given by plotSysVar to MC background histograms...
      Dataset =  TTWJetsToLNu  ||   nEvents =  4911941
          hist weight =  0.00261365639367*leptonWeight*bjetWeight*puWeight*muonTriggerWeight*EE_L1_prefire_Weight*electronTriggerWeight
          hist nEntries =  21152.0
          hist integral =  51.3887181878
          Adding up/down varations for systematic given by plotSysVar to MC background histograms...
      Dataset =  TTWJetsToQQ  ||   nEvents =  835296
          hist weight =  0.0308678408612*leptonWeight*bjetWeight*puWeight*muonTriggerWeight*EE_L1_prefire_Weight*electronTriggerWeight
          hist nEntries =  1704.0
          hist integral =  48.9924790561
          Adding up/down varations for systematic given by plotSysVar to MC background histograms...
      Dataset =  TTZToLLNuNu  ||   nEvents =  13280000
          hist weight =  0.00109403373494*leptonWeight*bjetWeight*puWeight*muonTriggerWeight*EE_L1_prefire_Weight*electronTriggerWeight
          hist nEntries =  33492.0
          hist integral =  33.7471305728
          Adding up/down varations for systematic given by plotSysVar to MC background histograms...
  Process =  ZTo2L
      Dataset =  HT600To800  ||   nEvents =  8862104
Applied ZTo2L qcd/ewk Weights correctly
          hist weight =  0.0117496725383*leptonWeight*bjetWeight*puWeight*muonTriggerWeight*EE_L1_prefire_Weight*electronTriggerWeight*qcdZTo2LWeight*ewkZWeight
          hist nEntries =  2479.0
          hist integral =  27.3825884461
          Adding up/down varations for systematic given by plotSysVar to MC background histograms...
      Dataset =  HT1200To2500  ||   nEvents =  536416
Applied ZTo2L qcd/ewk Weights correctly
          hist weight =  0.0215275867983*leptonWeight*bjetWeight*puWeight*muonTriggerWeight*EE_L1_prefire_Weight*electronTriggerWeight*qcdZTo2LWeight*ewkZWeight
          hist nEntries =  200.0
          hist integral =  3.55424523726
          Adding up/down varations for systematic given by plotSysVar to MC background histograms...
      Dataset =  HT100To200  ||   nEvents =  11530510
Applied ZTo2L qcd/ewk Weights correctly
          hist weight =  0.834665075526*leptonWeight*bjetWeight*puWeight*muonTriggerWeight*EE_L1_prefire_Weight*electronTriggerWeight*qcdZTo2LWeight*ewkZWeight
          hist nEntries =  1.0
          hist integral =  0.582959055901
          Adding up/down varations for systematic given by plotSysVar to MC background histograms...
      Dataset =  HT2500ToInfTFile::Append:0: RuntimeWarning: Replacing existing TH1: hist (Potential memory leak).
TFile::Append:0: RuntimeWarning: Replacing existing TH1: hist (Potential memory leak).
TFile::Append:0: RuntimeWarning: Replacing existing TH1: hist (Potential memory leak).
TFile::Append:0: RuntimeWarning: Replacing existing TH1: hist (Potential memory leak).
TFile::Append:0: RuntimeWarning: Replacing existing TH1: hist (Potential memory leak).
TFile::Append:0: RuntimeWarning: Replacing existing TH1: hist (Potential memory leak).
TFile::Append:0: RuntimeWarning: Replacing existing TH1: hist (Potential memory leak).
TFile::Append:0: RuntimeWarning: Replacing existing TH1: hist (Potential memory leak).
TFile::Append:0: RuntimeWarning: Replacing existing TH1: hist (Potential memory leak).
TFile::Append:0: RuntimeWarning: Replacing existing TH1: hist (Potential memory leak).
  ||   nEvents =  427051
Applied ZTo2L qcd/ewk Weights correctly
          hist weight =  0.00048513718502*leptonWeight*bjetWeight*puWeight*muonTriggerWeight*EE_L1_prefire_Weight*electronTriggerWeight*qcdZTo2LWeight*ewkZWeight
          hist nEntries =  112.0
          hist integral =  0.0494620240061
          Adding up/down varations for systematic given by plotSysVar to MC background histograms...
      Dataset =  HT800To1200  ||   nEvents =  3138129
Applied ZTo2L qcd/ewk Weights correctly
          hist weight =  0.0153284482569*leptonWeight*bjetWeight*puWeight*muonTriggerWeight*EE_L1_prefire_Weight*electronTriggerWeight*qcdZTo2LWeight*ewkZWeight
          hist nEntries =  1154.0
          hist integral =  15.3359874189
          Adding up/down varations for systematic given by plotSysVar to MC background histograms...
      Dataset =  HT200To400  ||   nEvents =  10860690
Applied ZTo2L qcd/ewk Weights correctly
          hist weight =  0.267657800747*leptonWeight*bjetWeight*puWeight*muonTriggerWeight*EE_L1_prefire_Weight*electronTriggerWeight*qcdZTo2LWeight*ewkZWeight
          hist nEntries =  38.0
          hist integral =  11.7301637232
          Adding up/down varations for systematic given by plotSysVar to MC background histograms...
      Dataset =  HT400To600  ||   nEvents =  46161988
Applied ZTo2L qcd/ewk Weights correctly
          hist weight =  0.00901755617631*leptonWeight*bjetWeight*puWeight*muonTriggerWeight*EE_L1_prefire_Weight*electronTriggerWeight*qcdZTo2LWeight*ewkZWeight
          hist nEntries =  5228.0
          hist integral =  48.4209230086
          Adding up/down varations for systematic given by plotSysVar to MC background histograms...
  Process =  singleTop
      Dataset =  ST_s-channel  ||   nEvents =  19890000
          hist weight =  0.0112331623932*leptonWeight*bjetWeight*puWeight*muonTriggerWeight*EE_L1_prefire_Weight*electronTriggerWeight
          hist nEntries =  3254.0
          hist integral =  33.4949344248
          Adding up/down varations for systematic given by plotSysVar to MC background histograms...
      Dataset =  ST_t-channel_antitop  ||   nEvents =  79090800
          hist weight =  0.0512947574181*leptonWeight*bjetWeight*puWeight*muonTriggerWeight*EE_L1_prefire_Weight*electronTriggerWeight
          hist nEntries =  1961.0
          hist integral =  92.2244885862
          Adding up/down varations for systematic given by plotSysVar to MC background histograms...
      Dataset =  ST_tW_top  ||   nEvents =  9598000
          hist weight =  0.217287289019*leptonWeight*bjetWeight*puWeight*muonTriggerWeight*EE_L1_prefire_Weight*electronTriggerWeight
          hist nEntries =  5917.0
          hist integral =  1185.24065781
          Adding up/down varations for systematic given by plotSysVar to MC background histograms...
      Dataset =  ST_t-channel_top  ||   nEvents =  154307600
          hist weight =  0.043863957446*leptonWeight*bjetWeight*puWeight*muonTriggerWeight*EE_L1_prefire_Weight*electronTriggerWeight
          hist nEntries =  5376.0
          hist integral =  213.272841454
          Adding up/down varations for systematic given by plotSysVar to MC background histograms...
      Dataset =  ST_tW_antitop  ||   nEvents =  7527000
          hist weight =  0.277548531952*leptonWeight*bjetWeight*puWeight*muonTriggerWeight*EE_L1_prefire_Weight*electronTriggerWeight
          hist nEntries =  4642.0
          hist integral =  1174.15217113
          Adding up/down varations for systematic given by plotSysVar to MC background histograms...
  Process =  WPlusJets
      Dataset =  HT200To400  ||   nEvents =  25468933
Applied WPlusJets qcd/ewk Weights correctly
          hist weight =  0.956771373186*leptonWeight*bjetWeight*puWeight*muonTriggerWeight*EE_L1_prefire_Weight*electronTriggerWeight*qcdWWeight*ewkWWeight
          hist nEntries =  542.0
          hist integral =  519.07765913
          Adding up/down varations for systematic given by plotSysVar to MC background histograms...
DEBUG OUTPUT HERE: 
weightedcut =  0.956771373186*leptonWeight*bjetWeight*puWeight*muoTFile::Append:0: RuntimeWarning: Replacing existing TH1: hist (Potential memory leak).
nTriggerWeight*EE_L1_prefire_Weight*electronTriggerWeight*qcdWWeight*ewkWWeight*((njets >= 3 && nbjets >= 1 && nTightElectrons == 1 && nVetoElectrons == 1 && nLooseMuons == 0 && METcorrected_pt >= 250 && M_T <= 140 && minDeltaPhi12 >= 0.8 && Flag_goodVertices && Flag_globalSuperTightHalo2016Filter && Flag_HBHENoiseFilter && Flag_HBHENoiseIsoFilter && Flag_EcalDeadCellTriggerPrimitiveFilter && Flag_BadPFMuonFilter && Flag_ecalBadCalibFilterV2 && ((HLT_Ele32_WPTight_Gsf) || (HLT_Ele115_CaloIdVT_GsfTrkIdT || HLT_Photon200)) && PV_npvsGood > 0 && PV_ndof > 4 && abs(PV_z) < 24 && sqrt(pow(PV_x,2)+pow(PV_y,2)) < 2 && ((METcorrected_phi <= -1.62) || (METcorrected_phi >= -0.82))) || (njets >= 3 && nbjets >= 1 && nVetoElectrons == 0 && nTightMuons == 1 && nLooseMuons == 1 && METcorrected_pt >= 250 && M_T <= 140 && minDeltaPhi12 >= 0.8 && Flag_goodVertices && Flag_globalSuperTightHalo2016Filter && Flag_HBHENoiseFilter && Flag_HBHENoiseIsoFilter && Flag_EcalDeadCellTriggerPrimitiveFilter && Flag_BadPFMuonFilter && Flag_ecalBadCalibFilterV2 && (HLT_IsoMu24) && PV_npvsGood > 0 && PV_ndof > 4 && abs(PV_z) < 24 && sqrt(pow(PV_x,2)+pow(PV_y,2)) < 2 && ((METcorrected_phi <= -1.62) || (METcorrected_phi >= -0.82))))
weightedcutUp =  0.956771373186*leptonWeight*bjetWeight*puWeight*muonTriggerWeightUp*EE_L1_prefire_Weight*electronTriggerWeight*qcdWWeight*ewkWWeight*((njets >= 3 && nbjets >= 1 && nTightElectrons == 1 && nVetoElectrons == 1 && nLooseMuons == 0 && METcorrected_pt >= 250 && M_T <= 140 && minDeltaPhi12 >= 0.8 && Flag_goodVertices && Flag_globalSuperTightHalo2016Filter && Flag_HBHENoiseFilter && Flag_HBHENoiseIsoFilter && Flag_EcalDeadCellTriggerPrimitiveFilter && Flag_BadPFMuonFilter && Flag_ecalBadCalibFilterV2 && ((HLT_Ele32_WPTight_Gsf) || (HLT_Ele115_CaloIdVT_GsfTrkIdT || HLT_Photon200)) && PV_npvsGood > 0 && PV_ndof > 4 && abs(PV_z) < 24 && sqrt(pow(PV_x,2)+pow(PV_y,2)) < 2 && ((METcorrected_phi <= -1.62) || (METcorrected_phi >= -0.82))) || (njets >= 3 && nbjets >= 1 && nVetoElectrons == 0 && nTightMuons == 1 && nLooseMuons == 1 && METcorrected_pt >= 250 && M_T <= 140 && minDeltaPhi12 >= 0.8 && Flag_goodVertices && Flag_globalSuperTightHalo2016Filter && Flag_HBHENoiseFilter && Flag_HBHENoiseIsoFilter && Flag_EcalDeadCellTriggerPrimitiveFilter && Flag_BadPFMuonFilter && Flag_ecalBadCalibFilterV2 && (HLT_IsoMu24) && PV_npvsGood > 0 && PV_ndof > 4 && abs(PV_z) < 24 && sqrt(pow(PV_x,2)+pow(PV_y,2)) < 2 && ((METcorrected_phi <= -1.62) || (METcorrected_phi >= -0.82))))
weightedcutDown =  0.956771373186*leptonWeight*bjetWeight*puWeight*muonTriggerWeightDown*EE_L1_prefire_Weight*electronTriggerWeight*qcdWWeight*ewkWWeight*((njets >= 3 && nbjets >= 1 && nTightElectrons == 1 && nVetoElectrons == 1 && nLooseMuons == 0 && METcorrected_pt >= 250 && M_T <= 140 && minDeltaPhi12 >= 0.8 && Flag_goodVertices && Flag_globalSuperTightHalo2016Filter && Flag_HBHENoiseFilter && Flag_HBHENoiseIsoFilter && Flag_EcalDeadCellTriggerPrimitiveFilter && Flag_BadPFMuonFilter && Flag_ecalBadCalibFilterV2 && ((HLT_Ele32_WPTight_Gsf) || (HLT_Ele115_CaloIdVT_GsfTrkIdT || HLT_Photon200)) && PV_npvsGood > 0 && PV_ndof > 4 && abs(PV_z) < 24 && sqrt(pow(PV_x,2)+pow(PV_y,2)) < 2 && ((METcorrected_phi <= -1.62) || (METcorrected_phi >= -0.82))) || (njets >= 3 && nbjets >= 1 && nVetoElectrons == 0 && nTightMuons == 1 && nLooseMuons == 1 && METcorrected_pt >= 250 && M_T <= 140 && minDeltaPhi12 >= 0.8 && Flag_goodVertices && Flag_globalSuperTightHalo2016Filter && Flag_HBHENoiseFilter && Flag_HBHENoiseIsoFilter && Flag_EcalDeadCellTriggerPrimitiveFilter && Flag_BadPFMuonFilter && Flag_ecalBadCalibFilterV2 && (HLT_IsoMu24) && PV_npvsGood > 0 && PV_ndof > 4 && abs(PV_z) < 24 && sqrt(pow(PV_x,2)+pow(PV_y,2)) < 2 && ((METcorrected_phi <= -1.62) || (METcorrected_phi >= -0.82))))
var =  METcorrected_pt
varUp =  METcorrected_pt
varDown =  METcorrected_pt
      Dataset =  HT70To100  ||   nEvents =  28084244
Applied WPlusJets qcd/ewk Weights correctly
          hist weight =  2.74830541994*leptonWeight*bjetWeight*puWeight*muonTriggerWeight*EE_L1_prefire_Weight*electronTriggerWeiTFile::Append:0: RuntimeWarning: Replacing existing TH1: hist (Potential memory leak).
TFile::Append:0: RuntimeWarning: Replacing existing TH1: hist (Potential memory leak).
TFile::Append:0: RuntimeWarning: Replacing existing TH1: hist (Potential memory leak).
TFile::Append:0: RuntimeWarning: Replacing existing TH1: hist (Potential memory leak).
TFile::Append:0: RuntimeWarning: Replacing existing TH1: hist (Potential memory leak).
TFile::Append:0: RuntimeWarning: Replacing existing TH1: hist (Potential memory leak).
ght*qcdWWeight*ewkWWeight
          hist nEntries =  0.0
          hist integral =  0.0
          Adding up/down varations for systematic given by plotSysVar to MC background histograms...
      Dataset =  HT600To800  ||   nEvents =  19771294
Applied WPlusJets qcd/ewk Weights correctly
          hist weight =  0.0388873788433*leptonWeight*bjetWeight*puWeight*muonTriggerWeight*EE_L1_prefire_Weight*electronTriggerWeight*qcdWWeight*ewkWWeight
          hist nEntries =  28506.0
          hist integral =  921.681474686
          Adding up/down varations for systematic given by plotSysVar to MC background histograms...
      Dataset =  HT1200To2500  ||   nEvents =  7633949
Applied WPlusJets qcd/ewk Weights correctly
          hist weight =  0.00840466185981*leptonWeight*bjetWeight*puWeight*muonTriggerWeight*EE_L1_prefire_Weight*electronTriggerWeight*qcdWWeight*ewkWWeight
          hist nEntries =  18231.0
          hist integral =  111.945009947
          Adding up/down varations for systematic given by plotSysVar to MC background histograms...
      Dataset =  HT100To200  ||   nEvents =  29425374
Applied WPlusJets qcd/ewk Weights correctly
          hist weight =  2.83215771531*leptonWeight*bjetWeight*puWeight*muonTriggerWeight*EE_L1_prefire_Weight*electronTriggerWeight*qcdWWeight*ewkWWeight
          hist nEntries =  1.0
          hist integral =  0.720293223858
          Adding up/down varations for systematic given by plotSysVar to MC background histograms...
      Dataset =  HT400To600  ||   nEvents =  5932701
Applied WPlusJets qcd/ewk Weights correctly
          hist weight =  0.578801325063*leptonWeight*bjetWeight*puWeight*muonTriggerWeight*EE_L1_prefire_Weight*electronTriggerWeight*qcdWWeight*ewkWWeight
          hist nEntries =  3133.0
          hist integral =  1677.45376459
          Adding up/down varations for systematic given by plotSysVar to MC background histograms...
      Dataset =  HT2500ToInf  ||   nEvents =  3273980
Applied WPlusJets qcd/ewk Weights correctly
          hist weight =  0.000145993481939*leptonWeight*bjetWeight*puWeight*muonTriggerWeight*EE_L1_prefire_Weight*electronTriggerWeight*qcdWWeight*ewkWWeight
          hist nEntries =  5946.0
          hist integral =  0.663985875435
          Adding up/down varations for systematic given by plotSysVar to MC background histograms...
      Dataset =  HT800To1200  ||   nEvents =  8402687
Applied WPlusJets qcd/ewk Weights correctly
          hist weight =  0.0381502774053*leptonWeight*bjetWeight*puWeight*muonTriggerWeight*EE_L1_prefire_Weight*electronTriggerWeight*qcdWWeight*ewkWWeight
          hist nEntries =  18140.0
          hist integral =  528.532138824
          Adding up/down varations for systematic given by plotSysVar to MC background histograms...
-----------------------------
Total data background nEvents =  0.0
Total data background integral =  0.0
-----------------------------
Total MC background nEvents =  463832.0
Total MC background integral =  25923.93853
-----------------------------
Total tt+DM signal nEvents =  5609.0
Total tt+DM signal integral =  119.861872733
Total t+DM signal nEvents =  768.0
Total t+DM signal integral =  19.1551470682
-----------------------------
FOM for tt+DM signal =  0.426750620176
FOM for t+DM signal =  0.106320452903
-----------------------------
Data bin content:
    bin 0: 0.0
    bin 1: 0.0
    bin 2: 0.0
    bin 3: 0.0
    bin 4: 0.0
    bin 5: 0.0
    bin 6: 0.0
    bin 7: 0.0
    bin 8: 0.0
    bin 9: 0.0
    bin 10: 0.0
    bin 11: 0.0
    bin 12: 0.0
    bin 13: 0.0
    bin 14: 0.0
    bin 15: 0.0
    bin 16: 0.0
-----------------------------
MC background bin content:
    bin 0: 0.0
    bin 1: 7307.7109375
    bin 2: 5120.14892578
    bin 3: 3567.21459961
    bin 4: 2541.41625977
    bin 5: 1851.0135498
    bin 6: 1321.71569824
    bin 7: 985.450744629
    bin 8: 738.655517578
    bin 9: 549.093505859
    bin 10: 422.475524902
    bin 11: 317.699859619
    bin 12: 249.864929199
    bin 13: 185.679290771
    bin 14: 152.214904785
    bin 15: 115.835441589
    bin 16: 497.748840332
-----------------------------
tt+DM bin content:
    bin 0: 0.0
    bin 1: 27.4782886505
    bin 2: 20.0578937531
    bin 3: 16.1385307312
    bin 4: 12.8624401093
    bin 5: 10.4088859558
    bin 6: 7.38916349411
    bin 7: 5.39753246307
    bin 8: 4.29175710678
    bin 9: 3.26600456238
    bin 10: 2.71595978737
    bin 11: 1.84505856037
    bin 12: 1.58768844604
    bin 13: 1.1641689539
    bin 14: 1.21625745296
    bin 15: 0.529463469982
    bin 16: 3.51277923584
-----------------------------
t+DM bin content:
    bin 0: 0.0
    bin 1: 4.18242883682
    bin 2: 2.86148476601
    bin 3: 2.56054830551
    bin 4: 1.76781880856
    bin 5: 1.339828372
    bin 6: 1.39126896858
    bin 7: 0.883373141289
    bin 8: 0.962344706059
    bin 9: 0.323462724686
    bin 10: 0.424803197384
    bin 11: 0.383116722107
    bin 12: 0.434127658606
    bin 13: 0.329598754644
    bin 14: 0.234133183956
    bin 15: 0.118527285755
    bin 16: 0.958281636238
-----------------------------
Data bin errors:
    bin 0: 0.0
    bin 1: 0.0
    bin 2: 0.0
    bin 3: 0.0
    bin 4: 0.0
    bin 5: 0.0
    bin 6: 0.0
    bin 7: 0.0
    bin 8: 0.0
    bin 9: 0.0
    bin 10: 0.0
    bin 11: 0.0
    bin 12: 0.0
    bin 13: 0.0
    bin 14: 0.0
    bin 15: 0.0
    bin 16: 0.0
-----------------------------
MC background bin errors:
    bin 0: 0.0
    bin 1: 36.8081669442
    bin 2: 31.5779378234
    bin 3: 24.5071965373
    bin 4: 20.9317162516
    bin 5: 17.5418100248
    bin 6: 14.2144176516
    bin 7: 12.1871474601
    bin 8: 10.3896482515
    bin 9: 8.84084716794
    bin 10: 7.83046297906
    bin 11: 6.7486684001
    bin 12: 5.96330778046
    bin 13: 4.87417175213
    bin 14: 4.41745289258
    bin 15: 3.76331090973
    bin 16: 8.00566897276
-----------------------------
tt+DM bin errors:
    bin 0: 0.0
    bin 1: 0.810636413205
    bin 2: 0.696448066054
    bin 3: 0.627391373397
    bin 4: 0.560400699011
    bin 5: 0.506615109967
    bin 6: 0.422124938584
    bin 7: 0.362881212141
    bin 8: 0.343124228819
    bin 9: 0.280025079747
    bin 10: 0.25259836391
    bin 11: 0.216588365138
    bin 12: 0.200169078428
    bin 13: 0.168607265507
    bin 14: 0.181064345861
    bin 15: 0.10866318528
    bin 16: 0.293419672887
-----------------------------
t+DM bin errors:
    bin 0: 0.0
    bin 1: 0.372056505053
    bin 2: 0.305384644156
    bin 3: 0.306836676669
    bin 4: 0.24889672662
    bin 5: 0.195102932824
    bin 6: 0.219169545407
    bin 7: 0.158746726018
    bin 8: 0.219005058126
    bin 9: 0.0897066733039
    bin 10: 0.12868145898
    bin 11: 0.104868449437
    bin 12: 0.130315630577
    bin 13: 0.0921155645507
    bin 14: 0.0801866373346
    bin 15: 0.0495970285737
    bin 16: 0.168036852917
-----------------------------
ZTo2Nu hist info:
    nEvents =  16.0
    integral =  0.953140551574
ZTo2Nu histUp info:
    nEvents =  16.0
    integral =  0.954772535479
ZTo2Nu histDown info:
    nEvents =  16.0
    integral =  0.951508627273
tbar scalar hist info:
    nEvents =  768.0
    integral =  19.1551470682
tbar scalar histUp info:
    nEvents =  768.0
    integral =  19.2168392837
tbar scalar histDown info:
    nEvents =  768.0
    integral =  19.0934556574
TTTo2L2Nu hist info:
    nEvents =  26486.0
    integral =  1981.36456776
TTTo2L2Nu histUp info:
    nEvents =  26486.0
    integral =  1987.2668829
TTTo2L2Nu histDown info:
    nEvents =  26486.0
    integral =  1975.46359062
singleTop hist info:
    nEvents =  21150.0
    integral =  2698.38514709
singleTop histUp info:
    nEvents =  21150.0
    integral =  2706.18603134
singleTop histDown info:
    nEvents =  21150.0
    integral =  2690.5841713
TTV hist info:
    nEvents =  73172.0
    integral =  184.038737059
TTV histUp info:
    nEvents =  73172.0
    integral =  184.589714527
TTV histDown info:
    nEvents =  73172.0
    integral =  183.487778664
bkgSum hist info:
    nEvents =  463832.0
    integral =  25923.93853
bkgSum histUp info:
    nEvents =  463832.0
    integral =  26001.2351379
bkgSum histDown info:
    nEvents =  463832.0
    integral =  25846.5969391
ttbar scalar hist info:
    nEvents =  5609.0
    Info in <TCanvas::Print>: png file plots/systematics/CMS_trig_m/12_06_2022/AH1lTR2018_METcorrected_pt_CMS_trig_m_12_06_2022_withHEMfix.png has been created
integral =  119.861872733
ttbar scalar histUp info:
    nEvents =  5609.0
    integral =  120.227050185
ttbar scalar histDown info:
    nEvents =  5609.0
    integral =  119.496739507
VV hist info:
    nEvents =  6748.0
    integral =  538.041543841
VV histUp info:
    nEvents =  6748.0
    integral =  539.650596619
VV histDown info:
    nEvents =  6748.0
    integral =  536.432446241
QCD hist info:
    nEvents =  313.0
    integral =  67.9661739469
QCD histUp info:
    nEvents =  313.0
    integral =  68.3045378029
QCD histDown info:
    nEvents =  313.0
    integral =  67.6278159022
ZTo2L hist info:
    nEvents =  9212.0
    integral =  107.056330681
ZTo2L histUp info:
    nEvents =  9212.0
    integral =  107.383291453
ZTo2L histDown info:
    nEvents =  9212.0
    integral =  106.729370415
data hist info:
    nEvents =  0.0
    integral =  0.0
WPlusJets hist info:
    nEvents =  74499.0
    integral =  3760.0743885
WPlusJets histUp info:
    nEvents =  74499.0
    integral =  3771.42002869
WPlusJets histDown info:
    nEvents =  74499.0
    integral =  3748.7281456
TTToSemiLepton hist info:
    nEvents =  252236.0
    integral =  16586.0586395
TTToSemiLepton histUp info:
    nEvents =  252236.0
    integral =  16635.4791679
TTToSemiLepton histDown info:
    nEvents =  252236.0
    integral =  16536.5929604
Finished filling histograms
Creating stacked MC background histogram...
Finished stacking MC background histograms.
Drawing histograms...
Finished drawing histograms
Drawing ratio plot...
Finished drawing ratio plot
Plotting end time: 2022-12-07 13:22:58.026917
