plots/plot.py:923: SyntaxWarning: name 'counter' is used prior to global declaration
  global counter
Plotting start time: 2023-05-19 10:09:41.095867
Cut name =  AH0l1fSR
MC Selection Cuts =  (nVetoElectrons + nLooseMuons) == 0 && njets >= 3 && nbjets == 1 && METcorrected_pt >= 250 && ntaus == 0 && minDeltaPhi > 0.4 && Flag_goodVertices && Flag_globalSuperTightHalo2016Filter && Flag_HBHENoiseFilter && Flag_HBHENoiseIsoFilter && Flag_EcalDeadCellTriggerPrimitiveFilter && Flag_BadPFMuonFilter && Flag_ecalBadCalibFilterV2 && (HLT_PFMETNoMu120_PFMHTNoMu120_IDTight || HLT_PFMETNoMu120_PFMHTNoMu120_IDTight_PFHT60) && PV_npvsGood > 0 && PV_ndof > 4 && abs(PV_z) < 24 && sqrt(pow(PV_x,2)+pow(PV_y,2)) < 2 && nfjets >= 1 && minDeltaPhi12 >= 0.8 && M_Tb >= 140 && noB2Bleadingfjet
Data Selection Cuts =  (nVetoElectrons + nLooseMuons) == 0 && njets >= 3 && nbjets == 1 && METcorrected_pt >= 250 && ntaus == 0 && minDeltaPhi > 0.4 && Flag_goodVertices && Flag_globalSuperTightHalo2016Filter && Flag_HBHENoiseFilter && Flag_HBHENoiseIsoFilter && Flag_EcalDeadCellTriggerPrimitiveFilter && Flag_BadPFMuonFilter && Flag_ecalBadCalibFilterV2 && (HLT_PFMETNoMu120_PFMHTNoMu120_IDTight || HLT_PFMETNoMu120_PFMHTNoMu120_IDTight_PFHT60) && PV_npvsGood > 0 && PV_ndof > 4 && abs(PV_z) < 24 && sqrt(pow(PV_x,2)+pow(PV_y,2)) < 2 && nfjets >= 1 && minDeltaPhi12 >= 0.8 && M_Tb >= 140 && noB2Bleadingfjet && Flag_eeBadScFilter
var =  METcorrected_pt
year =  2017
lumi =  41.53
saveDirectory =  plots/SR_2017/METcorrected_pt/
date =  05_19_2023
applying HEM fix for 2018...
Creating histograms..
Histogram options: 
    nbins =  15
    xmin =  250
    xmax =  550
    auto_y =  True
    doLogPlot =  True
    drawData =  True
    mediatorType =  scalar
    mchi =  1
    mphi =  100
    normalizePlots =  False
    doBinned =  False
    savePlots =  True
    combineEleMu =  True
    doSys =  False
    doSysFirstHalf =  False
    doSysSecondHalf =  False
    drawOverflow =  True
    drawUnderflow =  False
    plotSys =  False
    plotSysVar =  CMS_eff_b_light_2018
    plotSysSignal =  False
Drawing data and ratio plot...
Selected MET dataset
Loading data sample root files and event trees...
    ----Loading /hdfs/store/user/vshang/MET_Run2017B/MET/ModuleCommonSkim_12242022/tree_all.root
    ----Loading /hdfs/store/user/vshang/MET_Run2017C/MET/ModuleCommonSkim_12242022/tree_all.root
    ----Loading /hdfs/store/user/vshang/MET_Run2017D/MET/ModuleCommonSkim_12242022/tree_all.root
    ----Loading /hdfs/store/user/vshang/MET_Run2017E/MET/ModuleCommonSkim_12242022/tree_all.root
    ----Loading /hdfs/store/user/vshang/MET_Run2017F/MET/ModuleCommonSkim_12242022/tree_all.root
    total nevents in  MET :  2088294
Got data sample root files and event trees
Loading MC sample root files and event trees...
Loading process:  ZTo2Nu
    ----Loading HT600To800
    nevents in  ZTo2Nu   HT600To800 :  5615921
    ----Loading HT1200To2500
    nevents in  ZTo2Nu   HT1200To2500 :  336181
    ----Loading HT100To200
    nevents in  ZTo2Nu   HT100To200 :  22702468
    ----Loading HT2500ToInf
    nevents in  ZTo2Nu   HT2500ToInf :  6446
    ----Loading HT400To600
    nevents in  ZTo2Nu   HT400To600 :  9501265
    ----Loading HT200To400
    nevents in  ZTo2Nu   HT200To400 :  21389579
    ----Loading HT800To1200
    nevents in  ZTo2Nu   HT800To1200 :  2041779
Loading process:  tbar scalar
    ----Loading tChan_MChi1_MPhi100_scalar
    nevents in  tbar scalar   tChan_MChi1_MPhi100_scalar :  275000
    ----Loading tWChan_MChi1_MPhi100_scalar
    nevents in  tbar scalar   tWChan_MChi1_MPhi100_scalar :  165000
Loading process:  TTV
    ----Loading TTZToQQ
    nevents in  TTV   TTZToQQ :  4602104
    ----Loading TTWJetsToLNu
    nevents in  TTV   TTWJetsToLNu :  5394782
    ----Loading TTWJetsToQQ
    nevents in  TTV   TTWJetsToQQ :  441560
    ----Loading TTZToLLNuNu
    nevents in  TTV   TTZToLLNuNu :  7316018
Loading process:  WW
    ----Loading WWTo1L1Nu2Q
    nevents in  WW   WWTo1L1Nu2Q :  3169582
    ----Loading WWTo4Q
    nevents in  WW   WWTo4Q :  1992402
    ----Loading WWTo2L2Nu
    nevents in  WW   WWTo2L2Nu :  1992522
Loading process:  ttbarPlusJets
    ----Loading TTToSemiLepton
    nevents in  ttbarPlusJets   TTToSemiLepton :  239169221
    ----Loading TTTo2L2Nu
    nevents in  ttbarPlusJets   TTTo2L2Nu :  8926992
Loading process:  ttbar scalar
    ----Loading ttDM_MChi1_MPhi100_scalar
    nevents in  ttbar scalar   ttDM_MChi1_MPhi100_scalar :  1540506
Loading process:  ZZ
    ----Loading ZZTo2Q2Nu
    nevents in  ZZ   ZZTo2Q2Nu :  39202099
    ----Loading ZZTo4L
    nevents in  ZZ   ZZTo4L :  6893887
    ----Loading ZZTo2L2Q
    nevents in  ZZ   ZZTo2L2Q :  17513566
    ----Loading ZZTo2L2Nu
    nevents in  ZZ   ZZTo2L2Nu :  8733658
Loading process:  QCD
    ----Loading Pt170to300
    nevents in  QCD   Pt170to300 :  56298920
    ----Loading Pt15to30
    nevents in  QCD   Pt15to30 :  19169000
    ----Loading Pt800to1000
    nevents in  QCD   Pt800to1000 :  77660008
    ----Loading Pt600to800
    nevents in  QCD   Pt600to800 :  128548964
    ----Loading Pt120to170
    nevents in  QCD   Pt120to170 :  29854280
    ----Loading Pt1000to1400
    nevents in  QCD   Pt1000to1400 :  35706078
    ----Loading Pt1400to1800
    nevents in  QCD   Pt1400to1800 :  11353270
    ----Loading Pt50to80
    nevents in  QCD   Pt50to80 :  38179535
    ----Loading Pt1800to2400
    nevents in  QCD   Pt1800to2400 :  2923941
    ----Loading Pt3200toInf
    nevents in  QCD   Pt3200toInf :  757837
    ----Loading Pt2400to3200
    nevents in  QCD   Pt2400to3200 :  1910526
    ----Loading Pt80to120
    nevents in  QCD   Pt80to120 :  56387936
    ----Loading Pt30to50
    nevents in  QCD   Pt30to50 :  35500760
    ----Loading Pt470to600
    nevents in  QCD   Pt470to600 :  55331892
    ----Loading Pt300to470
    nevents in  QCD   Pt300to470 :  110887780
Loading process:  ZTo2L
    ----Loading HT600To800
    nevents in  ZTo2L   HT600To800 :  8691608
    ----Loading HT1200To2500
    nevents in  ZTo2L   HT1200To2500 :  616923
    ----Loading HT100To200
    nevents in  ZTo2L   HT100To200 :  15124171
    ----Loading HT2500ToInf
    nevents in  ZTo2L   HT2500ToInf :  401334
    ----Loading HT400To600
    nevents in  ZTo2L   HT400To600 :  11294006
    ----Loading HT200To400
    nevents in  ZTo2L   HT200To400 :  11896758
    ----Loading HT800To1200
    nevents in  ZTo2L   HT800To1200 :  3089712
Loading process:  singleTop
    ----Loading ST_s-channel
    nevents in  singleTop   ST_s-channel :  6167441
    ----Loading ST_t-channel_antitop
    nevents in  singleTop   ST_t-channel_antitop :  3675910
    ----Loading ST_t-channel_top
    nevents in  singleTop   ST_t-channel_top :  5982064
    ----Loading ST_tW_top
    nevents in  singleTop   ST_tW_top :  7734344
    ----Loading ST_tW_antitop
    nevents in  singleTop   ST_tW_antitop :  7916640
Loading process:  WZ
    ----Loading WZTo2Q2Nu
    nevents in  WZ   WZTo2Q2Nu :  18476383
    ----Loading WZTo3LNu
    nevents in  WZ   WZTo3LNu :  6887413
    ----Loading WZTo1L1Nu2Q
    nevents in  WZ   WZTo1L1Nu2Q :  11347099
    ----Loading WZTo1L3Nu
    nevents in  WZ   WZTo1L3Nu :  2717911
    ----Loading WZTo2L2Q
    nevents in  WZ   WZTo2L2Q :  16664610
Loading process:  WPlusJets
    ----Loading HT600To800
    nevents in  WPlusJets   HT600To800 :  21582309
    ----Loading HT70To100
    nevents in  WPlusJets   HT70To100 :  22201315
    ----Loading HT1200To2500
    nevents in  WPlusJets   HT1200To2500 :  19991892
    ----Loading HT100To200
    nevents in  WPlusJets   HT100To200 :  35804623
    ----Loading HT2500ToInf
    nevents in  WPlusJets   HT2500ToInf :  20629585
    ----Loading HT800To1200
    nevents in  WPlusJets   HT800To1200 :  20272990
    ----Loading HT200To400
    nevents in  WPlusJets   HT200To400 :  21192211
    ----Loading HT400To600
    nevents in  WPlusJets   HT400To600 :  14250114
Got MC sample root files and event trees
Filling data histograms...
  Dataset =  MET  ||   nEvents =  2088294
   Using cut =  (nVetoElectrons + nLooseMuons) == 0 && njets >= 3 && nbjets == 1 && METcorrected_pt >= 250 && ntaus == 0 && minDeltaPhi > 0.4 && Flag_goodVertices && Flag_globalSuperTightHalo2016Filter && Flag_HBHENoiseFilter && Flag_HBHENoiseIsoFilter && Flag_EcalDeadCellTriggerPrimitiveFilter && Flag_BInfo in <TCanvas::MakeDefCanvas>:  created default TCanvas with name c1
TFile::Append:0: RuntimeWarning: Replacing existing TH1: hist (Potential memory leak).
TFile::Append:0: RuntimeWarning: Replacing existing TH1: hist (Potential memory leak).
TFile::Append:0: RuntimeWarning: Replacing existing TH1: hist (Potential memory leak).
TFile::Append:0: RuntimeWarning: Replacing existing TH1: hist (Potential memory leak).
TFile::Append:0: RuntimeWarning: Replacing existing TH1: hist (Potential memory leak).
TFile::Append:0: RuntimeWarning: Replacing existing TH1: hist (Potential memory leak).
TFile::Append:0: RuntimeWarning: Replacing existing TH1: hist (Potential memory leak).
TFile::Append:0: RuntimeWarning: Replacing existing TH1: hist (Potential memory leak).
TFile::Append:0: RuntimeWarning: Replacing existing TH1: hist (Potential memory leak).
TFile::Append:0: RuntimeWarning: Replacing existing TH1: hist (Potential memory leak).
TFile::Append:0: RuntimeWarning: Replacing existing TH1: hist (Potential memory leak).
TFile::Append:0: RuntimeWarning: Replacing existing TH1: hist (Potential memory leak).
TFile::Append:0: RuntimeWarning: Replacing existing TH1: hist (Potential memory leak).
adPFMuonFilter && Flag_ecalBadCalibFilterV2 && (HLT_PFMETNoMu120_PFMHTNoMu120_IDTight) && PV_npvsGood > 0 && PV_ndof > 4 && abs(PV_z) < 24 && sqrt(pow(PV_x,2)+pow(PV_y,2)) < 2 && nfjets >= 1 && minDeltaPhi12 >= 0.8 && M_Tb >= 140 && noB2Bleadingfjet && Flag_eeBadScFilter
    hist nEntries =  666.0
    hist integral =  666.0
    hist_data nEntries =  666.0
    hist_data integral =  666.0
    hist nEntries =  1378.0
    hist integral =  1378.0
    hist_data nEntries =  2044.0
    hist_data integral =  2044.0
    hist nEntries =  607.0
    hist integral =  607.0
    hist_data nEntries =  2651.0
    hist_data integral =  2651.0
    hist nEntries =  1537.0
    hist integral =  1537.0
    hist_data nEntries =  4188.0
    hist_data integral =  4188.0
    hist nEntries =  1995.0
    hist integral =  1995.0
    hist_data nEntries =  6183.0
    hist_data integral =  6183.0
Filling MC histograms...
  Process =  ZTo2Nu
      Dataset =  HT600To800  ||   nEvents =  5615921
Applied ZTo2Nu ewk Weights correctly
          hist weight =  0.0240856682279*leptonWeight*bjetWeight*puWeight*muonTriggerWeight*EE_L1_prefire_Weight*electronTriggerWeight*genWeightSign*METTriggerWeight*qcdZTo2NuWeight*ewkZWeight*0.934
          hist nEntries =  12236.0
          hist integral =  300.816987991
      Dataset =  HT1200To2500  ||   nEvents =  336181
Applied ZTo2Nu ewk Weights correctly
          hist weight =  0.0422364946264*leptonWeight*bjetWeight*puWeight*muonTriggerWeight*EE_L1_prefire_Weight*electronTriggerWeight*genWeightSign*METTriggerWeight*qcdZTo2NuWeight*ewkZWeight*0.934
          hist nEntries =  666.0
          hist integral =  25.7725605965
      Dataset =  HT100To200  ||   nEvents =  22702468
Applied ZTo2Nu ewk Weights correctly
          hist weight =  0.553917045495*leptonWeight*bjetWeight*puWeight*muonTriggerWeight*EE_L1_prefire_Weight*electronTriggerWeight*genWeightSign*METTriggerWeight*qcdZTo2NuWeight*ewkZWeight*0.934
          hist nEntries =  10.0
          hist integral =  4.81302572601
      Dataset =  HT2500ToInf  ||   nEvents =  6446
Applied ZTo2Nu ewk Weights correctly
          hist weight =  0.0331544182439*leptonWeight*bjetWeight*puWeight*muonTriggerWeight*EE_L1_prefire_Weight*electronTriggerWeight*genWeightSign*METTriggerWeight*qcdZTo2NuWeight*ewkZWeight*0.934
          hist nEntries =  6.0
          hist integral =  0.133642772678
      Dataset =  HT400To600  ||   nEvents =  9501265
Applied ZTo2Nu ewk Weights correctly
          hist weight =  0.0576097393347*leptonWeight*bjetWeight*puWeight*muonTriggerWeight*EE_L1_prefire_Weight*electronTriggerWeight*genWeightSign*METTriggerWeight*qcdZTo2NuWeight*ewkZWeight*0.934
          hist nEntries =  12304.0
          hist integral =  771.669383764
      Dataset =  HT200To400  ||   nEvents =  21389579
Applied ZTo2Nu ewk Weights correctly
          hist weight =  0.179772715489*leptonWeight*bjetWeight*puWeight*muonTriggerWeight*EE_L1_prefire_Weight*electronTriggerWeight*genWeightSign*METTriggerWeight*qcdZTo2NuWeight*ewkZWeight*0.934
          hist nEntries =  2817.0
          hist integral =  547.55239365
      Dataset =  HT800To1200  ||   nEvents =  2041779
Applied ZTo2Nu ewk Weights correctly
          hist weight =  0.0303067569997*leptonWeight*bjetWeight*puWeight*muonTriggerWeight*EE_L1_prefire_Weight*electronTriggerWeight*genWeightSign*METTriggerWeight*qcdZTo2NuWeight*ewkZWeight*0.934
          hist nEntries =  4796.0
          hist integral =  139.940530777
  Process =  tbar scalar
      Dataset =  tChan_MChi1_MPhi100_scalar  ||   nEvents =  275000
          hist weight =  0.0430099781818*leptonWeight*bjetWeight*puWeight*muonTriggerWeight*EE_L1_prefire_Weight*electronTriggerWeight*genWeightSign*METTriggerWeight
          hist nEntries =  2730.0
          hist integral =  106.926432133
      Dataset =  tWChan_MChi1_MPhi100_scalar  ||   nEvents =  165000
          hist weight =  0.0138282315152*leptonWeight*bjetWeight*puWeight*muonTriggerWeight*EE_L1_prefire_Weight*electronTriggerWeight*genWeightSign*METTriggerWeight
          hist nEntries =  1683.0
          hist integral =  2TFile::Append:0: RuntimeWarning: Replacing existing TH1: hist (Potential memory leak).
TFile::Append:0: RuntimeWarning: Replacing existing TH1: hist (Potential memory leak).
TFile::Append:0: RuntimeWarning: Replacing existing TH1: hist (Potential memory leak).
TFile::Append:0: RuntimeWarning: Replacing existing TH1: hist (Potential memory leak).
TFile::Append:0: RuntimeWarning: Replacing existing TH1: hist (Potential memory leak).
TFile::Append:0: RuntimeWarning: Replacing existing TH1: hist (Potential memory leak).
TFile::Append:0: RuntimeWarning: Replacing existing TH1: hist (Potential memory leak).
TFile::Append:0: RuntimeWarning: Replacing existing TH1: hist (Potential memory leak).
TFile::Append:0: RuntimeWarning: Replacing existing TH1: hist (Potential memory leak).
TFile::Append:0: RuntimeWarning: Replacing existing TH1: hist (Potential memory leak).
TFile::Append:0: RuntimeWarning: Replacing existing TH1: hist (Potential memory leak).
TFile::Append:0: RuntimeWarning: Replacing existing TH1: hist (Potential memory leak).
TFile::Append:0: RuntimeWarning: Replacing existing TH1: hist (Potential memory leak).
TFile::Append:0: RuntimeWarning: Replacing existing TH1: hist (Potential memory leak).
0.0695446134
  Process =  TTV
      Dataset =  TTZToQQ  ||   nEvents =  4602104
          hist weight =  0.00460591764115*leptonWeight*bjetWeight*puWeight*muonTriggerWeight*EE_L1_prefire_Weight*electronTriggerWeight*genWeightSign*METTriggerWeight
          hist nEntries =  2305.0
          hist integral =  4.54691027291
      Dataset =  TTWJetsToLNu  ||   nEvents =  5394782
          hist weight =  0.00165433876661*leptonWeight*bjetWeight*puWeight*muonTriggerWeight*EE_L1_prefire_Weight*electronTriggerWeight*genWeightSign*METTriggerWeight
          hist nEntries =  7224.0
          hist integral =  5.12552709877
      Dataset =  TTWJetsToQQ  ||   nEvents =  441560
          hist weight =  0.0405932330827*leptonWeight*bjetWeight*puWeight*muonTriggerWeight*EE_L1_prefire_Weight*electronTriggerWeight*genWeightSign*METTriggerWeight
          hist nEntries =  220.0
          hist integral =  3.67039230466
      Dataset =  TTZToLLNuNu  ||   nEvents =  7316018
          hist weight =  0.0013805455372*leptonWeight*bjetWeight*puWeight*muonTriggerWeight*EE_L1_prefire_Weight*electronTriggerWeight*genWeightSign*METTriggerWeight
          hist nEntries =  74751.0
          hist integral =  40.4067498147
  Process =  WW
      Dataset =  WWTo1L1Nu2Q  ||   nEvents =  3169582
          hist weight =  1.05790990736*leptonWeight*bjetWeight*puWeight*muonTriggerWeight*EE_L1_prefire_Weight*electronTriggerWeight*genWeightSign*METTriggerWeight
          hist nEntries =  74.0
          hist integral =  40.2034960687
      Dataset =  WWTo4Q  ||   nEvents =  1992402
          hist weight =  0.994893048692*leptonWeight*bjetWeight*puWeight*muonTriggerWeight*EE_L1_prefire_Weight*electronTriggerWeight*genWeightSign*METTriggerWeight
          hist nEntries =  0.0
          hist integral =  0.0
      Dataset =  WWTo2L2Nu  ||   nEvents =  1992522
          hist weight =  0.230939683477*leptonWeight*bjetWeight*puWeight*muonTriggerWeight*EE_L1_prefire_Weight*electronTriggerWeight*genWeightSign*METTriggerWeight
          hist nEntries =  4.0
          hist integral =  0.899593859911
  Process =  ttbarPlusJets
      Dataset =  TTToSemiLepton  ||   nEvents =  239169221
          hist weight =  0.0632667340586*leptonWeight*bjetWeight*puWeight*muonTriggerWeight*EE_L1_prefire_Weight*electronTriggerWeight*genWeightSign*METTriggerWeight
          hist nEntries =  44556.0
          hist integral =  2348.16104269
      Dataset =  TTTo2L2Nu  ||   nEvents =  8926992
          hist weight =  0.406182093588*leptonWeight*bjetWeight*puWeight*muonTriggerWeight*EE_L1_prefire_Weight*electronTriggerWeight*genWeightSign*METTriggerWeight
          hist nEntries =  557.0
          hist integral =  185.719744235
  Process =  ttbar scalar
      Dataset =  ttDM_MChi1_MPhi100_scalar  ||   nEvents =  1540506
          hist weight =  0.0194822253857*leptonWeight*bjetWeight*puWeight*muonTriggerWeight*EE_L1_prefire_Weight*electronTriggerWeight*genWeightSign*METTriggerWeight*GenModel__TTbarDMJets_Inclusive_scalar_LO_Mchi_1_Mphi_100_TuneCP5_13TeV_madgraph_mcatnlo_pythia8
          hist nEntries =  4701.0
          hist integral =  82.1993085146
  Process =  ZZ
      Dataset =  ZZTo2Q2Nu  ||   nEvents =  39202099
          hist weight =  0.00483501967586*leptonWeight*bjetWeight*puWeight*muonTriggerWeight*EE_L1_prefire_Weight*electronTriggerWeight*genWeightSign*METTriggerWeight
          hist nEntries =  12215.0
          hist integral =  23.1830169261
      Dataset =  ZZTo4L  ||   nEvents =  6893887
          hist weight =  0.00798203538874*leptonWeight*bjetWeight*puWeight*muonTriggerWeight*EE_L1_prefire_Weight*electronTriggerWeight*genWeightSign*METTriggerWeight
          hist nEntries =  0.0
          hist integral =  0.0
      Dataset =  ZZTo2L2Q  ||   nEvents =  17513566
          hist weight =  0.0087453714452*leptonWeight*bjetWeight*puWeight*muonTriggerWeight*EE_L1_prefire_Weight*electronTriggerWeight*genWeightSign*METTriggerWeight
          hist nEntries =  71.0
          hist integral =  0.341345553141
      Dataset =  ZZTo2L2Nu  ||   nEvents =  8733658
          hist weight =  0.002TFile::Append:0: RuntimeWarning: Replacing existing TH1: hist (Potential memory leak).
TFile::Append:0: RuntimeWarning: Replacing existing TH1: hist (Potential memory leak).
TFile::Append:0: RuntimeWarning: Replacing existing TH1: hist (Potential memory leak).
TFile::Append:0: RuntimeWarning: Replacing existing TH1: hist (Potential memory leak).
TFile::Append:0: RuntimeWarning: Replacing existing TH1: hist (Potential memory leak).
TFile::Append:0: RuntimeWarning: Replacing existing TH1: hist (Potential memory leak).
TFile::Append:0: RuntimeWarning: Replacing existing TH1: hist (Potential memory leak).
TFile::Append:0: RuntimeWarning: Replacing existing TH1: hist (Potential memory leak).
TFile::Append:0: RuntimeWarning: Replacing existing TH1: hist (Potential memory leak).
TFile::Append:0: RuntimeWarning: Replacing existing TH1: hist (Potential memory leak).
TFile::Append:0: RuntimeWarning: Replacing existing TH1: hist (Potential memory leak).
TFile::Append:0: RuntimeWarning: Replacing existing TH1: hist (Potential memory leak).
TFile::Append:0: RuntimeWarning: Replacing existing TH1: hist (Potential memory leak).
TFile::Append:0: RuntimeWarning: Replacing existing TH1: hist (Potential memory leak).
68381610546*leptonWeight*bjetWeight*puWeight*muonTriggerWeight*EE_L1_prefire_Weight*electronTriggerWeight*genWeightSign*METTriggerWeight
          hist nEntries =  94.0
          hist integral =  0.200669234386
  Process =  QCD
      Dataset =  Pt170to300  ||   nEvents =  56298920
          hist weight =  76.3488002967*leptonWeight*bjetWeight*puWeight*muonTriggerWeight*EE_L1_prefire_Weight*electronTriggerWeight*genWeightSign*METTriggerWeight
          hist nEntries =  4.0
          hist integral =  334.193611145
      Dataset =  Pt15to30  ||   nEvents =  19169000
          hist weight =  2699482.49778*leptonWeight*bjetWeight*puWeight*muonTriggerWeight*EE_L1_prefire_Weight*electronTriggerWeight*genWeightSign*METTriggerWeight
          hist nEntries =  0.0
          hist integral =  0.0
      Dataset =  Pt800to1000  ||   nEvents =  77660008
          hist weight =  0.0140536735458*leptonWeight*bjetWeight*puWeight*muonTriggerWeight*EE_L1_prefire_Weight*electronTriggerWeight*genWeightSign*METTriggerWeight
          hist nEntries =  135.0
          hist integral =  1.49219363555
      Dataset =  Pt600to800  ||   nEvents =  128548964
          hist weight =  0.0505600729695*leptonWeight*bjetWeight*puWeight*muonTriggerWeight*EE_L1_prefire_Weight*electronTriggerWeight*genWeightSign*METTriggerWeight
          hist nEntries =  126.0
          hist integral =  3.8521504486
      Dataset =  Pt120to170  ||   nEvents =  29854280
          hist weight =  566.591088447*leptonWeight*bjetWeight*puWeight*muonTriggerWeight*EE_L1_prefire_Weight*electronTriggerWeight*genWeightSign*METTriggerWeight*(event!=3468768)
          hist nEntries =  1.0
          hist integral =  48.9205513
      Dataset =  Pt1000to1400  ||   nEvents =  35706078
          hist weight =  0.00868841153599*leptonWeight*bjetWeight*puWeight*muonTriggerWeight*EE_L1_prefire_Weight*electronTriggerWeight*genWeightSign*METTriggerWeight
          hist nEntries =  84.0
          hist integral =  0.543610504363
      Dataset =  Pt1400to1800  ||   nEvents =  11353270
          hist weight =  0.00237183225626*leptonWeight*bjetWeight*puWeight*muonTriggerWeight*EE_L1_prefire_Weight*electronTriggerWeight*genWeightSign*METTriggerWeight
          hist nEntries =  24.0
          hist integral =  0.0378659648486
      Dataset =  Pt50to80  ||   nEvents =  38179535
          hist weight =  17088.6392409*leptonWeight*bjetWeight*puWeight*muonTriggerWeight*EE_L1_prefire_Weight*electronTriggerWeight*genWeightSign*METTriggerWeight
          hist nEntries =  0.0
          hist integral =  0.0
      Dataset =  Pt1800to2400  ||   nEvents =  2923941
          hist weight =  0.00124180614452*leptonWeight*bjetWeight*puWeight*muonTriggerWeight*EE_L1_prefire_Weight*electronTriggerWeight*genWeightSign*METTriggerWeight
          hist nEntries =  10.0
          hist integral =  0.00815193002927
      Dataset =  Pt3200toInf  ||   nEvents =  757837
          hist weight =  7.43645533274e-06*leptonWeight*bjetWeight*puWeight*muonTriggerWeight*EE_L1_prefire_Weight*electronTriggerWeight*genWeightSign*METTriggerWeight
          hist nEntries =  2.0
          hist integral =  1.73257762981e-05
      Dataset =  Pt2400to3200  ||   nEvents =  1910526
          hist weight =  0.00011381738851*leptonWeight*bjetWeight*puWeight*muonTriggerWeight*EE_L1_prefire_Weight*electronTriggerWeight*genWeightSign*METTriggerWeight
          hist nEntries =  10.0
          hist integral =  0.00104951186086
      Dataset =  Pt80to120  ||   nEvents =  56387936
          hist weight =  1720.47581241*leptonWeight*bjetWeight*puWeight*muonTriggerWeight*EE_L1_prefire_Weight*electronTriggerWeight*genWeightSign*METTriggerWeight
          hist nEntries =  0.0
          hist integral =  0.0
      Dataset =  Pt30to50  ||   nEvents =  35500760
          hist weight =  125055.266422*leptonWeight*bjetWeight*puWeight*muonTriggerWeight*EE_L1_prefire_Weight*electronTriggerWeight*genWeightSign*METTriggerWeight
          hist nEntries =  0.0
          hist integral =  0.0
      Dataset =  Pt470to600  ||   nEvents =  55331892
          hist weight =  0.414TFile::Append:0: RuntimeWarning: Replacing existing TH1: hist (Potential memory leak).
TFile::Append:0: RuntimeWarning: Replacing existing TH1: hist (Potential memory leak).
TFile::Append:0: RuntimeWarning: Replacing existing TH1: hist (Potential memory leak).
TFile::Append:0: RuntimeWarning: Replacing existing TH1: hist (Potential memory leak).
TFile::Append:0: RuntimeWarning: Replacing existing TH1: hist (Potential memory leak).
TFile::Append:0: RuntimeWarning: Replacing existing TH1: hist (Potential memory leak).
TFile::Append:0: RuntimeWarning: Replacing existing TH1: hist (Potential memory leak).
TFile::Append:0: RuntimeWarning: Replacing existing TH1: hist (Potential memory leak).
TFile::Append:0: RuntimeWarning: Replacing existing TH1: hist (Potential memory leak).
TFile::Append:0: RuntimeWarning: Replacing existing TH1: hist (Potential memory leak).
TFile::Append:0: RuntimeWarning: Replacing existing TH1: hist (Potential memory leak).
TFile::Append:0: RuntimeWarning: Replacing existing TH1: hist (Potential memory leak).
385125309*leptonWeight*bjetWeight*puWeight*muonTriggerWeight*EE_L1_prefire_Weight*electronTriggerWeight*genWeightSign*METTriggerWeight
          hist nEntries =  40.0
          hist integral =  9.04939585924
      Dataset =  Pt300to470  ||   nEvents =  110887780
          hist weight =  2.55799060997*leptonWeight*bjetWeight*puWeight*muonTriggerWeight*EE_L1_prefire_Weight*electronTriggerWeight*genWeightSign*METTriggerWeight
          hist nEntries =  51.0
          hist integral =  93.5582933426
  Process =  ZTo2L
      Dataset =  HT600To800  ||   nEvents =  8691608
Applied ZTo2L ewk Weights correctly
          hist weight =  0.00832835420097*leptonWeight*bjetWeight*puWeight*muonTriggerWeight*EE_L1_prefire_Weight*electronTriggerWeight*genWeightSign*METTriggerWeight*qcdZTo2LWeight*ewkZWeight*0.934
          hist nEntries =  274.0
          hist integral =  2.01372179622
      Dataset =  HT1200To2500  ||   nEvents =  616923
Applied ZTo2L ewk Weights correctly
          hist weight =  0.0130125623457*leptonWeight*bjetWeight*puWeight*muonTriggerWeight*EE_L1_prefire_Weight*electronTriggerWeight*genWeightSign*METTriggerWeight*qcdZTo2LWeight*ewkZWeight*0.934
          hist nEntries =  24.0
          hist integral =  0.237361809704
      Dataset =  HT100To200  ||   nEvents =  15124171
Applied ZTo2L ewk Weights correctly
          hist weight =  0.442370229747*leptonWeight*bjetWeight*puWeight*muonTriggerWeight*EE_L1_prefire_Weight*electronTriggerWeight*genWeightSign*METTriggerWeight*qcdZTo2LWeight*ewkZWeight*0.934
          hist nEntries =  1.0
          hist integral =  0.0147107578814
      Dataset =  HT2500ToInf  ||   nEvents =  401334
Applied ZTo2L ewk Weights correctly
          hist weight =  0.000358868274305*leptonWeight*bjetWeight*puWeight*muonTriggerWeight*EE_L1_prefire_Weight*electronTriggerWeight*genWeightSign*METTriggerWeight*qcdZTo2LWeight*ewkZWeight*0.934
          hist nEntries =  9.0
          hist integral =  0.00317828121479
      Dataset =  HT400To600  ||   nEvents =  11294006
Applied ZTo2L ewk Weights correctly
          hist weight =  0.0256225328727*leptonWeight*bjetWeight*puWeight*muonTriggerWeight*EE_L1_prefire_Weight*electronTriggerWeight*genWeightSign*METTriggerWeight*qcdZTo2LWeight*ewkZWeight*0.934
          hist nEntries =  252.0
          hist integral =  6.05409922265
      Dataset =  HT200To400  ||   nEvents =  11896758
Applied ZTo2L ewk Weights correctly
          hist weight =  0.169865588591*leptonWeight*bjetWeight*puWeight*muonTriggerWeight*EE_L1_prefire_Weight*electronTriggerWeight*genWeightSign*METTriggerWeight*qcdZTo2LWeight*ewkZWeight*0.934
          hist nEntries =  40.0
          hist integral =  6.35433767689
      Dataset =  HT800To1200  ||   nEvents =  3089712
Applied ZTo2L ewk Weights correctly
          hist weight =  0.0108230009787*leptonWeight*bjetWeight*puWeight*muonTriggerWeight*EE_L1_prefire_Weight*electronTriggerWeight*genWeightSign*METTriggerWeight*qcdZTo2LWeight*ewkZWeight*0.934
          hist nEntries =  93.0
          hist integral =  0.917762389407
  Process =  singleTop
      Dataset =  ST_s-channel  ||   nEvents =  6167441
          hist weight =  0.0251842214624*leptonWeight*bjetWeight*puWeight*muonTriggerWeight*EE_L1_prefire_Weight*electronTriggerWeight*genWeightSign*METTriggerWeight
          hist nEntries =  330.0
          hist integral =  3.75661982968
      Dataset =  ST_t-channel_antitop  ||   nEvents =  3675910
          hist weight =  0.767239214235*leptonWeight*bjetWeight*puWeight*muonTriggerWeight*EE_L1_prefire_Weight*electronTriggerWeight*genWeightSign*METTriggerWeight
          hist nEntries =  12.0
          hist integral =  7.03804644663
      Dataset =  ST_t-channel_top  ||   nEvents =  5982064
          hist weight =  0.786576171703*leptonWeight*bjetWeight*puWeight*muonTriggerWeight*EE_L1_prefire_Weight*electronTriggerWeight*genWeightSign*METTriggerWeight
          hist nEntries =  60.0
          hist integral =  39.6423887853
      Dataset =  ST_tW_top  ||   nEvents =  7734344
          hist weight =  0.187451230512*leptonWeight*bjetWeight*puWeight*muoTFile::Append:0: RuntimeWarning: Replacing existing TH1: hist (Potential memory leak).
TFile::Append:0: RuntimeWarning: Replacing existing TH1: hist (Potential memory leak).
TFile::Append:0: RuntimeWarning: Replacing existing TH1: hist (Potential memory leak).
TFile::Append:0: RuntimeWarning: Replacing existing TH1: hist (Potential memory leak).
TFile::Append:0: RuntimeWarning: Replacing existing TH1: hist (Potential memory leak).
TFile::Append:0: RuntimeWarning: Replacing existing TH1: hist (Potential memory leak).
TFile::Append:0: RuntimeWarning: Replacing existing TH1: hist (Potential memory leak).
TFile::Append:0: RuntimeWarning: Replacing existing TH1: hist (Potential memory leak).
TFile::Append:0: RuntimeWarning: Replacing existing TH1: hist (Potential memory leak).
TFile::Append:0: RuntimeWarning: Replacing existing TH1: hist (Potential memory leak).
TFile::Append:0: RuntimeWarning: Replacing existing TH1: hist (Potential memory leak).
TFile::Append:0: RuntimeWarning: Replacing existing TH1: hist (Potential memory leak).
nTriggerWeight*EE_L1_prefire_Weight*electronTriggerWeight*genWeightSign*METTriggerWeight
          hist nEntries =  566.0
          hist integral =  87.9761618376
      Dataset =  ST_tW_antitop  ||   nEvents =  7916640
          hist weight =  0.183449556883*leptonWeight*bjetWeight*puWeight*muonTriggerWeight*EE_L1_prefire_Weight*electronTriggerWeight*genWeightSign*METTriggerWeight
          hist nEntries =  605.0
          hist integral =  92.4904100299
  Process =  WZ
      Dataset =  WZTo2Q2Nu  ||   nEvents =  18476383
          hist weight =  0.0154149619003*leptonWeight*bjetWeight*puWeight*muonTriggerWeight*EE_L1_prefire_Weight*electronTriggerWeight*genWeightSign*METTriggerWeight
          hist nEntries =  6793.0
          hist integral =  48.3422986269
      Dataset =  WZTo3LNu  ||   nEvents =  6887413
          hist weight =  0.0304627528507*leptonWeight*bjetWeight*puWeight*muonTriggerWeight*EE_L1_prefire_Weight*electronTriggerWeight*genWeightSign*METTriggerWeight
          hist nEntries =  26.0
          hist integral =  0.301619270555
      Dataset =  WZTo1L1Nu2Q  ||   nEvents =  11347099
          hist weight =  0.0426752071168*leptonWeight*bjetWeight*puWeight*muonTriggerWeight*EE_L1_prefire_Weight*electronTriggerWeight*genWeightSign*METTriggerWeight
          hist nEntries =  1088.0
          hist integral =  17.9485430047
      Dataset =  WZTo1L3Nu  ||   nEvents =  2717911
          hist weight =  0.0510661533803*leptonWeight*bjetWeight*puWeight*muonTriggerWeight*EE_L1_prefire_Weight*electronTriggerWeight*genWeightSign*METTriggerWeight
          hist nEntries =  250.0
          hist integral =  4.38939655572
      Dataset =  WZTo2L2Q  ||   nEvents =  16664610
          hist weight =  0.0157775327475*leptonWeight*bjetWeight*puWeight*muonTriggerWeight*EE_L1_prefire_Weight*electronTriggerWeight*genWeightSign*METTriggerWeight
          hist nEntries =  67.0
          hist integral =  0.416419079527
  Process =  WPlusJets
      Dataset =  HT600To800  ||   nEvents =  21582309
Applied WPlusJets ewk Weights correctly
          hist weight =  0.0247652417543*leptonWeight*bjetWeight*puWeight*muonTriggerWeight*EE_L1_prefire_Weight*electronTriggerWeight*genWeightSign*METTriggerWeight*qcdWWeight*ewkWWeight*0.934
          hist nEntries =  6471.0
          hist integral =  147.698188305
      Dataset =  HT70To100  ||   nEvents =  22201315
Applied WPlusJets ewk Weights correctly
          hist weight =  2.41682801221*leptonWeight*bjetWeight*puWeight*muonTriggerWeight*EE_L1_prefire_Weight*electronTriggerWeight*genWeightSign*METTriggerWeight*qcdWWeight*ewkWWeight*0.934
          hist nEntries =  0.0
          hist integral =  0.0
      Dataset =  HT1200To2500  ||   nEvents =  19991892
Applied WPlusJets ewk Weights correctly
          hist weight =  0.00223106547394*leptonWeight*bjetWeight*puWeight*muonTriggerWeight*EE_L1_prefire_Weight*electronTriggerWeight*genWeightSign*METTriggerWeight*qcdWWeight*ewkWWeight*0.934
          hist nEntries =  5718.0
          hist integral =  11.3878659606
      Dataset =  HT100To200  ||   nEvents =  35804623
Applied WPlusJets ewk Weights correctly
          hist weight =  1.61806898511*leptonWeight*bjetWeight*puWeight*muonTriggerWeight*EE_L1_prefire_Weight*electronTriggerWeight*genWeightSign*METTriggerWeight*qcdWWeight*ewkWWeight*0.934
          hist nEntries =  7.0
          hist integral =  3.56807264686
      Dataset =  HT2500ToInf  ||   nEvents =  20629585
Applied WPlusJets ewk Weights correctly
          hist weight =  1.61070389928e-05*leptonWeight*bjetWeight*puWeight*muonTriggerWeight*EE_L1_prefire_Weight*electronTriggerWeight*genWeightSign*METTriggerWeight*qcdWWeight*ewkWWeight*0.934
          hist nEntries =  3983.0
          hist integral =  0.0587627243367
      Dataset =  HT800To1200  ||   nEvents =  20272990
Applied WPlusJets ewk Weights correctly
          hist weight =  0.010992457452*leptonWeight*bjetWeight*puWeight*muonTriggerWeight*EE_L1_prefire_Weight*electronTriggerWeight*genWeightSign*METTriggerWeight*qcdWWeight*ewkWWeight*0.934
          hist nEntries =  6631.0
          TFile::Append:0: RuntimeWarning: Replacing existing TH1: hist (Potential memory leak).
TFile::Append:0: RuntimeWarning: Replacing existing TH1: hist (Potential memory leak).
hist integral =  63.9841409922
      Dataset =  HT200To400  ||   nEvents =  21192211
Applied WPlusJets ewk Weights correctly
          hist weight =  0.799354394876*leptonWeight*bjetWeight*puWeight*muonTriggerWeight*EE_L1_prefire_Weight*electronTriggerWeight*genWeightSign*METTriggerWeight*qcdWWeight*ewkWWeight*0.934
          hist nEntries =  414.0
          hist integral =  350.831201971
      Dataset =  HT400To600  ||   nEvents =  14250114
Applied WPlusJets ewk Weights correctly
          hist weight =  0.167517565123*leptonWeight*bjetWeight*puWeight*muonTriggerWeight*EE_L1_prefire_Weight*electronTriggerWeight*genWeightSign*METTriggerWeight*qcdWWeight*ewkWWeight*0.934
          hist nEntries =  2585.0
          hist integral =  427.113390565
-----------------------------
Total data background nEvents =  6183.0
Total data background integral =  6183.0
-----------------------------
Total MC background nEvents =  211692.0
Total MC background integral =  6257.35280418
-----------------------------
Total tt+DM signal nEvents =  94.02
Total tt+DM signal integral =  82.1993083954
Total t+DM signal nEvents =  88.26
Total t+DM signal integral =  126.995976868
-----------------------------
FOM for tt+DM signal =  0.509596480984
FOM for t+DM signal =  0.616187975257
-----------------------------
Data bin content:
    bin 0: 0.0
    bin 1: 1847.0
    bin 2: 1288.0
    bin 3: 855.0
    bin 4: 585.0
    bin 5: 403.0
    bin 6: 326.0
    bin 7: 210.0
    bin 8: 151.0
    bin 9: 113.0
    bin 10: 83.0
    bin 11: 76.0
    bin 12: 59.0
    bin 13: 38.0
    bin 14: 28.0
    bin 15: 21.0
    bin 16: 100.0
-----------------------------
MC background bin content:
    bin 0: 0.0
    bin 1: 1959.01586914
    bin 2: 1334.11181641
    bin 3: 841.426330566
    bin 4: 559.199401855
    bin 5: 394.602752686
    bin 6: 297.712341309
    bin 7: 211.977386475
    bin 8: 148.5546875
    bin 9: 115.368881226
    bin 10: 82.4290161133
    bin 11: 64.458694458
    bin 12: 50.1912536621
    bin 13: 40.3831634521
    bin 14: 30.8846969604
    bin 15: 23.9773693085
    bin 16: 103.059143066
-----------------------------
tt+DM bin content:
    bin 0: 0.0
    bin 1: 879.61529541
    bin 2: 684.299987793
    bin 3: 498.005493164
    bin 4: 404.209136963
    bin 5: 310.453063965
    bin 6: 272.575439453
    bin 7: 196.929473877
    bin 8: 146.634613037
    bin 9: 133.33392334
    bin 10: 117.524421692
    bin 11: 63.620803833
    bin 12: 71.9792251587
    bin 13: 64.7796401978
    bin 14: 45.5214576721
    bin 15: 35.9230957031
    bin 16: 184.560348511
-----------------------------
t+DM bin content:
    bin 0: 0.0
    bin 1: 928.377319336
    bin 2: 903.988525391
    bin 3: 733.72265625
    bin 4: 655.245849609
    bin 5: 568.264343262
    bin 6: 432.454437256
    bin 7: 358.70880127
    bin 8: 270.856689453
    bin 9: 212.685134888
    bin 10: 172.543426514
    bin 11: 183.129745483
    bin 12: 174.091003418
    bin 13: 85.6491775513
    bin 14: 112.070869446
    bin 15: 90.5969848633
    bin 16: 467.413879395
-----------------------------
Data bin errors:
    bin 0: 0.0
    bin 1: 42.9767378939
    bin 2: 35.8887168899
    bin 3: 29.2403830344
    bin 4: 24.1867732449
    bin 5: 20.0748598999
    bin 6: 18.0554700853
    bin 7: 14.4913767462
    bin 8: 12.2882057274
    bin 9: 10.6301458127
    bin 10: 9.11043357914
    bin 11: 8.71779788708
    bin 12: 7.68114574787
    bin 13: 6.16441400297
    bin 14: 5.29150262213
    bin 15: 4.58257569496
    bin 16: 10.0
-----------------------------
MC background bin errors:
    bin 0: 0.0
    bin 1: 145.80928306
    bin 2: 100.612651531
    bin 3: 14.8114573823
    bin 4: 11.0922109658
    bin 5: 8.55817710372
    bin 6: 8.79785492
    bin 7: 5.24587692117
    bin 8: 3.91412513338
    bin 9: 3.38869712523
    bin 10: 2.84809536912
    bin 11: 2.45586356207
    bin 12: 1.9092668889
    bin 13: 1.99200154279
    bin 14: 1.36953141444
    bin 15: 1.18723466996
    bin 16: 2.26043799462
-----------------------------
tt+DM bin errors:
    bin 0: 0.0
    bin 1: 30.3749833089
    bin 2: 26.7190716763
    bin 3: 22.64891509Info in <TCanvas::Print>: png file AH0l1fSR2017_METcorrected_pt_05_19_2023_SUSYkfactors.png has been created
83
    bin 4: 20.4853139337
    bin 5: 18.1636563448
    bin 6: 16.8150663709
    bin 7: 14.2907944296
    bin 8: 12.3521313678
    bin 9: 12.1265197446
    bin 10: 11.2403394039
    bin 11: 8.05545632794
    bin 12: 8.73275320718
    bin 13: 8.20991880558
    bin 14: 6.88683207977
    bin 15: 6.18262686935
    bin 16: 13.8566324502
-----------------------------
t+DM bin errors:
    bin 0: 0.0
    bin 1: 43.6671482343
    bin 2: 43.3232938931
    bin 3: 38.8204190477
    bin 4: 36.3967642942
    bin 5: 34.318447412
    bin 6: 30.0944745131
    bin 7: 26.7259446161
    bin 8: 23.4016420329
    bin 9: 20.5491826572
    bin 10: 18.1269520778
    bin 11: 19.5912626352
    bin 12: 18.7113401846
    bin 13: 13.011768195
    bin 14: 15.5203906454
    bin 15: 12.3551442879
    bin 16: 29.5782627043
-----------------------------
ZTo2Nu hist info:
    nEvents =  32835.0
    integral =  1790.69849205
tbar scalar hist info:
    nEvents =  88.26
    integral =  126.995976868
TTTo2L2Nu hist info:
    nEvents =  557.0
    integral =  185.719744235
singleTop hist info:
    nEvents =  1573.0
    integral =  230.903624058
TTV hist info:
    nEvents =  84500.0
    integral =  53.7495798767
bkgSum hist info:
    nEvents =  211692.0
    integral =  6257.35280418
ttbar scalar hist info:
    nEvents =  94.02
    integral =  82.1993083954
VV hist info:
    nEvents =  20682.0
    integral =  136.226395547
QCD hist info:
    nEvents =  487.0
    integral =  491.656904858
ZTo2L hist info:
    nEvents =  693.0
    integral =  15.5951718949
data hist info:
    nEvents =  6183.0
    integral =  6183.0
WPlusJets hist info:
    nEvents =  25809.0
    integral =  1004.64162207
TTToSemiLepton hist info:
    nEvents =  44556.0
    integral =  2348.16104269
Finished filling histograms
Creating stacked MC background histogram...
Finished stacking MC background histograms.
Drawing histograms...
Finished drawing histograms
Drawing ratio plot...
Plotting end time: 2023-05-19 10:16:51.370282
