Plotting start time: 2021-09-07 11:57:46.866903
Cut name =  AH1lWR
MC Selection Cuts =  (njets >= 3 && nbjets == 0 && nTightElectrons == 1 && nVetoElectrons == 1 && nLooseMuons == 0 && METcorrected_pt >= 250 && M_T <= 140 && Flag_goodVertices && Flag_globalSuperTightHalo2016Filter && Flag_HBHENoiseFilter && Flag_HBHENoiseIsoFilter && Flag_EcalDeadCellTriggerPrimitiveFilter && Flag_BadPFMuonFilter && Flag_ecalBadCalibFilterV2 && Flag_eeBadScFilter && ((HLT_Ele32_WPTight_Gsf) || (HLT_Ele115_CaloIdVT_GsfTrkIdT || HLT_Photon200)) && ((METcorrected_phi <= -1.62) || (METcorrected_phi >= -0.82))) || (njets >= 3 && nbjets == 0 && nVetoElectrons == 0 && nTightMuons == 1 && nLooseMuons == 1 && METcorrected_pt >= 250 && M_T <= 140 && Flag_goodVertices && Flag_globalSuperTightHalo2016Filter && Flag_HBHENoiseFilter && Flag_HBHENoiseIsoFilter && Flag_EcalDeadCellTriggerPrimitiveFilter && Flag_BadPFMuonFilter && Flag_ecalBadCalibFilterV2 && Flag_eeBadScFilter && (HLT_IsoMu24) && ((METcorrected_phi <= -1.62) || (METcorrected_phi >= -0.82)))
Data Selection Cuts =  (njets >= 3 && nbjets == 0 && nTightElectrons == 1 && nVetoElectrons == 1 && nLooseMuons == 0 && METcorrected_pt >= 250 && M_T <= 140 && Flag_goodVertices && Flag_globalSuperTightHalo2016Filter && Flag_HBHENoiseFilter && Flag_HBHENoiseIsoFilter && Flag_EcalDeadCellTriggerPrimitiveFilter && Flag_BadPFMuonFilter && Flag_ecalBadCalibFilterV2 && Flag_eeBadScFilter && ((HLT_Ele32_WPTight_Gsf) || (HLT_Ele115_CaloIdVT_GsfTrkIdT || HLT_Photon200)) && ((METcorrected_phi <= -1.62) || (METcorrected_phi >= -0.82))) || (njets >= 3 && nbjets == 0 && nVetoElectrons == 0 && nTightMuons == 1 && nLooseMuons == 1 && METcorrected_pt >= 250 && M_T <= 140 && Flag_goodVertices && Flag_globalSuperTightHalo2016Filter && Flag_HBHENoiseFilter && Flag_HBHENoiseIsoFilter && Flag_EcalDeadCellTriggerPrimitiveFilter && Flag_BadPFMuonFilter && Flag_ecalBadCalibFilterV2 && Flag_eeBadScFilter && (HLT_IsoMu24) && ((METcorrected_phi <= -1.62) || (METcorrected_phi >= -0.82))) && Flag_eeBadScFilter
var =  METcorrected_pt
year =  2018
lumi =  59.83
saveDirectory =  plots/CR_2018/METcorrected_pt/
date =  09_07_2021
Creating histograms..
Finished making systematic histogram dictionary
Drawing data and ratio plot...
Selected both SingleMuon and SingleElectron dataset
Loading data sample root files and event trees...
    nevents in filepath = /hdfs/store/user/vshang/SingleElectron_Run2018A/EGamma/ModuleCommonSkim_07152021/tree_all.root: 73622
    nevents in filepath = /hdfs/store/user/vshang/SingleElectron_Run2018B/EGamma/ModuleCommonSkim_07152021/tree_all.root: 38884
    nevents in filepath = /hdfs/store/user/vshang/SingleElectron_Run2018C/EGamma/ModuleCommonSkim_07152021/tree_all.root: 63792
    nevents in filepath = /hdfs/store/user/vshang/SingleElectron_Run2018D/EGamma/ModuleCommonSkim_07152021/tree_all.root: 326118
    total nevents in  SingleElectron :  502416
    nevents in filepath = /hdfs/store/user/vshang/SingleMuon_Run2018A/SingleMuon/ModuleCommonSkim_07152021/tree_all.root: 100542
    nevents in filepath = /hdfs/store/user/vshang/SingleMuon_Run2018B/SingleMuon/ModuleCommonSkim_07152021/tree_all.root: 55998
    nevents in filepath = /hdfs/store/user/vshang/SingleMuon_Run2018C/SingleMuon/ModuleCommonSkim_07152021/tree_all.root: 63452
    nevents in filepath = /hdfs/store/user/vshang/SingleMuon_Run2018D/SingleMuon/ModuleCommonSkim_07152021/tree_all.root: 298436
    total nevents in  SingleMuon :  518428
Got data sample root files and event trees
Loading MC sample root files and event trees...
    nevents in  ZTo2Nu   1LHEZpT400-inf :  2683437
    nevents in  ZTo2Nu   2LHEZpT50-150 :  20556369
    nevents in  ZTo2Nu   2LHEZpT400-inf :  20578721
    nevents in  ZTo2Nu   1LHEZpT250-400 :  17767562
    nevents in  ZTo2Nu   2LHEZpT250-400 :  68136728
    nevents in  ZTo2Nu   1LHEZpT150-250 :  45730459
    nevents in  ZTo2Nu   2LHEZpT150-250 :  126692753
    nevents in  ZTo2Nu   1LHEZpT50-150 :  12899643
    nevents in  WW   WWTo1L1Nu2Q :  4683136
    nevents in  WW   WWTo4Q :  3790800
    nevents in  WW   WWTo2L2Nu :Info in <TCanvas::MakeDefCanvas>:  created default TCanvas with name c1
TFile::Append:0: RuntimeWarning: Replacing existing TH1: hist (Potential memory leak).
TFile::Append:0: RuntimeWarning: Replacing existing TH1: hist (Potential memory leak).
  7758900
    nevents in  ttbarPlusJets   TTToSemiLepton :  300619998
    nevents in  ttbarPlusJets   TTTo2L2Nu :  64310000
    nevents in  ttbar scalar   ttDM_MChi1_MPhi100_scalar :  1842523
    nevents in  ZZ   ZZTo2Q2Nu :  57633049
    nevents in  ZZ   ZZTo4L :  124649500
    nevents in  ZZ   ZZTo2L2Q :  27900469
    nevents in  ZZ   ZZTo2L2Nu :  56428600
    nevents in  QCD   HT700To1000 :  48158738
    nevents in  QCD   HT500To700 :  55152960
    nevents in  QCD   HT2000ToInf :  5475677
    nevents in  QCD   HT1000To1500 :  15466225
    nevents in  QCD   HT1500To2000 :  10955087
    nevents in  QCD   HT100To200 :  93972378
    nevents in  QCD   HT300To500 :  54661579
    nevents in  QCD   HT200To300 :  54289442
    nevents in  WZ   WZTo2Q2Nu :  30887331
    nevents in  WZ   WZTo2L2Q :  28193648
    nevents in  WZ   WZTo3LNu :  11248318
    nevents in  WZ   WZTo1L3Nu :  1690064
    nevents in  WZ   WZTo1L1Nu2Q :  18273533
    nevents in  ttbar pseudoscalar   ttDM_MChi1_MPhi100_pseudo :  1607992
    nevents in  TTV   TTZToQQ :  9572000
    nevents in  TTV   TTWJetsToLNu :  4911941
    nevents in  TTV   TTWJetsToQQ :  835296
    nevents in  TTV   TTZToLLNuNu :  13280000
    nevents in  ZTo2L   1LHEZpT400-inf :  1245138
    nevents in  ZTo2L   2LHEZpT50-150 :  24201409
    nevents in  ZTo2L   2LHEZpT400-inf :  2829789
    nevents in  ZTo2L   1LHEZpT250-400 :  7531281
    nevents in  ZTo2L   2LHEZpT250-400 :  16704440
    nevents in  ZTo2L   1LHEZpT150-250 :  14009712
    nevents in  ZTo2L   2LHEZpT150-250 :  42787613
    nevents in  ZTo2L   1LHEZpT50-150 :  10968454
    nevents in  singleTop   ST_s-channel :  19890000
    nevents in  singleTop   ST_t-channel_antitop :  79090800
    nevents in  singleTop   ST_tW_top :  9598000
    nevents in  singleTop   ST_t-channel_top :  154307600
    nevents in  singleTop   ST_tW_antitop :  7527000
    nevents in  WPlusJets   Pt50To100 :  19671032
    nevents in  WPlusJets   Pt600ToInf :  3898092
    nevents in  WPlusJets   Pt250To400 :  9747942
    nevents in  WPlusJets   Pt100To250 :  505635387
    nevents in  WPlusJets   Pt400To600 :  12004784
Got MC sample root files and event trees
Filling histograms...
  Dataset =  SingleElectron  ||   nEvents =  502416
  Using cut =  njets >= 3 && nbjets == 0 && nTightElectrons == 1 && nVetoElectrons == 1 && nLooseMuons == 0 && METcorrected_pt >= 250 && M_T <= 140 && Flag_goodVertices && Flag_globalSuperTightHalo2016Filter && Flag_HBHENoiseFilter && Flag_HBHENoiseIsoFilter && Flag_EcalDeadCellTriggerPrimitiveFilter && Flag_BadPFMuonFilter && Flag_ecalBadCalibFilterV2 && Flag_eeBadScFilter && ((HLT_Ele32_WPTight_Gsf) || (HLT_Ele115_CaloIdVT_GsfTrkIdT || HLT_Photon200)) && ((METcorrected_phi <= -1.62) || (METcorrected_phi >= -0.82)) && Flag_eeBadScFilter
    hist nEntries =  3765.0
    hist integral =  3765.0
    hist_data nEntries =  3765.0
    hist_data integral =  3765.0
  Using cut =  njets >= 3 && nbjets == 0 && nTightElectrons == 1 && nVetoElectrons == 1 && nLooseMuons == 0 && METcorrected_pt >= 250 && M_T <= 140 && Flag_goodVertices && Flag_globalSuperTightHalo2016Filter && Flag_HBHENoiseFilter && Flag_HBHENoiseIsoFilter && Flag_EcalDeadCellTriggerPrimitiveFilter && Flag_BadPFMuonFilter && Flag_ecalBadCalibFilterV2 && Flag_eeBadScFilter && ((HLT_Ele32_WPTight_Gsf) || (HLT_Ele115_CaloIdVT_GsfTrkIdT || HLT_Photon200)) && ((METcorrected_phi <= -1.62) || (METcorrected_phi >= -0.82)) && Flag_eeBadScFilter
    hist nEntries =  1976.0
    hist integral =  1976.0
    hist_data nEntries =  5741.0
    hist_data integral =  5741.0
  Using cut =  njets >= 3 && nbjets == 0 && nTightElectrons == 1 && nVetoElectrons == 1 && nLooseMuons == 0 && METcorrected_pt >= 250 && M_T <= 140 && Flag_goodVertices && Flag_globalSuperTightHalo2016Filter && Flag_HBHENoiseFilter && Flag_HBHENoiseIsoFilter && Flag_EcalDeadCellTriggerPrimitiveFilter && Flag_BadPFMuonFilter && Flag_ecalBadCalibFilterV2 && Flag_eeBadScFilter && ((HLT_Ele32_WPTight_Gsf) || (HLT_Ele115_CaloIdVT_GsfTrkIdT || HLT_Photon200)) && ((METcorrected_phi <= -1.62) || (METcorrected_phi >= -0.82)) && FlaTFile::Append:0: RuntimeWarning: Replacing existing TH1: hist (Potential memory leak).
TFile::Append:0: RuntimeWarning: Replacing existing TH1: hist (Potential memory leak).
TFile::Append:0: RuntimeWarning: Replacing existing TH1: hist (Potential memory leak).
TFile::Append:0: RuntimeWarning: Replacing existing TH1: hist (Potential memory leak).
TFile::Append:0: RuntimeWarning: Replacing existing TH1: hist (Potential memory leak).
TFile::Append:0: RuntimeWarning: Replacing existing TH1: hist (Potential memory leak).
TFile::Append:0: RuntimeWarning: Replacing existing TH1: hist (Potential memory leak).
TFile::Append:0: RuntimeWarning: Replacing existing TH1: hist (Potential memory leak).
TFile::Append:0: RuntimeWarning: Replacing existing TH1: hist (Potential memory leak).
TFile::Append:0: RuntimeWarning: Replacing existing TH1: hist (Potential memory leak).
TFile::Append:0: RuntimeWarning: Replacing existing TH1: hist (Potential memory leak).
TFile::Append:0: RuntimeWarning: Replacing existing TH1: hist (Potential memory leak).
g_eeBadScFilter
    hist nEntries =  1841.0
    hist integral =  1841.0
    hist_data nEntries =  7582.0
    hist_data integral =  7582.0
  Using cut =  njets >= 3 && nbjets == 0 && nTightElectrons == 1 && nVetoElectrons == 1 && nLooseMuons == 0 && METcorrected_pt >= 250 && M_T <= 140 && Flag_goodVertices && Flag_globalSuperTightHalo2016Filter && Flag_HBHENoiseFilter && Flag_HBHENoiseIsoFilter && Flag_EcalDeadCellTriggerPrimitiveFilter && Flag_BadPFMuonFilter && Flag_ecalBadCalibFilterV2 && Flag_eeBadScFilter && ((HLT_Ele32_WPTight_Gsf) || (HLT_Ele115_CaloIdVT_GsfTrkIdT || HLT_Photon200)) && ((METcorrected_phi <= -1.62) || (METcorrected_phi >= -0.82)) && Flag_eeBadScFilter
    hist nEntries =  8738.0
    hist integral =  8738.0
    hist_data nEntries =  16320.0
    hist_data integral =  16320.0
  Dataset =  SingleMuon  ||   nEvents =  518428
  Using cut =  njets >= 3 && nbjets == 0 && nVetoElectrons == 0 && nTightMuons == 1 && nLooseMuons == 1 && METcorrected_pt >= 250 && M_T <= 140 && Flag_goodVertices && Flag_globalSuperTightHalo2016Filter && Flag_HBHENoiseFilter && Flag_HBHENoiseIsoFilter && Flag_EcalDeadCellTriggerPrimitiveFilter && Flag_BadPFMuonFilter && Flag_ecalBadCalibFilterV2 && Flag_eeBadScFilter && (HLT_IsoMu24) && ((METcorrected_phi <= -1.62) || (METcorrected_phi >= -0.82)) && Flag_eeBadScFilter
    hist nEntries =  5758.0
    hist integral =  5758.0
    hist_data nEntries =  22078.0
    hist_data integral =  22078.0
  Using cut =  njets >= 3 && nbjets == 0 && nVetoElectrons == 0 && nTightMuons == 1 && nLooseMuons == 1 && METcorrected_pt >= 250 && M_T <= 140 && Flag_goodVertices && Flag_globalSuperTightHalo2016Filter && Flag_HBHENoiseFilter && Flag_HBHENoiseIsoFilter && Flag_EcalDeadCellTriggerPrimitiveFilter && Flag_BadPFMuonFilter && Flag_ecalBadCalibFilterV2 && Flag_eeBadScFilter && (HLT_IsoMu24) && ((METcorrected_phi <= -1.62) || (METcorrected_phi >= -0.82)) && Flag_eeBadScFilter
    hist nEntries =  2954.0
    hist integral =  2954.0
    hist_data nEntries =  25032.0
    hist_data integral =  25032.0
  Using cut =  njets >= 3 && nbjets == 0 && nVetoElectrons == 0 && nTightMuons == 1 && nLooseMuons == 1 && METcorrected_pt >= 250 && M_T <= 140 && Flag_goodVertices && Flag_globalSuperTightHalo2016Filter && Flag_HBHENoiseFilter && Flag_HBHENoiseIsoFilter && Flag_EcalDeadCellTriggerPrimitiveFilter && Flag_BadPFMuonFilter && Flag_ecalBadCalibFilterV2 && Flag_eeBadScFilter && (HLT_IsoMu24) && ((METcorrected_phi <= -1.62) || (METcorrected_phi >= -0.82)) && Flag_eeBadScFilter
    hist nEntries =  2936.0
    hist integral =  2936.0
    hist_data nEntries =  27968.0
    hist_data integral =  27968.0
  Using cut =  njets >= 3 && nbjets == 0 && nVetoElectrons == 0 && nTightMuons == 1 && nLooseMuons == 1 && METcorrected_pt >= 250 && M_T <= 140 && Flag_goodVertices && Flag_globalSuperTightHalo2016Filter && Flag_HBHENoiseFilter && Flag_HBHENoiseIsoFilter && Flag_EcalDeadCellTriggerPrimitiveFilter && Flag_BadPFMuonFilter && Flag_ecalBadCalibFilterV2 && Flag_eeBadScFilter && (HLT_IsoMu24) && ((METcorrected_phi <= -1.62) || (METcorrected_phi >= -0.82)) && Flag_eeBadScFilter
    hist nEntries =  13550.0
    hist integral =  13550.0
    hist_data nEntries =  41518.0
    hist_data integral =  41518.0
  Process =  ZTo2Nu
      Dataset =  1LHEZpT400-inf  ||   nEvents =  2683437
          hist nEntries =  0.0
          hist integral =  0.0
      Dataset =  2LHEZpT50-150  ||   nEvents =  20556369
          hist nEntries =  0.0
          hist integral =  0.0
      Dataset =  2LHEZpT400-inf  ||   nEvents =  20578721
          hist nEntries =  82.0
          hist integral =  0.189668778097
      Dataset =  1LHEZpT250-400  ||   nEvents =  17767562
          hist nEntries =  1.0
          hist integral =  0.00363601930439
      Dataset =  2LHEZpT250-400  ||   nEvents =  68136728
          hist nEntries =  60.0
          hist integral =  0.247006348567
      Dataset =  1LHEZpT150-250  ||   nEvents =  45730459
          hist nEntries =  0.0
          hist integral =  0.0
      Dataset =  2LHEZpT150-250  ||   nEvents =  126692753
      TFile::Append:0: RuntimeWarning: Replacing existing TH1: hist (Potential memory leak).
TFile::Append:0: RuntimeWarning: Replacing existing TH1: hist (Potential memory leak).
TFile::Append:0: RuntimeWarning: Replacing existing TH1: hist (Potential memory leak).
TFile::Append:0: RuntimeWarning: Replacing existing TH1: hist (Potential memory leak).
TFile::Append:0: RuntimeWarning: Replacing existing TH1: hist (Potential memory leak).
TFile::Append:0: RuntimeWarning: Replacing existing TH1: hist (Potential memory leak).
TFile::Append:0: RuntimeWarning: Replacing existing TH1: hist (Potential memory leak).
TFile::Append:0: RuntimeWarning: Replacing existing TH1: hist (Potential memory leak).
TFile::Append:0: RuntimeWarning: Replacing existing TH1: hist (Potential memory leak).
TFile::Append:0: RuntimeWarning: Replacing existing TH1: hist (Potential memory leak).
TFile::Append:0: RuntimeWarning: Replacing existing TH1: hist (Potential memory leak).
TFile::Append:0: RuntimeWarning: Replacing existing TH1: hist (Potential memory leak).
TFile::Append:0: RuntimeWarning: Replacing existing TH1: hist (Potential memory leak).
TFile::Append:0: RuntimeWarning: Replacing existing TH1: hist (Potential memory leak).
TFile::Append:0: RuntimeWarning: Replacing existing TH1: hist (Potential memory leak).
TFile::Append:0: RuntimeWarning: Replacing existing TH1: hist (Potential memory leak).
TFile::Append:0: RuntimeWarning: Replacing existing TH1: hist (Potential memory leak).
TFile::Append:0: RuntimeWarning: Replacing existing TH1: hist (Potential memory leak).
TFile::Append:0: RuntimeWarning: Replacing existing TH1: hist (Potential memory leak).
TFile::Append:0: RuntimeWarning: Replacing existing TH1: hist (Potential memory leak).
TFile::Append:0: RuntimeWarning: Replacing existing TH1: hist (Potential memory leak).
TFile::Append:0: RuntimeWarning: Replacing existing TH1: hist (Potential memory leak).
TFile::Append:0: RuntimeWarning: Replacing existing TH1: hist (Potential memory leak).
TFile::Append:0: RuntimeWarning: Replacing existing TH1: hist (Potential memory leak).
TFile::Append:0: RuntimeWarning: Replacing existing TH1: hist (Potential memory leak).
TFile::Append:0: RuntimeWarning: Replacing existing TH1: hist (Potential memory leak).
TFile::Append:0: RuntimeWarning: Replacing existing TH1: hist (Potential memory leak).
TFile::Append:0: RuntimeWarning: Replacing existing TH1: hist (Potential memory leak).
TFile::Append:0: RuntimeWarning: Replacing existing TH1: hist (Potential memory leak).
TFile::Append:0: RuntimeWarning: Replacing existing TH1: hist (Potential memory leak).
    hist nEntries =  29.0
          hist integral =  0.363521976979
      Dataset =  1LHEZpT50-150  ||   nEvents =  12899643
          hist nEntries =  0.0
          hist integral =  0.0
  Process =  WW
      Dataset =  WWTo1L1Nu2Q  ||   nEvents =  4683136
          hist nEntries =  2166.0
          hist integral =  2128.04460239
      Dataset =  WWTo4Q  ||   nEvents =  3790800
          hist nEntries =  0.0
          hist integral =  0.0
      Dataset =  WWTo2L2Nu  ||   nEvents =  7758900
          hist nEntries =  1657.0
          hist integral =  133.967314839
  Process =  ttbarPlusJets
      Dataset =  TTToSemiLepton  ||   nEvents =  300619998
          hist nEntries =  70892.0
          hist integral =  5280.84551811
      Dataset =  TTTo2L2Nu  ||   nEvents =  64310000
          hist nEntries =  8233.0
          hist integral =  682.591890335
  Process =  ttbar scalar
      Dataset =  ttDM_MChi1_MPhi100_scalar  ||   nEvents =  1842523
          hist nEntries =  1162.0
          hist integral =  28.5289162993
  Process =  ZZ
      Dataset =  ZZTo2Q2Nu  ||   nEvents =  57633049
          hist nEntries =  7.0
          hist integral =  0.0328013300896
      Dataset =  ZZTo4L  ||   nEvents =  124649500
          hist nEntries =  373.0
          hist integral =  0.218825491378
      Dataset =  ZZTo2L2Q  ||   nEvents =  27900469
          hist nEntries =  1406.0
          hist integral =  10.5633799173
      Dataset =  ZZTo2L2Nu  ||   nEvents =  56428600
          hist nEntries =  2787.0
          hist integral =  1.54133835901
  Process =  QCD
      Dataset =  HT700To1000  ||   nEvents =  48158738
          hist nEntries =  6.0
          hist integral =  43.347530365
      Dataset =  HT500To700  ||   nEvents =  55152960
          hist nEntries =  0.0
          hist integral =  0.0
      Dataset =  HT2000ToInf  ||   nEvents =  5475677
          hist nEntries =  46.0
          hist integral =  10.248543188
      Dataset =  HT1000To1500  ||   nEvents =  15466225
          hist nEntries =  35.0
          hist integral =  141.578663588
      Dataset =  HT1500To2000  ||   nEvents =  10955087
          hist nEntries =  42.0
          hist integral =  21.0743902922
      Dataset =  HT100To200  ||   nEvents =  93972378
          hist nEntries =  0.0
          hist integral =  0.0
      Dataset =  HT300To500  ||   nEvents =  54661579
          hist nEntries =  0.0
          hist integral =  0.0
      Dataset =  HT200To300  ||   nEvents =  54289442
          hist nEntries =  0.0
          hist integral =  0.0
  Process =  WZ
      Dataset =  WZTo2Q2Nu  ||   nEvents =  30887331
          hist nEntries =  12.0
          hist integral =  0.164288878441
      Dataset =  WZTo2L2Q  ||   nEvents =  28193648
          hist nEntries =  2317.0
          hist integral =  29.194945693
      Dataset =  WZTo3LNu  ||   nEvents =  11248318
          hist nEntries =  1360.0
          hist integral =  34.414999336
      Dataset =  WZTo1L3Nu  ||   nEvents =  1690064
          hist nEntries =  1123.0
          hist integral =  125.689087987
      Dataset =  WZTo1L1Nu2Q  ||   nEvents =  18273533
          hist nEntries =  15569.0
          hist integral =  564.713318825
  Process =  ttbar pseudoscalar
      Dataset =  ttDM_MChi1_MPhi100_pseudo  ||   nEvents =  1607992
          hist nEntries =  1134.0
          hist integral =  8.71689374
  Process =  TTV
      Dataset =  TTZToQQ  ||   nEvents =  9572000
          hist nEntries =  4427.0
          hist integral =  14.49906414
      Dataset =  TTWJetsToLNu  ||   nEvents =  4911941
          hist nEntries =  5254.0
          hist integral =  14.4897443652
      Dataset =  TTWJetsToQQ  ||   nEvents =  835296
          hist nEntries =  577.0
          hist integral =  18.8980567753
      Dataset =  TTZToLLNuNu  ||   nEvents =  13280000
          hist nEntries =  8111.0
          hist integral =  9.26041315496
  Process =  ZTo2L
      Dataset =  1LHEZpT400-inf  ||   nEvents =  1245138
          hist nEntries =  771.0
          hist integral =  4.2164091114
      Dataset =  2LHEZpT50-150  ||   nEvents =  242TFile::Append:0: RuntimeWarning: Replacing existing TH1: hist (Potential memory leak).
TFile::Append:0: RuntimeWarning: Replacing existing TH1: hist (Potential memory leak).
TFile::Append:0: RuntimeWarning: Replacing existing TH1: hist (Potential memory leak).
TFile::Append:0: RuntimeWarning: Replacing existing TH1: hist (Potential memory leak).
TFile::Append:0: RuntimeWarning: Replacing existing TH1: hist (Potential memory leak).
TFile::Append:0: RuntimeWarning: Replacing existing TH1: hist (Potential memory leak).
TFile::Append:0: RuntimeWarning: Replacing existing TH1: hist (Potential memory leak).
TFile::Append:0: RuntimeWarning: Replacing existing TH1: hist (Potential memory leak).
TFile::Append:0: RuntimeWarning: Replacing existing TH1: hist (Potential memory leak).
TFile::Append:0: RuntimeWarning: Replacing existing TH1: hist (Potential memory leak).
TFile::Append:0: RuntimeWarning: Replacing existing TH1: hist (Potential memory leak).
TFile::Append:0: RuntimeWarning: Replacing existing TH1: hist (Potential memory leak).
TFile::Append:0: RuntimeWarning: Replacing existing TH1: hist (Potential memory leak).
TFile::Append:0: RuntimeWarning: Replacing existing TH1: hist (Potential memory leak).
TFile::Append:0: RuntimeWarning: Replacing existing TH1: hist (Potential memory leak).
TFile::Append:0: RuntimeWarning: Replacing existing TH1: hist (Potential memory leak).
TFile::Append:0: RuntimeWarning: Replacing existing TH1: hist (Potential memory leak).
01409
          hist nEntries =  4.0
          hist integral =  1.45698070526
      Dataset =  2LHEZpT400-inf  ||   nEvents =  2829789
          hist nEntries =  33972.0
          hist integral =  306.02938199
      Dataset =  1LHEZpT250-400  ||   nEvents =  7531281
          hist nEntries =  562.0
          hist integral =  4.49223831948
      Dataset =  2LHEZpT250-400  ||   nEvents =  16704440
          hist nEntries =  33017.0
          hist integral =  304.214632621
      Dataset =  1LHEZpT150-250  ||   nEvents =  14009712
          hist nEntries =  8.0
          hist integral =  0.327651768923
      Dataset =  2LHEZpT150-250  ||   nEvents =  42787613
          hist nEntries =  961.0
          hist integral =  18.787940776
      Dataset =  1LHEZpT50-150  ||   nEvents =  10968454
          hist nEntries =  1.0
          hist integral =  1.52743029594
  Process =  singleTop
      Dataset =  ST_s-channel  ||   nEvents =  19890000
          hist nEntries =  1174.0
          hist integral =  14.7446007431
      Dataset =  ST_t-channel_antitop  ||   nEvents =  79090800
          hist nEntries =  700.0
          hist integral =  36.7790617347
      Dataset =  ST_tW_top  ||   nEvents =  9598000
          hist nEntries =  1996.0
          hist integral =  451.438026071
      Dataset =  ST_t-channel_top  ||   nEvents =  154307600
          hist nEntries =  2226.0
          hist integral =  101.409536868
      Dataset =  ST_tW_antitop  ||   nEvents =  7527000
          hist nEntries =  1550.0
          hist integral =  446.183717251
  Process =  WPlusJets
      Dataset =  Pt50To100  ||   nEvents =  19671032
          hist nEntries =  1.0
          hist integral =  11.9484319687
      Dataset =  Pt600ToInf  ||   nEvents =  3898092
          hist nEntries =  451936.0
          hist integral =  3645.34407043
      Dataset =  Pt250To400  ||   nEvents =  9747942
          hist nEntries =  114243.0
          hist integral =  18302.4393997
      Dataset =  Pt100To250  ||   nEvents =  505635387
          hist nEntries =  18500.0
          hist integral =  1490.33676996
      Dataset =  Pt400To600  ||   nEvents =  12004784
          hist nEntries =  727003.0
          hist integral =  12415.4030914
-----------------------------
Total data background nEvents =  41518.0
Total data background integral =  41518.0
-----------------------------
Total MC background nEvents =  1515197.0
Total MC background integral =  46823.2630615
-----------------------------
Total tt+DM signal nEvents =  1162.0
Total tt+DM signal integral =  28.5289162993
-----------------------------
-----------------------------
FOM for tt+DM signal =  0.131842198653
-----------------------------
Data bin errors:
    bin 0: 0.0
    bin 1: 100.448992031
    bin 2: 85.8603517347
    bin 3: 73.511903798
    bin 4: 63.9921870231
    bin 5: 55.054518434
    bin 6: 48.6723740946
    bin 7: 42.6262829719
    bin 8: 37.3095162124
    bin 9: 33.674916481
    bin 10: 30.0166620396
    bin 11: 26.5706605112
    bin 12: 23.8117617996
    bin 13: 21.0475651798
    bin 14: 18.574175621
    bin 15: 17.0587221092
-----------------------------
MC background bin errors:
    bin 0: 0.0
    bin 1: 49.9213533468
    bin 2: 41.6143526987
    bin 3: 32.0153549423
    bin 4: 28.7471874041
    bin 5: 23.0841590682
    bin 6: 19.2496296437
    bin 7: 15.7990626143
    bin 8: 12.3351659443
    bin 9: 10.7489166013
    bin 10: 9.54247077293
    bin 11: 9.05958316142
    bin 12: 7.00432690989
    bin 13: 6.83039815909
    bin 14: 6.32781661782
    bin 15: 4.58886365788
-----------------------------
tt+DM bin errors:
    bin 0: 0.0
    bin 1: 0.418912199365
    bin 2: 0.352291245251
    bin 3: 0.319778156023
    bin 4: 0.2840357397
    bin 5: 0.259201796894
    bin 6: 0.195335925278
    bin 7: 0.194163924522
    bin 8: 0.168464452241
    bin 9: 0.168295842405
    bin 10: 0.120546205364
    bin 11: 0.142676113697
    bin 12: 0.107723965744
    bin 13: 0.0934578592988
    bin 14: 0.0633305346755
    bin 15: 0.0620222915691
-----------------------------
-----------------------------
ttbar pseudoscalar hisInfo in <TCanvas::Print>: png file plots/CR_2018/METcorrected_pt/09_07_2021/AH1lWR2018_METcorrected_pt_09_07_2021_withHEMfix_NLO.png has been created
t info:
    nEvents =  1134.0
    integral =  8.71689374
ZTo2Nu hist info:
    nEvents =  172.0
    integral =  0.803833126556
TTTo2L2Nu hist info:
    nEvents =  8233.0
    integral =  682.591890335
singleTop hist info:
    nEvents =  7646.0
    integral =  1050.55494547
TTV hist info:
    nEvents =  18369.0
    integral =  57.1472795606
bkgSum hist info:
    nEvents =  1515197.0
    integral =  46823.2630615
ttbar scalar hist info:
    nEvents =  1162.0
    integral =  28.5289162993
VV hist info:
    nEvents =  28777.0
    integral =  3028.54497528
QCD hist info:
    nEvents =  129.0
    integral =  216.249126092
ZTo2L hist info:
    nEvents =  69296.0
    integral =  641.052687645
data hist info:
    nEvents =  41518.0
    integral =  41518.0
WPlusJets hist info:
    nEvents =  1311683.0
    integral =  35865.4719238
TTToSemiLepton hist info:
    nEvents =  70892.0
    integral =  5280.84551811
Finished filling histograms
Creating stacked MC background histogram...
Finished stacking MC background histograms.
Drawing histograms...
Finished drawing histograms
Drawing ratio plot...
Finished drawing ratio plot
Plotting end time: 2021-09-07 12:07:43.759318
