Plotting start time: 2021-09-17 22:43:23.141902
Cut name =  AH1lTR
MC Selection Cuts =  (njets >= 3 && nbjets >= 1 && nTightElectrons == 1 && nVetoElectrons == 1 && nLooseMuons == 0 && METcorrected_pt >= 250 && M_T <= 140 && minDeltaPhi12 >= 0.8 && Flag_goodVertices && Flag_globalSuperTightHalo2016Filter && Flag_HBHENoiseFilter && Flag_HBHENoiseIsoFilter && Flag_EcalDeadCellTriggerPrimitiveFilter && Flag_BadPFMuonFilter && Flag_ecalBadCalibFilterV2 && Flag_eeBadScFilter && ((passEle32WPTightGsf2017) || (HLT_Ele115_CaloIdVT_GsfTrkIdT || HLT_Photon200)) && PV_npvsGood > 0 && PV_ndof > 4 && abs(PV_z) < 24 && sqrt(pow(PV_x,2)+pow(PV_y,2)) < 2 && ((nfjets == 0) || (nfjets >= 1 && Jet_pt[index_forwardJets[0]] < Jet_pt[index_centralJets[0]]))) || (njets >= 3 && nbjets >= 1 && nVetoElectrons == 0 && nTightMuons == 1 && nLooseMuons == 1 && METcorrected_pt >= 250 && M_T <= 140 && minDeltaPhi12 >= 0.8 && Flag_goodVertices && Flag_globalSuperTightHalo2016Filter && Flag_HBHENoiseFilter && Flag_HBHENoiseIsoFilter && Flag_EcalDeadCellTriggerPrimitiveFilter && Flag_BadPFMuonFilter && Flag_ecalBadCalibFilterV2 && Flag_eeBadScFilter && (HLT_IsoMu27) && PV_npvsGood > 0 && PV_ndof > 4 && abs(PV_z) < 24 && sqrt(pow(PV_x,2)+pow(PV_y,2)) < 2 && ((nfjets == 0) || (nfjets >= 1 && Jet_pt[index_forwardJets[0]] < Jet_pt[index_centralJets[0]])))
Data Selection Cuts =  (njets >= 3 && nbjets >= 1 && nTightElectrons == 1 && nVetoElectrons == 1 && nLooseMuons == 0 && METcorrected_pt >= 250 && M_T <= 140 && minDeltaPhi12 >= 0.8 && Flag_goodVertices && Flag_globalSuperTightHalo2016Filter && Flag_HBHENoiseFilter && Flag_HBHENoiseIsoFilter && Flag_EcalDeadCellTriggerPrimitiveFilter && Flag_BadPFMuonFilter && Flag_ecalBadCalibFilterV2 && Flag_eeBadScFilter && ((passEle32WPTightGsf2017) || (HLT_Ele115_CaloIdVT_GsfTrkIdT || HLT_Photon200)) && PV_npvsGood > 0 && PV_ndof > 4 && abs(PV_z) < 24 && sqrt(pow(PV_x,2)+pow(PV_y,2)) < 2 && ((nfjets == 0) || (nfjets >= 1 && Jet_pt[index_forwardJets[0]] < Jet_pt[index_centralJets[0]]))) || (njets >= 3 && nbjets >= 1 && nVetoElectrons == 0 && nTightMuons == 1 && nLooseMuons == 1 && METcorrected_pt >= 250 && M_T <= 140 && minDeltaPhi12 >= 0.8 && Flag_goodVertices && Flag_globalSuperTightHalo2016Filter && Flag_HBHENoiseFilter && Flag_HBHENoiseIsoFilter && Flag_EcalDeadCellTriggerPrimitiveFilter && Flag_BadPFMuonFilter && Flag_ecalBadCalibFilterV2 && Flag_eeBadScFilter && (HLT_IsoMu27) && PV_npvsGood > 0 && PV_ndof > 4 && abs(PV_z) < 24 && sqrt(pow(PV_x,2)+pow(PV_y,2)) < 2 && ((nfjets == 0) || (nfjets >= 1 && Jet_pt[index_forwardJets[0]] < Jet_pt[index_centralJets[0]]))) && Flag_eeBadScFilter
var =  METcorrected_pt
year =  2017
lumi =  41.53
saveDirectory =  plots/CR_2017/METcorrected_pt/
date =  09_17_2021
Creating histograms..
Finished making systematic histogram dictionary
Drawing data and ratio plot...
Selected both SingleMuon and SingleElectron dataset
Loading data sample root files and event trees...
    nevents in filepath = /hdfs/store/user/vshang/SingleElectron_Run2017B/SingleElectron/ModuleCommonSkim_09072021/tree_all.root: 10032
    nevents in filepath = /hdfs/store/user/vshang/SingleElectron_Run2017C/SingleElectron/ModuleCommonSkim_09072021/tree_all.root: 29696
    nevents in filepath = /hdfs/store/user/vshang/SingleElectron_Run2017D/SingleElectron/ModuleCommonSkim_09072021/tree_all.root: 12904
    nevents in filepath = /hdfs/store/user/vshang/SingleElectron_Run2017E/SingleElectron/ModuleCommonSkim_09072021/tree_all.root: 28376
    nevents in filepath = /hdfs/store/user/vshang/SingleElectron_Run2017F/SingleElectron/ModuleCommonSkim_09072021/tree_all.root: 38572
    total nevents in  SingleElectron :  119580
    nevents in filepath = /hdfs/store/user/vshang/SingleMuon_Run2017B/SingleMuon/ModuleCommonSkim_09072021/tree_all.root: 20695
    nevents in filepath = /hdfs/store/user/vshang/SingleMuon_Run2017C/SingleMuon/ModuleCommonSkim_09072021/tree_all.root: 49576
    nevents in filepath = /hdfs/store/user/vshang/SingleMuon_Run2017D/SingleMuon/ModuleCommonSkim_09072021/tree_all.root: 21988
    nevents in filepath = /hdfs/store/user/vshang/SingleMuon_Run2017E/SingleMuon/ModuleCommonSkim_09072021/tree_all.root: 51981
    nevents in filepath = /hdfs/store/user/vshang/SingleMuon_Run2017F/SingleMuon/ModuleCommonSkim_09072021/tree_all.root: 78853
    total nevents in  SingleMuon :  223093
Got data sample root files and event trees
Loading MC sample root files and event trees...
    nevents in  ZTo2Nu   HT600To800 :  5649241
    nevents in  ZTo2Nu   HT1200To2500 :  340873
    nevents in  ZTo2Nu   HT100To200 :  22737266
    nevents in  ZTo2Nu   HT2500ToInf :  6734
    nevents in  ZTo2Nu   HT800To1200 :  2058077
    nevents in  ZTo2Nu   HT200To400 :  21446397
    nevents in  ZTo2Nu   HT400To600 :  9542035
    nevents in  WW   WWTo1L1Nu2Q :  5054286
    nevents in  WW   WWTo4Q :  2000000
    nevents in  WW   WWTo2L2Nu :  2000000
    nevents in  ttbarPlusJets   TTToSemiLepton :  241119449
    nevents in  ttbarPlusJets   TTTo2L2Nu :  9000000
    nevents in  ttbar scalar   ttDM_MChi1_MPhi100_scalar :  1542620
    nevents in  ZZ   ZZTo2Q2Nu :  62115355
    nevents in  ZZ   ZZTo4L :  6964071
    nevents in  ZZ   ZZTo2L2Q :  27441872
    nevents in  ZZ   ZZTo2L2Nu :  8744768
    nevents in  QCD   HT700To1000 :  46840955
    nevents in  QCD   HT500To700 :  56207744
    nevents in  QCD   HT2000ToInf :  5941306
    nevents in  QCD   HT1000To1500 :  16824762
    nevents in  QCD   HT1500To2000 :  11634434
    nevents in  QCD   HT100To200 :  93231801
    nevents in  QCD   HT300To500 :  59569132
    nevents in  QCD   HT200To300 :  59197363
    nevents in  WZ   WZTo2Q2Nu :  30748033
    nevents in  WZ   WZTo2L2Q :  27582164
    nevents in  WZ   WZTo3LNu :  10987679
    nevents in  WZ   WZTo1L3Nu :  4994395
    nevents in  WZ   WZTo1L1Nu2Q :  19086373
    nevents in  ttbar pseudoscalar   ttDM_MChi1_MPhi100_pseudo :  2017188
    nevents in  TTV   TTZToQQ :  9690000
    nevents in  TTV   TTWJetsToLNu :  9920372
    nevents in  TTV   TTWJetsToQQ :  811306
    nevents in  TTV   TTZToLLNuNu :  15496140
    nevents in  ZTo2L   HT600To800 :  8743640
    nevents in  ZTo2L   HT1200To2500 :  625517
    nevents in  ZTo2L   HT100To200 :  15147827
    nevents in  ZTo2L   HT2500ToInf :  419308
    nevents in  ZTo2L   HT800To1200 :  3114980
    nevents in  ZTo2L   HT200To400 :  11929310
    nevents in  ZTo2L   HT400To600 :  11343818
    nevents in  singleTop   ST_s-channel :  9883805
    nevents in  singleTop   ST_t-channel_antitop :  3675910
    nevents in  singleTop   ST_tW_top :  7794186
    nevents in  singleTop   ST_t-channel_top :  5982064
    nevents in  singleTop   ST_tW_antitop :  7977430
    nevents in  WPlusJets   HT200To400 :  21250517
    nevents in  WPlusJets   HT70To100 :  22226705
    nevents in  WPlusJets   HT600To800 :  21709087
    nevents in  WPlusJets   HT1200To2500 :  20258624
    nevents in  WPlusJets   HT100To200 :  35862893
    nevents in  WPlusJets   HT400To600 :  14313274
    nevents in  WPlusJets   HT2500ToInf :  21495421
    nevents in  WPlusJets   HT800To1200 :  20432728
Got MC sample root files and event trees
Filling histograms...
  Dataset =  SingleElectron  ||   nEvents =  119580
  Using cut =  njets >= 3 && nbjets >= 1 && nTightElectrons == 1 && nVetoElectrons == 1 && nLooseMuons == 0 && METcorrected_pt >= 250 && M_T <= 140 && minDeltaPhi12 >= 0.8 && Flag_goodVertices && Flag_globalSuperTightHalo2016Filter && Flag_HBHENoiseFilter && Flag_HBHENoiseIsoFilter && Flag_EcalDeadCellTriggerPrimitiveFilter && Flag_BadPFMuonFilter && Flag_ecalBadCalibFilterV2 && Flag_eeBadScFilter && ((passEle32WPTightGsf2017) || (HLT_Ele115_CaloIdVT_GsfTrkIdT || HLT_Photon200)) && PV_npvsGood > 0 && PV_ndof > 4 && abs(PV_z) < 24 && sqrt(pow(PV_x,2)+pow(PV_y,2)) < 2 && ((nfjets == 0) || (nfjets >= 1 && Jet_pt[index_forwardJets[0]] < Jet_pt[index_centralJets[0]])) && Flag_eeBadScFilter
   Using cut =  njets >= 3 && nbjets >= 1 && nTightElectrons == 1 && nVetoElectrons == 1 && nLooseMuons == 0 && METcorrected_pt >= 250 && M_T <= 140 && minDeltaPhi12 >= 0.8 && Flag_goodVertices && Flag_globalSuperTightHalo2016Filter && Flag_HBHENoiseFilter && Flag_HBHENoiseIsoFilter &&Info in <TCanvas::MakeDefCanvas>:  created default TCanvas with name c1
TFile::Append:0: RuntimeWarning: Replacing existing TH1: hist (Potential memory leak).
TFile::Append:0: RuntimeWarning: Replacing existing TH1: hist (Potential memory leak).
TFile::Append:0: RuntimeWarning: Replacing existing TH1: hist (Potential memory leak).
TFile::Append:0: RuntimeWarning: Replacing existing TH1: hist (Potential memory leak).
TFile::Append:0: RuntimeWarning: Replacing existing TH1: hist (Potential memory leak).
 Flag_EcalDeadCellTriggerPrimitiveFilter && Flag_BadPFMuonFilter && Flag_ecalBadCalibFilterV2 && Flag_eeBadScFilter && ((passEle32WPTightGsf2017) || (HLT_Photon200)) && PV_npvsGood > 0 && PV_ndof > 4 && abs(PV_z) < 24 && sqrt(pow(PV_x,2)+pow(PV_y,2)) < 2 && ((nfjets == 0) || (nfjets >= 1 && Jet_pt[index_forwardJets[0]] < Jet_pt[index_centralJets[0]])) && Flag_eeBadScFilter
    hist nEntries =  190.0
    hist integral =  190.0
    hist_data nEntries =  190.0
    hist_data integral =  190.0
  Using cut =  njets >= 3 && nbjets >= 1 && nTightElectrons == 1 && nVetoElectrons == 1 && nLooseMuons == 0 && METcorrected_pt >= 250 && M_T <= 140 && minDeltaPhi12 >= 0.8 && Flag_goodVertices && Flag_globalSuperTightHalo2016Filter && Flag_HBHENoiseFilter && Flag_HBHENoiseIsoFilter && Flag_EcalDeadCellTriggerPrimitiveFilter && Flag_BadPFMuonFilter && Flag_ecalBadCalibFilterV2 && Flag_eeBadScFilter && ((passEle32WPTightGsf2017) || (HLT_Ele115_CaloIdVT_GsfTrkIdT || HLT_Photon200)) && PV_npvsGood > 0 && PV_ndof > 4 && abs(PV_z) < 24 && sqrt(pow(PV_x,2)+pow(PV_y,2)) < 2 && ((nfjets == 0) || (nfjets >= 1 && Jet_pt[index_forwardJets[0]] < Jet_pt[index_centralJets[0]])) && Flag_eeBadScFilter
    hist nEntries =  381.0
    hist integral =  381.0
    hist_data nEntries =  571.0
    hist_data integral =  571.0
  Using cut =  njets >= 3 && nbjets >= 1 && nTightElectrons == 1 && nVetoElectrons == 1 && nLooseMuons == 0 && METcorrected_pt >= 250 && M_T <= 140 && minDeltaPhi12 >= 0.8 && Flag_goodVertices && Flag_globalSuperTightHalo2016Filter && Flag_HBHENoiseFilter && Flag_HBHENoiseIsoFilter && Flag_EcalDeadCellTriggerPrimitiveFilter && Flag_BadPFMuonFilter && Flag_ecalBadCalibFilterV2 && Flag_eeBadScFilter && ((passEle32WPTightGsf2017) || (HLT_Ele115_CaloIdVT_GsfTrkIdT || HLT_Photon200)) && PV_npvsGood > 0 && PV_ndof > 4 && abs(PV_z) < 24 && sqrt(pow(PV_x,2)+pow(PV_y,2)) < 2 && ((nfjets == 0) || (nfjets >= 1 && Jet_pt[index_forwardJets[0]] < Jet_pt[index_centralJets[0]])) && Flag_eeBadScFilter
    hist nEntries =  184.0
    hist integral =  184.0
    hist_data nEntries =  755.0
    hist_data integral =  755.0
  Using cut =  njets >= 3 && nbjets >= 1 && nTightElectrons == 1 && nVetoElectrons == 1 && nLooseMuons == 0 && METcorrected_pt >= 250 && M_T <= 140 && minDeltaPhi12 >= 0.8 && Flag_goodVertices && Flag_globalSuperTightHalo2016Filter && Flag_HBHENoiseFilter && Flag_HBHENoiseIsoFilter && Flag_EcalDeadCellTriggerPrimitiveFilter && Flag_BadPFMuonFilter && Flag_ecalBadCalibFilterV2 && Flag_eeBadScFilter && ((passEle32WPTightGsf2017) || (HLT_Ele115_CaloIdVT_GsfTrkIdT || HLT_Photon200)) && PV_npvsGood > 0 && PV_ndof > 4 && abs(PV_z) < 24 && sqrt(pow(PV_x,2)+pow(PV_y,2)) < 2 && ((nfjets == 0) || (nfjets >= 1 && Jet_pt[index_forwardJets[0]] < Jet_pt[index_centralJets[0]])) && Flag_eeBadScFilter
    hist nEntries =  441.0
    hist integral =  441.0
    hist_data nEntries =  1196.0
    hist_data integral =  1196.0
  Using cut =  njets >= 3 && nbjets >= 1 && nTightElectrons == 1 && nVetoElectrons == 1 && nLooseMuons == 0 && METcorrected_pt >= 250 && M_T <= 140 && minDeltaPhi12 >= 0.8 && Flag_goodVertices && Flag_globalSuperTightHalo2016Filter && Flag_HBHENoiseFilter && Flag_HBHENoiseIsoFilter && Flag_EcalDeadCellTriggerPrimitiveFilter && Flag_BadPFMuonFilter && Flag_ecalBadCalibFilterV2 && Flag_eeBadScFilter && ((passEle32WPTightGsf2017) || (HLT_Ele115_CaloIdVT_GsfTrkIdT || HLT_Photon200)) && PV_npvsGood > 0 && PV_ndof > 4 && abs(PV_z) < 24 && sqrt(pow(PV_x,2)+pow(PV_y,2)) < 2 && ((nfjets == 0) || (nfjets >= 1 && Jet_pt[index_forwardJets[0]] < Jet_pt[index_centralJets[0]])) && Flag_eeBadScFilter
    hist nEntries =  524.0
    hist integral =  524.0
    hist_data nEntries =  1720.0
    hist_data integral =  1720.0
  Dataset =  SingleMuon  ||   nEvents =  223093
  Using cut =  njets >= 3 && nbjets >= 1 && nVetoElectrons == 0 && nTightMuons == 1 && nLooseMuons == 1 && METcorrected_pt >= 250 && M_T <= 140 && minDeltaPhi12 >= 0.8 && Flag_goodVertices && Flag_globalSuperTightHalo2016Filter && Flag_HBHENoiseFilter && Flag_HBHENoiseIsoFilter && Flag_EcalDeadCellTriTFile::Append:0: RuntimeWarning: Replacing existing TH1: hist (Potential memory leak).
TFile::Append:0: RuntimeWarning: Replacing existing TH1: hist (Potential memory leak).
TFile::Append:0: RuntimeWarning: Replacing existing TH1: hist (Potential memory leak).
TFile::Append:0: RuntimeWarning: Replacing existing TH1: hist (Potential memory leak).
TFile::Append:0: RuntimeWarning: Replacing existing TH1: hist (Potential memory leak).
TFile::Append:0: RuntimeWarning: Replacing existing TH1: hist (Potential memory leak).
TFile::Append:0: RuntimeWarning: Replacing existing TH1: hist (Potential memory leak).
TFile::Append:0: RuntimeWarning: Replacing existing TH1: hist (Potential memory leak).
ggerPrimitiveFilter && Flag_BadPFMuonFilter && Flag_ecalBadCalibFilterV2 && Flag_eeBadScFilter && (HLT_IsoMu27) && PV_npvsGood > 0 && PV_ndof > 4 && abs(PV_z) < 24 && sqrt(pow(PV_x,2)+pow(PV_y,2)) < 2 && ((nfjets == 0) || (nfjets >= 1 && Jet_pt[index_forwardJets[0]] < Jet_pt[index_centralJets[0]])) && Flag_eeBadScFilter
    hist nEntries =  292.0
    hist integral =  292.0
    hist_data nEntries =  2012.0
    hist_data integral =  2012.0
  Using cut =  njets >= 3 && nbjets >= 1 && nVetoElectrons == 0 && nTightMuons == 1 && nLooseMuons == 1 && METcorrected_pt >= 250 && M_T <= 140 && minDeltaPhi12 >= 0.8 && Flag_goodVertices && Flag_globalSuperTightHalo2016Filter && Flag_HBHENoiseFilter && Flag_HBHENoiseIsoFilter && Flag_EcalDeadCellTriggerPrimitiveFilter && Flag_BadPFMuonFilter && Flag_ecalBadCalibFilterV2 && Flag_eeBadScFilter && (HLT_IsoMu27) && PV_npvsGood > 0 && PV_ndof > 4 && abs(PV_z) < 24 && sqrt(pow(PV_x,2)+pow(PV_y,2)) < 2 && ((nfjets == 0) || (nfjets >= 1 && Jet_pt[index_forwardJets[0]] < Jet_pt[index_centralJets[0]])) && Flag_eeBadScFilter
    hist nEntries =  585.0
    hist integral =  585.0
    hist_data nEntries =  2597.0
    hist_data integral =  2597.0
  Using cut =  njets >= 3 && nbjets >= 1 && nVetoElectrons == 0 && nTightMuons == 1 && nLooseMuons == 1 && METcorrected_pt >= 250 && M_T <= 140 && minDeltaPhi12 >= 0.8 && Flag_goodVertices && Flag_globalSuperTightHalo2016Filter && Flag_HBHENoiseFilter && Flag_HBHENoiseIsoFilter && Flag_EcalDeadCellTriggerPrimitiveFilter && Flag_BadPFMuonFilter && Flag_ecalBadCalibFilterV2 && Flag_eeBadScFilter && (HLT_IsoMu27) && PV_npvsGood > 0 && PV_ndof > 4 && abs(PV_z) < 24 && sqrt(pow(PV_x,2)+pow(PV_y,2)) < 2 && ((nfjets == 0) || (nfjets >= 1 && Jet_pt[index_forwardJets[0]] < Jet_pt[index_centralJets[0]])) && Flag_eeBadScFilter
    hist nEntries =  285.0
    hist integral =  285.0
    hist_data nEntries =  2882.0
    hist_data integral =  2882.0
  Using cut =  njets >= 3 && nbjets >= 1 && nVetoElectrons == 0 && nTightMuons == 1 && nLooseMuons == 1 && METcorrected_pt >= 250 && M_T <= 140 && minDeltaPhi12 >= 0.8 && Flag_goodVertices && Flag_globalSuperTightHalo2016Filter && Flag_HBHENoiseFilter && Flag_HBHENoiseIsoFilter && Flag_EcalDeadCellTriggerPrimitiveFilter && Flag_BadPFMuonFilter && Flag_ecalBadCalibFilterV2 && Flag_eeBadScFilter && (HLT_IsoMu27) && PV_npvsGood > 0 && PV_ndof > 4 && abs(PV_z) < 24 && sqrt(pow(PV_x,2)+pow(PV_y,2)) < 2 && ((nfjets == 0) || (nfjets >= 1 && Jet_pt[index_forwardJets[0]] < Jet_pt[index_centralJets[0]])) && Flag_eeBadScFilter
    hist nEntries =  610.0
    hist integral =  610.0
    hist_data nEntries =  3492.0
    hist_data integral =  3492.0
  Using cut =  njets >= 3 && nbjets >= 1 && nVetoElectrons == 0 && nTightMuons == 1 && nLooseMuons == 1 && METcorrected_pt >= 250 && M_T <= 140 && minDeltaPhi12 >= 0.8 && Flag_goodVertices && Flag_globalSuperTightHalo2016Filter && Flag_HBHENoiseFilter && Flag_HBHENoiseIsoFilter && Flag_EcalDeadCellTriggerPrimitiveFilter && Flag_BadPFMuonFilter && Flag_ecalBadCalibFilterV2 && Flag_eeBadScFilter && (HLT_IsoMu27) && PV_npvsGood > 0 && PV_ndof > 4 && abs(PV_z) < 24 && sqrt(pow(PV_x,2)+pow(PV_y,2)) < 2 && ((nfjets == 0) || (nfjets >= 1 && Jet_pt[index_forwardJets[0]] < Jet_pt[index_centralJets[0]])) && Flag_eeBadScFilter
    hist nEntries =  839.0
    hist integral =  839.0
    hist_data nEntries =  4331.0
    hist_data integral =  4331.0
  Process =  ZTo2Nu
      Dataset =  HT600To800  ||   nEvents =  5649241
Applied ZTo2Nu qcd/ewk Weights correctly
          hist nEntries =  1.0
          hist integral =  0.0027303150855
      Dataset =  HT1200To2500  ||   nEvents =  340873
Applied ZTo2Nu qcd/ewk Weights correctly
          hist nEntries =  0.0
          hist integral =  0.0
      Dataset =  HT100To200  ||   nEvents =  22737266
Applied ZTo2Nu qcd/ewk Weights correctly
          hist nEntries =  0.0
          hist integral =  0.0
      Dataset =  HT2500ToInf  ||   nEvents =  6734
Applied ZTo2Nu qcd/ewk Weights correctly
          hist nEntries =  0.0
          hist integral =  0.0
      Dataset =  HT800TFile::Append:0: RuntimeWarning: Replacing existing TH1: hist (Potential memory leak).
TFile::Append:0: RuntimeWarning: Replacing existing TH1: hist (Potential memory leak).
TFile::Append:0: RuntimeWarning: Replacing existing TH1: hist (Potential memory leak).
TFile::Append:0: RuntimeWarning: Replacing existing TH1: hist (Potential memory leak).
TFile::Append:0: RuntimeWarning: Replacing existing TH1: hist (Potential memory leak).
TFile::Append:0: RuntimeWarning: Replacing existing TH1: hist (Potential memory leak).
TFile::Append:0: RuntimeWarning: Replacing existing TH1: hist (Potential memory leak).
TFile::Append:0: RuntimeWarning: Replacing existing TH1: hist (Potential memory leak).
TFile::Append:0: RuntimeWarning: Replacing existing TH1: hist (Potential memory leak).
TFile::Append:0: RuntimeWarning: Replacing existing TH1: hist (Potential memory leak).
TFile::Append:0: RuntimeWarning: Replacing existing TH1: hist (Potential memory leak).
TFile::Append:0: RuntimeWarning: Replacing existing TH1: hist (Potential memory leak).
TFile::Append:0: RuntimeWarning: Replacing existing TH1: hist (Potential memory leak).
TFile::Append:0: RuntimeWarning: Replacing existing TH1: hist (Potential memory leak).
TFile::Append:0: RuntimeWarning: Replacing existing TH1: hist (Potential memory leak).
TFile::Append:0: RuntimeWarning: Replacing existing TH1: hist (Potential memory leak).
TFile::Append:0: RuntimeWarning: Replacing existing TH1: hist (Potential memory leak).
TFile::Append:0: RuntimeWarning: Replacing existing TH1: hist (Potential memory leak).
TFile::Append:0: RuntimeWarning: Replacing existing TH1: hist (Potential memory leak).
TFile::Append:0: RuntimeWarning: Replacing existing TH1: hist (Potential memory leak).
TFile::Append:0: RuntimeWarning: Replacing existing TH1: hist (Potential memory leak).
TFile::Append:0: RuntimeWarning: Replacing existing TH1: hist (Potential memory leak).
TFile::Append:0: RuntimeWarning: Replacing existing TH1: hist (Potential memory leak).
TFile::Append:0: RuntimeWarning: Replacing existing TH1: hist (Potential memory leak).
TFile::Append:0: RuntimeWarning: Replacing existing TH1: hist (Potential memory leak).
TFile::Append:0: RuntimeWarning: Replacing existing TH1: hist (Potential memory leak).
TFile::Append:0: RuntimeWarning: Replacing existing TH1: hist (Potential memory leak).
TFile::Append:0: RuntimeWarning: Replacing existing TH1: hist (Potential memory leak).
TFile::Append:0: RuntimeWarning: Replacing existing TH1: hist (Potential memory leak).
TFile::Append:0: RuntimeWarning: Replacing existing TH1: hist (Potential memory leak).
TFile::Append:0: RuntimeWarning: Replacing existing TH1: hist (Potential memory leak).
To1200  ||   nEvents =  2058077
Applied ZTo2Nu qcd/ewk Weights correctly
          hist nEntries =  0.0
          hist integral =  0.0
      Dataset =  HT200To400  ||   nEvents =  21446397
Applied ZTo2Nu qcd/ewk Weights correctly
          hist nEntries =  0.0
          hist integral =  0.0
      Dataset =  HT400To600  ||   nEvents =  9542035
Applied ZTo2Nu qcd/ewk Weights correctly
          hist nEntries =  1.0
          hist integral =  0.006653401535
  Process =  WW
      Dataset =  WWTo1L1Nu2Q  ||   nEvents =  5054286
          hist nEntries =  76.0
          hist integral =  40.0656632781
      Dataset =  WWTo4Q  ||   nEvents =  2000000
          hist nEntries =  0.0
          hist integral =  0.0
      Dataset =  WWTo2L2Nu  ||   nEvents =  2000000
          hist nEntries =  17.0
          hist integral =  3.38002458215
  Process =  ttbarPlusJets
      Dataset =  TTToSemiLepton  ||   nEvents =  241119449
          hist nEntries =  64162.0
          hist integral =  3232.47034073
      Dataset =  TTTo2L2Nu  ||   nEvents =  9000000
          hist nEntries =  1255.0
          hist integral =  392.191981733
  Process =  ttbar scalar
      Dataset =  ttDM_MChi1_MPhi100_scalar  ||   nEvents =  1542620
          hist nEntries =  1353.0
          hist integral =  21.8360837251
  Process =  ZZ
      Dataset =  ZZTo2Q2Nu  ||   nEvents =  62115355
          hist nEntries =  2.0
          hist integral =  0.00421901606023
      Dataset =  ZZTo4L  ||   nEvents =  6964071
          hist nEntries =  2.0
          hist integral =  0.0113857758697
      Dataset =  ZZTo2L2Q  ||   nEvents =  27441872
          hist nEntries =  91.0
          hist integral =  0.425916517168
      Dataset =  ZZTo2L2Nu  ||   nEvents =  8744768
          hist nEntries =  14.0
          hist integral =  0.0345662678592
  Process =  QCD
      Dataset =  HT700To1000  ||   nEvents =  46840955
          hist nEntries =  2.0
          hist integral =  12.9237194061
      Dataset =  HT500To700  ||   nEvents =  56207744
          hist nEntries =  0.0
          hist integral =  0.0
      Dataset =  HT2000ToInf  ||   nEvents =  5941306
          hist nEntries =  9.0
          hist integral =  0.963965619914
      Dataset =  HT1000To1500  ||   nEvents =  16824762
          hist nEntries =  2.0
          hist integral =  5.33599305153
      Dataset =  HT1500To2000  ||   nEvents =  11634434
          hist nEntries =  4.0
          hist integral =  1.02385107055
      Dataset =  HT100To200  ||   nEvents =  93231801
          hist nEntries =  0.0
          hist integral =  0.0
      Dataset =  HT300To500  ||   nEvents =  59569132
          hist nEntries =  0.0
          hist integral =  0.0
      Dataset =  HT200To300  ||   nEvents =  59197363
          hist nEntries =  0.0
          hist integral =  0.0
  Process =  WZ
      Dataset =  WZTo2Q2Nu  ||   nEvents =  30748033
          hist nEntries =  0.0
          hist integral =  0.0
      Dataset =  WZTo2L2Q  ||   nEvents =  27582164
          hist nEntries =  75.0
          hist integral =  0.561349042691
      Dataset =  WZTo3LNu  ||   nEvents =  10987679
          hist nEntries =  60.0
          hist integral =  0.837219749403
      Dataset =  WZTo1L3Nu  ||   nEvents =  4994395
          hist nEntries =  90.0
          hist integral =  2.04386715591
      Dataset =  WZTo1L1Nu2Q  ||   nEvents =  19086373
          hist nEntries =  1196.0
          hist integral =  24.4328343272
  Process =  ttbar pseudoscalar
      Dataset =  ttDM_MChi1_MPhi100_pseudo  ||   nEvents =  2017188
          hist nEntries =  2293.0
          hist integral =  7.43353646249
  Process =  TTV
      Dataset =  TTZToQQ  ||   nEvents =  9690000
          hist nEntries =  5715.0
          hist integral =  10.269073166
      Dataset =  TTWJetsToLNu  ||   nEvents =  9920372
          hist nEntries =  12533.0
          hist integral =  9.08736249059
      Dataset =  TTWJetsToQQ  ||   nEvents =  811306
          hist nEntries =  594.0
          hist integral =  10.3140081316
      Dataset =  TTZToLLNuNu  ||   nEvents =  15496140
          hist nEntrieTFile::Append:0: RuntimeWarning: Replacing existing TH1: hist (Potential memory leak).
TFile::Append:0: RuntimeWarning: Replacing existing TH1: hist (Potential memory leak).
TFile::Append:0: RuntimeWarning: Replacing existing TH1: hist (Potential memory leak).
TFile::Append:0: RuntimeWarning: Replacing existing TH1: hist (Potential memory leak).
TFile::Append:0: RuntimeWarning: Replacing existing TH1: hist (Potential memory leak).
TFile::Append:0: RuntimeWarning: Replacing existing TH1: hist (Potential memory leak).
TFile::Append:0: RuntimeWarning: Replacing existing TH1: hist (Potential memory leak).
TFile::Append:0: RuntimeWarning: Replacing existing TH1: hist (Potential memory leak).
TFile::Append:0: RuntimeWarning: Replacing existing TH1: hist (Potential memory leak).
TFile::Append:0: RuntimeWarning: Replacing existing TH1: hist (Potential memory leak).
TFile::Append:0: RuntimeWarning: Replacing existing TH1: hist (Potential memory leak).
TFile::Append:0: RuntimeWarning: Replacing existing TH1: hist (Potential memory leak).
TFile::Append:0: RuntimeWarning: Replacing existing TH1: hist (Potential memory leak).
TFile::Append:0: RuntimeWarning: Replacing existing TH1: hist (Potential memory leak).
TFile::Append:0: RuntimeWarning: Replacing existing TH1: hist (Potential memory leak).
TFile::Append:0: RuntimeWarning: Replacing existing TH1: hist (Potential memory leak).
TFile::Append:0: RuntimeWarning: Replacing existing TH1: hist (Potential memory leak).
TFile::Append:0: RuntimeWarning: Replacing existing TH1: hist (Potential memory leak).
TFile::Append:0: RuntimeWarning: Replacing existing TH1: hist (Potential memory leak).
TFile::Append:0: RuntimeWarning: Replacing existing TH1: hist (Potential memory leak).
s =  12398.0
          hist integral =  6.57484637201
  Process =  ZTo2L
      Dataset =  HT600To800  ||   nEvents =  8743640
Applied ZTo2L qcd/ewk Weights correctly
          hist nEntries =  638.0
          hist integral =  3.79779362679
      Dataset =  HT1200To2500  ||   nEvents =  625517
Applied ZTo2L qcd/ewk Weights correctly
          hist nEntries =  53.0
          hist integral =  0.412964817137
      Dataset =  HT100To200  ||   nEvents =  15147827
Applied ZTo2L qcd/ewk Weights correctly
          hist nEntries =  2.0
          hist integral =  0.806867837906
      Dataset =  HT2500ToInf  ||   nEvents =  419308
Applied ZTo2L qcd/ewk Weights correctly
          hist nEntries =  20.0
          hist integral =  0.00495109729673
      Dataset =  HT800To1200  ||   nEvents =  3114980
Applied ZTo2L qcd/ewk Weights correctly
          hist nEntries =  312.0
          hist integral =  2.28409957234
      Dataset =  HT200To400  ||   nEvents =  11929310
Applied ZTo2L qcd/ewk Weights correctly
          hist nEntries =  15.0
          hist integral =  2.3977624625
      Dataset =  HT400To600  ||   nEvents =  11343818
Applied ZTo2L qcd/ewk Weights correctly
          hist nEntries =  306.0
          hist integral =  5.60136226006
  Process =  singleTop
      Dataset =  ST_s-channel  ||   nEvents =  9883805
          hist nEntries =  345.0
          hist integral =  4.30262474343
      Dataset =  ST_t-channel_antitop  ||   nEvents =  3675910
          hist nEntries =  32.0
          hist integral =  17.5462002847
      Dataset =  ST_tW_top  ||   nEvents =  7794186
          hist nEntries =  1516.0
          hist integral =  232.885877371
      Dataset =  ST_t-channel_top  ||   nEvents =  5982064
          hist nEntries =  67.0
          hist integral =  43.9064619541
      Dataset =  ST_tW_antitop  ||   nEvents =  7977430
          hist nEntries =  1510.0
          hist integral =  227.744084477
  Process =  WPlusJets
      Dataset =  HT200To400  ||   nEvents =  21250517
Applied WPlusJets qcd/ewk Weights correctly
          hist nEntries =  95.0
          hist integral =  60.0662067719
      Dataset =  HT70To100  ||   nEvents =  22226705
Applied WPlusJets qcd/ewk Weights correctly
          hist nEntries =  1.0
          hist integral =  0.498381346464
      Dataset =  HT600To800  ||   nEvents =  21709087
Applied WPlusJets qcd/ewk Weights correctly
          hist nEntries =  7691.0
          hist integral =  125.232793689
      Dataset =  HT1200To2500  ||   nEvents =  20258624
Applied WPlusJets qcd/ewk Weights correctly
          hist nEntries =  11364.0
          hist integral =  14.4764274657
      Dataset =  HT100To200  ||   nEvents =  35862893
Applied WPlusJets qcd/ewk Weights correctly
          hist nEntries =  2.0
          hist integral =  0.669496655464
      Dataset =  HT400To600  ||   nEvents =  14313274
Applied WPlusJets qcd/ewk Weights correctly
          hist nEntries =  1719.0
          hist integral =  212.459559143
      Dataset =  HT2500ToInf  ||   nEvents =  21495421
Applied WPlusJets qcd/ewk Weights correctly
          hist nEntries =  8011.0
          hist integral =  0.0755233868258
      Dataset =  HT800To1200  ||   nEvents =  20432728
Applied WPlusJets qcd/ewk Weights correctly
          hist nEntries =  10832.0
          hist integral =  70.9674893618
-----------------------------
Total data background nEvents =  4331.0
Total data background integral =  4331.0
-----------------------------
Total MC background nEvents =  142830.0
Total MC background integral =  4779.09857559
-----------------------------
Total tt+DM signal nEvents =  1353.0
Total tt+DM signal integral =  21.8360837251
-----------------------------
-----------------------------
FOM for tt+DM signal =  0.315865182397
-----------------------------
Data bin errors:
    bin 0: 0.0
    bin 1: 35.3836120259
    bin 2: 29.9666481275
    bin 3: 25.0399680511
    bin 4: 19.7230829233
    bin 5: 17.3205080757
    bin 6: 15.0
    bin 7: 13.1148770486
    bin 8: 10.6301458127
    bin 9: 9.2736184955
    bin 10: 7.93725393319
    bin 11: 6.164414002Info in <TCanvas::Print>: png file plots/CR_2017/METcorrected_pt/09_17_2021/AH1lTR2017_METcorrected_pt_09_17_2021_noleadingfjet.png has been created
97
    bin 12: 5.29150262213
    bin 13: 5.38516480713
    bin 14: 5.29150262213
    bin 15: 4.35889894354
-----------------------------
MC background bin errors:
    bin 0: 0.0
    bin 1: 15.9559464604
    bin 2: 10.7859281608
    bin 3: 8.64413922279
    bin 4: 7.69673292712
    bin 5: 6.87797916552
    bin 6: 5.35293351545
    bin 7: 4.62197264931
    bin 8: 5.23799194217
    bin 9: 3.52230477089
    bin 10: 3.17274170637
    bin 11: 2.87490006948
    bin 12: 2.14153776726
    bin 13: 2.14836799384
    bin 14: 1.74240636003
    bin 15: 1.39605510122
-----------------------------
tt+DM bin errors:
    bin 0: 0.0
    bin 1: 0.319664223338
    bin 2: 0.264728976081
    bin 3: 0.231724756213
    bin 4: 0.215534412533
    bin 5: 0.15918049151
    bin 6: 0.166992757467
    bin 7: 0.14338433481
    bin 8: 0.0996678807022
    bin 9: 0.11542246795
    bin 10: 0.088587379898
    bin 11: 0.0869593834587
    bin 12: 0.0755110403934
    bin 13: 0.0656910237231
    bin 14: 0.0777052456846
    bin 15: 0.0448167694031
-----------------------------
-----------------------------
ttbar pseudoscalar hist info:
    nEvents =  2293.0
    integral =  7.43353646249
ZTo2Nu hist info:
    nEvents =  2.0
    integral =  0.0093837166205
TTTo2L2Nu hist info:
    nEvents =  1255.0
    integral =  392.191981733
singleTop hist info:
    nEvents =  3470.0
    integral =  526.385246277
TTV hist info:
    nEvents =  31240.0
    integral =  36.2452907264
bkgSum hist info:
    nEvents =  142830.0
    integral =  4779.09857559
ttbar scalar hist info:
    nEvents =  1353.0
    integral =  21.8360837251
VV hist info:
    nEvents =  1623.0
    integral =  71.7970460057
QCD hist info:
    nEvents =  17.0
    integral =  20.2475294424
ZTo2L hist info:
    nEvents =  1346.0
    integral =  15.305801563
data hist info:
    nEvents =  4331.0
    integral =  4331.0
WPlusJets hist info:
    nEvents =  39715.0
    integral =  484.445880175
TTToSemiLepton hist info:
    nEvents =  64162.0
    integral =  3232.47034073
Finished filling histograms
Creating stacked MC background histogram...
Finished stacking MC background histograms.
Drawing histograms...
Finished drawing histograms
Drawing ratio plot...
Finished drawing ratio plot
Plotting end time: 2021-09-17 22:49:39.029079
