Plotting start time: 2021-10-14 21:05:48.234151
Cut name =  AH0l2bSR
MC Selection Cuts =  (nVetoElectrons + nLooseMuons) == 0 && njets >= 3 && nbjets >= 2 && METcorrected_pt >= 250 && ntaus == 0 && minDeltaPhi > 0.4 && Flag_goodVertices && Flag_globalSuperTightHalo2016Filter && Flag_HBHENoiseFilter && Flag_HBHENoiseIsoFilter && Flag_EcalDeadCellTriggerPrimitiveFilter && Flag_BadPFMuonFilter && (HLT_PFMETNoMu120_PFMHTNoMu120_IDTight) && PV_npvsGood > 0 && PV_ndof > 4 && abs(PV_z) < 24 && sqrt(pow(PV_x,2)+pow(PV_y,2)) < 2 && minDeltaPhi12 >= 0.8 && M_Tb >= 140 && jet1p_TH_T <= 0.5
Data Selection Cuts =  (nVetoElectrons + nLooseMuons) == 0 && njets >= 3 && nbjets >= 2 && METcorrected_pt >= 250 && ntaus == 0 && minDeltaPhi > 0.4 && Flag_goodVertices && Flag_globalSuperTightHalo2016Filter && Flag_HBHENoiseFilter && Flag_HBHENoiseIsoFilter && Flag_EcalDeadCellTriggerPrimitiveFilter && Flag_BadPFMuonFilter && (HLT_PFMETNoMu120_PFMHTNoMu120_IDTight) && PV_npvsGood > 0 && PV_ndof > 4 && abs(PV_z) < 24 && sqrt(pow(PV_x,2)+pow(PV_y,2)) < 2 && minDeltaPhi12 >= 0.8 && M_Tb >= 140 && jet1p_TH_T <= 0.5 && Flag_eeBadScFilter
var =  Jet_pt[index_centralJets[0]]
year =  2016
lumi =  7.184
saveDirectory =  plots/SR_2016/Jet_pt/
date =  10_13_2021
applying HEM fix for 2018...
partially unblinding 1/5 data...
Creating histograms..
Finished making systematic histogram dictionary
Drawing data and ratio plot...
Selected MET dataset
Loading data sample root files and event trees...
    nevents in filepath = /hdfs/store/user/vshang/MET_Run2016B/MET/ModuleCommonSkim_09072021/tree_all.root: 182912
    nevents in filepath = /hdfs/store/user/vshang/MET_Run2016C/MET/ModuleCommonSkim_09072021/tree_all.root: 80259
    nevents in filepath = /hdfs/store/user/vshang/MET_Run2016D/MET/ModuleCommonSkim_09072021/tree_all.root: 131680
    nevents in filepath = /hdfs/store/user/vshang/MET_Run2016E/MET/ModuleCommonSkim_09072021/tree_all.root: 127112
    nevents in filepath = /hdfs/store/user/vshang/MET_Run2016F/MET/ModuleCommonSkim_09072021/tree_all.root: 100492
    nevents in filepath = /hdfs/store/user/vshang/MET_Run2016G/MET/ModuleCommonSkim_09072021/tree_all.root: 234544
    nevents in filepath = /hdfs/store/user/vshang/MET_Run2016H/MET/ModuleCommonSkim_09072021/tree_all.root: 262704
    total nevents in  MET :  1119703
Got data sample root files and event trees
Loading MC sample root files and event trees...
    nevents in  ZTo2Nu   HT600To800 :  5693589
    nevents in  ZTo2Nu   HT1200To2500 :  513471
    nevents in  ZTo2Nu   HT100To200 :  24272858
    nevents in  ZTo2Nu   HT2500ToInf :  405030
    nevents in  ZTo2Nu   HT800To1200 :  2170137
    nevents in  ZTo2Nu   HT200To400 :  24761211
    nevents in  ZTo2Nu   HT400To600 :  9862869
    nevents in  tbar scalar   tWChan_Mchi1Mphi100 :  200000
    nevents in  tbar scalar   tChan_Mchi1Mphi100 :  500000
    nevents in  WW   WWTo1L1Nu2Q :  5246469
    nevents in  WW   WWTo4Q :  30324343
    nevents in  WW   WWTo2L2Nu :  1999000
    nevents in  ttbarPlusJets   TTToSemiLepton :  152669800
    nevents in  ttbarPlusJets   TTTo2L2Nu :  79140880
    nevents in  ttbar scalar   ttDM_MChi1_MPhi100_scalar :  2625075
    nevents in  ZZ   ZZTo2Q2Nu :  52855410
    nevents in  ZZ   ZZTo4L :  103121112
    nevents in  ZZ   ZZTo2L2Q :  15462693
    nevents in  ZZ   ZZTo2L2Nu :  52855410
    nevents in  ZZ   ZZTo4Q :  30636849
    nevents in  QCD   HT700To1000 :  37233786
    nevents in  QCD   HT500To700 :  62622029
    nevents in  QCD   HT2000ToInf :  5804179
    nevents in  QCD   HT1000To1500 :  15210939
    nevents in  QCD   HT1500To2000 :  11839357
    nevents in  QCD   HT100To200 :  82293477
    nevents in  QCD   HT300To500 :  54552852
    nevents in  QCD   HT200To300 :  57580393
    nevents in  WZ   WZTo2Q2Nu :  17725159
    nevents in  WZ   WZTo2L2Q :  26445785
    nevents in  WZ   WZTo3LNu :  19993200
    nevents in  WZ   WZTo1L3Nu :  1703772
    nevents in  WZ   WZTo1L1Nu2Q :  24311445
    nevents in  TTV   TTZToQQ :  749400
    nevents in  TTV   TTWJetsToLNu :  5280565
    nevents in  TTV   TTWJetsToQQ :  833298
    Info in <TCanvas::MakeDefCanvas>:  created default TCanvas with name c1
TFile::Append:0: RuntimeWarning: Replacing existing TH1: hist (Potential memory leak).
TFile::Append:0: RuntimeWarning: Replacing existing TH1: hist (Potential memory leak).
TFile::Append:0: RuntimeWarning: Replacing existing TH1: hist (Potential memory leak).
TFile::Append:0: RuntimeWarning: Replacing existing TH1: hist (Potential memory leak).
TFile::Append:0: RuntimeWarning: Replacing existing TH1: hist (Potential memory leak).
TFile::Append:0: RuntimeWarning: Replacing existing TH1: hist (Potential memory leak).
TFile::Append:0: RuntimeWarning: Replacing existing TH1: hist (Potential memory leak).
TFile::Append:0: RuntimeWarning: Replacing existing TH1: hist (Potential memory leak).
TFile::Append:0: RuntimeWarning: Replacing existing TH1: hist (Potential memory leak).
TFile::Append:0: RuntimeWarning: Replacing existing TH1: hist (Potential memory leak).
TFile::Append:0: RuntimeWarning: Replacing existing TH1: hist (Potential memory leak).
TFile::Append:0: RuntimeWarning: Replacing existing TH1: hist (Potential memory leak).
TFile::Append:0: RuntimeWarning: Replacing existing TH1: hist (Potential memory leak).
TFile::Append:0: RuntimeWarning: Replacing existing TH1: hist (Potential memory leak).
TFile::Append:0: RuntimeWarning: Replacing existing TH1: hist (Potential memory leak).
TFile::Append:0: RuntimeWarning: Replacing existing TH1: hist (Potential memory leak).
TFile::Append:0: RuntimeWarning: Replacing existing TH1: hist (Potential memory leak).
TFile::Append:0: RuntimeWarning: Replacing existing TH1: hist (Potential memory leak).
TFile::Append:0: RuntimeWarning: Replacing existing TH1: hist (Potential memory leak).
TFile::Append:0: RuntimeWarning: Replacing existing TH1: hist (Potential memory leak).
nevents in  TTV   TTZToLLNuNu :  13692628
    nevents in  ZTo2L   HT600To800 :  8292957
    nevents in  ZTo2L   HT1200To2500 :  596079
    nevents in  ZTo2L   HT100To200 :  11017086
    nevents in  ZTo2L   HT2500ToInf :  399492
    nevents in  ZTo2L   HT800To1200 :  2673066
    nevents in  ZTo2L   HT200To400 :  9609137
    nevents in  ZTo2L   HT400To600 :  9725661
    nevents in  singleTop   ST_s-channel :  1000000
    nevents in  singleTop   ST_t-channel_antitop :  38811017
    nevents in  singleTop   ST_tW_top :  6952830
    nevents in  singleTop   ST_t-channel_top :  58403420
    nevents in  singleTop   ST_tW_antitop :  6933094
    nevents in  WPlusJets   HT200To400 :  38984322
    nevents in  WPlusJets   HT70To100 :  10020533
    nevents in  WPlusJets   HT600To800 :  18687480
    nevents in  WPlusJets   HT1200To2500 :  6872441
    nevents in  WPlusJets   HT100To200 :  78043017
    nevents in  WPlusJets   HT400To600 :  7687800
    nevents in  WPlusJets   HT2500ToInf :  2637821
    nevents in  WPlusJets   HT800To1200 :  7830536
Got MC sample root files and event trees
Filling histograms...
  Dataset =  MET  ||   nEvents =  1119703
    hist nEntries =  154.0
    hist integral =  154.0
    hist_data nEntries =  154.0
    hist_data integral =  154.0
    hist nEntries =  80.0
    hist integral =  80.0
    hist_data nEntries =  234.0
    hist_data integral =  234.0
    hist nEntries =  100.0
    hist integral =  100.0
    hist_data nEntries =  334.0
    hist_data integral =  334.0
    hist nEntries =  94.0
    hist integral =  94.0
    hist_data nEntries =  428.0
    hist_data integral =  428.0
    hist nEntries =  74.0
    hist integral =  74.0
    hist_data nEntries =  502.0
    hist_data integral =  502.0
    hist nEntries =  162.0
    hist integral =  162.0
    hist_data nEntries =  664.0
    hist_data integral =  664.0
    hist nEntries =  198.0
    hist integral =  198.0
    hist_data nEntries =  862.0
    hist_data integral =  862.0
  Process =  ZTo2Nu
      Dataset =  HT600To800  ||   nEvents =  5693589
Applied ZTo2Nu qcd/ewk Weights correctly
          hist nEntries =  5575.0
          hist integral =  21.6512831002
      Dataset =  HT1200To2500  ||   nEvents =  513471
Applied ZTo2Nu qcd/ewk Weights correctly
          hist nEntries =  827.0
          hist integral =  3.88311381172
      Dataset =  HT100To200  ||   nEvents =  24272858
Applied ZTo2Nu qcd/ewk Weights correctly
          hist nEntries =  2.0
          hist integral =  0.234989657998
      Dataset =  HT2500ToInf  ||   nEvents =  405030
Applied ZTo2Nu qcd/ewk Weights correctly
          hist nEntries =  423.0
          hist integral =  0.0699742180441
      Dataset =  HT800To1200  ||   nEvents =  2170137
Applied ZTo2Nu qcd/ewk Weights correctly
          hist nEntries =  2890.0
          hist integral =  13.3413660745
      Dataset =  HT200To400  ||   nEvents =  24761211
Applied ZTo2Nu qcd/ewk Weights correctly
          hist nEntries =  1496.0
          hist integral =  43.1603734493
      Dataset =  HT400To600  ||   nEvents =  9862869
Applied ZTo2Nu qcd/ewk Weights correctly
          hist nEntries =  5312.0
          hist integral =  50.6356722526
  Process =  tbar scalar
      Dataset =  tWChan_Mchi1Mphi100  ||   nEvents =  200000
          hist nEntries =  1880.0
          hist integral =  3.3903268436
      Dataset =  tChan_Mchi1Mphi100  ||   nEvents =  500000
          hist nEntries =  3096.0
          hist integral =  11.5291325492
  Process =  WW
      Dataset =  WWTo1L1Nu2Q  ||   nEvents =  5246469
          hist nEntries =  26.0
          hist integral =  1.74452955276
      Dataset =  WWTo4Q  ||   nEvents =  30324343
          hist nEntries =  0.0
          hist integral =  0.0
      Dataset =  WWTo2L2Nu  ||   nEvents =  1999000
          hist nEntries =  2.0
          hist integral =  0.0956787876785
  Process =  ttbarPlusJets
      Dataset =  TTToSemiLepton  ||   nEvents =  152669800
          hist nEntries =  38945.0
          hist integral =  628.770445503
      Dataset =  TTTo2L2Nu  ||   nEvents =  79140880
          hist nEntries =  63TFile::Append:0: RuntimeWarning: Replacing existing TH1: hist (Potential memory leak).
TFile::Append:0: RuntimeWarning: Replacing existing TH1: hist (Potential memory leak).
TFile::Append:0: RuntimeWarning: Replacing existing TH1: hist (Potential memory leak).
TFile::Append:0: RuntimeWarning: Replacing existing TH1: hist (Potential memory leak).
TFile::Append:0: RuntimeWarning: Replacing existing TH1: hist (Potential memory leak).
TFile::Append:0: RuntimeWarning: Replacing existing TH1: hist (Potential memory leak).
TFile::Append:0: RuntimeWarning: Replacing existing TH1: hist (Potential memory leak).
TFile::Append:0: RuntimeWarning: Replacing existing TH1: hist (Potential memory leak).
TFile::Append:0: RuntimeWarning: Replacing existing TH1: hist (Potential memory leak).
TFile::Append:0: RuntimeWarning: Replacing existing TH1: hist (Potential memory leak).
TFile::Append:0: RuntimeWarning: Replacing existing TH1: hist (Potential memory leak).
TFile::Append:0: RuntimeWarning: Replacing existing TH1: hist (Potential memory leak).
TFile::Append:0: RuntimeWarning: Replacing existing TH1: hist (Potential memory leak).
TFile::Append:0: RuntimeWarning: Replacing existing TH1: hist (Potential memory leak).
TFile::Append:0: RuntimeWarning: Replacing existing TH1: hist (Potential memory leak).
TFile::Append:0: RuntimeWarning: Replacing existing TH1: hist (Potential memory leak).
TFile::Append:0: RuntimeWarning: Replacing existing TH1: hist (Potential memory leak).
TFile::Append:0: RuntimeWarning: Replacing existing TH1: hist (Potential memory leak).
TFile::Append:0: RuntimeWarning: Replacing existing TH1: hist (Potential memory leak).
TFile::Append:0: RuntimeWarning: Replacing existing TH1: hist (Potential memory leak).
TFile::Append:0: RuntimeWarning: Replacing existing TH1: hist (Potential memory leak).
TFile::Append:0: RuntimeWarning: Replacing existing TH1: hist (Potential memory leak).
TFile::Append:0: RuntimeWarning: Replacing existing TH1: hist (Potential memory leak).
TFile::Append:0: RuntimeWarning: Replacing existing TH1: hist (Potential memory leak).
TFile::Append:0: RuntimeWarning: Replacing existing TH1: hist (Potential memory leak).
TFile::Append:0: RuntimeWarning: Replacing existing TH1: hist (Potential memory leak).
TFile::Append:0: RuntimeWarning: Replacing existing TH1: hist (Potential memory leak).
TFile::Append:0: RuntimeWarning: Replacing existing TH1: hist (Potential memory leak).
TFile::Append:0: RuntimeWarning: Replacing existing TH1: hist (Potential memory leak).
09.0
          hist integral =  46.711842142
  Process =  ttbar scalar
      Dataset =  ttDM_MChi1_MPhi100_scalar  ||   nEvents =  2625075
          hist nEntries =  18315.0
          hist integral =  34.2907725219
  Process =  ZZ
      Dataset =  ZZTo2Q2Nu  ||   nEvents =  52855410
          hist nEntries =  202.0
          hist integral =  0.111875416453
      Dataset =  ZZTo4L  ||   nEvents =  103121112
          hist nEntries =  3.0
          hist integral =  0.000341835955624
      Dataset =  ZZTo2L2Q  ||   nEvents =  15462693
          hist nEntries =  38.0
          hist integral =  0.0529070138
      Dataset =  ZZTo2L2Nu  ||   nEvents =  52855410
          hist nEntries =  202.0
          hist integral =  0.0156182512264
      Dataset =  ZZTo4Q  ||   nEvents =  30636849
          hist nEntries =  1.0
          hist integral =  0.00147900148295
  Process =  QCD
      Dataset =  HT700To1000  ||   nEvents =  37233786
          hist nEntries =  3.0
          hist integral =  3.52358645201
      Dataset =  HT500To700  ||   nEvents =  62622029
          hist nEntries =  0.0
          hist integral =  0.0
      Dataset =  HT2000ToInf  ||   nEvents =  5804179
          hist nEntries =  25.0
          hist integral =  0.833717431873
      Dataset =  HT1000To1500  ||   nEvents =  15210939
          hist nEntries =  2.0
          hist integral =  1.04760527611
      Dataset =  HT1500To2000  ||   nEvents =  11839357
          hist nEntries =  8.0
          hist integral =  0.568196897861
      Dataset =  HT100To200  ||   nEvents =  82293477
          hist nEntries =  0.0
          hist integral =  0.0
      Dataset =  HT300To500  ||   nEvents =  54552852
          hist nEntries =  0.0
          hist integral =  0.0
      Dataset =  HT200To300  ||   nEvents =  57580393
          hist nEntries =  0.0
          hist integral =  0.0
  Process =  WZ
      Dataset =  WZTo2Q2Nu  ||   nEvents =  17725159
          hist nEntries =  1009.0
          hist integral =  2.56485784147
      Dataset =  WZTo2L2Q  ||   nEvents =  26445785
          hist nEntries =  13.0
          hist integral =  0.0149426754215
      Dataset =  WZTo3LNu  ||   nEvents =  19993200
          hist nEntries =  10.0
          hist integral =  0.0115841801162
      Dataset =  WZTo1L3Nu  ||   nEvents =  1703772
          hist nEntries =  22.0
          hist integral =  0.253942209296
      Dataset =  WZTo1L1Nu2Q  ||   nEvents =  24311445
          hist nEntries =  1222.0
          hist integral =  3.63664858695
  Process =  TTV
      Dataset =  TTZToQQ  ||   nEvents =  749400
          hist nEntries =  460.0
          hist integral =  2.21391113289
      Dataset =  TTWJetsToLNu  ||   nEvents =  5280565
          hist nEntries =  7938.0
          hist integral =  2.09703285713
      Dataset =  TTWJetsToQQ  ||   nEvents =  833298
          hist nEntries =  370.0
          hist integral =  1.22076141462
      Dataset =  TTZToLLNuNu  ||   nEvents =  13692628
          hist nEntries =  130226.0
          hist integral =  16.3080239627
  Process =  ZTo2L
      Dataset =  HT600To800  ||   nEvents =  8292957
Applied ZTo2L qcd/ewk Weights correctly
          hist nEntries =  103.0
          hist integral =  0.143259462318
      Dataset =  HT1200To2500  ||   nEvents =  596079
Applied ZTo2L qcd/ewk Weights correctly
          hist nEntries =  11.0
          hist integral =  0.0227738250396
      Dataset =  HT100To200  ||   nEvents =  11017086
Applied ZTo2L qcd/ewk Weights correctly
          hist nEntries =  0.0
          hist integral =  0.0
      Dataset =  HT2500ToInf  ||   nEvents =  399492
Applied ZTo2L qcd/ewk Weights correctly
          hist nEntries =  9.0
          hist integral =  0.000837819257868
      Dataset =  HT800To1200  ||   nEvents =  2673066
Applied ZTo2L qcd/ewk Weights correctly
          hist nEntries =  38.0
          hist integral =  0.0748376204574
      Dataset =  HT200To400  ||   nEvents =  9609137
Applied ZTo2L qcd/ewk Weights correctly
          hist nEntries =  9.0
          hist integral =  0.308150164783
      Dataset =  HT400To600  ||   nEventTFile::Append:0: RuntimeWarning: Replacing existing TH1: hist (Potential memory leak).
TFile::Append:0: RuntimeWarning: Replacing existing TH1: hist (Potential memory leak).
TFile::Append:0: RuntimeWarning: Replacing existing TH1: hist (Potential memory leak).
TFile::Append:0: RuntimeWarning: Replacing existing TH1: hist (Potential memory leak).
TFile::Append:0: RuntimeWarning: Replacing existing TH1: hist (Potential memory leak).
TFile::Append:0: RuntimeWarning: Replacing existing TH1: hist (Potential memory leak).
TFile::Append:0: RuntimeWarning: Replacing existing TH1: hist (Potential memory leak).
TFile::Append:0: RuntimeWarning: Replacing existing TH1: hist (Potential memory leak).
TFile::Append:0: RuntimeWarning: Replacing existing TH1: hist (Potential memory leak).
TFile::Append:0: RuntimeWarning: Replacing existing TH1: hist (Potential memory leak).
TFile::Append:0: RuntimeWarning: Replacing existing TH1: hist (Potential memory leak).
TFile::Append:0: RuntimeWarning: Replacing existing TH1: hist (Potential memory leak).
TFile::Append:0: RuntimeWarning: Replacing existing TH1: hist (Potential memory leak).
TFile::Append:0: RuntimeWarning: Replacing existing TH1: hist (Potential memory leak).
s =  9725661
Applied ZTo2L qcd/ewk Weights correctly
          hist nEntries =  75.0
          hist integral =  0.354835491162
  Process =  singleTop
      Dataset =  ST_s-channel  ||   nEvents =  1000000
          hist nEntries =  57.0
          hist integral =  1.33027684642
      Dataset =  ST_t-channel_antitop  ||   nEvents =  38811017
          hist nEntries =  220.0
          hist integral =  3.07385613769
      Dataset =  ST_tW_top  ||   nEvents =  6952830
          hist nEntries =  635.0
          hist integral =  22.0307326354
      Dataset =  ST_t-channel_top  ||   nEvents =  58403420
          hist nEntries =  443.0
          hist integral =  6.6819207184
      Dataset =  ST_tW_antitop  ||   nEvents =  6933094
          hist nEntries =  601.0
          hist integral =  21.3285974972
  Process =  WPlusJets
      Dataset =  HT200To400  ||   nEvents =  38984322
Applied WPlusJets qcd/ewk Weights correctly
          hist nEntries =  215.0
          hist integral =  16.1851761937
      Dataset =  HT70To100  ||   nEvents =  10020533
Applied WPlusJets qcd/ewk Weights correctly
          hist nEntries =  0.0
          hist integral =  0.0
      Dataset =  HT600To800  ||   nEvents =  18687480
Applied WPlusJets qcd/ewk Weights correctly
          hist nEntries =  1985.0
          hist integral =  10.127505573
      Dataset =  HT1200To2500  ||   nEvents =  6872441
Applied WPlusJets qcd/ewk Weights correctly
          hist nEntries =  1497.0
          hist integral =  9.71575942636
      Dataset =  HT100To200  ||   nEvents =  78043017
Applied WPlusJets qcd/ewk Weights correctly
          hist nEntries =  3.0
          hist integral =  0.493799582124
      Dataset =  HT400To600  ||   nEvents =  7687800
Applied WPlusJets qcd/ewk Weights correctly
          hist nEntries =  412.0
          hist integral =  21.178074412
      Dataset =  HT2500ToInf  ||   nEvents =  2637821
Applied WPlusJets qcd/ewk Weights correctly
          hist nEntries =  377.0
          hist integral =  0.0416428611352
      Dataset =  HT800To1200  ||   nEvents =  7830536
Applied WPlusJets qcd/ewk Weights correctly
          hist nEntries =  1206.0
          hist integral =  1.61643067445
-----------------------------
Total data background nEvents =  862.0
Total data background integral =  862.0
-----------------------------
Total MC background nEvents =  211457.0
Total MC background integral =  959.484767318
-----------------------------
Total tt+DM signal nEvents =  915.75
Total tt+DM signal integral =  34.2907724038
-----------------------------
Total t+DM signal nEvents =  248.8
Total t+DM signal integral =  14.9194595598
-----------------------------
FOM for tt+DM signal =  1.10702703137
FOM for t+DM signal =  0.48165275578
-----------------------------
Data bin errors:
    bin 0: 0.0
    bin 1: 0.0
    bin 2: 1.41421356237
    bin 3: 4.0
    bin 4: 8.94427191
    bin 5: 12.2065556157
    bin 6: 12.9228479833
    bin 7: 11.4891252931
    bin 8: 9.64365076099
    bin 9: 8.83176086633
    bin 10: 5.83095189485
    bin 11: 5.38516480713
    bin 12: 4.0
    bin 13: 3.60555127546
    bin 14: 4.24264068712
    bin 15: 2.0
    bin 16: 2.2360679775
    bin 17: 2.44948974278
    bin 18: 1.0
    bin 19: 2.0
    bin 20: 1.41421356237
    bin 21: 2.2360679775
    bin 22: 1.73205080757
    bin 23: 1.41421356237
    bin 24: 0.0
    bin 25: 1.0
    bin 26: 0.0
    bin 27: 0.0
    bin 28: 1.41421356237
    bin 29: 0.0
    bin 30: 0.0
-----------------------------
MC background bin errors:
    bin 0: 0.0
    bin 1: 0.0
    bin 2: 0.156733887405
    bin 3: 0.696027290084
    bin 4: 1.45461650013
    bin 5: 1.98471423395
    bin 6: 1.95221677242
    bin 7: 2.12088785732
    bin 8: 1.3592390993
    bin 9: 2.26330154505
    bin 10: 0.823610412044
    bin 11: 0.634591005657
    bin 12: 0.539867403834
    bin 13: 0.42826707952
    bin 14: 0.369226410671
    bin 15: 0.344901451406
    bin 16: 0.27863548863
    bin 17: 0.272790081854
    bin 18: 0.217009413759
    bin 19: 0.205426977475
    bin 20: 0.19883307155
    bin 21: 0.155287084303
    bin 22: 0.162022296704
    bin 2Info in <TCanvas::Print>: png file plots/SR_2016/Jet_pt/10_13_2021/AH0l2bSR2016_Jet_pt[index_centralJets[0]]_10_13_2021_partialUnblind.png has been created
3: 0.169026170261
    bin 24: 0.149384118181
    bin 25: 0.14150913392
    bin 26: 0.0782498448167
    bin 27: 0.120633214164
    bin 28: 0.13242139132
    bin 29: 0.0699581970913
    bin 30: 0.11684012478
-----------------------------
tt+DM bin errors:
    bin 0: 0.0
    bin 1: 0.0
    bin 2: 0.0640627783898
    bin 3: 0.568654510818
    bin 4: 1.41435662512
    bin 5: 2.09840705609
    bin 6: 2.22170427055
    bin 7: 2.1251094158
    bin 8: 1.83660106207
    bin 9: 1.50262127335
    bin 10: 1.27998027762
    bin 11: 1.05102526632
    bin 12: 0.845530499535
    bin 13: 0.776419605474
    bin 14: 0.630593193397
    bin 15: 0.570428358052
    bin 16: 0.484325150176
    bin 17: 0.453415884887
    bin 18: 0.372161762488
    bin 19: 0.320033698644
    bin 20: 0.298850679272
    bin 21: 0.272604162353
    bin 22: 0.247725508729
    bin 23: 0.207631515074
    bin 24: 0.187802964275
    bin 25: 0.142905623253
    bin 26: 0.121393030131
    bin 27: 0.134440503371
    bin 28: 0.104093804944
    bin 29: 0.0632098415552
    bin 30: 0.0756377344943
-----------------------------
t+DM bin errors:
    bin 0: 0.0
    bin 1: 0.0
    bin 2: 0.18309724458
    bin 3: 0.835656402519
    bin 4: 1.54238434552
    bin 5: 1.93849416498
    bin 6: 1.95276160087
    bin 7: 1.74239085805
    bin 8: 1.49873653442
    bin 9: 1.1547996358
    bin 10: 1.02658515143
    bin 11: 0.810014664835
    bin 12: 0.658245321891
    bin 13: 0.623250144346
    bin 14: 0.546796422376
    bin 15: 0.532683130865
    bin 16: 0.413124939055
    bin 17: 0.353249472945
    bin 18: 0.287682081223
    bin 19: 0.271391386342
    bin 20: 0.200235909776
    bin 21: 0.19051814536
    bin 22: 0.198001447785
    bin 23: 0.209642471016
    bin 24: 0.0935015287786
    bin 25: 0.153406233002
    bin 26: 0.0625316600385
    bin 27: 0.0795565609029
    bin 28: 0.0949187866389
    bin 29: 0.0426319928428
    bin 30: 0.0465281978038
-----------------------------
ZTo2Nu hist info:
    nEvents =  16525.0
    integral =  132.976771701
tbar scalar hist info:
    nEvents =  4976.0
    integral =  298.389191195
TTTo2L2Nu hist info:
    nEvents =  6309.0
    integral =  46.711842142
singleTop hist info:
    nEvents =  1956.0
    integral =  54.4453833252
TTV hist info:
    nEvents =  138994.0
    integral =  21.8397291447
bkgSum hist info:
    nEvents =  211457.0
    integral =  959.484767318
ttbar scalar hist info:
    nEvents =  18315.0
    integral =  685.815448076
VV hist info:
    nEvents =  2750.0
    integral =  8.50440510316
QCD hist info:
    nEvents =  38.0
    integral =  5.97310617333
ZTo2L hist info:
    nEvents =  245.0
    integral =  0.90469441325
data hist info:
    nEvents =  862.0
    integral =  862.0
WPlusJets hist info:
    nEvents =  5695.0
    integral =  59.3583893925
TTToSemiLepton hist info:
    nEvents =  38945.0
    integral =  628.770445503
Finished filling histograms
Creating stacked MC background histogram...
Finished stacking MC background histograms.
Drawing histograms...
Finished drawing histograms
Drawing ratio plot...
Finished drawing ratio plot
Plotting end time: 2021-10-14 21:09:41.270815
