Plotting start time: 2021-09-07 05:44:39.265972
Cut name =  AH2lZR
MC Selection Cuts =  (njets >= 3 && nbjets == 0 && nTightElectrons == 2 && nVetoElectrons == 2 && nLooseMuons == 0 && m_ll >= 60 && m_ll <= 120 && recoilPtMiss >= 250 && lepton1_charge == -lepton2_charge && Flag_goodVertices && Flag_globalSuperTightHalo2016Filter && Flag_HBHENoiseFilter && Flag_HBHENoiseIsoFilter && Flag_EcalDeadCellTriggerPrimitiveFilter && Flag_BadPFMuonFilter && Flag_ecalBadCalibFilterV2 && Flag_eeBadScFilter && ((passEle32WPTightGsf2017) || (HLT_Ele115_CaloIdVT_GsfTrkIdT || HLT_Photon200))) || (njets >= 3 && nbjets == 0 && nVetoElectrons == 0 && nTightMuons == 2 && nLooseMuons == 2 && m_ll >= 60 && m_ll <= 120 && recoilPtMiss >= 250 && lepton1_charge == -lepton2_charge && Flag_goodVertices && Flag_globalSuperTightHalo2016Filter && Flag_HBHENoiseFilter && Flag_HBHENoiseIsoFilter && Flag_EcalDeadCellTriggerPrimitiveFilter && Flag_BadPFMuonFilter && Flag_ecalBadCalibFilterV2 && Flag_eeBadScFilter && (HLT_IsoMu27))
Data Selection Cuts =  (njets >= 3 && nbjets == 0 && nTightElectrons == 2 && nVetoElectrons == 2 && nLooseMuons == 0 && m_ll >= 60 && m_ll <= 120 && recoilPtMiss >= 250 && lepton1_charge == -lepton2_charge && Flag_goodVertices && Flag_globalSuperTightHalo2016Filter && Flag_HBHENoiseFilter && Flag_HBHENoiseIsoFilter && Flag_EcalDeadCellTriggerPrimitiveFilter && Flag_BadPFMuonFilter && Flag_ecalBadCalibFilterV2 && Flag_eeBadScFilter && ((passEle32WPTightGsf2017) || (HLT_Ele115_CaloIdVT_GsfTrkIdT || HLT_Photon200))) || (njets >= 3 && nbjets == 0 && nVetoElectrons == 0 && nTightMuons == 2 && nLooseMuons == 2 && m_ll >= 60 && m_ll <= 120 && recoilPtMiss >= 250 && lepton1_charge == -lepton2_charge && Flag_goodVertices && Flag_globalSuperTightHalo2016Filter && Flag_HBHENoiseFilter && Flag_HBHENoiseIsoFilter && Flag_EcalDeadCellTriggerPrimitiveFilter && Flag_BadPFMuonFilter && Flag_ecalBadCalibFilterV2 && Flag_eeBadScFilter && (HLT_IsoMu27)) && Flag_eeBadScFilter
var =  recoilPtMiss
year =  2017
lumi =  41.53
saveDirectory =  plots/CR_2017/METcorrected_pt/
date =  09_07_2021
Creating histograms..
Finished making systematic histogram dictionary
Drawing data and ratio plot...
Selected both SingleMuon and SingleElectron dataset
Loading data sample root files and event trees...
    nevents in filepath = /hdfs/store/user/vshang/SingleElectron_Run2017B/SingleElectron/ModuleCommonSkim_07152021/tree_all.root: 10032
    nevents in filepath = /hdfs/store/user/vshang/SingleElectron_Run2017C/SingleElectron/ModuleCommonSkim_07152021/tree_all.root: 29696
    nevents in filepath = /hdfs/store/user/vshang/SingleElectron_Run2017D/SingleElectron/ModuleCommonSkim_07152021/tree_all.root: 12904
    nevents in filepath = /hdfs/store/user/vshang/SingleElectron_Run2017E/SingleElectron/ModuleCommonSkim_07152021/tree_all.root: 28376
    nevents in filepath = /hdfs/store/user/vshang/SingleElectron_Run2017F/SingleElectron/ModuleCommonSkim_07152021/tree_all.root: 38572
    total nevents in  SingleElectron :  119580
    nevents in filepath = /hdfs/store/user/vshang/SingleMuon_Run2017B/SingleMuon/ModuleCommonSkim_07152021/tree_all.root: 20695
    nevents in filepath = /hdfs/store/user/vshang/SingleMuon_Run2017C/SingleMuon/ModuleCommonSkim_07152021/tree_all.root: 49576
    nevents in filepath = /hdfs/store/user/vshang/SingleMuon_Run2017D/SingleMuon/ModuleCommonSkim_07152021/tree_all.root: 21988
    nevents in filepath = /hdfs/store/user/vshang/SingleMuon_Run2017E/SingleMuon/ModuleCommonSkim_07152021/tree_all.root: 51981
    nevents in filepath = /hdfs/store/user/vshang/SingleMuon_Run2017F/SingleMuon/ModuleCommonSkim_07152021/tree_all.root: 78853
    total nevents in  SingleMuon :  223093
Got data sample root files and event trees
Loading MC sample root files and event trees...
getting events from filepath  /hdfs/store/user/vshang/ZTo2NuNLO_Run2017/Z1JetsToNuNu_M-50_LHEZpT_400-inf_TuneCP5_13TeV-amcnloFXFX-pythia8/ModuleCommonSkim_07152021/tree_all.root
    nevents in  ZTo2Nu   1LHEZpT400-inf :  2369427
getting events from filepath  /hdfs/store/user/vshang/ZTo2NuNLO_Run2017/Z2JetsToNuNu_M-50_LHEZpT_50-150_TuneCP5_13TeV-amcnloFXFX-pythia8/ModuleCommonSkim_07152021/tree_all.root
    nevents in  ZTo2Nu   2LHEZpT50-150 :  19503409
getting events from filepath  /hdfs/store/user/vshang/ZTo2NuNLO_Run2017/Z2JetsToNuNU_M-50_LHEZpT_400-inf_TuneCP5_13TeV-amcnloFXFX-pythia8/ModuleCommonSkim_07152021/tree_all.root
    nevents in  ZTo2Nu   2LHEZpT400-inf :  20880893
getting events from filepath  /hdfs/store/user/vshang/ZTo2NuNLO_Run2017/Z1JetsToNuNu_M-50_LHEZpT_250-400_TuneCP5_13TeV-amcnloFXFX-pythia8/ModuleCommonSkim_07152021/tree_all.root
    nevents in  ZTo2Nu   1LHEZpT250-400 :  19134102
getting events from filepath  /hdfs/store/user/vshang/ZTo2NuNLO_Run2017/Z2JetsToNuNu_M-50_LHEZpT_250-400_TuneCP5_13TeV-amcnloFXFX-pythia8/ModuleCommonSkim_07152021/tree_all.root
    nevents in  ZTo2Nu   2LHEZpT250-400 :  36673997
getting events from filepath  /hdfs/store/user/vshang/ZTo2NuNLO_Run2017/Z1JetsToNuNu_M-50_LHEZpT_150-250_TuneCP5_13TeV-amcnloFXFX-pythia8/ModuleCommonSkim_07152021/tree_all.root
    nevents in  ZTo2Nu   1LHEZpT150-250 :  43778523
getting events from filepath  /hdfs/store/user/vshang/ZTo2NuNLO_Run2017/Z2JetsToNuNu_M-50_LHEZpT_150-250_TuneCP5_13TeV-amcnloFXFX-pythia8/ModuleCommonSkim_07152021/tree_all.root
    nevents in  ZTo2Nu   2LHEZpT150-250 :  126271498
getting events from filepath  /hdfs/store/user/vshang/ZTo2NuNLO_Run2017/Z1JetsToNuNu_M-50_LHEZpT_50-150_TuneCP5_13TeV-amcnloFXFX-pythia8/ModuleCommonSkim_07152021/tree_all.root
    nevents in  ZTo2Nu   1LHEZpT50-150 :  11967370
getting events from filepath  /hdfs/store/user/vshang/WW_Run2017/WWTo1L1Nu2Q_13TeV_amcatnloFXFX_madspin_pythia8/ModuleCommonSkim_07152021/tree_all.root
    nevents in  WW   WWTo1L1Nu2Q :  5054286
getting events from filepath  /hdfs/store/user/vshang/WW_Run2017/WWTo4Q_NNPDF31_TuneCP5_13TeV-powheg-pythia8/ModuleCommonSkim_07152021/tree_all.root
    nevents in  WW   WWTo4Q :  2000000
getting events from filepath  /hdfs/store/user/vshang/WW_Run2017/WWTo2L2Nu_NNPDF31_TuneCP5_13TeV-powheg-pythia8/ModuleCommonSkim_07152021/tree_all.root
    nevents in  WW   WWTo2L2Nu :  2000000
getting events from filepath  /hdfs/store/user/vshang/ttbarPlusJets_Run2017/TTToSemiLeptonic_TuneCP5_13TeV-powheg-pythia8/ModuleCommonSkim_07152021/tree_all.root
    nevents in  ttbarPlusJets   TTToSemiLepton :  241119449
getting events from filepath  /hdfs/store/user/vshang/ttbarPlusJets_Run2017/TTTo2L2Nu_TuneCP5_13TeV-powheg-pythia8/ModuleCommonSkim_07152021/tree_all.root
    nevents in  ttbarPlusJets   TTTo2L2Nu :  9000000
getting events from filepath  /hdfs/store/user/vshang/ttbarDM_Run2017/TTbarDMJets_Inclusive_scalar_LO_TuneCP5_13TeV-madgraph-mcatnlo-pythia8/ModuleCommonSkim_07152021/tree_all.root
    nevents in  ttbar scalar   ttDM_MChi1_MPhi100_scalar :  1542620
getting events from filepath  /hdfs/store/user/vshang/ZZ_Run2017/ZZTo2Q2Nu_TuneCP5_13TeV_amcatnloFXFX_madspin_pythia8/ModuleCommonSkim_07152021/tree_all.root
    nevents in  ZZ   ZZTo2Q2Nu :  62115355
getting events from filepath  /hdfs/store/user/vshang/ZZ_Run2017/ZZTo4L_13TeV_powheg_pythia8/ModuleCommonSkim_07152021/tree_all.root
    nevents in  ZZ   ZZTo4L :  6964071
getting events from filepath  /hdfs/store/user/vshang/ZZ_Run2017/ZZTo2L2Q_13TeV_amcatnloFXFX_madspin_pythia8/ModuleCommonSkim_07152021/tree_all.root
    nevents in  ZZ   ZZTo2L2Q :  27441872
getting events from filepath  /hdfs/store/user/vshang/ZZ_Run2017/ZZTo2L2Nu_13TeV_powheg_pythia8/ModuleCommonSkim_07152021/tree_all.root
    nevents in  ZZ   ZZTo2L2Nu :  8744768
getting events from filepath  /hdfs/store/user/vshang/QCD_Run2017/QCD_HT700to1000_TuneCP5_13TeV-madgraph-pythia8/ModuleCommonSkim_07152021/tree_all.root
    nevents in  QCD   HT700To1000 :  46840955
getting events from filepath  /hdfs/store/user/vshang/QCD_Run2017/QCD_HT500to700_TuneCP5_13TeV-madgraph-pythia8/ModuleCommonSkim_07152021/tree_all.root
    nevents in  QCD   HT500To700 :  56207744
getting events from filepath  /hdfs/store/user/vshang/QCD_Run2017/QCD_HT2000toInf_TuneCP5_13TeV-madgraph-pythia8/ModuleCommonSkim_07152021/tree_all.root
    nevents in  QCD   HT2000ToInf :  5941306
getting events from filepath  /hdfs/store/user/vshang/QCD_Run2017/QCD_HT1000to1500_TuneCP5_13TeV-madgraph-pythia8/ModuleCommonSkim_07152021/tree_all.root
    nevents in  QCD   HT1000To1500 :  16824762
getting events from filepath  /hdfs/store/user/vshang/QCD_Run2017/QCD_HT1500to2000_TuneCP5_13TeV-madgraph-pythia8/ModuleCommonSkim_07152021/tree_all.root
    nevents in  QCD   HT1500To2000 :  11634434
getting events from filepath  /hdfs/store/user/vshang/QCD_Run2017/QCD_HT100to200_TuneCP5_13TeV-madgraph-pythia8/ModuleCommonSkim_07152021/tree_all.root
    nevents in  QCD   HT100To200 :  93231801
getting events from filepath  /hdfs/store/user/vshang/QCD_Run2017/QCD_HT300to500_TuneCP5_13TeV-madgraph-pythia8/ModuleCommonSkim_07152021/tree_all.root
    nevents in  QCD   HT300To500 :  59569132
getting events from filepath  /hdfs/store/user/vshang/QCD_Run2017/QCD_HT200to300_TuneCP5_13TeV-madgraph-pythia8/ModuleCommonSkim_07152021/tree_all.root
    nevents in  QCD   HT200To300 :  59197363
getting events from filepath  /hdfs/store/user/vshang/WZ_Run2017/WZTo2Q2Nu_TuneCP5_13TeV_amcatnloFXFX_madspin_pythia8/ModuleCommonSkim_07152021/tree_all.root
    nevents in  WZ   WZTo2Q2Nu :  30748033
getting events from filepath  /hdfs/store/user/vshang/WZ_Run2017/WZTo2L2Q_13TeV_amcatnloFXFX_madspin_pythia8/ModuleCommonSkim_07152021/tree_all.root
    nevents in  WZ   WZTo2L2Q :  27582164
getting events from filepath  /hdfs/store/user/vshang/WZ_Run2017/WZTo3LNu_TuneCP5_13TeV-amcatnloFXFX-pythia8/ModuleCommonSkim_07152021/tree_all.root
    nevents in  WZ   WZTo3LNu :  10987679
getting events from filepath  /hdfs/store/user/vshang/WZ_Run2017/WZTo1L3Nu_13TeV_amcatnloFXFX_madspin_pythia8_v2/ModuleCommonSkim_07152021/tree_all.root
    nevents in  WZ   WZTo1L3Nu :  4994395
getting events from filepath  /hdfs/store/user/vshang/WZ_Run2017/WZTo1L1Nu2Q_13TeV_amcatnloFXFX_madspin_pythia8/ModuleCommonSkim_07152021/tree_all.root
    nevents in  WZ   WZTo1L1Nu2Q :  19086373
getting events from filepath  /hdfs/store/user/vshang/ttbarDM_Run2017/TTbarDMJets_Inclusive_pseudoscalar_LO_TuneCP5_13TeV-madgraph-mcatnlo-pythia8/ModuleCommonSkim_07152021/tree_all.root
    nevents in  ttbar pseudoscalar   ttDM_MChi1_MPhi100_pseudo :  2017188
getting events from filepath  /hdfs/store/user/vshang/TTV_Run2017/TTZToQQ_TuneCP5_13TeV-amcatnlo-pythia8/ModuleCommonSkim_07152021/tree_all.root
    nevents in  TTV   TTZToQQ :  9690000
getting events from filepath  /hdfs/store/user/vshang/TTV_Run2017/TTWJetsToLNu_TuneCP5_13TeV-amcatnloFXFX-madspin-pythia8/ModuleCommonSkim_07152021/tree_all.root
    nevents in  TTV   TTWJetsToLNu :  9920372
getting events from filepath  /hdfs/store/user/vshang/TTV_Run2017/TTWJetsToQQ_TuneCP5_13TeV-amcatnloFXFX-madspin-pythia8/ModuleCommonSkim_07152021/tree_all.root
    nevents in  TTV   TTWJetsToQQ :  811306
getting events from filepath  /hdfs/store/user/vshang/TTV_Run2017/TTZToLLNuNu_M-10_TuneCP5_13TeV-amcatnlo-pythia8/ModuleCommonSkim_07152021/tree_all.root
    nevents in  TTV   TTZToLLNuNu :  15496140
getting events from filepath  /hdfs/store/user/vshang/ZTo2LNLO_Run2017/DY1JetsToLL_M-50_LHEZpT_400-inf_TuneCP5_13TeV-amcnloFXFX-pythia8/ModuleCommonSkim_07152021/tree_all.root
    nevents in  ZTo2L   1LHEZpT400-inf :  1943444
getting events from filepath  /hdfs/store/user/vshang/ZTo2LNLO_Run2017/DY2JetsToLL_M-50_LHEZpT_50-150_TuneCP5_13TeV-amcnloFXFX-pythia8/ModuleCommonSkim_07152021/tree_all.root
    nevents in  ZTo2L   2LHEZpT50-150 :  66975401
getting events from filepath  /hdfs/store/user/vshang/ZTo2LNLO_Run2017/DY2JetsToLL_M-50_LHEZpT_400-inf_TuneCP5_13TeV-amcnloFXFX-pythia8/ModuleCommonSkim_07152021/tree_all.root
    nevents in  ZTo2L   2LHEZpT400-inf :  11447163
getting events from filepath  /hdfs/store/user/vshang/ZTo2LNLO_Run2017/DY1JetsToLL_M-50_LHEZpT_250-400_TuneCP5_13TeV-amcnloFXFX-pythia8/ModuleCommonSkim_07152021/tree_all.root
    nevents in  ZTo2L   1LHEZpT250-400 :  9933135
getting events from filepath  /hdfs/store/user/vshang/ZTo2LNLO_Run2017/DY2JetsToLL_M-50_LHEZpT_250-400_TuneCP5_13TeV-amcnloFXFX-pythia8/ModuleCommonSkim_07152021/tree_all.root
    nevents in  ZTo2L   2LHEZpT250-400 :  57476360
getting events from filepath  /hdfs/store/user/vshang/ZTo2LNLO_Run2017/DY1JetsToLL_M-50_LHEZpT_150-250_TuneCP5_13TeV-amcnloFXFX-pythia8/ModuleCommonSkim_07152021/tree_all.root
    nevents in  ZTo2L   1LHEZpT150-250 :  20467149
getting events from filepath  /hdfs/store/user/vshang/ZTo2LNLO_Run2017/DY2JetsToLL_M-50_LHEZpT_150-250_TuneCP5_13TeV-amcnloFXFX-pythia8/ModuleCommonSkim_07152021/tree_all.root
    nevents in  ZTo2L   2LHEZpT150-250 :  25655949
getting events from filepath  /hdfs/store/user/vshang/ZTo2LNLO_Run2017/DY1JetsToLL_M-50_LHEZpT_50-150_TuneCP5_13TeV-amcnloFXFX-pythia8/ModuleCommonSkim_07152021/tree_all.root
    nevents in  ZTo2L   1LHEZpT50-150 :  30672664
getting events from filepath  /hdfs/store/user/vshang/singleTop_Run2017/ST_s-channel_4f_leptonDecays_TuneCP5_13TeV-amcatnlo-pythia8/ModuleCommonSkim_07152021/tree_all.root
    nevents in  singleTop   ST_s-channel :  9883805
getting events from filepath  /hdfs/store/user/vshang/singleTop_Run2017/ST_t-channel_antitop_4f_inclusiveDecays_TuneCP5_13TeV-powhegV2-madspin-pythia8/ModuleCommonSkim_07152021/tree_all.root
    nevents in  singleTop   ST_t-channel_antitop :  3675910
getting events from filepath  /hdfs/store/user/vshang/singleTop_Run2017/ST_tW_top_5f_inclusiveDecays_TuneCP5_13TeV-powheg-pythia8/ModuleCommonSkim_07152021/tree_all.root
    nevents in  singleTop   ST_tW_top :  7794186
getting events from filepath  /hdfs/store/user/vshang/singleTop_Run2017/ST_t-channel_top_4f_inclusiveDecays_TuneCP5_13TeV-powhegV2-madspin-pythia8/ModuleCommonSkim_07152021/tree_all.root
    nevents in  singleTop   ST_t-channel_top :  5982064
getting events from filepath  /hdfs/store/user/vshang/singleTop_Run2017/ST_tW_antitop_5f_inclusiveDecays_TuneCP5_13TeV-powheg-pythia8/ModuleCommonSkim_07152021/tree_all.root
    nevents in  singleTop   ST_tW_antitop :  7977430
getting events from filepath  /hdfs/store/user/vshang/WPlusJetsNLO_Run2017/W2JetsToLNu_LHEWpT_100-150_TuneCP5_13TeV-amcnloFXFX-pythia8/ModuleCommonSkim_07152021/tree_all.root
    nevents in  WPlusJets   2LHEWpT100-150 :  104833102
getting events from filepath  /hdfs/store/user/vshang/WPlusJetsNLO_Run2017/W1JetsToLNu_LHEWpT_100-150_TuneCP5_13TeV-amcnloFXFX-pythia8/ModuleCommonSkim_07152021/tree_all.root
    nevents in  WPlusJets   1LHEWpT100-150 :  135247058
getting events from filepath  /hdfs/store/user/vshang/WPlusJetsNLO_Run2017/W2JetsToLNu_LHEWpT_250-400_TuneCP5_13TeV-amcnloFXFX-pythia8/ModuleCommonSkim_07152021/tree_all.root
    nevents in  WPlusJets   2LHEWpT250-400 :  81515794
getting events from filepath  /hdfs/store/user/vshang/WPlusJetsNLO_Run2017/W1JetsToLNu_LHEWpT_400-inf_TuneCP5_13TeV-amcnloFXFX-pythia8/ModuleCommonSkim_07152021/tree_all.root
    nevents in  WPlusJets   1LHEWpT400-inf :  13624830
getting events from filepath  /hdfs/store/user/vshang/WPlusJetsNLO_Run2017/W2JetsToLNu_LHEWpT_150-250_TuneCP5_13TeV-amcnloFXFX-pythia8/ModuleCommonSkim_07152021/tree_all.root
    nevents in  WPlusJets   2LHEWpT150-250 :  496485081
getting events from filepath  /hdfs/store/user/vshang/WPlusJetsNLO_Run2017/W1JetsToLNu_LHEWpT_150-250_TuneCP5_13TeV-amcnloFXFX-pythia8/ModuleCommonSkim_07152021/tree_all.root
    nevents in  WPlusJets   1LHEWpT150-250 :  107722889
getting events from filepath  /hdfs/store/user/vshang/WPlusJetsNLO_Run2017/W2JetsToLNu_LHEWpT_400-inf_TuneCP5_13TeV-amcnloFXFX-pythia8/ModuleCommonSkim_07152021/tree_all.root
    nevents in  WPlusJets   2LHEWpT400-inf :  27631613
getting events from filepath  /hdfs/store/user/vshang/WPlusJetsNLO_Run2017/W1JetsToLNu_LHEWpT_250-400_TuneCP5_13TeV-amcnloFXFX-pythia8/ModuleCommonSkim_07152021/tree_all.root
    nevents in  WPlusJets   1LHEWpT250-400 :  63658377
Got MC sample root files and event trees
Filling histograms...
  Dataset =  SingleElectron  ||   nEvents =  119580
  Using cut =  njets >= 3 && nbjets == 0 && nTightElectrons == 2 && nVetoElectrons == 2 && nLooseMuons == 0 && m_ll >= 60 && m_ll <= 120 && recoilPtMiss >= 250 && lepton1_charge == -lepton2_chaInfo in <TCanvas::MakeDefCanvas>:  created default TCanvas with name c1
TFile::Append:0: RuntimeWarning: Replacing existing TH1: hist (Potential memory leak).
TFile::Append:0: RuntimeWarning: Replacing existing TH1: hist (Potential memory leak).
TFile::Append:0: RuntimeWarning: Replacing existing TH1: hist (Potential memory leak).
TFile::Append:0: RuntimeWarning: Replacing existing TH1: hist (Potential memory leak).
TFile::Append:0: RuntimeWarning: Replacing existing TH1: hist (Potential memory leak).
rge && Flag_goodVertices && Flag_globalSuperTightHalo2016Filter && Flag_HBHENoiseFilter && Flag_HBHENoiseIsoFilter && Flag_EcalDeadCellTriggerPrimitiveFilter && Flag_BadPFMuonFilter && Flag_ecalBadCalibFilterV2 && Flag_eeBadScFilter && ((passEle32WPTightGsf2017) || (HLT_Ele115_CaloIdVT_GsfTrkIdT || HLT_Photon200)) && Flag_eeBadScFilter
   Using cut =  njets >= 3 && nbjets == 0 && nTightElectrons == 2 && nVetoElectrons == 2 && nLooseMuons == 0 && m_ll >= 60 && m_ll <= 120 && recoilPtMiss >= 250 && lepton1_charge == -lepton2_charge && Flag_goodVertices && Flag_globalSuperTightHalo2016Filter && Flag_HBHENoiseFilter && Flag_HBHENoiseIsoFilter && Flag_EcalDeadCellTriggerPrimitiveFilter && Flag_BadPFMuonFilter && Flag_ecalBadCalibFilterV2 && Flag_eeBadScFilter && ((passEle32WPTightGsf2017) || (HLT_Photon200)) && Flag_eeBadScFilter
    hist nEntries =  284.0
    hist integral =  284.0
    hist_data nEntries =  284.0
    hist_data integral =  284.0
  Using cut =  njets >= 3 && nbjets == 0 && nTightElectrons == 2 && nVetoElectrons == 2 && nLooseMuons == 0 && m_ll >= 60 && m_ll <= 120 && recoilPtMiss >= 250 && lepton1_charge == -lepton2_charge && Flag_goodVertices && Flag_globalSuperTightHalo2016Filter && Flag_HBHENoiseFilter && Flag_HBHENoiseIsoFilter && Flag_EcalDeadCellTriggerPrimitiveFilter && Flag_BadPFMuonFilter && Flag_ecalBadCalibFilterV2 && Flag_eeBadScFilter && ((passEle32WPTightGsf2017) || (HLT_Ele115_CaloIdVT_GsfTrkIdT || HLT_Photon200)) && Flag_eeBadScFilter
    hist nEntries =  1094.0
    hist integral =  1094.0
    hist_data nEntries =  1378.0
    hist_data integral =  1378.0
  Using cut =  njets >= 3 && nbjets == 0 && nTightElectrons == 2 && nVetoElectrons == 2 && nLooseMuons == 0 && m_ll >= 60 && m_ll <= 120 && recoilPtMiss >= 250 && lepton1_charge == -lepton2_charge && Flag_goodVertices && Flag_globalSuperTightHalo2016Filter && Flag_HBHENoiseFilter && Flag_HBHENoiseIsoFilter && Flag_EcalDeadCellTriggerPrimitiveFilter && Flag_BadPFMuonFilter && Flag_ecalBadCalibFilterV2 && Flag_eeBadScFilter && ((passEle32WPTightGsf2017) || (HLT_Ele115_CaloIdVT_GsfTrkIdT || HLT_Photon200)) && Flag_eeBadScFilter
    hist nEntries =  468.0
    hist integral =  468.0
    hist_data nEntries =  1846.0
    hist_data integral =  1846.0
  Using cut =  njets >= 3 && nbjets == 0 && nTightElectrons == 2 && nVetoElectrons == 2 && nLooseMuons == 0 && m_ll >= 60 && m_ll <= 120 && recoilPtMiss >= 250 && lepton1_charge == -lepton2_charge && Flag_goodVertices && Flag_globalSuperTightHalo2016Filter && Flag_HBHENoiseFilter && Flag_HBHENoiseIsoFilter && Flag_EcalDeadCellTriggerPrimitiveFilter && Flag_BadPFMuonFilter && Flag_ecalBadCalibFilterV2 && Flag_eeBadScFilter && ((passEle32WPTightGsf2017) || (HLT_Ele115_CaloIdVT_GsfTrkIdT || HLT_Photon200)) && Flag_eeBadScFilter
    hist nEntries =  987.0
    hist integral =  987.0
    hist_data nEntries =  2833.0
    hist_data integral =  2833.0
  Using cut =  njets >= 3 && nbjets == 0 && nTightElectrons == 2 && nVetoElectrons == 2 && nLooseMuons == 0 && m_ll >= 60 && m_ll <= 120 && recoilPtMiss >= 250 && lepton1_charge == -lepton2_charge && Flag_goodVertices && Flag_globalSuperTightHalo2016Filter && Flag_HBHENoiseFilter && Flag_HBHENoiseIsoFilter && Flag_EcalDeadCellTriggerPrimitiveFilter && Flag_BadPFMuonFilter && Flag_ecalBadCalibFilterV2 && Flag_eeBadScFilter && ((passEle32WPTightGsf2017) || (HLT_Ele115_CaloIdVT_GsfTrkIdT || HLT_Photon200)) && Flag_eeBadScFilter
    hist nEntries =  1275.0
    hist integral =  1275.0
    hist_data nEntries =  4108.0
    hist_data integral =  4108.0
  Dataset =  SingleMuon  ||   nEvents =  223093
  Using cut =  njets >= 3 && nbjets == 0 && nVetoElectrons == 0 && nTightMuons == 2 && nLooseMuons == 2 && m_ll >= 60 && m_ll <= 120 && recoilPtMiss >= 250 && lepton1_charge == -lepton2_charge && Flag_goodVertices && Flag_globalSuperTightHalo2016Filter && Flag_HBHENoiseFilter && Flag_HBHENoiseIsoFilter && Flag_EcalDeadCellTriggerPrimitiveFilter && Flag_BadPFMuonFilter && Flag_ecalBadCalibFilterV2 && Flag_eeBadScFilter && (HLT_IsoMu27) && Flag_eeBadScFilter
    hist nEntries =  947TFile::Append:0: RuntimeWarning: Replacing existing TH1: hist (Potential memory leak).
TFile::Append:0: RuntimeWarning: Replacing existing TH1: hist (Potential memory leak).
TFile::Append:0: RuntimeWarning: Replacing existing TH1: hist (Potential memory leak).
TFile::Append:0: RuntimeWarning: Replacing existing TH1: hist (Potential memory leak).
TFile::Append:0: RuntimeWarning: Replacing existing TH1: hist (Potential memory leak).
TFile::Append:0: RuntimeWarning: Replacing existing TH1: hist (Potential memory leak).
TFile::Append:0: RuntimeWarning: Replacing existing TH1: hist (Potential memory leak).
TFile::Append:0: RuntimeWarning: Replacing existing TH1: hist (Potential memory leak).
TFile::Append:0: RuntimeWarning: Replacing existing TH1: hist (Potential memory leak).
TFile::Append:0: RuntimeWarning: Replacing existing TH1: hist (Potential memory leak).
TFile::Append:0: RuntimeWarning: Replacing existing TH1: hist (Potential memory leak).
TFile::Append:0: RuntimeWarning: Replacing existing TH1: hist (Potential memory leak).
TFile::Append:0: RuntimeWarning: Replacing existing TH1: hist (Potential memory leak).
TFile::Append:0: RuntimeWarning: Replacing existing TH1: hist (Potential memory leak).
TFile::Append:0: RuntimeWarning: Replacing existing TH1: hist (Potential memory leak).
TFile::Append:0: RuntimeWarning: Replacing existing TH1: hist (Potential memory leak).
TFile::Append:0: RuntimeWarning: Replacing existing TH1: hist (Potential memory leak).
.0
    hist integral =  947.0
    hist_data nEntries =  5055.0
    hist_data integral =  5055.0
  Using cut =  njets >= 3 && nbjets == 0 && nVetoElectrons == 0 && nTightMuons == 2 && nLooseMuons == 2 && m_ll >= 60 && m_ll <= 120 && recoilPtMiss >= 250 && lepton1_charge == -lepton2_charge && Flag_goodVertices && Flag_globalSuperTightHalo2016Filter && Flag_HBHENoiseFilter && Flag_HBHENoiseIsoFilter && Flag_EcalDeadCellTriggerPrimitiveFilter && Flag_BadPFMuonFilter && Flag_ecalBadCalibFilterV2 && Flag_eeBadScFilter && (HLT_IsoMu27) && Flag_eeBadScFilter
    hist nEntries =  1824.0
    hist integral =  1824.0
    hist_data nEntries =  6879.0
    hist_data integral =  6879.0
  Using cut =  njets >= 3 && nbjets == 0 && nVetoElectrons == 0 && nTightMuons == 2 && nLooseMuons == 2 && m_ll >= 60 && m_ll <= 120 && recoilPtMiss >= 250 && lepton1_charge == -lepton2_charge && Flag_goodVertices && Flag_globalSuperTightHalo2016Filter && Flag_HBHENoiseFilter && Flag_HBHENoiseIsoFilter && Flag_EcalDeadCellTriggerPrimitiveFilter && Flag_BadPFMuonFilter && Flag_ecalBadCalibFilterV2 && Flag_eeBadScFilter && (HLT_IsoMu27) && Flag_eeBadScFilter
    hist nEntries =  830.0
    hist integral =  830.0
    hist_data nEntries =  7709.0
    hist_data integral =  7709.0
  Using cut =  njets >= 3 && nbjets == 0 && nVetoElectrons == 0 && nTightMuons == 2 && nLooseMuons == 2 && m_ll >= 60 && m_ll <= 120 && recoilPtMiss >= 250 && lepton1_charge == -lepton2_charge && Flag_goodVertices && Flag_globalSuperTightHalo2016Filter && Flag_HBHENoiseFilter && Flag_HBHENoiseIsoFilter && Flag_EcalDeadCellTriggerPrimitiveFilter && Flag_BadPFMuonFilter && Flag_ecalBadCalibFilterV2 && Flag_eeBadScFilter && (HLT_IsoMu27) && Flag_eeBadScFilter
    hist nEntries =  1774.0
    hist integral =  1774.0
    hist_data nEntries =  9483.0
    hist_data integral =  9483.0
  Using cut =  njets >= 3 && nbjets == 0 && nVetoElectrons == 0 && nTightMuons == 2 && nLooseMuons == 2 && m_ll >= 60 && m_ll <= 120 && recoilPtMiss >= 250 && lepton1_charge == -lepton2_charge && Flag_goodVertices && Flag_globalSuperTightHalo2016Filter && Flag_HBHENoiseFilter && Flag_HBHENoiseIsoFilter && Flag_EcalDeadCellTriggerPrimitiveFilter && Flag_BadPFMuonFilter && Flag_ecalBadCalibFilterV2 && Flag_eeBadScFilter && (HLT_IsoMu27) && Flag_eeBadScFilter
    hist nEntries =  2535.0
    hist integral =  2535.0
    hist_data nEntries =  12018.0
    hist_data integral =  12018.0
  Process =  ZTo2Nu
      Dataset =  1LHEZpT400-inf  ||   nEvents =  2369427
          hist nEntries =  0.0
          hist integral =  0.0
      Dataset =  2LHEZpT50-150  ||   nEvents =  19503409
          hist nEntries =  0.0
          hist integral =  0.0
      Dataset =  2LHEZpT400-inf  ||   nEvents =  20880893
          hist nEntries =  0.0
          hist integral =  0.0
      Dataset =  1LHEZpT250-400  ||   nEvents =  19134102
          hist nEntries =  0.0
          hist integral =  0.0
      Dataset =  2LHEZpT250-400  ||   nEvents =  36673997
          hist nEntries =  0.0
          hist integral =  0.0
      Dataset =  1LHEZpT150-250  ||   nEvents =  43778523
          hist nEntries =  0.0
          hist integral =  0.0
      Dataset =  2LHEZpT150-250  ||   nEvents =  126271498
          hist nEntries =  0.0
          hist integral =  0.0
      Dataset =  1LHEZpT50-150  ||   nEvents =  11967370
          hist nEntries =  0.0
          hist integral =  0.0
  Process =  WW
      Dataset =  WWTo1L1Nu2Q  ||   nEvents =  5054286
          hist nEntries =  96.0
          hist integral =  58.3788341284
      Dataset =  WWTo4Q  ||   nEvents =  2000000
          hist nEntries =  0.0
          hist integral =  0.0
      Dataset =  WWTo2L2Nu  ||   nEvents =  2000000
          hist nEntries =  119.0
          hist integral =  24.3888046294
  Process =  ttbarPlusJets
      Dataset =  TTToSemiLepton  ||   nEvents =  241119449
          hist nEntries =  269.0
          hist integral =  15.0997496471
      Dataset =  TTTo2L2Nu  ||   nEvents =  9000000
          hist nEntries =  354.0
          hist integral =  140.722139806
  Process =  ttbar scalaTFile::Append:0: RuntimeWarning: Replacing existing TH1: hist (Potential memory leak).
TFile::Append:0: RuntimeWarning: Replacing existing TH1: hist (Potential memory leak).
TFile::Append:0: RuntimeWarning: Replacing existing TH1: hist (Potential memory leak).
TFile::Append:0: RuntimeWarning: Replacing existing TH1: hist (Potential memory leak).
TFile::Append:0: RuntimeWarning: Replacing existing TH1: hist (Potential memory leak).
TFile::Append:0: RuntimeWarning: Replacing existing TH1: hist (Potential memory leak).
TFile::Append:0: RuntimeWarning: Replacing existing TH1: hist (Potential memory leak).
TFile::Append:0: RuntimeWarning: Replacing existing TH1: hist (Potential memory leak).
TFile::Append:0: RuntimeWarning: Replacing existing TH1: hist (Potential memory leak).
TFile::Append:0: RuntimeWarning: Replacing existing TH1: hist (Potential memory leak).
TFile::Append:0: RuntimeWarning: Replacing existing TH1: hist (Potential memory leak).
TFile::Append:0: RuntimeWarning: Replacing existing TH1: hist (Potential memory leak).
TFile::Append:0: RuntimeWarning: Replacing existing TH1: hist (Potential memory leak).
TFile::Append:0: RuntimeWarning: Replacing existing TH1: hist (Potential memory leak).
TFile::Append:0: RuntimeWarning: Replacing existing TH1: hist (Potential memory leak).
TFile::Append:0: RuntimeWarning: Replacing existing TH1: hist (Potential memory leak).
TFile::Append:0: RuntimeWarning: Replacing existing TH1: hist (Potential memory leak).
TFile::Append:0: RuntimeWarning: Replacing existing TH1: hist (Potential memory leak).
TFile::Append:0: RuntimeWarning: Replacing existing TH1: hist (Potential memory leak).
TFile::Append:0: RuntimeWarning: Replacing existing TH1: hist (Potential memory leak).
TFile::Append:0: RuntimeWarning: Replacing existing TH1: hist (Potential memory leak).
TFile::Append:0: RuntimeWarning: Replacing existing TH1: hist (Potential memory leak).
TFile::Append:0: RuntimeWarning: Replacing existing TH1: hist (Potential memory leak).
TFile::Append:0: RuntimeWarning: Replacing existing TH1: hist (Potential memory leak).
TFile::Append:0: RuntimeWarning: Replacing existing TH1: hist (Potential memory leak).
TFile::Append:0: RuntimeWarning: Replacing existing TH1: hist (Potential memory leak).
TFile::Append:0: RuntimeWarning: Replacing existing TH1: hist (Potential memory leak).
TFile::Append:0: RuntimeWarning: Replacing existing TH1: hist (Potential memory leak).
TFile::Append:0: RuntimeWarning: Replacing existing TH1: hist (Potential memory leak).
TFile::Append:0: RuntimeWarning: Replacing existing TH1: hist (Potential memory leak).
TFile::Append:0: RuntimeWarning: Replacing existing TH1: hist (Potential memory leak).
r
      Dataset =  ttDM_MChi1_MPhi100_scalar  ||   nEvents =  1542620
          hist nEntries =  17.0
          hist integral =  0.357025734149
  Process =  ZZ
      Dataset =  ZZTo2Q2Nu  ||   nEvents =  62115355
          hist nEntries =  0.0
          hist integral =  0.0
      Dataset =  ZZTo4L  ||   nEvents =  6964071
          hist nEntries =  355.0
          hist integral =  2.36047743633
      Dataset =  ZZTo2L2Q  ||   nEvents =  27441872
          hist nEntries =  32727.0
          hist integral =  160.777994394
      Dataset =  ZZTo2L2Nu  ||   nEvents =  8744768
          hist nEntries =  2888.0
          hist integral =  6.8494541347
  Process =  QCD
      Dataset =  HT700To1000  ||   nEvents =  46840955
          hist nEntries =  0.0
          hist integral =  0.0
      Dataset =  HT500To700  ||   nEvents =  56207744
          hist nEntries =  0.0
          hist integral =  0.0
      Dataset =  HT2000ToInf  ||   nEvents =  5941306
          hist nEntries =  0.0
          hist integral =  0.0
      Dataset =  HT1000To1500  ||   nEvents =  16824762
          hist nEntries =  0.0
          hist integral =  0.0
      Dataset =  HT1500To2000  ||   nEvents =  11634434
          hist nEntries =  0.0
          hist integral =  0.0
      Dataset =  HT100To200  ||   nEvents =  93231801
          hist nEntries =  0.0
          hist integral =  0.0
      Dataset =  HT300To500  ||   nEvents =  59569132
          hist nEntries =  0.0
          hist integral =  0.0
      Dataset =  HT200To300  ||   nEvents =  59197363
          hist nEntries =  0.0
          hist integral =  0.0
  Process =  WZ
      Dataset =  WZTo2Q2Nu  ||   nEvents =  30748033
          hist nEntries =  0.0
          hist integral =  0.0
      Dataset =  WZTo2L2Q  ||   nEvents =  27582164
          hist nEntries =  55166.0
          hist integral =  457.044935703
      Dataset =  WZTo3LNu  ||   nEvents =  10987679
          hist nEntries =  3250.0
          hist integral =  53.6734880209
      Dataset =  WZTo1L3Nu  ||   nEvents =  4994395
          hist nEntries =  0.0
          hist integral =  0.0
      Dataset =  WZTo1L1Nu2Q  ||   nEvents =  19086373
          hist nEntries =  3.0
          hist integral =  0.0241347956471
  Process =  ttbar pseudoscalar
      Dataset =  ttDM_MChi1_MPhi100_pseudo  ||   nEvents =  2017188
          hist nEntries =  20.0
          hist integral =  0.0851980238222
  Process =  TTV
      Dataset =  TTZToQQ  ||   nEvents =  9690000
          hist nEntries =  164.0
          hist integral =  0.388661491801
      Dataset =  TTWJetsToLNu  ||   nEvents =  9920372
          hist nEntries =  668.0
          hist integral =  0.610053777229
      Dataset =  TTWJetsToQQ  ||   nEvents =  811306
          hist nEntries =  18.0
          hist integral =  0.400901488669
      Dataset =  TTZToLLNuNu  ||   nEvents =  15496140
          hist nEntries =  22556.0
          hist integral =  14.7147706598
  Process =  ZTo2L
      Dataset =  1LHEZpT400-inf  ||   nEvents =  1943444
          hist nEntries =  2346.0
          hist integral =  4.89062337554
      Dataset =  2LHEZpT50-150  ||   nEvents =  66975401
          hist nEntries =  481.0
          hist integral =  27.9084797763
      Dataset =  2LHEZpT400-inf  ||   nEvents =  11447163
          hist nEntries =  1249227.0
          hist integral =  1783.42370021
      Dataset =  1LHEZpT250-400  ||   nEvents =  9933135
          hist nEntries =  7405.0
          hist integral =  28.1547032584
      Dataset =  2LHEZpT250-400  ||   nEvents =  57476360
          hist nEntries =  3326674.0
          hist integral =  5755.07947671
      Dataset =  1LHEZpT150-250  ||   nEvents =  20467149
          hist nEntries =  1187.0
          hist integral =  16.6502660772
      Dataset =  2LHEZpT150-250  ||   nEvents =  25655949
          hist nEntries =  88943.0
          hist integral =  1903.1329252
      Dataset =  1LHEZpT50-150  ||   nEvents =  30672664
          hist nEntries =  7.0
          hist integral =  0.0498412697343
  Process =  singleTop
      Dataset =  ST_s-channel  ||   nEvents =  9883805TFile::Append:0: RuntimeWarning: Replacing existing TH1: hist (Potential memory leak).
TFile::Append:0: RuntimeWarning: Replacing existing TH1: hist (Potential memory leak).
TFile::Append:0: RuntimeWarning: Replacing existing TH1: hist (Potential memory leak).
TFile::Append:0: RuntimeWarning: Replacing existing TH1: hist (Potential memory leak).
TFile::Append:0: RuntimeWarning: Replacing existing TH1: hist (Potential memory leak).
TFile::Append:0: RuntimeWarning: Replacing existing TH1: hist (Potential memory leak).
TFile::Append:0: RuntimeWarning: Replacing existing TH1: hist (Potential memory leak).
TFile::Append:0: RuntimeWarning: Replacing existing TH1: hist (Potential memory leak).
TFile::Append:0: RuntimeWarning: Replacing existing TH1: hist (Potential memory leak).
TFile::Append:0: RuntimeWarning: Replacing existing TH1: hist (Potential memory leak).
TFile::Append:0: RuntimeWarning: Replacing existing TH1: hist (Potential memory leak).
TFile::Append:0: RuntimeWarning: Replacing existing TH1: hist (Potential memory leak).
TFile::Append:0: RuntimeWarning: Replacing existing TH1: hist (Potential memory leak).

          hist nEntries =  1.0
          hist integral =  0.0183959770948
      Dataset =  ST_t-channel_antitop  ||   nEvents =  3675910
          hist nEntries =  1.0
          hist integral =  0.56052172184
      Dataset =  ST_tW_top  ||   nEvents =  7794186
          hist nEntries =  40.0
          hist integral =  8.29617913812
      Dataset =  ST_t-channel_top  ||   nEvents =  5982064
          hist nEntries =  0.0
          hist integral =  0.0
      Dataset =  ST_tW_antitop  ||   nEvents =  7977430
          hist nEntries =  35.0
          hist integral =  6.41325689852
  Process =  WPlusJets
      Dataset =  2LHEWpT100-150  ||   nEvents =  104833102
          hist nEntries =  3.0
          hist integral =  0.251259960234
      Dataset =  1LHEWpT100-150  ||   nEvents =  135247058
          hist nEntries =  0.0
          hist integral =  0.0
      Dataset =  2LHEWpT250-400  ||   nEvents =  81515794
          hist nEntries =  86.0
          hist integral =  0.608211600222
      Dataset =  1LHEWpT400-inf  ||   nEvents =  13624830
          hist nEntries =  0.0
          hist integral =  0.0
      Dataset =  2LHEWpT150-250  ||   nEvents =  496485081
          hist nEntries =  34.0
          hist integral =  0.264693362988
      Dataset =  1LHEWpT150-250  ||   nEvents =  107722889
          hist nEntries =  0.0
          hist integral =  0.0
      Dataset =  2LHEWpT400-inf  ||   nEvents =  27631613
          hist nEntries =  72.0
          hist integral =  0.273837890243
      Dataset =  1LHEWpT250-400  ||   nEvents =  63658377
          hist nEntries =  0.0
          hist integral =  0.0
-----------------------------
Total data background nEvents =  12018.0
Total data background integral =  12018.0
-----------------------------
Total MC background nEvents =  4795175.0
Total MC background integral =  10471.4102859
-----------------------------
Total tt+DM signal nEvents =  17.0
Total tt+DM signal integral =  0.357025734149
-----------------------------
-----------------------------
FOM for tt+DM signal =  0.00348896757036
-----------------------------
Data bin errors:
    bin 0: 0.0
    bin 1: 49.7292670366
    bin 2: 43.6463056856
    bin 3: 38.8844441904
    bin 4: 35.4400902933
    bin 5: 30.8220700148
    bin 6: 28.2134719593
    bin 7: 23.4946802489
    bin 8: 21.6564078277
    bin 9: 19.2613602843
    bin 10: 17.2916164658
    bin 11: 16.1864140562
    bin 12: 15.2315462117
    bin 13: 13.0384048104
    bin 14: 11.1355287257
    bin 15: 11.0
-----------------------------
MC background bin errors:
    bin 0: 0.0
    bin 1: 7.38898549774
    bin 2: 5.71822196967
    bin 3: 4.68773986392
    bin 4: 3.80456902496
    bin 5: 3.06466442686
    bin 6: 2.90773304824
    bin 7: 3.11925818355
    bin 8: 2.53444221338
    bin 9: 2.27833370216
    bin 10: 2.45587562958
    bin 11: 1.74255375938
    bin 12: 1.40073898647
    bin 13: 1.50932265589
    bin 14: 0.883769471157
    bin 15: 1.65801486761
-----------------------------
tt+DM bin errors:
    bin 0: 0.0
    bin 1: 0.0455716909149
    bin 2: 0.054324611222
    bin 3: 0.0152174513716
    bin 4: 0.0353476113149
    bin 5: 0.0
    bin 6: 0.0304727793116
    bin 7: 0.0
    bin 8: 0.0
    bin 9: 0.0
    bin 10: 0.0331635913675
    bin 11: 0.0
    bin 12: 0.0
    bin 13: 0.0
    bin 14: 0.0
    bin 15: 0.0
-----------------------------
-----------------------------
ttbar pseudoscalar hist info:
    nEvents =  20.0
    integral =  0.0851980238222
ZTo2Nu hist info:
    nEvents =  0.0
    integral =  0.0
TTTo2L2Nu hist info:
    nEvents =  354.0
    integral =  140.722139806
singleTop hist info:
    nEvents =  77.0
    integral =  15.2883538902
TTV hist info:
    nEvents =  23406.0
    integral =  16.1143873036
bkgSum hist info:
    nEvents =  4795175.0
    integral =  10471.4102859
ttbar scalar hist info:
    nEvents =  17.0
    integral =  0.357025734149
VV hist info:
    nEvents =  94604.0
    integral =  763.49813652
QCD hist info:
    nEvents =  0.0
    integral =  0.0
ZTo2L hist info:
    nEvents =  4676270.0
    integral =  9519.29004669
data hist info:
    nEvents =  12Info in <TCanvas::Print>: png file plots/CR_2017/METcorrected_pt/09_07_2021/AH2lZR2017_recoilPtMiss_09_07_2021_NLO.png has been created
018.0
    integral =  12018.0
WPlusJets hist info:
    nEvents =  195.0
    integral =  1.3980028443
TTToSemiLepton hist info:
    nEvents =  269.0
    integral =  15.0997496471
Finished filling histograms
Creating stacked MC background histogram...
Finished stacking MC background histograms.
Drawing histograms...
Finished drawing histograms
Drawing ratio plot...
Finished drawing ratio plot
Plotting end time: 2021-09-07 06:00:29.622677
