plots/plot.py:991: SyntaxWarning: name 'counter' is used prior to global declaration
  global counter
Plotting start time: 2023-02-01 09:53:21.884735
Cut name =  AH2lZR
MC Selection Cuts =  (njets >= 3 && nTightElectrons == 2 && nVetoElectrons == 2 && nLooseMuons == 0 && m_ll >= 60 && m_ll <= 120 && recoilPtMiss >= 250 && lepton1_charge == -lepton2_charge && Flag_goodVertices && Flag_globalSuperTightHalo2016Filter && Flag_HBHENoiseFilter && Flag_HBHENoiseIsoFilter && Flag_EcalDeadCellTriggerPrimitiveFilter && Flag_BadPFMuonFilter && Flag_ecalBadCalibFilterV2 && ((HLT_Ele32_WPTight_Gsf) || (HLT_Ele115_CaloIdVT_GsfTrkIdT || HLT_Photon200)) && PV_npvsGood > 0 && PV_ndof > 4 && abs(PV_z) < 24 && sqrt(pow(PV_x,2)+pow(PV_y,2)) < 2 && ((METcorrected_phi <= -1.62) || (METcorrected_phi >= -0.82))) || (njets >= 3 && nVetoElectrons == 0 && nTightMuons == 2 && nLooseMuons == 2 && m_ll >= 60 && m_ll <= 120 && recoilPtMiss >= 250 && lepton1_charge == -lepton2_charge && Flag_goodVertices && Flag_globalSuperTightHalo2016Filter && Flag_HBHENoiseFilter && Flag_HBHENoiseIsoFilter && Flag_EcalDeadCellTriggerPrimitiveFilter && Flag_BadPFMuonFilter && Flag_ecalBadCalibFilterV2 && (HLT_IsoMu24) && PV_npvsGood > 0 && PV_ndof > 4 && abs(PV_z) < 24 && sqrt(pow(PV_x,2)+pow(PV_y,2)) < 2 && ((METcorrected_phi <= -1.62) || (METcorrected_phi >= -0.82)))
Data Selection Cuts =  (njets >= 3 && nTightElectrons == 2 && nVetoElectrons == 2 && nLooseMuons == 0 && m_ll >= 60 && m_ll <= 120 && recoilPtMiss >= 250 && lepton1_charge == -lepton2_charge && Flag_goodVertices && Flag_globalSuperTightHalo2016Filter && Flag_HBHENoiseFilter && Flag_HBHENoiseIsoFilter && Flag_EcalDeadCellTriggerPrimitiveFilter && Flag_BadPFMuonFilter && Flag_ecalBadCalibFilterV2 && ((HLT_Ele32_WPTight_Gsf) || (HLT_Ele115_CaloIdVT_GsfTrkIdT || HLT_Photon200)) && PV_npvsGood > 0 && PV_ndof > 4 && abs(PV_z) < 24 && sqrt(pow(PV_x,2)+pow(PV_y,2)) < 2 && ((METcorrected_phi <= -1.62) || (METcorrected_phi >= -0.82))) || (njets >= 3 && nVetoElectrons == 0 && nTightMuons == 2 && nLooseMuons == 2 && m_ll >= 60 && m_ll <= 120 && recoilPtMiss >= 250 && lepton1_charge == -lepton2_charge && Flag_goodVertices && Flag_globalSuperTightHalo2016Filter && Flag_HBHENoiseFilter && Flag_HBHENoiseIsoFilter && Flag_EcalDeadCellTriggerPrimitiveFilter && Flag_BadPFMuonFilter && Flag_ecalBadCalibFilterV2 && (HLT_IsoMu24) && PV_npvsGood > 0 && PV_ndof > 4 && abs(PV_z) < 24 && sqrt(pow(PV_x,2)+pow(PV_y,2)) < 2 && ((METcorrected_phi <= -1.62) || (METcorrected_phi >= -0.82))) && Flag_eeBadScFilter
var =  nbjets
year =  2018
lumi =  59.74
saveDirectory =  plots/CR_2018/METcorrected_pt/
date =  02_01_2023
applying HEM fix for 2018...
Creating histograms..
Histogram options: 
    nbins =  5
    xmin =  0
    xmax =  5
    auto_y =  True
    doLogPlot =  False
    drawData =  True
    mediatorType =  scalar
    mchi =  1
    mphi =  100
    normalizePlots =  False
    doBinned =  False
    savePlots =  True
    combineEleMu =  True
    doSys =  False
    doSysFirstHalf =  False
    doSysSecondHalf =  False
    drawOverflow =  True
    drawUnderflow =  False
    plotSys =  False
    plotSysVar =  CMS_trig_m
    plotSysSignal =  False
Drawing data and ratio plot...
Selected both SingleMuon and SingleElectron dataset
Loading data sample root files and event trees...
    ----Loading /hdfs/store/user/vshang/SingleElectron_Run2018A/EGamma/ModuleCommonSkim_11102022/tree_all.root
    nevents in filepath = /hdfs/store/user/vshang/SingleElectron_Run2018A/EGamma/ModuleCommonSkim_11102022/tree_all.root: 86080
    ----Loading /hdfs/store/user/vshang/SingleElectron_Run2018B/EGamma/ModuleCommonSkim_11102022/tree_all.root
    nevents in filepath = /hdfs/store/user/vshang/SingleElectron_Run2018B/EGamma/ModuleCommonSkim_11102022/tree_all.root: 45467
    ----Loading /hdfs/store/user/vshang/SingleElectron_Run2018C/EGamma/ModuleCommonSkim_11102022/tree_all.root
    nevents in filepath = /hdfs/store/user/vshang/SingleElectron_Run2018C/EGamma/ModuleCommonSkim_11102022/tree_all.root: 75543
    ----Loading /hdfs/store/user/vshang/SingleElectron_Run2018D/EGamma/ModuleCommonSkim_11102022/tree_all.root
    nevents in filepath = /hdfs/store/user/vshang/SingleElectron_Run2018D/EGamma/ModuleCommonSkim_11102022/tree_all.root: 384611
    total nevents in  SingleElectron :  591701
    ----Loading /hdfs/store/user/vshang/SingleMuon_Run2018A/SingleMuon/ModuleCommonSkim_11102022/tree_all.root
    nevents in filepath = /hdfs/store/user/vshang/SingleMuon_Run2018A/SingleMuon/ModuleCommonSkim_11102022/tree_all.root: 120583
    ----Loading /hdfs/store/user/vshang/SingleMuon_Run2018B/SingleMuon/ModuleCommonSkim_11102022/tree_all.root
    nevents in filepath = /hdfs/store/user/vshang/SingleMuon_Run2018B/SingleMuon/ModuleCommonSkim_11102022/tree_all.root: 67623
    ----Loading /hdfs/store/user/vshang/SingleMuon_Run2018C/SingleMuon/ModuleCommonSkim_11102022/tree_all.root
    nevents in filepath = /hdfs/store/user/vshang/SingleMuon_Run2018C/SingleMuon/ModuleCommonSkim_11102022/tree_all.root: 76657
    ----Loading /hdfs/store/user/vshang/SingleMuon_Run2018D/SingleMuon/ModuleCommonSkim_11102022/tree_all.root
    nevents in filepath = /hdfs/store/user/vshang/SingleMuon_Run2018D/SingleMuon/ModuleCommonSkim_11102022/tree_all.root: 360359
    total nevents in  SingleMuon :  625222
Got data sample root files and event trees
Loading MC sample root files and event trees...
Loading process:  ZTo2Nu
    ----Loading 1LHEZpT400-inf
    nevents in  ZTo2Nu   1LHEZpT400-inf :  1840421
    ----Loading 2LHEZpT50-150
    nevents in  ZTo2Nu   2LHEZpT50-150 :  6262379
    ----Loading 2LHEZpT400-inf
    nevents in  ZTo2Nu   2LHEZpT400-inf :  8082507
    ----Loading 1LHEZpT250-400
    nevents in  ZTo2Nu   1LHEZpT250-400 :  11226042
    ----Loading 2LHEZpT250-400
    nevents in  ZTo2Nu   2LHEZpT250-400 :  3967083
    ----Loading 1LHEZpT150-250
    nevents in  ZTo2Nu   1LHEZpT150-250 :  26405969
    ----Loading 2LHEZpT150-250
    nevents in  ZTo2Nu   2LHEZpT150-250 :  42108287
    ----Loading 1LHEZpT50-150
    nevents in  ZTo2Nu   1LHEZpT50-150 :  6153631
Loading process:  tbar scalar
    ----Loading tWChan_MChi1_MPhi100_scalar
    nevents in  tbar scalar   tWChan_MChi1_MPhi100_scalar :  143000
    ----Loading tChan_MChi1_MPhi100_scalar
    nevents in  tbar scalar   tChan_MChi1_MPhi100_scalar :  310000
Loading process:  WW
    ----Loading WWTo1L1Nu2Q
    nevents in  WW   WWTo1L1Nu2Q :  2941220
    ----Loading WWTo4Q
    nevents in  WW   WWTo4Q :  3776486
    ----Loading WWTo2L2Nu
    nevents in  WW   WWTo2L2Nu :  7729266
Loading process:  ttbarPlusJets
    ----Loading TTToSemiLepton
    nevents in  ttbarPlusJets   TTToSemiLepton :  298193168
    ----Loading TTTo2L2Nu
    nevents in  ttbarPlusJets   TTTo2L2Nu :  63791484
Loading process:  ttbar scalar
    ----Loading ttDM_MChi1_MPhi100_scalar
    nevents in  ttbar scalar   ttDM_MChi1_MPhi100_scalar :  1839899
Loading process:  ZZ
    ----Loading ZZTo2Q2Nu
    nevents in  ZZ   ZZTo2Q2Nu :  36391519
    ----Loading ZZTo4L
    nevents in  ZZ   ZZTo4L :  123387004
    ----Loading ZZTo2L2Q
    nevents in  ZZ   ZZTo2L2Q :  17815223
    ----Loading ZZTo2L2Nu
    nevents in  ZZ   ZZTo2L2Nu :  56356048
Loading process:  QCD
    ----Loading Pt50to80
    nevents in  QCD   Pt50to80 :  25580000
    ----Loading Pt2400to3200
    nevents in  QCD   Pt2400to3200 :  2394000
    ----Loading Pt30to50
    nevents in  QCD   Pt30to50 :  18488000
    ----Loading Pt470to600
    nevents in  QCD   Pt470to600 :  42459973
    ----Loading Pt300to470
    nevents in  QCD   Pt300to470 :  41744000
    ----Loading Pt170to300
    nevents in  QCD   Pt170to300 :  29710000
    ----Loading Pt800to1000
    nevents in  QCD   Pt800to1000 :  36062000
    ----Loading Pt600to800
    nevents in  QCD   Pt600to800 :  64061000
    ----Loading Pt120to170
    nevents in  QCD   Pt120to170 :  25255000
    ----Loading Pt1000to1400
    nevents in  QCD   Pt1000to1400 :  18485000
    ----Loading Pt1400to1800
    nevents in  QCD   Pt1400to1800 :  6928000
    ----Loading Pt15to30
    nevents in  QCD   Pt15to30 :  19451000
    ----Loading Pt3200toInf
    nevents in  QCD   Pt3200toInf :  925000
    ----Loading Pt80to120
    nevents in  QCD   Pt80to120 :  29535000
    ----Loading Pt1800to2400
    nevents in  QCD   Pt1800toInfo in <TCanvas::MakeDefCanvas>:  created default TCanvas with name c1
TFile::Append:0: RuntimeWarning: Replacing existing TH1: hist (Potential memory leak).
TFile::Append:0: RuntimeWarning: Replacing existing TH1: hist (Potential memory leak).
2400 :  4017800
Loading process:  WZ
    ----Loading WZTo2Q2Nu
    nevents in  WZ   WZTo2Q2Nu :  18549507
    ----Loading WZTo2L2Q
    nevents in  WZ   WZTo2L2Q :  17048434
    ----Loading WZTo3LNu
    nevents in  WZ   WZTo3LNu :  7049958
    ----Loading WZTo1L3Nu
    nevents in  WZ   WZTo1L3Nu :  920352
    ----Loading WZTo1L1Nu2Q
    nevents in  WZ   WZTo1L1Nu2Q :  10874643
Loading process:  TTV
    ----Loading TTZToQQ
    nevents in  TTV   TTZToQQ :  4543958
    ----Loading TTWJetsToLNu
    nevents in  TTV   TTWJetsToLNu :  2686095
    ----Loading TTWJetsToQQ
    nevents in  TTV   TTWJetsToQQ :  458226
    ----Loading TTZToLLNuNu
    nevents in  TTV   TTZToLLNuNu :  6274046
Loading process:  ZTo2L
    ----Loading 1LHEZpT400-inf
    nevents in  ZTo2L   1LHEZpT400-inf :  858544
    ----Loading 2LHEZpT50-150
    nevents in  ZTo2L   2LHEZpT50-150 :  7396689
    ----Loading 2LHEZpT400-inf
    nevents in  ZTo2L   2LHEZpT400-inf :  1117339
    ----Loading 1LHEZpT250-400
    nevents in  ZTo2L   1LHEZpT250-400 :  4772527
    ----Loading 2LHEZpT250-400
    nevents in  ZTo2L   2LHEZpT250-400 :  5986226
    ----Loading 1LHEZpT150-250
    nevents in  ZTo2L   1LHEZpT150-250 :  8123432
    ----Loading 2LHEZpT150-250
    nevents in  ZTo2L   2LHEZpT150-250 :  14239483
    ----Loading 1LHEZpT50-150
    nevents in  ZTo2L   1LHEZpT50-150 :  5285022
Loading process:  singleTop
    ----Loading ST_s-channel
    nevents in  singleTop   ST_s-channel :  12403008
    ----Loading ST_t-channel_antitop
    nevents in  singleTop   ST_t-channel_antitop :  74227130
    ----Loading ST_tW_top
    nevents in  singleTop   ST_tW_top :  9553912
    ----Loading ST_t-channel_top
    nevents in  singleTop   ST_t-channel_top :  144094782
    ----Loading ST_tW_antitop
    nevents in  singleTop   ST_tW_antitop :  7492620
Loading process:  WPlusJets
    ----Loading Pt50To100
    nevents in  WPlusJets   Pt50To100 :  7275588
    ----Loading Pt600ToInf
    nevents in  WPlusJets   Pt600ToInf :  1634340
    ----Loading Pt250To400
    nevents in  WPlusJets   Pt250To400 :  3801794
    ----Loading Pt100To250
    nevents in  WPlusJets   Pt100To250 :  187329833
    ----Loading Pt400To600
    nevents in  WPlusJets   Pt400To600 :  4988448
Got MC sample root files and event trees
Filling data histograms...
  Dataset =  SingleElectron  ||   nEvents =  591701
  Using cut =  njets >= 3 && nTightElectrons == 2 && nVetoElectrons == 2 && nLooseMuons == 0 && m_ll >= 60 && m_ll <= 120 && recoilPtMiss >= 250 && lepton1_charge == -lepton2_charge && Flag_goodVertices && Flag_globalSuperTightHalo2016Filter && Flag_HBHENoiseFilter && Flag_HBHENoiseIsoFilter && Flag_EcalDeadCellTriggerPrimitiveFilter && Flag_BadPFMuonFilter && Flag_ecalBadCalibFilterV2 && ((HLT_Ele32_WPTight_Gsf) || (HLT_Ele115_CaloIdVT_GsfTrkIdT || HLT_Photon200)) && PV_npvsGood > 0 && PV_ndof > 4 && abs(PV_z) < 24 && sqrt(pow(PV_x,2)+pow(PV_y,2)) < 2 && ((METcorrected_phi <= -1.62) || (METcorrected_phi >= -0.82)) && Flag_eeBadScFilter
    hist nEntries =  1556.0
    hist integral =  1556.0
    hist_data nEntries =  1556.0
    hist_data integral =  1556.0
  Using cut =  njets >= 3 && nTightElectrons == 2 && nVetoElectrons == 2 && nLooseMuons == 0 && m_ll >= 60 && m_ll <= 120 && recoilPtMiss >= 250 && lepton1_charge == -lepton2_charge && Flag_goodVertices && Flag_globalSuperTightHalo2016Filter && Flag_HBHENoiseFilter && Flag_HBHENoiseIsoFilter && Flag_EcalDeadCellTriggerPrimitiveFilter && Flag_BadPFMuonFilter && Flag_ecalBadCalibFilterV2 && ((HLT_Ele32_WPTight_Gsf) || (HLT_Ele115_CaloIdVT_GsfTrkIdT || HLT_Photon200)) && PV_npvsGood > 0 && PV_ndof > 4 && abs(PV_z) < 24 && sqrt(pow(PV_x,2)+pow(PV_y,2)) < 2 && ((METcorrected_phi <= -1.62) || (METcorrected_phi >= -0.82)) && Flag_eeBadScFilter
    hist nEntries =  830.0
    hist integral =  830.0
    hist_data nEntries =  2386.0
    hist_data integral =  2386.0
  Using cut =  njets >= 3 && nTightElectrons == 2 && nVetoElectrons == 2 && nLooseMuons == 0 && m_ll >= 60 && m_ll <= 120 && recoilPtMiss >= 250 && lepton1_charge == -lepton2_charge && Flag_goodVertices && Flag_globalSupTFile::Append:0: RuntimeWarning: Replacing existing TH1: hist (Potential memory leak).
TFile::Append:0: RuntimeWarning: Replacing existing TH1: hist (Potential memory leak).
TFile::Append:0: RuntimeWarning: Replacing existing TH1: hist (Potential memory leak).
TFile::Append:0: RuntimeWarning: Replacing existing TH1: hist (Potential memory leak).
TFile::Append:0: RuntimeWarning: Replacing existing TH1: hist (Potential memory leak).
erTightHalo2016Filter && Flag_HBHENoiseFilter && Flag_HBHENoiseIsoFilter && Flag_EcalDeadCellTriggerPrimitiveFilter && Flag_BadPFMuonFilter && Flag_ecalBadCalibFilterV2 && ((HLT_Ele32_WPTight_Gsf) || (HLT_Ele115_CaloIdVT_GsfTrkIdT || HLT_Photon200)) && PV_npvsGood > 0 && PV_ndof > 4 && abs(PV_z) < 24 && sqrt(pow(PV_x,2)+pow(PV_y,2)) < 2 && ((METcorrected_phi <= -1.62) || (METcorrected_phi >= -0.82)) && Flag_eeBadScFilter
    hist nEntries =  764.0
    hist integral =  764.0
    hist_data nEntries =  3150.0
    hist_data integral =  3150.0
  Using cut =  njets >= 3 && nTightElectrons == 2 && nVetoElectrons == 2 && nLooseMuons == 0 && m_ll >= 60 && m_ll <= 120 && recoilPtMiss >= 250 && lepton1_charge == -lepton2_charge && Flag_goodVertices && Flag_globalSuperTightHalo2016Filter && Flag_HBHENoiseFilter && Flag_HBHENoiseIsoFilter && Flag_EcalDeadCellTriggerPrimitiveFilter && Flag_BadPFMuonFilter && Flag_ecalBadCalibFilterV2 && ((HLT_Ele32_WPTight_Gsf) || (HLT_Ele115_CaloIdVT_GsfTrkIdT || HLT_Photon200)) && PV_npvsGood > 0 && PV_ndof > 4 && abs(PV_z) < 24 && sqrt(pow(PV_x,2)+pow(PV_y,2)) < 2 && ((METcorrected_phi <= -1.62) || (METcorrected_phi >= -0.82)) && Flag_eeBadScFilter
    hist nEntries =  3631.0
    hist integral =  3631.0
    hist_data nEntries =  6781.0
    hist_data integral =  6781.0
  Dataset =  SingleMuon  ||   nEvents =  625222
  Using cut =  njets >= 3 && nVetoElectrons == 0 && nTightMuons == 2 && nLooseMuons == 2 && m_ll >= 60 && m_ll <= 120 && recoilPtMiss >= 250 && lepton1_charge == -lepton2_charge && Flag_goodVertices && Flag_globalSuperTightHalo2016Filter && Flag_HBHENoiseFilter && Flag_HBHENoiseIsoFilter && Flag_EcalDeadCellTriggerPrimitiveFilter && Flag_BadPFMuonFilter && Flag_ecalBadCalibFilterV2 && (HLT_IsoMu24) && PV_npvsGood > 0 && PV_ndof > 4 && abs(PV_z) < 24 && sqrt(pow(PV_x,2)+pow(PV_y,2)) < 2 && ((METcorrected_phi <= -1.62) || (METcorrected_phi >= -0.82)) && Flag_eeBadScFilter
    hist nEntries =  2874.0
    hist integral =  2874.0
    hist_data nEntries =  9655.0
    hist_data integral =  9655.0
  Using cut =  njets >= 3 && nVetoElectrons == 0 && nTightMuons == 2 && nLooseMuons == 2 && m_ll >= 60 && m_ll <= 120 && recoilPtMiss >= 250 && lepton1_charge == -lepton2_charge && Flag_goodVertices && Flag_globalSuperTightHalo2016Filter && Flag_HBHENoiseFilter && Flag_HBHENoiseIsoFilter && Flag_EcalDeadCellTriggerPrimitiveFilter && Flag_BadPFMuonFilter && Flag_ecalBadCalibFilterV2 && (HLT_IsoMu24) && PV_npvsGood > 0 && PV_ndof > 4 && abs(PV_z) < 24 && sqrt(pow(PV_x,2)+pow(PV_y,2)) < 2 && ((METcorrected_phi <= -1.62) || (METcorrected_phi >= -0.82)) && Flag_eeBadScFilter
    hist nEntries =  1447.0
    hist integral =  1447.0
    hist_data nEntries =  11102.0
    hist_data integral =  11102.0
  Using cut =  njets >= 3 && nVetoElectrons == 0 && nTightMuons == 2 && nLooseMuons == 2 && m_ll >= 60 && m_ll <= 120 && recoilPtMiss >= 250 && lepton1_charge == -lepton2_charge && Flag_goodVertices && Flag_globalSuperTightHalo2016Filter && Flag_HBHENoiseFilter && Flag_HBHENoiseIsoFilter && Flag_EcalDeadCellTriggerPrimitiveFilter && Flag_BadPFMuonFilter && Flag_ecalBadCalibFilterV2 && (HLT_IsoMu24) && PV_npvsGood > 0 && PV_ndof > 4 && abs(PV_z) < 24 && sqrt(pow(PV_x,2)+pow(PV_y,2)) < 2 && ((METcorrected_phi <= -1.62) || (METcorrected_phi >= -0.82)) && Flag_eeBadScFilter
    hist nEntries =  1443.0
    hist integral =  1443.0
    hist_data nEntries =  12545.0
    hist_data integral =  12545.0
  Using cut =  njets >= 3 && nVetoElectrons == 0 && nTightMuons == 2 && nLooseMuons == 2 && m_ll >= 60 && m_ll <= 120 && recoilPtMiss >= 250 && lepton1_charge == -lepton2_charge && Flag_goodVertices && Flag_globalSuperTightHalo2016Filter && Flag_HBHENoiseFilter && Flag_HBHENoiseIsoFilter && Flag_EcalDeadCellTriggerPrimitiveFilter && Flag_BadPFMuonFilter && Flag_ecalBadCalibFilterV2 && (HLT_IsoMu24) && PV_npvsGood > 0 && PV_ndof > 4 && abs(PV_z) < 24 && sqrt(pow(PV_x,2)+pow(PV_y,2)) < 2 && ((METcorrected_phi <= -1.62) || (METcorrected_phi >= -0.82)) && Flag_eeBadScFilter
    hist nEntries =  6620.0
    hist integral =  6620.0
  TFile::Append:0: RuntimeWarning: Replacing existing TH1: hist (Potential memory leak).
TFile::Append:0: RuntimeWarning: Replacing existing TH1: hist (Potential memory leak).
TFile::Append:0: RuntimeWarning: Replacing existing TH1: hist (Potential memory leak).
TFile::Append:0: RuntimeWarning: Replacing existing TH1: hist (Potential memory leak).
TFile::Append:0: RuntimeWarning: Replacing existing TH1: hist (Potential memory leak).
TFile::Append:0: RuntimeWarning: Replacing existing TH1: hist (Potential memory leak).
TFile::Append:0: RuntimeWarning: Replacing existing TH1: hist (Potential memory leak).
TFile::Append:0: RuntimeWarning: Replacing existing TH1: hist (Potential memory leak).
TFile::Append:0: RuntimeWarning: Replacing existing TH1: hist (Potential memory leak).
TFile::Append:0: RuntimeWarning: Replacing existing TH1: hist (Potential memory leak).
TFile::Append:0: RuntimeWarning: Replacing existing TH1: hist (Potential memory leak).
TFile::Append:0: RuntimeWarning: Replacing existing TH1: hist (Potential memory leak).
TFile::Append:0: RuntimeWarning: Replacing existing TH1: hist (Potential memory leak).
TFile::Append:0: RuntimeWarning: Replacing existing TH1: hist (Potential memory leak).
TFile::Append:0: RuntimeWarning: Replacing existing TH1: hist (Potential memory leak).
TFile::Append:0: RuntimeWarning: Replacing existing TH1: hist (Potential memory leak).
TFile::Append:0: RuntimeWarning: Replacing existing TH1: hist (Potential memory leak).
TFile::Append:0: RuntimeWarning: Replacing existing TH1: hist (Potential memory leak).
TFile::Append:0: RuntimeWarning: Replacing existing TH1: hist (Potential memory leak).
  hist_data nEntries =  19165.0
    hist_data integral =  19165.0
Filling MC histograms...
  Process =  ZTo2Nu
      Dataset =  1LHEZpT400-inf  ||   nEvents =  1840421
Applied ZTo2Nu ewk Weights correctly
          hist weight =  0.00730673796919*genWeightSign*ewkZWeight
          hist nEntries =  0.0
          hist integral =  0.0
      Dataset =  2LHEZpT50-150  ||   nEvents =  6262379
Applied ZTo2Nu ewk Weights correctly
          hist weight =  3.11274070126*genWeightSign*ewkZWeight
          hist nEntries =  0.0
          hist integral =  0.0
      Dataset =  2LHEZpT400-inf  ||   nEvents =  8082507
Applied ZTo2Nu ewk Weights correctly
          hist weight =  0.00626188483351*genWeightSign*ewkZWeight
          hist nEntries =  0.0
          hist integral =  0.0
      Dataset =  1LHEZpT250-400  ||   nEvents =  11226042
Applied ZTo2Nu ewk Weights correctly
          hist weight =  0.0109145093168*genWeightSign*ewkZWeight
          hist nEntries =  0.0
          hist integral =  0.0
      Dataset =  2LHEZpT250-400  ||   nEvents =  3967083
Applied ZTo2Nu ewk Weights correctly
          hist weight =  0.0779148709518*genWeightSign*ewkZWeight
          hist nEntries =  0.0
          hist integral =  0.0
      Dataset =  1LHEZpT150-250  ||   nEvents =  26405969
Applied ZTo2Nu ewk Weights correctly
          hist weight =  0.040813105552*genWeightSign*ewkZWeight
          hist nEntries =  0.0
          hist integral =  0.0
      Dataset =  2LHEZpT150-250  ||   nEvents =  42108287
Applied ZTo2Nu ewk Weights correctly
          hist weight =  0.0419942041337*genWeightSign*ewkZWeight
          hist nEntries =  0.0
          hist integral =  0.0
      Dataset =  1LHEZpT50-150  ||   nEvents =  6153631
Applied ZTo2Nu ewk Weights correctly
          hist weight =  5.81417475308*genWeightSign*ewkZWeight
          hist nEntries =  0.0
          hist integral =  0.0
  Process =  tbar scalar
      Dataset =  tWChan_MChi1_MPhi100_scalar  ||   nEvents =  143000
          hist weight =  0.0229518573427*genWeightSign
          hist nEntries =  20.0
          hist integral =  0.459037169814
      Dataset =  tChan_MChi1_MPhi100_scalar  ||   nEvents =  310000
          hist weight =  0.054883716129*genWeightSign
          hist nEntries =  1.0
          hist integral =  0.0548837147653
  Process =  WW
      Dataset =  WWTo1L1Nu2Q  ||   nEvents =  2941220
          hist weight =  1.63993431297*genWeightSign
          hist nEntries =  106.0
          hist integral =  101.675867796
      Dataset =  WWTo4Q  ||   nEvents =  3776486
          hist weight =  0.755037937384*genWeightSign
          hist nEntries =  0.0
          hist integral =  0.0
      Dataset =  WWTo2L2Nu  ||   nEvents =  7729266
          hist weight =  0.0856380411801*genWeightSign
          hist nEntries =  511.0
          hist integral =  43.5896143243
  Process =  ttbarPlusJets
      Dataset =  TTToSemiLepton  ||   nEvents =  298193168
          hist weight =  0.0729938554461*genWeightSign
          hist nEntries =  908.0
          hist integral =  64.8187484816
      Dataset =  TTTo2L2Nu  ||   nEvents =  63791484
          hist weight =  0.0817648230287*genWeightSign
          hist nEntries =  15978.0
          hist integral =  1302.53447177
  Process =  ttbar scalar
      Dataset =  ttDM_MChi1_MPhi100_scalar  ||   nEvents =  1839899
          hist weight =  0.0234644976708*genWeightSign*GenModel__TTbarDMJets_Inclusive_scalar_LO_Mchi_1_Mphi_100_TuneCP5_13TeV_madgraph_mcatnlo_pythia8
          hist nEntries =  177.0
          hist integral =  4.15321266279
  Process =  ZZ
      Dataset =  ZZTo2Q2Nu  ||   nEvents =  36391519
          hist weight =  0.00749222256977*genWeightSign
          hist nEntries =  0.0
          hist integral =  0.0
      Dataset =  ZZTo4L  ||   nEvents =  123387004
          hist weight =  0.000641522181704*genWeightSign
          hist nEntries =  7035.0
          hist integral =  4.5093396767
      Dataset =  ZZTo2L2Q  ||   nEvents =  17815223
          hist weight =  0.0123670144348*genWeightSign
          hist nEntries =  39015.0
          hist inteTFile::Append:0: RuntimeWarning: Replacing existing TH1: hist (Potential memory leak).
TFile::Append:0: RuntimeWarning: Replacing existing TH1: hist (Potential memory leak).
TFile::Append:0: RuntimeWarning: Replacing existing TH1: hist (Potential memory leak).
TFile::Append:0: RuntimeWarning: Replacing existing TH1: hist (Potential memory leak).
TFile::Append:0: RuntimeWarning: Replacing existing TH1: hist (Potential memory leak).
TFile::Append:0: RuntimeWarning: Replacing existing TH1: hist (Potential memory leak).
TFile::Append:0: RuntimeWarning: Replacing existing TH1: hist (Potential memory leak).
TFile::Append:0: RuntimeWarning: Replacing existing TH1: hist (Potential memory leak).
TFile::Append:0: RuntimeWarning: Replacing existing TH1: hist (Potential memory leak).
TFile::Append:0: RuntimeWarning: Replacing existing TH1: hist (Potential memory leak).
TFile::Append:0: RuntimeWarning: Replacing existing TH1: hist (Potential memory leak).
TFile::Append:0: RuntimeWarning: Replacing existing TH1: hist (Potential memory leak).
TFile::Append:0: RuntimeWarning: Replacing existing TH1: hist (Potential memory leak).
TFile::Append:0: RuntimeWarning: Replacing existing TH1: hist (Potential memory leak).
TFile::Append:0: RuntimeWarning: Replacing existing TH1: hist (Potential memory leak).
TFile::Append:0: RuntimeWarning: Replacing existing TH1: hist (Potential memory leak).
TFile::Append:0: RuntimeWarning: Replacing existing TH1: hist (Potential memory leak).
TFile::Append:0: RuntimeWarning: Replacing existing TH1: hist (Potential memory leak).
TFile::Append:0: RuntimeWarning: Replacing existing TH1: hist (Potential memory leak).
TFile::Append:0: RuntimeWarning: Replacing existing TH1: hist (Potential memory leak).
TFile::Append:0: RuntimeWarning: Replacing existing TH1: hist (Potential memory leak).
TFile::Append:0: RuntimeWarning: Replacing existing TH1: hist (Potential memory leak).
TFile::Append:0: RuntimeWarning: Replacing existing TH1: hist (Potential memory leak).
gral =  205.765463192
      Dataset =  ZZTo2L2Nu  ||   nEvents =  56356048
          hist weight =  0.000598289929769*genWeightSign
          hist nEntries =  19385.0
          hist integral =  11.5925971036
  Process =  QCD
      Dataset =  Pt50to80  ||   nEvents =  25580000
          hist weight =  36619.3588741*genWeightSign
          hist nEntries =  0.0
          hist integral =  0.0
      Dataset =  Pt2400to3200  ||   nEvents =  2394000
          hist weight =  0.000130809139515*genWeightSign
          hist nEntries =  0.0
          hist integral =  0.0
      Dataset =  Pt30to50  ||   nEvents =  18488000
          hist weight =  344454.997836*genWeightSign
          hist nEntries =  0.0
          hist integral =  0.0
      Dataset =  Pt470to600  ||   nEvents =  42459973
          hist weight =  0.777492816588*genWeightSign
          hist nEntries =  0.0
          hist integral =  0.0
      Dataset =  Pt300to470  ||   nEvents =  41744000
          hist weight =  9.76871502491*genWeightSign
          hist nEntries =  0.0
          hist integral =  0.0
      Dataset =  Pt170to300  ||   nEvents =  29710000
          hist weight =  207.712622013*genWeightSign
          hist nEntries =  0.0
          hist integral =  0.0
      Dataset =  Pt800to1000  ||   nEvents =  36062000
          hist weight =  0.0436014863291*genWeightSign
          hist nEntries =  0.0
          hist integral =  0.0
      Dataset =  Pt600to800  ||   nEvents =  64061000
          hist weight =  0.146037120869*genWeightSign
          hist nEntries =  0.0
          hist integral =  0.0
      Dataset =  Pt120to170  ||   nEvents =  25255000
          hist weight =  962.27408434*genWeightSign
          hist nEntries =  0.0
          hist integral =  0.0
      Dataset =  Pt1000to1400  ||   nEvents =  18485000
          hist weight =  0.024238571815*genWeightSign
          hist nEntries =  0.0
          hist integral =  0.0
      Dataset =  Pt1400to1800  ||   nEvents =  6928000
          hist weight =  0.00558682823326*genWeightSign
          hist nEntries =  0.0
          hist integral =  0.0
      Dataset =  Pt15to30  ||   nEvents =  19451000
          hist weight =  3832991.61997*genWeightSign
          hist nEntries =  0.0
          hist integral =  0.0
      Dataset =  Pt3200toInf  ||   nEvents =  925000
          hist weight =  8.71235243243e-06*genWeightSign
          hist nEntries =  0.0
          hist integral =  0.0
      Dataset =  Pt80to120  ||   nEvents =  29535000
          hist weight =  4724.99204334*genWeightSign
          hist nEntries =  0.0
          hist integral =  0.0
      Dataset =  Pt1800to2400  ||   nEvents =  4017800
          hist weight =  0.00129581885609*genWeightSign
          hist nEntries =  0.0
          hist integral =  0.0
  Process =  WZ
      Dataset =  WZTo2Q2Nu  ||   nEvents =  18549507
          hist weight =  0.0220866743251*genWeightSign
          hist nEntries =  0.0
          hist integral =  0.0
      Dataset =  WZTo2L2Q  ||   nEvents =  17048434
          hist weight =  0.0221846733841*genWeightSign
          hist nEntries =  55468.0
          hist integral =  609.959268887
      Dataset =  WZTo3LNu  ||   nEvents =  7049958
          hist weight =  0.0428096848237*genWeightSign
          hist nEntries =  3418.0
          hist integral =  79.2827534676
      Dataset =  WZTo1L3Nu  ||   nEvents =  920352
          hist weight =  0.216929044539*genWeightSign
          hist nEntries =  0.0
          hist integral =  0.0
      Dataset =  WZTo1L1Nu2Q  ||   nEvents =  10874643
          hist weight =  0.064054369417*genWeightSign
          hist nEntries =  3.0
          hist integral =  -0.0640543699265
  Process =  TTV
      Dataset =  TTZToQQ  ||   nEvents =  4543958
          hist weight =  0.00671029441733*genWeightSign
          hist nEntries =  1116.0
          hist integral =  3.3685663864
      Dataset =  TTWJetsToLNu  ||   nEvents =  2686095
          hist weight =  0.00477947578176*genWeightSign
          hist nEntries =  1804.0
          hist integral =  4.53093903046
      Dataset =  TTWJetsToQQ  ||   nTFile::Append:0: RuntimeWarning: Replacing existing TH1: hist (Potential memory leak).
TFile::Append:0: RuntimeWarning: Replacing existing TH1: hist (Potential memory leak).
TFile::Append:0: RuntimeWarning: Replacing existing TH1: hist (Potential memory leak).
TFile::Append:0: RuntimeWarning: Replacing existing TH1: hist (Potential memory leak).
TFile::Append:0: RuntimeWarning: Replacing existing TH1: hist (Potential memory leak).
TFile::Append:0: RuntimeWarning: Replacing existing TH1: hist (Potential memory leak).
TFile::Append:0: RuntimeWarning: Replacing existing TH1: hist (Potential memory leak).
TFile::Append:0: RuntimeWarning: Replacing existing TH1: hist (Potential memory leak).
TFile::Append:0: RuntimeWarning: Replacing existing TH1: hist (Potential memory leak).
TFile::Append:0: RuntimeWarning: Replacing existing TH1: hist (Potential memory leak).
TFile::Append:0: RuntimeWarning: Replacing existing TH1: hist (Potential memory leak).
TFile::Append:0: RuntimeWarning: Replacing existing TH1: hist (Potential memory leak).
TFile::Append:0: RuntimeWarning: Replacing existing TH1: hist (Potential memory leak).
TFile::Append:0: RuntimeWarning: Replacing existing TH1: hist (Potential memory leak).
TFile::Append:0: RuntimeWarning: Replacing existing TH1: hist (Potential memory leak).
TFile::Append:0: RuntimeWarning: Replacing existing TH1: hist (Potential memory leak).
TFile::Append:0: RuntimeWarning: Replacing existing TH1: hist (Potential memory leak).
TFile::Append:0: RuntimeWarning: Replacing existing TH1: hist (Potential memory leak).
TFile::Append:0: RuntimeWarning: Replacing existing TH1: hist (Potential memory leak).
Events =  458226
          hist weight =  0.0562687058351*genWeightSign
          hist nEntries =  126.0
          hist integral =  4.16388364136
      Dataset =  TTZToLLNuNu  ||   nEvents =  6274046
          hist weight =  0.00231569357317*genWeightSign
          hist nEntries =  100864.0
          hist integral =  98.9713601898
  Process =  ZTo2L
      Dataset =  1LHEZpT400-inf  ||   nEvents =  858544
Applied ZTo2L ewk Weights correctly
          hist weight =  0.00839865865931*genWeightSign*ewkZWeight
          hist nEntries =  1203.0
          hist integral =  5.67882610112
      Dataset =  2LHEZpT50-150  ||   nEvents =  7396689
Applied ZTo2L ewk Weights correctly
          hist weight =  1.36494315227*genWeightSign*ewkZWeight
          hist nEntries =  86.0
          hist integral =  71.5794849396
      Dataset =  2LHEZpT400-inf  ||   nEvents =  1117339
Applied ZTo2L ewk Weights correctly
          hist weight =  0.0240170691258*genWeightSign*ewkZWeight
          hist nEntries =  307308.0
          hist integral =  2717.83790279
      Dataset =  1LHEZpT250-400  ||   nEvents =  4772527
Applied ZTo2L ewk Weights correctly
          hist weight =  0.0137316729691*genWeightSign*ewkZWeight
          hist nEntries =  4858.0
          hist integral =  36.6418965384
      Dataset =  2LHEZpT250-400  ||   nEvents =  5986226
Applied ZTo2L ewk Weights correctly
          hist weight =  0.0273440394666*genWeightSign*ewkZWeight
          hist nEntries =  972186.0
          hist integral =  9616.56460108
      Dataset =  1LHEZpT150-250  ||   nEvents =  8123432
Applied ZTo2L ewk Weights correctly
          hist weight =  0.0698633287015*genWeightSign*ewkZWeight
          hist nEntries =  565.0
          hist integral =  21.5650543571
      Dataset =  2LHEZpT150-250  ||   nEvents =  14239483
Applied ZTo2L ewk Weights correctly
          hist weight =  0.0659932807954*genWeightSign*ewkZWeight
          hist nEntries =  139676.0
          hist integral =  3441.20241585
      Dataset =  1LHEZpT50-150  ||   nEvents =  5285022
Applied ZTo2L ewk Weights correctly
          hist weight =  3.56177779392*genWeightSign*ewkZWeight
          hist nEntries =  0.0
          hist integral =  0.0
  Process =  singleTop
      Dataset =  ST_s-channel  ||   nEvents =  12403008
          hist weight =  0.0180139849946*genWeightSign
          hist nEntries =  12.0
          hist integral =  0.108083918691
      Dataset =  ST_t-channel_antitop  ||   nEvents =  74227130
          hist weight =  0.0546558030736*genWeightSign
          hist nEntries =  5.0
          hist integral =  0.273279007524
      Dataset =  ST_tW_top  ||   nEvents =  9553912
          hist weight =  0.218289994716*genWeightSign
          hist nEntries =  247.0
          hist integral =  53.4810837805
      Dataset =  ST_t-channel_top  ||   nEvents =  144094782
          hist weight =  0.0469728459702*genWeightSign
          hist nEntries =  15.0
          hist integral =  0.516701295972
      Dataset =  ST_tW_antitop  ||   nEvents =  7492620
          hist weight =  0.278822067581*genWeightSign
          hist nEntries =  169.0
          hist integral =  47.1209127903
  Process =  WPlusJets
      Dataset =  Pt50To100  ||   nEvents =  7275588
Applied WPlusJets ewk Weights correctly
          hist weight =  29.3051310767*genWeightSign*ewkWWeight
          hist nEntries =  0.0
          hist integral =  0.0
      Dataset =  Pt600ToInf  ||   nEvents =  1634340
Applied WPlusJets ewk Weights correctly
          hist weight =  0.0200675869158*genWeightSign*ewkWWeight
          hist nEntries =  21.0
          hist integral =  0.174578902312
      Dataset =  Pt250To400  ||   nEvents =  3801794
Applied WPlusJets ewk Weights correctly
          hist weight =  0.434010575007*genWeightSign*ewkWWeight
          hist nEntries =  10.0
          hist integral =  2.29521274567
      Dataset =  Pt100To250  ||   nEvents =  187329833
Applied WPlusJets ewk Weights correctly
          hist weight =  0.245491341467*genWeightSign*ewkWWeight
          hist nEntries =  5.0
          hist integral =  0.70833581TFile::Append:0: RuntimeWarning: Replacing existing TH1: hist (Potential memory leak).
Info in <TCanvas::Print>: png file AH2lZR2018_nbjets_02_01_2023_withHEMfix_NLOwithOnlyEWKkfactors.png has been created
686
      Dataset =  Pt400To600  ||   nEvents =  4988448
Applied WPlusJets ewk Weights correctly
          hist weight =  0.0430046258877*genWeightSign*ewkWWeight
          hist nEntries =  32.0
          hist integral =  0.35677908361
-----------------------------
Total data background nEvents =  19165.0
Total data background integral =  19165.0
-----------------------------
Total MC background nEvents =  1672135.0
Total MC background integral =  18550.8047162
-----------------------------
Total tt+DM signal nEvents =  177.0
Total tt+DM signal integral =  4.15321266279
Total t+DM signal nEvents =  21.0
Total t+DM signal integral =  0.513920888305
-----------------------------
FOM for tt+DM signal =  0.0295908655384
FOM for t+DM signal =  0.00375906017461
-----------------------------
Data bin content:
    bin 0: 0.0
    bin 1: 14948.0
    bin 2: 3279.0
    bin 3: 861.0
    bin 4: 75.0
    bin 5: 2.0
    bin 6: 0.0
-----------------------------
MC background bin content:
    bin 0: 0.0
    bin 1: 14978.3486328
    bin 2: 2696.69189453
    bin 3: 816.879638672
    bin 4: 54.8789367676
    bin 5: 3.80039739609
    bin 6: 0.205216020346
-----------------------------
tt+DM bin content:
    bin 0: 0.0
    bin 1: 0.610076963902
    bin 2: 1.97101557255
    bin 3: 1.54865562916
    bin 4: 0.0234644971788
    bin 5: 0.0
    bin 6: 0.0
-----------------------------
t+DM bin content:
    bin 0: 0.0
    bin 1: 0.114759288728
    bin 2: 0.330306023359
    bin 3: 0.0688555762172
    bin 4: 0.0
    bin 5: 0.0
    bin 6: 0.0
-----------------------------
Data bin errors:
    bin 0: 0.0
    bin 1: 122.262013725
    bin 2: 57.2625532089
    bin 3: 29.3428015022
    bin 4: 8.66025403784
    bin 5: 1.41421356237
    bin 6: 0.0
-----------------------------
MC background bin errors:
    bin 0: 0.0
    bin 1: 40.0748970964
    bin 2: 15.9041478219
    bin 3: 9.48632001106
    bin 4: 2.10750512905
    bin 5: 0.564833099241
    bin 6: 0.120384678944
-----------------------------
tt+DM bin errors:
    bin 0: 0.0
    bin 1: 0.1196459315
    bin 2: 0.215055673441
    bin 3: 0.190626480223
    bin 4: 0.0234644976708
    bin 5: 0.0
    bin 6: 0.0
-----------------------------
t+DM bin errors:
    bin 0: 0.0
    bin 1: 0.0513219132282
    bin 2: 0.0966109484576
    bin 3: 0.0397537830456
    bin 4: 0.0
    bin 5: 0.0
    bin 6: 0.0
-----------------------------
ZTo2Nu hist info:
    nEvents =  0.0
    integral =  0.0
tbar scalar hist info:
    nEvents =  21.0
    integral =  0.513920888305
TTTo2L2Nu hist info:
    nEvents =  15978.0
    integral =  1302.53447177
singleTop hist info:
    nEvents =  448.0
    integral =  101.500059277
TTV hist info:
    nEvents =  103910.0
    integral =  111.034748672
bkgSum hist info:
    nEvents =  1672135.0
    integral =  18550.8047162
ttbar scalar hist info:
    nEvents =  177.0
    integral =  4.15321266279
VV hist info:
    nEvents =  124941.0
    integral =  1056.31078452
QCD hist info:
    nEvents =  0.0
    integral =  0.0
ZTo2L hist info:
    nEvents =  1425882.0
    integral =  15911.0698703
data hist info:
    nEvents =  19165.0
    integral =  19165.0
WPlusJets hist info:
    nEvents =  68.0
    integral =  3.53490662575
TTToSemiLepton hist info:
    nEvents =  908.0
    integral =  64.8187484816
Finished filling histograms
Creating stacked MC background histogram...
Finished stacking MC background histograms.
Drawing histograms...
Finished drawing histograms
Drawing ratio plot...
Plotting end time: 2023-02-01 10:12:09.880642
