Plotting start time: 2021-06-10 18:44:05.404871
Cut name =  AH1lWR
MC Selection Cuts =  (njets >= 3 && nbjets == 0 && nTightElectrons == 1 && nVetoElectrons == 1 && nLooseMuons == 0 && METcorrected_pt >= 250 && M_T <= 140 && Flag_goodVertices && Flag_globalSuperTightHalo2016Filter && Flag_HBHENoiseFilter && Flag_HBHENoiseIsoFilter && Flag_EcalDeadCellTriggerPrimitiveFilter && Flag_BadPFMuonFilter && Flag_ecalBadCalibFilterV2 && ((HLT_PFMETNoMu120_PFMHTNoMu120_IDTight || HLT_PFMETNoMu120_PFMHTNoMu120_IDTight_PFHT60) || (HLT_PFMETNoMu120_PFMHTNoMu120_IDTight || HLT_PFMETNoMu120_PFMHTNoMu120_IDTight_PFHT60))) || (njets >= 3 && nbjets == 0 && nVetoElectrons == 0 && nTightMuons == 1 && nLooseMuons == 1 && METcorrected_pt >= 250 && M_T <= 140 && Flag_goodVertices && Flag_globalSuperTightHalo2016Filter && Flag_HBHENoiseFilter && Flag_HBHENoiseIsoFilter && Flag_EcalDeadCellTriggerPrimitiveFilter && Flag_BadPFMuonFilter && Flag_ecalBadCalibFilterV2 && (HLT_PFMETNoMu120_PFMHTNoMu120_IDTight || HLT_PFMETNoMu120_PFMHTNoMu120_IDTight_PFHT60))
Data Selection Cuts =  (njets >= 3 && nbjets == 0 && nTightElectrons == 1 && nVetoElectrons == 1 && nLooseMuons == 0 && METcorrected_pt >= 250 && M_T <= 140 && Flag_goodVertices && Flag_globalSuperTightHalo2016Filter && Flag_HBHENoiseFilter && Flag_HBHENoiseIsoFilter && Flag_EcalDeadCellTriggerPrimitiveFilter && Flag_BadPFMuonFilter && Flag_ecalBadCalibFilterV2 && ((HLT_PFMETNoMu120_PFMHTNoMu120_IDTight || HLT_PFMETNoMu120_PFMHTNoMu120_IDTight_PFHT60) || (HLT_PFMETNoMu120_PFMHTNoMu120_IDTight || HLT_PFMETNoMu120_PFMHTNoMu120_IDTight_PFHT60))) || (njets >= 3 && nbjets == 0 && nVetoElectrons == 0 && nTightMuons == 1 && nLooseMuons == 1 && METcorrected_pt >= 250 && M_T <= 140 && Flag_goodVertices && Flag_globalSuperTightHalo2016Filter && Flag_HBHENoiseFilter && Flag_HBHENoiseIsoFilter && Flag_EcalDeadCellTriggerPrimitiveFilter && Flag_BadPFMuonFilter && Flag_ecalBadCalibFilterV2 && (HLT_PFMETNoMu120_PFMHTNoMu120_IDTight || HLT_PFMETNoMu120_PFMHTNoMu120_IDTight_PFHT60)) && Flag_eeBadScFilter
var =  METcorrected_pt
year =  2018
lumi =  21.08
saveDirectory =  plots/CR_2018/METcorrected_pt/
date =  06_09_2021
Creating histograms..
Finished making systematic histogram dictionary
Drawing data and ratio plot...
Selected both SingleMuon and SingleElectron dataset
Loading data sample root files and event trees...
    nevents in filepath = /hdfs/store/user/vshang/SingleElectron_Run2018A/EGamma/ModuleCommonSkim_03182021/tree_all.root: 706998
    nevents in filepath = /hdfs/store/user/vshang/SingleElectron_Run2018B/EGamma/ModuleCommonSkim_03182021/tree_all.root: 380029
    nevents in filepath = /hdfs/store/user/vshang/SingleElectron_Run2018C/EGamma/ModuleCommonSkim_03182021/tree_all.root: 596758
    nevents in filepath = /hdfs/store/user/vshang/SingleElectron_Run2018D/EGamma/ModuleCommonSkim_03182021/tree_all.root: 3765349
    total nevents in  SingleElectron :  5449134
    nevents in filepath = /hdfs/store/user/vshang/SingleMuon_Run2018A/SingleMuon/ModuleCommonSkim_03182021/tree_all.root: 1305003
    nevents in filepath = /hdfs/store/user/vshang/SingleMuon_Run2018B/SingleMuon/ModuleCommonSkim_03182021/tree_all.root: 757485
    nevents in filepath = /hdfs/store/user/vshang/SingleMuon_Run2018C/SingleMuon/ModuleCommonSkim_03182021/tree_all.root: 847998
    nevents in filepath = /hdfs/store/user/vshang/SingleMuon_Run2018D/SingleMuon/ModuleCommonSkim_03182021/tree_all.root: 4769371
    total nevents in  SingleMuon :  7679857
Got data sample root files and event trees
Loading MC sample root files and event trees...
    nevents in  ZTo2Nu   HT600To800 :  5748975
    nevents in  ZTo2Nu   HT1200To2500 :  343198
    nevents in  ZTo2Nu   HT100To200 :  23702894
    nevents in  ZTo2Nu   HT2500ToInf :  359639
    nevents in  ZTo2Nu   HT800To1200 :  2066798
    nevents in  ZTo2Nu   HT200To400 :  23276346
    nevents in  ZTo2Nu   HT400To600 :  9511100
    nevents in  WW   WWTo1L1Nu2Q :  4683136
    nevents in  WW   WWTo4Q :  3790800
    nevents in  WW   WWTo2L2Nu :  7758900
    nevents in  ttbarPlusJets   TTToSemiLepton :  3Info in <TCanvas::MakeDefCanvas>:  created default TCanvas with name c1
TFile::Append:0: RuntimeWarning: Replacing existing TH1: hist (Potential memory leak).
TFile::Append:0: RuntimeWarning: Replacing existing TH1: hist (Potential memory leak).
00619998
    nevents in  ttbarPlusJets   TTTo2L2Nu :  64310000
    nevents in  ttbar scalar   ttDM_MChi1_MPhi100_scalar :  1842523
    nevents in  ZZ   ZZTo2Q2Nu :  57633049
    nevents in  ZZ   ZZTo4L :  124649500
    nevents in  ZZ   ZZTo2L2Q :  27900469
    nevents in  ZZ   ZZTo2L2Nu :  56428600
    nevents in  QCD   HT700To1000 :  48158738
    nevents in  QCD   HT500To700 :  55152960
    nevents in  QCD   HT2000ToInf :  5475677
    nevents in  QCD   HT1000To1500 :  15466225
    nevents in  QCD   HT1500To2000 :  10955087
    nevents in  QCD   HT100To200 :  93972378
    nevents in  QCD   HT300To500 :  54661579
    nevents in  QCD   HT200To300 :  54289442
    nevents in  WZ   WZTo2Q2Nu :  30887331
    nevents in  WZ   WZTo2L2Q :  28193648
    nevents in  WZ   WZTo3LNu :  11248318
    nevents in  WZ   WZTo1L3Nu :  1690064
    nevents in  WZ   WZTo1L1Nu2Q :  18273533
    nevents in  ttbar pseudoscalar   ttDM_MChi1_MPhi100_pseudo :  1607992
    nevents in  TTV   TTZToQQ :  9572000
    nevents in  TTV   TTWJetsToLNu :  4911941
    nevents in  TTV   TTWJetsToQQ :  835296
    nevents in  TTV   TTZToLLNuNu :  13280000
    nevents in  ZTo2L   HT600To800 :  8862104
    nevents in  ZTo2L   HT1200To2500 :  536416
    nevents in  ZTo2L   HT100To200 :  11530510
    nevents in  ZTo2L   HT2500ToInf :  427051
    nevents in  ZTo2L   HT800To1200 :  3138129
    nevents in  ZTo2L   HT200To400 :  10860690
    nevents in  ZTo2L   HT400To600 :  46161988
    nevents in  singleTop   ST_s-channel :  19890000
    nevents in  singleTop   ST_t-channel_antitop :  79090800
    nevents in  singleTop   ST_tW_top :  9598000
    nevents in  singleTop   ST_t-channel_top :  154307600
    nevents in  singleTop   ST_tW_antitop :  7527000
    nevents in  WPlusJets   HT200To400 :  25468933
    nevents in  WPlusJets   HT70To100 :  28084244
    nevents in  WPlusJets   HT600To800 :  19771294
    nevents in  WPlusJets   HT1200To2500 :  7633949
    nevents in  WPlusJets   HT100To200 :  29425374
    nevents in  WPlusJets   HT400To600 :  5932701
    nevents in  WPlusJets   HT2500ToInf :  3273980
    nevents in  WPlusJets   HT800To1200 :  8402687
Got MC sample root files and event trees
Filling histograms...
  Dataset =  SingleElectron  ||   nEvents =  5449134
  Using cut =  njets >= 3 && nbjets == 0 && nTightElectrons == 1 && nVetoElectrons == 1 && nLooseMuons == 0 && METcorrected_pt >= 250 && M_T <= 140 && Flag_goodVertices && Flag_globalSuperTightHalo2016Filter && Flag_HBHENoiseFilter && Flag_HBHENoiseIsoFilter && Flag_EcalDeadCellTriggerPrimitiveFilter && Flag_BadPFMuonFilter && Flag_ecalBadCalibFilterV2 && ((HLT_PFMETNoMu120_PFMHTNoMu120_IDTight || HLT_PFMETNoMu120_PFMHTNoMu120_IDTight_PFHT60) || (HLT_PFMETNoMu120_PFMHTNoMu120_IDTight || HLT_PFMETNoMu120_PFMHTNoMu120_IDTight_PFHT60)) && Flag_eeBadScFilter
    hist nEntries =  4453.0
    hist integral =  4453.0
    hist_data nEntries =  4453.0
    hist_data integral =  4453.0
  Using cut =  njets >= 3 && nbjets == 0 && nTightElectrons == 1 && nVetoElectrons == 1 && nLooseMuons == 0 && METcorrected_pt >= 250 && M_T <= 140 && Flag_goodVertices && Flag_globalSuperTightHalo2016Filter && Flag_HBHENoiseFilter && Flag_HBHENoiseIsoFilter && Flag_EcalDeadCellTriggerPrimitiveFilter && Flag_BadPFMuonFilter && Flag_ecalBadCalibFilterV2 && ((HLT_PFMETNoMu120_PFMHTNoMu120_IDTight || HLT_PFMETNoMu120_PFMHTNoMu120_IDTight_PFHT60) || (HLT_PFMETNoMu120_PFMHTNoMu120_IDTight || HLT_PFMETNoMu120_PFMHTNoMu120_IDTight_PFHT60)) && Flag_eeBadScFilter
    hist nEntries =  2322.0
    hist integral =  2322.0
    hist_data nEntries =  6775.0
    hist_data integral =  6775.0
  Using cut =  njets >= 3 && nbjets == 0 && nTightElectrons == 1 && nVetoElectrons == 1 && nLooseMuons == 0 && METcorrected_pt >= 250 && M_T <= 140 && Flag_goodVertices && Flag_globalSuperTightHalo2016Filter && Flag_HBHENoiseFilter && Flag_HBHENoiseIsoFilter && Flag_EcalDeadCellTriggerPrimitiveFilter && Flag_BadPFMuonFilter && Flag_ecalBadCalibFilterV2 && ((HLT_PFMETNoMu120_PFMHTNoMu120_IDTight || HLT_PFMETNoMu120_PFMHTNoMu120_IDTight_PFHT60) || (HLT_PFMETNoMu120_PFMHTNoMTFile::Append:0: RuntimeWarning: Replacing existing TH1: hist (Potential memory leak).
TFile::Append:0: RuntimeWarning: Replacing existing TH1: hist (Potential memory leak).
TFile::Append:0: RuntimeWarning: Replacing existing TH1: hist (Potential memory leak).
TFile::Append:0: RuntimeWarning: Replacing existing TH1: hist (Potential memory leak).
TFile::Append:0: RuntimeWarning: Replacing existing TH1: hist (Potential memory leak).
TFile::Append:0: RuntimeWarning: Replacing existing TH1: hist (Potential memory leak).
TFile::Append:0: RuntimeWarning: Replacing existing TH1: hist (Potential memory leak).
TFile::Append:0: RuntimeWarning: Replacing existing TH1: hist (Potential memory leak).
TFile::Append:0: RuntimeWarning: Replacing existing TH1: hist (Potential memory leak).
TFile::Append:0: RuntimeWarning: Replacing existing TH1: hist (Potential memory leak).
u120_IDTight || HLT_PFMETNoMu120_PFMHTNoMu120_IDTight_PFHT60)) && Flag_eeBadScFilter
    hist nEntries =  0.0
    hist integral =  0.0
    hist_data nEntries =  6775.0
    hist_data integral =  6775.0
  Using cut =  njets >= 3 && nbjets == 0 && nTightElectrons == 1 && nVetoElectrons == 1 && nLooseMuons == 0 && METcorrected_pt >= 250 && M_T <= 140 && Flag_goodVertices && Flag_globalSuperTightHalo2016Filter && Flag_HBHENoiseFilter && Flag_HBHENoiseIsoFilter && Flag_EcalDeadCellTriggerPrimitiveFilter && Flag_BadPFMuonFilter && Flag_ecalBadCalibFilterV2 && ((HLT_PFMETNoMu120_PFMHTNoMu120_IDTight || HLT_PFMETNoMu120_PFMHTNoMu120_IDTight_PFHT60) || (HLT_PFMETNoMu120_PFMHTNoMu120_IDTight || HLT_PFMETNoMu120_PFMHTNoMu120_IDTight_PFHT60)) && Flag_eeBadScFilter
    hist nEntries =  0.0
    hist integral =  0.0
    hist_data nEntries =  6775.0
    hist_data integral =  6775.0
  Dataset =  SingleMuon  ||   nEvents =  7679857
  Using cut =  njets >= 3 && nbjets == 0 && nVetoElectrons == 0 && nTightMuons == 1 && nLooseMuons == 1 && METcorrected_pt >= 250 && M_T <= 140 && Flag_goodVertices && Flag_globalSuperTightHalo2016Filter && Flag_HBHENoiseFilter && Flag_HBHENoiseIsoFilter && Flag_EcalDeadCellTriggerPrimitiveFilter && Flag_BadPFMuonFilter && Flag_ecalBadCalibFilterV2 && (HLT_PFMETNoMu120_PFMHTNoMu120_IDTight || HLT_PFMETNoMu120_PFMHTNoMu120_IDTight_PFHT60) && Flag_eeBadScFilter
    hist nEntries =  7054.0
    hist integral =  7054.0
    hist_data nEntries =  13829.0
    hist_data integral =  13829.0
  Using cut =  njets >= 3 && nbjets == 0 && nVetoElectrons == 0 && nTightMuons == 1 && nLooseMuons == 1 && METcorrected_pt >= 250 && M_T <= 140 && Flag_goodVertices && Flag_globalSuperTightHalo2016Filter && Flag_HBHENoiseFilter && Flag_HBHENoiseIsoFilter && Flag_EcalDeadCellTriggerPrimitiveFilter && Flag_BadPFMuonFilter && Flag_ecalBadCalibFilterV2 && (HLT_PFMETNoMu120_PFMHTNoMu120_IDTight || HLT_PFMETNoMu120_PFMHTNoMu120_IDTight_PFHT60) && Flag_eeBadScFilter
    hist nEntries =  3558.0
    hist integral =  3558.0
    hist_data nEntries =  17387.0
    hist_data integral =  17387.0
  Using cut =  njets >= 3 && nbjets == 0 && nVetoElectrons == 0 && nTightMuons == 1 && nLooseMuons == 1 && METcorrected_pt >= 250 && M_T <= 140 && Flag_goodVertices && Flag_globalSuperTightHalo2016Filter && Flag_HBHENoiseFilter && Flag_HBHENoiseIsoFilter && Flag_EcalDeadCellTriggerPrimitiveFilter && Flag_BadPFMuonFilter && Flag_ecalBadCalibFilterV2 && (HLT_PFMETNoMu120_PFMHTNoMu120_IDTight || HLT_PFMETNoMu120_PFMHTNoMu120_IDTight_PFHT60) && Flag_eeBadScFilter
    hist nEntries =  0.0
    hist integral =  0.0
    hist_data nEntries =  17387.0
    hist_data integral =  17387.0
  Using cut =  njets >= 3 && nbjets == 0 && nVetoElectrons == 0 && nTightMuons == 1 && nLooseMuons == 1 && METcorrected_pt >= 250 && M_T <= 140 && Flag_goodVertices && Flag_globalSuperTightHalo2016Filter && Flag_HBHENoiseFilter && Flag_HBHENoiseIsoFilter && Flag_EcalDeadCellTriggerPrimitiveFilter && Flag_BadPFMuonFilter && Flag_ecalBadCalibFilterV2 && (HLT_PFMETNoMu120_PFMHTNoMu120_IDTight || HLT_PFMETNoMu120_PFMHTNoMu120_IDTight_PFHT60) && Flag_eeBadScFilter
    hist nEntries =  0.0
    hist integral =  0.0
    hist_data nEntries =  17387.0
    hist_data integral =  17387.0
  Process =  ZTo2Nu
      Dataset =  HT600To800  ||   nEvents =  5748975
Applied ZTo2Nu qcd/ewk Weights correctly
          hist nEntries =  29.0
          hist integral =  0.396116923541
      Dataset =  HT1200To2500  ||   nEvents =  343198
Applied ZTo2Nu qcd/ewk Weights correctly
          hist nEntries =  9.0
          hist integral =  0.192000091542
      Dataset =  HT100To200  ||   nEvents =  23702894
Applied ZTo2Nu qcd/ewk Weights correctly
          hist nEntries =  0.0
          hist integral =  0.0
      Dataset =  HT2500ToInf  ||   nEvents =  359639
Applied ZTo2Nu qcd/ewk Weights correctly
          hist nEntries =  9.0
          hist integral =  0.00336340614012
      Dataset =  HT800To1200  ||   nEvents =  2066798
Applied ZTo2Nu qcd/ewk Weights correctly
          hist nEntries =  12.0
          hist integTFile::Append:0: RuntimeWarning: Replacing existing TH1: hist (Potential memory leak).
TFile::Append:0: RuntimeWarning: Replacing existing TH1: hist (Potential memory leak).
TFile::Append:0: RuntimeWarning: Replacing existing TH1: hist (Potential memory leak).
TFile::Append:0: RuntimeWarning: Replacing existing TH1: hist (Potential memory leak).
TFile::Append:0: RuntimeWarning: Replacing existing TH1: hist (Potential memory leak).
TFile::Append:0: RuntimeWarning: Replacing existing TH1: hist (Potential memory leak).
TFile::Append:0: RuntimeWarning: Replacing existing TH1: hist (Potential memory leak).
TFile::Append:0: RuntimeWarning: Replacing existing TH1: hist (Potential memory leak).
TFile::Append:0: RuntimeWarning: Replacing existing TH1: hist (Potential memory leak).
TFile::Append:0: RuntimeWarning: Replacing existing TH1: hist (Potential memory leak).
TFile::Append:0: RuntimeWarning: Replacing existing TH1: hist (Potential memory leak).
TFile::Append:0: RuntimeWarning: Replacing existing TH1: hist (Potential memory leak).
TFile::Append:0: RuntimeWarning: Replacing existing TH1: hist (Potential memory leak).
TFile::Append:0: RuntimeWarning: Replacing existing TH1: hist (Potential memory leak).
TFile::Append:0: RuntimeWarning: Replacing existing TH1: hist (Potential memory leak).
TFile::Append:0: RuntimeWarning: Replacing existing TH1: hist (Potential memory leak).
TFile::Append:0: RuntimeWarning: Replacing existing TH1: hist (Potential memory leak).
TFile::Append:0: RuntimeWarning: Replacing existing TH1: hist (Potential memory leak).
TFile::Append:0: RuntimeWarning: Replacing existing TH1: hist (Potential memory leak).
TFile::Append:0: RuntimeWarning: Replacing existing TH1: hist (Potential memory leak).
TFile::Append:0: RuntimeWarning: Replacing existing TH1: hist (Potential memory leak).
TFile::Append:0: RuntimeWarning: Replacing existing TH1: hist (Potential memory leak).
TFile::Append:0: RuntimeWarning: Replacing existing TH1: hist (Potential memory leak).
TFile::Append:0: RuntimeWarning: Replacing existing TH1: hist (Potential memory leak).
TFile::Append:0: RuntimeWarning: Replacing existing TH1: hist (Potential memory leak).
TFile::Append:0: RuntimeWarning: Replacing existing TH1: hist (Potential memory leak).
TFile::Append:0: RuntimeWarning: Replacing existing TH1: hist (Potential memory leak).
TFile::Append:0: RuntimeWarning: Replacing existing TH1: hist (Potential memory leak).
TFile::Append:0: RuntimeWarning: Replacing existing TH1: hist (Potential memory leak).
TFile::Append:0: RuntimeWarning: Replacing existing TH1: hist (Potential memory leak).
ral =  0.15600754926
      Dataset =  HT200To400  ||   nEvents =  23276346
Applied ZTo2Nu qcd/ewk Weights correctly
          hist nEntries =  1.0
          hist integral =  0.124615848064
      Dataset =  HT400To600  ||   nEvents =  9511100
Applied ZTo2Nu qcd/ewk Weights correctly
          hist nEntries =  11.0
          hist integral =  0.41289408505
  Process =  WW
      Dataset =  WWTo1L1Nu2Q  ||   nEvents =  4683136
          hist nEntries =  2609.0
          hist integral =  933.190928936
      Dataset =  WWTo4Q  ||   nEvents =  3790800
          hist nEntries =  0.0
          hist integral =  0.0
      Dataset =  WWTo2L2Nu  ||   nEvents =  7758900
          hist nEntries =  2032.0
          hist integral =  59.4356271029
  Process =  ttbarPlusJets
      Dataset =  TTToSemiLepton  ||   nEvents =  300619998
          hist nEntries =  86747.0
          hist integral =  2348.10122108
      Dataset =  TTTo2L2Nu  ||   nEvents =  64310000
          hist nEntries =  10064.0
          hist integral =  303.804537892
  Process =  ttbar scalar
      Dataset =  ttDM_MChi1_MPhi100_scalar  ||   nEvents =  1842523
          hist nEntries =  1417.0
          hist integral =  12.6463827565
  Process =  ZZ
      Dataset =  ZZTo2Q2Nu  ||   nEvents =  57633049
          hist nEntries =  16.0
          hist integral =  0.025458064345
      Dataset =  ZZTo4L  ||   nEvents =  124649500
          hist nEntries =  460.0
          hist integral =  0.0992406407895
      Dataset =  ZZTo2L2Q  ||   nEvents =  27900469
          hist nEntries =  1771.0
          hist integral =  4.84266926534
      Dataset =  ZZTo2L2Nu  ||   nEvents =  56428600
          hist nEntries =  3486.0
          hist integral =  0.703551078215
  Process =  QCD
      Dataset =  HT700To1000  ||   nEvents =  48158738
          hist nEntries =  12.0
          hist integral =  34.8456201553
      Dataset =  HT500To700  ||   nEvents =  55152960
          hist nEntries =  1.0
          hist integral =  10.9330444336
      Dataset =  HT2000ToInf  ||   nEvents =  5475677
          hist nEntries =  74.0
          hist integral =  5.84964081645
      Dataset =  HT1000To1500  ||   nEvents =  15466225
          hist nEntries =  52.0
          hist integral =  76.0067939758
      Dataset =  HT1500To2000  ||   nEvents =  10955087
          hist nEntries =  71.0
          hist integral =  13.1433469206
      Dataset =  HT100To200  ||   nEvents =  93972378
          hist nEntries =  0.0
          hist integral =  0.0
      Dataset =  HT300To500  ||   nEvents =  54661579
          hist nEntries =  0.0
          hist integral =  0.0
      Dataset =  HT200To300  ||   nEvents =  54289442
          hist nEntries =  0.0
          hist integral =  0.0
  Process =  WZ
      Dataset =  WZTo2Q2Nu  ||   nEvents =  30887331
          hist nEntries =  19.0
          hist integral =  0.0868966113776
      Dataset =  WZTo2L2Q  ||   nEvents =  28193648
          hist nEntries =  2935.0
          hist integral =  13.3768418133
      Dataset =  WZTo3LNu  ||   nEvents =  11248318
          hist nEntries =  1638.0
          hist integral =  15.0597842038
      Dataset =  WZTo1L3Nu  ||   nEvents =  1690064
          hist nEntries =  1379.0
          hist integral =  56.632474184
      Dataset =  WZTo1L1Nu2Q  ||   nEvents =  18273533
          hist nEntries =  18991.0
          hist integral =  250.358790398
  Process =  ttbar pseudoscalar
      Dataset =  ttDM_MChi1_MPhi100_pseudo  ||   nEvents =  1607992
          hist nEntries =  1454.0
          hist integral =  4.04361216351
  Process =  TTV
      Dataset =  TTZToQQ  ||   nEvents =  9572000
          hist nEntries =  5428.0
          hist integral =  6.48755491525
      Dataset =  TTWJetsToLNu  ||   nEvents =  4911941
          hist nEntries =  6474.0
          hist integral =  6.49487879872
      Dataset =  TTWJetsToQQ  ||   nEvents =  835296
          hist nEntries =  684.0
          hist integral =  8.04081315175
      Dataset =  TTZToLLNuNu  ||   nEvents =  13280000
          hist nEntries =  10044.0
          hist integral =  4.16386821866
  ProceTFile::Append:0: RuntimeWarning: Replacing existing TH1: hist (Potential memory leak).
TFile::Append:0: RuntimeWarning: Replacing existing TH1: hist (Potential memory leak).
TFile::Append:0: RuntimeWarning: Replacing existing TH1: hist (Potential memory leak).
TFile::Append:0: RuntimeWarning: Replacing existing TH1: hist (Potential memory leak).
TFile::Append:0: RuntimeWarning: Replacing existing TH1: hist (Potential memory leak).
TFile::Append:0: RuntimeWarning: Replacing existing TH1: hist (Potential memory leak).
TFile::Append:0: RuntimeWarning: Replacing existing TH1: hist (Potential memory leak).
TFile::Append:0: RuntimeWarning: Replacing existing TH1: hist (Potential memory leak).
TFile::Append:0: RuntimeWarning: Replacing existing TH1: hist (Potential memory leak).
TFile::Append:0: RuntimeWarning: Replacing existing TH1: hist (Potential memory leak).
TFile::Append:0: RuntimeWarning: Replacing existing TH1: hist (Potential memory leak).
TFile::Append:0: RuntimeWarning: Replacing existing TH1: hist (Potential memory leak).
TFile::Append:0: RuntimeWarning: Replacing existing TH1: hist (Potential memory leak).
TFile::Append:0: RuntimeWarning: Replacing existing TH1: hist (Potential memory leak).
TFile::Append:0: RuntimeWarning: Replacing existing TH1: hist (Potential memory leak).
TFile::Append:0: RuntimeWarning: Replacing existing TH1: hist (Potential memory leak).
TFile::Append:0: RuntimeWarning: Replacing existing TH1: hist (Potential memory leak).
TFile::Append:0: RuntimeWarning: Replacing existing TH1: hist (Potential memory leak).
TFile::Append:0: RuntimeWarning: Replacing existing TH1: hist (Potential memory leak).
TFile::Append:0: RuntimeWarning: Replacing existing TH1: hist (Potential memory leak).
ss =  ZTo2L
      Dataset =  HT600To800  ||   nEvents =  8862104
Applied ZTo2L qcd/ewk Weights correctly
          hist nEntries =  22085.0
          hist integral =  78.9892677367
      Dataset =  HT1200To2500  ||   nEvents =  536416
Applied ZTo2L qcd/ewk Weights correctly
          hist nEntries =  2247.0
          hist integral =  14.1831306815
      Dataset =  HT100To200  ||   nEvents =  11530510
Applied ZTo2L qcd/ewk Weights correctly
          hist nEntries =  6.0
          hist integral =  1.49001073837
      Dataset =  HT2500ToInf  ||   nEvents =  427051
Applied ZTo2L qcd/ewk Weights correctly
          hist nEntries =  2807.0
          hist integral =  0.454288976267
      Dataset =  HT800To1200  ||   nEvents =  3138129
Applied ZTo2L qcd/ewk Weights correctly
          hist nEntries =  10417.0
          hist integral =  46.6670713425
      Dataset =  HT200To400  ||   nEvents =  10860690
Applied ZTo2L qcd/ewk Weights correctly
          hist nEntries =  430.0
          hist integral =  41.911105901
      Dataset =  HT400To600  ||   nEvents =  46161988
Applied ZTo2L qcd/ewk Weights correctly
          hist nEntries =  49952.0
          hist integral =  147.964713715
  Process =  singleTop
      Dataset =  ST_s-channel  ||   nEvents =  19890000
          hist nEntries =  1478.0
          hist integral =  6.7292236127
      Dataset =  ST_t-channel_antitop  ||   nEvents =  79090800
          hist nEntries =  874.0
          hist integral =  16.6969501376
      Dataset =  ST_tW_top  ||   nEvents =  9598000
          hist nEntries =  2401.0
          hist integral =  197.044542074
      Dataset =  ST_t-channel_top  ||   nEvents =  154307600
          hist nEntries =  2776.0
          hist integral =  45.9078854322
      Dataset =  ST_tW_antitop  ||   nEvents =  7527000
          hist nEntries =  1888.0
          hist integral =  197.951703787
  Process =  WPlusJets
      Dataset =  HT200To400  ||   nEvents =  25468933
Applied WPlusJets qcd/ewk Weights correctly
          hist nEntries =  6222.0
          hist integral =  2063.74361691
      Dataset =  HT70To100  ||   nEvents =  28084244
Applied WPlusJets qcd/ewk Weights correctly
          hist nEntries =  0.0
          hist integral =  0.0
      Dataset =  HT600To800  ||   nEvents =  19771294
Applied WPlusJets qcd/ewk Weights correctly
          hist nEntries =  297393.0
          hist integral =  3359.29673004
      Dataset =  HT1200To2500  ||   nEvents =  7633949
Applied WPlusJets qcd/ewk Weights correctly
          hist nEntries =  231817.0
          hist integral =  521.32420063
      Dataset =  HT100To200  ||   nEvents =  29425374
Applied WPlusJets qcd/ewk Weights correctly
          hist nEntries =  1.0
          hist integral =  1.151055336
      Dataset =  HT400To600  ||   nEvents =  5932701
Applied WPlusJets qcd/ewk Weights correctly
          hist nEntries =  34202.0
          hist integral =  6287.09726715
      Dataset =  HT2500ToInf  ||   nEvents =  3273980
Applied WPlusJets qcd/ewk Weights correctly
          hist nEntries =  135563.0
          hist integral =  5.68686003238
      Dataset =  HT800To1200  ||   nEvents =  8402687
Applied WPlusJets qcd/ewk Weights correctly
          hist nEntries =  193581.0
          hist integral =  2017.10232925
-----------------------------
Total data background nEvents =  17387.0
Total data background integral =  17387.0
-----------------------------
Total MC background nEvents =  1151198.0
Total MC background integral =  19204.3607407
-----------------------------
Total tt+DM signal nEvents =  1417.0
Total tt+DM signal integral =  12.6463827565
-----------------------------
-----------------------------
FOM for tt+DM signal =  0.0912570434609
-----------------------------
Data bin errors:
    bin 0: 0.0
    bin 1: 64.7610994348
    bin 2: 55.5337735077
    bin 3: 47.2863616701
    bin 4: 41.1096095822
    bin 5: 36.0555127546
    bin 6: 31.7332633052
    bin 7: 27.1845544381
    bin 8: 24.4948974278
    bin 9: 22.1585198062
    bin 10: 19.6723155729
    bin 11: 18.0554700853
    bin 12: 15.748015748
    bin 13: 13.89Info in <TCanvas::Print>: png file plots/CR_2018/METcorrected_pt/06_09_2021/AH1lWR2018_METcorrected_pt_06_09_2021_withMETTriggers_preHEM.png has been created
24439894
    bin 14: 11.9163752878
    bin 15: 11.7046999107
-----------------------------
MC background bin errors:
    bin 0: 0.0
    bin 1: 32.6671556793
    bin 2: 25.0206072855
    bin 3: 20.4450894915
    bin 4: 16.7561405459
    bin 5: 13.9609167041
    bin 6: 11.1420867631
    bin 7: 9.40964944304
    bin 8: 7.76832293542
    bin 9: 6.42275510074
    bin 10: 5.48179769448
    bin 11: 4.73572740008
    bin 12: 3.95610974487
    bin 13: 3.3674782441
    bin 14: 2.96628982383
    bin 15: 2.2298454975
-----------------------------
tt+DM bin errors:
    bin 0: 0.0
    bin 1: 0.165551567481
    bin 2: 0.143421772422
    bin 3: 0.133046402853
    bin 4: 0.115374599735
    bin 5: 0.101172867418
    bin 6: 0.0789710657507
    bin 7: 0.0789167366699
    bin 8: 0.0680684330977
    bin 9: 0.0647711336539
    bin 10: 0.0463099105561
    bin 11: 0.0543755762785
    bin 12: 0.0393252814905
    bin 13: 0.0368067753068
    bin 14: 0.0279516716533
    bin 15: 0.0258871883005
-----------------------------
-----------------------------
ttbar pseudoscalar hist info:
    nEvents =  1454.0
    integral =  4.04361216351
ZTo2Nu hist info:
    nEvents =  71.0
    integral =  1.2849978935
TTTo2L2Nu hist info:
    nEvents =  10064.0
    integral =  303.804537892
singleTop hist info:
    nEvents =  9417.0
    integral =  464.33031559
TTV hist info:
    nEvents =  22630.0
    integral =  25.1871153414
bkgSum hist info:
    nEvents =  1151198.0
    integral =  19204.3607407
ttbar scalar hist info:
    nEvents =  1417.0
    integral =  12.6463827565
VV hist info:
    nEvents =  35336.0
    integral =  1333.81229019
QCD hist info:
    nEvents =  210.0
    integral =  140.778446592
ZTo2L hist info:
    nEvents =  87944.0
    integral =  331.659586787
data hist info:
    nEvents =  17387.0
    integral =  17387.0
WPlusJets hist info:
    nEvents =  898779.0
    integral =  14255.4022141
TTToSemiLepton hist info:
    nEvents =  86747.0
    integral =  2348.10122108
Finished filling histograms
Creating stacked MC background histogram...
Finished stacking MC background histograms.
Drawing histograms...
Finished drawing histograms
Drawing ratio plot...
Finished drawing ratio plot
Plotting end time: 2021-06-10 18:58:15.018542
