Plotting start time: 2021-09-15 08:32:57.067483
Cut name =  AH0lQR
MC Selection Cuts =  (nVetoElectrons + nLooseMuons) == 0 && njets >= 3 && nbjets >= 1 && METcorrected_pt >= 250 && ntaus == 0 && minDeltaPhi12 <= 0.8 && Flag_goodVertices && Flag_globalSuperTightHalo2016Filter && Flag_HBHENoiseFilter && Flag_HBHENoiseIsoFilter && Flag_EcalDeadCellTriggerPrimitiveFilter && Flag_BadPFMuonFilter && (HLT_PFMETNoMu120_PFMHTNoMu120_IDTight) && PV_npvsGood > 0 && PV_ndof > 4 && abs(PV_z) < 24 && sqrt(pow(PV_x,2)+pow(PV_y,2)) < 2 && nfjets >= 1 && Jet_pt[index_forwardJets[0]] < Jet_pt[index_centralJets[0]]
Data Selection Cuts =  (nVetoElectrons + nLooseMuons) == 0 && njets >= 3 && nbjets >= 1 && METcorrected_pt >= 250 && ntaus == 0 && minDeltaPhi12 <= 0.8 && Flag_goodVertices && Flag_globalSuperTightHalo2016Filter && Flag_HBHENoiseFilter && Flag_HBHENoiseIsoFilter && Flag_EcalDeadCellTriggerPrimitiveFilter && Flag_BadPFMuonFilter && (HLT_PFMETNoMu120_PFMHTNoMu120_IDTight) && PV_npvsGood > 0 && PV_ndof > 4 && abs(PV_z) < 24 && sqrt(pow(PV_x,2)+pow(PV_y,2)) < 2 && nfjets >= 1 && Jet_pt[index_forwardJets[0]] < Jet_pt[index_centralJets[0]] && Flag_eeBadScFilter
var =  METcorrected_phi
year =  2016
lumi =  35.92
saveDirectory =  plots/2018_QCDCR_debugging/RunII_plots/METcorrected_phi/
date =  09_14_2021
Creating histograms..
Finished making systematic histogram dictionary
Drawing data and ratio plot...
Selected MET dataset
Loading data sample root files and event trees...
    nevents in filepath = /hdfs/store/user/vshang/MET_Run2016B/MET/ModuleCommonSkim_09072021/tree_all.root: 182912
    nevents in filepath = /hdfs/store/user/vshang/MET_Run2016C/MET/ModuleCommonSkim_09072021/tree_all.root: 80259
    nevents in filepath = /hdfs/store/user/vshang/MET_Run2016D/MET/ModuleCommonSkim_09072021/tree_all.root: 131680
    nevents in filepath = /hdfs/store/user/vshang/MET_Run2016E/MET/ModuleCommonSkim_09072021/tree_all.root: 127112
    nevents in filepath = /hdfs/store/user/vshang/MET_Run2016F/MET/ModuleCommonSkim_09072021/tree_all.root: 100492
    nevents in filepath = /hdfs/store/user/vshang/MET_Run2016G/MET/ModuleCommonSkim_09072021/tree_all.root: 234544
    nevents in filepath = /hdfs/store/user/vshang/MET_Run2016H/MET/ModuleCommonSkim_09072021/tree_all.root: 262704
    total nevents in  MET :  1119703
Got data sample root files and event trees
Loading MC sample root files and event trees...
    nevents in  ZTo2Nu   HT600To800 :  5693589
    nevents in  ZTo2Nu   HT1200To2500 :  513471
    nevents in  ZTo2Nu   HT100To200 :  24272858
    nevents in  ZTo2Nu   HT2500ToInf :  405030
    nevents in  ZTo2Nu   HT800To1200 :  2170137
    nevents in  ZTo2Nu   HT200To400 :  24761211
    nevents in  ZTo2Nu   HT400To600 :  9862869
    nevents in  tbar scalar   tWChan_Mchi1Mphi100 :  200000
    nevents in  tbar scalar   tChan_Mchi1Mphi100 :  500000
    nevents in  WW   WWTo1L1Nu2Q :  5246469
    nevents in  WW   WWTo4Q :  30324343
    nevents in  WW   WWTo2L2Nu :  1999000
    nevents in  ttbarPlusJets   TTToSemiLepton :  152669800
    nevents in  ttbarPlusJets   TTTo2L2Nu :  79140880
    nevents in  ttbar scalar   ttDM_MChi1_MPhi100_scalar :  2625075
    nevents in  ZZ   ZZTo2Q2Nu :  52855410
    nevents in  ZZ   ZZTo4L :  103121112
    nevents in  ZZ   ZZTo2L2Q :  15462693
    nevents in  ZZ   ZZTo2L2Nu :  52855410
    nevents in  ZZ   ZZTo4Q :  30636849
    nevents in  QCD   HT700To1000 :  37233786
    nevents in  QCD   HT500To700 :  62622029
    nevents in  QCD   HT2000ToInf :  5804179
    nevents in  QCD   HT1000To1500 :  15210939
    nevents in  QCD   HT1500To2000 :  11839357
    nevents in  QCD   HT100To200 :  82293477
    nevents in  QCD   HT300To500 :  54552852
    nevents in  QCD   HT200To300 :  57580393
    nevents in  WZ   WZTo2Q2Nu :  17725159
    nevents in  WZ   WZTo2L2Q :  26445785
    nevents in  WZ   WZTo3LNu :  19993200
    nevents in  WZ   WZTo1L3Nu :  1703772
    nevents in  WZ   WZTo1L1Nu2Q :  24311445
    nevents in  TTV   TTZToQQ :  749400
    nevents in  TTV   TTWJetsToLNu :  5280565
    nevents in  TTV   TTWJetsToQQ :  833298
   Info in <TCanvas::MakeDefCanvas>:  created default TCanvas with name c1
TFile::Append:0: RuntimeWarning: Replacing existing TH1: hist (Potential memory leak).
TFile::Append:0: RuntimeWarning: Replacing existing TH1: hist (Potential memory leak).
TFile::Append:0: RuntimeWarning: Replacing existing TH1: hist (Potential memory leak).
TFile::Append:0: RuntimeWarning: Replacing existing TH1: hist (Potential memory leak).
TFile::Append:0: RuntimeWarning: Replacing existing TH1: hist (Potential memory leak).
TFile::Append:0: RuntimeWarning: Replacing existing TH1: hist (Potential memory leak).
TFile::Append:0: RuntimeWarning: Replacing existing TH1: hist (Potential memory leak).
TFile::Append:0: RuntimeWarning: Replacing existing TH1: hist (Potential memory leak).
TFile::Append:0: RuntimeWarning: Replacing existing TH1: hist (Potential memory leak).
TFile::Append:0: RuntimeWarning: Replacing existing TH1: hist (Potential memory leak).
TFile::Append:0: RuntimeWarning: Replacing existing TH1: hist (Potential memory leak).
TFile::Append:0: RuntimeWarning: Replacing existing TH1: hist (Potential memory leak).
TFile::Append:0: RuntimeWarning: Replacing existing TH1: hist (Potential memory leak).
TFile::Append:0: RuntimeWarning: Replacing existing TH1: hist (Potential memory leak).
TFile::Append:0: RuntimeWarning: Replacing existing TH1: hist (Potential memory leak).
TFile::Append:0: RuntimeWarning: Replacing existing TH1: hist (Potential memory leak).
TFile::Append:0: RuntimeWarning: Replacing existing TH1: hist (Potential memory leak).
TFile::Append:0: RuntimeWarning: Replacing existing TH1: hist (Potential memory leak).
TFile::Append:0: RuntimeWarning: Replacing existing TH1: hist (Potential memory leak).
 nevents in  TTV   TTZToLLNuNu :  13692628
    nevents in  ZTo2L   HT600To800 :  8292957
    nevents in  ZTo2L   HT1200To2500 :  596079
    nevents in  ZTo2L   HT100To200 :  11017086
    nevents in  ZTo2L   HT2500ToInf :  399492
    nevents in  ZTo2L   HT800To1200 :  2673066
    nevents in  ZTo2L   HT200To400 :  9609137
    nevents in  ZTo2L   HT400To600 :  9725661
    nevents in  singleTop   ST_s-channel :  1000000
    nevents in  singleTop   ST_t-channel_antitop :  38811017
    nevents in  singleTop   ST_tW_top :  6952830
    nevents in  singleTop   ST_t-channel_top :  58403420
    nevents in  singleTop   ST_tW_antitop :  6933094
    nevents in  WPlusJets   HT200To400 :  38984322
    nevents in  WPlusJets   HT70To100 :  10020533
    nevents in  WPlusJets   HT600To800 :  18687480
    nevents in  WPlusJets   HT1200To2500 :  6872441
    nevents in  WPlusJets   HT100To200 :  78043017
    nevents in  WPlusJets   HT400To600 :  7687800
    nevents in  WPlusJets   HT2500ToInf :  2637821
    nevents in  WPlusJets   HT800To1200 :  7830536
Got MC sample root files and event trees
Filling histograms...
  Dataset =  MET  ||   nEvents =  1119703
    hist nEntries =  1922.0
    hist integral =  1867.0
    hist_data nEntries =  1922.0
    hist_data integral =  1867.0
    hist nEntries =  904.0
    hist integral =  873.0
    hist_data nEntries =  2826.0
    hist_data integral =  2740.0
    hist nEntries =  1407.0
    hist integral =  1378.0
    hist_data nEntries =  4233.0
    hist_data integral =  4118.0
    hist nEntries =  1274.0
    hist integral =  1242.0
    hist_data nEntries =  5507.0
    hist_data integral =  5360.0
    hist nEntries =  1058.0
    hist integral =  1027.0
    hist_data nEntries =  6565.0
    hist_data integral =  6387.0
    hist nEntries =  2260.0
    hist integral =  2197.0
    hist_data nEntries =  8825.0
    hist_data integral =  8584.0
    hist nEntries =  2433.0
    hist integral =  2385.0
    hist_data nEntries =  11258.0
    hist_data integral =  10969.0
  Process =  ZTo2Nu
      Dataset =  HT600To800  ||   nEvents =  5693589
Applied ZTo2Nu qcd/ewk Weights correctly
          hist nEntries =  5807.0
          hist integral =  116.696730137
      Dataset =  HT1200To2500  ||   nEvents =  513471
Applied ZTo2Nu qcd/ewk Weights correctly
          hist nEntries =  2312.0
          hist integral =  56.9741168022
      Dataset =  HT100To200  ||   nEvents =  24272858
Applied ZTo2Nu qcd/ewk Weights correctly
          hist nEntries =  0.0
          hist integral =  0.0
      Dataset =  HT2500ToInf  ||   nEvents =  405030
Applied ZTo2Nu qcd/ewk Weights correctly
          hist nEntries =  1732.0
          hist integral =  1.43775061704
      Dataset =  HT800To1200  ||   nEvents =  2170137
Applied ZTo2Nu qcd/ewk Weights correctly
          hist nEntries =  5132.0
          hist integral =  121.139379263
      Dataset =  HT200To400  ||   nEvents =  24761211
Applied ZTo2Nu qcd/ewk Weights correctly
          hist nEntries =  149.0
          hist integral =  21.8783526123
      Dataset =  HT400To600  ||   nEvents =  9862869
Applied ZTo2Nu qcd/ewk Weights correctly
          hist nEntries =  2311.0
          hist integral =  115.516408443
  Process =  tbar scalar
      Dataset =  tWChan_Mchi1Mphi100  ||   nEvents =  200000
          hist nEntries =  605.0
          hist integral =  5.56790975481
      Dataset =  tChan_Mchi1Mphi100  ||   nEvents =  500000
          hist nEntries =  809.0
          hist integral =  14.8997598886
  Process =  WW
      Dataset =  WWTo1L1Nu2Q  ||   nEvents =  5246469
          hist nEntries =  84.0
          hist integral =  28.1697052978
      Dataset =  WWTo4Q  ||   nEvents =  30324343
          hist nEntries =  16.0
          hist integral =  0.798291707484
      Dataset =  WWTo2L2Nu  ||   nEvents =  1999000
          hist nEntries =  11.0
          hist integral =  2.46478837729
  Process =  ttbarPlusJets
      Dataset =  TTToSemiLepton  ||   nEvents =  152669800
          hist nEntries =  35411.0
          hist integral =  2834.59049988
      Dataset =  TTTo2L2Nu  ||   nEvents =  79140TFile::Append:0: RuntimeWarning: Replacing existing TH1: hist (Potential memory leak).
TFile::Append:0: RuntimeWarning: Replacing existing TH1: hist (Potential memory leak).
TFile::Append:0: RuntimeWarning: Replacing existing TH1: hist (Potential memory leak).
TFile::Append:0: RuntimeWarning: Replacing existing TH1: hist (Potential memory leak).
TFile::Append:0: RuntimeWarning: Replacing existing TH1: hist (Potential memory leak).
TFile::Append:0: RuntimeWarning: Replacing existing TH1: hist (Potential memory leak).
TFile::Append:0: RuntimeWarning: Replacing existing TH1: hist (Potential memory leak).
TFile::Append:0: RuntimeWarning: Replacing existing TH1: hist (Potential memory leak).
TFile::Append:0: RuntimeWarning: Replacing existing TH1: hist (Potential memory leak).
TFile::Append:0: RuntimeWarning: Replacing existing TH1: hist (Potential memory leak).
TFile::Append:0: RuntimeWarning: Replacing existing TH1: hist (Potential memory leak).
TFile::Append:0: RuntimeWarning: Replacing existing TH1: hist (Potential memory leak).
TFile::Append:0: RuntimeWarning: Replacing existing TH1: hist (Potential memory leak).
TFile::Append:0: RuntimeWarning: Replacing existing TH1: hist (Potential memory leak).
TFile::Append:0: RuntimeWarning: Replacing existing TH1: hist (Potential memory leak).
TFile::Append:0: RuntimeWarning: Replacing existing TH1: hist (Potential memory leak).
TFile::Append:0: RuntimeWarning: Replacing existing TH1: hist (Potential memory leak).
TFile::Append:0: RuntimeWarning: Replacing existing TH1: hist (Potential memory leak).
TFile::Append:0: RuntimeWarning: Replacing existing TH1: hist (Potential memory leak).
TFile::Append:0: RuntimeWarning: Replacing existing TH1: hist (Potential memory leak).
TFile::Append:0: RuntimeWarning: Replacing existing TH1: hist (Potential memory leak).
TFile::Append:0: RuntimeWarning: Replacing existing TH1: hist (Potential memory leak).
TFile::Append:0: RuntimeWarning: Replacing existing TH1: hist (Potential memory leak).
TFile::Append:0: RuntimeWarning: Replacing existing TH1: hist (Potential memory leak).
TFile::Append:0: RuntimeWarning: Replacing existing TH1: hist (Potential memory leak).
TFile::Append:0: RuntimeWarning: Replacing existing TH1: hist (Potential memory leak).
TFile::Append:0: RuntimeWarning: Replacing existing TH1: hist (Potential memory leak).
TFile::Append:0: RuntimeWarning: Replacing existing TH1: hist (Potential memory leak).
TFile::Append:0: RuntimeWarning: Replacing existing TH1: hist (Potential memory leak).
TFile::Append:0: RuntimeWarning: Replacing existing TH1: hist (Potential memory leak).
880
          hist nEntries =  9035.0
          hist integral =  331.393990517
  Process =  ttbar scalar
      Dataset =  ttDM_MChi1_MPhi100_scalar  ||   nEvents =  2625075
          hist nEntries =  4351.0
          hist integral =  40.114143014
  Process =  ZZ
      Dataset =  ZZTo2Q2Nu  ||   nEvents =  52855410
          hist nEntries =  184.0
          hist integral =  0.522545957472
      Dataset =  ZZTo4L  ||   nEvents =  103121112
          hist nEntries =  43.0
          hist integral =  0.0195791942533
      Dataset =  ZZTo2L2Q  ||   nEvents =  15462693
          hist nEntries =  106.0
          hist integral =  0.805837811437
      Dataset =  ZZTo2L2Nu  ||   nEvents =  52855410
          hist nEntries =  184.0
          hist integral =  0.0729494842526
      Dataset =  ZZTo4Q  ||   nEvents =  30636849
          hist nEntries =  90.0
          hist integral =  0.670126006313
  Process =  QCD
      Dataset =  HT700To1000  ||   nEvents =  37233786
          hist nEntries =  199.0
          hist integral =  1204.27570677
      Dataset =  HT500To700  ||   nEvents =  62622029
          hist nEntries =  13.0
          hist integral =  153.199615955
      Dataset =  HT2000ToInf  ||   nEvents =  5804179
          hist nEntries =  3633.0
          hist integral =  571.206931114
      Dataset =  HT1000To1500  ||   nEvents =  15210939
          hist nEntries =  1047.0
          hist integral =  2821.63379288
      Dataset =  HT1500To2000  ||   nEvents =  11839357
          hist nEntries =  3627.0
          hist integral =  1235.65527153
      Dataset =  HT100To200  ||   nEvents =  82293477
          hist nEntries =  0.0
          hist integral =  0.0
      Dataset =  HT300To500  ||   nEvents =  54552852
          hist nEntries =  0.0
          hist integral =  0.0
      Dataset =  HT200To300  ||   nEvents =  57580393
          hist nEntries =  0.0
          hist integral =  0.0
  Process =  WZ
      Dataset =  WZTo2Q2Nu  ||   nEvents =  17725159
          hist nEntries =  1410.0
          hist integral =  17.8373501003
      Dataset =  WZTo2L2Q  ||   nEvents =  26445785
          hist nEntries =  306.0
          hist integral =  2.46332726814
      Dataset =  WZTo3LNu  ||   nEvents =  19993200
          hist nEntries =  74.0
          hist integral =  0.609082379844
      Dataset =  WZTo1L3Nu  ||   nEvents =  1703772
          hist nEntries =  35.0
          hist integral =  2.18370583549
      Dataset =  WZTo1L1Nu2Q  ||   nEvents =  24311445
          hist nEntries =  1151.0
          hist integral =  17.3514381349
  Process =  TTV
      Dataset =  TTZToQQ  ||   nEvents =  749400
          hist nEntries =  525.0
          hist integral =  12.6704553962
      Dataset =  TTWJetsToLNu  ||   nEvents =  5280565
          hist nEntries =  4374.0
          hist integral =  5.68077267706
      Dataset =  TTWJetsToQQ  ||   nEvents =  833298
          hist nEntries =  924.0
          hist integral =  15.0031591952
      Dataset =  TTZToLLNuNu  ||   nEvents =  13692628
          hist nEntries =  23695.0
          hist integral =  14.6442579329
  Process =  ZTo2L
      Dataset =  HT600To800  ||   nEvents =  8292957
Applied ZTo2L qcd/ewk Weights correctly
          hist nEntries =  1614.0
          hist integral =  10.9267097712
      Dataset =  HT1200To2500  ||   nEvents =  596079
Applied ZTo2L qcd/ewk Weights correctly
          hist nEntries =  454.0
          hist integral =  4.6006065011
      Dataset =  HT100To200  ||   nEvents =  11017086
Applied ZTo2L qcd/ewk Weights correctly
          hist nEntries =  0.0
          hist integral =  0.0
      Dataset =  HT2500ToInf  ||   nEvents =  399492
Applied ZTo2L qcd/ewk Weights correctly
          hist nEntries =  322.0
          hist integral =  0.134188636846
      Dataset =  HT800To1200  ||   nEvents =  2673066
Applied ZTo2L qcd/ewk Weights correctly
          hist nEntries =  1217.0
          hist integral =  11.1088120937
      Dataset =  HT200To400  ||   nEvents =  9609137
Applied ZTo2L qcd/ewk Weights correctly
          hist nEntries =  6.0
          hist integral =  1.28921526TFile::Append:0: RuntimeWarning: Replacing existing TH1: hist (Potential memory leak).
TFile::Append:0: RuntimeWarning: Replacing existing TH1: hist (Potential memory leak).
TFile::Append:0: RuntimeWarning: Replacing existing TH1: hist (Potential memory leak).
TFile::Append:0: RuntimeWarning: Replacing existing TH1: hist (Potential memory leak).
TFile::Append:0: RuntimeWarning: Replacing existing TH1: hist (Potential memory leak).
TFile::Append:0: RuntimeWarning: Replacing existing TH1: hist (Potential memory leak).
TFile::Append:0: RuntimeWarning: Replacing existing TH1: hist (Potential memory leak).
TFile::Append:0: RuntimeWarning: Replacing existing TH1: hist (Potential memory leak).
TFile::Append:0: RuntimeWarning: Replacing existing TH1: hist (Potential memory leak).
TFile::Append:0: RuntimeWarning: Replacing existing TH1: hist (Potential memory leak).
TFile::Append:0: RuntimeWarning: Replacing existing TH1: hist (Potential memory leak).
TFile::Append:0: RuntimeWarning: Replacing existing TH1: hist (Potential memory leak).
TFile::Append:0: RuntimeWarning: Replacing existing TH1: hist (Potential memory leak).
TFile::Append:0: RuntimeWarning: Replacing existing TH1: hist (Potential memory leak).
67
      Dataset =  HT400To600  ||   nEvents =  9725661
Applied ZTo2L qcd/ewk Weights correctly
          hist nEntries =  337.0
          hist integral =  8.65539386868
  Process =  singleTop
      Dataset =  ST_s-channel  ||   nEvents =  1000000
          hist nEntries =  107.0
          hist integral =  12.7429372129
      Dataset =  ST_t-channel_antitop  ||   nEvents =  38811017
          hist nEntries =  719.0
          hist integral =  49.9544057846
      Dataset =  ST_tW_top  ||   nEvents =  6952830
          hist nEntries =  711.0
          hist integral =  125.271370173
      Dataset =  ST_t-channel_top  ||   nEvents =  58403420
          hist nEntries =  1711.0
          hist integral =  134.574224949
      Dataset =  ST_tW_antitop  ||   nEvents =  6933094
          hist nEntries =  682.0
          hist integral =  121.048079491
  Process =  WPlusJets
      Dataset =  HT200To400  ||   nEvents =  38984322
Applied WPlusJets qcd/ewk Weights correctly
          hist nEntries =  93.0
          hist integral =  36.9371734252
      Dataset =  HT70To100  ||   nEvents =  10020533
Applied WPlusJets qcd/ewk Weights correctly
          hist nEntries =  0.0
          hist integral =  0.0
      Dataset =  HT600To800  ||   nEvents =  18687480
Applied WPlusJets qcd/ewk Weights correctly
          hist nEntries =  5600.0
          hist integral =  139.943714142
      Dataset =  HT1200To2500  ||   nEvents =  6872441
Applied WPlusJets qcd/ewk Weights correctly
          hist nEntries =  9521.0
          hist integral =  293.583650112
      Dataset =  HT100To200  ||   nEvents =  78043017
Applied WPlusJets qcd/ewk Weights correctly
          hist nEntries =  0.0
          hist integral =  0.0
      Dataset =  HT400To600  ||   nEvents =  7687800
Applied WPlusJets qcd/ewk Weights correctly
          hist nEntries =  633.0
          hist integral =  168.933893204
      Dataset =  HT2500ToInf  ||   nEvents =  2637821
Applied WPlusJets qcd/ewk Weights correctly
          hist nEntries =  4152.0
          hist integral =  2.19001595303
      Dataset =  HT800To1200  ||   nEvents =  7830536
Applied WPlusJets qcd/ewk Weights correctly
          hist nEntries =  5276.0
          hist integral =  34.1543664932
-----------------------------
Total data background nEvents =  11258.0
Total data background integral =  10969.0
-----------------------------
Total MC background nEvents =  136775.0
Total MC background integral =  10863.6146088
-----------------------------
Total tt+DM signal nEvents =  4351.0
Total tt+DM signal integral =  40.114143014
-----------------------------
Total t+DM signal nEvents =  1414.0
Total t+DM signal integral =  20.4676693976
-----------------------------
FOM for tt+DM signal =  0.384866706409
FOM for t+DM signal =  0.196372748289
-----------------------------
Data bin errors:
    bin 0: 17.0
    bin 1: 17.5499287748
    bin 2: 20.3715487875
    bin 3: 21.6564078277
    bin 4: 17.3205080757
    bin 5: 18.6279360102
    bin 6: 18.0
    bin 7: 18.8414436814
    bin 8: 20.9523268398
    bin 9: 18.7882942281
    bin 10: 17.1464281995
    bin 11: 17.6068168617
    bin 12: 18.9208879284
    bin 13: 20.6155281281
    bin 14: 17.7763888346
    bin 15: 17.4928556845
    bin 16: 18.5202591775
    bin 17: 18.4119526395
    bin 18: 19.0787840283
    bin 19: 21.8860686282
    bin 20: 19.1311264697
    bin 21: 18.2208671583
    bin 22: 16.5529453572
    bin 23: 17.3493515729
    bin 24: 20.2731349327
    bin 25: 19.8746069144
    bin 26: 17.1172427686
    bin 27: 17.9164728672
    bin 28: 17.2916164658
    bin 29: 20.0249843945
    bin 30: 21.1660104885
-----------------------------
MC background bin errors:
    bin 0: 17.2821230346
    bin 1: 30.9439206267
    bin 2: 22.2467510902
    bin 3: 30.9908738094
    bin 4: 33.1394678886
    bin 5: 26.8535683634
    bin 6: 29.565776014
    bin 7: 29.3630418432
    bin 8: 26.5200661563
    bin 9: 27.9283935118
    bin 10: 18.0927922711
    bin 11: 20.2382949735
    bin 12: 24.8757958768
    bin 13: 22.2061509494
    bin 14: 28.2275777914
    bin 15: 17.374027344
    bin 16: 24.1996609568
Info in <TCanvas::Print>: png file plots/2018_QCDCR_debugging/RunII_plots/METcorrected_phi/09_14_2021/AH0lQR2016_METcorrected_phi_09_14_2021_noleadingfjet.png has been created
    bin 17: 29.4828357965
    bin 18: 20.9245885926
    bin 19: 26.940808101
    bin 20: 27.0552595394
    bin 21: 28.2156532242
    bin 22: 19.1596596479
    bin 23: 22.0729088242
    bin 24: 29.1780657342
    bin 25: 22.074487898
    bin 26: 24.4314661862
    bin 27: 33.6911521751
    bin 28: 24.9357421536
    bin 29: 21.8620531236
    bin 30: 26.2278992455
-----------------------------
tt+DM bin errors:
    bin 0: 0.101636099179
    bin 1: 0.110974609281
    bin 2: 0.127718564195
    bin 3: 0.11381896733
    bin 4: 0.120887507943
    bin 5: 0.109066075682
    bin 6: 0.123709688038
    bin 7: 0.109968531297
    bin 8: 0.121888700003
    bin 9: 0.120424297123
    bin 10: 0.110769515621
    bin 11: 0.110982111151
    bin 12: 0.119458568581
    bin 13: 0.123700893455
    bin 14: 0.114241631666
    bin 15: 0.10417379607
    bin 16: 0.109574745171
    bin 17: 0.102684118279
    bin 18: 0.116663002997
    bin 19: 0.117539745375
    bin 20: 0.11792209671
    bin 21: 0.123298918766
    bin 22: 0.123332157696
    bin 23: 0.112618026722
    bin 24: 0.119241741258
    bin 25: 0.110628006163
    bin 26: 0.116332826817
    bin 27: 0.114252890108
    bin 28: 0.117822889689
    bin 29: 0.124100298354
    bin 30: 0.113170934785
-----------------------------
t+DM bin errors:
    bin 0: 0.0720850884207
    bin 1: 0.0971935657619
    bin 2: 0.105672825164
    bin 3: 0.115587006342
    bin 4: 0.103583284632
    bin 5: 0.123215161608
    bin 6: 0.104310020886
    bin 7: 0.111124813982
    bin 8: 0.095799887677
    bin 9: 0.101524223559
    bin 10: 0.0888857764286
    bin 11: 0.117199529783
    bin 12: 0.113168868954
    bin 13: 0.113957186146
    bin 14: 0.0983280728892
    bin 15: 0.11543562896
    bin 16: 0.111949019858
    bin 17: 0.0946192925733
    bin 18: 0.13050254434
    bin 19: 0.0966358042437
    bin 20: 0.10771649892
    bin 21: 0.108781967764
    bin 22: 0.100450718539
    bin 23: 0.132837182422
    bin 24: 0.108761886303
    bin 25: 0.0993051803007
    bin 26: 0.116921772051
    bin 27: 0.126075895465
    bin 28: 0.10612408615
    bin 29: 0.0996418089607
    bin 30: 0.109089387227
-----------------------------
ZTo2Nu hist info:
    nEvents =  17443.0
    integral =  433.64274025
tbar scalar hist info:
    nEvents =  1414.0
    integral =  20.4676693976
TTTo2L2Nu hist info:
    nEvents =  9035.0
    integral =  331.393990517
singleTop hist info:
    nEvents =  3930.0
    integral =  443.591016769
TTV hist info:
    nEvents =  29518.0
    integral =  47.998644948
bkgSum hist info:
    nEvents =  136775.0
    integral =  10863.6146088
ttbar scalar hist info:
    nEvents =  4351.0
    integral =  40.114143014
VV hist info:
    nEvents =  3694.0
    integral =  73.9687284231
QCD hist info:
    nEvents =  8519.0
    integral =  5985.97135162
ZTo2L hist info:
    nEvents =  3950.0
    integral =  36.7149258256
data hist info:
    nEvents =  11258.0
    integral =  10969.0
WPlusJets hist info:
    nEvents =  25275.0
    integral =  675.742810249
TTToSemiLepton hist info:
    nEvents =  35411.0
    integral =  2834.59049988
Finished filling histograms
Creating stacked MC background histogram...
Finished stacking MC background histograms.
Drawing histograms...
Finished drawing histograms
Drawing ratio plot...
Finished drawing ratio plot
Plotting end time: 2021-09-15 08:36:13.214246
