plots/plot.py:891: SyntaxWarning: name 'counter' is used prior to global declaration
  global counter
Plotting start time: 2023-02-24 09:38:16.948897
Cut name =  AH2lZR
MC Selection Cuts =  (njets >= 3 && nbjets == 0 && nTightElectrons == 2 && nVetoElectrons == 2 && nLooseMuons == 0 && m_ll >= 60 && m_ll <= 120 && recoilPtMiss >= 250 && lepton1_charge == -lepton2_charge && Flag_goodVertices && Flag_globalSuperTightHalo2016Filter && Flag_HBHENoiseFilter && Flag_HBHENoiseIsoFilter && Flag_EcalDeadCellTriggerPrimitiveFilter && Flag_BadPFMuonFilter && Flag_ecalBadCalibFilterV2 && ((passEle32WPTightGsf2017) || (HLT_Ele115_CaloIdVT_GsfTrkIdT || HLT_Photon200)) && PV_npvsGood > 0 && PV_ndof > 4 && abs(PV_z) < 24 && sqrt(pow(PV_x,2)+pow(PV_y,2)) < 2) || (njets >= 3 && nbjets == 0 && nVetoElectrons == 0 && nTightMuons == 2 && nLooseMuons == 2 && m_ll >= 60 && m_ll <= 120 && recoilPtMiss >= 250 && lepton1_charge == -lepton2_charge && Flag_goodVertices && Flag_globalSuperTightHalo2016Filter && Flag_HBHENoiseFilter && Flag_HBHENoiseIsoFilter && Flag_EcalDeadCellTriggerPrimitiveFilter && Flag_BadPFMuonFilter && Flag_ecalBadCalibFilterV2 && (HLT_IsoMu27) && PV_npvsGood > 0 && PV_ndof > 4 && abs(PV_z) < 24 && sqrt(pow(PV_x,2)+pow(PV_y,2)) < 2)
Data Selection Cuts =  (njets >= 3 && nbjets == 0 && nTightElectrons == 2 && nVetoElectrons == 2 && nLooseMuons == 0 && m_ll >= 60 && m_ll <= 120 && recoilPtMiss >= 250 && lepton1_charge == -lepton2_charge && Flag_goodVertices && Flag_globalSuperTightHalo2016Filter && Flag_HBHENoiseFilter && Flag_HBHENoiseIsoFilter && Flag_EcalDeadCellTriggerPrimitiveFilter && Flag_BadPFMuonFilter && Flag_ecalBadCalibFilterV2 && ((passEle32WPTightGsf2017) || (HLT_Ele115_CaloIdVT_GsfTrkIdT || HLT_Photon200)) && PV_npvsGood > 0 && PV_ndof > 4 && abs(PV_z) < 24 && sqrt(pow(PV_x,2)+pow(PV_y,2)) < 2) || (njets >= 3 && nbjets == 0 && nVetoElectrons == 0 && nTightMuons == 2 && nLooseMuons == 2 && m_ll >= 60 && m_ll <= 120 && recoilPtMiss >= 250 && lepton1_charge == -lepton2_charge && Flag_goodVertices && Flag_globalSuperTightHalo2016Filter && Flag_HBHENoiseFilter && Flag_HBHENoiseIsoFilter && Flag_EcalDeadCellTriggerPrimitiveFilter && Flag_BadPFMuonFilter && Flag_ecalBadCalibFilterV2 && (HLT_IsoMu27) && PV_npvsGood > 0 && PV_ndof > 4 && abs(PV_z) < 24 && sqrt(pow(PV_x,2)+pow(PV_y,2)) < 2) && Flag_eeBadScFilter
var =  min(abs(TkMET_phi-METcorrected_phi),2*pi-abs(TkMET_phi-METcorrected_phi))
year =  2017
lumi =  41.53
saveDirectory =  plots/CR_2017/METcorrected_pt/
date =  02_24_2023
applying HEM fix for 2018...
Creating histograms..
Histogram options: 
    nbins =  16
    xmin =  0
    xmax =  3.2
    auto_y =  True
    doLogPlot =  False
    drawData =  True
    mediatorType =  scalar
    mchi =  1
    mphi =  100
    normalizePlots =  False
    doBinned =  False
    savePlots =  True
    combineEleMu =  True
    doSys =  False
    doSysFirstHalf =  False
    doSysSecondHalf =  False
    drawOverflow =  True
    drawUnderflow =  False
    plotSys =  False
    plotSysVar =  CMS_trig_m
    plotSysSignal =  False
Drawing data and ratio plot...
Selected SingleMuon, SingleElectron, and SinglePhoton dataset
Loading data sample root files and event trees...
    ----Loading /hdfs/store/user/vshang/SingleElectron_Run2017B/SingleElectron/ModuleCommonSkim_02092023/tree_all.root
    ----Loading /hdfs/store/user/vshang/SingleElectron_Run2017C/SingleElectron/ModuleCommonSkim_02092023/tree_all.root
    ----Loading /hdfs/store/user/vshang/SingleElectron_Run2017D/SingleElectron/ModuleCommonSkim_02092023/tree_all.root
    ----Loading /hdfs/store/user/vshang/SingleElectron_Run2017E/SingleElectron/ModuleCommonSkim_02092023/tree_all.root
    ----Loading /hdfs/store/user/vshang/SingleElectron_Run2017F/SingleElectron/ModuleCommonSkim_02092023/tree_all.root
    total nevents in  SingleElectron :  201146
    ----Loading /hdfs/store/user/vshang/SinglePhoton_Run2017B/SinglePhoton/ModuleCommonSkim_02092023/tree_all.root
    ----Loading /hdfs/store/user/vshang/SinglePhoton_Run2017C/SinglePhoton/ModuleCommonSkim_02092023/tree_all.root
    ----Loading /hdfs/store/user/vshang/SinglePhoton_Run2017D/SinglePhoton/ModuleCommonSkim_02092023/tree_all.root
    ----Loading /hdfs/store/user/vshang/SinglePhoton_Run2017E/SinglePhoton/ModuleCommonSkim_02092023/tree_all.root
    ----Loading /hdfs/store/user/vshang/SinglePhoton_Run2017F/SinglePhoton/ModuleCommonSkim_02092023/tree_all.root
    total nevents in  SinglePhoton :  289560
    ----Loading /hdfs/store/user/vshang/SingleMuon_Run2017B/SingleMuon/ModuleCommonSkim_02092023/tree_all.root
    ----Loading /hdfs/store/user/vshang/SingleMuon_Run2017C/SingleMuon/ModuleCommonSkim_02092023/tree_all.root
    ----Loading /hdfs/store/user/vshang/SingleMuon_Run2017D/SingleMuon/ModuleCommonSkim_02092023/tree_all.root
    ----Loading /hdfs/store/user/vshang/SingleMuon_Run2017E/SingleMuon/ModuleCommonSkim_02092023/tree_all.root
    ----Loading /hdfs/store/user/vshang/SingleMuon_Run2017F/SingleMuon/ModuleCommonSkim_02092023/tree_all.root
    total nevents in  SingleMuon :  400697
Got data sample root files and event trees
Loading MC sample root files and event trees...
Loading process:  ZTo2Nu
    ----Loading 2LHEZpT50-150
    nevents in  ZTo2Nu   2LHEZpT50-150 :  5940577
    ----Loading 1LHEZpT250-400
    nevents in  ZTo2Nu   1LHEZpT250-400 :  12090580
    ----Loading 2LHEZpT250-400
    nevents in  ZTo2Nu   2LHEZpT250-400 :  28996251
    ----Loading 1LHEZpT150-250
    nevents in  ZTo2Nu   1LHEZpT150-250 :  25299535
    ----Loading 2LHEZpT400-inf
    nevents in  ZTo2Nu   2LHEZpT400-inf :  8846983
    ----Loading 1LHEZpT400-inf
    nevents in  ZTo2Nu   1LHEZpT400-inf :  1626479
    ----Loading 1LHEZpT50-150
    nevents in  ZTo2Nu   1LHEZpT50-150 :  5704336
    ----Loading 2LHEZpT150-250
    nevents in  ZTo2Nu   2LHEZpT150-250 :  41996008
Loading process:  tbar scalar
    ----Loading tChan_MChi1_MPhi100_scalar
    nevents in  tbar scalar   tChan_MChi1_MPhi100_scalar :  75000
    ----Loading tWChan_MChi1_MPhi100_scalar
    nevents in  tbar scalar   tWChan_MChi1_MPhi100_scalar :  54000
Loading process:  TTV
    ----Loading TTZToQQ
    nevents in  TTV   TTZToQQ :  4602104
    ----Loading TTWJetsToLNu
    nevents in  TTV   TTWJetsToLNu :  5394782
    ----Loading TTWJetsToQQ
    nevents in  TTV   TTWJetsToQQ :  441560
    ----Loading TTZToLLNuNu
    nevents in  TTV   TTZToLLNuNu :  7316018
Loading process:  WW
    ----Loading WWTo1L1Nu2Q
    nevents in  WW   WWTo1L1Nu2Q :  3169582
    ----Loading WWTo4Q
    nevents in  WW   WWTo4Q :  1992402
    ----Loading WWTo2L2Nu
    nevents in  WW   WWTo2L2Nu :  1992522
Loading process:  ttbarPlusJets
    ----Loading TTToSemiLepton
    nevents in  ttbarPlusJets   TTToSemiLepton :  239169221
    ----Loading TTTo2L2Nu
    nevents in  ttbarPlusJets   TTTo2L2Nu :  8926992
Loading process:  ttbar scalar
    ----Loading ttDM_MChi1_MPhi100_scalar
    nevents in  ttbar scalar   ttDM_MChi1_MPhi100_scalar :  1540506
Loading process:  ZZ
    ----Loading ZZTo2Q2Nu
    nevents in  ZZ   ZZTo2Q2Nu :  39202099
    ----Loading ZZTo4L
    nevents in  ZZ   ZZTo4L :  6893887
    ----Loading ZZTo2L2Q
    nevents in  ZZ   ZZTo2L2Q :  17513566
    ----Loading ZZTo2L2Nu
    nevents in  ZZ   ZZTo2L2Nu :  8733658
Loading process:  QCD
    ----Loading Pt170to300
    nevents in  QCD   Pt170to300 :  56298920
    ----Loading Pt15to30
    nevents in  QCD   Pt15to30 :  19169000
    ----Loading Pt800to1000
    nevents in  QCD   Pt800to1000 :  77660008
    ----Loading Pt600to800
    nevents in  QCD   Pt600to800 :  128548964
    ----Loading Pt120to170
    nevents in  QCD   Pt120to170 :  29854280
    ----Loading Pt1000to1400
    nevents in  QCD   Pt1000to1400 :  35706078
    ----Loading Pt1400to1800
    nevents in  QCD   Pt1400to1800 :  11353270
    ----Loading Pt50to80
    nevents in  QCD   Pt50to80 :  38179535
    ----Loading Pt1800to2400
    nevents in  QCD   Pt1800to2400 :  2923941
    ----Loading Pt3200toInf
    nevents in  QCD   Pt3200toInf :  757837
    ----Loading Pt2400to3200
    nevents in  QCD   Pt2400to3200 :  1910526
    ----Loading Pt80to120
    nevents in  QCD   Pt80to120 :  56387936
    ----Loading Pt30to50
    nevents in  QCD   Pt30to50 :  35500760
    ----Loading Pt470to600
    nevents in  QCD   Pt470to600 :  55331892
    ----LError in <TTreeFormula::Compile>:  Bad numerical expression : "HLT_Ele115_CaloIdVT_GsfTrkIdT"
Info in <TSelectorDraw::AbortProcess>: Variable compilation failed: {min(abs(TkMET_phi-METcorrected_phi),2*pi-abs(TkMET_phi-METcorrected_phi)),njets >= 3 && nbjets == 0 && nTightElectrons == 2 && nVetoElectrons == 2 && nLooseMuons == 0 && m_ll >= 60 && m_ll <= 120 && recoilPtMiss >= 250 && lepton1_charge == -lepton2_charge && Flag_goodVertices && Flag_globalSuperTightHalo2016Filter && Flag_HBHENoiseFilter && Flag_HBHENoiseIsoFilter && Flag_EcalDeadCellTriggerPrimitiveFilter && Flag_BadPFMuonFilter && Flag_ecalBadCalibFilterV2 && ((passEle32WPTightGsf2017) || (HLT_Ele115_CaloIdVT_GsfTrkIdT)) && PV_npvsGood > 0 && PV_ndof > 4 && abs(PV_z) < 24 && sqrt(pow(PV_x,2)+pow(PV_y,2)) < 2 && Flag_eeBadScFilter}
TFile::Append:0: RuntimeWarning: Replacing existing TH1: hist (Potential memory leak).
oading Pt300to470
    nevents in  QCD   Pt300to470 :  110887780
Loading process:  ZTo2L
    ----Loading 2LHEZpT50-150
    nevents in  ZTo2L   2LHEZpT50-150 :  20454601
    ----Loading 1LHEZpT250-400
    nevents in  ZTo2L   1LHEZpT250-400 :  6302049
    ----Loading 2LHEZpT250-400
    nevents in  ZTo2L   2LHEZpT250-400 :  20585656
    ----Loading 1LHEZpT150-250
    nevents in  ZTo2L   1LHEZpT150-250 :  11871687
    ----Loading 2LHEZpT400-inf
    nevents in  ZTo2L   2LHEZpT400-inf :  4520161
    ----Loading 1LHEZpT400-inf
    nevents in  ZTo2L   1LHEZpT400-inf :  1337440
    ----Loading 1LHEZpT50-150
    nevents in  ZTo2L   1LHEZpT50-150 :  14777924
    ----Loading 2LHEZpT150-250
    nevents in  ZTo2L   2LHEZpT150-250 :  8544359
Loading process:  singleTop
    ----Loading ST_s-channel
    nevents in  singleTop   ST_s-channel :  6167441
    ----Loading ST_t-channel_antitop
    nevents in  singleTop   ST_t-channel_antitop :  3675910
    ----Loading ST_t-channel_top
    nevents in  singleTop   ST_t-channel_top :  5982064
    ----Loading ST_tW_top
    nevents in  singleTop   ST_tW_top :  7734344
    ----Loading ST_tW_antitop
    nevents in  singleTop   ST_tW_antitop :  7916640
Loading process:  WZ
    ----Loading WZTo2Q2Nu
    nevents in  WZ   WZTo2Q2Nu :  18476383
    ----Loading WZTo3LNu
    nevents in  WZ   WZTo3LNu :  6887413
    ----Loading WZTo1L1Nu2Q
    nevents in  WZ   WZTo1L1Nu2Q :  11347099
    ----Loading WZTo1L3Nu
    nevents in  WZ   WZTo1L3Nu :  2717911
    ----Loading WZTo2L2Q
    nevents in  WZ   WZTo2L2Q :  16664610
Loading process:  WPlusJets
    ----Loading 2LHEWpT150-250
    nevents in  WPlusJets   2LHEWpT150-250 :  168404529
    ----Loading 2LHEWpT400-inf
    nevents in  WPlusJets   2LHEWpT400-inf :  36367844
    ----Loading 1LHEWpT250-400
    nevents in  WPlusJets   1LHEWpT250-400 :  41110415
    ----Loading 2LHEWpT100-150
    nevents in  WPlusJets   2LHEWpT100-150 :  33581046
    ----Loading 1LHEWpT100-150
    nevents in  WPlusJets   1LHEWpT100-150 :  73598264
    ----Loading 2LHEWpT250-400
    nevents in  WPlusJets   2LHEWpT250-400 :  82830129
    ----Loading 1LHEWpT400-inf
    nevents in  WPlusJets   1LHEWpT400-inf :  9564596
    ----Loading 1LHEWpT150-250
    nevents in  WPlusJets   1LHEWpT150-250 :  63460137
Got MC sample root files and event trees
Filling data histograms...
  Dataset =  SingleElectron  ||   nEvents =  201146
  Using cut =  njets >= 3 && nbjets == 0 && nTightElectrons == 2 && nVetoElectrons == 2 && nLooseMuons == 0 && m_ll >= 60 && m_ll <= 120 && recoilPtMiss >= 250 && lepton1_charge == -lepton2_charge && Flag_goodVertices && Flag_globalSuperTightHalo2016Filter && Flag_HBHENoiseFilter && Flag_HBHENoiseIsoFilter && Flag_EcalDeadCellTriggerPrimitiveFilter && Flag_BadPFMuonFilter && Flag_ecalBadCalibFilterV2 && ((passEle32WPTightGsf2017) || (HLT_Ele115_CaloIdVT_GsfTrkIdT)) && PV_npvsGood > 0 && PV_ndof > 4 && abs(PV_z) < 24 && sqrt(pow(PV_x,2)+pow(PV_y,2)) < 2 && Flag_eeBadScFilter
   Using cut =  njets >= 3 && nbjets == 0 && nTightElectrons == 2 && nVetoElectrons == 2 && nLooseMuons == 0 && m_ll >= 60 && m_ll <= 120 && recoilPtMiss >= 250 && lepton1_charge == -lepton2_charge && Flag_goodVertices && Flag_globalSuperTightHalo2016Filter && Flag_HBHENoiseFilter && Flag_HBHENoiseIsoFilter && Flag_EcalDeadCellTriggerPrimitiveFilter && Flag_BadPFMuonFilter && Flag_ecalBadCalibFilterV2 && ((passEle32WPTightGsf2017) || (HLT_Ele115_CaloIdVT_GsfTrkIdT)) && PV_npvsGood > 0 && PV_ndof > 4 && abs(PV_z) < 24 && sqrt(pow(PV_x,2)+pow(PV_y,2)) < 2 && Flag_eeBadScFilter
    hist nEntries =  0.0
    hist integral =  0.0
    hist_data nEntries =  0.0
    hist_data integral =  0.0
  Using cut =  njets >= 3 && nbjets == 0 && nTightElectrons == 2 && nVetoElectrons == 2 && nLooseMuons == 0 && m_ll >= 60 && m_ll <= 120 && recoilPtMiss >= 250 && lepton1_charge == -lepton2_charge && Flag_goodVertices && Flag_globalSuperTightHalo2016Filter && Flag_HBHENoiseFilter && Flag_HBHENoiseIsoFilter && Flag_EcalDeadCellTriggerPrimitiveFilter && Flag_BadPFMuonFilter && Flag_ecalBadCalibFilterV2 && ((passEle32WPTightGsf2017) Info in <TCanvas::MakeDefCanvas>:  created default TCanvas with name c1
TFile::Append:0: RuntimeWarning: Replacing existing TH1: hist (Potential memory leak).
TFile::Append:0: RuntimeWarning: Replacing existing TH1: hist (Potential memory leak).
TFile::Append:0: RuntimeWarning: Replacing existing TH1: hist (Potential memory leak).
TFile::Append:0: RuntimeWarning: Replacing existing TH1: hist (Potential memory leak).
Error in <TTreeFormula::Compile>:  Bad numerical expression : "HLT_Ele115_CaloIdVT_GsfTrkIdT"
Info in <TSelectorDraw::AbortProcess>: Variable compilation failed: {min(abs(TkMET_phi-METcorrected_phi),2*pi-abs(TkMET_phi-METcorrected_phi)),njets >= 3 && nbjets == 0 && nTightElectrons == 2 && nVetoElectrons == 2 && nLooseMuons == 0 && m_ll >= 60 && m_ll <= 120 && recoilPtMiss >= 250 && lepton1_charge == -lepton2_charge && Flag_goodVertices && Flag_globalSuperTightHalo2016Filter && Flag_HBHENoiseFilter && Flag_HBHENoiseIsoFilter && Flag_EcalDeadCellTriggerPrimitiveFilter && Flag_BadPFMuonFilter && Flag_ecalBadCalibFilterV2 && ((!passEle32WPTightGsf2017) && (!HLT_Ele115_CaloIdVT_GsfTrkIdT) && HLT_Photon200) && PV_npvsGood > 0 && PV_ndof > 4 && abs(PV_z) < 24 && sqrt(pow(PV_x,2)+pow(PV_y,2)) < 2 && Flag_eeBadScFilter}
TFile::Append:0: RuntimeWarning: Replacing existing TH1: hist (Potential memory leak).
TFile::Append:0: RuntimeWarning: Replacing existing TH1: hist (Potential memory leak).
|| (HLT_Ele115_CaloIdVT_GsfTrkIdT)) && PV_npvsGood > 0 && PV_ndof > 4 && abs(PV_z) < 24 && sqrt(pow(PV_x,2)+pow(PV_y,2)) < 2 && Flag_eeBadScFilter
    hist nEntries =  1120.0
    hist integral =  1120.0
    hist_data nEntries =  1120.0
    hist_data integral =  1120.0
  Using cut =  njets >= 3 && nbjets == 0 && nTightElectrons == 2 && nVetoElectrons == 2 && nLooseMuons == 0 && m_ll >= 60 && m_ll <= 120 && recoilPtMiss >= 250 && lepton1_charge == -lepton2_charge && Flag_goodVertices && Flag_globalSuperTightHalo2016Filter && Flag_HBHENoiseFilter && Flag_HBHENoiseIsoFilter && Flag_EcalDeadCellTriggerPrimitiveFilter && Flag_BadPFMuonFilter && Flag_ecalBadCalibFilterV2 && ((passEle32WPTightGsf2017) || (HLT_Ele115_CaloIdVT_GsfTrkIdT)) && PV_npvsGood > 0 && PV_ndof > 4 && abs(PV_z) < 24 && sqrt(pow(PV_x,2)+pow(PV_y,2)) < 2 && Flag_eeBadScFilter
    hist nEntries =  479.0
    hist integral =  479.0
    hist_data nEntries =  1599.0
    hist_data integral =  1599.0
  Using cut =  njets >= 3 && nbjets == 0 && nTightElectrons == 2 && nVetoElectrons == 2 && nLooseMuons == 0 && m_ll >= 60 && m_ll <= 120 && recoilPtMiss >= 250 && lepton1_charge == -lepton2_charge && Flag_goodVertices && Flag_globalSuperTightHalo2016Filter && Flag_HBHENoiseFilter && Flag_HBHENoiseIsoFilter && Flag_EcalDeadCellTriggerPrimitiveFilter && Flag_BadPFMuonFilter && Flag_ecalBadCalibFilterV2 && ((passEle32WPTightGsf2017) || (HLT_Ele115_CaloIdVT_GsfTrkIdT)) && PV_npvsGood > 0 && PV_ndof > 4 && abs(PV_z) < 24 && sqrt(pow(PV_x,2)+pow(PV_y,2)) < 2 && Flag_eeBadScFilter
    hist nEntries =  1022.0
    hist integral =  1022.0
    hist_data nEntries =  2621.0
    hist_data integral =  2621.0
  Using cut =  njets >= 3 && nbjets == 0 && nTightElectrons == 2 && nVetoElectrons == 2 && nLooseMuons == 0 && m_ll >= 60 && m_ll <= 120 && recoilPtMiss >= 250 && lepton1_charge == -lepton2_charge && Flag_goodVertices && Flag_globalSuperTightHalo2016Filter && Flag_HBHENoiseFilter && Flag_HBHENoiseIsoFilter && Flag_EcalDeadCellTriggerPrimitiveFilter && Flag_BadPFMuonFilter && Flag_ecalBadCalibFilterV2 && ((passEle32WPTightGsf2017) || (HLT_Ele115_CaloIdVT_GsfTrkIdT)) && PV_npvsGood > 0 && PV_ndof > 4 && abs(PV_z) < 24 && sqrt(pow(PV_x,2)+pow(PV_y,2)) < 2 && Flag_eeBadScFilter
    hist nEntries =  1321.0
    hist integral =  1321.0
    hist_data nEntries =  3942.0
    hist_data integral =  3942.0
  Dataset =  SinglePhoton  ||   nEvents =  289560
  Using cut =  njets >= 3 && nbjets == 0 && nTightElectrons == 2 && nVetoElectrons == 2 && nLooseMuons == 0 && m_ll >= 60 && m_ll <= 120 && recoilPtMiss >= 250 && lepton1_charge == -lepton2_charge && Flag_goodVertices && Flag_globalSuperTightHalo2016Filter && Flag_HBHENoiseFilter && Flag_HBHENoiseIsoFilter && Flag_EcalDeadCellTriggerPrimitiveFilter && Flag_BadPFMuonFilter && Flag_ecalBadCalibFilterV2 && ((!passEle32WPTightGsf2017) && (!HLT_Ele115_CaloIdVT_GsfTrkIdT) && HLT_Photon200) && PV_npvsGood > 0 && PV_ndof > 4 && abs(PV_z) < 24 && sqrt(pow(PV_x,2)+pow(PV_y,2)) < 2 && Flag_eeBadScFilter
    hist nEntries =  0.0
    hist integral =  0.0
    hist_data nEntries =  3942.0
    hist_data integral =  3942.0
  Using cut =  njets >= 3 && nbjets == 0 && nTightElectrons == 2 && nVetoElectrons == 2 && nLooseMuons == 0 && m_ll >= 60 && m_ll <= 120 && recoilPtMiss >= 250 && lepton1_charge == -lepton2_charge && Flag_goodVertices && Flag_globalSuperTightHalo2016Filter && Flag_HBHENoiseFilter && Flag_HBHENoiseIsoFilter && Flag_EcalDeadCellTriggerPrimitiveFilter && Flag_BadPFMuonFilter && Flag_ecalBadCalibFilterV2 && ((!passEle32WPTightGsf2017) && (!HLT_Ele115_CaloIdVT_GsfTrkIdT) && HLT_Photon200) && PV_npvsGood > 0 && PV_ndof > 4 && abs(PV_z) < 24 && sqrt(pow(PV_x,2)+pow(PV_y,2)) < 2 && Flag_eeBadScFilter
    hist nEntries =  6.0
    hist integral =  6.0
    hist_data nEntries =  3948.0
    hist_data integral =  3948.0
  Using cut =  njets >= 3 && nbjets == 0 && nTightElectrons == 2 && nVetoElectrons == 2 && nLooseMuons == 0 && m_ll >= 60 && m_ll <= 120 && recoilPtMiss >= 250 && lepton1_charge == -lepton2_charge && Flag_goodVertices && Flag_globalSuperTTFile::Append:0: RuntimeWarning: Replacing existing TH1: hist (Potential memory leak).
TFile::Append:0: RuntimeWarning: Replacing existing TH1: hist (Potential memory leak).
TFile::Append:0: RuntimeWarning: Replacing existing TH1: hist (Potential memory leak).
TFile::Append:0: RuntimeWarning: Replacing existing TH1: hist (Potential memory leak).
TFile::Append:0: RuntimeWarning: Replacing existing TH1: hist (Potential memory leak).
TFile::Append:0: RuntimeWarning: Replacing existing TH1: hist (Potential memory leak).
ightHalo2016Filter && Flag_HBHENoiseFilter && Flag_HBHENoiseIsoFilter && Flag_EcalDeadCellTriggerPrimitiveFilter && Flag_BadPFMuonFilter && Flag_ecalBadCalibFilterV2 && ((!passEle32WPTightGsf2017) && (!HLT_Ele115_CaloIdVT_GsfTrkIdT) && HLT_Photon200) && PV_npvsGood > 0 && PV_ndof > 4 && abs(PV_z) < 24 && sqrt(pow(PV_x,2)+pow(PV_y,2)) < 2 && Flag_eeBadScFilter
    hist nEntries =  0.0
    hist integral =  0.0
    hist_data nEntries =  3948.0
    hist_data integral =  3948.0
  Using cut =  njets >= 3 && nbjets == 0 && nTightElectrons == 2 && nVetoElectrons == 2 && nLooseMuons == 0 && m_ll >= 60 && m_ll <= 120 && recoilPtMiss >= 250 && lepton1_charge == -lepton2_charge && Flag_goodVertices && Flag_globalSuperTightHalo2016Filter && Flag_HBHENoiseFilter && Flag_HBHENoiseIsoFilter && Flag_EcalDeadCellTriggerPrimitiveFilter && Flag_BadPFMuonFilter && Flag_ecalBadCalibFilterV2 && ((!passEle32WPTightGsf2017) && (!HLT_Ele115_CaloIdVT_GsfTrkIdT) && HLT_Photon200) && PV_npvsGood > 0 && PV_ndof > 4 && abs(PV_z) < 24 && sqrt(pow(PV_x,2)+pow(PV_y,2)) < 2 && Flag_eeBadScFilter
    hist nEntries =  0.0
    hist integral =  0.0
    hist_data nEntries =  3948.0
    hist_data integral =  3948.0
  Using cut =  njets >= 3 && nbjets == 0 && nTightElectrons == 2 && nVetoElectrons == 2 && nLooseMuons == 0 && m_ll >= 60 && m_ll <= 120 && recoilPtMiss >= 250 && lepton1_charge == -lepton2_charge && Flag_goodVertices && Flag_globalSuperTightHalo2016Filter && Flag_HBHENoiseFilter && Flag_HBHENoiseIsoFilter && Flag_EcalDeadCellTriggerPrimitiveFilter && Flag_BadPFMuonFilter && Flag_ecalBadCalibFilterV2 && ((!passEle32WPTightGsf2017) && (!HLT_Ele115_CaloIdVT_GsfTrkIdT) && HLT_Photon200) && PV_npvsGood > 0 && PV_ndof > 4 && abs(PV_z) < 24 && sqrt(pow(PV_x,2)+pow(PV_y,2)) < 2 && Flag_eeBadScFilter
    hist nEntries =  1.0
    hist integral =  1.0
    hist_data nEntries =  3949.0
    hist_data integral =  3949.0
  Dataset =  SingleMuon  ||   nEvents =  400697
  Using cut =  njets >= 3 && nbjets == 0 && nVetoElectrons == 0 && nTightMuons == 2 && nLooseMuons == 2 && m_ll >= 60 && m_ll <= 120 && recoilPtMiss >= 250 && lepton1_charge == -lepton2_charge && Flag_goodVertices && Flag_globalSuperTightHalo2016Filter && Flag_HBHENoiseFilter && Flag_HBHENoiseIsoFilter && Flag_EcalDeadCellTriggerPrimitiveFilter && Flag_BadPFMuonFilter && Flag_ecalBadCalibFilterV2 && (HLT_IsoMu27) && PV_npvsGood > 0 && PV_ndof > 4 && abs(PV_z) < 24 && sqrt(pow(PV_x,2)+pow(PV_y,2)) < 2 && Flag_eeBadScFilter
    hist nEntries =  946.0
    hist integral =  946.0
    hist_data nEntries =  4895.0
    hist_data integral =  4895.0
  Using cut =  njets >= 3 && nbjets == 0 && nVetoElectrons == 0 && nTightMuons == 2 && nLooseMuons == 2 && m_ll >= 60 && m_ll <= 120 && recoilPtMiss >= 250 && lepton1_charge == -lepton2_charge && Flag_goodVertices && Flag_globalSuperTightHalo2016Filter && Flag_HBHENoiseFilter && Flag_HBHENoiseIsoFilter && Flag_EcalDeadCellTriggerPrimitiveFilter && Flag_BadPFMuonFilter && Flag_ecalBadCalibFilterV2 && (HLT_IsoMu27) && PV_npvsGood > 0 && PV_ndof > 4 && abs(PV_z) < 24 && sqrt(pow(PV_x,2)+pow(PV_y,2)) < 2 && Flag_eeBadScFilter
    hist nEntries =  1823.0
    hist integral =  1823.0
    hist_data nEntries =  6718.0
    hist_data integral =  6718.0
  Using cut =  njets >= 3 && nbjets == 0 && nVetoElectrons == 0 && nTightMuons == 2 && nLooseMuons == 2 && m_ll >= 60 && m_ll <= 120 && recoilPtMiss >= 250 && lepton1_charge == -lepton2_charge && Flag_goodVertices && Flag_globalSuperTightHalo2016Filter && Flag_HBHENoiseFilter && Flag_HBHENoiseIsoFilter && Flag_EcalDeadCellTriggerPrimitiveFilter && Flag_BadPFMuonFilter && Flag_ecalBadCalibFilterV2 && (HLT_IsoMu27) && PV_npvsGood > 0 && PV_ndof > 4 && abs(PV_z) < 24 && sqrt(pow(PV_x,2)+pow(PV_y,2)) < 2 && Flag_eeBadScFilter
    hist nEntries =  830.0
    hist integral =  830.0
    hist_data nEntries =  7548.0
    hist_data integral =  7548.0
  Using cut =  njets >= 3 && nbjets == 0 && nVetoElectrons == 0 && nTightMuons == 2 && nLooseMuons == 2 && m_ll >= 60 && m_ll <= 120 && recoilPtMiss >= 250 && lepton1_charge == -lepton2_chargeTFile::Append:0: RuntimeWarning: Replacing existing TH1: hist (Potential memory leak).
TFile::Append:0: RuntimeWarning: Replacing existing TH1: hist (Potential memory leak).
TFile::Append:0: RuntimeWarning: Replacing existing TH1: hist (Potential memory leak).
TFile::Append:0: RuntimeWarning: Replacing existing TH1: hist (Potential memory leak).
TFile::Append:0: RuntimeWarning: Replacing existing TH1: hist (Potential memory leak).
TFile::Append:0: RuntimeWarning: Replacing existing TH1: hist (Potential memory leak).
TFile::Append:0: RuntimeWarning: Replacing existing TH1: hist (Potential memory leak).
TFile::Append:0: RuntimeWarning: Replacing existing TH1: hist (Potential memory leak).
TFile::Append:0: RuntimeWarning: Replacing existing TH1: hist (Potential memory leak).
TFile::Append:0: RuntimeWarning: Replacing existing TH1: hist (Potential memory leak).
TFile::Append:0: RuntimeWarning: Replacing existing TH1: hist (Potential memory leak).
 && Flag_goodVertices && Flag_globalSuperTightHalo2016Filter && Flag_HBHENoiseFilter && Flag_HBHENoiseIsoFilter && Flag_EcalDeadCellTriggerPrimitiveFilter && Flag_BadPFMuonFilter && Flag_ecalBadCalibFilterV2 && (HLT_IsoMu27) && PV_npvsGood > 0 && PV_ndof > 4 && abs(PV_z) < 24 && sqrt(pow(PV_x,2)+pow(PV_y,2)) < 2 && Flag_eeBadScFilter
    hist nEntries =  1772.0
    hist integral =  1772.0
    hist_data nEntries =  9320.0
    hist_data integral =  9320.0
  Using cut =  njets >= 3 && nbjets == 0 && nVetoElectrons == 0 && nTightMuons == 2 && nLooseMuons == 2 && m_ll >= 60 && m_ll <= 120 && recoilPtMiss >= 250 && lepton1_charge == -lepton2_charge && Flag_goodVertices && Flag_globalSuperTightHalo2016Filter && Flag_HBHENoiseFilter && Flag_HBHENoiseIsoFilter && Flag_EcalDeadCellTriggerPrimitiveFilter && Flag_BadPFMuonFilter && Flag_ecalBadCalibFilterV2 && (HLT_IsoMu27) && PV_npvsGood > 0 && PV_ndof > 4 && abs(PV_z) < 24 && sqrt(pow(PV_x,2)+pow(PV_y,2)) < 2 && Flag_eeBadScFilter
    hist nEntries =  2533.0
    hist integral =  2533.0
    hist_data nEntries =  11853.0
    hist_data integral =  11853.0
Filling MC histograms...
  Process =  ZTo2Nu
      Dataset =  2LHEZpT50-150  ||   nEvents =  5940577
Applied ZTo2Nu ewk Weights correctly
          hist weight =  2.28113178232*leptonWeight*bjetWeight*puWeight*muonTriggerWeight*EE_L1_prefire_Weight*electronTriggerWeight*genWeightSign*ewkZWeight
          hist nEntries =  0.0
          hist integral =  0.0
      Dataset =  1LHEZpT250-400  ||   nEvents =  12090580
Applied ZTo2Nu ewk Weights correctly
          hist weight =  0.00704499122457*leptonWeight*bjetWeight*puWeight*muonTriggerWeight*EE_L1_prefire_Weight*electronTriggerWeight*genWeightSign*ewkZWeight
          hist nEntries =  0.0
          hist integral =  0.0
      Dataset =  2LHEZpT250-400  ||   nEvents =  28996251
Applied ZTo2Nu ewk Weights correctly
          hist weight =  0.00741048282414*leptonWeight*bjetWeight*puWeight*muonTriggerWeight*EE_L1_prefire_Weight*electronTriggerWeight*genWeightSign*ewkZWeight
          hist nEntries =  0.0
          hist integral =  0.0
      Dataset =  1LHEZpT150-250  ||   nEvents =  25299535
Applied ZTo2Nu ewk Weights correctly
          hist weight =  0.0296132399271*leptonWeight*bjetWeight*puWeight*muonTriggerWeight*EE_L1_prefire_Weight*electronTriggerWeight*genWeightSign*ewkZWeight
          hist nEntries =  0.0
          hist integral =  0.0
      Dataset =  2LHEZpT400-inf  ||   nEvents =  8846983
Applied ZTo2Nu ewk Weights correctly
          hist weight =  0.00397697339308*leptonWeight*bjetWeight*puWeight*muonTriggerWeight*EE_L1_prefire_Weight*electronTriggerWeight*genWeightSign*ewkZWeight
          hist nEntries =  0.0
          hist integral =  0.0
      Dataset =  1LHEZpT400-inf  ||   nEvents =  1626479
Applied ZTo2Nu ewk Weights correctly
          hist weight =  0.0057476321551*leptonWeight*bjetWeight*puWeight*muonTriggerWeight*EE_L1_prefire_Weight*electronTriggerWeight*genWeightSign*ewkZWeight
          hist nEntries =  0.0
          hist integral =  0.0
      Dataset =  1LHEZpT50-150  ||   nEvents =  5704336
Applied ZTo2Nu ewk Weights correctly
          hist weight =  4.36024753801*leptonWeight*bjetWeight*puWeight*muonTriggerWeight*EE_L1_prefire_Weight*electronTriggerWeight*genWeightSign*ewkZWeight
          hist nEntries =  0.0
          hist integral =  0.0
      Dataset =  2LHEZpT150-250  ||   nEvents =  41996008
Applied ZTo2Nu ewk Weights correctly
          hist weight =  0.0292715440953*leptonWeight*bjetWeight*puWeight*muonTriggerWeight*EE_L1_prefire_Weight*electronTriggerWeight*genWeightSign*ewkZWeight
          hist nEntries =  0.0
          hist integral =  0.0
  Process =  tbar scalar
      Dataset =  tChan_MChi1_MPhi100_scalar  ||   nEvents =  75000
          hist weight =  0.157703253333*leptonWeight*bjetWeight*puWeight*muonTriggerWeight*EE_L1_prefire_Weight*electronTriggerWeight*genWeightSign
          hist nEntries =  0.0
          hist integral =  0.0
      Dataset =  tWChan_MChi1_MPhi100_scalar  ||   nEvents =  54000
          hist weight =  0.0422529296296*lTFile::Append:0: RuntimeWarning: Replacing existing TH1: hist (Potential memory leak).
TFile::Append:0: RuntimeWarning: Replacing existing TH1: hist (Potential memory leak).
TFile::Append:0: RuntimeWarning: Replacing existing TH1: hist (Potential memory leak).
TFile::Append:0: RuntimeWarning: Replacing existing TH1: hist (Potential memory leak).
TFile::Append:0: RuntimeWarning: Replacing existing TH1: hist (Potential memory leak).
TFile::Append:0: RuntimeWarning: Replacing existing TH1: hist (Potential memory leak).
TFile::Append:0: RuntimeWarning: Replacing existing TH1: hist (Potential memory leak).
TFile::Append:0: RuntimeWarning: Replacing existing TH1: hist (Potential memory leak).
TFile::Append:0: RuntimeWarning: Replacing existing TH1: hist (Potential memory leak).
TFile::Append:0: RuntimeWarning: Replacing existing TH1: hist (Potential memory leak).
TFile::Append:0: RuntimeWarning: Replacing existing TH1: hist (Potential memory leak).
TFile::Append:0: RuntimeWarning: Replacing existing TH1: hist (Potential memory leak).
TFile::Append:0: RuntimeWarning: Replacing existing TH1: hist (Potential memory leak).
TFile::Append:0: RuntimeWarning: Replacing existing TH1: hist (Potential memory leak).
eptonWeight*bjetWeight*puWeight*muonTriggerWeight*EE_L1_prefire_Weight*electronTriggerWeight*genWeightSign
          hist nEntries =  1.0
          hist integral =  0.0196451414376
  Process =  TTV
      Dataset =  TTZToQQ  ||   nEvents =  4602104
          hist weight =  0.00460591764115*leptonWeight*bjetWeight*puWeight*muonTriggerWeight*EE_L1_prefire_Weight*electronTriggerWeight*genWeightSign
          hist nEntries =  206.0
          hist integral =  0.332148260903
      Dataset =  TTWJetsToLNu  ||   nEvents =  5394782
          hist weight =  0.00165433876661*leptonWeight*bjetWeight*puWeight*muonTriggerWeight*EE_L1_prefire_Weight*electronTriggerWeight*genWeightSign
          hist nEntries =  813.0
          hist integral =  0.684064027271
      Dataset =  TTWJetsToQQ  ||   nEvents =  441560
          hist weight =  0.0405932330827*leptonWeight*bjetWeight*puWeight*muonTriggerWeight*EE_L1_prefire_Weight*electronTriggerWeight*genWeightSign
          hist nEntries =  22.0
          hist integral =  0.3458274398
      Dataset =  TTZToLLNuNu  ||   nEvents =  7316018
          hist weight =  0.0013805455372*leptonWeight*bjetWeight*puWeight*muonTriggerWeight*EE_L1_prefire_Weight*electronTriggerWeight*genWeightSign
          hist nEntries =  23037.0
          hist integral =  13.250764519
  Process =  WW
      Dataset =  WWTo1L1Nu2Q  ||   nEvents =  3169582
          hist weight =  1.05790990736*leptonWeight*bjetWeight*puWeight*muonTriggerWeight*EE_L1_prefire_Weight*electronTriggerWeight*genWeightSign
          hist nEntries =  120.0
          hist integral =  55.8268036395
      Dataset =  WWTo4Q  ||   nEvents =  1992402
          hist weight =  0.994893048692*leptonWeight*bjetWeight*puWeight*muonTriggerWeight*EE_L1_prefire_Weight*electronTriggerWeight*genWeightSign
          hist nEntries =  0.0
          hist integral =  0.0
      Dataset =  WWTo2L2Nu  ||   nEvents =  1992522
          hist weight =  0.230939683477*leptonWeight*bjetWeight*puWeight*muonTriggerWeight*EE_L1_prefire_Weight*electronTriggerWeight*genWeightSign
          hist nEntries =  137.0
          hist integral =  27.9157852829
  Process =  ttbarPlusJets
      Dataset =  TTToSemiLepton  ||   nEvents =  239169221
          hist weight =  0.0632667340586*leptonWeight*bjetWeight*puWeight*muonTriggerWeight*EE_L1_prefire_Weight*electronTriggerWeight*genWeightSign
          hist nEntries =  274.0
          hist integral =  15.0929294825
      Dataset =  TTTo2L2Nu  ||   nEvents =  8926992
          hist weight =  0.406182093588*leptonWeight*bjetWeight*puWeight*muonTriggerWeight*EE_L1_prefire_Weight*electronTriggerWeight*genWeightSign
          hist nEntries =  447.0
          hist integral =  178.30569768
  Process =  ttbar scalar
      Dataset =  ttDM_MChi1_MPhi100_scalar  ||   nEvents =  1540506
          hist weight =  0.0194822253857*leptonWeight*bjetWeight*puWeight*muonTriggerWeight*EE_L1_prefire_Weight*electronTriggerWeight*genWeightSign*GenModel__TTbarDMJets_Inclusive_scalar_LO_Mchi_1_Mphi_100_TuneCP5_13TeV_madgraph_mcatnlo_pythia8
          hist nEntries =  24.0
          hist integral =  0.450558109675
  Process =  ZZ
      Dataset =  ZZTo2Q2Nu  ||   nEvents =  39202099
          hist weight =  0.00483501967586*leptonWeight*bjetWeight*puWeight*muonTriggerWeight*EE_L1_prefire_Weight*electronTriggerWeight*genWeightSign
          hist nEntries =  0.0
          hist integral =  0.0
      Dataset =  ZZTo4L  ||   nEvents =  6893887
          hist weight =  0.00798203538874*leptonWeight*bjetWeight*puWeight*muonTriggerWeight*EE_L1_prefire_Weight*electronTriggerWeight*genWeightSign
          hist nEntries =  362.0
          hist integral =  2.43138667196
      Dataset =  ZZTo2L2Q  ||   nEvents =  17513566
          hist weight =  0.0087453714452*leptonWeight*bjetWeight*puWeight*muonTriggerWeight*EE_L1_prefire_Weight*electronTriggerWeight*genWeightSign
          hist nEntries =  32882.0
          hist integral =  107.990900517
      Dataset =  ZZTo2L2Nu  ||   nEvents =  8733658
          hist weight =  0.00268381610546*leptonWeight*bjetWeight*puWeight*muonTriggerWeTFile::Append:0: RuntimeWarning: Replacing existing TH1: hist (Potential memory leak).
TFile::Append:0: RuntimeWarning: Replacing existing TH1: hist (Potential memory leak).
TFile::Append:0: RuntimeWarning: Replacing existing TH1: hist (Potential memory leak).
TFile::Append:0: RuntimeWarning: Replacing existing TH1: hist (Potential memory leak).
TFile::Append:0: RuntimeWarning: Replacing existing TH1: hist (Potential memory leak).
TFile::Append:0: RuntimeWarning: Replacing existing TH1: hist (Potential memory leak).
TFile::Append:0: RuntimeWarning: Replacing existing TH1: hist (Potential memory leak).
TFile::Append:0: RuntimeWarning: Replacing existing TH1: hist (Potential memory leak).
TFile::Append:0: RuntimeWarning: Replacing existing TH1: hist (Potential memory leak).
TFile::Append:0: RuntimeWarning: Replacing existing TH1: hist (Potential memory leak).
TFile::Append:0: RuntimeWarning: Replacing existing TH1: hist (Potential memory leak).
TFile::Append:0: RuntimeWarning: Replacing existing TH1: hist (Potential memory leak).
TFile::Append:0: RuntimeWarning: Replacing existing TH1: hist (Potential memory leak).
TFile::Append:0: RuntimeWarning: Replacing existing TH1: hist (Potential memory leak).
TFile::Append:0: RuntimeWarning: Replacing existing TH1: hist (Potential memory leak).
ight*EE_L1_prefire_Weight*electronTriggerWeight*genWeightSign
          hist nEntries =  3137.0
          hist integral =  7.34155725688
  Process =  QCD
      Dataset =  Pt170to300  ||   nEvents =  56298920
          hist weight =  76.3488002967*leptonWeight*bjetWeight*puWeight*muonTriggerWeight*EE_L1_prefire_Weight*electronTriggerWeight*genWeightSign
          hist nEntries =  0.0
          hist integral =  0.0
      Dataset =  Pt15to30  ||   nEvents =  19169000
          hist weight =  2699482.49778*leptonWeight*bjetWeight*puWeight*muonTriggerWeight*EE_L1_prefire_Weight*electronTriggerWeight*genWeightSign
          hist nEntries =  0.0
          hist integral =  0.0
      Dataset =  Pt800to1000  ||   nEvents =  77660008
          hist weight =  0.0140536735458*leptonWeight*bjetWeight*puWeight*muonTriggerWeight*EE_L1_prefire_Weight*electronTriggerWeight*genWeightSign
          hist nEntries =  0.0
          hist integral =  0.0
      Dataset =  Pt600to800  ||   nEvents =  128548964
          hist weight =  0.0505600729695*leptonWeight*bjetWeight*puWeight*muonTriggerWeight*EE_L1_prefire_Weight*electronTriggerWeight*genWeightSign
          hist nEntries =  0.0
          hist integral =  0.0
      Dataset =  Pt120to170  ||   nEvents =  29854280
          hist weight =  566.591088447*leptonWeight*bjetWeight*puWeight*muonTriggerWeight*EE_L1_prefire_Weight*electronTriggerWeight*genWeightSign*(event!=3468768)
          hist nEntries =  0.0
          hist integral =  0.0
      Dataset =  Pt1000to1400  ||   nEvents =  35706078
          hist weight =  0.00868841153599*leptonWeight*bjetWeight*puWeight*muonTriggerWeight*EE_L1_prefire_Weight*electronTriggerWeight*genWeightSign
          hist nEntries =  0.0
          hist integral =  0.0
      Dataset =  Pt1400to1800  ||   nEvents =  11353270
          hist weight =  0.00237183225626*leptonWeight*bjetWeight*puWeight*muonTriggerWeight*EE_L1_prefire_Weight*electronTriggerWeight*genWeightSign
          hist nEntries =  0.0
          hist integral =  0.0
      Dataset =  Pt50to80  ||   nEvents =  38179535
          hist weight =  17088.6392409*leptonWeight*bjetWeight*puWeight*muonTriggerWeight*EE_L1_prefire_Weight*electronTriggerWeight*genWeightSign
          hist nEntries =  0.0
          hist integral =  0.0
      Dataset =  Pt1800to2400  ||   nEvents =  2923941
          hist weight =  0.00124180614452*leptonWeight*bjetWeight*puWeight*muonTriggerWeight*EE_L1_prefire_Weight*electronTriggerWeight*genWeightSign
          hist nEntries =  0.0
          hist integral =  0.0
      Dataset =  Pt3200toInf  ||   nEvents =  757837
          hist weight =  7.43645533274e-06*leptonWeight*bjetWeight*puWeight*muonTriggerWeight*EE_L1_prefire_Weight*electronTriggerWeight*genWeightSign
          hist nEntries =  0.0
          hist integral =  0.0
      Dataset =  Pt2400to3200  ||   nEvents =  1910526
          hist weight =  0.00011381738851*leptonWeight*bjetWeight*puWeight*muonTriggerWeight*EE_L1_prefire_Weight*electronTriggerWeight*genWeightSign
          hist nEntries =  0.0
          hist integral =  0.0
      Dataset =  Pt80to120  ||   nEvents =  56387936
          hist weight =  1720.47581241*leptonWeight*bjetWeight*puWeight*muonTriggerWeight*EE_L1_prefire_Weight*electronTriggerWeight*genWeightSign
          hist nEntries =  0.0
          hist integral =  0.0
      Dataset =  Pt30to50  ||   nEvents =  35500760
          hist weight =  125055.266422*leptonWeight*bjetWeight*puWeight*muonTriggerWeight*EE_L1_prefire_Weight*electronTriggerWeight*genWeightSign
          hist nEntries =  0.0
          hist integral =  0.0
      Dataset =  Pt470to600  ||   nEvents =  55331892
          hist weight =  0.414385125309*leptonWeight*bjetWeight*puWeight*muonTriggerWeight*EE_L1_prefire_Weight*electronTriggerWeight*genWeightSign
          hist nEntries =  0.0
          hist integral =  0.0
      Dataset =  Pt300to470  ||   nEvents =  110887780
          hist weight =  2.55799060997*leptonWeight*bjetWeight*puWeight*muonTriggerWeight*EE_L1_prefire_Weight*electronTriggerWeight*genWeightSign
          hist nEntrTFile::Append:0: RuntimeWarning: Replacing existing TH1: hist (Potential memory leak).
TFile::Append:0: RuntimeWarning: Replacing existing TH1: hist (Potential memory leak).
TFile::Append:0: RuntimeWarning: Replacing existing TH1: hist (Potential memory leak).
TFile::Append:0: RuntimeWarning: Replacing existing TH1: hist (Potential memory leak).
TFile::Append:0: RuntimeWarning: Replacing existing TH1: hist (Potential memory leak).
TFile::Append:0: RuntimeWarning: Replacing existing TH1: hist (Potential memory leak).
TFile::Append:0: RuntimeWarning: Replacing existing TH1: hist (Potential memory leak).
TFile::Append:0: RuntimeWarning: Replacing existing TH1: hist (Potential memory leak).
TFile::Append:0: RuntimeWarning: Replacing existing TH1: hist (Potential memory leak).
TFile::Append:0: RuntimeWarning: Replacing existing TH1: hist (Potential memory leak).
TFile::Append:0: RuntimeWarning: Replacing existing TH1: hist (Potential memory leak).
TFile::Append:0: RuntimeWarning: Replacing existing TH1: hist (Potential memory leak).
TFile::Append:0: RuntimeWarning: Replacing existing TH1: hist (Potential memory leak).
ies =  0.0
          hist integral =  0.0
  Process =  ZTo2L
      Dataset =  2LHEZpT50-150  ||   nEvents =  20454601
Applied ZTo2L ewk Weights correctly
          hist weight =  0.343129157103*leptonWeight*bjetWeight*puWeight*muonTriggerWeight*EE_L1_prefire_Weight*electronTriggerWeight*genWeightSign*ewkZWeight
          hist nEntries =  575.0
          hist integral =  51.5100281239
      Dataset =  1LHEZpT250-400  ||   nEvents =  6302049
Applied ZTo2L ewk Weights correctly
          hist weight =  0.00722914245827*leptonWeight*bjetWeight*puWeight*muonTriggerWeight*EE_L1_prefire_Weight*electronTriggerWeight*genWeightSign*ewkZWeight
          hist nEntries =  7410.0
          hist integral =  24.1499301195
      Dataset =  2LHEZpT250-400  ||   nEvents =  20585656
Applied ZTo2L ewk Weights correctly
          hist weight =  0.00552774222983*leptonWeight*bjetWeight*puWeight*muonTriggerWeight*EE_L1_prefire_Weight*electronTriggerWeight*genWeightSign*ewkZWeight
          hist nEntries =  3326931.0
          hist integral =  5808.17294312
      Dataset =  1LHEZpT150-250  ||   nEvents =  11871687
Applied ZTo2L ewk Weights correctly
          hist weight =  0.033233271733*leptonWeight*bjetWeight*puWeight*muonTriggerWeight*EE_L1_prefire_Weight*electronTriggerWeight*genWeightSign*ewkZWeight
          hist nEntries =  1217.0
          hist integral =  16.598062396
      Dataset =  2LHEZpT400-inf  ||   nEvents =  4520161
Applied ZTo2L ewk Weights correctly
          hist weight =  0.00412712644527*leptonWeight*bjetWeight*puWeight*muonTriggerWeight*EE_L1_prefire_Weight*electronTriggerWeight*genWeightSign*ewkZWeight
          hist nEntries =  1248701.0
          hist integral =  1667.02565002
      Dataset =  1LHEZpT400-inf  ||   nEvents =  1337440
Applied ZTo2L ewk Weights correctly
          hist weight =  0.00374795953463*leptonWeight*bjetWeight*puWeight*muonTriggerWeight*EE_L1_prefire_Weight*electronTriggerWeight*genWeightSign*ewkZWeight
          hist nEntries =  2345.0
          hist integral =  3.88969260454
      Dataset =  1LHEZpT50-150  ||   nEvents =  14777924
Applied ZTo2L ewk Weights correctly
          hist weight =  0.88551700496*leptonWeight*bjetWeight*puWeight*muonTriggerWeight*EE_L1_prefire_Weight*electronTriggerWeight*genWeightSign*ewkZWeight
          hist nEntries =  9.0
          hist integral =  0.650428432273
      Dataset =  2LHEZpT150-250  ||   nEvents =  8544359
Applied ZTo2L ewk Weights correctly
          hist weight =  0.0764559284084*leptonWeight*bjetWeight*puWeight*muonTriggerWeight*EE_L1_prefire_Weight*electronTriggerWeight*genWeightSign*ewkZWeight
          hist nEntries =  90721.0
          hist integral =  2182.19556236
  Process =  singleTop
      Dataset =  ST_s-channel  ||   nEvents =  6167441
          hist weight =  0.0251842214624*leptonWeight*bjetWeight*puWeight*muonTriggerWeight*EE_L1_prefire_Weight*electronTriggerWeight*genWeightSign
          hist nEntries =  1.0
          hist integral =  0.0302645284683
      Dataset =  ST_t-channel_antitop  ||   nEvents =  3675910
          hist weight =  0.767239214235*leptonWeight*bjetWeight*puWeight*muonTriggerWeight*EE_L1_prefire_Weight*electronTriggerWeight*genWeightSign
          hist nEntries =  1.0
          hist integral =  0.560525476933
      Dataset =  ST_t-channel_top  ||   nEvents =  5982064
          hist weight =  0.786576171703*leptonWeight*bjetWeight*puWeight*muonTriggerWeight*EE_L1_prefire_Weight*electronTriggerWeight*genWeightSign
          hist nEntries =  0.0
          hist integral =  0.0
      Dataset =  ST_tW_top  ||   nEvents =  7734344
          hist weight =  0.187451230512*leptonWeight*bjetWeight*puWeight*muonTriggerWeight*EE_L1_prefire_Weight*electronTriggerWeight*genWeightSign
          hist nEntries =  48.0
          hist integral =  10.4631847963
      Dataset =  ST_tW_antitop  ||   nEvents =  7916640
          hist weight =  0.183449556883*leptonWeight*bjetWeight*puWeight*muonTriggerWeight*EE_L1_prefire_Weight*electronTriggerWeight*genWeightSign
          hist nEntries =  39.0
          hist integral =  7.3689997606
  PTFile::Append:0: RuntimeWarning: Replacing existing TH1: hist (Potential memory leak).
TFile::Append:0: RuntimeWarning: Replacing existing TH1: hist (Potential memory leak).
TFile::Append:0: RuntimeWarning: Replacing existing TH1: hist (Potential memory leak).
TFile::Append:0: RuntimeWarning: Replacing existing TH1: hist (Potential memory leak).
TFile::Append:0: RuntimeWarning: Replacing existing TH1: hist (Potential memory leak).
TFile::Append:0: RuntimeWarning: Replacing existing TH1: hist (Potential memory leak).
TFile::Append:0: RuntimeWarning: Replacing existing TH1: hist (Potential memory leak).
TFile::Append:0: RuntimeWarning: Replacing existing TH1: hist (Potential memory leak).
TFile::Append:0: RuntimeWarning: Replacing existing TH1: hist (Potential memory leak).
TFile::Append:0: RuntimeWarning: Replacing existing TH1: hist (Potential memory leak).
TFile::Append:0: RuntimeWarning: Replacing existing TH1: hist (Potential memory leak).
TFile::Append:0: RuntimeWarning: Replacing existing TH1: hist (Potential memory leak).
TFile::Append:0: RuntimeWarning: Replacing existing TH1: hist (Potential memory leak).
rocess =  WZ
      Dataset =  WZTo2Q2Nu  ||   nEvents =  18476383
          hist weight =  0.0154149619003*leptonWeight*bjetWeight*puWeight*muonTriggerWeight*EE_L1_prefire_Weight*electronTriggerWeight*genWeightSign
          hist nEntries =  0.0
          hist integral =  0.0
      Dataset =  WZTo3LNu  ||   nEvents =  6887413
          hist weight =  0.0304627528507*leptonWeight*bjetWeight*puWeight*muonTriggerWeight*EE_L1_prefire_Weight*electronTriggerWeight*genWeightSign
          hist nEntries =  3463.0
          hist integral =  48.3123309612
      Dataset =  WZTo1L1Nu2Q  ||   nEvents =  11347099
          hist weight =  0.0426752071168*leptonWeight*bjetWeight*puWeight*muonTriggerWeight*EE_L1_prefire_Weight*electronTriggerWeight*genWeightSign
          hist nEntries =  3.0
          hist integral =  0.0257250126451
      Dataset =  WZTo1L3Nu  ||   nEvents =  2717911
          hist weight =  0.0510661533803*leptonWeight*bjetWeight*puWeight*muonTriggerWeight*EE_L1_prefire_Weight*electronTriggerWeight*genWeightSign
          hist nEntries =  1.0
          hist integral =  0.0290174093097
      Dataset =  WZTo2L2Q  ||   nEvents =  16664610
          hist weight =  0.0157775327475*leptonWeight*bjetWeight*puWeight*muonTriggerWeight*EE_L1_prefire_Weight*electronTriggerWeight*genWeightSign
          hist nEntries =  55433.0
          hist integral =  373.847223282
  Process =  WPlusJets
      Dataset =  2LHEWpT150-250  ||   nEvents =  168404529
Applied WPlusJets ewk Weights correctly
          hist weight =  0.0267792245659*leptonWeight*bjetWeight*puWeight*muonTriggerWeight*EE_L1_prefire_Weight*electronTriggerWeight*genWeightSign*ewkWWeight
          hist nEntries =  46.0
          hist integral =  0.539421099238
      Dataset =  2LHEWpT400-inf  ||   nEvents =  36367844
Applied WPlusJets ewk Weights correctly
          hist weight =  0.00342582859737*leptonWeight*bjetWeight*puWeight*muonTriggerWeight*EE_L1_prefire_Weight*electronTriggerWeight*genWeightSign*ewkWWeight
          hist nEntries =  272.0
          hist integral =  0.281905486947
      Dataset =  1LHEWpT250-400  ||   nEvents =  41110415
Applied WPlusJets ewk Weights correctly
          hist weight =  0.00814226273318*leptonWeight*bjetWeight*puWeight*muonTriggerWeight*EE_L1_prefire_Weight*electronTriggerWeight*genWeightSign*ewkWWeight
          hist nEntries =  0.0
          hist integral =  0.0
      Dataset =  2LHEWpT100-150  ||   nEvents =  33581046
Applied WPlusJets ewk Weights correctly
          hist weight =  0.348294508158*leptonWeight*bjetWeight*puWeight*muonTriggerWeight*EE_L1_prefire_Weight*electronTriggerWeight*genWeightSign*ewkWWeight
          hist nEntries =  3.0
          hist integral =  0.0745775997639
      Dataset =  1LHEWpT100-150  ||   nEvents =  73598264
Applied WPlusJets ewk Weights correctly
          hist weight =  0.160289267149*leptonWeight*bjetWeight*puWeight*muonTriggerWeight*EE_L1_prefire_Weight*electronTriggerWeight*genWeightSign*ewkWWeight
          hist nEntries =  0.0
          hist integral =  0.0
      Dataset =  2LHEWpT250-400  ||   nEvents =  82830129
Applied WPlusJets ewk Weights correctly
          hist weight =  0.0090400185179*leptonWeight*bjetWeight*puWeight*muonTriggerWeight*EE_L1_prefire_Weight*electronTriggerWeight*genWeightSign*ewkWWeight
          hist nEntries =  233.0
          hist integral =  0.543487438932
      Dataset =  1LHEWpT400-inf  ||   nEvents =  9564596
Applied WPlusJets ewk Weights correctly
          hist weight =  0.00386442877462*leptonWeight*bjetWeight*puWeight*muonTriggerWeight*EE_L1_prefire_Weight*electronTriggerWeight*genWeightSign*ewkWWeight
          hist nEntries =  0.0
          hist integral =  0.0
      Dataset =  1LHEWpT150-250  ||   nEvents =  63460137
Applied WPlusJets ewk Weights correctly
          hist weight =  0.0469289295735*leptonWeight*bjetWeight*puWeight*muonTriggerWeight*EE_L1_prefire_Weight*electronTriggerWeight*genWeightSign*ewkWWeight
          hist nEntries =  0.0
          hist integral =  0.0
-----------------------------
Total data background nEvents =  11853.0
Total data background integral =  11853.0
-----------------------------
Total MC background nEvents =  4798889.0
Total MC background integral =  10605.7869873
-----------------------------
Total tt+DM signal nEvents =  24.0
Total tt+DM signal integral =  0.450558109675
Total t+DM signal nEvents =  1.0
Total t+DM signal integral =  0.0196451414376
-----------------------------
FOM for tt+DM signal =  0.0043559557681
FOM for t+DM signal =  0.000190722035161
-----------------------------
Data bin content:
    bin 0: 0.0
    bin 1: 766.0
    bin 2: 675.0
    bin 3: 650.0
    bin 4: 578.0
    bin 5: 611.0
    bin 6: 587.0
    bin 7: 598.0
    bin 8: 664.0
    bin 9: 666.0
    bin 10: 742.0
    bin 11: 814.0
    bin 12: 859.0
    bin 13: 853.0
    bin 14: 946.0
    bin 15: 1060.0
    bin 16: 784.0
    bin 17: 0.0
-----------------------------
MC background bin content:
    bin 0: 0.0
    bin 1: 732.228149414
    bin 2: 665.974914551
    bin 3: 604.945129395
    bin 4: 565.435791016
    bin 5: 540.346984863
    bin 6: 537.188171387
    bin 7: 553.236694336
    bin 8: 561.558959961
    bin 9: 599.919799805
    bin 10: 628.10345459
    bin 11: 676.678710938
    bin 12: 728.077026367
    bin 13: 803.76550293
    bin 14: 859.93182373
    bin 15: 903.507141113
    bin 16: 644.88873291
    bin 17: 0.0
-----------------------------
tt+DM bin content:
    bin 0: 0.0
    bin 1: 0.228546917439
    bin 2: 0.125831693411
    bin 3: 0.0419009365141
    bin 4: 0.0294311344624
    bin 5: 0.0
    bin 6: 0.00749889062718
    bin 7: 0.0
    bin 8: 0.0
    bin 9: 0.0
    bin 10: 0.0
    bin 11: 0.0
    bin 12: 0.0
    bin 13: 0.0
    bin 14: 0.0173485372216
    bin 15: 0.0
    bin 16: 0.0
    bin 17: 0.0
-----------------------------
t+DM bin content:
    bin 0: 0.0
    bin 1: 0.0
    bin 2: 0.0196451414376
    bin 3: 0.0
    bin 4: 0.0
    bin 5: 0.0
    bin 6: 0.0
    bin 7: 0.0
    bin 8: 0.0
    bin 9: 0.0
    bin 10: 0.0
    bin 11: 0.0
    bin 12: 0.0
    bin 13: 0.0
    bin 14: 0.0
    bin 15: 0.0
    bin 16: 0.0
    bin 17: 0.0
-----------------------------
Data bin errors:
    bin 0: 0.0
    bin 1: 27.6767050062
    bin 2: 25.9807621135
    bin 3: 25.495097568
    bin 4: 24.0416305603
    bin 5: 24.7184141886
    bin 6: 24.2280828792
    bin 7: 24.4540385213
    bin 8: 25.7681974535
    bin 9: 25.8069758011
    bin 10: 27.2396769438
    bin 11: 28.5306852354
    bin 12: 29.3087017795
    bin 13: 29.206163733
    bin 14: 30.7571129985
    bin 15: 32.5576411922
    bin 16: 28.0
    bin 17: 0.0
-----------------------------
MC background bin errors:
    bin 0: 0.0
    bin 1: 8.24005450709
    bin 2: 6.55075458277
    bin 3: 6.18841500415
    bin 4: 5.04790464559
    bin 5: 4.84435857221
    bin 6: 5.39812764246
    bin 7: 5.62617556897
    bin 8: 5.84786522759
    bin 9: 5.99519611918
    bin 10: 6.79149509362
    bin 11: 7.37556702887
    bin 12: 7.83353757124
    bin 13: 8.09383468193
    bin 14: 8.53157971395
    bin 15: 8.56144446701
    bin 16: 7.34254033797
    bin 17: 0.0
-----------------------------
tt+DM bin errors:
    bin 0: 0.0
    bin 1: 0.0755277788836
    bin 2: 0.0528599336385
    bin 3: 0.0304408812589
    bin 4: 0.0214179749157
    bin 5: 0.0
    bin 6: 0.00749889043309
    bin 7: 0.0
    bin 8: 0.0
    bin 9: 0.0
    bin 10: 0.0
    bin 11: 0.0
    bin 12: 0.0
    bin 13: 0.0
    bin 14: 0.0173485372591
    bin 15: 0.0
    bin 16: 0.0
    bin 17: 0.0
-----------------------------
t+DM bin errors:
    bin 0: 0.0
    bin 1: 0.0
    bin 2: 0.019645142337
    bin 3: 0.0
    bin 4: 0.0
    bin 5: 0.0
    bin 6: 0.0
    bin 7: 0.0
    bin 8: 0.0
    bin 9: 0.0
    bin 10: 0.0
    bin 11: 0.0
    bin 12: 0.0
    bin 13: 0.0
    bin 14: 0.0
    bin 15: 0.0
    bin 16: 0.0
    bin 17: 0.0
-----------------------------
ZTo2Nu hist info:
    nEvents =  0.0
    integral =  0.0
tbar scalar hist info:
    nEvents =  1.0
    integral =  0.0196451414376
TTTo2L2Nu hist info:
    nEvents =  447.0
    integral =  178.30569768
singleTop hist info:
    nEvents =  89.0
    integral =  18.4229747057
TTV hist info:
    nEvents =  24078.0
    integral = Info in <TCanvas::Print>: png file AH2lZR2017_min(abs(TkMET_phi-METcorrected_phi,2*pi-abs(TkMET_phi-METcorrected_phi_02_24_2023_NLOVjets.png has been created
 14.6128041148
bkgSum hist info:
    nEvents =  4798889.0
    integral =  10605.7869873
ttbar scalar hist info:
    nEvents =  24.0
    integral =  0.450558109675
VV hist info:
    nEvents =  95538.0
    integral =  623.720720291
QCD hist info:
    nEvents =  0.0
    integral =  0.0
ZTo2L hist info:
    nEvents =  4677909.0
    integral =  9754.19235229
data hist info:
    nEvents =  11853.0
    integral =  11853.0
WPlusJets hist info:
    nEvents =  554.0
    integral =  1.43939162325
TTToSemiLepton hist info:
    nEvents =  274.0
    integral =  15.0929294825
Finished filling histograms
Creating stacked MC background histogram...
Finished stacking MC background histograms.
Drawing histograms...
Finished drawing histograms
Drawing ratio plot...
Plotting end time: 2023-02-24 10:08:56.423859
