plots/plot.py:952: SyntaxWarning: name 'counter' is used prior to global declaration
  global counter
Cut name =  AH0l0fSR
MC Selection Cuts =  (nVetoElectrons + nLooseMuons) == 0 && njets >= 3 && nbjets == 1 && METcorrected_pt >= 250 && ntaus == 0 && minDeltaPhi > 0.4 && Flag_goodVertices && Flag_globalSuperTightHalo2016Filter && Flag_HBHENoiseFilter && Flag_HBHENoiseIsoFilter && Flag_EcalDeadCellTriggerPrimitiveFilter && Flag_BadPFMuonFilter && Flag_ecalBadCalibFilterV2 && (HLT_PFMETNoMu120_PFMHTNoMu120_IDTight || HLT_PFMETNoMu120_PFMHTNoMu120_IDTight_PFHT60) && PV_npvsGood > 0 && PV_ndof > 4 && abs(PV_z) < 24 && sqrt(pow(PV_x,2)+pow(PV_y,2)) < 2 && nfjets == 0 && minDeltaPhi12 >= 0.8 && M_Tb >= 140
Data Selection Cuts =  (nVetoElectrons + nLooseMuons) == 0 && njets >= 3 && nbjets == 1 && METcorrected_pt >= 250 && ntaus == 0 && minDeltaPhi > 0.4 && Flag_goodVertices && Flag_globalSuperTightHalo2016Filter && Flag_HBHENoiseFilter && Flag_HBHENoiseIsoFilter && Flag_EcalDeadCellTriggerPrimitiveFilter && Flag_BadPFMuonFilter && Flag_ecalBadCalibFilterV2 && (HLT_PFMETNoMu120_PFMHTNoMu120_IDTight || HLT_PFMETNoMu120_PFMHTNoMu120_IDTight_PFHT60) && PV_npvsGood > 0 && PV_ndof > 4 && abs(PV_z) < 24 && sqrt(pow(PV_x,2)+pow(PV_y,2)) < 2 && nfjets == 0 && minDeltaPhi12 >= 0.8 && M_Tb >= 140 && Flag_eeBadScFilter
var =  METcorrected_pt
year =  2017
lumi =  41.53
saveDirectory =  plots/2017_QCDSR_debugging/RunII_plots/fJet_pt/
date =  02_13_2024
applying HEM fix for 2018...
Creating histograms..
Histogram options: 
    nbins =  15
    xmin =  250
    xmax =  550
    auto_y =  True
    doLogPlot =  True
    drawData =  True
    mediatorType =  scalar
    mchi =  1
    mphi =  100
    normalizePlots =  False
    doBinned =  False
    savePlots =  True
    combineEleMu =  True
    doSys =  False
    doSysFirstHalf =  False
    doSysSecondHalf =  False
    drawOverflow =  True
    drawUnderflow =  False
    plotSys =  False
    plotSysVar =  CMS_eff_b_light_2018
    plotSysSignal =  False
Drawing data and ratio plot...
Selected MET dataset
Loading data sample root files and event trees...
    ----Loading /hdfs/store/user/vshang/MET_Run2017B/MET/ModuleCommonSkim_12242022/tree_all.root
    ----Loading /hdfs/store/user/vshang/MET_Run2017C/MET/ModuleCommonSkim_12242022/tree_all.root
    ----Loading /hdfs/store/user/vshang/MET_Run2017D/MET/ModuleCommonSkim_12242022/tree_all.root
    ----Loading /hdfs/store/user/vshang/MET_Run2017E/MET/ModuleCommonSkim_12242022/tree_all.root
    ----Loading /hdfs/store/user/vshang/MET_Run2017F/MET/ModuleCommonSkim_12242022/tree_all.root
    total nevents in  MET :  2088294
Got data sample root files and event trees
Loading MC sample root files and event trees...
Loading process:  ZTo2Nu
    ----Loading HT600To800
    nevents in  ZTo2Nu   HT600To800 :  5615921
    ----Loading HT1200To2500
    nevents in  ZTo2Nu   HT1200To2500 :  336181
    ----Loading HT100To200
    nevents in  ZTo2Nu   HT100To200 :  22702468
    ----Loading HT2500ToInf
    nevents in  ZTo2Nu   HT2500ToInf :  6446
    ----Loading HT400To600
    nevents in  ZTo2Nu   HT400To600 :  9501265
    ----Loading HT200To400
    nevents in  ZTo2Nu   HT200To400 :  21389579
    ----Loading HT800To1200
    nevents in  ZTo2Nu   HT800To1200 :  2041779
Loading process:  tbar scalar
    ----Loading tChan_MChi1_MPhi100_scalar
    nevents in  tbar scalar   tChan_MChi1_MPhi100_scalar :  247000
    ----Loading tWChan_MChi1_MPhi100_scalar
    nevents in  tbar scalar   tWChan_MChi1_MPhi100_scalar :  171000
Loading process:  TTV
    ----Loading TTZToQQ
    nevents in  TTV   TTZToQQ :  4602104
    ----Loading TTWJetsToLNu
    nevents in  TTV   TTWJetsToLNu :  5394782
    ----Loading TTWJetsToQQ
    nevents in  TTV   TTWJetsToQQ :  441560
    ----Loading TTZToLLNuNu
    nevents in  TTV   TTZToLLNuNu :  7316018
Loading process:  WW
    ----Loading WWTo1L1Nu2Q
    nevents in  WW   WWTo1L1Nu2Q :  3169582
    ----Loading WWTo4Q
    nevents in  WW   WWTo4Q :  1992402
    ----Loading WWTo2L2Nu
    nevents in  WW   WWTo2L2Nu :  1992522
Loading process:  ttbarPlusJets
    ----Loading TTToSemiLepton
    nevents in  ttbarPlusJets   TTToSemiLepton :  239169221
    ----Loading TTTo2L2Nu
    nevents in  ttbarPlusJets   TTTo2L2Nu :  8926992
Loading process:  Other
    ----Loading ZH_HToBB_ZToNuNu
    nevents in  Other   ZH_HToBB_ZToNuNu :  5250476
    ----Loading tZq
    nevents in  Other   tZq :  3467904
    ----Loading WplusH_HToBB_WToLNu
    nevents in  Other   WplusH_HToBB_WToLNu :  2343366
    ----Loading GluGluHToZZTo4L
    nevents in  Other   GluGluHToZZTo4L :  1933230
    ----Loading ttHTobb
    nevents in  Other   ttHTobb :  7833734
    ----Loading ZZZ
    nevents in  Other   ZZZ :  427832
    ----Loading TTGJets
    nevents in  Other   TTGJets :  5441639
    ----Loading WplusH_HToBB_WToQQ
    nevents in  Other   WplusH_HToBB_WToQQ :  476787
    ----Loading WminusH_HToBB_WToLNu
    nevents in  Other   WminusH_HToBB_WToLNu :  2256768
    ----Loading WWW
    nevents in  Other   WWW :  413736
    ----Loading ttHToNonbb
    nevents in  Other   ttHToNonbb :  12472780
    ----Loading WWZ
    nevents in  Other   WWZ :  441586
    ----Loading WZZ
    nevents in  Other   WZZ :  439320
    ----Loading WWG
    nevents in  Other   WWG :  1628026
    ----Loading TTTT
    nevents in  Other   TTTT :  373734
    ----Loading WminusH_HToBB_WToQQ
    nevents in  Other   WminusH_HToBB_WToQQ :  459170
    ----Loading WZG
    nevents in  Other   WZG :  840872
    ----Loading VHToNonbb
    nevents in  Other   VHToNonbb :  451414
Loading process:  ttbar scalar
    ----Loading ttDM_MChi1_MPhi100_scalar
    nevents in  ttbar scalar   ttDM_MChi1_MPhi100_scalar :  1540506
Loading process:  ZZ
    ----Loading ZZTo2Q2Nu
    nevents in  ZZ   ZZTo2Q2Nu :  39202099
    ----Loading ZZTo4L
    nevents in  ZZ   ZZTo4L :  6893887
    ----Loading ZZTo2L2Q
    nevents in  ZZ   ZZTo2L2Q :  17513566
    ----Loading ZZTo2L2Nu
    nevents in  ZZ   ZZTo2L2Nu :  8733658
Loading process:  QCD
    ----Loading Pt170to300
    nevents in  QCD   Pt170to300 :  56298920
    ----Loading Pt15to30
    nevents in  QCD   Pt15to30 :  19169000
    ----Loading Pt800to1000
    nevents in  QCD   Pt800to1000 :  77660008
    ----Loading Pt600to800
    nevents in  QCD   Pt600to800 :  128548964
    ----Loading Pt120to170
    nevents in  QCD   Pt120to170 :  29854280
    ----Loading Pt1000to1400
    nevents in  QCD   Pt1000to1400 :  35706078
    ----Loading Pt1400to1800
    nevents in  QCD   Pt1400to1800 :  11353270
    ----Loading Pt50to80
    nevents in  QCD   Pt50to80 :  38179535
    ----Loading Pt1800to2400
    nevents in  QCD   Pt1800to2400 :  2923941
    ----Loading Pt3200toInf
    nevents in  QCD   Pt3200toInf :  757837
    ----Loading Pt2400to3200
    nevents in  QCD   Pt2400to3200 :  1910526
    ----Loading Pt80to120
    nevents in  QCD   Pt80to120 :  56387936
    ----Loading Pt30to50
    nevents in  QCD   Pt30to50 :  35500760
    ----Loading Pt470to600
    nevents in  QCD   Pt470to600 :  55331892
    ----Loading Pt300to470
    nevents in  QCD   Pt300to470 :  110887780
Loading process:  ZTo2L
    ----Loading HT600To800
    nevents in  ZTo2L   HT600To800 :  8691608
    ----Loading HT1200To2500
    nevents in  ZTo2L   HT1200To2500 :  616923
    ----Loading HT100To200
    nevents in  ZTo2L   HT100To200 :  15124171
    ----Loading HT2500ToInf
    nevents in  ZTo2L   HT2500ToInf :  401334
    ----Loading HT400To600
    nevents in  ZTo2L   HT400To600 :  11294006
    ----Loading HT200To400
    nevents in  ZTo2L   HT200To400 :  11896758
    ----Loading HT800To1200
    nevents in  ZTo2L   HT800To1200 :  3089712
Loading process:  singleTop
    ----Loading ST_s-channel
    nevents in  singleTop   ST_s-channel :  6167441
    ----Loading ST_t-channel_antitop
    nevents in  singleTop   ST_t-channel_antitop :  3675910
    ----Loading ST_t-channel_top
    nevents in  singleTop   ST_t-channel_top :  5982064
    ----Loading ST_tW_top
    nevents in  singleTop   ST_tW_top :  7734344
    ----Loading ST_tW_antitop
    nevents in  singleTop   ST_tW_antitop :  7916640
Loading process:  WZ
    ----Loading WZTo2Q2Nu
    nevents in  WZ   WZTo2Q2Nu :  18476383
    ----Loading WZTo3LNu
    nevents in  WZ   WZTo3LNu :  6887413
    ----Loading WZTo1L1Nu2Q
    nevents in  WZ   WZTInfo in <TCanvas::MakeDefCanvas>:  created default TCanvas with name c1
TFile::Append:0: RuntimeWarning: Replacing existing TH1: hist (Potential memory leak).
TFile::Append:0: RuntimeWarning: Replacing existing TH1: hist (Potential memory leak).
TFile::Append:0: RuntimeWarning: Replacing existing TH1: hist (Potential memory leak).
TFile::Append:0: RuntimeWarning: Replacing existing TH1: hist (Potential memory leak).
TFile::Append:0: RuntimeWarning: Replacing existing TH1: hist (Potential memory leak).
TFile::Append:0: RuntimeWarning: Replacing existing TH1: hist (Potential memory leak).
TFile::Append:0: RuntimeWarning: Replacing existing TH1: hist (Potential memory leak).
TFile::Append:0: RuntimeWarning: Replacing existing TH1: hist (Potential memory leak).
TFile::Append:0: RuntimeWarning: Replacing existing TH1: hist (Potential memory leak).
o1L1Nu2Q :  11347099
    ----Loading WZTo1L3Nu
    nevents in  WZ   WZTo1L3Nu :  2717911
    ----Loading WZTo2L2Q
    nevents in  WZ   WZTo2L2Q :  16664610
Loading process:  WPlusJets
    ----Loading HT600To800
    nevents in  WPlusJets   HT600To800 :  21582309
    ----Loading HT1200To2500
    nevents in  WPlusJets   HT1200To2500 :  19991892
    ----Loading HT100To200
    nevents in  WPlusJets   HT100To200 :  35804623
    ----Loading HT2500ToInf
    nevents in  WPlusJets   HT2500ToInf :  20629585
    ----Loading HT400To600
    nevents in  WPlusJets   HT400To600 :  14250114
    ----Loading HT200To400
    nevents in  WPlusJets   HT200To400 :  21192211
    ----Loading HT800To1200
    nevents in  WPlusJets   HT800To1200 :  20272990
Got MC sample root files and event trees
Filling data histograms...
  Dataset =  MET  ||   nEvents =  2088294
   Using cut =  (nVetoElectrons + nLooseMuons) == 0 && njets >= 3 && nbjets == 1 && METcorrected_pt >= 250 && ntaus == 0 && minDeltaPhi > 0.4 && Flag_goodVertices && Flag_globalSuperTightHalo2016Filter && Flag_HBHENoiseFilter && Flag_HBHENoiseIsoFilter && Flag_EcalDeadCellTriggerPrimitiveFilter && Flag_BadPFMuonFilter && Flag_ecalBadCalibFilterV2 && (HLT_PFMETNoMu120_PFMHTNoMu120_IDTight) && PV_npvsGood > 0 && PV_ndof > 4 && abs(PV_z) < 24 && sqrt(pow(PV_x,2)+pow(PV_y,2)) < 2 && nfjets == 0 && minDeltaPhi12 >= 0.8 && M_Tb >= 140 && Flag_eeBadScFilter
    hist nEntries =  2166.0
    hist integral =  2166.0
    hist_data nEntries =  2166.0
    hist_data integral =  2166.0
    hist nEntries =  4083.0
    hist integral =  4083.0
    hist_data nEntries =  6249.0
    hist_data integral =  6249.0
    hist nEntries =  1954.0
    hist integral =  1954.0
    hist_data nEntries =  8203.0
    hist_data integral =  8203.0
    hist nEntries =  4278.0
    hist integral =  4278.0
    hist_data nEntries =  12481.0
    hist_data integral =  12481.0
    hist nEntries =  6025.0
    hist integral =  6025.0
    hist_data nEntries =  18506.0
    hist_data integral =  18506.0
Filling MC histograms...
  Process =  ZTo2Nu
      Dataset =  HT600To800  ||   nEvents =  5615921
Applied ZTo2Nu ewk Weights correctly
          hist weight =  0.0234835265222*leptonWeight*bjetWeight*puWeight*muonTriggerWeight*EE_L1_prefire_Weight*electronTriggerWeight*genWeightSign*METTriggerWeight*qcdZTo2NuWeight*ewkZWeight*0.934*(nbjets == 0 ? 0.811 : 1.)
          hist nEntries =  35637.0
          hist integral =  928.672029495
      Dataset =  HT1200To2500  ||   nEvents =  336181
Applied ZTo2Nu ewk Weights correctly
          hist weight =  0.0371681152712*leptonWeight*bjetWeight*puWeight*muonTriggerWeight*EE_L1_prefire_Weight*electronTriggerWeight*genWeightSign*METTriggerWeight*qcdZTo2NuWeight*ewkZWeight*0.934*(nbjets == 0 ? 0.811 : 1.)
          hist nEntries =  2370.0
          hist integral =  90.746306181
      Dataset =  HT100To200  ||   nEvents =  22702468
Applied ZTo2Nu ewk Weights correctly
          hist weight =  0.550593543222*leptonWeight*bjetWeight*puWeight*muonTriggerWeight*EE_L1_prefire_Weight*electronTriggerWeight*genWeightSign*METTriggerWeight*qcdZTo2NuWeight*ewkZWeight*0.934*(nbjets == 0 ? 0.811 : 1.)
          hist nEntries =  31.0
          hist integral =  14.8228158373
      Dataset =  HT2500ToInf  ||   nEvents =  6446
Applied ZTo2Nu ewk Weights correctly
          hist weight =  0.0423050376792*leptonWeight*bjetWeight*puWeight*muonTriggerWeight*EE_L1_prefire_Weight*electronTriggerWeight*genWeightSign*METTriggerWeight*qcdZTo2NuWeight*ewkZWeight*0.934*(nbjets == 0 ? 0.811 : 1.)
          hist nEntries =  30.0
          hist integral =  1.43186492473
      Dataset =  HT400To600  ||   nEvents =  9501265
Applied ZTo2Nu ewk Weights correctly
          hist weight =  0.05628471533*leptonWeight*bjetWeight*puWeight*muonTriggerWeight*EE_L1_prefire_Weight*electronTriggerWeight*genWeightSign*METTriggerWeight*qcdZTo2NuWeight*ewkZWeight*0.934*(nbjets == 0 ? 0.811 : 1.)
          hist nEntries =  40537.0
          hist integral =  2670.8922205
      Dataset =  HT200To400  ||   nEvents =  21389579
Applied ZTo2Nu ewk Weights corTFile::Append:0: RuntimeWarning: Replacing existing TH1: hist (Potential memory leak).
TFile::Append:0: RuntimeWarning: Replacing existing TH1: hist (Potential memory leak).
TFile::Append:0: RuntimeWarning: Replacing existing TH1: hist (Potential memory leak).
TFile::Append:0: RuntimeWarning: Replacing existing TH1: hist (Potential memory leak).
TFile::Append:0: RuntimeWarning: Replacing existing TH1: hist (Potential memory leak).
TFile::Append:0: RuntimeWarning: Replacing existing TH1: hist (Potential memory leak).
TFile::Append:0: RuntimeWarning: Replacing existing TH1: hist (Potential memory leak).
TFile::Append:0: RuntimeWarning: Replacing existing TH1: hist (Potential memory leak).
TFile::Append:0: RuntimeWarning: Replacing existing TH1: hist (Potential memory leak).
TFile::Append:0: RuntimeWarning: Replacing existing TH1: hist (Potential memory leak).
TFile::Append:0: RuntimeWarning: Replacing existing TH1: hist (Potential memory leak).
TFile::Append:0: RuntimeWarning: Replacing existing TH1: hist (Potential memory leak).
TFile::Append:0: RuntimeWarning: Replacing existing TH1: hist (Potential memory leak).
rectly
          hist weight =  0.176357033895*leptonWeight*bjetWeight*puWeight*muonTriggerWeight*EE_L1_prefire_Weight*electronTriggerWeight*genWeightSign*METTriggerWeight*qcdZTo2NuWeight*ewkZWeight*0.934*(nbjets == 0 ? 0.811 : 1.)
          hist nEntries =  11549.0
          hist integral =  2434.66159123
      Dataset =  HT800To1200  ||   nEvents =  2041779
Applied ZTo2Nu ewk Weights correctly
          hist weight =  0.0277609894117*leptonWeight*bjetWeight*puWeight*muonTriggerWeight*EE_L1_prefire_Weight*electronTriggerWeight*genWeightSign*METTriggerWeight*qcdZTo2NuWeight*ewkZWeight*0.934*(nbjets == 0 ? 0.811 : 1.)
          hist nEntries =  14744.0
          hist integral =  436.859127998
  Process =  tbar scalar
      Dataset =  tChan_MChi1_MPhi100_scalar  ||   nEvents =  247000
          hist weight =  0.0478856032389*leptonWeight*bjetWeight*puWeight*muonTriggerWeight*EE_L1_prefire_Weight*electronTriggerWeight*genWeightSign*METTriggerWeight
          hist nEntries =  2240.0
          hist integral =  100.520051122
      Dataset =  tWChan_MChi1_MPhi100_scalar  ||   nEvents =  171000
          hist weight =  0.0133430304094*leptonWeight*bjetWeight*puWeight*muonTriggerWeight*EE_L1_prefire_Weight*electronTriggerWeight*genWeightSign*METTriggerWeight
          hist nEntries =  4257.0
          hist integral =  54.0074687004
  Process =  TTV
      Dataset =  TTZToQQ  ||   nEvents =  4602104
          hist weight =  0.00460591764115*leptonWeight*bjetWeight*puWeight*muonTriggerWeight*EE_L1_prefire_Weight*electronTriggerWeight*genWeightSign*METTriggerWeight
          hist nEntries =  4360.0
          hist integral =  9.17815619707
      Dataset =  TTWJetsToLNu  ||   nEvents =  5394782
          hist weight =  0.00165433876661*leptonWeight*bjetWeight*puWeight*muonTriggerWeight*EE_L1_prefire_Weight*electronTriggerWeight*genWeightSign*METTriggerWeight
          hist nEntries =  14310.0
          hist integral =  12.16276519
      Dataset =  TTWJetsToQQ  ||   nEvents =  441560
          hist weight =  0.0405932330827*leptonWeight*bjetWeight*puWeight*muonTriggerWeight*EE_L1_prefire_Weight*electronTriggerWeight*genWeightSign*METTriggerWeight
          hist nEntries =  378.0
          hist integral =  8.26538214087
      Dataset =  TTZToLLNuNu  ||   nEvents =  7316018
          hist weight =  0.0013805455372*leptonWeight*bjetWeight*puWeight*muonTriggerWeight*EE_L1_prefire_Weight*electronTriggerWeight*genWeightSign*METTriggerWeight
          hist nEntries =  133140.0
          hist integral =  83.4377794266
  Process =  WW
      Dataset =  WWTo1L1Nu2Q  ||   nEvents =  3169582
          hist weight =  1.05790990736*leptonWeight*bjetWeight*puWeight*muonTriggerWeight*EE_L1_prefire_Weight*electronTriggerWeight*genWeightSign*METTriggerWeight
          hist nEntries =  225.0
          hist integral =  88.1555757523
      Dataset =  WWTo4Q  ||   nEvents =  1992402
          hist weight =  0.994893048692*leptonWeight*bjetWeight*puWeight*muonTriggerWeight*EE_L1_prefire_Weight*electronTriggerWeight*genWeightSign*METTriggerWeight
          hist nEntries =  0.0
          hist integral =  0.0
      Dataset =  WWTo2L2Nu  ||   nEvents =  1992522
          hist weight =  0.230939683477*leptonWeight*bjetWeight*puWeight*muonTriggerWeight*EE_L1_prefire_Weight*electronTriggerWeight*genWeightSign*METTriggerWeight
          hist nEntries =  22.0
          hist integral =  4.3941179961
  Process =  ttbarPlusJets
      Dataset =  TTToSemiLepton  ||   nEvents =  239169221
          hist weight =  0.0632667340586*leptonWeight*bjetWeight*puWeight*muonTriggerWeight*EE_L1_prefire_Weight*electronTriggerWeight*genWeightSign*METTriggerWeight
          hist nEntries =  95923.0
          hist integral =  5601.29896164
      Dataset =  TTTo2L2Nu  ||   nEvents =  8926992
          hist weight =  0.406182093588*leptonWeight*bjetWeight*puWeight*muonTriggerWeight*EE_L1_prefire_Weight*electronTriggerWeight*genWeightSign*METTriggerWeight
          hist nEntries =  1096.0
          hist integral =  413.80536747
  Process =  Other
      Dataset =  ZH_HToBB_ZToNuNu  ||   nEvenTFile::Append:0: RuntimeWarning: Replacing existing TH1: hist (Potential memory leak).
TFile::Append:0: RuntimeWarning: Replacing existing TH1: hist (Potential memory leak).
TFile::Append:0: RuntimeWarning: Replacing existing TH1: hist (Potential memory leak).
TFile::Append:0: RuntimeWarning: Replacing existing TH1: hist (Potential memory leak).
TFile::Append:0: RuntimeWarning: Replacing existing TH1: hist (Potential memory leak).
TFile::Append:0: RuntimeWarning: Replacing existing TH1: hist (Potential memory leak).
TFile::Append:0: RuntimeWarning: Replacing existing TH1: hist (Potential memory leak).
TFile::Append:0: RuntimeWarning: Replacing existing TH1: hist (Potential memory leak).
TFile::Append:0: RuntimeWarning: Replacing existing TH1: hist (Potential memory leak).
TFile::Append:0: RuntimeWarning: Replacing existing TH1: hist (Potential memory leak).
TFile::Append:0: RuntimeWarning: Replacing existing TH1: hist (Potential memory leak).
TFile::Append:0: RuntimeWarning: Replacing existing TH1: hist (Potential memory leak).
TFile::Append:0: RuntimeWarning: Replacing existing TH1: hist (Potential memory leak).
TFile::Append:0: RuntimeWarning: Replacing existing TH1: hist (Potential memory leak).
ts =  5250476
          hist weight =  0.000814705181016*leptonWeight*bjetWeight*puWeight*muonTriggerWeight*EE_L1_prefire_Weight*electronTriggerWeight*genWeightSign*METTriggerWeight
          hist nEntries =  14213.0
          hist integral =  11.8234675676
      Dataset =  tZq  ||   nEvents =  3467904
          hist weight =  0.000907745427786*leptonWeight*bjetWeight*puWeight*muonTriggerWeight*EE_L1_prefire_Weight*electronTriggerWeight*genWeightSign*METTriggerWeight
          hist nEntries =  563.0
          hist integral =  0.0834477579338
      Dataset =  WplusH_HToBB_WToLNu  ||   nEvents =  2343366
          hist weight =  0.00282494582579*leptonWeight*bjetWeight*puWeight*muonTriggerWeight*EE_L1_prefire_Weight*electronTriggerWeight*genWeightSign*METTriggerWeight
          hist nEntries =  477.0
          hist integral =  1.33444927586
      Dataset =  GluGluHToZZTo4L  ||   nEvents =  1933230
          hist weight =  0.000257786192021*leptonWeight*bjetWeight*puWeight*muonTriggerWeight*EE_L1_prefire_Weight*electronTriggerWeight*genWeightSign*METTriggerWeight
          hist nEntries =  1.0
          hist integral =  -0.000168214930454
      Dataset =  ttHTobb  ||   nEvents =  7833734
          hist weight =  0.000811118937661*leptonWeight*bjetWeight*puWeight*muonTriggerWeight*EE_L1_prefire_Weight*electronTriggerWeight*genWeightSign*METTriggerWeight
          hist nEntries =  1622.0
          hist integral =  1.36496540532
      Dataset =  ZZZ  ||   nEvents =  427832
          hist weight =  0.00135899137979*leptonWeight*bjetWeight*puWeight*muonTriggerWeight*EE_L1_prefire_Weight*electronTriggerWeight*genWeightSign*METTriggerWeight
          hist nEntries =  965.0
          hist integral =  1.06914555002
      Dataset =  TTGJets  ||   nEvents =  5441639
          hist weight =  0.028215103942*leptonWeight*bjetWeight*puWeight*muonTriggerWeight*EE_L1_prefire_Weight*electronTriggerWeight*genWeightSign*METTriggerWeight
          hist nEntries =  5164.0
          hist integral =  54.1500160396
      Dataset =  WplusH_HToBB_WToQQ  ||   nEvents =  476787
          hist weight =  0.0287268612609*leptonWeight*bjetWeight*puWeight*muonTriggerWeight*EE_L1_prefire_Weight*electronTriggerWeight*genWeightSign*METTriggerWeight
          hist nEntries =  0.0
          hist integral =  0.0
      Dataset =  WminusH_HToBB_WToLNu  ||   nEvents =  2256768
          hist weight =  0.00186048499447*leptonWeight*bjetWeight*puWeight*muonTriggerWeight*EE_L1_prefire_Weight*electronTriggerWeight*genWeightSign*METTriggerWeight
          hist nEntries =  331.0
          hist integral =  0.621656833217
      Dataset =  WWW  ||   nEvents =  413736
          hist weight =  0.0209388547286*leptonWeight*bjetWeight*puWeight*muonTriggerWeight*EE_L1_prefire_Weight*electronTriggerWeight*genWeightSign*METTriggerWeight
          hist nEntries =  101.0
          hist integral =  1.57321363874
      Dataset =  ttHToNonbb  ||   nEvents =  12472780
          hist weight =  0.000715874889159*leptonWeight*bjetWeight*puWeight*muonTriggerWeight*EE_L1_prefire_Weight*electronTriggerWeight*genWeightSign*METTriggerWeight
          hist nEntries =  5661.0
          hist integral =  3.73170404602
      Dataset =  WWZ  ||   nEvents =  441586
          hist weight =  0.0155178153293*leptonWeight*bjetWeight*puWeight*muonTriggerWeight*EE_L1_prefire_Weight*electronTriggerWeight*genWeightSign*METTriggerWeight
          hist nEntries =  436.0
          hist integral =  5.44343396276
      Dataset =  WZZ  ||   nEvents =  439320
          hist weight =  0.00529381771829*leptonWeight*bjetWeight*puWeight*muonTriggerWeight*EE_L1_prefire_Weight*electronTriggerWeight*genWeightSign*METTriggerWeight
          hist nEntries =  816.0
          hist integral =  3.54983206838
      Dataset =  WWG  ||   nEvents =  1628026
          hist weight =  0.00547687260523*leptonWeight*bjetWeight*puWeight*muonTriggerWeight*EE_L1_prefire_Weight*electronTriggerWeight*genWeightSign*METTriggerWeight
          hist nEntries =  192.0
          hist integral =  0.826775876107
      Dataset =  TTTT  ||   nEvents =  TFile::Append:0: RuntimeWarning: Replacing existing TH1: hist (Potential memory leak).
TFile::Append:0: RuntimeWarning: Replacing existing TH1: hist (Potential memory leak).
TFile::Append:0: RuntimeWarning: Replacing existing TH1: hist (Potential memory leak).
TFile::Append:0: RuntimeWarning: Replacing existing TH1: hist (Potential memory leak).
TFile::Append:0: RuntimeWarning: Replacing existing TH1: hist (Potential memory leak).
TFile::Append:0: RuntimeWarning: Replacing existing TH1: hist (Potential memory leak).
TFile::Append:0: RuntimeWarning: Replacing existing TH1: hist (Potential memory leak).
TFile::Append:0: RuntimeWarning: Replacing existing TH1: hist (Potential memory leak).
TFile::Append:0: RuntimeWarning: Replacing existing TH1: hist (Potential memory leak).
TFile::Append:0: RuntimeWarning: Replacing existing TH1: hist (Potential memory leak).
TFile::Append:0: RuntimeWarning: Replacing existing TH1: hist (Potential memory leak).
TFile::Append:0: RuntimeWarning: Replacing existing TH1: hist (Potential memory leak).
TFile::Append:0: RuntimeWarning: Replacing existing TH1: hist (Potential memory leak).
TFile::Append:0: RuntimeWarning: Replacing existing TH1: hist (Potential memory leak).
373734
          hist weight =  0.00100009632519*leptonWeight*bjetWeight*puWeight*muonTriggerWeight*EE_L1_prefire_Weight*electronTriggerWeight*genWeightSign*METTriggerWeight
          hist nEntries =  320.0
          hist integral =  0.133094018674
      Dataset =  WminusH_HToBB_WToQQ  ||   nEvents =  459170
          hist weight =  0.0189212622776*leptonWeight*bjetWeight*puWeight*muonTriggerWeight*EE_L1_prefire_Weight*electronTriggerWeight*genWeightSign*METTriggerWeight
          hist nEntries =  0.0
          hist integral =  0.0
      Dataset =  WZG  ||   nEvents =  840872
          hist weight =  0.00203631694241*leptonWeight*bjetWeight*puWeight*muonTriggerWeight*EE_L1_prefire_Weight*electronTriggerWeight*genWeightSign*METTriggerWeight
          hist nEntries =  112.0
          hist integral =  0.209005429293
      Dataset =  VHToNonbb  ||   nEvents =  451414
          hist weight =  0.0875838144143*leptonWeight*bjetWeight*puWeight*muonTriggerWeight*EE_L1_prefire_Weight*electronTriggerWeight*genWeightSign*METTriggerWeight
          hist nEntries =  72.0
          hist integral =  2.47813836858
  Process =  ttbar scalar
      Dataset =  ttDM_MChi1_MPhi100_scalar  ||   nEvents =  1540506
          hist weight =  0.0194822253857*leptonWeight*bjetWeight*puWeight*muonTriggerWeight*EE_L1_prefire_Weight*electronTriggerWeight*genWeightSign*METTriggerWeight*GenModel__TTbarDMJets_Inclusive_scalar_LO_Mchi_1_Mphi_100_TuneCP5_13TeV_madgraph_mcatnlo_pythia8
          hist nEntries =  9953.0
          hist integral =  192.980683446
  Process =  ZZ
      Dataset =  ZZTo2Q2Nu  ||   nEvents =  39202099
          hist weight =  0.00483501967586*leptonWeight*bjetWeight*puWeight*muonTriggerWeight*EE_L1_prefire_Weight*electronTriggerWeight*genWeightSign*METTriggerWeight
          hist nEntries =  49539.0
          hist integral =  98.9439275861
      Dataset =  ZZTo4L  ||   nEvents =  6893887
          hist weight =  0.00798203538874*leptonWeight*bjetWeight*puWeight*muonTriggerWeight*EE_L1_prefire_Weight*electronTriggerWeight*genWeightSign*METTriggerWeight
          hist nEntries =  1.0
          hist integral =  0.0055076982826
      Dataset =  ZZTo2L2Q  ||   nEvents =  17513566
          hist weight =  0.0087453714452*leptonWeight*bjetWeight*puWeight*muonTriggerWeight*EE_L1_prefire_Weight*electronTriggerWeight*genWeightSign*METTriggerWeight
          hist nEntries =  166.0
          hist integral =  0.459447116591
      Dataset =  ZZTo2L2Nu  ||   nEvents =  8733658
          hist weight =  0.00268381610546*leptonWeight*bjetWeight*puWeight*muonTriggerWeight*EE_L1_prefire_Weight*electronTriggerWeight*genWeightSign*METTriggerWeight
          hist nEntries =  244.0
          hist integral =  0.59723978024
  Process =  QCD
      Dataset =  Pt170to300  ||   nEvents =  56298920
          hist weight =  76.3488002967*leptonWeight*bjetWeight*puWeight*muonTriggerWeight*EE_L1_prefire_Weight*electronTriggerWeight*genWeightSign*METTriggerWeight
          hist nEntries =  0.0
          hist integral =  0.0
      Dataset =  Pt15to30  ||   nEvents =  19169000
          hist weight =  2699482.49778*leptonWeight*bjetWeight*puWeight*muonTriggerWeight*EE_L1_prefire_Weight*electronTriggerWeight*genWeightSign*METTriggerWeight
          hist nEntries =  0.0
          hist integral =  0.0
      Dataset =  Pt800to1000  ||   nEvents =  77660008
          hist weight =  0.0140536735458*leptonWeight*bjetWeight*puWeight*muonTriggerWeight*EE_L1_prefire_Weight*electronTriggerWeight*genWeightSign*METTriggerWeight
          hist nEntries =  258.0
          hist integral =  3.50411797035
      Dataset =  Pt600to800  ||   nEvents =  128548964
          hist weight =  0.0505600729695*leptonWeight*bjetWeight*puWeight*muonTriggerWeight*EE_L1_prefire_Weight*electronTriggerWeight*genWeightSign*METTriggerWeight
          hist nEntries =  191.0
          hist integral =  8.19351337093
      Dataset =  Pt120to170  ||   nEvents =  29854280
          hist weight =  566.591088447*leptonWeight*bjetWeight*puWeight*muonTriggerWeight*EE_L1_prefire_Weight*electronTriggerWeight*genWeightTFile::Append:0: RuntimeWarning: Replacing existing TH1: hist (Potential memory leak).
TFile::Append:0: RuntimeWarning: Replacing existing TH1: hist (Potential memory leak).
TFile::Append:0: RuntimeWarning: Replacing existing TH1: hist (Potential memory leak).
TFile::Append:0: RuntimeWarning: Replacing existing TH1: hist (Potential memory leak).
TFile::Append:0: RuntimeWarning: Replacing existing TH1: hist (Potential memory leak).
TFile::Append:0: RuntimeWarning: Replacing existing TH1: hist (Potential memory leak).
TFile::Append:0: RuntimeWarning: Replacing existing TH1: hist (Potential memory leak).
TFile::Append:0: RuntimeWarning: Replacing existing TH1: hist (Potential memory leak).
TFile::Append:0: RuntimeWarning: Replacing existing TH1: hist (Potential memory leak).
TFile::Append:0: RuntimeWarning: Replacing existing TH1: hist (Potential memory leak).
TFile::Append:0: RuntimeWarning: Replacing existing TH1: hist (Potential memory leak).
TFile::Append:0: RuntimeWarning: Replacing existing TH1: hist (Potential memory leak).
TFile::Append:0: RuntimeWarning: Replacing existing TH1: hist (Potential memory leak).
Sign*METTriggerWeight*(event!=3468768)
          hist nEntries =  0.0
          hist integral =  0.0
      Dataset =  Pt1000to1400  ||   nEvents =  35706078
          hist weight =  0.00868841153599*leptonWeight*bjetWeight*puWeight*muonTriggerWeight*EE_L1_prefire_Weight*electronTriggerWeight*genWeightSign*METTriggerWeight
          hist nEntries =  204.0
          hist integral =  1.63357028831
      Dataset =  Pt1400to1800  ||   nEvents =  11353270
          hist weight =  0.00237183225626*leptonWeight*bjetWeight*puWeight*muonTriggerWeight*EE_L1_prefire_Weight*electronTriggerWeight*genWeightSign*METTriggerWeight
          hist nEntries =  103.0
          hist integral =  0.216108135879
      Dataset =  Pt50to80  ||   nEvents =  38179535
          hist weight =  17088.6392409*leptonWeight*bjetWeight*puWeight*muonTriggerWeight*EE_L1_prefire_Weight*electronTriggerWeight*genWeightSign*METTriggerWeight
          hist nEntries =  0.0
          hist integral =  0.0
      Dataset =  Pt1800to2400  ||   nEvents =  2923941
          hist weight =  0.00124180614452*leptonWeight*bjetWeight*puWeight*muonTriggerWeight*EE_L1_prefire_Weight*electronTriggerWeight*genWeightSign*METTriggerWeight
          hist nEntries =  32.0
          hist integral =  0.0355589243118
      Dataset =  Pt3200toInf  ||   nEvents =  757837
          hist weight =  7.43645533274e-06*leptonWeight*bjetWeight*puWeight*muonTriggerWeight*EE_L1_prefire_Weight*electronTriggerWeight*genWeightSign*METTriggerWeight
          hist nEntries =  19.0
          hist integral =  0.000131329628893
      Dataset =  Pt2400to3200  ||   nEvents =  1910526
          hist weight =  0.00011381738851*leptonWeight*bjetWeight*puWeight*muonTriggerWeight*EE_L1_prefire_Weight*electronTriggerWeight*genWeightSign*METTriggerWeight
          hist nEntries =  27.0
          hist integral =  0.0029819308329
      Dataset =  Pt80to120  ||   nEvents =  56387936
          hist weight =  1720.47581241*leptonWeight*bjetWeight*puWeight*muonTriggerWeight*EE_L1_prefire_Weight*electronTriggerWeight*genWeightSign*METTriggerWeight
          hist nEntries =  0.0
          hist integral =  0.0
      Dataset =  Pt30to50  ||   nEvents =  35500760
          hist weight =  125055.266422*leptonWeight*bjetWeight*puWeight*muonTriggerWeight*EE_L1_prefire_Weight*electronTriggerWeight*genWeightSign*METTriggerWeight
          hist nEntries =  0.0
          hist integral =  0.0
      Dataset =  Pt470to600  ||   nEvents =  55331892
          hist weight =  0.414385125309*leptonWeight*bjetWeight*puWeight*muonTriggerWeight*EE_L1_prefire_Weight*electronTriggerWeight*genWeightSign*METTriggerWeight
          hist nEntries =  48.0
          hist integral =  16.3109453171
      Dataset =  Pt300to470  ||   nEvents =  110887780
          hist weight =  2.55799060997*leptonWeight*bjetWeight*puWeight*muonTriggerWeight*EE_L1_prefire_Weight*electronTriggerWeight*genWeightSign*METTriggerWeight
          hist nEntries =  22.0
          hist integral =  37.3355934769
  Process =  ZTo2L
      Dataset =  HT600To800  ||   nEvents =  8691608
Applied ZTo2L ewk Weights correctly
          hist weight =  0.00812014534595*leptonWeight*bjetWeight*puWeight*muonTriggerWeight*EE_L1_prefire_Weight*electronTriggerWeight*genWeightSign*METTriggerWeight*qcdZTo2LWeight*ewkZWeight*0.934*(nbjets == 0 ? 0.811 : 1.)
          hist nEntries =  504.0
          hist integral =  4.38198366389
      Dataset =  HT1200To2500  ||   nEvents =  616923
Applied ZTo2L ewk Weights correctly
          hist weight =  0.010839464434*leptonWeight*bjetWeight*puWeight*muonTriggerWeight*EE_L1_prefire_Weight*electronTriggerWeight*genWeightSign*METTriggerWeight*qcdZTo2LWeight*ewkZWeight*0.934*(nbjets == 0 ? 0.811 : 1.)
          hist nEntries =  47.0
          hist integral =  0.49993754481
      Dataset =  HT100To200  ||   nEvents =  15124171
Applied ZTo2L ewk Weights correctly
          hist weight =  0.442370229747*leptonWeight*bjetWeight*puWeight*muonTriggerWeight*EE_L1_prefire_Weight*electronTriggerWeight*genWeightSign*METTriggerWeight*qcdZTo2LWeight*ewkZWeight*0.934*(nbjetsTFile::Append:0: RuntimeWarning: Replacing existing TH1: hist (Potential memory leak).
TFile::Append:0: RuntimeWarning: Replacing existing TH1: hist (Potential memory leak).
TFile::Append:0: RuntimeWarning: Replacing existing TH1: hist (Potential memory leak).
TFile::Append:0: RuntimeWarning: Replacing existing TH1: hist (Potential memory leak).
TFile::Append:0: RuntimeWarning: Replacing existing TH1: hist (Potential memory leak).
TFile::Append:0: RuntimeWarning: Replacing existing TH1: hist (Potential memory leak).
TFile::Append:0: RuntimeWarning: Replacing existing TH1: hist (Potential memory leak).
TFile::Append:0: RuntimeWarning: Replacing existing TH1: hist (Potential memory leak).
TFile::Append:0: RuntimeWarning: Replacing existing TH1: hist (Potential memory leak).
TFile::Append:0: RuntimeWarning: Replacing existing TH1: hist (Potential memory leak).
TFile::Append:0: RuntimeWarning: Replacing existing TH1: hist (Potential memory leak).
TFile::Append:0: RuntimeWarning: Replacing existing TH1: hist (Potential memory leak).
TFile::Append:0: RuntimeWarning: Replacing existing TH1: hist (Potential memory leak).
 == 0 ? 0.811 : 1.)
          hist nEntries =  0.0
          hist integral =  0.0
      Dataset =  HT2500ToInf  ||   nEvents =  401334
Applied ZTo2L ewk Weights correctly
          hist weight =  0.00036425129842*leptonWeight*bjetWeight*puWeight*muonTriggerWeight*EE_L1_prefire_Weight*electronTriggerWeight*genWeightSign*METTriggerWeight*qcdZTo2LWeight*ewkZWeight*0.934*(nbjets == 0 ? 0.811 : 1.)
          hist nEntries =  51.0
          hist integral =  0.0178710834298
      Dataset =  HT400To600  ||   nEvents =  11294006
Applied ZTo2L ewk Weights correctly
          hist weight =  0.025366307544*leptonWeight*bjetWeight*puWeight*muonTriggerWeight*EE_L1_prefire_Weight*electronTriggerWeight*genWeightSign*METTriggerWeight*qcdZTo2LWeight*ewkZWeight*0.934*(nbjets == 0 ? 0.811 : 1.)
          hist nEntries =  517.0
          hist integral =  14.7282306477
      Dataset =  HT200To400  ||   nEvents =  11896758
Applied ZTo2L ewk Weights correctly
          hist weight =  0.169695723003*leptonWeight*bjetWeight*puWeight*muonTriggerWeight*EE_L1_prefire_Weight*electronTriggerWeight*genWeightSign*METTriggerWeight*qcdZTo2LWeight*ewkZWeight*0.934*(nbjets == 0 ? 0.811 : 1.)
          hist nEntries =  86.0
          hist integral =  16.9095787406
      Dataset =  HT800To1200  ||   nEvents =  3089712
Applied ZTo2L ewk Weights correctly
          hist weight =  0.00981646188771*leptonWeight*bjetWeight*puWeight*muonTriggerWeight*EE_L1_prefire_Weight*electronTriggerWeight*genWeightSign*METTriggerWeight*qcdZTo2LWeight*ewkZWeight*0.934*(nbjets == 0 ? 0.811 : 1.)
          hist nEntries =  171.0
          hist integral =  1.71768428897
  Process =  singleTop
      Dataset =  ST_s-channel  ||   nEvents =  6167441
          hist weight =  0.0224907218407*leptonWeight*bjetWeight*puWeight*muonTriggerWeight*EE_L1_prefire_Weight*electronTriggerWeight*genWeightSign*METTriggerWeight
          hist nEntries =  892.0
          hist integral =  11.2328027096
      Dataset =  ST_t-channel_antitop  ||   nEvents =  3675910
          hist weight =  0.914563604658*leptonWeight*bjetWeight*puWeight*muonTriggerWeight*EE_L1_prefire_Weight*electronTriggerWeight*genWeightSign*METTriggerWeight
          hist nEntries =  42.0
          hist integral =  35.3537507057
      Dataset =  ST_t-channel_top  ||   nEvents =  5982064
          hist weight =  0.944307951236*leptonWeight*bjetWeight*puWeight*muonTriggerWeight*EE_L1_prefire_Weight*electronTriggerWeight*genWeightSign*METTriggerWeight
          hist nEntries =  71.0
          hist integral =  62.951376915
      Dataset =  ST_tW_top  ||   nEvents =  7734344
          hist weight =  0.192498613974*leptonWeight*bjetWeight*puWeight*muonTriggerWeight*EE_L1_prefire_Weight*electronTriggerWeight*genWeightSign*METTriggerWeight
          hist nEntries =  1539.0
          hist integral =  268.594663382
      Dataset =  ST_tW_antitop  ||   nEvents =  7916640
          hist weight =  0.188065959801*leptonWeight*bjetWeight*puWeight*muonTriggerWeight*EE_L1_prefire_Weight*electronTriggerWeight*genWeightSign*METTriggerWeight
          hist nEntries =  1567.0
          hist integral =  265.687382758
  Process =  WZ
      Dataset =  WZTo2Q2Nu  ||   nEvents =  18476383
          hist weight =  0.0154149619003*leptonWeight*bjetWeight*puWeight*muonTriggerWeight*EE_L1_prefire_Weight*electronTriggerWeight*genWeightSign*METTriggerWeight
          hist nEntries =  23371.0
          hist integral =  164.472853303
      Dataset =  WZTo3LNu  ||   nEvents =  6887413
          hist weight =  0.0304627528507*leptonWeight*bjetWeight*puWeight*muonTriggerWeight*EE_L1_prefire_Weight*electronTriggerWeight*genWeightSign*METTriggerWeight
          hist nEntries =  90.0
          hist integral =  1.34646528028
      Dataset =  WZTo1L1Nu2Q  ||   nEvents =  11347099
          hist weight =  0.0426752071168*leptonWeight*bjetWeight*puWeight*muonTriggerWeight*EE_L1_prefire_Weight*electronTriggerWeight*genWeightSign*METTriggerWeight
          hist nEntries =  3068.0
          hist integral =  59.7281986475
      Dataset =  WZTo1L3Nu  ||   nEvents =  2717911
       TFile::Append:0: RuntimeWarning: Replacing existing TH1: hist (Potential memory leak).
TFile::Append:0: RuntimeWarning: Replacing existing TH1: hist (Potential memory leak).
TFile::Append:0: RuntimeWarning: Replacing existing TH1: hist (Potential memory leak).
TFile::Append:0: RuntimeWarning: Replacing existing TH1: hist (Potential memory leak).
TFile::Append:0: RuntimeWarning: Replacing existing TH1: hist (Potential memory leak).
TFile::Append:0: RuntimeWarning: Replacing existing TH1: hist (Potential memory leak).
TFile::Append:0: RuntimeWarning: Replacing existing TH1: hist (Potential memory leak).
TFile::Append:0: RuntimeWarning: Replacing existing TH1: hist (Potential memory leak).
   hist weight =  0.0510661533803*leptonWeight*bjetWeight*puWeight*muonTriggerWeight*EE_L1_prefire_Weight*electronTriggerWeight*genWeightSign*METTriggerWeight
          hist nEntries =  670.0
          hist integral =  13.8174021244
      Dataset =  WZTo2L2Q  ||   nEvents =  16664610
          hist weight =  0.0157775327475*leptonWeight*bjetWeight*puWeight*muonTriggerWeight*EE_L1_prefire_Weight*electronTriggerWeight*genWeightSign*METTriggerWeight
          hist nEntries =  145.0
          hist integral =  1.02134175599
  Process =  WPlusJets
      Dataset =  HT600To800  ||   nEvents =  21582309
Applied WPlusJets ewk Weights correctly
          hist weight =  0.0277370707648*leptonWeight*bjetWeight*puWeight*muonTriggerWeight*EE_L1_prefire_Weight*electronTriggerWeight*genWeightSign*METTriggerWeight*qcdWWeight*ewkWWeight*0.9135*(nbjets == 0 ? 0.874 : 1.)
          hist nEntries =  15689.0
          hist integral =  446.550543785
      Dataset =  HT1200To2500  ||   nEvents =  19991892
Applied WPlusJets ewk Weights correctly
          hist weight =  0.00297177921129*leptonWeight*bjetWeight*puWeight*muonTriggerWeight*EE_L1_prefire_Weight*electronTriggerWeight*genWeightSign*METTriggerWeight*qcdWWeight*ewkWWeight*0.9135*(nbjets == 0 ? 0.874 : 1.)
          hist nEntries =  17088.0
          hist integral =  50.4370881915
      Dataset =  HT100To200  ||   nEvents =  35804623
Applied WPlusJets ewk Weights correctly
          hist weight =  1.60674250222*leptonWeight*bjetWeight*puWeight*muonTriggerWeight*EE_L1_prefire_Weight*electronTriggerWeight*genWeightSign*METTriggerWeight*qcdWWeight*ewkWWeight*0.9135*(nbjets == 0 ? 0.874 : 1.)
          hist nEntries =  7.0
          hist integral =  10.3435542285
      Dataset =  HT2500ToInf  ||   nEvents =  20629585
Applied WPlusJets ewk Weights correctly
          hist weight =  6.76495637697e-05*leptonWeight*bjetWeight*puWeight*muonTriggerWeight*EE_L1_prefire_Weight*electronTriggerWeight*genWeightSign*METTriggerWeight*qcdWWeight*ewkWWeight*0.9135*(nbjets == 0 ? 0.874 : 1.)
          hist nEntries =  15423.0
          hist integral =  1.0420259526
      Dataset =  HT400To600  ||   nEvents =  14250114
Applied WPlusJets ewk Weights correctly
          hist weight =  0.169025223209*leptonWeight*bjetWeight*puWeight*muonTriggerWeight*EE_L1_prefire_Weight*electronTriggerWeight*genWeightSign*METTriggerWeight*qcdWWeight*ewkWWeight*0.9135*(nbjets == 0 ? 0.874 : 1.)
          hist nEntries =  6763.0
          hist integral =  1224.31374645
      Dataset =  HT200To400  ||   nEvents =  21192211
Applied WPlusJets ewk Weights correctly
          hist weight =  0.800953103666*leptonWeight*bjetWeight*puWeight*muonTriggerWeight*EE_L1_prefire_Weight*electronTriggerWeight*genWeightSign*METTriggerWeight*qcdWWeight*ewkWWeight*0.9135*(nbjets == 0 ? 0.874 : 1.)
          hist nEntries =  1273.0
          hist integral =  1155.18562698
      Dataset =  HT800To1200  ||   nEvents =  20272990
Applied WPlusJets ewk Weights correctly
          hist weight =  0.0132129338573*leptonWeight*bjetWeight*puWeight*muonTriggerWeight*EE_L1_prefire_Weight*electronTriggerWeight*genWeightSign*METTriggerWeight*qcdWWeight*ewkWWeight*0.9135*(nbjets == 0 ? 0.874 : 1.)
          hist nEntries =  16763.0
          hist integral =  222.813719749
-----------------------------
Total data background nEvents =  18506.0
Total data background integral =  18506.0
-----------------------------
Total MC background nEvents =  542089.0
Total MC background integral =  17087.5625763
-----------------------------
Total tt+DM signal nEvents =  9953.0
Total tt+DM signal integral =  192.980683446
Total t+DM signal nEvents =  6497.0
Total t+DM signal integral =  154.527521014
-----------------------------
FOM for tt+DM signal =  0.596171242899
FOM for t+DM signal =  0.541732469223
-----------------------------
Data bin content:
    bin 0: 0.0
    bin 1: 5353.0
    bin 2: 3654.0
    bin 3: 2475.0
    bin 4: 1743.0
    bin 5: 1230.0
    bin 6: 988.0
    bin 7: 707.0
    bin 8: 531.0
    bin 9: 364.0
    bin 10: 299.0
    bin 11: 224.0
    bin 12: 176.0
    bin 13: 146.0
    bin 14: 103.0
    bin 15: 90.0
    bin 16: 423.0
-----------------------------
MC background bin content:
    bin 0: 0.0
    bin 1: 4786.36425781
    bin 2: 3397.75024414
    bin 3: 2307.01318359
    bin 4: 1646.21362305
    bin 5: 1178.92041016
    bin 6: 884.500488281
    bin 7: 647.219726562
    bin 8: 478.182006836
    bin 9: 374.079803467
    bin 10: 285.231994629
    bin 11: 220.007415771
    bin 12: 174.144165039
    bin 13: 132.739807129
    bin 14: 110.0809021
    bin 15: 85.1009368896
    bin 16: 380.01361084
-----------------------------
tt+DM bin content:
    bin 0: 0.0
    bin 1: 40.2724685669
    bin 2: 31.8151550293
    bin 3: 23.5606975555
    bin 4: 18.9566783905
    bin 5: 15.6582841873
    bin 6: 12.1911096573
    bin 7: 9.21386432648
    bin 8: 7.24979877472
    bin 9: 6.42292737961
    bin 10: 5.29000282288
    bin 11: 3.89027237892
    bin 12: 3.60586237907
    bin 13: 2.32391571999
    bin 14: 2.14959454536
    bin 15: 1.72085773945
    bin 16: 8.65919399261
-----------------------------
t+DM bin content:
    bin 0: 0.0
    bin 1: 25.3137779236
    bin 2: 21.1267566681
    bin 3: 18.1646327972
    bin 4: 15.5310297012
    bin 5: 12.693983078
    bin 6: 9.02166080475
    bin 7: 7.07284641266
    bin 8: 6.5461807251
    bin 9: 5.31584835052
    bin 10: 5.74479818344
    bin 11: 4.16518259048
    bin 12: 3.97363996506
    bin 13: 3.69375944138
    bin 14: 2.99223613739
    bin 15: 1.88168895245
    bin 16: 11.2894992828
-----------------------------
Data bin errors:
    bin 0: 0.0
    bin 1: 73.1641988954
    bin 2: 60.4483250388
    bin 3: 49.7493718553
    bin 4: 41.7492514903
    bin 5: 35.0713558335
    bin 6: 31.432467291
    bin 7: 26.5894716006
    bin 8: 23.0434372436
    bin 9: 19.0787840283
    bin 10: 17.2916164658
    bin 11: 14.9666295471
    bin 12: 13.2664991614
    bin 13: 12.0830459736
    bin 14: 10.1488915651
    bin 15: 9.48683298051
    bin 16: 20.5669638012
-----------------------------
MC background bin errors:
    bin 0: 0.0
    bin 1: 35.3853316526
    bin 2: 29.4028266767
    bin 3: 22.6425900009
    bin 4: 17.9983419133
    bin 5: 14.3541434119
    bin 6: 12.3387143838
    bin 7: 9.79220461329
    bin 8: 7.72208170397
    bin 9: 6.46645550641
    bin 10: 6.15598206711
    bin 11: 4.70248371985
    bin 12: 4.13650869413
    bin 13: 3.76397314525
    bin 14: 2.91831950245
    bin 15: 2.35807102824
    bin 16: 4.36690510373
-----------------------------
tt+DM bin errors:
    bin 0: 0.0
    bin 1: 0.94840406546
    bin 2: 0.842879447888
    bin 3: 0.723407478698
    bin 4: 0.649033357602
    bin 5: 0.591256983548
    bin 6: 0.52511008851
    bin 7: 0.458013691126
    bin 8: 0.398372074082
    bin 9: 0.380398019129
    bin 10: 0.343968177682
    bin 11: 0.29462319973
    bin 12: 0.288786293548
    bin 13: 0.224502874991
    bin 14: 0.221194896904
    bin 15: 0.19797876339
    bin 16: 0.437572936183
-----------------------------
t+DM bin errors:
    bin 0: 0.0
    bin 1: 1.01179563402
    bin 2: 0.923932867491
    bin 3: 0.846363780464
    bin 4: 0.776326248234
    bin 5: 0.70890275186
    bin 6: 0.584860800804
    bin 7: 0.501701880451
    bin 8: 0.485977739633
    bin 9: 0.446294134604
    bin 10: 0.480742052596
    bin 11: 0.395578050874
    bin 12: 0.389896100724
    bin 13: 0.395579191871
    bin 14: 0.337482165177
    bin 15: 0.245155417103
    bin 16: 0.607438043292
-----------------------------
ZTo2Nu hist info:
    nEvents =  104898.0
    integral =  6578.08591461
    bin 1 integral =  2624.95544434
tbar scalar hist info:
    nEvents =  6497.0
    integral =  154.527521014
    bin 1 integral =  46.4405345917
TTTo2L2Nu hist info:
    nEvents =  1096.0
    integral =  413.80536747
    bin 1 integral =  232.80065155
singleTop hist info:
    nEvents =  4111.0
    integral =  643.819977283
    bin 1 integral =  337.892028809
TTV hist info:
    nEvents =  152188.0
    integral =  113.044083118
    bin 1 integral =  41.285993576
bkgSum hist info:
    nEvents =  542089.0
    integral =  17087.5625763
    bin 1 integral =  8184.11450195
Other hist info:
    nEventInfo in <TCanvas::Print>: png file AH0l0fSR2017_METcorrected_pt_02_13_2024_splitBjetUnc.png has been created
s =  31046.0
    integral =  88.3921766281
    bin 1 integral =  40.086101532
ttbar scalar hist info:
    nEvents =  9953.0
    integral =  192.980683446
    bin 1 integral =  72.0876235962
VV hist info:
    nEvents =  77541.0
    integral =  432.942098618
    bin 1 integral =  166.909835815
QCD hist info:
    nEvents =  904.0
    integral =  67.2325194329
    bin 1 integral =  30.1784582138
ZTo2L hist info:
    nEvents =  1376.0
    integral =  38.2552869469
    bin 1 integral =  20.6469831467
data hist info:
    nEvents =  18506.0
    integral =  18506.0
    bin 1 integral =  9007.0
WPlusJets hist info:
    nEvents =  73006.0
    integral =  3110.68631077
    bin 1 integral =  1507.90209961
TTToSemiLepton hist info:
    nEvents =  95923.0
    integral =  5601.29896164
    bin 1 integral =  3181.45703125
Finished filling histograms
Creating stacked MC background histogram...
Finished stacking MC background histograms.
Drawing histograms...
Finished drawing histograms
Drawing ratio plot...
Plotting end time: 2024-02-13 19:13:36.634333
