plots/plot.py:952: SyntaxWarning: name 'counter' is used prior to global declaration
  global counter
Cut name =  SL1l2bT1SR
MC Selection Cuts =  (nTightElectrons == 1 && nVetoElectrons == 1 && nLooseMuons == 0 && njets >= 2 && nbjets >= 1 && METcorrected_pt >= 250 && Flag_goodVertices && Flag_globalSuperTightHalo2016Filter && Flag_HBHENoiseFilter && Flag_HBHENoiseIsoFilter && Flag_EcalDeadCellTriggerPrimitiveFilter && Flag_BadPFMuonFilter && Flag_ecalBadCalibFilterV2 && ((passEle32WPTightGsf2017) || (HLT_Ele115_CaloIdVT_GsfTrkIdT || HLT_Photon200)) && PV_npvsGood > 0 && PV_ndof > 4 && abs(PV_z) < 24 && sqrt(pow(PV_x,2)+pow(PV_y,2)) < 2 && nbjets >= 2 && M_T >= 140 && M_T2W >= 180 && minDeltaPhi12 >= 0.8 && M_Tb >= 140 && modified_topness <= 0) || (nTightMuons == 1 && nLooseMuons == 1 && nVetoElectrons == 0 && njets >= 2 && nbjets >= 1 && METcorrected_pt >= 250 && Flag_goodVertices && Flag_globalSuperTightHalo2016Filter && Flag_HBHENoiseFilter && Flag_HBHENoiseIsoFilter && Flag_EcalDeadCellTriggerPrimitiveFilter && Flag_BadPFMuonFilter && Flag_ecalBadCalibFilterV2 && (HLT_IsoMu27) && PV_npvsGood > 0 && PV_ndof > 4 && abs(PV_z) < 24 && sqrt(pow(PV_x,2)+pow(PV_y,2)) < 2 && nbjets >= 2 && M_T >= 140 && M_T2W >= 180 && minDeltaPhi12 >= 0.8 && M_Tb >= 140 && modified_topness <= 0)
Data Selection Cuts =  (nTightElectrons == 1 && nVetoElectrons == 1 && nLooseMuons == 0 && njets >= 2 && nbjets >= 1 && METcorrected_pt >= 250 && Flag_goodVertices && Flag_globalSuperTightHalo2016Filter && Flag_HBHENoiseFilter && Flag_HBHENoiseIsoFilter && Flag_EcalDeadCellTriggerPrimitiveFilter && Flag_BadPFMuonFilter && Flag_ecalBadCalibFilterV2 && ((passEle32WPTightGsf2017) || (HLT_Ele115_CaloIdVT_GsfTrkIdT || HLT_Photon200)) && PV_npvsGood > 0 && PV_ndof > 4 && abs(PV_z) < 24 && sqrt(pow(PV_x,2)+pow(PV_y,2)) < 2 && nbjets >= 2 && M_T >= 140 && M_T2W >= 180 && minDeltaPhi12 >= 0.8 && M_Tb >= 140 && modified_topness <= 0) || (nTightMuons == 1 && nLooseMuons == 1 && nVetoElectrons == 0 && njets >= 2 && nbjets >= 1 && METcorrected_pt >= 250 && Flag_goodVertices && Flag_globalSuperTightHalo2016Filter && Flag_HBHENoiseFilter && Flag_HBHENoiseIsoFilter && Flag_EcalDeadCellTriggerPrimitiveFilter && Flag_BadPFMuonFilter && Flag_ecalBadCalibFilterV2 && (HLT_IsoMu27) && PV_npvsGood > 0 && PV_ndof > 4 && abs(PV_z) < 24 && sqrt(pow(PV_x,2)+pow(PV_y,2)) < 2 && nbjets >= 2 && M_T >= 140 && M_T2W >= 180 && minDeltaPhi12 >= 0.8 && M_Tb >= 140 && modified_topness <= 0) && Flag_eeBadScFilter
var =  METcorrected_pt
year =  2017
lumi =  41.53
saveDirectory =  plots/2017_QCDSR_debugging/RunII_plots/fJet_pt/
date =  02_13_2024
applying HEM fix for 2018...
Creating histograms..
Histogram options: 
    nbins =  5
    xmin =  250
    xmax =  400
    auto_y =  True
    doLogPlot =  False
    drawData =  True
    mediatorType =  scalar
    mchi =  1
    mphi =  100
    normalizePlots =  False
    doBinned =  False
    savePlots =  True
    combineEleMu =  True
    doSys =  False
    doSysFirstHalf =  False
    doSysSecondHalf =  False
    drawOverflow =  True
    drawUnderflow =  False
    plotSys =  False
    plotSysVar =  CMS_eff_b_light_2018
    plotSysSignal =  False
Drawing data and ratio plot...
Selected SingleMuon, SingleElectron, and SinglePhoton dataset
Loading data sample root files and event trees...
    ----Loading /hdfs/store/user/vshang/SingleElectron_Run2017B/SingleElectron/ModuleCommonSkim_12242022/tree_all.root
    ----Loading /hdfs/store/user/vshang/SingleElectron_Run2017C/SingleElectron/ModuleCommonSkim_12242022/tree_all.root
    ----Loading /hdfs/store/user/vshang/SingleElectron_Run2017D/SingleElectron/ModuleCommonSkim_12242022/tree_all.root
    ----Loading /hdfs/store/user/vshang/SingleElectron_Run2017E/SingleElectron/ModuleCommonSkim_12242022/tree_all.root
    ----Loading /hdfs/store/user/vshang/SingleElectron_Run2017F/SingleElectron/ModuleCommonSkim_12242022/tree_all.root
    total nevents in  SingleElectron :  140382
    ----Loading /hdfs/store/user/vshang/SinglePhoton_Run2017B/SinglePhoton/ModuleCommonSkim_12242022/tree_all.root
    ----Loading /hdfs/store/user/vshang/SinglePhoton_Run2017C/SinglePhoton/ModuleCommonSkim_12242022/tree_all.root
    ----Loading /hdfs/store/user/vshang/SinglePhoton_Run2017D/SinglePhoton/ModuleCommonSkim_12242022/tree_all.root
    ----Loading /hdfs/store/user/vshang/SinglePhoton_Run2017E/SinglePhoton/ModuleCommonSkim_12242022/tree_all.root
    ----Loading /hdfs/store/user/vshang/SinglePhoton_Run2017F/SinglePhoton/ModuleCommonSkim_12242022/tree_all.root
    total nevents in  SinglePhoton :  155495
    ----Loading /hdfs/store/user/vshang/SingleMuon_Run2017B/SingleMuon/ModuleCommonSkim_12242022/tree_all.root
    ----Loading /hdfs/store/user/vshang/SingleMuon_Run2017C/SingleMuon/ModuleCommonSkim_12242022/tree_all.root
    ----Loading /hdfs/store/user/vshang/SingleMuon_Run2017D/SingleMuon/ModuleCommonSkim_12242022/tree_all.root
    ----Loading /hdfs/store/user/vshang/SingleMuon_Run2017E/SingleMuon/ModuleCommonSkim_12242022/tree_all.root
    ----Loading /hdfs/store/user/vshang/SingleMuon_Run2017F/SingleMuon/ModuleCommonSkim_12242022/tree_all.root
    total nevents in  SingleMuon :  266193
Got data sample root files and event trees
Loading MC sample root files and event trees...
Loading process:  ZTo2Nu
    ----Loading HT600To800
    nevents in  ZTo2Nu   HT600To800 :  5615921
    ----Loading HT1200To2500
    nevents in  ZTo2Nu   HT1200To2500 :  336181
    ----Loading HT100To200
    nevents in  ZTo2Nu   HT100To200 :  22702468
    ----Loading HT2500ToInf
    nevents in  ZTo2Nu   HT2500ToInf :  6446
    ----Loading HT400To600
    nevents in  ZTo2Nu   HT400To600 :  9501265
    ----Loading HT200To400
    nevents in  ZTo2Nu   HT200To400 :  21389579
    ----Loading HT800To1200
    nevents in  ZTo2Nu   HT800To1200 :  2041779
Loading process:  tbar scalar
    ----Loading tChan_MChi1_MPhi100_scalar
    nevents in  tbar scalar   tChan_MChi1_MPhi100_scalar :  247000
    ----Loading tWChan_MChi1_MPhi100_scalar
    nevents in  tbar scalar   tWChan_MChi1_MPhi100_scalar :  171000
Loading process:  TTV
    ----Loading TTZToQQ
    nevents in  TTV   TTZToQQ :  4602104
    ----Loading TTWJetsToLNu
    nevents in  TTV   TTWJetsToLNu :  5394782
    ----Loading TTWJetsToQQ
    nevents in  TTV   TTWJetsToQQ :  441560
    ----Loading TTZToLLNuNu
    nevents in  TTV   TTZToLLNuNu :  7316018
Loading process:  WW
    ----Loading WWTo1L1Nu2Q
    nevents in  WW   WWTo1L1Nu2Q :  3169582
    ----Loading WWTo4Q
    nevents in  WW   WWTo4Q :  1992402
    ----Loading WWTo2L2Nu
    nevents in  WW   WWTo2L2Nu :  1992522
Loading process:  ttbarPlusJets
    ----Loading TTToSemiLepton
    nevents in  ttbarPlusJets   TTToSemiLepton :  239169221
    ----Loading TTTo2L2Nu
    nevents in  ttbarPlusJets   TTTo2L2Nu :  8926992
Loading process:  Other
    ----Loading ZH_HToBB_ZToNuNu
    nevents in  Other   ZH_HToBB_ZToNuNu :  5250476
    ----Loading tZq
    nevents in  Other   tZq :  3467904
    ----Loading WplusH_HToBB_WToLNu
    nevents in  Other   WplusH_HToBB_WToLNu :  2343366
    ----Loading GluGluHToZZTo4L
    nevents in  Other   GluGluHToZZTo4L :  1933230
    ----Loading ttHTobb
    nevents in  Other   ttHTobb :  7833734
    ----Loading ZZZ
    nevents in  Other   ZZZ :  427832
    ----Loading TTGJets
    nevents in  Other   TTGJets :  5441639
    ----Loading WplusH_HToBB_WToQQ
    nevents in  Other   WplusH_HToBB_WToQQ :  476787
    ----Loading WminusH_HToBB_WToLNu
    nevents in  Other   WminusH_HToBB_WToLNu :  2256768
    ----Loading WWW
    nevents in  Other   WWW :  413736
    ----Loading ttHToNonbb
    nevents in  Other   ttHToNonbb :  12472780
    ----Loading WWZ
    nevents in  Other   WWZ :  441586
    ----Loading WZZ
    nevents in  Other   WZZ :  439320
    ----Loading WWG
    nevents in  Other   WWG :  1628026
    ----Loading TTTT
    nevents in  Other   TTTT :  373734
    ----Loading WminusH_HToBB_WToQQ
    nevents in  Other   WminusH_HToBB_WToQQ :  459170
    ----Loading WZG
    nevents in  Other   WZG :  840872
    ----Loading VHToNonbb
    nevents in  Other   VHToNonbb :  451414
Loading process:  ttbar scalar
    ----Loading ttDM_MChi1_MPhi100_scalar
    nevents in  ttbar scalar   ttDM_MChi1_MPhi100_scalar :  1540506
Loading process:  ZZ
    ----Loading ZZTo2Q2Nu
    nevents in  ZZ   ZZTo2Q2Nu :  39202099
    ----Loading ZZTo4L
    nevents in  ZZ   ZZTo4L :  6893887
    ----Loading ZZTo2L2Q
    nevents in  ZZ   ZZTo2L2Q :  17513566
    ----Loading ZZTo2L2Nu
    nevents in  ZZ   ZZTo2L2Nu :  8733658
Loading process:  QCD
    ----Loading Pt170to300
    nevents in  QCD   Pt170to300 :  56298920
    ----Loading Pt15to30
    nevents in  QCD   Pt15to30 :  19169000
    ----Loading Pt800to1000
    nevents in  QCD   Pt800to1000 :  77660008
    ----Loading Pt600to800
    nevents in  QCD   Pt600to800 :  128548964
    ----Loading Pt120to170
    nevents in  QCD   Pt120to170 :  29854280
    ----Loading Pt1000to1400
    nevents in  QCD   Pt1000to1400 :  35706078
    ----Loading Pt1400to1800
    nevents in  QCD   Pt1400to1800 :  11353270
    ----Loading Pt50to80
    nevents in  QCD   Pt50to80 :  38179535
    ----Loading Pt1800to2400
    nevents in  QCD   Pt1800to2400 :  2923941
    ----Loading Pt3200toInf
    nevents in  QCD   Pt3200toInf :  757837
    ----Loading Pt2400to3200
    nevents in  QCD   Pt2400to3200 :  1910526
    ----Loading Pt80to120
    nevents in  QCD   Pt80to120 :  56387936
    ----Loading Pt30to50
    nevents in  QCD   Pt30to50 :  35500760
    ----Loading Pt470to600
    nevents in  QCD   Pt470to600 :  55331892
    ----Loading Pt300to470
    nevents in  QCD   Pt300to470 :  110887780
Loading process:  ZTo2L
    ----Loading HT600To800
    nevents in  ZTo2L   HT600To800 :  8691608
    ----Loading HT1200To2500
    nevents in  ZTo2L   HT1200To2500 :  616923
    ----Loading HT100To200
    nevents in  ZTo2L   HT100To200 :  15124171
    ----Loading HT2500ToInf
    nevents in  ZTo2L   HT2500ToInf :  401334
    ----Loading HT400To600
    nevents in  ZTo2L   HT400To600 :  11294006
    ----Loading HT200To400
    nevents in  ZTo2L   HT200To400 :  11896758
    ----Loading HT800To1200
    nevents in  ZTo2L   HT800To1200 :  3089712
Loading process:  singleTop
    ----Loading ST_s-channel
    nevents in  singleTop   ST_s-channel :  6167441
    ----Loading ST_t-channel_antitop
    nevents in  singleTop   ST_t-channel_antitop :  3675910
    ----Loading ST_t-channel_top
    nevents in  singleTop   ST_t-channel_top :  5982064
    ----Loading ST_tW_top
    nevents in  singleTop   ST_tW_top :  7734344
    ----Loading ST_tW_antitop
    nevents in  singleTop   ST_tW_antitop :  7916640
Loading process:  WZ
    ----Loading WZTo2Q2Nu
    nevents in  WZ   WZTo2Q2Nu :  18476383
    ----Loading WZTo3LNu
    nevents in  WZ   WZTo3LNu :  6887413
    ----Loading WZTo1L1Nu2Q
    nevents in  WZ   WZTo1L1Nu2Q :  11347099
    ----Loading WZTo1L3Nu
    nevents in  WZ   WZTo1L3Nu :  2717911
    ----Loading WZTo2L2Q
    nevents in  WZ   WZTo2L2Q :  16664610
Loading process:  WPlusJets
    ----Loading HT600To800
    nevents in  WPlusJets   HT600To800 :  21582309
    ----Loading HT1200To2500
    nevents in  WPlusJets   HT1200To2500 :  19991892
    ----Loading HT100To200
    nevents in  WPlusJets   HT100To200 :  35804623
    ----Loading HT2500ToInf
    nevents in  WPlusJets   HT2500ToInf :  20629585
    ----Loading HT400To600
    nevents in  WPlusJets   HT400To600 :  14250114
    ----Loading HT200To400
    nevents in  WPlusJets   HT200To400 :  21192211
    ----Loading HT800To1200
    nevents in  WPlusJets   HT800To1200 :  20272990
Got MC sample root files and event trees
Filling data histograms...
  Dataset =  SingleElectron  ||   nEvents =  140382
  Using cut =  nTightElectrons == 1 && nVetoElectrons == 1 && nLooseMuons == 0 && njets >= 2 && nbjets >= 1 && METcorrected_pt >= 250 && Flag_goodVertices && Flag_globalSuperTightHalo2016Filter && Flag_HBHENoiseFilter && Flag_HBHENoiseIsoFilter && Flag_EcalDeadCellTriggerPrimitiveFilter && Flag_BadPFMuonFilter && Flag_ecalBadCalibFilterV2 && ((passEle32WPTightGsf2017) || (HLT_Ele115_CaloIdVT_GsfTrkIdT)) && PV_npvsGood > 0 && PV_ndof > 4 && abs(PV_z) < 24 && sqrt(pow(PV_x,2)+pow(PV_y,2)) < 2 && nbjets >= 2 && M_T >= 140 && M_T2W >= 180 && minDeltaPhi12 >= 0.8 && M_Tb >= 140 && modified_topness <= 0 && Flag_eeBadScFilter
   Using cut =  nTightElectrons == 1 && nVetoElectrons == 1 &&Error in <TTreeFormula::Compile>:  Bad numerical expression : "HLT_Ele115_CaloIdVT_GsfTrkIdT"
Info in <TSelectorDraw::AbortProcess>: Variable compilation failed: {METcorrected_pt,nTightElectrons == 1 && nVetoElectrons == 1 && nLooseMuons == 0 && njets >= 2 && nbjets >= 1 && METcorrected_pt >= 250 && Flag_goodVertices && Flag_globalSuperTightHalo2016Filter && Flag_HBHENoiseFilter && Flag_HBHENoiseIsoFilter && Flag_EcalDeadCellTriggerPrimitiveFilter && Flag_BadPFMuonFilter && Flag_ecalBadCalibFilterV2 && ((passEle32WPTightGsf2017) || (HLT_Ele115_CaloIdVT_GsfTrkIdT)) && PV_npvsGood > 0 && PV_ndof > 4 && abs(PV_z) < 24 && sqrt(pow(PV_x,2)+pow(PV_y,2)) < 2 && nbjets >= 2 && M_T >= 140 && M_T2W >= 180 && minDeltaPhi12 >= 0.8 && M_Tb >= 140 && modified_topness <= 0 && Flag_eeBadScFilter}
TFile::Append:0: RuntimeWarning: Replacing existing TH1: hist (Potential memory leak).
Info in <TCanvas::MakeDefCanvas>:  created default TCanvas with name c1
TFile::Append:0: RuntimeWarning: Replacing existing TH1: hist (Potential memory leak).
TFile::Append:0: RuntimeWarning: Replacing existing TH1: hist (Potential memory leak).
TFile::Append:0: RuntimeWarning: Replacing existing TH1: hist (Potential memory leak).
TFile::Append:0: RuntimeWarning: Replacing existing TH1: hist (Potential memory leak).
 nLooseMuons == 0 && njets >= 2 && nbjets >= 1 && METcorrected_pt >= 250 && Flag_goodVertices && Flag_globalSuperTightHalo2016Filter && Flag_HBHENoiseFilter && Flag_HBHENoiseIsoFilter && Flag_EcalDeadCellTriggerPrimitiveFilter && Flag_BadPFMuonFilter && Flag_ecalBadCalibFilterV2 && ((passEle32WPTightGsf2017) || (HLT_Ele115_CaloIdVT_GsfTrkIdT)) && PV_npvsGood > 0 && PV_ndof > 4 && abs(PV_z) < 24 && sqrt(pow(PV_x,2)+pow(PV_y,2)) < 2 && nbjets >= 2 && M_T >= 140 && M_T2W >= 180 && minDeltaPhi12 >= 0.8 && M_Tb >= 140 && modified_topness <= 0 && Flag_eeBadScFilter
    hist nEntries =  0.0
    hist integral =  0.0
    hist_data nEntries =  0.0
    hist_data integral =  0.0
  Using cut =  nTightElectrons == 1 && nVetoElectrons == 1 && nLooseMuons == 0 && njets >= 2 && nbjets >= 1 && METcorrected_pt >= 250 && Flag_goodVertices && Flag_globalSuperTightHalo2016Filter && Flag_HBHENoiseFilter && Flag_HBHENoiseIsoFilter && Flag_EcalDeadCellTriggerPrimitiveFilter && Flag_BadPFMuonFilter && Flag_ecalBadCalibFilterV2 && ((passEle32WPTightGsf2017) || (HLT_Ele115_CaloIdVT_GsfTrkIdT)) && PV_npvsGood > 0 && PV_ndof > 4 && abs(PV_z) < 24 && sqrt(pow(PV_x,2)+pow(PV_y,2)) < 2 && nbjets >= 2 && M_T >= 140 && M_T2W >= 180 && minDeltaPhi12 >= 0.8 && M_Tb >= 140 && modified_topness <= 0 && Flag_eeBadScFilter
    hist nEntries =  11.0
    hist integral =  11.0
    hist_data nEntries =  11.0
    hist_data integral =  11.0
  Using cut =  nTightElectrons == 1 && nVetoElectrons == 1 && nLooseMuons == 0 && njets >= 2 && nbjets >= 1 && METcorrected_pt >= 250 && Flag_goodVertices && Flag_globalSuperTightHalo2016Filter && Flag_HBHENoiseFilter && Flag_HBHENoiseIsoFilter && Flag_EcalDeadCellTriggerPrimitiveFilter && Flag_BadPFMuonFilter && Flag_ecalBadCalibFilterV2 && ((passEle32WPTightGsf2017) || (HLT_Ele115_CaloIdVT_GsfTrkIdT)) && PV_npvsGood > 0 && PV_ndof > 4 && abs(PV_z) < 24 && sqrt(pow(PV_x,2)+pow(PV_y,2)) < 2 && nbjets >= 2 && M_T >= 140 && M_T2W >= 180 && minDeltaPhi12 >= 0.8 && M_Tb >= 140 && modified_topness <= 0 && Flag_eeBadScFilter
    hist nEntries =  2.0
    hist integral =  2.0
    hist_data nEntries =  13.0
    hist_data integral =  13.0
  Using cut =  nTightElectrons == 1 && nVetoElectrons == 1 && nLooseMuons == 0 && njets >= 2 && nbjets >= 1 && METcorrected_pt >= 250 && Flag_goodVertices && Flag_globalSuperTightHalo2016Filter && Flag_HBHENoiseFilter && Flag_HBHENoiseIsoFilter && Flag_EcalDeadCellTriggerPrimitiveFilter && Flag_BadPFMuonFilter && Flag_ecalBadCalibFilterV2 && ((passEle32WPTightGsf2017) || (HLT_Ele115_CaloIdVT_GsfTrkIdT)) && PV_npvsGood > 0 && PV_ndof > 4 && abs(PV_z) < 24 && sqrt(pow(PV_x,2)+pow(PV_y,2)) < 2 && nbjets >= 2 && M_T >= 140 && M_T2W >= 180 && minDeltaPhi12 >= 0.8 && M_Tb >= 140 && modified_topness <= 0 && Flag_eeBadScFilter
    hist nEntries =  20.0
    hist integral =  20.0
    hist_data nEntries =  33.0
    hist_data integral =  33.0
  Using cut =  nTightElectrons == 1 && nVetoElectrons == 1 && nLooseMuons == 0 && njets >= 2 && nbjets >= 1 && METcorrected_pt >= 250 && Flag_goodVertices && Flag_globalSuperTightHalo2016Filter && Flag_HBHENoiseFilter && Flag_HBHENoiseIsoFilter && Flag_EcalDeadCellTriggerPrimitiveFilter && Flag_BadPFMuonFilter && Flag_ecalBadCalibFilterV2 && ((passEle32WPTightGsf2017) || (HLT_Ele115_CaloIdVT_GsfTrkIdT)) && PV_npvsGood > 0 && PV_ndof > 4 && abs(PV_z) < 24 && sqrt(pow(PV_x,2)+pow(PV_y,2)) < 2 && nbjets >= 2 && M_T >= 140 && M_T2W >= 180 && minDeltaPhi12 >= 0.8 && M_Tb >= 140 && modified_topness <= 0 && Flag_eeBadScFilter
    hist nEntries =  17.0
    hist integral =  17.0
    hist_data nEntries =  50.0
    hist_data integral =  50.0
  Dataset =  SinglePhoton  ||   nEvents =  155495
  Using cut =  nTightElectrons == 1 && nVetoElectrons == 1 && nLooseMuons == 0 && njets >= 2 && nbjets >= 1 && METcorrected_pt >= 250 && Flag_goodVertices && Flag_globalSuperTightHalo2016Filter && Flag_HBHENoiseFilter && Flag_HBHENoiseIsoFilter && Flag_EcalDeadCellTriggerPrimitiveFilter && Flag_BadPFMuonFilter && Flag_ecalBadCalibFilterV2 && ((!passEle32WPTightGsf2017) && (!HLT_Ele115_CaloIdVT_GsfTrkIdT) Error in <TTreeFormula::Compile>:  Bad numerical expression : "HLT_Ele115_CaloIdVT_GsfTrkIdT"
Info in <TSelectorDraw::AbortProcess>: Variable compilation failed: {METcorrected_pt,nTightElectrons == 1 && nVetoElectrons == 1 && nLooseMuons == 0 && njets >= 2 && nbjets >= 1 && METcorrected_pt >= 250 && Flag_goodVertices && Flag_globalSuperTightHalo2016Filter && Flag_HBHENoiseFilter && Flag_HBHENoiseIsoFilter && Flag_EcalDeadCellTriggerPrimitiveFilter && Flag_BadPFMuonFilter && Flag_ecalBadCalibFilterV2 && ((!passEle32WPTightGsf2017) && (!HLT_Ele115_CaloIdVT_GsfTrkIdT) && HLT_Photon200) && PV_npvsGood > 0 && PV_ndof > 4 && abs(PV_z) < 24 && sqrt(pow(PV_x,2)+pow(PV_y,2)) < 2 && nbjets >= 2 && M_T >= 140 && M_T2W >= 180 && minDeltaPhi12 >= 0.8 && M_Tb >= 140 && modified_topness <= 0 && Flag_eeBadScFilter}
TFile::Append:0: RuntimeWarning: Replacing existing TH1: hist (Potential memory leak).
TFile::Append:0: RuntimeWarning: Replacing existing TH1: hist (Potential memory leak).
TFile::Append:0: RuntimeWarning: Replacing existing TH1: hist (Potential memory leak).
TFile::Append:0: RuntimeWarning: Replacing existing TH1: hist (Potential memory leak).
TFile::Append:0: RuntimeWarning: Replacing existing TH1: hist (Potential memory leak).
&& HLT_Photon200) && PV_npvsGood > 0 && PV_ndof > 4 && abs(PV_z) < 24 && sqrt(pow(PV_x,2)+pow(PV_y,2)) < 2 && nbjets >= 2 && M_T >= 140 && M_T2W >= 180 && minDeltaPhi12 >= 0.8 && M_Tb >= 140 && modified_topness <= 0 && Flag_eeBadScFilter
    hist nEntries =  0.0
    hist integral =  0.0
    hist_data nEntries =  50.0
    hist_data integral =  50.0
  Using cut =  nTightElectrons == 1 && nVetoElectrons == 1 && nLooseMuons == 0 && njets >= 2 && nbjets >= 1 && METcorrected_pt >= 250 && Flag_goodVertices && Flag_globalSuperTightHalo2016Filter && Flag_HBHENoiseFilter && Flag_HBHENoiseIsoFilter && Flag_EcalDeadCellTriggerPrimitiveFilter && Flag_BadPFMuonFilter && Flag_ecalBadCalibFilterV2 && ((!passEle32WPTightGsf2017) && (!HLT_Ele115_CaloIdVT_GsfTrkIdT) && HLT_Photon200) && PV_npvsGood > 0 && PV_ndof > 4 && abs(PV_z) < 24 && sqrt(pow(PV_x,2)+pow(PV_y,2)) < 2 && nbjets >= 2 && M_T >= 140 && M_T2W >= 180 && minDeltaPhi12 >= 0.8 && M_Tb >= 140 && modified_topness <= 0 && Flag_eeBadScFilter
    hist nEntries =  0.0
    hist integral =  0.0
    hist_data nEntries =  50.0
    hist_data integral =  50.0
  Using cut =  nTightElectrons == 1 && nVetoElectrons == 1 && nLooseMuons == 0 && njets >= 2 && nbjets >= 1 && METcorrected_pt >= 250 && Flag_goodVertices && Flag_globalSuperTightHalo2016Filter && Flag_HBHENoiseFilter && Flag_HBHENoiseIsoFilter && Flag_EcalDeadCellTriggerPrimitiveFilter && Flag_BadPFMuonFilter && Flag_ecalBadCalibFilterV2 && ((!passEle32WPTightGsf2017) && (!HLT_Ele115_CaloIdVT_GsfTrkIdT) && HLT_Photon200) && PV_npvsGood > 0 && PV_ndof > 4 && abs(PV_z) < 24 && sqrt(pow(PV_x,2)+pow(PV_y,2)) < 2 && nbjets >= 2 && M_T >= 140 && M_T2W >= 180 && minDeltaPhi12 >= 0.8 && M_Tb >= 140 && modified_topness <= 0 && Flag_eeBadScFilter
    hist nEntries =  0.0
    hist integral =  0.0
    hist_data nEntries =  50.0
    hist_data integral =  50.0
  Using cut =  nTightElectrons == 1 && nVetoElectrons == 1 && nLooseMuons == 0 && njets >= 2 && nbjets >= 1 && METcorrected_pt >= 250 && Flag_goodVertices && Flag_globalSuperTightHalo2016Filter && Flag_HBHENoiseFilter && Flag_HBHENoiseIsoFilter && Flag_EcalDeadCellTriggerPrimitiveFilter && Flag_BadPFMuonFilter && Flag_ecalBadCalibFilterV2 && ((!passEle32WPTightGsf2017) && (!HLT_Ele115_CaloIdVT_GsfTrkIdT) && HLT_Photon200) && PV_npvsGood > 0 && PV_ndof > 4 && abs(PV_z) < 24 && sqrt(pow(PV_x,2)+pow(PV_y,2)) < 2 && nbjets >= 2 && M_T >= 140 && M_T2W >= 180 && minDeltaPhi12 >= 0.8 && M_Tb >= 140 && modified_topness <= 0 && Flag_eeBadScFilter
    hist nEntries =  0.0
    hist integral =  0.0
    hist_data nEntries =  50.0
    hist_data integral =  50.0
  Using cut =  nTightElectrons == 1 && nVetoElectrons == 1 && nLooseMuons == 0 && njets >= 2 && nbjets >= 1 && METcorrected_pt >= 250 && Flag_goodVertices && Flag_globalSuperTightHalo2016Filter && Flag_HBHENoiseFilter && Flag_HBHENoiseIsoFilter && Flag_EcalDeadCellTriggerPrimitiveFilter && Flag_BadPFMuonFilter && Flag_ecalBadCalibFilterV2 && ((!passEle32WPTightGsf2017) && (!HLT_Ele115_CaloIdVT_GsfTrkIdT) && HLT_Photon200) && PV_npvsGood > 0 && PV_ndof > 4 && abs(PV_z) < 24 && sqrt(pow(PV_x,2)+pow(PV_y,2)) < 2 && nbjets >= 2 && M_T >= 140 && M_T2W >= 180 && minDeltaPhi12 >= 0.8 && M_Tb >= 140 && modified_topness <= 0 && Flag_eeBadScFilter
    hist nEntries =  0.0
    hist integral =  0.0
    hist_data nEntries =  50.0
    hist_data integral =  50.0
  Dataset =  SingleMuon  ||   nEvents =  266193
  Using cut =  nTightMuons == 1 && nLooseMuons == 1 && nVetoElectrons == 0 && njets >= 2 && nbjets >= 1 && METcorrected_pt >= 250 && Flag_goodVertices && Flag_globalSuperTightHalo2016Filter && Flag_HBHENoiseFilter && Flag_HBHENoiseIsoFilter && Flag_EcalDeadCellTriggerPrimitiveFilter && Flag_BadPFMuonFilter && Flag_ecalBadCalibFilterV2 && (HLT_IsoMu27) && PV_npvsGood > 0 && PV_ndof > 4 && abs(PV_z) < 24 && sqrt(pow(PV_x,2)+pow(PV_y,2)) < 2 && nbjets >= 2 && M_T >= 140 && M_T2W >= 180 && minDeltaPhi12 >= 0.8 && M_Tb >= 140 && modified_topness <= 0 && Flag_eeBadScFilter
    hist nEntries =  12.0
    hist integral =  12.0
    hist_data nEntries =  62.0
    hist_TFile::Append:0: RuntimeWarning: Replacing existing TH1: hist (Potential memory leak).
TFile::Append:0: RuntimeWarning: Replacing existing TH1: hist (Potential memory leak).
TFile::Append:0: RuntimeWarning: Replacing existing TH1: hist (Potential memory leak).
TFile::Append:0: RuntimeWarning: Replacing existing TH1: hist (Potential memory leak).
TFile::Append:0: RuntimeWarning: Replacing existing TH1: hist (Potential memory leak).
TFile::Append:0: RuntimeWarning: Replacing existing TH1: hist (Potential memory leak).
TFile::Append:0: RuntimeWarning: Replacing existing TH1: hist (Potential memory leak).
TFile::Append:0: RuntimeWarning: Replacing existing TH1: hist (Potential memory leak).
data integral =  62.0
  Using cut =  nTightMuons == 1 && nLooseMuons == 1 && nVetoElectrons == 0 && njets >= 2 && nbjets >= 1 && METcorrected_pt >= 250 && Flag_goodVertices && Flag_globalSuperTightHalo2016Filter && Flag_HBHENoiseFilter && Flag_HBHENoiseIsoFilter && Flag_EcalDeadCellTriggerPrimitiveFilter && Flag_BadPFMuonFilter && Flag_ecalBadCalibFilterV2 && (HLT_IsoMu27) && PV_npvsGood > 0 && PV_ndof > 4 && abs(PV_z) < 24 && sqrt(pow(PV_x,2)+pow(PV_y,2)) < 2 && nbjets >= 2 && M_T >= 140 && M_T2W >= 180 && minDeltaPhi12 >= 0.8 && M_Tb >= 140 && modified_topness <= 0 && Flag_eeBadScFilter
    hist nEntries =  16.0
    hist integral =  16.0
    hist_data nEntries =  78.0
    hist_data integral =  78.0
  Using cut =  nTightMuons == 1 && nLooseMuons == 1 && nVetoElectrons == 0 && njets >= 2 && nbjets >= 1 && METcorrected_pt >= 250 && Flag_goodVertices && Flag_globalSuperTightHalo2016Filter && Flag_HBHENoiseFilter && Flag_HBHENoiseIsoFilter && Flag_EcalDeadCellTriggerPrimitiveFilter && Flag_BadPFMuonFilter && Flag_ecalBadCalibFilterV2 && (HLT_IsoMu27) && PV_npvsGood > 0 && PV_ndof > 4 && abs(PV_z) < 24 && sqrt(pow(PV_x,2)+pow(PV_y,2)) < 2 && nbjets >= 2 && M_T >= 140 && M_T2W >= 180 && minDeltaPhi12 >= 0.8 && M_Tb >= 140 && modified_topness <= 0 && Flag_eeBadScFilter
    hist nEntries =  11.0
    hist integral =  11.0
    hist_data nEntries =  89.0
    hist_data integral =  89.0
  Using cut =  nTightMuons == 1 && nLooseMuons == 1 && nVetoElectrons == 0 && njets >= 2 && nbjets >= 1 && METcorrected_pt >= 250 && Flag_goodVertices && Flag_globalSuperTightHalo2016Filter && Flag_HBHENoiseFilter && Flag_HBHENoiseIsoFilter && Flag_EcalDeadCellTriggerPrimitiveFilter && Flag_BadPFMuonFilter && Flag_ecalBadCalibFilterV2 && (HLT_IsoMu27) && PV_npvsGood > 0 && PV_ndof > 4 && abs(PV_z) < 24 && sqrt(pow(PV_x,2)+pow(PV_y,2)) < 2 && nbjets >= 2 && M_T >= 140 && M_T2W >= 180 && minDeltaPhi12 >= 0.8 && M_Tb >= 140 && modified_topness <= 0 && Flag_eeBadScFilter
    hist nEntries =  9.0
    hist integral =  9.0
    hist_data nEntries =  98.0
    hist_data integral =  98.0
  Using cut =  nTightMuons == 1 && nLooseMuons == 1 && nVetoElectrons == 0 && njets >= 2 && nbjets >= 1 && METcorrected_pt >= 250 && Flag_goodVertices && Flag_globalSuperTightHalo2016Filter && Flag_HBHENoiseFilter && Flag_HBHENoiseIsoFilter && Flag_EcalDeadCellTriggerPrimitiveFilter && Flag_BadPFMuonFilter && Flag_ecalBadCalibFilterV2 && (HLT_IsoMu27) && PV_npvsGood > 0 && PV_ndof > 4 && abs(PV_z) < 24 && sqrt(pow(PV_x,2)+pow(PV_y,2)) < 2 && nbjets >= 2 && M_T >= 140 && M_T2W >= 180 && minDeltaPhi12 >= 0.8 && M_Tb >= 140 && modified_topness <= 0 && Flag_eeBadScFilter
    hist nEntries =  16.0
    hist integral =  16.0
    hist_data nEntries =  114.0
    hist_data integral =  114.0
Filling MC histograms...
  Process =  ZTo2Nu
      Dataset =  HT600To800  ||   nEvents =  5615921
Applied ZTo2Nu ewk Weights correctly
          hist weight =  0.0234835265222*leptonWeight*bjetWeight*puWeight*muonTriggerWeight*EE_L1_prefire_Weight*electronTriggerWeight*genWeightSign*qcdZTo2NuWeight*ewkZWeight*0.934
          hist nEntries =  0.0
          hist integral =  0.0
      Dataset =  HT1200To2500  ||   nEvents =  336181
Applied ZTo2Nu ewk Weights correctly
          hist weight =  0.0371681152712*leptonWeight*bjetWeight*puWeight*muonTriggerWeight*EE_L1_prefire_Weight*electronTriggerWeight*genWeightSign*qcdZTo2NuWeight*ewkZWeight*0.934
          hist nEntries =  0.0
          hist integral =  0.0
      Dataset =  HT100To200  ||   nEvents =  22702468
Applied ZTo2Nu ewk Weights correctly
          hist weight =  0.550593543222*leptonWeight*bjetWeight*puWeight*muonTriggerWeight*EE_L1_prefire_Weight*electronTriggerWeight*genWeightSign*qcdZTo2NuWeight*ewkZWeight*0.934
          hist nEntries =  0.0
          hist integral =  0.0
      Dataset =  HT2500ToInf  ||   nEvents =  6446
Applied ZTo2Nu ewk Weights correctly
          hist weight =  0.0423050376792*leptonWeight*bjetWeight*puWeight*muonTriggerWeight*EE_L1_prefire_Weight*electronTriggerWeight*genWeightSign*qcdZTo2NuWeight*ewkZWeight*0.934
    TFile::Append:0: RuntimeWarning: Replacing existing TH1: hist (Potential memory leak).
TFile::Append:0: RuntimeWarning: Replacing existing TH1: hist (Potential memory leak).
TFile::Append:0: RuntimeWarning: Replacing existing TH1: hist (Potential memory leak).
TFile::Append:0: RuntimeWarning: Replacing existing TH1: hist (Potential memory leak).
TFile::Append:0: RuntimeWarning: Replacing existing TH1: hist (Potential memory leak).
TFile::Append:0: RuntimeWarning: Replacing existing TH1: hist (Potential memory leak).
TFile::Append:0: RuntimeWarning: Replacing existing TH1: hist (Potential memory leak).
TFile::Append:0: RuntimeWarning: Replacing existing TH1: hist (Potential memory leak).
TFile::Append:0: RuntimeWarning: Replacing existing TH1: hist (Potential memory leak).
TFile::Append:0: RuntimeWarning: Replacing existing TH1: hist (Potential memory leak).
TFile::Append:0: RuntimeWarning: Replacing existing TH1: hist (Potential memory leak).
TFile::Append:0: RuntimeWarning: Replacing existing TH1: hist (Potential memory leak).
TFile::Append:0: RuntimeWarning: Replacing existing TH1: hist (Potential memory leak).
TFile::Append:0: RuntimeWarning: Replacing existing TH1: hist (Potential memory leak).
      hist nEntries =  0.0
          hist integral =  0.0
      Dataset =  HT400To600  ||   nEvents =  9501265
Applied ZTo2Nu ewk Weights correctly
          hist weight =  0.05628471533*leptonWeight*bjetWeight*puWeight*muonTriggerWeight*EE_L1_prefire_Weight*electronTriggerWeight*genWeightSign*qcdZTo2NuWeight*ewkZWeight*0.934
          hist nEntries =  0.0
          hist integral =  0.0
      Dataset =  HT200To400  ||   nEvents =  21389579
Applied ZTo2Nu ewk Weights correctly
          hist weight =  0.176357033895*leptonWeight*bjetWeight*puWeight*muonTriggerWeight*EE_L1_prefire_Weight*electronTriggerWeight*genWeightSign*qcdZTo2NuWeight*ewkZWeight*0.934
          hist nEntries =  0.0
          hist integral =  0.0
      Dataset =  HT800To1200  ||   nEvents =  2041779
Applied ZTo2Nu ewk Weights correctly
          hist weight =  0.0277609894117*leptonWeight*bjetWeight*puWeight*muonTriggerWeight*EE_L1_prefire_Weight*electronTriggerWeight*genWeightSign*qcdZTo2NuWeight*ewkZWeight*0.934
          hist nEntries =  1.0
          hist integral =  0.0235053170472
  Process =  tbar scalar
      Dataset =  tChan_MChi1_MPhi100_scalar  ||   nEvents =  247000
          hist weight =  0.0478856032389*leptonWeight*bjetWeight*puWeight*muonTriggerWeight*EE_L1_prefire_Weight*electronTriggerWeight*genWeightSign
          hist nEntries =  47.0
          hist integral =  1.63204975426
      Dataset =  tWChan_MChi1_MPhi100_scalar  ||   nEvents =  171000
          hist weight =  0.0133430304094*leptonWeight*bjetWeight*puWeight*muonTriggerWeight*EE_L1_prefire_Weight*electronTriggerWeight*genWeightSign
          hist nEntries =  188.0
          hist integral =  2.0216672644
  Process =  TTV
      Dataset =  TTZToQQ  ||   nEvents =  4602104
          hist weight =  0.00460591764115*leptonWeight*bjetWeight*puWeight*muonTriggerWeight*EE_L1_prefire_Weight*electronTriggerWeight*genWeightSign
          hist nEntries =  287.0
          hist integral =  0.408990735188
      Dataset =  TTWJetsToLNu  ||   nEvents =  5394782
          hist weight =  0.00165433876661*leptonWeight*bjetWeight*puWeight*muonTriggerWeight*EE_L1_prefire_Weight*electronTriggerWeight*genWeightSign
          hist nEntries =  3605.0
          hist integral =  2.26319220662
      Dataset =  TTWJetsToQQ  ||   nEvents =  441560
          hist weight =  0.0405932330827*leptonWeight*bjetWeight*puWeight*muonTriggerWeight*EE_L1_prefire_Weight*electronTriggerWeight*genWeightSign
          hist nEntries =  14.0
          hist integral =  0.25883436203
      Dataset =  TTZToLLNuNu  ||   nEvents =  7316018
          hist weight =  0.0013805455372*leptonWeight*bjetWeight*puWeight*muonTriggerWeight*EE_L1_prefire_Weight*electronTriggerWeight*genWeightSign
          hist nEntries =  14344.0
          hist integral =  6.02368554473
  Process =  WW
      Dataset =  WWTo1L1Nu2Q  ||   nEvents =  3169582
          hist weight =  1.05790990736*leptonWeight*bjetWeight*puWeight*muonTriggerWeight*EE_L1_prefire_Weight*electronTriggerWeight*genWeightSign
          hist nEntries =  0.0
          hist integral =  0.0
      Dataset =  WWTo4Q  ||   nEvents =  1992402
          hist weight =  0.994893048692*leptonWeight*bjetWeight*puWeight*muonTriggerWeight*EE_L1_prefire_Weight*electronTriggerWeight*genWeightSign
          hist nEntries =  0.0
          hist integral =  0.0
      Dataset =  WWTo2L2Nu  ||   nEvents =  1992522
          hist weight =  0.230939683477*leptonWeight*bjetWeight*puWeight*muonTriggerWeight*EE_L1_prefire_Weight*electronTriggerWeight*genWeightSign
          hist nEntries =  3.0
          hist integral =  0.390316250268
  Process =  ttbarPlusJets
      Dataset =  TTToSemiLepton  ||   nEvents =  239169221
          hist weight =  0.0632667340586*leptonWeight*bjetWeight*puWeight*muonTriggerWeight*EE_L1_prefire_Weight*electronTriggerWeight*genWeightSign
          hist nEntries =  345.0
          hist integral =  10.2533260286
      Dataset =  TTTo2L2Nu  ||   nEvents =  8926992
          hist weight =  0.406182093588*leptonWeight*bjetWeight*puWeight*muonTriggerWeight*EE_L1_prefire_Weight*electronTTFile::Append:0: RuntimeWarning: Replacing existing TH1: hist (Potential memory leak).
TFile::Append:0: RuntimeWarning: Replacing existing TH1: hist (Potential memory leak).
TFile::Append:0: RuntimeWarning: Replacing existing TH1: hist (Potential memory leak).
TFile::Append:0: RuntimeWarning: Replacing existing TH1: hist (Potential memory leak).
TFile::Append:0: RuntimeWarning: Replacing existing TH1: hist (Potential memory leak).
TFile::Append:0: RuntimeWarning: Replacing existing TH1: hist (Potential memory leak).
TFile::Append:0: RuntimeWarning: Replacing existing TH1: hist (Potential memory leak).
TFile::Append:0: RuntimeWarning: Replacing existing TH1: hist (Potential memory leak).
TFile::Append:0: RuntimeWarning: Replacing existing TH1: hist (Potential memory leak).
TFile::Append:0: RuntimeWarning: Replacing existing TH1: hist (Potential memory leak).
TFile::Append:0: RuntimeWarning: Replacing existing TH1: hist (Potential memory leak).
TFile::Append:0: RuntimeWarning: Replacing existing TH1: hist (Potential memory leak).
TFile::Append:0: RuntimeWarning: Replacing existing TH1: hist (Potential memory leak).
TFile::Append:0: RuntimeWarning: Replacing existing TH1: hist (Potential memory leak).
TFile::Append:0: RuntimeWarning: Replacing existing TH1: hist (Potential memory leak).
riggerWeight*genWeightSign
          hist nEntries =  196.0
          hist integral =  55.923289299
  Process =  Other
      Dataset =  ZH_HToBB_ZToNuNu  ||   nEvents =  5250476
          hist weight =  0.000814705181016*leptonWeight*bjetWeight*puWeight*muonTriggerWeight*EE_L1_prefire_Weight*electronTriggerWeight*genWeightSign
          hist nEntries =  0.0
          hist integral =  0.0
      Dataset =  tZq  ||   nEvents =  3467904
          hist weight =  0.000907745427786*leptonWeight*bjetWeight*puWeight*muonTriggerWeight*EE_L1_prefire_Weight*electronTriggerWeight*genWeightSign
          hist nEntries =  126.0
          hist integral =  0.016707508883
      Dataset =  WplusH_HToBB_WToLNu  ||   nEvents =  2343366
          hist weight =  0.00282494582579*leptonWeight*bjetWeight*puWeight*muonTriggerWeight*EE_L1_prefire_Weight*electronTriggerWeight*genWeightSign
          hist nEntries =  5.0
          hist integral =  0.00858011818491
      Dataset =  GluGluHToZZTo4L  ||   nEvents =  1933230
          hist weight =  0.000257786192021*leptonWeight*bjetWeight*puWeight*muonTriggerWeight*EE_L1_prefire_Weight*electronTriggerWeight*genWeightSign
          hist nEntries =  0.0
          hist integral =  0.0
      Dataset =  ttHTobb  ||   nEvents =  7833734
          hist weight =  0.000811118937661*leptonWeight*bjetWeight*puWeight*muonTriggerWeight*EE_L1_prefire_Weight*electronTriggerWeight*genWeightSign
          hist nEntries =  500.0
          hist integral =  0.32512251474
      Dataset =  ZZZ  ||   nEvents =  427832
          hist weight =  0.00135899137979*leptonWeight*bjetWeight*puWeight*muonTriggerWeight*EE_L1_prefire_Weight*electronTriggerWeight*genWeightSign
          hist nEntries =  2.0
          hist integral =  0.00292940554209
      Dataset =  TTGJets  ||   nEvents =  5441639
          hist weight =  0.028215103942*leptonWeight*bjetWeight*puWeight*muonTriggerWeight*EE_L1_prefire_Weight*electronTriggerWeight*genWeightSign
          hist nEntries =  122.0
          hist integral =  0.789222486317
      Dataset =  WplusH_HToBB_WToQQ  ||   nEvents =  476787
          hist weight =  0.0287268612609*leptonWeight*bjetWeight*puWeight*muonTriggerWeight*EE_L1_prefire_Weight*electronTriggerWeight*genWeightSign
          hist nEntries =  0.0
          hist integral =  0.0
      Dataset =  WminusH_HToBB_WToLNu  ||   nEvents =  2256768
          hist weight =  0.00186048499447*leptonWeight*bjetWeight*puWeight*muonTriggerWeight*EE_L1_prefire_Weight*electronTriggerWeight*genWeightSign
          hist nEntries =  6.0
          hist integral =  0.00543178687803
      Dataset =  WWW  ||   nEvents =  413736
          hist weight =  0.0209388547286*leptonWeight*bjetWeight*puWeight*muonTriggerWeight*EE_L1_prefire_Weight*electronTriggerWeight*genWeightSign
          hist nEntries =  3.0
          hist integral =  0.0400003008544
      Dataset =  ttHToNonbb  ||   nEvents =  12472780
          hist weight =  0.000715874889159*leptonWeight*bjetWeight*puWeight*muonTriggerWeight*EE_L1_prefire_Weight*electronTriggerWeight*genWeightSign
          hist nEntries =  720.0
          hist integral =  0.362731229514
      Dataset =  WWZ  ||   nEvents =  441586
          hist weight =  0.0155178153293*leptonWeight*bjetWeight*puWeight*muonTriggerWeight*EE_L1_prefire_Weight*electronTriggerWeight*genWeightSign
          hist nEntries =  1.0
          hist integral =  0.00519824540243
      Dataset =  WZZ  ||   nEvents =  439320
          hist weight =  0.00529381771829*leptonWeight*bjetWeight*puWeight*muonTriggerWeight*EE_L1_prefire_Weight*electronTriggerWeight*genWeightSign
          hist nEntries =  20.0
          hist integral =  0.0950591927394
      Dataset =  WWG  ||   nEvents =  1628026
          hist weight =  0.00547687260523*leptonWeight*bjetWeight*puWeight*muonTriggerWeight*EE_L1_prefire_Weight*electronTriggerWeight*genWeightSign
          hist nEntries =  0.0
          hist integral =  0.0
      Dataset =  TTTT  ||   nEvents =  373734
          hist weight =  0.00100009632519*leptonWeight*bjetWeight*puWeight*muonTriggerWeight*EE_L1_prefire_TFile::Append:0: RuntimeWarning: Replacing existing TH1: hist (Potential memory leak).
TFile::Append:0: RuntimeWarning: Replacing existing TH1: hist (Potential memory leak).
TFile::Append:0: RuntimeWarning: Replacing existing TH1: hist (Potential memory leak).
TFile::Append:0: RuntimeWarning: Replacing existing TH1: hist (Potential memory leak).
TFile::Append:0: RuntimeWarning: Replacing existing TH1: hist (Potential memory leak).
TFile::Append:0: RuntimeWarning: Replacing existing TH1: hist (Potential memory leak).
TFile::Append:0: RuntimeWarning: Replacing existing TH1: hist (Potential memory leak).
TFile::Append:0: RuntimeWarning: Replacing existing TH1: hist (Potential memory leak).
TFile::Append:0: RuntimeWarning: Replacing existing TH1: hist (Potential memory leak).
TFile::Append:0: RuntimeWarning: Replacing existing TH1: hist (Potential memory leak).
TFile::Append:0: RuntimeWarning: Replacing existing TH1: hist (Potential memory leak).
TFile::Append:0: RuntimeWarning: Replacing existing TH1: hist (Potential memory leak).
TFile::Append:0: RuntimeWarning: Replacing existing TH1: hist (Potential memory leak).
TFile::Append:0: RuntimeWarning: Replacing existing TH1: hist (Potential memory leak).
Weight*electronTriggerWeight*genWeightSign
          hist nEntries =  709.0
          hist integral =  0.233983296901
      Dataset =  WminusH_HToBB_WToQQ  ||   nEvents =  459170
          hist weight =  0.0189212622776*leptonWeight*bjetWeight*puWeight*muonTriggerWeight*EE_L1_prefire_Weight*electronTriggerWeight*genWeightSign
          hist nEntries =  0.0
          hist integral =  0.0
      Dataset =  WZG  ||   nEvents =  840872
          hist weight =  0.00203631694241*leptonWeight*bjetWeight*puWeight*muonTriggerWeight*EE_L1_prefire_Weight*electronTriggerWeight*genWeightSign
          hist nEntries =  0.0
          hist integral =  0.0
      Dataset =  VHToNonbb  ||   nEvents =  451414
          hist weight =  0.0875838144143*leptonWeight*bjetWeight*puWeight*muonTriggerWeight*EE_L1_prefire_Weight*electronTriggerWeight*genWeightSign
          hist nEntries =  0.0
          hist integral =  0.0
  Process =  ttbar scalar
      Dataset =  ttDM_MChi1_MPhi100_scalar  ||   nEvents =  1540506
          hist weight =  0.0194822253857*leptonWeight*bjetWeight*puWeight*muonTriggerWeight*EE_L1_prefire_Weight*electronTriggerWeight*genWeightSign*GenModel__TTbarDMJets_Inclusive_scalar_LO_Mchi_1_Mphi_100_TuneCP5_13TeV_madgraph_mcatnlo_pythia8
          hist nEntries =  1048.0
          hist integral =  15.8218737245
  Process =  ZZ
      Dataset =  ZZTo2Q2Nu  ||   nEvents =  39202099
          hist weight =  0.00483501967586*leptonWeight*bjetWeight*puWeight*muonTriggerWeight*EE_L1_prefire_Weight*electronTriggerWeight*genWeightSign
          hist nEntries =  0.0
          hist integral =  0.0
      Dataset =  ZZTo4L  ||   nEvents =  6893887
          hist weight =  0.00798203538874*leptonWeight*bjetWeight*puWeight*muonTriggerWeight*EE_L1_prefire_Weight*electronTriggerWeight*genWeightSign
          hist nEntries =  0.0
          hist integral =  0.0
      Dataset =  ZZTo2L2Q  ||   nEvents =  17513566
          hist weight =  0.0087453714452*leptonWeight*bjetWeight*puWeight*muonTriggerWeight*EE_L1_prefire_Weight*electronTriggerWeight*genWeightSign
          hist nEntries =  1.0
          hist integral =  0.000124775426229
      Dataset =  ZZTo2L2Nu  ||   nEvents =  8733658
          hist weight =  0.00268381610546*leptonWeight*bjetWeight*puWeight*muonTriggerWeight*EE_L1_prefire_Weight*electronTriggerWeight*genWeightSign
          hist nEntries =  8.0
          hist integral =  0.014831027016
  Process =  QCD
      Dataset =  Pt170to300  ||   nEvents =  56298920
          hist weight =  76.3488002967*leptonWeight*bjetWeight*puWeight*muonTriggerWeight*EE_L1_prefire_Weight*electronTriggerWeight*genWeightSign
          hist nEntries =  0.0
          hist integral =  0.0
      Dataset =  Pt15to30  ||   nEvents =  19169000
          hist weight =  2699482.49778*leptonWeight*bjetWeight*puWeight*muonTriggerWeight*EE_L1_prefire_Weight*electronTriggerWeight*genWeightSign
          hist nEntries =  0.0
          hist integral =  0.0
      Dataset =  Pt800to1000  ||   nEvents =  77660008
          hist weight =  0.0140536735458*leptonWeight*bjetWeight*puWeight*muonTriggerWeight*EE_L1_prefire_Weight*electronTriggerWeight*genWeightSign
          hist nEntries =  1.0
          hist integral =  0.0113971773535
      Dataset =  Pt600to800  ||   nEvents =  128548964
          hist weight =  0.0505600729695*leptonWeight*bjetWeight*puWeight*muonTriggerWeight*EE_L1_prefire_Weight*electronTriggerWeight*genWeightSign
          hist nEntries =  0.0
          hist integral =  0.0
      Dataset =  Pt120to170  ||   nEvents =  29854280
          hist weight =  566.591088447*leptonWeight*bjetWeight*puWeight*muonTriggerWeight*EE_L1_prefire_Weight*electronTriggerWeight*genWeightSign*(event!=3468768)
          hist nEntries =  0.0
          hist integral =  0.0
      Dataset =  Pt1000to1400  ||   nEvents =  35706078
          hist weight =  0.00868841153599*leptonWeight*bjetWeight*puWeight*muonTriggerWeight*EE_L1_prefire_Weight*electronTriggerWeight*genWeightSign
          hist nEntries =  0.0
          hist integral =  0.0
      Dataset =  Pt1400to1800  ||   nEvents =TFile::Append:0: RuntimeWarning: Replacing existing TH1: hist (Potential memory leak).
TFile::Append:0: RuntimeWarning: Replacing existing TH1: hist (Potential memory leak).
TFile::Append:0: RuntimeWarning: Replacing existing TH1: hist (Potential memory leak).
TFile::Append:0: RuntimeWarning: Replacing existing TH1: hist (Potential memory leak).
TFile::Append:0: RuntimeWarning: Replacing existing TH1: hist (Potential memory leak).
TFile::Append:0: RuntimeWarning: Replacing existing TH1: hist (Potential memory leak).
TFile::Append:0: RuntimeWarning: Replacing existing TH1: hist (Potential memory leak).
TFile::Append:0: RuntimeWarning: Replacing existing TH1: hist (Potential memory leak).
TFile::Append:0: RuntimeWarning: Replacing existing TH1: hist (Potential memory leak).
TFile::Append:0: RuntimeWarning: Replacing existing TH1: hist (Potential memory leak).
TFile::Append:0: RuntimeWarning: Replacing existing TH1: hist (Potential memory leak).
TFile::Append:0: RuntimeWarning: Replacing existing TH1: hist (Potential memory leak).
TFile::Append:0: RuntimeWarning: Replacing existing TH1: hist (Potential memory leak).
TFile::Append:0: RuntimeWarning: Replacing existing TH1: hist (Potential memory leak).
  11353270
          hist weight =  0.00237183225626*leptonWeight*bjetWeight*puWeight*muonTriggerWeight*EE_L1_prefire_Weight*electronTriggerWeight*genWeightSign
          hist nEntries =  0.0
          hist integral =  0.0
      Dataset =  Pt50to80  ||   nEvents =  38179535
          hist weight =  17088.6392409*leptonWeight*bjetWeight*puWeight*muonTriggerWeight*EE_L1_prefire_Weight*electronTriggerWeight*genWeightSign
          hist nEntries =  0.0
          hist integral =  0.0
      Dataset =  Pt1800to2400  ||   nEvents =  2923941
          hist weight =  0.00124180614452*leptonWeight*bjetWeight*puWeight*muonTriggerWeight*EE_L1_prefire_Weight*electronTriggerWeight*genWeightSign
          hist nEntries =  0.0
          hist integral =  0.0
      Dataset =  Pt3200toInf  ||   nEvents =  757837
          hist weight =  7.43645533274e-06*leptonWeight*bjetWeight*puWeight*muonTriggerWeight*EE_L1_prefire_Weight*electronTriggerWeight*genWeightSign
          hist nEntries =  0.0
          hist integral =  0.0
      Dataset =  Pt2400to3200  ||   nEvents =  1910526
          hist weight =  0.00011381738851*leptonWeight*bjetWeight*puWeight*muonTriggerWeight*EE_L1_prefire_Weight*electronTriggerWeight*genWeightSign
          hist nEntries =  1.0
          hist integral =  0.000134657297167
      Dataset =  Pt80to120  ||   nEvents =  56387936
          hist weight =  1720.47581241*leptonWeight*bjetWeight*puWeight*muonTriggerWeight*EE_L1_prefire_Weight*electronTriggerWeight*genWeightSign
          hist nEntries =  0.0
          hist integral =  0.0
      Dataset =  Pt30to50  ||   nEvents =  35500760
          hist weight =  125055.266422*leptonWeight*bjetWeight*puWeight*muonTriggerWeight*EE_L1_prefire_Weight*electronTriggerWeight*genWeightSign
          hist nEntries =  0.0
          hist integral =  0.0
      Dataset =  Pt470to600  ||   nEvents =  55331892
          hist weight =  0.414385125309*leptonWeight*bjetWeight*puWeight*muonTriggerWeight*EE_L1_prefire_Weight*electronTriggerWeight*genWeightSign
          hist nEntries =  0.0
          hist integral =  0.0
      Dataset =  Pt300to470  ||   nEvents =  110887780
          hist weight =  2.55799060997*leptonWeight*bjetWeight*puWeight*muonTriggerWeight*EE_L1_prefire_Weight*electronTriggerWeight*genWeightSign
          hist nEntries =  0.0
          hist integral =  0.0
  Process =  ZTo2L
      Dataset =  HT600To800  ||   nEvents =  8691608
Applied ZTo2L ewk Weights correctly
          hist weight =  0.00812014534595*leptonWeight*bjetWeight*puWeight*muonTriggerWeight*EE_L1_prefire_Weight*electronTriggerWeight*genWeightSign*qcdZTo2LWeight*ewkZWeight*0.934
          hist nEntries =  4.0
          hist integral =  0.0283444267261
      Dataset =  HT1200To2500  ||   nEvents =  616923
Applied ZTo2L ewk Weights correctly
          hist weight =  0.010839464434*leptonWeight*bjetWeight*puWeight*muonTriggerWeight*EE_L1_prefire_Weight*electronTriggerWeight*genWeightSign*qcdZTo2LWeight*ewkZWeight*0.934
          hist nEntries =  3.0
          hist integral =  0.0342495702207
      Dataset =  HT100To200  ||   nEvents =  15124171
Applied ZTo2L ewk Weights correctly
          hist weight =  0.442370229747*leptonWeight*bjetWeight*puWeight*muonTriggerWeight*EE_L1_prefire_Weight*electronTriggerWeight*genWeightSign*qcdZTo2LWeight*ewkZWeight*0.934
          hist nEntries =  0.0
          hist integral =  0.0
      Dataset =  HT2500ToInf  ||   nEvents =  401334
Applied ZTo2L ewk Weights correctly
          hist weight =  0.00036425129842*leptonWeight*bjetWeight*puWeight*muonTriggerWeight*EE_L1_prefire_Weight*electronTriggerWeight*genWeightSign*qcdZTo2LWeight*ewkZWeight*0.934
          hist nEntries =  2.0
          hist integral =  0.000894662982319
      Dataset =  HT400To600  ||   nEvents =  11294006
Applied ZTo2L ewk Weights correctly
          hist weight =  0.025366307544*leptonWeight*bjetWeight*puWeight*muonTriggerWeight*EE_L1_prefire_Weight*electronTriggerWeight*genWeightSign*qcdZTo2LWeight*ewkZWeight*0.934
          hist nEntries =  2.0
          hist integral =  0.0495718456805
      Dataset = TFile::Append:0: RuntimeWarning: Replacing existing TH1: hist (Potential memory leak).
TFile::Append:0: RuntimeWarning: Replacing existing TH1: hist (Potential memory leak).
TFile::Append:0: RuntimeWarning: Replacing existing TH1: hist (Potential memory leak).
TFile::Append:0: RuntimeWarning: Replacing existing TH1: hist (Potential memory leak).
TFile::Append:0: RuntimeWarning: Replacing existing TH1: hist (Potential memory leak).
TFile::Append:0: RuntimeWarning: Replacing existing TH1: hist (Potential memory leak).
TFile::Append:0: RuntimeWarning: Replacing existing TH1: hist (Potential memory leak).
TFile::Append:0: RuntimeWarning: Replacing existing TH1: hist (Potential memory leak).
TFile::Append:0: RuntimeWarning: Replacing existing TH1: hist (Potential memory leak).
TFile::Append:0: RuntimeWarning: Replacing existing TH1: hist (Potential memory leak).
TFile::Append:0: RuntimeWarning: Replacing existing TH1: hist (Potential memory leak).
TFile::Append:0: RuntimeWarning: Replacing existing TH1: hist (Potential memory leak).
TFile::Append:0: RuntimeWarning: Replacing existing TH1: hist (Potential memory leak).
TFile::Append:0: RuntimeWarning: Replacing existing TH1: hist (Potential memory leak).
 HT200To400  ||   nEvents =  11896758
Applied ZTo2L ewk Weights correctly
          hist weight =  0.169695723003*leptonWeight*bjetWeight*puWeight*muonTriggerWeight*EE_L1_prefire_Weight*electronTriggerWeight*genWeightSign*qcdZTo2LWeight*ewkZWeight*0.934
          hist nEntries =  0.0
          hist integral =  0.0
      Dataset =  HT800To1200  ||   nEvents =  3089712
Applied ZTo2L ewk Weights correctly
          hist weight =  0.00981646188771*leptonWeight*bjetWeight*puWeight*muonTriggerWeight*EE_L1_prefire_Weight*electronTriggerWeight*genWeightSign*qcdZTo2LWeight*ewkZWeight*0.934
          hist nEntries =  5.0
          hist integral =  0.0570713854395
  Process =  singleTop
      Dataset =  ST_s-channel  ||   nEvents =  6167441
          hist weight =  0.0224907218407*leptonWeight*bjetWeight*puWeight*muonTriggerWeight*EE_L1_prefire_Weight*electronTriggerWeight*genWeightSign
          hist nEntries =  4.0
          hist integral =  0.0367334000766
      Dataset =  ST_t-channel_antitop  ||   nEvents =  3675910
          hist weight =  0.914563604658*leptonWeight*bjetWeight*puWeight*muonTriggerWeight*EE_L1_prefire_Weight*electronTriggerWeight*genWeightSign
          hist nEntries =  2.0
          hist integral =  0.138821102679
      Dataset =  ST_t-channel_top  ||   nEvents =  5982064
          hist weight =  0.944307951236*leptonWeight*bjetWeight*puWeight*muonTriggerWeight*EE_L1_prefire_Weight*electronTriggerWeight*genWeightSign
          hist nEntries =  0.0
          hist integral =  0.0
      Dataset =  ST_tW_top  ||   nEvents =  7734344
          hist weight =  0.192498613974*leptonWeight*bjetWeight*puWeight*muonTriggerWeight*EE_L1_prefire_Weight*electronTriggerWeight*genWeightSign
          hist nEntries =  93.0
          hist integral =  13.3368402123
      Dataset =  ST_tW_antitop  ||   nEvents =  7916640
          hist weight =  0.188065959801*leptonWeight*bjetWeight*puWeight*muonTriggerWeight*EE_L1_prefire_Weight*electronTriggerWeight*genWeightSign
          hist nEntries =  111.0
          hist integral =  15.0217598677
  Process =  WZ
      Dataset =  WZTo2Q2Nu  ||   nEvents =  18476383
          hist weight =  0.0154149619003*leptonWeight*bjetWeight*puWeight*muonTriggerWeight*EE_L1_prefire_Weight*electronTriggerWeight*genWeightSign
          hist nEntries =  0.0
          hist integral =  0.0
      Dataset =  WZTo3LNu  ||   nEvents =  6887413
          hist weight =  0.0304627528507*leptonWeight*bjetWeight*puWeight*muonTriggerWeight*EE_L1_prefire_Weight*electronTriggerWeight*genWeightSign
          hist nEntries =  5.0
          hist integral =  -0.039089102298
      Dataset =  WZTo1L1Nu2Q  ||   nEvents =  11347099
          hist weight =  0.0426752071168*leptonWeight*bjetWeight*puWeight*muonTriggerWeight*EE_L1_prefire_Weight*electronTriggerWeight*genWeightSign
          hist nEntries =  25.0
          hist integral =  0.38372720778
      Dataset =  WZTo1L3Nu  ||   nEvents =  2717911
          hist weight =  0.0510661533803*leptonWeight*bjetWeight*puWeight*muonTriggerWeight*EE_L1_prefire_Weight*electronTriggerWeight*genWeightSign
          hist nEntries =  15.0
          hist integral =  0.382560435683
      Dataset =  WZTo2L2Q  ||   nEvents =  16664610
          hist weight =  0.0157775327475*leptonWeight*bjetWeight*puWeight*muonTriggerWeight*EE_L1_prefire_Weight*electronTriggerWeight*genWeightSign
          hist nEntries =  1.0
          hist integral =  0.000113395071821
  Process =  WPlusJets
      Dataset =  HT600To800  ||   nEvents =  21582309
Applied WPlusJets ewk Weights correctly
          hist weight =  0.0277370707648*leptonWeight*bjetWeight*puWeight*muonTriggerWeight*EE_L1_prefire_Weight*electronTriggerWeight*genWeightSign*qcdWWeight*ewkWWeight*0.9135*(nbjets == 0 ? 0.905 : 1.)
          hist nEntries =  65.0
          hist integral =  1.29439874738
      Dataset =  HT1200To2500  ||   nEvents =  19991892
Applied WPlusJets ewk Weights correctly
          hist weight =  0.00297177921129*leptonWeight*bjetWeight*puWeight*muonTriggerWeight*EE_L1_prefire_Weight*electronTriggerWeight*genWeightSign*qcdWWTFile::Append:0: RuntimeWarning: Replacing existing TH1: hist (Potential memory leak).
TFile::Append:0: RuntimeWarning: Replacing existing TH1: hist (Potential memory leak).
TFile::Append:0: RuntimeWarning: Replacing existing TH1: hist (Potential memory leak).
TFile::Append:0: RuntimeWarning: Replacing existing TH1: hist (Potential memory leak).
TFile::Append:0: RuntimeWarning: Replacing existing TH1: hist (Potential memory leak).
eight*ewkWWeight*0.9135*(nbjets == 0 ? 0.905 : 1.)
          hist nEntries =  240.0
          hist integral =  0.555834494531
      Dataset =  HT100To200  ||   nEvents =  35804623
Applied WPlusJets ewk Weights correctly
          hist weight =  1.60674250222*leptonWeight*bjetWeight*puWeight*muonTriggerWeight*EE_L1_prefire_Weight*electronTriggerWeight*genWeightSign*qcdWWeight*ewkWWeight*0.9135*(nbjets == 0 ? 0.905 : 1.)
          hist nEntries =  0.0
          hist integral =  0.0
      Dataset =  HT2500ToInf  ||   nEvents =  20629585
Applied WPlusJets ewk Weights correctly
          hist weight =  6.76495637697e-05*leptonWeight*bjetWeight*puWeight*muonTriggerWeight*EE_L1_prefire_Weight*electronTriggerWeight*genWeightSign*qcdWWeight*ewkWWeight*0.9135*(nbjets == 0 ? 0.905 : 1.)
          hist nEntries =  448.0
          hist integral =  0.0235257041641
      Dataset =  HT400To600  ||   nEvents =  14250114
Applied WPlusJets ewk Weights correctly
          hist weight =  0.169025223209*leptonWeight*bjetWeight*puWeight*muonTriggerWeight*EE_L1_prefire_Weight*electronTriggerWeight*genWeightSign*qcdWWeight*ewkWWeight*0.9135*(nbjets == 0 ? 0.905 : 1.)
          hist nEntries =  15.0
          hist integral =  1.78398374468
      Dataset =  HT200To400  ||   nEvents =  21192211
Applied WPlusJets ewk Weights correctly
          hist weight =  0.800953103666*leptonWeight*bjetWeight*puWeight*muonTriggerWeight*EE_L1_prefire_Weight*electronTriggerWeight*genWeightSign*qcdWWeight*ewkWWeight*0.9135*(nbjets == 0 ? 0.905 : 1.)
          hist nEntries =  1.0
          hist integral =  0.911542415619
      Dataset =  HT800To1200  ||   nEvents =  20272990
Applied WPlusJets ewk Weights correctly
          hist weight =  0.0132129338573*leptonWeight*bjetWeight*puWeight*muonTriggerWeight*EE_L1_prefire_Weight*electronTriggerWeight*genWeightSign*qcdWWeight*ewkWWeight*0.9135*(nbjets == 0 ? 0.905 : 1.)
          hist nEntries =  133.0
          hist integral =  1.26950658858
-----------------------------
Total data background nEvents =  114.0
Total data background integral =  114.0
-----------------------------
Total MC background nEvents =  22194.0
Total MC background integral =  112.726985455
-----------------------------
Total tt+DM signal nEvents =  1048.0
Total tt+DM signal integral =  15.8218737245
Total t+DM signal nEvents =  235.0
Total t+DM signal integral =  3.65371701121
-----------------------------
FOM for tt+DM signal =  0.598425501877
FOM for t+DM signal =  0.256023652594
-----------------------------
Data bin content:
    bin 0: 0.0
    bin 1: 44.0
    bin 2: 30.0
    bin 3: 19.0
    bin 4: 5.0
    bin 5: 8.0
    bin 6: 8.0
-----------------------------
MC background bin content:
    bin 0: 0.0
    bin 1: 45.1267776489
    bin 2: 26.9487476349
    bin 3: 13.8582057953
    bin 4: 8.62978935242
    bin 5: 6.84660482407
    bin 6: 11.316860199
-----------------------------
tt+DM bin content:
    bin 0: 0.0
    bin 1: 4.90785646439
    bin 2: 3.3329102993
    bin 3: 2.73314142227
    bin 4: 1.55554771423
    bin 5: 0.887940704823
    bin 6: 2.40447711945
-----------------------------
t+DM bin content:
    bin 0: 0.0
    bin 1: 0.950732946396
    bin 2: 0.656878113747
    bin 3: 0.544712781906
    bin 4: 0.312974870205
    bin 5: 0.29842171073
    bin 6: 0.88999658823
-----------------------------
Data bin errors:
    bin 0: 0.0
    bin 1: 6.63324958071
    bin 2: 5.47722557505
    bin 3: 4.35889894354
    bin 4: 2.2360679775
    bin 5: 2.82842712475
    bin 6: 2.82842712475
-----------------------------
MC background bin errors:
    bin 0: 0.0
    bin 1: 3.53721590728
    bin 2: 2.63229708629
    bin 3: 1.65028762422
    bin 4: 1.4032740331
    bin 5: 1.3282541539
    bin 6: 1.45586285167
-----------------------------
tt+DM bin errors:
    bin 0: 0.0
    bin 1: 0.296196324929
    bin 2: 0.242478202765
    bin 3: 0.222043866426
    bin 4: 0.167579260057
    bin 5: 0.122895469547
    bin 6: 0.204214842883
-----------------------------
t+DM bin errors:
    bin 0: 0.0
    bin 1: 0.155429987928
    bin 2: 0.127445202124
    bin 3: 0.12235665675Info in <TCanvas::Print>: png file SL1l2bT1SR2017_METcorrected_pt_02_13_2024_splitBjetUnc.png has been created
6
    bin 4: 0.0870164894221
    bin 5: 0.088805321586
    bin 6: 0.142369132328
-----------------------------
ZTo2Nu hist info:
    nEvents =  1.0
    integral =  0.0235053170472
    bin 1 integral =  0.0235053170472
tbar scalar hist info:
    nEvents =  235.0
    integral =  3.65371701121
    bin 1 integral =  1.60761106014
TTTo2L2Nu hist info:
    nEvents =  196.0
    integral =  55.923289299
    bin 1 integral =  40.9176702499
singleTop hist info:
    nEvents =  210.0
    integral =  28.5341553688
    bin 1 integral =  14.6928157806
TTV hist info:
    nEvents =  18250.0
    integral =  8.95470273495
    bin 1 integral =  4.74445438385
bkgSum hist info:
    nEvents =  22194.0
    integral =  112.726985455
    bin 1 integral =  72.0755252838
Other hist info:
    nEvents =  2214.0
    integral =  1.88496609032
    bin 1 integral =  1.00973904133
ttbar scalar hist info:
    nEvents =  1048.0
    integral =  15.8218737245
    bin 1 integral =  8.24076676369
VV hist info:
    nEvents =  58.0
    integral =  1.13258398883
    bin 1 integral =  0.453046485782
QCD hist info:
    nEvents =  2.0
    integral =  0.0115318346507
    bin 1 integral =  0.0113971773535
ZTo2L hist info:
    nEvents =  16.0
    integral =  0.170131893319
    bin 1 integral =  0.147612463683
data hist info:
    nEvents =  114.0
    integral =  114.0
    bin 1 integral =  74.0
WPlusJets hist info:
    nEvents =  902.0
    integral =  5.83879172802
    bin 1 integral =  2.90435123444
TTToSemiLepton hist info:
    nEvents =  345.0
    integral =  10.2533260286
    bin 1 integral =  7.17093300819
Finished filling histograms
Creating stacked MC background histogram...
Finished stacking MC background histograms.
Drawing histograms...
Finished drawing histograms
Drawing ratio plot...
Plotting end time: 2024-02-13 19:13:36.595196
