plots/plot.py:973: SyntaxWarning: name 'counter' is used prior to global declaration
  global counter
Plotting start time: 2022-12-01 08:48:44.663180
Cut name =  AH0lQR
MC Selection Cuts =  (nVetoElectrons + nLooseMuons) == 0 && njets >= 3 && nbjets >= 1 && METcorrected_pt >= 250 && ntaus == 0 && minDeltaPhi12 <= 0.8 && noB2Bleadingfjet && Flag_goodVertices && Flag_globalSuperTightHalo2016Filter && Flag_HBHENoiseFilter && Flag_HBHENoiseIsoFilter && Flag_EcalDeadCellTriggerPrimitiveFilter && Flag_BadPFMuonFilter && Flag_ecalBadCalibFilterV2 && (HLT_PFMETNoMu120_PFMHTNoMu120_IDTight || HLT_PFMETNoMu120_PFMHTNoMu120_IDTight_PFHT60) && PV_npvsGood > 0 && PV_ndof > 4 && abs(PV_z) < 24 && sqrt(pow(PV_x,2)+pow(PV_y,2)) < 2 && ((METcorrected_phi <= -1.62) || (METcorrected_phi >= -0.82))
Data Selection Cuts =  (nVetoElectrons + nLooseMuons) == 0 && njets >= 3 && nbjets >= 1 && METcorrected_pt >= 250 && ntaus == 0 && minDeltaPhi12 <= 0.8 && noB2Bleadingfjet && Flag_goodVertices && Flag_globalSuperTightHalo2016Filter && Flag_HBHENoiseFilter && Flag_HBHENoiseIsoFilter && Flag_EcalDeadCellTriggerPrimitiveFilter && Flag_BadPFMuonFilter && Flag_ecalBadCalibFilterV2 && (HLT_PFMETNoMu120_PFMHTNoMu120_IDTight || HLT_PFMETNoMu120_PFMHTNoMu120_IDTight_PFHT60) && PV_npvsGood > 0 && PV_ndof > 4 && abs(PV_z) < 24 && sqrt(pow(PV_x,2)+pow(PV_y,2)) < 2 && ((METcorrected_phi <= -1.62) || (METcorrected_phi >= -0.82)) && Flag_eeBadScFilter
var =  METcorrected_pt
year =  2018
lumi =  59.74
saveDirectory =  plots/CR_2018/METcorrected_phi/
date =  11_28_2022
applying HEM fix for 2018...
Creating histograms..
Histogram options: 
    nbins =  15
    xmin =  250
    xmax =  550
    auto_y =  True
    doLogPlot =  True
    drawData =  True
    mediatorType =  scalar
    mchi =  1
    mphi =  100
    normalizePlots =  False
    useCentralSamples =  True
    doBinned =  False
    savePlots =  True
    combineEleMu =  True
    doSys =  False
    doSysFirstHalf =  False
    doSysSecondHalf =  False
    drawOverflow =  True
    drawUnderflow =  False
    plotSys =  False
    plotSysVar =  CMS_eff_e
    plotSysSignal =  False
Drawing data and ratio plot...
Selected MET dataset
Loading data sample root files and event trees...
    ----Loading /hdfs/store/user/vshang/MET_Run2018A/MET/ModuleCommonSkim_11102022/tree_all.root
    nevents in filepath = /hdfs/store/user/vshang/MET_Run2018A/MET/ModuleCommonSkim_11102022/tree_all.root: 582734
    ----Loading /hdfs/store/user/vshang/MET_Run2018B/MET/ModuleCommonSkim_11102022/tree_all.root
    nevents in filepath = /hdfs/store/user/vshang/MET_Run2018B/MET/ModuleCommonSkim_11102022/tree_all.root: 293434
    ----Loading /hdfs/store/user/vshang/MET_Run2018C/MET/ModuleCommonSkim_11102022/tree_all.root
    nevents in filepath = /hdfs/store/user/vshang/MET_Run2018C/MET/ModuleCommonSkim_11102022/tree_all.root: 444444
    ----Loading /hdfs/store/user/vshang/MET_Run2018D/MET/ModuleCommonSkim_11102022/tree_all.root
    nevents in filepath = /hdfs/store/user/vshang/MET_Run2018D/MET/ModuleCommonSkim_11102022/tree_all.root: 2311858
    total nevents in  MET :  3632470
Got data sample root files and event trees
Loading MC sample root files and event trees...
    ----Loading HT600To800
    nevents in  ZTo2Nu   HT600To800 :  5748975
    ----Loading HT1200To2500
    nevents in  ZTo2Nu   HT1200To2500 :  343198
    ----Loading HT100To200
    nevents in  ZTo2Nu   HT100To200 :  23702894
    ----Loading HT2500ToInf
    nevents in  ZTo2Nu   HT2500ToInf :  359639
    ----Loading HT800To1200
    nevents in  ZTo2Nu   HT800To1200 :  2066798
    ----Loading HT200To400
    nevents in  ZTo2Nu   HT200To400 :  23276346
    ----Loading HT400To600
    nevents in  ZTo2Nu   HT400To600 :  9511100
    ----Loading tWChan_MChi1_MPhi100_scalar
    nevents in  tbar scalar   tWChan_MChi1_MPhi100_scalar :  153000
    ----Loading tChan_MChi1_MPhi100_scalar
    nevents in  tbar scalar   tChan_MChi1_MPhi100_scalar :  307000
    ----Loading WWTo1L1Nu2Q
    nevents in  WW   WWTo1L1Nu2Q :  4683136
    ----Loading WWTo4Q
    nevents in  WW   WWTo4Q :  3790800
    ----Loading WWTo2L2Nu
    nevents in  WW   WWTo2L2Nu :  7758900
    ----Loading TTToSemiLepton
    nevents in  Info in <TCanvas::MakeDefCanvas>:  created default TCanvas with name c1
TFile::Append:0: RuntimeWarning: Replacing existing TH1: hist (Potential memory leak).
ttbarPlusJets   TTToSemiLepton :  300619998
    ----Loading TTTo2L2Nu
    nevents in  ttbarPlusJets   TTTo2L2Nu :  64310000
    ----Loading ttDM_MChi1_MPhi100_scalar
    nevents in  ttbar scalar   ttDM_MChi1_MPhi100_scalar :  1842523
    ----Loading ZZTo2Q2Nu
    nevents in  ZZ   ZZTo2Q2Nu :  57633049
    ----Loading ZZTo4L
    nevents in  ZZ   ZZTo4L :  124649500
    ----Loading ZZTo2L2Q
    nevents in  ZZ   ZZTo2L2Q :  27900469
    ----Loading ZZTo2L2Nu
    nevents in  ZZ   ZZTo2L2Nu :  56428600
    ----Loading Pt50to80
    nevents in  QCD   Pt50to80 :  25580000
    ----Loading Pt2400to3200
    nevents in  QCD   Pt2400to3200 :  2394000
    ----Loading Pt30to50
    nevents in  QCD   Pt30to50 :  18488000
    ----Loading Pt470to600
    nevents in  QCD   Pt470to600 :  42459973
    ----Loading Pt300to470
    nevents in  QCD   Pt300to470 :  41744000
    ----Loading Pt170to300
    nevents in  QCD   Pt170to300 :  29710000
    ----Loading Pt800to1000
    nevents in  QCD   Pt800to1000 :  36062000
    ----Loading Pt600to800
    nevents in  QCD   Pt600to800 :  64061000
    ----Loading Pt120to170
    nevents in  QCD   Pt120to170 :  25255000
    ----Loading Pt1000to1400
    nevents in  QCD   Pt1000to1400 :  18485000
    ----Loading Pt1400to1800
    nevents in  QCD   Pt1400to1800 :  6928000
    ----Loading Pt15to30
    nevents in  QCD   Pt15to30 :  19451000
    ----Loading Pt3200toInf
    nevents in  QCD   Pt3200toInf :  925000
    ----Loading Pt80to120
    nevents in  QCD   Pt80to120 :  29535000
    ----Loading Pt1800to2400
    nevents in  QCD   Pt1800to2400 :  4017800
    ----Loading WZTo2Q2Nu
    nevents in  WZ   WZTo2Q2Nu :  30887331
    ----Loading WZTo2L2Q
    nevents in  WZ   WZTo2L2Q :  28193648
    ----Loading WZTo3LNu
    nevents in  WZ   WZTo3LNu :  11248318
    ----Loading WZTo1L3Nu
    nevents in  WZ   WZTo1L3Nu :  1690064
    ----Loading WZTo1L1Nu2Q
    nevents in  WZ   WZTo1L1Nu2Q :  18273533
    ----Loading TTZToQQ
    nevents in  TTV   TTZToQQ :  9572000
    ----Loading TTWJetsToLNu
    nevents in  TTV   TTWJetsToLNu :  4911941
    ----Loading TTWJetsToQQ
    nevents in  TTV   TTWJetsToQQ :  835296
    ----Loading TTZToLLNuNu
    nevents in  TTV   TTZToLLNuNu :  13280000
    ----Loading HT600To800
    nevents in  ZTo2L   HT600To800 :  8862104
    ----Loading HT1200To2500
    nevents in  ZTo2L   HT1200To2500 :  536416
    ----Loading HT100To200
    nevents in  ZTo2L   HT100To200 :  11530510
    ----Loading HT2500ToInf
    nevents in  ZTo2L   HT2500ToInf :  427051
    ----Loading HT800To1200
    nevents in  ZTo2L   HT800To1200 :  3138129
    ----Loading HT200To400
    nevents in  ZTo2L   HT200To400 :  10860690
    ----Loading HT400To600
    nevents in  ZTo2L   HT400To600 :  46161988
    ----Loading ST_s-channel
    nevents in  singleTop   ST_s-channel :  19890000
    ----Loading ST_t-channel_antitop
    nevents in  singleTop   ST_t-channel_antitop :  79090800
    ----Loading ST_tW_top
    nevents in  singleTop   ST_tW_top :  9598000
    ----Loading ST_t-channel_top
    nevents in  singleTop   ST_t-channel_top :  154307600
    ----Loading ST_tW_antitop
    nevents in  singleTop   ST_tW_antitop :  7527000
    ----Loading HT200To400
    nevents in  WPlusJets   HT200To400 :  25468933
    ----Loading HT70To100
    nevents in  WPlusJets   HT70To100 :  28084244
    ----Loading HT600To800
    nevents in  WPlusJets   HT600To800 :  19771294
    ----Loading HT1200To2500
    nevents in  WPlusJets   HT1200To2500 :  7633949
    ----Loading HT100To200
    nevents in  WPlusJets   HT100To200 :  29425374
    ----Loading HT400To600
    nevents in  WPlusJets   HT400To600 :  5932701
    ----Loading HT2500ToInf
    nevents in  WPlusJets   HT2500ToInf :  3273980
    ----Loading HT800To1200
    nevents in  WPlusJets   HT800To1200 :  8402687
Got MC sample root files and event trees
Filling data histograms...
  Dataset =  MET  ||   nEvents =  3632470
    hist nEntries =  19147.0
    hist integral =  19147.0
    hist_data nEntries =  19147.0
    hist_data integral =  19147.0
    hist nEntries =  9335.0
    hist integral =  9335.0
    hist_data nTFile::Append:0: RuntimeWarning: Replacing existing TH1: hist (Potential memory leak).
TFile::Append:0: RuntimeWarning: Replacing existing TH1: hist (Potential memory leak).
TFile::Append:0: RuntimeWarning: Replacing existing TH1: hist (Potential memory leak).
TFile::Append:0: RuntimeWarning: Replacing existing TH1: hist (Potential memory leak).
TFile::Append:0: RuntimeWarning: Replacing existing TH1: hist (Potential memory leak).
TFile::Append:0: RuntimeWarning: Replacing existing TH1: hist (Potential memory leak).
TFile::Append:0: RuntimeWarning: Replacing existing TH1: hist (Potential memory leak).
TFile::Append:0: RuntimeWarning: Replacing existing TH1: hist (Potential memory leak).
TFile::Append:0: RuntimeWarning: Replacing existing TH1: hist (Potential memory leak).
TFile::Append:0: RuntimeWarning: Replacing existing TH1: hist (Potential memory leak).
TFile::Append:0: RuntimeWarning: Replacing existing TH1: hist (Potential memory leak).
TFile::Append:0: RuntimeWarning: Replacing existing TH1: hist (Potential memory leak).
TFile::Append:0: RuntimeWarning: Replacing existing TH1: hist (Potential memory leak).
TFile::Append:0: RuntimeWarning: Replacing existing TH1: hist (Potential memory leak).
TFile::Append:0: RuntimeWarning: Replacing existing TH1: hist (Potential memory leak).
Entries =  28482.0
    hist_data integral =  28482.0
    hist nEntries =  9545.0
    hist integral =  9545.0
    hist_data nEntries =  38027.0
    hist_data integral =  38027.0
    hist nEntries =  43148.0
    hist integral =  43148.0
    hist_data nEntries =  81175.0
    hist_data integral =  81175.0
Filling MC histograms...
  Process =  ZTo2Nu
      Dataset =  HT600To800  ||   nEvents =  5748975
          hist weight =  0.0416291619637*leptonWeight*bjetWeight*puWeight*muonTriggerWeight*EE_L1_prefire_Weight*electronTriggerWeight*METTriggerWeight
          hist nEntries =  23942.0
          hist integral =  1010.77993488
      Dataset =  HT1200To2500  ||   nEvents =  343198
          hist weight =  0.0732022924959*leptonWeight*bjetWeight*puWeight*muonTriggerWeight*EE_L1_prefire_Weight*electronTriggerWeight*METTriggerWeight
          hist nEntries =  4981.0
          hist integral =  369.513099194
      Dataset =  HT100To200  ||   nEvents =  23702894
          hist weight =  0.938695695133*leptonWeight*bjetWeight*puWeight*muonTriggerWeight*EE_L1_prefire_Weight*electronTriggerWeight*METTriggerWeight
          hist nEntries =  1.0
          hist integral =  0.02691831626
      Dataset =  HT2500ToInf  ||   nEvents =  359639
          hist weight =  0.00105141297023*leptonWeight*bjetWeight*puWeight*muonTriggerWeight*EE_L1_prefire_Weight*electronTriggerWeight*METTriggerWeight
          hist nEntries =  6675.0
          hist integral =  7.42628867924
      Dataset =  HT800To1200  ||   nEvents =  2066798
          hist weight =  0.0529734874913*leptonWeight*bjetWeight*puWeight*muonTriggerWeight*EE_L1_prefire_Weight*electronTriggerWeight*METTriggerWeight
          hist nEntries =  17671.0
          hist integral =  947.451464653
      Dataset =  HT200To400  ||   nEvents =  23276346
          hist weight =  0.292293804105*leptonWeight*bjetWeight*puWeight*muonTriggerWeight*EE_L1_prefire_Weight*electronTriggerWeight*METTriggerWeight
          hist nEntries =  631.0
          hist integral =  191.961420029
      Dataset =  HT400To600  ||   nEvents =  9511100
          hist weight =  0.101825134422*leptonWeight*bjetWeight*puWeight*muonTriggerWeight*EE_L1_prefire_Weight*electronTriggerWeight*METTriggerWeight
          hist nEntries =  10582.0
          hist integral =  1095.33705965
  Process =  tbar scalar
      Dataset =  tWChan_MChi1_MPhi100_scalar  ||   nEvents =  153000
          hist weight =  0.0214517359477*leptonWeight*bjetWeight*puWeight*muonTriggerWeight*EE_L1_prefire_Weight*electronTriggerWeight*METTriggerWeight
          hist nEntries =  1494.0
          hist integral =  30.3328846544
      Dataset =  tChan_MChi1_MPhi100_scalar  ||   nEvents =  307000
          hist weight =  0.0554200390879*leptonWeight*bjetWeight*puWeight*muonTriggerWeight*EE_L1_prefire_Weight*electronTriggerWeight*METTriggerWeight
          hist nEntries =  825.0
          hist integral =  43.784296155
  Process =  WW
      Dataset =  WWTo1L1Nu2Q  ||   nEvents =  4683136
          hist weight =  1.02995249337*leptonWeight*bjetWeight*puWeight*muonTriggerWeight*EE_L1_prefire_Weight*electronTriggerWeight*METTriggerWeight
          hist nEntries =  181.0
          hist integral =  208.402778506
      Dataset =  WWTo4Q  ||   nEvents =  3790800
          hist weight =  0.752186926242*leptonWeight*bjetWeight*puWeight*muonTriggerWeight*EE_L1_prefire_Weight*electronTriggerWeight*METTriggerWeight
          hist nEntries =  2.0
          hist integral =  1.52953755856
      Dataset =  WWTo2L2Nu  ||   nEvents =  7758900
          hist weight =  0.0853109590277*leptonWeight*bjetWeight*puWeight*muonTriggerWeight*EE_L1_prefire_Weight*electronTriggerWeight*METTriggerWeight
          hist nEntries =  92.0
          hist integral =  9.55150506645
  Process =  ttbarPlusJets
      Dataset =  TTToSemiLepton  ||   nEvents =  300619998
          hist weight =  0.0724045943211*leptonWeight*bjetWeight*puWeight*muonTriggerWeight*EE_L1_prefire_Weight*electronTriggerWeight*METTriggerWeight
          hist nEntries =  234762.0
          hist integral =  16231.1382675
      Dataset =TFile::Append:0: RuntimeWarning: Replacing existing TH1: hist (Potential memory leak).
TFile::Append:0: RuntimeWarning: Replacing existing TH1: hist (Potential memory leak).
TFile::Append:0: RuntimeWarning: Replacing existing TH1: hist (Potential memory leak).
TFile::Append:0: RuntimeWarning: Replacing existing TH1: hist (Potential memory leak).
TFile::Append:0: RuntimeWarning: Replacing existing TH1: hist (Potential memory leak).
TFile::Append:0: RuntimeWarning: Replacing existing TH1: hist (Potential memory leak).
TFile::Append:0: RuntimeWarning: Replacing existing TH1: hist (Potential memory leak).
TFile::Append:0: RuntimeWarning: Replacing existing TH1: hist (Potential memory leak).
TFile::Append:0: RuntimeWarning: Replacing existing TH1: hist (Potential memory leak).
TFile::Append:0: RuntimeWarning: Replacing existing TH1: hist (Potential memory leak).
TFile::Append:0: RuntimeWarning: Replacing existing TH1: hist (Potential memory leak).
TFile::Append:0: RuntimeWarning: Replacing existing TH1: hist (Potential memory leak).
TFile::Append:0: RuntimeWarning: Replacing existing TH1: hist (Potential memory leak).
TFile::Append:0: RuntimeWarning: Replacing existing TH1: hist (Potential memory leak).
  TTTo2L2Nu  ||   nEvents =  64310000
          hist weight =  0.0811055730058*leptonWeight*bjetWeight*puWeight*muonTriggerWeight*EE_L1_prefire_Weight*electronTriggerWeight*METTriggerWeight
          hist nEntries =  23274.0
          hist integral =  1804.71814537
  Process =  ttbar scalar
      Dataset =  ttDM_MChi1_MPhi100_scalar  ||   nEvents =  1842523
          hist weight =  0.0234310810774*leptonWeight*bjetWeight*puWeight*muonTriggerWeight*EE_L1_prefire_Weight*electronTriggerWeight*METTriggerWeight*GenModel__TTbarDMJets_Inclusive_scalar_LO_Mchi_1_Mphi_100_TuneCP5_13TeV_madgraph_mcatnlo_pythia8
          hist nEntries =  9981.0
          hist integral =  224.829025745
  Process =  ZZ
      Dataset =  ZZTo2Q2Nu  ||   nEvents =  57633049
          hist weight =  0.00473085086996*leptonWeight*bjetWeight*puWeight*muonTriggerWeight*EE_L1_prefire_Weight*electronTriggerWeight*METTriggerWeight
          hist nEntries =  8660.0
          hist integral =  39.7361648679
      Dataset =  ZZTo4L  ||   nEvents =  124649500
          hist weight =  0.000635024609004*leptonWeight*bjetWeight*puWeight*muonTriggerWeight*EE_L1_prefire_Weight*electronTriggerWeight*METTriggerWeight
          hist nEntries =  132.0
          hist integral =  0.111527523259
      Dataset =  ZZTo2L2Q  ||   nEvents =  27900469
          hist weight =  0.00789668159342*leptonWeight*bjetWeight*puWeight*muonTriggerWeight*EE_L1_prefire_Weight*electronTriggerWeight*METTriggerWeight
          hist nEntries =  671.0
          hist integral =  6.24010139331
      Dataset =  ZZTo2L2Nu  ||   nEvents =  56428600
          hist weight =  0.000597520689863*leptonWeight*bjetWeight*puWeight*muonTriggerWeight*EE_L1_prefire_Weight*electronTriggerWeight*METTriggerWeight
          hist nEntries =  643.0
          hist integral =  0.458271739539
  Process =  QCD
      Dataset =  Pt50to80  ||   nEvents =  25580000
          hist weight =  36619.3588741*leptonWeight*bjetWeight*puWeight*muonTriggerWeight*EE_L1_prefire_Weight*electronTriggerWeight*METTriggerWeight
          hist nEntries =  0.0
          hist integral =  0.0
      Dataset =  Pt2400to3200  ||   nEvents =  2394000
          hist weight =  0.000130809139515*leptonWeight*bjetWeight*puWeight*muonTriggerWeight*EE_L1_prefire_Weight*electronTriggerWeight*METTriggerWeight
          hist nEntries =  18192.0
          hist integral =  2.65754891746
      Dataset =  Pt30to50  ||   nEvents =  18488000
          hist weight =  344454.997836*leptonWeight*bjetWeight*puWeight*muonTriggerWeight*EE_L1_prefire_Weight*electronTriggerWeight*METTriggerWeight
          hist nEntries =  0.0
          hist integral =  0.0
      Dataset =  Pt470to600  ||   nEvents =  42459973
          hist weight =  0.777492816588*leptonWeight*bjetWeight*puWeight*muonTriggerWeight*EE_L1_prefire_Weight*electronTriggerWeight*METTriggerWeight
          hist nEntries =  16787.0
          hist integral =  12450.8068485
      Dataset =  Pt300to470  ||   nEvents =  41744000
          hist weight =  9.76871502491*leptonWeight*bjetWeight*puWeight*muonTriggerWeight*EE_L1_prefire_Weight*electronTriggerWeight*METTriggerWeight
          hist nEntries =  1839.0
          hist integral =  17269.87362
      Dataset =  Pt170to300  ||   nEvents =  29710000
          hist weight =  207.712622013*leptonWeight*bjetWeight*puWeight*muonTriggerWeight*EE_L1_prefire_Weight*electronTriggerWeight*METTriggerWeight
          hist nEntries =  19.0
          hist integral =  4163.45046997
      Dataset =  Pt800to1000  ||   nEvents =  36062000
          hist weight =  0.0436014863291*leptonWeight*bjetWeight*puWeight*muonTriggerWeight*EE_L1_prefire_Weight*electronTriggerWeight*METTriggerWeight
          hist nEntries =  75473.0
          hist integral =  3147.71846771
      Dataset =  Pt600to800  ||   nEvents =  64061000
          hist weight =  0.146037120869*leptonWeight*bjetWeight*puWeight*muonTriggerWeight*EE_L1_prefire_Weight*electronTriggerWeight*METTriggerWeight
          hist nEntries =  67601.0
          hist integral =  9410.22014046
      Dataset =  Pt120to170  ||   nEvents =  TFile::Append:0: RuntimeWarning: Replacing existing TH1: hist (Potential memory leak).
TFile::Append:0: RuntimeWarning: Replacing existing TH1: hist (Potential memory leak).
TFile::Append:0: RuntimeWarning: Replacing existing TH1: hist (Potential memory leak).
TFile::Append:0: RuntimeWarning: Replacing existing TH1: hist (Potential memory leak).
TFile::Append:0: RuntimeWarning: Replacing existing TH1: hist (Potential memory leak).
TFile::Append:0: RuntimeWarning: Replacing existing TH1: hist (Potential memory leak).
TFile::Append:0: RuntimeWarning: Replacing existing TH1: hist (Potential memory leak).
TFile::Append:0: RuntimeWarning: Replacing existing TH1: hist (Potential memory leak).
TFile::Append:0: RuntimeWarning: Replacing existing TH1: hist (Potential memory leak).
TFile::Append:0: RuntimeWarning: Replacing existing TH1: hist (Potential memory leak).
TFile::Append:0: RuntimeWarning: Replacing existing TH1: hist (Potential memory leak).
TFile::Append:0: RuntimeWarning: Replacing existing TH1: hist (Potential memory leak).
TFile::Append:0: RuntimeWarning: Replacing existing TH1: hist (Potential memory leak).
TFile::Append:0: RuntimeWarning: Replacing existing TH1: hist (Potential memory leak).
TFile::Append:0: RuntimeWarning: Replacing existing TH1: hist (Potential memory leak).
25255000
          hist weight =  962.27408434*leptonWeight*bjetWeight*puWeight*muonTriggerWeight*EE_L1_prefire_Weight*electronTriggerWeight*METTriggerWeight
          hist nEntries =  0.0
          hist integral =  0.0
      Dataset =  Pt1000to1400  ||   nEvents =  18485000
          hist weight =  0.024238571815*leptonWeight*bjetWeight*puWeight*muonTriggerWeight*EE_L1_prefire_Weight*electronTriggerWeight*METTriggerWeight
          hist nEntries =  55462.0
          hist integral =  1320.40876007
      Dataset =  Pt1400to1800  ||   nEvents =  6928000
          hist weight =  0.00558682823326*leptonWeight*bjetWeight*puWeight*muonTriggerWeight*EE_L1_prefire_Weight*electronTriggerWeight*METTriggerWeight
          hist nEntries =  25891.0
          hist integral =  155.583357096
      Dataset =  Pt15to30  ||   nEvents =  19451000
          hist weight =  3832991.61997*leptonWeight*bjetWeight*puWeight*muonTriggerWeight*EE_L1_prefire_Weight*electronTriggerWeight*METTriggerWeight
          hist nEntries =  0.0
          hist integral =  0.0
      Dataset =  Pt3200toInf  ||   nEvents =  925000
          hist weight =  8.71235243243e-06*leptonWeight*bjetWeight*puWeight*muonTriggerWeight*EE_L1_prefire_Weight*electronTriggerWeight*METTriggerWeight
          hist nEntries =  9943.0
          hist integral =  0.0963843829231
      Dataset =  Pt80to120  ||   nEvents =  29535000
          hist weight =  4724.99204334*leptonWeight*bjetWeight*puWeight*muonTriggerWeight*EE_L1_prefire_Weight*electronTriggerWeight*METTriggerWeight
          hist nEntries =  0.0
          hist integral =  0.0
      Dataset =  Pt1800to2400  ||   nEvents =  4017800
          hist weight =  0.00129581885609*leptonWeight*bjetWeight*puWeight*muonTriggerWeight*EE_L1_prefire_Weight*electronTriggerWeight*METTriggerWeight
          hist nEntries =  20699.0
          hist integral =  29.9524145126
  Process =  WZ
      Dataset =  WZTo2Q2Nu  ||   nEvents =  30887331
          hist weight =  0.0132642383377*leptonWeight*bjetWeight*puWeight*muonTriggerWeight*EE_L1_prefire_Weight*electronTriggerWeight*METTriggerWeight
          hist nEntries =  7226.0
          hist integral =  96.1952962279
      Dataset =  WZTo2L2Q  ||   nEvents =  28193648
          hist weight =  0.0134148635182*leptonWeight*bjetWeight*puWeight*muonTriggerWeight*EE_L1_prefire_Weight*electronTriggerWeight*METTriggerWeight
          hist nEntries =  881.0
          hist integral =  14.5590618849
      Dataset =  WZTo3LNu  ||   nEvents =  11248318
          hist weight =  0.0268312542373*leptonWeight*bjetWeight*puWeight*muonTriggerWeight*EE_L1_prefire_Weight*electronTriggerWeight*METTriggerWeight
          hist nEntries =  140.0
          hist integral =  4.77620335296
      Dataset =  WZTo1L3Nu  ||   nEvents =  1690064
          hist weight =  0.11813226008*leptonWeight*bjetWeight*puWeight*muonTriggerWeight*EE_L1_prefire_Weight*electronTriggerWeight*METTriggerWeight
          hist nEntries =  89.0
          hist integral =  11.6869786158
      Dataset =  WZTo1L1Nu2Q  ||   nEvents =  18273533
          hist weight =  0.0381189778682*leptonWeight*bjetWeight*puWeight*muonTriggerWeight*EE_L1_prefire_Weight*electronTriggerWeight*METTriggerWeight
          hist nEntries =  2793.0
          hist integral =  109.901146412
  Process =  TTV
      Dataset =  TTZToQQ  ||   nEvents =  9572000
          hist weight =  0.00318546761387*leptonWeight*bjetWeight*puWeight*muonTriggerWeight*EE_L1_prefire_Weight*electronTriggerWeight*METTriggerWeight
          hist nEntries =  18593.0
          hist integral =  57.5355822146
      Dataset =  TTWJetsToLNu  ||   nEvents =  4911941
          hist weight =  0.00261365639367*leptonWeight*bjetWeight*puWeight*muonTriggerWeight*EE_L1_prefire_Weight*electronTriggerWeight*METTriggerWeight
          hist nEntries =  11175.0
          hist integral =  28.6007171124
      Dataset =  TTWJetsToQQ  ||   nEvents =  835296
          hist weight =  0.0308678408612*leptonWeight*bjetWeight*puWeight*muonTriggerWeight*EE_L1_prefire_Weight*electronTriggerWeight*METTriggerWeight
          hist nEnTFile::Append:0: RuntimeWarning: Replacing existing TH1: hist (Potential memory leak).
TFile::Append:0: RuntimeWarning: Replacing existing TH1: hist (Potential memory leak).
TFile::Append:0: RuntimeWarning: Replacing existing TH1: hist (Potential memory leak).
TFile::Append:0: RuntimeWarning: Replacing existing TH1: hist (Potential memory leak).
TFile::Append:0: RuntimeWarning: Replacing existing TH1: hist (Potential memory leak).
TFile::Append:0: RuntimeWarning: Replacing existing TH1: hist (Potential memory leak).
TFile::Append:0: RuntimeWarning: Replacing existing TH1: hist (Potential memory leak).
TFile::Append:0: RuntimeWarning: Replacing existing TH1: hist (Potential memory leak).
TFile::Append:0: RuntimeWarning: Replacing existing TH1: hist (Potential memory leak).
TFile::Append:0: RuntimeWarning: Replacing existing TH1: hist (Potential memory leak).
TFile::Append:0: RuntimeWarning: Replacing existing TH1: hist (Potential memory leak).
TFile::Append:0: RuntimeWarning: Replacing existing TH1: hist (Potential memory leak).
TFile::Append:0: RuntimeWarning: Replacing existing TH1: hist (Potential memory leak).
tries =  2293.0
          hist integral =  69.2810690999
      Dataset =  TTZToLLNuNu  ||   nEvents =  13280000
          hist weight =  0.00109403373494*leptonWeight*bjetWeight*puWeight*muonTriggerWeight*EE_L1_prefire_Weight*electronTriggerWeight*METTriggerWeight
          hist nEntries =  58643.0
          hist integral =  61.9973351955
  Process =  ZTo2L
      Dataset =  HT600To800  ||   nEvents =  8862104
Applied ZTo2L qcd/ewk Weights correctly
          hist weight =  0.0117496725383*leptonWeight*bjetWeight*puWeight*muonTriggerWeight*EE_L1_prefire_Weight*electronTriggerWeight*METTriggerWeight*qcdZTo2LWeight*ewkZWeight
          hist nEntries =  9521.0
          hist integral =  111.852487326
      Dataset =  HT1200To2500  ||   nEvents =  536416
Applied ZTo2L qcd/ewk Weights correctly
          hist weight =  0.0215275867983*leptonWeight*bjetWeight*puWeight*muonTriggerWeight*EE_L1_prefire_Weight*electronTriggerWeight*METTriggerWeight*qcdZTo2LWeight*ewkZWeight
          hist nEntries =  1664.0
          hist integral =  30.7446182668
      Dataset =  HT100To200  ||   nEvents =  11530510
Applied ZTo2L qcd/ewk Weights correctly
          hist weight =  0.834665075526*leptonWeight*bjetWeight*puWeight*muonTriggerWeight*EE_L1_prefire_Weight*electronTriggerWeight*METTriggerWeight*qcdZTo2LWeight*ewkZWeight
          hist nEntries =  0.0
          hist integral =  0.0
      Dataset =  HT2500ToInf  ||   nEvents =  427051
Applied ZTo2L qcd/ewk Weights correctly
          hist weight =  0.00048513718502*leptonWeight*bjetWeight*puWeight*muonTriggerWeight*EE_L1_prefire_Weight*electronTriggerWeight*METTriggerWeight*qcdZTo2LWeight*ewkZWeight
          hist nEntries =  1641.0
          hist integral =  0.828748300672
      Dataset =  HT800To1200  ||   nEvents =  3138129
Applied ZTo2L qcd/ewk Weights correctly
          hist weight =  0.0153284482569*leptonWeight*bjetWeight*puWeight*muonTriggerWeight*EE_L1_prefire_Weight*electronTriggerWeight*METTriggerWeight*qcdZTo2LWeight*ewkZWeight
          hist nEntries =  7188.0
          hist integral =  95.3053110838
      Dataset =  HT200To400  ||   nEvents =  10860690
Applied ZTo2L qcd/ewk Weights correctly
          hist weight =  0.267657800747*leptonWeight*bjetWeight*puWeight*muonTriggerWeight*EE_L1_prefire_Weight*electronTriggerWeight*METTriggerWeight*qcdZTo2LWeight*ewkZWeight
          hist nEntries =  51.0
          hist integral =  19.5128310025
      Dataset =  HT400To600  ||   nEvents =  46161988
Applied ZTo2L qcd/ewk Weights correctly
          hist weight =  0.00901755617631*leptonWeight*bjetWeight*puWeight*muonTriggerWeight*EE_L1_prefire_Weight*electronTriggerWeight*METTriggerWeight*qcdZTo2LWeight*ewkZWeight
          hist nEntries =  9391.0
          hist integral =  99.0590551496
  Process =  singleTop
      Dataset =  ST_s-channel  ||   nEvents =  19890000
          hist weight =  0.0112331623932*leptonWeight*bjetWeight*puWeight*muonTriggerWeight*EE_L1_prefire_Weight*electronTriggerWeight*METTriggerWeight
          hist nEntries =  8900.0
          hist integral =  95.9540538788
      Dataset =  ST_t-channel_antitop  ||   nEvents =  79090800
          hist weight =  0.0512947574181*leptonWeight*bjetWeight*puWeight*muonTriggerWeight*EE_L1_prefire_Weight*electronTriggerWeight*METTriggerWeight
          hist nEntries =  4081.0
          hist integral =  200.83806932
      Dataset =  ST_tW_top  ||   nEvents =  9598000
          hist weight =  0.217287289019*leptonWeight*bjetWeight*puWeight*muonTriggerWeight*EE_L1_prefire_Weight*electronTriggerWeight*METTriggerWeight
          hist nEntries =  2795.0
          hist integral =  587.077471256
      Dataset =  ST_t-channel_top  ||   nEvents =  154307600
          hist weight =  0.043863957446*leptonWeight*bjetWeight*puWeight*muonTriggerWeight*EE_L1_prefire_Weight*electronTriggerWeight*METTriggerWeight
          hist nEntries =  12627.0
          hist integral =  531.590249062
      Dataset =  ST_tW_antitop  ||   nEvents =  7527000
          hist weight =  0.277548531952*leptonWeight*bjetWeight*puWeight*muonTriggerWeight*EE_L1_prefire_TFile::Append:0: RuntimeWarning: Replacing existing TH1: hist (Potential memory leak).
TFile::Append:0: RuntimeWarning: Replacing existing TH1: hist (Potential memory leak).
TFile::Append:0: RuntimeWarning: Replacing existing TH1: hist (Potential memory leak).
TFile::Append:0: RuntimeWarning: Replacing existing TH1: hist (Potential memory leak).
TFile::Append:0: RuntimeWarning: Replacing existing TH1: hist (Potential memory leak).
TFile::Append:0: RuntimeWarning: Replacing existing TH1: hist (Potential memory leak).
TFile::Append:0: RuntimeWarning: Replacing existing TH1: hist (Potential memory leak).
TFile::Append:0: RuntimeWarning: Replacing existing TH1: hist (Potential memory leak).
Weight*electronTriggerWeight*METTriggerWeight
          hist nEntries =  2371.0
          hist integral =  636.901699066
  Process =  WPlusJets
      Dataset =  HT200To400  ||   nEvents =  25468933
Applied WPlusJets qcd/ewk Weights correctly
          hist weight =  0.956771373186*leptonWeight*bjetWeight*puWeight*muonTriggerWeight*EE_L1_prefire_Weight*electronTriggerWeight*METTriggerWeight*qcdWWeight*ewkWWeight
          hist nEntries =  393.0
          hist integral =  478.080166221
      Dataset =  HT70To100  ||   nEvents =  28084244
Applied WPlusJets qcd/ewk Weights correctly
          hist weight =  2.74830541994*leptonWeight*bjetWeight*puWeight*muonTriggerWeight*EE_L1_prefire_Weight*electronTriggerWeight*METTriggerWeight*qcdWWeight*ewkWWeight
          hist nEntries =  1.0
          hist integral =  5.41263771057
      Dataset =  HT600To800  ||   nEvents =  19771294
Applied WPlusJets qcd/ewk Weights correctly
          hist weight =  0.0388873788433*leptonWeight*bjetWeight*puWeight*muonTriggerWeight*EE_L1_prefire_Weight*electronTriggerWeight*METTriggerWeight*qcdWWeight*ewkWWeight
          hist nEntries =  26779.0
          hist integral =  1083.12439251
      Dataset =  HT1200To2500  ||   nEvents =  7633949
Applied WPlusJets qcd/ewk Weights correctly
          hist weight =  0.00840466185981*leptonWeight*bjetWeight*puWeight*muonTriggerWeight*EE_L1_prefire_Weight*electronTriggerWeight*METTriggerWeight*qcdWWeight*ewkWWeight
          hist nEntries =  39870.0
          hist integral =  329.876413345
      Dataset =  HT100To200  ||   nEvents =  29425374
Applied WPlusJets qcd/ewk Weights correctly
          hist weight =  2.83215771531*leptonWeight*bjetWeight*puWeight*muonTriggerWeight*EE_L1_prefire_Weight*electronTriggerWeight*METTriggerWeight*qcdWWeight*ewkWWeight
          hist nEntries =  0.0
          hist integral =  0.0
      Dataset =  HT400To600  ||   nEvents =  5932701
Applied WPlusJets qcd/ewk Weights correctly
          hist weight =  0.578801325063*leptonWeight*bjetWeight*puWeight*muonTriggerWeight*EE_L1_prefire_Weight*electronTriggerWeight*METTriggerWeight*qcdWWeight*ewkWWeight
          hist nEntries =  2457.0
          hist integral =  1609.16935349
      Dataset =  HT2500ToInf  ||   nEvents =  3273980
Applied WPlusJets qcd/ewk Weights correctly
          hist weight =  0.000145993481939*leptonWeight*bjetWeight*puWeight*muonTriggerWeight*EE_L1_prefire_Weight*electronTriggerWeight*METTriggerWeight*qcdWWeight*ewkWWeight
          hist nEntries =  26704.0
          hist integral =  4.03413390368
      Dataset =  HT800To1200  ||   nEvents =  8402687
Applied WPlusJets qcd/ewk Weights correctly
          hist weight =  0.0381502774053*leptonWeight*bjetWeight*puWeight*muonTriggerWeight*EE_L1_prefire_Weight*electronTriggerWeight*METTriggerWeight*qcdWWeight*ewkWWeight
          hist nEntries =  22457.0
          hist integral =  852.28681469
-----------------------------
Total data background nEvents =  81175.0
Total data background integral =  81175.0
-----------------------------
Total MC background nEvents =  905530.0
Total MC background integral =  77101.3341675
-----------------------------
Total tt+DM signal nEvents =  9981.0
Total tt+DM signal integral =  224.829025745
Total t+DM signal nEvents =  2319.0
Total t+DM signal integral =  74.1171809435
-----------------------------
FOM for tt+DM signal =  0.447420683454
FOM for t+DM signal =  0.210686794154
-----------------------------
Data bin content:
    bin 0: 0.0
    bin 1: 26673.0
    bin 2: 17337.0
    bin 3: 11028.0
    bin 4: 7433.0
    bin 5: 5034.0
    bin 6: 3676.0
    bin 7: 2470.0
    bin 8: 1841.0
    bin 9: 1279.0
    bin 10: 1007.0
    bin 11: 748.0
    bin 12: 574.0
    bin 13: 415.0
    bin 14: 346.0
    bin 15: 277.0
    bin 16: 1037.0
-----------------------------
MC background bin content:
    bin 0: 0.0
    bin 1: 24553.25
    bin 2: 16301.9462891
    bin 3: 10890.4306641
    bin 4: 7201.54736328
    bin 5: 4802.81738281
    bin 6: 3520.96386719
    bin 7: 2462.55932617
    bin 8: 1688.47973633
    bin 9: 1273.15429688
    bin 10: 951.743225098
    bin 11: 764.227172852
    bin 12: 553.007019043
    bin 13: 441.718780518
    bin 14: 335.528961182
    bin 15: 256.634155273
    bin 16: 1103.32592773
-----------------------------
tt+DM bin content:
    bin 0: 0.0
    bin 1: 50.0129737854
    bin 2: 37.5400314331
    bin 3: 27.7577171326
    bin 4: 21.7605304718
    bin 5: 17.1330223083
    bin 6: 14.2747755051
    bin 7: 10.7686672211
    bin 8: 8.58939266205
    bin 9: 6.80644750595
    bin 10: 5.77591896057
    bin 11: 4.21866941452
    bin 12: 2.96977448463
    bin 13: 2.56938004494
    bin 14: 2.66617393494
    bin 15: 2.20430278778
    bin 16: 9.78124809265
-----------------------------
t+DM bin content:
    bin 0: 0.0
    bin 1: 14.6607913971
    bin 2: 10.5220537186
    bin 3: 7.78164196014
    bin 4: 6.74276733398
    bin 5: 5.26368093491
    bin 6: 5.20317554474
    bin 7: 3.89571666718
    bin 8: 3.36854839325
    bin 9: 2.89761829376
    bin 10: 2.54138612747
    bin 11: 1.90550255775
    bin 12: 1.58123338223
    bin 13: 1.32643175125
    bin 14: 0.941780626774
    bin 15: 0.742374837399
    bin 16: 4.74247741699
-----------------------------
Data bin errors:
    bin 0: 0.0
    bin 1: 163.318706828
    bin 2: 131.670042151
    bin 3: 105.014284743
    bin 4: 86.2148479092
    bin 5: 70.9506871003
    bin 6: 60.6300255649
    bin 7: 49.6990945592
    bin 8: 42.9068759058
    bin 9: 35.7631094845
    bin 10: 31.7332633052
    bin 11: 27.3495886624
    bin 12: 23.9582971014
    bin 13: 20.3715487875
    bin 14: 18.6010752377
    bin 15: 16.6433169771
    bin 16: 32.2024843762
-----------------------------
MC background bin errors:
    bin 0: 0.0
    bin 1: 735.05512456
    bin 2: 583.915173995
    bin 3: 519.64030642
    bin 4: 294.599671698
    bin 5: 98.4459930371
    bin 6: 103.875437195
    bin 7: 60.3495141618
    bin 8: 31.7102850767
    bin 9: 25.0335673651
    bin 10: 23.9365315919
    bin 11: 22.1314205246
    bin 12: 8.90826504573
    bin 13: 17.5486034762
    bin 14: 6.33183626042
    bin 15: 5.43498616304
    bin 16: 11.5424473993
-----------------------------
tt+DM bin errors:
    bin 0: 0.0
    bin 1: 1.13646360348
    bin 2: 0.984781959563
    bin 3: 0.836870195798
    bin 4: 0.751706736237
    bin 5: 0.675410156411
    bin 6: 0.631022113193
    bin 7: 0.567677517156
    bin 8: 0.472639646386
    bin 9: 0.415356656958
    bin 10: 0.390812039196
    bin 11: 0.323119674076
    bin 12: 0.271988439391
    bin 13: 0.253938583976
    bin 14: 0.270412247612
    bin 15: 0.242507466213
    bin 16: 0.534106601677
-----------------------------
t+DM bin errors:
    bin 0: 0.0
    bin 1: 0.837750325217
    bin 2: 0.700288191739
    bin 3: 0.590760362166
    bin 4: 0.558710989474
    bin 5: 0.478470321533
    bin 6: 0.483204253945
    bin 7: 0.405225793264
    bin 8: 0.407608755117
    bin 9: 0.340503272506
    bin 10: 0.352135853245
    bin 11: 0.31740466198
    bin 12: 0.265608354933
    bin 13: 0.242209180756
    bin 14: 0.200218796094
    bin 15: 0.182068818757
    bin 16: 0.426132443473
-----------------------------
ZTo2Nu hist info:
    nEvents =  64483.0
    integral =  3622.49617767
tbar scalar hist info:
    nEvents =  2319.0
    integral =  74.1171809435
TTTo2L2Nu hist info:
    nEvents =  23274.0
    integral =  1804.71814537
singleTop hist info:
    nEvents =  30774.0
    integral =  2052.36156082
TTV hist info:
    nEvents =  90704.0
    integral =  217.4147017
bkgSum hist info:
    nEvents =  905530.0
    integral =  77101.3341675
ttbar scalar hist info:
    nEvents =  9981.0
    integral =  224.829025745
VV hist info:
    nEvents =  21510.0
    integral =  503.148571253
QCD hist info:
    nEvents =  291906.0
    integral =  47950.769043
ZTo2L hist info:
    nEvents =  29456.0
    integral =  357.303058147
data hist info:
    nEvents =  81175.0
    integral =  81175.0
WPlusJets hist info:
    nEvents =  118661.0
    integral =  4361.9839077
TTToSemiLepton hist info:
    nEvents =  234762.0
    integral =  16231.1382675
Finished filling histograms
Creating stacked MC background histogram...
Finished stacking MC background histograms.Info in <TCanvas::Print>: png file AH0lQR2018_METcorrected_pt_11_28_2022_withHEMfix_flatZTo2NuKfactor.png has been created

Drawing histograms...
Finished drawing histograms
Drawing ratio plot...
Plotting end time: 2022-12-01 08:57:38.408298
